<?xml version="1.0" encoding="UTF-8"?>
<testsuite name="co.com.konex.certification.login.backoffice.runners.RunnerTags" tests="1" skipped="0" failures="1" errors="0" timestamp="2023-04-13T20:22:20" hostname="DESKTOP-SECB7O7" time="45.135">
  <properties/>
  <testcase name="Validar la creacion correcta de un sorteo" classname="co.com.konex.certification.login.backoffice.runners.RunnerTags" time="45.135">
    <failure message="net.thucydides.core.webdriver.exceptions.ElementShouldBePresentException: Expected condition failed: waiting for By.xpath: (//div[@class='ui-chkbox-box ui-widget ui-corner-all ui-state-default'])[1] to be present (tried for 5 second(s) with 100 milliseconds interval)&#10;Build info: version: '4.1.2', revision: '9a5a329c5a'&#10;System info: host: 'DESKTOP-SECB7O7', ip: '192.168.137.1', os.name: 'Windows 10', os.arch: 'amd64', os.version: '10.0', java.version: '1.8.0_202'&#10;Driver info: driver.version: unknown" type="net.thucydides.core.webdriver.exceptions.ElementShouldBePresentException">net.thucydides.core.webdriver.exceptions.ElementShouldBePresentException: Expected condition failed: waiting for By.xpath: (//div[@class='ui-chkbox-box ui-widget ui-corner-all ui-state-default'])[1] to be present (tried for 5 second(s) with 100 milliseconds interval)
Build info: version: '4.1.2', revision: '9a5a329c5a'
System info: host: 'DESKTOP-SECB7O7', ip: '192.168.137.1', os.name: 'Windows 10', os.arch: 'amd64', os.version: '10.0', java.version: '1.8.0_202'
Driver info: driver.version: unknown
	at net.serenitybdd.core.pages.WebElementFacadeImpl.throwShouldBePresentErrorWithCauseIfPresent(WebElementFacadeImpl.java:1019)
	at net.serenitybdd.core.pages.WebElementFacadeImpl.waitUntilPresent(WebElementFacadeImpl.java:992)
	at net.serenitybdd.core.pages.WebElementFacadeImpl.waitUntilElementPresent(WebElementFacadeImpl.java:895)
	at net.serenitybdd.core.pages.WebElementFacadeImpl.click(WebElementFacadeImpl.java:1185)
	at net.serenitybdd.screenplay.actions.ClickOnTarget.performAs(ClickOnTarget.java:13)
	at net.serenitybdd.screenplay.actions.ClickOnTarget$ByteBuddy$qCC4qWW9.performAs$accessor$4vARtqRc(Unknown Source)
	at sun.reflect.GeneratedMethodAccessor23.invoke(Unknown Source)
	at sun.reflect.DelegatingMethodAccessorImpl.invoke(DelegatingMethodAccessorImpl.java:43)
	at java.lang.reflect.Method.invoke(Method.java:498)
	at net.thucydides.core.steps.StepInterceptor.invokeMethod(StepInterceptor.java:503)
	at net.thucydides.core.steps.StepInterceptor.executeTestStepMethod(StepInterceptor.java:483)
	at net.thucydides.core.steps.StepInterceptor.runTestStep(StepInterceptor.java:457)
	at net.thucydides.core.steps.StepInterceptor.runOrSkipMethod(StepInterceptor.java:209)
	at net.thucydides.core.steps.StepInterceptor.testStepResult(StepInterceptor.java:196)
	at net.thucydides.core.steps.StepInterceptor.intercept(StepInterceptor.java:84)
	at net.thucydides.core.steps.ProxyConfiguration$InterceptorDispatcher.intercept(ProxyConfiguration.java:51)
	at net.serenitybdd.screenplay.actions.ClickOnTarget$ByteBuddy$qCC4qWW9.performAs(Unknown Source)
	at net.serenitybdd.screenplay.Actor.performTask(Actor.java:276)
	at net.serenitybdd.screenplay.Actor.perform(Actor.java:256)
	at net.serenitybdd.screenplay.Actor.attemptsTo(Actor.java:197)
	at net.serenitybdd.screenplay.Actor.attemptsTo(Actor.java:204)
	at co.com.konex.cetificacion.login.backoffice.tasks.Crear.performAs(Crear.java:26)
	at co.com.konex.cetificacion.login.backoffice.tasks.Crear$ByteBuddy$tnA629fX.performAs$accessor$y6z8B08Z(Unknown Source)
	at sun.reflect.NativeMethodAccessorImpl.invoke0(Native Method)
	at sun.reflect.NativeMethodAccessorImpl.invoke(NativeMethodAccessorImpl.java:62)
	at sun.reflect.DelegatingMethodAccessorImpl.invoke(DelegatingMethodAccessorImpl.java:43)
	at java.lang.reflect.Method.invoke(Method.java:498)
	at net.thucydides.core.steps.StepInterceptor.invokeMethod(StepInterceptor.java:503)
	at net.thucydides.core.steps.StepInterceptor.executeTestStepMethod(StepInterceptor.java:483)
	at net.thucydides.core.steps.StepInterceptor.runTestStep(StepInterceptor.java:457)
	at net.thucydides.core.steps.StepInterceptor.runOrSkipMethod(StepInterceptor.java:209)
	at net.thucydides.core.steps.StepInterceptor.testStepResult(StepInterceptor.java:196)
	at net.thucydides.core.steps.StepInterceptor.intercept(StepInterceptor.java:84)
	at net.thucydides.core.steps.ProxyConfiguration$InterceptorDispatcher.intercept(ProxyConfiguration.java:51)
	at co.com.konex.cetificacion.login.backoffice.tasks.Crear$ByteBuddy$tnA629fX.performAs(Unknown Source)
	at net.serenitybdd.screenplay.Actor.performTask(Actor.java:276)
	at net.serenitybdd.screenplay.Actor.perform(Actor.java:256)
	at net.serenitybdd.screenplay.Actor.attemptsTo(Actor.java:197)
	at net.serenitybdd.screenplay.Actor.attemptsTo(Actor.java:204)
	at co.com.konex.certification.login.backoffice.stepdefinitions.AdminSorteoStepdefinitions.creeUnSorteo(AdminSorteoStepdefinitions.java:47)
	at âœ½.cree un sorteo(file:///C:/Users/johan/OneDrive/Documentos/KONEX/Pruebas%20automatizadas/automatizacion_login_backoffice_1v/src/test/resources/features/admin_sorteo.feature:16)
Caused by: org.openqa.selenium.TimeoutException: Expected condition failed: waiting for By.xpath: (//div[@class='ui-chkbox-box ui-widget ui-corner-all ui-state-default'])[1] to be present (tried for 5 second(s) with 100 milliseconds interval)
Build info: version: '4.1.2', revision: '9a5a329c5a'
System info: host: 'DESKTOP-SECB7O7', ip: '192.168.137.1', os.name: 'Windows 10', os.arch: 'amd64', os.version: '10.0', java.version: '1.8.0_202'
Driver info: driver.version: unknown
	at org.openqa.selenium.support.ui.FluentWait.timeoutException(FluentWait.java:263)
	at org.openqa.selenium.support.ui.FluentWait.until(FluentWait.java:231)
	at net.serenitybdd.core.pages.WebElementFacadeImpl.waitUntilPresent(WebElementFacadeImpl.java:989)
	at net.serenitybdd.core.pages.WebElementFacadeImpl.waitUntilElementPresent(WebElementFacadeImpl.java:895)
	at net.serenitybdd.core.pages.WebElementFacadeImpl.click(WebElementFacadeImpl.java:1185)
	at net.serenitybdd.screenplay.actions.ClickOnTarget.performAs(ClickOnTarget.java:13)
	at net.serenitybdd.screenplay.actions.ClickOnTarget$ByteBuddy$qCC4qWW9.performAs$accessor$4vARtqRc(Unknown Source)
	at sun.reflect.GeneratedMethodAccessor23.invoke(Unknown Source)
	at sun.reflect.DelegatingMethodAccessorImpl.invoke(DelegatingMethodAccessorImpl.java:43)
	at java.lang.reflect.Method.invoke(Method.java:498)
	at net.thucydides.core.steps.StepInterceptor.invokeMethod(StepInterceptor.java:503)
	at net.thucydides.core.steps.StepInterceptor.executeTestStepMethod(StepInterceptor.java:483)
	at net.thucydides.core.steps.StepInterceptor.runTestStep(StepInterceptor.java:457)
	at net.thucydides.core.steps.StepInterceptor.runOrSkipMethod(StepInterceptor.java:209)
	at net.thucydides.core.steps.StepInterceptor.testStepResult(StepInterceptor.java:196)
	at net.thucydides.core.steps.StepInterceptor.intercept(StepInterceptor.java:84)
	at net.thucydides.core.steps.ProxyConfiguration$InterceptorDispatcher.intercept(ProxyConfiguration.java:51)
	at net.serenitybdd.screenplay.actions.ClickOnTarget$ByteBuddy$qCC4qWW9.performAs(Unknown Source)
	at net.serenitybdd.screenplay.Actor.performTask(Actor.java:276)
	at net.serenitybdd.screenplay.Actor.perform(Actor.java:256)
	at net.serenitybdd.screenplay.Actor.attemptsTo(Actor.java:197)
	at net.serenitybdd.screenplay.Actor.attemptsTo(Actor.java:204)
	at co.com.konex.cetificacion.login.backoffice.tasks.Crear.performAs(Crear.java:26)
	at co.com.konex.cetificacion.login.backoffice.tasks.Crear$ByteBuddy$tnA629fX.performAs$accessor$y6z8B08Z(Unknown Source)
	at sun.reflect.NativeMethodAccessorImpl.invoke0(Native Method)
	at sun.reflect.NativeMethodAccessorImpl.invoke(NativeMethodAccessorImpl.java:62)
	at sun.reflect.DelegatingMethodAccessorImpl.invoke(DelegatingMethodAccessorImpl.java:43)
	at java.lang.reflect.Method.invoke(Method.java:498)
	at net.thucydides.core.steps.StepInterceptor.invokeMethod(StepInterceptor.java:503)
	at net.thucydides.core.steps.StepInterceptor.executeTestStepMethod(StepInterceptor.java:483)
	at net.thucydides.core.steps.StepInterceptor.runTestStep(StepInterceptor.java:457)
	at net.thucydides.core.steps.StepInterceptor.runOrSkipMethod(StepInterceptor.java:209)
	at net.thucydides.core.steps.StepInterceptor.testStepResult(StepInterceptor.java:196)
	at net.thucydides.core.steps.StepInterceptor.intercept(StepInterceptor.java:84)
	at net.thucydides.core.steps.ProxyConfiguration$InterceptorDispatcher.intercept(ProxyConfiguration.java:51)
	at co.com.konex.cetificacion.login.backoffice.tasks.Crear$ByteBuddy$tnA629fX.performAs(Unknown Source)
	at net.serenitybdd.screenplay.Actor.performTask(Actor.java:276)
	at net.serenitybdd.screenplay.Actor.perform(Actor.java:256)
	at net.serenitybdd.screenplay.Actor.attemptsTo(Actor.java:197)
	at net.serenitybdd.screenplay.Actor.attemptsTo(Actor.java:204)
	at co.com.konex.certification.login.backoffice.stepdefinitions.AdminSorteoStepdefinitions.creeUnSorteo(AdminSorteoStepdefinitions.java:47)
	at sun.reflect.NativeMethodAccessorImpl.invoke0(Native Method)
	at sun.reflect.NativeMethodAccessorImpl.invoke(NativeMethodAccessorImpl.java:62)
	at sun.reflect.DelegatingMethodAccessorImpl.invoke(DelegatingMethodAccessorImpl.java:43)
	at java.lang.reflect.Method.invoke(Method.java:498)
	at io.cucumber.java.Invoker.doInvoke(Invoker.java:66)
	at io.cucumber.java.Invoker.invoke(Invoker.java:24)
	at io.cucumber.java.AbstractGlueDefinition.invokeMethod(AbstractGlueDefinition.java:47)
	at io.cucumber.java.JavaStepDefinition.execute(JavaStepDefinition.java:29)
	at io.cucumber.core.runner.CoreStepDefinition.execute(CoreStepDefinition.java:66)
	at io.cucumber.core.runner.PickleStepDefinitionMatch.runStep(PickleStepDefinitionMatch.java:63)
	at io.cucumber.core.runner.ExecutionMode$1.execute(ExecutionMode.java:10)
	at io.cucumber.core.runner.TestStep.executeStep(TestStep.java:86)
	at io.cucumber.core.runner.TestStep.run(TestStep.java:57)
	at io.cucumber.core.runner.PickleStepTestStep.run(PickleStepTestStep.java:51)
	at io.cucumber.core.runner.TestCase.run(TestCase.java:95)
	at io.cucumber.core.runner.Runner.runPickle(Runner.java:75)
	at io.cucumber.junit.PickleRunners$NoStepDescriptions.lambda$run$0(PickleRunners.java:151)
	at io.cucumber.core.runtime.CucumberExecutionContext.lambda$runTestCase$3(CucumberExecutionContext.java:151)
	at io.cucumber.core.runtime.RethrowingThrowableCollector.executeAndThrow(RethrowingThrowableCollector.java:23)
	at io.cucumber.core.runtime.CucumberExecutionContext.runTestCase(CucumberExecutionContext.java:151)
	at io.cucumber.junit.PickleRunners$NoStepDescriptions.run(PickleRunners.java:148)
	at io.cucumber.junit.FeatureRunner.runChild(FeatureRunner.java:144)
	at io.cucumber.junit.FeatureRunner.runChild(FeatureRunner.java:28)
	at org.junit.runners.ParentRunner$4.run(ParentRunner.java:331)
	at org.junit.runners.ParentRunner$1.schedule(ParentRunner.java:79)
	at org.junit.runners.ParentRunner.runChildren(ParentRunner.java:329)
	at org.junit.runners.ParentRunner.access$100(ParentRunner.java:66)
	at org.junit.runners.ParentRunner$2.evaluate(ParentRunner.java:293)
	at org.junit.runners.ParentRunner$3.evaluate(ParentRunner.java:306)
	at org.junit.runners.ParentRunner.run(ParentRunner.java:413)
	at io.cucumber.junit.FeatureRunner.run(FeatureRunner.java:137)
	at io.cucumber.junit.CucumberSerenityRunner.runChild(CucumberSerenityRunner.java:259)
	at io.cucumber.junit.CucumberSerenityRunner.runChild(CucumberSerenityRunner.java:58)
	at org.junit.runners.ParentRunner$4.run(ParentRunner.java:331)
	at org.junit.runners.ParentRunner$1.schedule(ParentRunner.java:79)
	at org.junit.runners.ParentRunner.runChildren(ParentRunner.java:329)
	at org.junit.runners.ParentRunner.access$100(ParentRunner.java:66)
	at org.junit.runners.ParentRunner$2.evaluate(ParentRunner.java:293)
	at io.cucumber.junit.CucumberSerenityRunner$RunCucumber.evaluate(CucumberSerenityRunner.java:288)
	at org.junit.runners.ParentRunner$3.evaluate(ParentRunner.java:306)
	at org.junit.runners.ParentRunner.run(ParentRunner.java:413)
	at org.junit.runner.JUnitCore.run(JUnitCore.java:137)
	at org.junit.runner.JUnitCore.run(JUnitCore.java:115)
	at org.junit.vintage.engine.execution.RunnerExecutor.execute(RunnerExecutor.java:42)
	at org.junit.vintage.engine.VintageTestEngine.executeAllChildren(VintageTestEngine.java:80)
	at org.junit.vintage.engine.VintageTestEngine.execute(VintageTestEngine.java:72)
	at org.junit.platform.launcher.core.EngineExecutionOrchestrator.execute(EngineExecutionOrchestrator.java:107)
	at org.junit.platform.launcher.core.EngineExecutionOrchestrator.execute(EngineExecutionOrchestrator.java:88)
	at org.junit.platform.launcher.core.EngineExecutionOrchestrator.lambda$execute$0(EngineExecutionOrchestrator.java:54)
	at org.junit.platform.launcher.core.EngineExecutionOrchestrator.withInterceptedStreams(EngineExecutionOrchestrator.java:67)
	at org.junit.platform.launcher.core.EngineExecutionOrchestrator.execute(EngineExecutionOrchestrator.java:52)
	at org.junit.platform.launcher.core.DefaultLauncher.execute(DefaultLauncher.java:114)
	at org.junit.platform.launcher.core.DefaultLauncher.execute(DefaultLauncher.java:86)
	at org.junit.platform.launcher.core.DefaultLauncherSession$DelegatingLauncher.execute(DefaultLauncherSession.java:86)
	at org.junit.platform.launcher.core.SessionPerRequestLauncher.execute(SessionPerRequestLauncher.java:53)
	at org.gradle.api.internal.tasks.testing.junitplatform.JUnitPlatformTestClassProcessor$CollectAllTestClassesExecutor.processAllTestClasses(JUnitPlatformTestClassProcessor.java:99)
	at org.gradle.api.internal.tasks.testing.junitplatform.JUnitPlatformTestClassProcessor$CollectAllTestClassesExecutor.access$000(JUnitPlatformTestClassProcessor.java:79)
	at org.gradle.api.internal.tasks.testing.junitplatform.JUnitPlatformTestClassProcessor.stop(JUnitPlatformTestClassProcessor.java:75)
	at org.gradle.api.internal.tasks.testing.SuiteTestClassProcessor.stop(SuiteTestClassProcessor.java:61)
	at sun.reflect.NativeMethodAccessorImpl.invoke0(Native Method)
	at sun.reflect.NativeMethodAccessorImpl.invoke(NativeMethodAccessorImpl.java:62)
	at sun.reflect.DelegatingMethodAccessorImpl.invoke(DelegatingMethodAccessorImpl.java:43)
	at java.lang.reflect.Method.invoke(Method.java:498)
	at org.gradle.internal.dispatch.ReflectionDispatch.dispatch(ReflectionDispatch.java:36)
	at org.gradle.internal.dispatch.ReflectionDispatch.dispatch(ReflectionDispatch.java:24)
	at org.gradle.internal.dispatch.ContextClassLoaderDispatch.dispatch(ContextClassLoaderDispatch.java:33)
	at org.gradle.internal.dispatch.ProxyDispatchAdapter$DispatchingInvocationHandler.invoke(ProxyDispatchAdapter.java:94)
	at com.sun.proxy.$Proxy2.stop(Unknown Source)
	at org.gradle.api.internal.tasks.testing.worker.TestWorker$3.run(TestWorker.java:193)
	at org.gradle.api.internal.tasks.testing.worker.TestWorker.executeAndMaintainThreadName(TestWorker.java:129)
	at org.gradle.api.internal.tasks.testing.worker.TestWorker.execute(TestWorker.java:100)
	at org.gradle.api.internal.tasks.testing.worker.TestWorker.execute(TestWorker.java:60)
	at org.gradle.process.internal.worker.child.ActionExecutionWorker.execute(ActionExecutionWorker.java:56)
	at org.gradle.process.internal.worker.child.SystemApplicationClassLoaderWorker.call(SystemApplicationClassLoaderWorker.java:133)
	at org.gradle.process.internal.worker.child.SystemApplicationClassLoaderWorker.call(SystemApplicationClassLoaderWorker.java:71)
	at worker.org.gradle.process.internal.worker.GradleWorkerMain.run(GradleWorkerMain.java:69)
	at worker.org.gradle.process.internal.worker.GradleWorkerMain.main(GradleWorkerMain.java:74)
</failure>
  </testcase>
  <system-out><![CDATA[15:22:20.547 [Test worker] INFO io.cucumber.core.plugin.SerenityReporter - Running feature from file:///C:/Users/johan/OneDrive/Documentos/KONEX/Pruebas%20automatizadas/automatizacion_login_backoffice_1v/src/test/resources/features/admin_sorteo.feature
15:22:20.715 [Test worker] INFO  - 

-------------------------------------------------------------------------------------
     _______. _______ .______       _______ .__   __.  __  .___________.____    ____ 
    /       ||   ____||   _  \     |   ____||  \ |  | |  | |           |\   \  /   / 
   |   (----`|  |__   |  |_)  |    |  |__   |   \|  | |  | `---|  |----` \   \/   /  
    \   \    |   __|  |      /     |   __|  |  . `  | |  |     |  |       \_    _/   
.----)   |   |  |____ |  |\  \----.|  |____ |  |\   | |  |     |  |         |  |     
|_______/    |_______|| _| `._____||_______||__| \__| |__|     |__|         |__|    
                                                                                     
 News and tutorials at http://www.serenity-bdd.info                                  
 Documentation at https://wakaleo.gitbooks.io/the-serenity-book/content/             
 Join the Serenity Community on Gitter: https://gitter.im/serenity-bdd/serenity-core 
 Serenity BDD Support and Training at http://serenity-bdd.info/#/trainingandsupport  
-------------------------------------------------------------------------------------

15:22:20.725 [Test worker] DEBUG net.thucydides.core.steps.StepEventBus - Test suite started for story net.thucydides.core.model.Story@43db9883
15:22:20.733 [Test worker] INFO  - Test Suite Started: Administracion de sorteos
15:22:20.809 [Test worker] INFO io.cucumber.core.plugin.SerenityReporter - Running feature from file:///C:/Users/johan/OneDrive/Documentos/KONEX/Pruebas%20automatizadas/automatizacion_login_backoffice_1v/src/test/resources/features/admin_sorteo.feature
15:22:20.815 [Test worker] DEBUG net.thucydides.core.steps.StepEventBus - Test suite started for story net.thucydides.core.model.Story@43db9883
15:22:20.816 [Test worker] INFO  - Test Suite Started: Administracion de sorteos
15:22:20.978 [Test worker] INFO io.cucumber.core.plugin.SerenityReporter - Running feature from file:///C:/Users/johan/OneDrive/Documentos/KONEX/Pruebas%20automatizadas/automatizacion_login_backoffice_1v/src/test/resources/features/admin_sorteo.feature
15:22:20.998 [Test worker] INFO  - 
  _____   ___   ___   _____     ___   _____     _     ___   _____   ___   ___  
 |_   _| | __| / __| |_   _|   / __| |_   _|   /_\   | _ \ |_   _| | __| |   \ 
   | |   | _|  \__ \   | |     \__ \   | |    / _ \  |   /   | |   | _|  | |) |
   |_|   |___| |___/   |_|     |___/   |_|   /_/ \_\ |_|_\   |_|   |___| |___/ 

Validar la creacion correcta de un sorteo(administracion-de-sorteos;validar-la-creacion-correcta-de-un-sorteo)
--------------------------------------------------------------------------------
15:22:21.535 [Test worker] DEBUG net.thucydides.core.steps.StepInterceptor - STARTING STEP: AdminSorteoStepdefinitions.queElAdministradorSeEncuentreEnElBackoffice - performAs
15:22:21.560 [Test worker] DEBUG net.thucydides.core.steps.StepInterceptor - STARTING STEP: Abrir.performAs - {0} opens the #targetPage
15:22:21.635 [Test worker] INFO net.serenitybdd.core.webdriver.driverproviders.ChromeDriverProvider - Using automatically driver download
15:22:22.574 [Test worker] DEBUG io.github.bonigarcia.wdm.cache.ResolutionCache - Resolution chrome=112 in cache (valid until 16:09:50 13/04/2023 COT)
15:22:22.575 [Test worker] DEBUG io.github.bonigarcia.wdm.cache.ResolutionCache - Resolution chrome112=112.0.5615.49 in cache (valid until 14:07:42 14/04/2023 COT)
15:22:22.576 [Test worker] INFO io.github.bonigarcia.wdm.WebDriverManager - Using chromedriver 112.0.5615.49 (resolved driver for Chrome 112)
15:22:22.582 [Test worker] DEBUG io.github.bonigarcia.wdm.WebDriverManager - Driver chromedriver 112.0.5615.49 found in cache
15:22:22.582 [Test worker] INFO io.github.bonigarcia.wdm.WebDriverManager - Exporting webdriver.chrome.driver as C:\Users\johan\.cache\selenium\chromedriver\win32\112.0.5615.49\chromedriver.exe
15:22:22.708 [Test worker] DEBUG net.thucydides.core.reflection.ClassFinder - Could not load class .co.com.konex.certification.login.backoffice.runners.RunnerTags
15:22:22.708 [Test worker] DEBUG net.thucydides.core.reflection.ClassFinder - Could not load class .co.com.konex.certification.login.backoffice.stepdefinitions.AdminLoteriaStepdefinitions
15:22:22.708 [Test worker] DEBUG net.thucydides.core.reflection.ClassFinder - Could not load class .co.com.konex.certification.login.backoffice.stepdefinitions.AdminSorteoStepdefinitions
15:22:22.708 [Test worker] DEBUG net.thucydides.core.reflection.ClassFinder - Could not load class .co.com.konex.certification.login.backoffice.stepdefinitions.MyStepdefinitions
15:22:22.708 [Test worker] DEBUG net.thucydides.core.reflection.ClassFinder - Could not load class .co.com.konex.cetificacion.login.backoffice.Main
15:22:22.709 [Test worker] DEBUG net.thucydides.core.reflection.ClassFinder - Could not load class .co.com.konex.cetificacion.login.backoffice.model.TablaCrearSorteo
15:22:22.709 [Test worker] DEBUG net.thucydides.core.reflection.ClassFinder - Could not load class .co.com.konex.cetificacion.login.backoffice.model.TablaLoterias
15:22:22.709 [Test worker] DEBUG net.thucydides.core.reflection.ClassFinder - Could not load class .co.com.konex.cetificacion.login.backoffice.model.TablaUsuarios
15:22:22.709 [Test worker] DEBUG net.thucydides.core.reflection.ClassFinder - Could not load class .co.com.konex.cetificacion.login.backoffice.questions.Validar
15:22:22.709 [Test worker] DEBUG net.thucydides.core.reflection.ClassFinder - Could not load class .co.com.konex.cetificacion.login.backoffice.questions.Verificar
15:22:22.709 [Test worker] DEBUG net.thucydides.core.reflection.ClassFinder - Could not load class .co.com.konex.cetificacion.login.backoffice.tasks.Abrir
15:22:22.709 [Test worker] DEBUG net.thucydides.core.reflection.ClassFinder - Could not load class .co.com.konex.cetificacion.login.backoffice.tasks.Clickear
15:22:22.710 [Test worker] DEBUG net.thucydides.core.reflection.ClassFinder - Could not load class .co.com.konex.cetificacion.login.backoffice.tasks.Crear
15:22:22.710 [Test worker] DEBUG net.thucydides.core.reflection.ClassFinder - Could not load class .co.com.konex.cetificacion.login.backoffice.tasks.Digitar
15:22:22.710 [Test worker] DEBUG net.thucydides.core.reflection.ClassFinder - Could not load class .co.com.konex.cetificacion.login.backoffice.tasks.Ingresar
15:22:22.710 [Test worker] DEBUG net.thucydides.core.reflection.ClassFinder - Could not load class .co.com.konex.cetificacion.login.backoffice.tasks.Llenar
15:22:22.710 [Test worker] DEBUG net.thucydides.core.reflection.ClassFinder - Could not load class .co.com.konex.cetificacion.login.backoffice.tasks.Presionar
15:22:22.711 [Test worker] DEBUG net.thucydides.core.reflection.ClassFinder - Could not load class .co.com.konex.cetificacion.login.backoffice.userinterfaces.ContenedorDeObjetosLogin
15:22:22.711 [Test worker] DEBUG net.thucydides.core.reflection.ClassFinder - Could not load class .co.com.konex.cetificacion.login.backoffice.userinterfaces.ContenedordeObjetosLoteria
15:22:22.711 [Test worker] DEBUG net.thucydides.core.reflection.ClassFinder - Could not load class .co.com.konex.cetificacion.login.backoffice.userinterfaces.ContenedordeObjetosSorteo
15:22:22.711 [Test worker] DEBUG net.thucydides.core.reflection.ClassFinder - Could not load class .co.com.konex.cetificacion.login.backoffice.userinterfaces.PaginaBackoffice
15:22:22.807 [Test worker] DEBUG net.serenitybdd.core.webdriver.driverproviders.ProvideNewDriver - Instantiating driver
15:22:22.808 [Test worker] DEBUG net.serenitybdd.core.webdriver.driverproviders.ProvideNewDriver - Driver capabilities: Capabilities {acceptInsecureCerts: false, autodownload: true, browserName: chrome, chrome.silentOutput: true, driver: chrome, goog:chromeOptions: {args: [--start-maximized --disable...], extensions: []}}
15:22:22.903 [Test worker] DEBUG io.netty.util.internal.logging.InternalLoggerFactory - Using SLF4J as the default logging framework
15:22:22.909 [Test worker] DEBUG io.netty.util.ResourceLeakDetector - -Dio.netty.leakDetection.level: simple
15:22:22.909 [Test worker] DEBUG io.netty.util.ResourceLeakDetector - -Dio.netty.leakDetection.targetRecords: 4
15:22:22.916 [Test worker] DEBUG io.netty.util.ResourceLeakDetectorFactory - Loaded default ResourceLeakDetector: io.netty.util.ResourceLeakDetector@2921199d
15:22:22.949 [Test worker] DEBUG io.netty.util.internal.PlatformDependent0 - -Dio.netty.noUnsafe: false
15:22:22.949 [Test worker] DEBUG io.netty.util.internal.PlatformDependent0 - Java version: 8
15:22:22.951 [Test worker] DEBUG io.netty.util.internal.PlatformDependent0 - sun.misc.Unsafe.theUnsafe: available
15:22:22.952 [Test worker] DEBUG io.netty.util.internal.PlatformDependent0 - sun.misc.Unsafe.copyMemory: available
15:22:22.953 [Test worker] DEBUG io.netty.util.internal.PlatformDependent0 - java.nio.Buffer.address: available
15:22:22.955 [Test worker] DEBUG io.netty.util.internal.PlatformDependent0 - direct buffer constructor: available
15:22:22.957 [Test worker] DEBUG io.netty.util.internal.PlatformDependent0 - java.nio.Bits.unaligned: available, true
15:22:22.957 [Test worker] DEBUG io.netty.util.internal.PlatformDependent0 - jdk.internal.misc.Unsafe.allocateUninitializedArray(int): unavailable prior to Java9
15:22:22.957 [Test worker] DEBUG io.netty.util.internal.PlatformDependent0 - java.nio.DirectByteBuffer.<init>(long, int): available
15:22:22.958 [Test worker] DEBUG io.netty.util.internal.PlatformDependent - sun.misc.Unsafe: available
15:22:22.958 [Test worker] DEBUG io.netty.util.internal.PlatformDependent - -Dio.netty.tmpdir: C:\Users\johan\AppData\Local\Temp (java.io.tmpdir)
15:22:22.959 [Test worker] DEBUG io.netty.util.internal.PlatformDependent - -Dio.netty.bitMode: 64 (sun.arch.data.model)
15:22:22.959 [Test worker] DEBUG io.netty.util.internal.PlatformDependent - Platform: Windows
15:22:22.962 [Test worker] DEBUG io.netty.util.internal.PlatformDependent - -Dio.netty.maxDirectMemory: 477626368 bytes
15:22:22.963 [Test worker] DEBUG io.netty.util.internal.PlatformDependent - -Dio.netty.uninitializedArrayAllocationThreshold: -1
15:22:22.965 [Test worker] DEBUG io.netty.util.internal.CleanerJava6 - java.nio.ByteBuffer.cleaner(): available
15:22:22.966 [Test worker] DEBUG io.netty.util.internal.PlatformDependent - -Dio.netty.noPreferDirect: false
15:22:22.994 [Test worker] DEBUG io.netty.util.internal.PlatformDependent - org.jctools-core.MpscChunkedArrayQueue: available
15:22:23.056 [Test worker] DEBUG io.netty.util.internal.InternalThreadLocalMap - -Dio.netty.threadLocalMap.stringBuilder.initialSize: 1024
15:22:23.057 [Test worker] DEBUG io.netty.util.internal.InternalThreadLocalMap - -Dio.netty.threadLocalMap.stringBuilder.maxSize: 4096
15:22:23.144 [Test worker] DEBUG io.netty.handler.ssl.JdkSslContext - Default protocols (JDK): [TLSv1.2, TLSv1.1, TLSv1] 
15:22:23.144 [Test worker] DEBUG io.netty.handler.ssl.JdkSslContext - Default cipher suites (JDK): [TLS_ECDHE_ECDSA_WITH_AES_256_GCM_SHA384, TLS_ECDHE_ECDSA_WITH_AES_128_GCM_SHA256, TLS_ECDHE_RSA_WITH_AES_128_GCM_SHA256, TLS_ECDHE_RSA_WITH_AES_256_GCM_SHA384, TLS_ECDHE_RSA_WITH_AES_128_CBC_SHA, TLS_ECDHE_RSA_WITH_AES_256_CBC_SHA, TLS_RSA_WITH_AES_128_GCM_SHA256, TLS_RSA_WITH_AES_128_CBC_SHA, TLS_RSA_WITH_AES_256_CBC_SHA]
15:22:23.231 [Test worker] DEBUG io.netty.channel.MultithreadEventLoopGroup - -Dio.netty.eventLoopThreads: 16
15:22:23.254 [Test worker] DEBUG io.netty.channel.nio.NioEventLoop - -Dio.netty.noKeySetOptimization: false
15:22:23.255 [Test worker] DEBUG io.netty.channel.nio.NioEventLoop - -Dio.netty.selectorAutoRebuildThreshold: 512
15:22:23.345 [Test worker] DEBUG io.netty.buffer.PooledByteBufAllocator - -Dio.netty.allocator.numHeapArenas: 1
15:22:23.345 [Test worker] DEBUG io.netty.buffer.PooledByteBufAllocator - -Dio.netty.allocator.numDirectArenas: 1
15:22:23.345 [Test worker] DEBUG io.netty.buffer.PooledByteBufAllocator - -Dio.netty.allocator.pageSize: 8192
15:22:23.345 [Test worker] DEBUG io.netty.buffer.PooledByteBufAllocator - -Dio.netty.allocator.maxOrder: 11
15:22:23.345 [Test worker] DEBUG io.netty.buffer.PooledByteBufAllocator - -Dio.netty.allocator.chunkSize: 16777216
15:22:23.345 [Test worker] DEBUG io.netty.buffer.PooledByteBufAllocator - -Dio.netty.allocator.smallCacheSize: 256
15:22:23.345 [Test worker] DEBUG io.netty.buffer.PooledByteBufAllocator - -Dio.netty.allocator.normalCacheSize: 64
15:22:23.345 [Test worker] DEBUG io.netty.buffer.PooledByteBufAllocator - -Dio.netty.allocator.maxCachedBufferCapacity: 32768
15:22:23.346 [Test worker] DEBUG io.netty.buffer.PooledByteBufAllocator - -Dio.netty.allocator.cacheTrimInterval: 8192
15:22:23.346 [Test worker] DEBUG io.netty.buffer.PooledByteBufAllocator - -Dio.netty.allocator.cacheTrimIntervalMillis: 600000
15:22:23.346 [Test worker] DEBUG io.netty.buffer.PooledByteBufAllocator - -Dio.netty.allocator.useCacheForAllThreads: false
15:22:23.346 [Test worker] DEBUG io.netty.buffer.PooledByteBufAllocator - -Dio.netty.allocator.maxCachedByteBuffersPerChunk: 1023
15:22:23.381 [Test worker] DEBUG io.netty.buffer.ByteBufUtil - -Dio.netty.allocator.type: pooled
15:22:23.381 [Test worker] DEBUG io.netty.buffer.ByteBufUtil - -Dio.netty.threadLocalDirectBufferSize: 0
15:22:23.381 [Test worker] DEBUG io.netty.buffer.ByteBufUtil - -Dio.netty.maxThreadLocalCharBufferSize: 16384
15:22:24.657 [Forwarding newSession on session null to remote] DEBUG io.netty.channel.DefaultChannelId - -Dio.netty.processId: 17226 (user-set)
15:22:24.658 [Forwarding newSession on session null to remote] DEBUG io.netty.channel.DefaultChannelId - -Dio.netty.machineId: 28:f0:76:ff:fe:16:65:0e (user-set)
15:22:24.808 [AsyncHttpClient-1-2] DEBUG io.netty.buffer.AbstractByteBuf - -Dio.netty.buffer.checkAccessible: true
15:22:24.808 [AsyncHttpClient-1-2] DEBUG io.netty.buffer.AbstractByteBuf - -Dio.netty.buffer.checkBounds: true
15:22:24.808 [AsyncHttpClient-1-2] DEBUG io.netty.util.ResourceLeakDetectorFactory - Loaded default ResourceLeakDetector: io.netty.util.ResourceLeakDetector@29415fdc
15:22:24.847 [AsyncHttpClient-1-2] DEBUG org.asynchttpclient.netty.channel.NettyConnectListener - Using new Channel '[id: 0x349314e4, L:/127.0.0.1:63858 - R:localhost/127.0.0.1:58077]' for 'POST' to '/session'
15:22:24.895 [AsyncHttpClient-1-2] DEBUG io.netty.util.Recycler - -Dio.netty.recycler.maxCapacityPerThread: 4096
15:22:24.896 [AsyncHttpClient-1-2] DEBUG io.netty.util.Recycler - -Dio.netty.recycler.ratio: 8
15:22:24.896 [AsyncHttpClient-1-2] DEBUG io.netty.util.Recycler - -Dio.netty.recycler.chunkSize: 32
15:22:24.896 [AsyncHttpClient-1-2] DEBUG io.netty.util.Recycler - -Dio.netty.recycler.blocking: false
15:22:26.307 [AsyncHttpClient-1-2] DEBUG io.netty.handler.codec.compression.Brotli - brotli4j not in the classpath; Brotli support will be unavailable.
15:22:26.307 [AsyncHttpClient-1-2] DEBUG org.asynchttpclient.netty.handler.HttpHandler - 

Request DefaultHttpRequest(decodeResult: success, version: HTTP/1.1)
POST /session HTTP/1.1
User-Agent: selenium/4.1.2 (java windows)
Content-Length: 776
Content-Type: application/json; charset=utf-8
host: localhost:58077
accept: */*

Response DefaultHttpResponse(decodeResult: success, version: HTTP/1.1)
HTTP/1.1 200 OK
Content-Type: application/json; charset=utf-8
cache-control: no-cache
content-length: 858

15:22:26.318 [AsyncHttpClient-1-2] DEBUG org.asynchttpclient.netty.channel.ChannelManager - Adding key: http://localhost:58077 for channel [id: 0x349314e4, L:/127.0.0.1:63858 - R:localhost/127.0.0.1:58077]
15:22:26.406 [AsyncHttpClient-1-3] DEBUG org.asynchttpclient.netty.channel.NettyConnectListener - Using new Channel '[id: 0x73c65fcb, L:/127.0.0.1:63868 - R:localhost/127.0.0.1:63862]' for 'GET' to '/json/version'
15:22:26.410 [AsyncHttpClient-1-3] DEBUG org.asynchttpclient.netty.handler.HttpHandler - 

Request DefaultFullHttpRequest(decodeResult: success, version: HTTP/1.1, content: EmptyByteBufBE)
GET /json/version HTTP/1.1
User-Agent: selenium/4.1.2 (java windows)
host: localhost:63862
accept: */*

Response DefaultHttpResponse(decodeResult: success, version: HTTP/1.1)
HTTP/1.1 200 OK
Content-Security-Policy: frame-ancestors 'none'
Content-Type: application/json; charset=UTF-8
content-length: 422

15:22:26.412 [AsyncHttpClient-1-3] DEBUG org.asynchttpclient.netty.channel.ChannelManager - Adding key: http://localhost:63862 for channel [id: 0x73c65fcb, L:/127.0.0.1:63868 - R:localhost/127.0.0.1:63862]
15:22:26.413 [AsyncHttpClient-1-1] DEBUG org.asynchttpclient.netty.channel.DefaultChannelPool - Entry count for : http://localhost:63862 : 1
15:22:26.414 [AsyncHttpClient-1-1] DEBUG org.asynchttpclient.netty.channel.DefaultChannelPool - Entry count for : http://localhost:58077 : 1
15:22:26.427 [Test worker] DEBUG io.netty.util.internal.ThreadLocalRandom - -Dio.netty.initialSeedUniquifier: 0xf09b7935fff96f3c
15:22:26.436 [AsyncHttpClient-1-4] DEBUG org.asynchttpclient.netty.channel.NettyConnectListener - Using new Channel '[id: 0xdf72f29b, L:/127.0.0.1:63869 - R:localhost/127.0.0.1:63862]' for 'GET' to '/devtools/browser/cc61bdcd-5a4a-4dbc-92c5-5c7eac1971a4'
15:22:26.439 [AsyncHttpClient-1-4] DEBUG org.asynchttpclient.netty.handler.WebSocketHandler - 

Request DefaultFullHttpRequest(decodeResult: success, version: HTTP/1.1, content: EmptyByteBufBE)
GET /devtools/browser/cc61bdcd-5a4a-4dbc-92c5-5c7eac1971a4 HTTP/1.1
upgrade: websocket
connection: upgrade
sec-websocket-key: 61eN14TKOvYRltqwXUHP0Q==
sec-websocket-version: 13
origin: http://localhost:63862
host: localhost:63862
accept: */*
user-agent: AHC/2.1

Response DefaultHttpResponse(decodeResult: success, version: HTTP/1.1)
HTTP/1.1 101 WebSocket Protocol Handshake
Upgrade: WebSocket
Connection: Upgrade
Sec-WebSocket-Accept: CGF5kjMA2afqy9BGcXHv5K6iVXE=

15:22:26.692 [Test worker] DEBUG net.thucydides.core.reflection.ClassFinder - Could not load class .co.com.konex.certification.login.backoffice.runners.RunnerTags
15:22:26.692 [Test worker] DEBUG net.thucydides.core.reflection.ClassFinder - Could not load class .co.com.konex.certification.login.backoffice.stepdefinitions.AdminLoteriaStepdefinitions
15:22:26.692 [Test worker] DEBUG net.thucydides.core.reflection.ClassFinder - Could not load class .co.com.konex.certification.login.backoffice.stepdefinitions.AdminSorteoStepdefinitions
15:22:26.692 [Test worker] DEBUG net.thucydides.core.reflection.ClassFinder - Could not load class .co.com.konex.certification.login.backoffice.stepdefinitions.MyStepdefinitions
15:22:26.693 [Test worker] DEBUG net.thucydides.core.reflection.ClassFinder - Could not load class .co.com.konex.cetificacion.login.backoffice.Main
15:22:26.693 [Test worker] DEBUG net.thucydides.core.reflection.ClassFinder - Could not load class .co.com.konex.cetificacion.login.backoffice.model.TablaCrearSorteo
15:22:26.693 [Test worker] DEBUG net.thucydides.core.reflection.ClassFinder - Could not load class .co.com.konex.cetificacion.login.backoffice.model.TablaLoterias
15:22:26.693 [Test worker] DEBUG net.thucydides.core.reflection.ClassFinder - Could not load class .co.com.konex.cetificacion.login.backoffice.model.TablaUsuarios
15:22:26.693 [Test worker] DEBUG net.thucydides.core.reflection.ClassFinder - Could not load class .co.com.konex.cetificacion.login.backoffice.questions.Validar
15:22:26.693 [Test worker] DEBUG net.thucydides.core.reflection.ClassFinder - Could not load class .co.com.konex.cetificacion.login.backoffice.questions.Verificar
15:22:26.693 [Test worker] DEBUG net.thucydides.core.reflection.ClassFinder - Could not load class .co.com.konex.cetificacion.login.backoffice.tasks.Abrir
15:22:26.694 [Test worker] DEBUG net.thucydides.core.reflection.ClassFinder - Could not load class .co.com.konex.cetificacion.login.backoffice.tasks.Clickear
15:22:26.694 [Test worker] DEBUG net.thucydides.core.reflection.ClassFinder - Could not load class .co.com.konex.cetificacion.login.backoffice.tasks.Crear
15:22:26.694 [Test worker] DEBUG net.thucydides.core.reflection.ClassFinder - Could not load class .co.com.konex.cetificacion.login.backoffice.tasks.Digitar
15:22:26.694 [Test worker] DEBUG net.thucydides.core.reflection.ClassFinder - Could not load class .co.com.konex.cetificacion.login.backoffice.tasks.Ingresar
15:22:26.694 [Test worker] DEBUG net.thucydides.core.reflection.ClassFinder - Could not load class .co.com.konex.cetificacion.login.backoffice.tasks.Llenar
15:22:26.694 [Test worker] DEBUG net.thucydides.core.reflection.ClassFinder - Could not load class .co.com.konex.cetificacion.login.backoffice.tasks.Presionar
15:22:26.694 [Test worker] DEBUG net.thucydides.core.reflection.ClassFinder - Could not load class .co.com.konex.cetificacion.login.backoffice.userinterfaces.ContenedorDeObjetosLogin
15:22:26.695 [Test worker] DEBUG net.thucydides.core.reflection.ClassFinder - Could not load class .co.com.konex.cetificacion.login.backoffice.userinterfaces.ContenedordeObjetosLoteria
15:22:26.695 [Test worker] DEBUG net.thucydides.core.reflection.ClassFinder - Could not load class .co.com.konex.cetificacion.login.backoffice.userinterfaces.ContenedordeObjetosSorteo
15:22:26.695 [Test worker] DEBUG net.thucydides.core.reflection.ClassFinder - Could not load class .co.com.konex.cetificacion.login.backoffice.userinterfaces.PaginaBackoffice
15:22:26.704 [Forwarding get on session f38132bec70b685149d600fa9deab73b to remote] DEBUG org.asynchttpclient.netty.request.NettyRequestSender - Using pooled Channel '[id: 0x349314e4, L:/127.0.0.1:63858 - R:localhost/127.0.0.1:58077]' for 'POST' to 'http://localhost:58077/session/f38132bec70b685149d600fa9deab73b/url'
15:22:26.704 [Forwarding get on session f38132bec70b685149d600fa9deab73b to remote] DEBUG org.asynchttpclient.netty.request.NettyRequestSender - Using open Channel [id: 0x349314e4, L:/127.0.0.1:63858 - R:localhost/127.0.0.1:58077] for POST '/session/f38132bec70b685149d600fa9deab73b/url'
15:22:27.508 [AsyncHttpClient-1-1] DEBUG org.asynchttpclient.netty.channel.DefaultChannelPool - Entry count for : http://localhost:63862 : 1
15:22:28.611 [AsyncHttpClient-1-1] DEBUG org.asynchttpclient.netty.channel.DefaultChannelPool - Entry count for : http://localhost:63862 : 1
15:22:29.707 [AsyncHttpClient-1-1] DEBUG org.asynchttpclient.netty.channel.DefaultChannelPool - Entry count for : http://localhost:63862 : 1
15:22:30.819 [AsyncHttpClient-1-1] DEBUG org.asynchttpclient.netty.channel.DefaultChannelPool - Entry count for : http://localhost:63862 : 1
15:22:31.916 [AsyncHttpClient-1-1] DEBUG org.asynchttpclient.netty.channel.DefaultChannelPool - Entry count for : http://localhost:63862 : 1
15:22:33.010 [AsyncHttpClient-1-1] DEBUG org.asynchttpclient.netty.channel.DefaultChannelPool - Entry count for : http://localhost:63862 : 1
15:22:34.108 [AsyncHttpClient-1-1] DEBUG org.asynchttpclient.netty.channel.DefaultChannelPool - Entry count for : http://localhost:63862 : 1
15:22:35.212 [AsyncHttpClient-1-1] DEBUG org.asynchttpclient.netty.channel.DefaultChannelPool - Entry count for : http://localhost:63862 : 1
15:22:36.308 [AsyncHttpClient-1-1] DEBUG org.asynchttpclient.netty.channel.DefaultChannelPool - Entry count for : http://localhost:63862 : 1
15:22:37.413 [AsyncHttpClient-1-1] DEBUG org.asynchttpclient.netty.channel.DefaultChannelPool - Entry count for : http://localhost:63862 : 1
15:22:38.514 [AsyncHttpClient-1-1] DEBUG org.asynchttpclient.netty.channel.DefaultChannelPool - Entry count for : http://localhost:63862 : 1
15:22:39.609 [AsyncHttpClient-1-1] DEBUG org.asynchttpclient.netty.channel.DefaultChannelPool - Entry count for : http://localhost:63862 : 1
15:22:40.713 [AsyncHttpClient-1-1] DEBUG org.asynchttpclient.netty.channel.DefaultChannelPool - Entry count for : http://localhost:63862 : 1
15:22:41.809 [AsyncHttpClient-1-1] DEBUG org.asynchttpclient.netty.channel.DefaultChannelPool - Entry count for : http://localhost:63862 : 1
15:22:41.911 [AsyncHttpClient-1-2] DEBUG org.asynchttpclient.netty.handler.HttpHandler - 

Request DefaultHttpRequest(decodeResult: success, version: HTTP/1.1)
POST /session/f38132bec70b685149d600fa9deab73b/url HTTP/1.1
User-Agent: selenium/4.1.2 (java windows)
Content-Length: 80
Content-Type: application/json; charset=utf-8
host: localhost:58077
accept: */*

Response DefaultHttpResponse(decodeResult: success, version: HTTP/1.1)
HTTP/1.1 200 OK
Content-Type: application/json; charset=utf-8
cache-control: no-cache
content-length: 14

15:22:41.912 [AsyncHttpClient-1-2] DEBUG org.asynchttpclient.netty.channel.ChannelManager - Adding key: http://localhost:58077 for channel [id: 0x349314e4, L:/127.0.0.1:63858 - R:localhost/127.0.0.1:58077]
15:22:41.919 [Forwarding setTimeout on session f38132bec70b685149d600fa9deab73b to remote] DEBUG org.asynchttpclient.netty.request.NettyRequestSender - Using pooled Channel '[id: 0x349314e4, L:/127.0.0.1:63858 - R:localhost/127.0.0.1:58077]' for 'POST' to 'http://localhost:58077/session/f38132bec70b685149d600fa9deab73b/timeouts'
15:22:41.919 [Forwarding setTimeout on session f38132bec70b685149d600fa9deab73b to remote] DEBUG org.asynchttpclient.netty.request.NettyRequestSender - Using open Channel [id: 0x349314e4, L:/127.0.0.1:63858 - R:localhost/127.0.0.1:58077] for POST '/session/f38132bec70b685149d600fa9deab73b/timeouts'
15:22:41.921 [AsyncHttpClient-1-2] DEBUG org.asynchttpclient.netty.handler.HttpHandler - 

Request DefaultHttpRequest(decodeResult: success, version: HTTP/1.1)
POST /session/f38132bec70b685149d600fa9deab73b/timeouts HTTP/1.1
User-Agent: selenium/4.1.2 (java windows)
Content-Length: 22
Content-Type: application/json; charset=utf-8
host: localhost:58077
accept: */*

Response DefaultHttpResponse(decodeResult: success, version: HTTP/1.1)
HTTP/1.1 200 OK
Content-Type: application/json; charset=utf-8
cache-control: no-cache
content-length: 14

15:22:41.921 [AsyncHttpClient-1-2] DEBUG org.asynchttpclient.netty.channel.ChannelManager - Adding key: http://localhost:58077 for channel [id: 0x349314e4, L:/127.0.0.1:63858 - R:localhost/127.0.0.1:58077]
15:22:41.945 [Forwarding getCurrentUrl on session f38132bec70b685149d600fa9deab73b to remote] DEBUG org.asynchttpclient.netty.request.NettyRequestSender - Using pooled Channel '[id: 0x349314e4, L:/127.0.0.1:63858 - R:localhost/127.0.0.1:58077]' for 'GET' to 'http://localhost:58077/session/f38132bec70b685149d600fa9deab73b/url'
15:22:41.945 [Forwarding getCurrentUrl on session f38132bec70b685149d600fa9deab73b to remote] DEBUG org.asynchttpclient.netty.request.NettyRequestSender - Using open Channel [id: 0x349314e4, L:/127.0.0.1:63858 - R:localhost/127.0.0.1:58077] for GET '/session/f38132bec70b685149d600fa9deab73b/url'
15:22:41.950 [AsyncHttpClient-1-2] DEBUG org.asynchttpclient.netty.handler.HttpHandler - 

Request DefaultFullHttpRequest(decodeResult: success, version: HTTP/1.1, content: EmptyByteBufBE)
GET /session/f38132bec70b685149d600fa9deab73b/url HTTP/1.1
User-Agent: selenium/4.1.2 (java windows)
Cache-Control: no-cache
Content-Type: application/json; charset=utf-8
host: localhost:58077
accept: */*

Response DefaultHttpResponse(decodeResult: success, version: HTTP/1.1)
HTTP/1.1 200 OK
Content-Type: application/json; charset=utf-8
cache-control: no-cache
content-length: 57

15:22:41.951 [AsyncHttpClient-1-2] DEBUG org.asynchttpclient.netty.channel.ChannelManager - Adding key: http://localhost:58077 for channel [id: 0x349314e4, L:/127.0.0.1:63858 - R:localhost/127.0.0.1:58077]
15:22:41.971 [Forwarding getCurrentUrl on session f38132bec70b685149d600fa9deab73b to remote] DEBUG org.asynchttpclient.netty.request.NettyRequestSender - Using pooled Channel '[id: 0x349314e4, L:/127.0.0.1:63858 - R:localhost/127.0.0.1:58077]' for 'GET' to 'http://localhost:58077/session/f38132bec70b685149d600fa9deab73b/url'
15:22:41.971 [Forwarding getCurrentUrl on session f38132bec70b685149d600fa9deab73b to remote] DEBUG org.asynchttpclient.netty.request.NettyRequestSender - Using open Channel [id: 0x349314e4, L:/127.0.0.1:63858 - R:localhost/127.0.0.1:58077] for GET '/session/f38132bec70b685149d600fa9deab73b/url'
15:22:41.975 [AsyncHttpClient-1-2] DEBUG org.asynchttpclient.netty.handler.HttpHandler - 

Request DefaultFullHttpRequest(decodeResult: success, version: HTTP/1.1, content: EmptyByteBufBE)
GET /session/f38132bec70b685149d600fa9deab73b/url HTTP/1.1
User-Agent: selenium/4.1.2 (java windows)
Cache-Control: no-cache
Content-Type: application/json; charset=utf-8
host: localhost:58077
accept: */*

Response DefaultHttpResponse(decodeResult: success, version: HTTP/1.1)
HTTP/1.1 200 OK
Content-Type: application/json; charset=utf-8
cache-control: no-cache
content-length: 57

15:22:41.975 [AsyncHttpClient-1-2] DEBUG org.asynchttpclient.netty.channel.ChannelManager - Adding key: http://localhost:58077 for channel [id: 0x349314e4, L:/127.0.0.1:63858 - R:localhost/127.0.0.1:58077]
15:22:42.005 [Test worker] DEBUG net.serenitybdd.core.photography.Darkroom - Opening darkroom
15:22:42.005 [Darkroom Processing Line] DEBUG net.serenitybdd.core.photography.DarkroomProcessingLine - Darkroom processing line starting up
15:22:42.007 [Forwarding screenshot on session f38132bec70b685149d600fa9deab73b to remote] DEBUG org.asynchttpclient.netty.request.NettyRequestSender - Using pooled Channel '[id: 0x349314e4, L:/127.0.0.1:63858 - R:localhost/127.0.0.1:58077]' for 'GET' to 'http://localhost:58077/session/f38132bec70b685149d600fa9deab73b/screenshot'
15:22:42.008 [Forwarding screenshot on session f38132bec70b685149d600fa9deab73b to remote] DEBUG org.asynchttpclient.netty.request.NettyRequestSender - Using open Channel [id: 0x349314e4, L:/127.0.0.1:63858 - R:localhost/127.0.0.1:58077] for GET '/session/f38132bec70b685149d600fa9deab73b/screenshot'
15:22:42.192 [AsyncHttpClient-1-2] DEBUG org.asynchttpclient.netty.handler.HttpHandler - 

Request DefaultFullHttpRequest(decodeResult: success, version: HTTP/1.1, content: EmptyByteBufBE)
GET /session/f38132bec70b685149d600fa9deab73b/screenshot HTTP/1.1
User-Agent: selenium/4.1.2 (java windows)
Cache-Control: no-cache
Content-Type: application/json; charset=utf-8
host: localhost:58077
accept: */*

Response DefaultHttpResponse(decodeResult: success, version: HTTP/1.1)
HTTP/1.1 200 OK
Content-Type: application/json; charset=utf-8
cache-control: no-cache
content-length: 379740

15:22:42.197 [AsyncHttpClient-1-2] DEBUG org.asynchttpclient.netty.channel.ChannelManager - Adding key: http://localhost:58077 for channel [id: 0x349314e4, L:/127.0.0.1:63858 - R:localhost/127.0.0.1:58077]
15:22:42.323 [Test worker] DEBUG net.serenitybdd.core.photography.Darkroom - Send negative for processing for C:\Users\johan\OneDrive\Documentos\KONEX\Pruebas automatizadas\automatizacion_login_backoffice_1v\target\site\serenity\2906e0e514c90d11ffaf03067b12110de544ee879fa76ed63b517fad1e2e3380.png
15:22:42.327 [Test worker] DEBUG net.thucydides.core.steps.StepInterceptor - STEP DONE: {0} opens the #targetPage
15:22:42.354 [Test worker] DEBUG net.thucydides.core.steps.StepInterceptor - STEP DONE: performAs
15:22:42.417 [Forwarding screenshot on session f38132bec70b685149d600fa9deab73b to remote] DEBUG org.asynchttpclient.netty.request.NettyRequestSender - Using pooled Channel '[id: 0x349314e4, L:/127.0.0.1:63858 - R:localhost/127.0.0.1:58077]' for 'GET' to 'http://localhost:58077/session/f38132bec70b685149d600fa9deab73b/screenshot'
15:22:42.417 [Forwarding screenshot on session f38132bec70b685149d600fa9deab73b to remote] DEBUG org.asynchttpclient.netty.request.NettyRequestSender - Using open Channel [id: 0x349314e4, L:/127.0.0.1:63858 - R:localhost/127.0.0.1:58077] for GET '/session/f38132bec70b685149d600fa9deab73b/screenshot'
15:22:42.623 [AsyncHttpClient-1-2] DEBUG org.asynchttpclient.netty.handler.HttpHandler - 

Request DefaultFullHttpRequest(decodeResult: success, version: HTTP/1.1, content: EmptyByteBufBE)
GET /session/f38132bec70b685149d600fa9deab73b/screenshot HTTP/1.1
User-Agent: selenium/4.1.2 (java windows)
Cache-Control: no-cache
Content-Type: application/json; charset=utf-8
host: localhost:58077
accept: */*

Response DefaultHttpResponse(decodeResult: success, version: HTTP/1.1)
HTTP/1.1 200 OK
Content-Type: application/json; charset=utf-8
cache-control: no-cache
content-length: 379772

15:22:42.627 [AsyncHttpClient-1-2] DEBUG org.asynchttpclient.netty.channel.ChannelManager - Adding key: http://localhost:58077 for channel [id: 0x349314e4, L:/127.0.0.1:63858 - R:localhost/127.0.0.1:58077]
15:22:42.643 [Test worker] DEBUG net.serenitybdd.core.photography.Darkroom - Send negative for processing for C:\Users\johan\OneDrive\Documentos\KONEX\Pruebas automatizadas\automatizacion_login_backoffice_1v\target\site\serenity\827eba772fc8c0a7b9dfb33684fbbfab2dbf1f790c8339d229e180e243a6dda7.png
15:22:42.695 [Forwarding screenshot on session f38132bec70b685149d600fa9deab73b to remote] DEBUG org.asynchttpclient.netty.request.NettyRequestSender - Using pooled Channel '[id: 0x349314e4, L:/127.0.0.1:63858 - R:localhost/127.0.0.1:58077]' for 'GET' to 'http://localhost:58077/session/f38132bec70b685149d600fa9deab73b/screenshot'
15:22:42.695 [Forwarding screenshot on session f38132bec70b685149d600fa9deab73b to remote] DEBUG org.asynchttpclient.netty.request.NettyRequestSender - Using open Channel [id: 0x349314e4, L:/127.0.0.1:63858 - R:localhost/127.0.0.1:58077] for GET '/session/f38132bec70b685149d600fa9deab73b/screenshot'
15:22:42.892 [AsyncHttpClient-1-2] DEBUG org.asynchttpclient.netty.handler.HttpHandler - 

Request DefaultFullHttpRequest(decodeResult: success, version: HTTP/1.1, content: EmptyByteBufBE)
GET /session/f38132bec70b685149d600fa9deab73b/screenshot HTTP/1.1
User-Agent: selenium/4.1.2 (java windows)
Cache-Control: no-cache
Content-Type: application/json; charset=utf-8
host: localhost:58077
accept: */*

Response DefaultHttpResponse(decodeResult: success, version: HTTP/1.1)
HTTP/1.1 200 OK
Content-Type: application/json; charset=utf-8
cache-control: no-cache
content-length: 379740

15:22:42.895 [AsyncHttpClient-1-2] DEBUG org.asynchttpclient.netty.channel.ChannelManager - Adding key: http://localhost:58077 for channel [id: 0x349314e4, L:/127.0.0.1:63858 - R:localhost/127.0.0.1:58077]
15:22:42.909 [AsyncHttpClient-1-1] DEBUG org.asynchttpclient.netty.channel.DefaultChannelPool - Entry count for : http://localhost:63862 : 1
15:22:42.909 [AsyncHttpClient-1-1] DEBUG org.asynchttpclient.netty.channel.DefaultChannelPool - Entry count for : http://localhost:58077 : 1
15:22:42.909 [Test worker] DEBUG net.serenitybdd.core.photography.Darkroom - Send negative for processing for C:\Users\johan\OneDrive\Documentos\KONEX\Pruebas automatizadas\automatizacion_login_backoffice_1v\target\site\serenity\2906e0e514c90d11ffaf03067b12110de544ee879fa76ed63b517fad1e2e3380.png
15:22:42.909 [Test worker] DEBUG net.thucydides.core.steps.StepInterceptor - STARTING STEP: AdminSorteoStepdefinitions.seLogueaConUsuarioYContrasenna - performAs
15:22:42.982 [Forwarding screenshot on session f38132bec70b685149d600fa9deab73b to remote] DEBUG org.asynchttpclient.netty.request.NettyRequestSender - Using pooled Channel '[id: 0x349314e4, L:/127.0.0.1:63858 - R:localhost/127.0.0.1:58077]' for 'GET' to 'http://localhost:58077/session/f38132bec70b685149d600fa9deab73b/screenshot'
15:22:42.982 [Forwarding screenshot on session f38132bec70b685149d600fa9deab73b to remote] DEBUG org.asynchttpclient.netty.request.NettyRequestSender - Using open Channel [id: 0x349314e4, L:/127.0.0.1:63858 - R:localhost/127.0.0.1:58077] for GET '/session/f38132bec70b685149d600fa9deab73b/screenshot'
15:22:43.174 [AsyncHttpClient-1-2] DEBUG org.asynchttpclient.netty.handler.HttpHandler - 

Request DefaultFullHttpRequest(decodeResult: success, version: HTTP/1.1, content: EmptyByteBufBE)
GET /session/f38132bec70b685149d600fa9deab73b/screenshot HTTP/1.1
User-Agent: selenium/4.1.2 (java windows)
Cache-Control: no-cache
Content-Type: application/json; charset=utf-8
host: localhost:58077
accept: */*

Response DefaultHttpResponse(decodeResult: success, version: HTTP/1.1)
HTTP/1.1 200 OK
Content-Type: application/json; charset=utf-8
cache-control: no-cache
content-length: 379740

15:22:43.176 [AsyncHttpClient-1-2] DEBUG org.asynchttpclient.netty.channel.ChannelManager - Adding key: http://localhost:58077 for channel [id: 0x349314e4, L:/127.0.0.1:63858 - R:localhost/127.0.0.1:58077]
15:22:43.189 [Test worker] DEBUG net.serenitybdd.core.photography.Darkroom - Send negative for processing for C:\Users\johan\OneDrive\Documentos\KONEX\Pruebas automatizadas\automatizacion_login_backoffice_1v\target\site\serenity\2906e0e514c90d11ffaf03067b12110de544ee879fa76ed63b517fad1e2e3380.png
15:22:43.190 [Test worker] DEBUG net.thucydides.core.steps.StepInterceptor - STARTING STEP: Ingresar.performAs - {0} enters #theTextAsAString into #target
15:22:43.282 [Test worker] DEBUG net.serenitybdd.screenplay.targets.IFrameSwitcher - default content already selected for Datos para campo de usuario
15:22:43.325 [Forwarding findElement on session f38132bec70b685149d600fa9deab73b to remote] DEBUG org.asynchttpclient.netty.request.NettyRequestSender - Using pooled Channel '[id: 0x349314e4, L:/127.0.0.1:63858 - R:localhost/127.0.0.1:58077]' for 'POST' to 'http://localhost:58077/session/f38132bec70b685149d600fa9deab73b/element'
15:22:43.325 [Forwarding findElement on session f38132bec70b685149d600fa9deab73b to remote] DEBUG org.asynchttpclient.netty.request.NettyRequestSender - Using open Channel [id: 0x349314e4, L:/127.0.0.1:63858 - R:localhost/127.0.0.1:58077] for POST '/session/f38132bec70b685149d600fa9deab73b/element'
15:22:43.339 [AsyncHttpClient-1-2] DEBUG org.asynchttpclient.netty.handler.HttpHandler - 

Request DefaultHttpRequest(decodeResult: success, version: HTTP/1.1)
POST /session/f38132bec70b685149d600fa9deab73b/element HTTP/1.1
User-Agent: selenium/4.1.2 (java windows)
Content-Length: 53
Content-Type: application/json; charset=utf-8
host: localhost:58077
accept: */*

Response DefaultHttpResponse(decodeResult: success, version: HTTP/1.1)
HTTP/1.1 200 OK
Content-Type: application/json; charset=utf-8
cache-control: no-cache
content-length: 88

15:22:43.339 [AsyncHttpClient-1-2] DEBUG org.asynchttpclient.netty.channel.ChannelManager - Adding key: http://localhost:58077 for channel [id: 0x349314e4, L:/127.0.0.1:63858 - R:localhost/127.0.0.1:58077]
15:22:43.344 [Forwarding clearElement on session f38132bec70b685149d600fa9deab73b to remote] DEBUG org.asynchttpclient.netty.request.NettyRequestSender - Using pooled Channel '[id: 0x349314e4, L:/127.0.0.1:63858 - R:localhost/127.0.0.1:58077]' for 'POST' to 'http://localhost:58077/session/f38132bec70b685149d600fa9deab73b/element/9c0804c5-6916-4456-a07a-26560daeea79/clear'
15:22:43.344 [Forwarding clearElement on session f38132bec70b685149d600fa9deab73b to remote] DEBUG org.asynchttpclient.netty.request.NettyRequestSender - Using open Channel [id: 0x349314e4, L:/127.0.0.1:63858 - R:localhost/127.0.0.1:58077] for POST '/session/f38132bec70b685149d600fa9deab73b/element/9c0804c5-6916-4456-a07a-26560daeea79/clear'
15:22:43.383 [AsyncHttpClient-1-2] DEBUG org.asynchttpclient.netty.handler.HttpHandler - 

Request DefaultHttpRequest(decodeResult: success, version: HTTP/1.1)
POST /session/f38132bec70b685149d600fa9deab73b/element/9c0804c5-6916-4456-a07a-26560daeea79/clear HTTP/1.1
User-Agent: selenium/4.1.2 (java windows)
Content-Length: 50
Content-Type: application/json; charset=utf-8
host: localhost:58077
accept: */*

Response DefaultHttpResponse(decodeResult: success, version: HTTP/1.1)
HTTP/1.1 200 OK
Content-Type: application/json; charset=utf-8
cache-control: no-cache
content-length: 14

15:22:43.384 [AsyncHttpClient-1-2] DEBUG org.asynchttpclient.netty.channel.ChannelManager - Adding key: http://localhost:58077 for channel [id: 0x349314e4, L:/127.0.0.1:63858 - R:localhost/127.0.0.1:58077]
15:22:43.399 [Forwarding sendKeysToElement on session f38132bec70b685149d600fa9deab73b to remote] DEBUG org.asynchttpclient.netty.request.NettyRequestSender - Using pooled Channel '[id: 0x349314e4, L:/127.0.0.1:63858 - R:localhost/127.0.0.1:58077]' for 'POST' to 'http://localhost:58077/session/f38132bec70b685149d600fa9deab73b/element/9c0804c5-6916-4456-a07a-26560daeea79/value'
15:22:43.399 [Forwarding sendKeysToElement on session f38132bec70b685149d600fa9deab73b to remote] DEBUG org.asynchttpclient.netty.request.NettyRequestSender - Using open Channel [id: 0x349314e4, L:/127.0.0.1:63858 - R:localhost/127.0.0.1:58077] for POST '/session/f38132bec70b685149d600fa9deab73b/element/9c0804c5-6916-4456-a07a-26560daeea79/value'
15:22:43.435 [AsyncHttpClient-1-2] DEBUG org.asynchttpclient.netty.handler.HttpHandler - 

Request DefaultHttpRequest(decodeResult: success, version: HTTP/1.1)
POST /session/f38132bec70b685149d600fa9deab73b/element/9c0804c5-6916-4456-a07a-26560daeea79/value HTTP/1.1
User-Agent: selenium/4.1.2 (java windows)
Content-Length: 191
Content-Type: application/json; charset=utf-8
host: localhost:58077
accept: */*

Response DefaultHttpResponse(decodeResult: success, version: HTTP/1.1)
HTTP/1.1 200 OK
Content-Type: application/json; charset=utf-8
cache-control: no-cache
content-length: 14

15:22:43.435 [AsyncHttpClient-1-2] DEBUG org.asynchttpclient.netty.channel.ChannelManager - Adding key: http://localhost:58077 for channel [id: 0x349314e4, L:/127.0.0.1:63858 - R:localhost/127.0.0.1:58077]
15:22:43.452 [Forwarding screenshot on session f38132bec70b685149d600fa9deab73b to remote] DEBUG org.asynchttpclient.netty.request.NettyRequestSender - Using pooled Channel '[id: 0x349314e4, L:/127.0.0.1:63858 - R:localhost/127.0.0.1:58077]' for 'GET' to 'http://localhost:58077/session/f38132bec70b685149d600fa9deab73b/screenshot'
15:22:43.453 [Forwarding screenshot on session f38132bec70b685149d600fa9deab73b to remote] DEBUG org.asynchttpclient.netty.request.NettyRequestSender - Using open Channel [id: 0x349314e4, L:/127.0.0.1:63858 - R:localhost/127.0.0.1:58077] for GET '/session/f38132bec70b685149d600fa9deab73b/screenshot'
15:22:43.677 [AsyncHttpClient-1-2] DEBUG org.asynchttpclient.netty.handler.HttpHandler - 

Request DefaultFullHttpRequest(decodeResult: success, version: HTTP/1.1, content: EmptyByteBufBE)
GET /session/f38132bec70b685149d600fa9deab73b/screenshot HTTP/1.1
User-Agent: selenium/4.1.2 (java windows)
Cache-Control: no-cache
Content-Type: application/json; charset=utf-8
host: localhost:58077
accept: */*

Response DefaultHttpResponse(decodeResult: success, version: HTTP/1.1)
HTTP/1.1 200 OK
Content-Type: application/json; charset=utf-8
cache-control: no-cache
content-length: 378572

15:22:43.681 [AsyncHttpClient-1-2] DEBUG org.asynchttpclient.netty.channel.ChannelManager - Adding key: http://localhost:58077 for channel [id: 0x349314e4, L:/127.0.0.1:63858 - R:localhost/127.0.0.1:58077]
15:22:43.696 [Test worker] DEBUG net.serenitybdd.core.photography.Darkroom - Send negative for processing for C:\Users\johan\OneDrive\Documentos\KONEX\Pruebas automatizadas\automatizacion_login_backoffice_1v\target\site\serenity\006b24e5412277c5de3e2de51cd21d98827689b6fa88dab4e7de0ed1afc6cbb1.png
15:22:43.728 [Test worker] DEBUG net.thucydides.core.steps.StepInterceptor - STEP DONE: {0} enters #theTextAsAString into #target
15:22:43.746 [Forwarding screenshot on session f38132bec70b685149d600fa9deab73b to remote] DEBUG org.asynchttpclient.netty.request.NettyRequestSender - Using pooled Channel '[id: 0x349314e4, L:/127.0.0.1:63858 - R:localhost/127.0.0.1:58077]' for 'GET' to 'http://localhost:58077/session/f38132bec70b685149d600fa9deab73b/screenshot'
15:22:43.747 [Forwarding screenshot on session f38132bec70b685149d600fa9deab73b to remote] DEBUG org.asynchttpclient.netty.request.NettyRequestSender - Using open Channel [id: 0x349314e4, L:/127.0.0.1:63858 - R:localhost/127.0.0.1:58077] for GET '/session/f38132bec70b685149d600fa9deab73b/screenshot'
15:22:43.960 [AsyncHttpClient-1-2] DEBUG org.asynchttpclient.netty.handler.HttpHandler - 

Request DefaultFullHttpRequest(decodeResult: success, version: HTTP/1.1, content: EmptyByteBufBE)
GET /session/f38132bec70b685149d600fa9deab73b/screenshot HTTP/1.1
User-Agent: selenium/4.1.2 (java windows)
Cache-Control: no-cache
Content-Type: application/json; charset=utf-8
host: localhost:58077
accept: */*

Response DefaultHttpResponse(decodeResult: success, version: HTTP/1.1)
HTTP/1.1 200 OK
Content-Type: application/json; charset=utf-8
cache-control: no-cache
content-length: 378572

15:22:43.963 [AsyncHttpClient-1-2] DEBUG org.asynchttpclient.netty.channel.ChannelManager - Adding key: http://localhost:58077 for channel [id: 0x349314e4, L:/127.0.0.1:63858 - R:localhost/127.0.0.1:58077]
15:22:43.980 [Test worker] DEBUG net.serenitybdd.core.photography.Darkroom - Send negative for processing for C:\Users\johan\OneDrive\Documentos\KONEX\Pruebas automatizadas\automatizacion_login_backoffice_1v\target\site\serenity\006b24e5412277c5de3e2de51cd21d98827689b6fa88dab4e7de0ed1afc6cbb1.png
15:22:43.981 [Test worker] DEBUG net.thucydides.core.steps.StepInterceptor - STARTING STEP: Ingresar.performAs - {0} enters #theTextAsAString into #target
15:22:43.995 [Test worker] DEBUG net.serenitybdd.screenplay.targets.IFrameSwitcher - default content already selected for Datos para campo contrasenna
15:22:44.009 [AsyncHttpClient-1-1] DEBUG org.asynchttpclient.netty.channel.DefaultChannelPool - Entry count for : http://localhost:63862 : 1
15:22:44.009 [AsyncHttpClient-1-1] DEBUG org.asynchttpclient.netty.channel.DefaultChannelPool - Entry count for : http://localhost:58077 : 1
15:22:44.086 [Forwarding findElement on session f38132bec70b685149d600fa9deab73b to remote] DEBUG org.asynchttpclient.netty.request.NettyRequestSender - Using pooled Channel '[id: 0x349314e4, L:/127.0.0.1:63858 - R:localhost/127.0.0.1:58077]' for 'POST' to 'http://localhost:58077/session/f38132bec70b685149d600fa9deab73b/element'
15:22:44.086 [Forwarding findElement on session f38132bec70b685149d600fa9deab73b to remote] DEBUG org.asynchttpclient.netty.request.NettyRequestSender - Using open Channel [id: 0x349314e4, L:/127.0.0.1:63858 - R:localhost/127.0.0.1:58077] for POST '/session/f38132bec70b685149d600fa9deab73b/element'
15:22:44.108 [AsyncHttpClient-1-2] DEBUG org.asynchttpclient.netty.handler.HttpHandler - 

Request DefaultHttpRequest(decodeResult: success, version: HTTP/1.1)
POST /session/f38132bec70b685149d600fa9deab73b/element HTTP/1.1
User-Agent: selenium/4.1.2 (java windows)
Content-Length: 50
Content-Type: application/json; charset=utf-8
host: localhost:58077
accept: */*

Response DefaultHttpResponse(decodeResult: success, version: HTTP/1.1)
HTTP/1.1 200 OK
Content-Type: application/json; charset=utf-8
cache-control: no-cache
content-length: 88

15:22:44.109 [AsyncHttpClient-1-2] DEBUG org.asynchttpclient.netty.channel.ChannelManager - Adding key: http://localhost:58077 for channel [id: 0x349314e4, L:/127.0.0.1:63858 - R:localhost/127.0.0.1:58077]
15:22:44.112 [Forwarding clearElement on session f38132bec70b685149d600fa9deab73b to remote] DEBUG org.asynchttpclient.netty.request.NettyRequestSender - Using pooled Channel '[id: 0x349314e4, L:/127.0.0.1:63858 - R:localhost/127.0.0.1:58077]' for 'POST' to 'http://localhost:58077/session/f38132bec70b685149d600fa9deab73b/element/8263d536-1f06-4022-9164-81f0479e91a0/clear'
15:22:44.112 [Forwarding clearElement on session f38132bec70b685149d600fa9deab73b to remote] DEBUG org.asynchttpclient.netty.request.NettyRequestSender - Using open Channel [id: 0x349314e4, L:/127.0.0.1:63858 - R:localhost/127.0.0.1:58077] for POST '/session/f38132bec70b685149d600fa9deab73b/element/8263d536-1f06-4022-9164-81f0479e91a0/clear'
15:22:44.168 [AsyncHttpClient-1-2] DEBUG org.asynchttpclient.netty.handler.HttpHandler - 

Request DefaultHttpRequest(decodeResult: success, version: HTTP/1.1)
POST /session/f38132bec70b685149d600fa9deab73b/element/8263d536-1f06-4022-9164-81f0479e91a0/clear HTTP/1.1
User-Agent: selenium/4.1.2 (java windows)
Content-Length: 50
Content-Type: application/json; charset=utf-8
host: localhost:58077
accept: */*

Response DefaultHttpResponse(decodeResult: success, version: HTTP/1.1)
HTTP/1.1 200 OK
Content-Type: application/json; charset=utf-8
cache-control: no-cache
content-length: 14

15:22:44.169 [AsyncHttpClient-1-2] DEBUG org.asynchttpclient.netty.channel.ChannelManager - Adding key: http://localhost:58077 for channel [id: 0x349314e4, L:/127.0.0.1:63858 - R:localhost/127.0.0.1:58077]
15:22:44.193 [Forwarding sendKeysToElement on session f38132bec70b685149d600fa9deab73b to remote] DEBUG org.asynchttpclient.netty.request.NettyRequestSender - Using pooled Channel '[id: 0x349314e4, L:/127.0.0.1:63858 - R:localhost/127.0.0.1:58077]' for 'POST' to 'http://localhost:58077/session/f38132bec70b685149d600fa9deab73b/element/8263d536-1f06-4022-9164-81f0479e91a0/value'
15:22:44.194 [Forwarding sendKeysToElement on session f38132bec70b685149d600fa9deab73b to remote] DEBUG org.asynchttpclient.netty.request.NettyRequestSender - Using open Channel [id: 0x349314e4, L:/127.0.0.1:63858 - R:localhost/127.0.0.1:58077] for POST '/session/f38132bec70b685149d600fa9deab73b/element/8263d536-1f06-4022-9164-81f0479e91a0/value'
15:22:44.295 [AsyncHttpClient-1-2] DEBUG org.asynchttpclient.netty.handler.HttpHandler - 

Request DefaultHttpRequest(decodeResult: success, version: HTTP/1.1)
POST /session/f38132bec70b685149d600fa9deab73b/element/8263d536-1f06-4022-9164-81f0479e91a0/value HTTP/1.1
User-Agent: selenium/4.1.2 (java windows)
Content-Length: 181
Content-Type: application/json; charset=utf-8
host: localhost:58077
accept: */*

Response DefaultHttpResponse(decodeResult: success, version: HTTP/1.1)
HTTP/1.1 200 OK
Content-Type: application/json; charset=utf-8
cache-control: no-cache
content-length: 14

15:22:44.296 [AsyncHttpClient-1-2] DEBUG org.asynchttpclient.netty.channel.ChannelManager - Adding key: http://localhost:58077 for channel [id: 0x349314e4, L:/127.0.0.1:63858 - R:localhost/127.0.0.1:58077]
15:22:44.356 [Forwarding screenshot on session f38132bec70b685149d600fa9deab73b to remote] DEBUG org.asynchttpclient.netty.request.NettyRequestSender - Using pooled Channel '[id: 0x349314e4, L:/127.0.0.1:63858 - R:localhost/127.0.0.1:58077]' for 'GET' to 'http://localhost:58077/session/f38132bec70b685149d600fa9deab73b/screenshot'
15:22:44.357 [Forwarding screenshot on session f38132bec70b685149d600fa9deab73b to remote] DEBUG org.asynchttpclient.netty.request.NettyRequestSender - Using open Channel [id: 0x349314e4, L:/127.0.0.1:63858 - R:localhost/127.0.0.1:58077] for GET '/session/f38132bec70b685149d600fa9deab73b/screenshot'
15:22:44.733 [AsyncHttpClient-1-2] DEBUG org.asynchttpclient.netty.handler.HttpHandler - 

Request DefaultFullHttpRequest(decodeResult: success, version: HTTP/1.1, content: EmptyByteBufBE)
GET /session/f38132bec70b685149d600fa9deab73b/screenshot HTTP/1.1
User-Agent: selenium/4.1.2 (java windows)
Cache-Control: no-cache
Content-Type: application/json; charset=utf-8
host: localhost:58077
accept: */*

Response DefaultHttpResponse(decodeResult: success, version: HTTP/1.1)
HTTP/1.1 200 OK
Content-Type: application/json; charset=utf-8
cache-control: no-cache
content-length: 376452

15:22:44.737 [AsyncHttpClient-1-2] DEBUG org.asynchttpclient.netty.channel.ChannelManager - Adding key: http://localhost:58077 for channel [id: 0x349314e4, L:/127.0.0.1:63858 - R:localhost/127.0.0.1:58077]
15:22:44.765 [Test worker] DEBUG net.serenitybdd.core.photography.Darkroom - Send negative for processing for C:\Users\johan\OneDrive\Documentos\KONEX\Pruebas automatizadas\automatizacion_login_backoffice_1v\target\site\serenity\6409296d25c248aedb7da1477f84c275db0599f87c2e3eeb6f484850a149a03f.png
15:22:44.816 [Forwarding screenshot on session f38132bec70b685149d600fa9deab73b to remote] DEBUG org.asynchttpclient.netty.request.NettyRequestSender - Using pooled Channel '[id: 0x349314e4, L:/127.0.0.1:63858 - R:localhost/127.0.0.1:58077]' for 'GET' to 'http://localhost:58077/session/f38132bec70b685149d600fa9deab73b/screenshot'
15:22:44.816 [Forwarding screenshot on session f38132bec70b685149d600fa9deab73b to remote] DEBUG org.asynchttpclient.netty.request.NettyRequestSender - Using open Channel [id: 0x349314e4, L:/127.0.0.1:63858 - R:localhost/127.0.0.1:58077] for GET '/session/f38132bec70b685149d600fa9deab73b/screenshot'
15:22:45.112 [AsyncHttpClient-1-1] DEBUG org.asynchttpclient.netty.channel.DefaultChannelPool - Entry count for : http://localhost:63862 : 1
15:22:45.200 [AsyncHttpClient-1-2] DEBUG org.asynchttpclient.netty.handler.HttpHandler - 

Request DefaultFullHttpRequest(decodeResult: success, version: HTTP/1.1, content: EmptyByteBufBE)
GET /session/f38132bec70b685149d600fa9deab73b/screenshot HTTP/1.1
User-Agent: selenium/4.1.2 (java windows)
Cache-Control: no-cache
Content-Type: application/json; charset=utf-8
host: localhost:58077
accept: */*

Response DefaultHttpResponse(decodeResult: success, version: HTTP/1.1)
HTTP/1.1 200 OK
Content-Type: application/json; charset=utf-8
cache-control: no-cache
content-length: 376308

15:22:45.205 [AsyncHttpClient-1-2] DEBUG org.asynchttpclient.netty.channel.ChannelManager - Adding key: http://localhost:58077 for channel [id: 0x349314e4, L:/127.0.0.1:63858 - R:localhost/127.0.0.1:58077]
15:22:45.243 [Test worker] DEBUG net.serenitybdd.core.photography.Darkroom - Send negative for processing for C:\Users\johan\OneDrive\Documentos\KONEX\Pruebas automatizadas\automatizacion_login_backoffice_1v\target\site\serenity\777d771f417b2d92f2980caaac3c4242d665f99f2fe608d980d7860e25bab63a.png
15:22:45.244 [Test worker] DEBUG net.thucydides.core.steps.StepInterceptor - STEP DONE: {0} enters #theTextAsAString into #target
15:22:45.280 [Test worker] DEBUG net.thucydides.core.steps.StepInterceptor - STARTING STEP: Ingresar.performAs - {0} clicks on #target
15:22:45.281 [Test worker] DEBUG net.serenitybdd.screenplay.targets.IFrameSwitcher - default content already selected for Verificar contrasenna
15:22:45.432 [Forwarding findElement on session f38132bec70b685149d600fa9deab73b to remote] DEBUG org.asynchttpclient.netty.request.NettyRequestSender - Using pooled Channel '[id: 0x349314e4, L:/127.0.0.1:63858 - R:localhost/127.0.0.1:58077]' for 'POST' to 'http://localhost:58077/session/f38132bec70b685149d600fa9deab73b/element'
15:22:45.432 [Forwarding findElement on session f38132bec70b685149d600fa9deab73b to remote] DEBUG org.asynchttpclient.netty.request.NettyRequestSender - Using open Channel [id: 0x349314e4, L:/127.0.0.1:63858 - R:localhost/127.0.0.1:58077] for POST '/session/f38132bec70b685149d600fa9deab73b/element'
15:22:45.454 [AsyncHttpClient-1-2] DEBUG org.asynchttpclient.netty.handler.HttpHandler - 

Request DefaultHttpRequest(decodeResult: success, version: HTTP/1.1)
POST /session/f38132bec70b685149d600fa9deab73b/element HTTP/1.1
User-Agent: selenium/4.1.2 (java windows)
Content-Length: 93
Content-Type: application/json; charset=utf-8
host: localhost:58077
accept: */*

Response DefaultHttpResponse(decodeResult: success, version: HTTP/1.1)
HTTP/1.1 200 OK
Content-Type: application/json; charset=utf-8
cache-control: no-cache
content-length: 88

15:22:45.454 [AsyncHttpClient-1-2] DEBUG org.asynchttpclient.netty.channel.ChannelManager - Adding key: http://localhost:58077 for channel [id: 0x349314e4, L:/127.0.0.1:63858 - R:localhost/127.0.0.1:58077]
15:22:45.505 [Forwarding isElementDisplayed on session f38132bec70b685149d600fa9deab73b to remote] DEBUG org.asynchttpclient.netty.request.NettyRequestSender - Using pooled Channel '[id: 0x349314e4, L:/127.0.0.1:63858 - R:localhost/127.0.0.1:58077]' for 'POST' to 'http://localhost:58077/session/f38132bec70b685149d600fa9deab73b/execute/sync'
15:22:45.505 [Forwarding isElementDisplayed on session f38132bec70b685149d600fa9deab73b to remote] DEBUG org.asynchttpclient.netty.request.NettyRequestSender - Using open Channel [id: 0x349314e4, L:/127.0.0.1:63858 - R:localhost/127.0.0.1:58077] for POST '/session/f38132bec70b685149d600fa9deab73b/execute/sync'
15:22:45.532 [AsyncHttpClient-1-2] DEBUG org.asynchttpclient.netty.handler.HttpHandler - 

Request DefaultHttpRequest(decodeResult: success, version: HTTP/1.1)
POST /session/f38132bec70b685149d600fa9deab73b/execute/sync HTTP/1.1
User-Agent: selenium/4.1.2 (java windows)
Content-Length: 48780
Content-Type: application/json; charset=utf-8
host: localhost:58077
accept: */*

Response DefaultHttpResponse(decodeResult: success, version: HTTP/1.1)
HTTP/1.1 200 OK
Content-Type: application/json; charset=utf-8
cache-control: no-cache
content-length: 14

15:22:45.532 [AsyncHttpClient-1-2] DEBUG org.asynchttpclient.netty.channel.ChannelManager - Adding key: http://localhost:58077 for channel [id: 0x349314e4, L:/127.0.0.1:63858 - R:localhost/127.0.0.1:58077]
15:22:45.572 [Forwarding findElement on session f38132bec70b685149d600fa9deab73b to remote] DEBUG org.asynchttpclient.netty.request.NettyRequestSender - Using pooled Channel '[id: 0x349314e4, L:/127.0.0.1:63858 - R:localhost/127.0.0.1:58077]' for 'POST' to 'http://localhost:58077/session/f38132bec70b685149d600fa9deab73b/element'
15:22:45.572 [Forwarding findElement on session f38132bec70b685149d600fa9deab73b to remote] DEBUG org.asynchttpclient.netty.request.NettyRequestSender - Using open Channel [id: 0x349314e4, L:/127.0.0.1:63858 - R:localhost/127.0.0.1:58077] for POST '/session/f38132bec70b685149d600fa9deab73b/element'
15:22:45.585 [AsyncHttpClient-1-2] DEBUG org.asynchttpclient.netty.handler.HttpHandler - 

Request DefaultHttpRequest(decodeResult: success, version: HTTP/1.1)
POST /session/f38132bec70b685149d600fa9deab73b/element HTTP/1.1
User-Agent: selenium/4.1.2 (java windows)
Content-Length: 93
Content-Type: application/json; charset=utf-8
host: localhost:58077
accept: */*

Response DefaultHttpResponse(decodeResult: success, version: HTTP/1.1)
HTTP/1.1 200 OK
Content-Type: application/json; charset=utf-8
cache-control: no-cache
content-length: 88

15:22:45.586 [AsyncHttpClient-1-2] DEBUG org.asynchttpclient.netty.channel.ChannelManager - Adding key: http://localhost:58077 for channel [id: 0x349314e4, L:/127.0.0.1:63858 - R:localhost/127.0.0.1:58077]
15:22:45.589 [Forwarding clickElement on session f38132bec70b685149d600fa9deab73b to remote] DEBUG org.asynchttpclient.netty.request.NettyRequestSender - Using pooled Channel '[id: 0x349314e4, L:/127.0.0.1:63858 - R:localhost/127.0.0.1:58077]' for 'POST' to 'http://localhost:58077/session/f38132bec70b685149d600fa9deab73b/element/dc9d1a40-fae3-4385-a056-369193e0ea56/click'
15:22:45.590 [Forwarding clickElement on session f38132bec70b685149d600fa9deab73b to remote] DEBUG org.asynchttpclient.netty.request.NettyRequestSender - Using open Channel [id: 0x349314e4, L:/127.0.0.1:63858 - R:localhost/127.0.0.1:58077] for POST '/session/f38132bec70b685149d600fa9deab73b/element/dc9d1a40-fae3-4385-a056-369193e0ea56/click'
15:22:45.657 [AsyncHttpClient-1-2] DEBUG org.asynchttpclient.netty.handler.HttpHandler - 

Request DefaultHttpRequest(decodeResult: success, version: HTTP/1.1)
POST /session/f38132bec70b685149d600fa9deab73b/element/dc9d1a40-fae3-4385-a056-369193e0ea56/click HTTP/1.1
User-Agent: selenium/4.1.2 (java windows)
Content-Length: 50
Content-Type: application/json; charset=utf-8
host: localhost:58077
accept: */*

Response DefaultHttpResponse(decodeResult: success, version: HTTP/1.1)
HTTP/1.1 200 OK
Content-Type: application/json; charset=utf-8
cache-control: no-cache
content-length: 14

15:22:45.658 [AsyncHttpClient-1-2] DEBUG org.asynchttpclient.netty.channel.ChannelManager - Adding key: http://localhost:58077 for channel [id: 0x349314e4, L:/127.0.0.1:63858 - R:localhost/127.0.0.1:58077]
15:22:45.697 [Forwarding screenshot on session f38132bec70b685149d600fa9deab73b to remote] DEBUG org.asynchttpclient.netty.request.NettyRequestSender - Using pooled Channel '[id: 0x349314e4, L:/127.0.0.1:63858 - R:localhost/127.0.0.1:58077]' for 'GET' to 'http://localhost:58077/session/f38132bec70b685149d600fa9deab73b/screenshot'
15:22:45.697 [Forwarding screenshot on session f38132bec70b685149d600fa9deab73b to remote] DEBUG org.asynchttpclient.netty.request.NettyRequestSender - Using open Channel [id: 0x349314e4, L:/127.0.0.1:63858 - R:localhost/127.0.0.1:58077] for GET '/session/f38132bec70b685149d600fa9deab73b/screenshot'
15:22:46.053 [AsyncHttpClient-1-2] DEBUG org.asynchttpclient.netty.handler.HttpHandler - 

Request DefaultFullHttpRequest(decodeResult: success, version: HTTP/1.1, content: EmptyByteBufBE)
GET /session/f38132bec70b685149d600fa9deab73b/screenshot HTTP/1.1
User-Agent: selenium/4.1.2 (java windows)
Cache-Control: no-cache
Content-Type: application/json; charset=utf-8
host: localhost:58077
accept: */*

Response DefaultHttpResponse(decodeResult: success, version: HTTP/1.1)
HTTP/1.1 200 OK
Content-Type: application/json; charset=utf-8
cache-control: no-cache
content-length: 376324

15:22:46.055 [AsyncHttpClient-1-2] DEBUG org.asynchttpclient.netty.channel.ChannelManager - Adding key: http://localhost:58077 for channel [id: 0x349314e4, L:/127.0.0.1:63858 - R:localhost/127.0.0.1:58077]
15:22:46.068 [Test worker] DEBUG net.serenitybdd.core.photography.Darkroom - Send negative for processing for C:\Users\johan\OneDrive\Documentos\KONEX\Pruebas automatizadas\automatizacion_login_backoffice_1v\target\site\serenity\5a6ba8c2df8388bd4966dd7ccc4272c7a0ff783bc6367d82021d23e044e03244.png
15:22:46.083 [Test worker] DEBUG net.thucydides.core.steps.StepInterceptor - STEP DONE: {0} clicks on #target
15:22:46.100 [Test worker] DEBUG net.thucydides.core.steps.StepInterceptor - STARTING STEP: Ingresar.performAs - {0} clicks on #target
15:22:46.100 [Test worker] DEBUG net.serenitybdd.screenplay.targets.IFrameSwitcher - default content already selected for Boton iniciar sesion
15:22:46.176 [Forwarding findElement on session f38132bec70b685149d600fa9deab73b to remote] DEBUG org.asynchttpclient.netty.request.NettyRequestSender - Using pooled Channel '[id: 0x349314e4, L:/127.0.0.1:63858 - R:localhost/127.0.0.1:58077]' for 'POST' to 'http://localhost:58077/session/f38132bec70b685149d600fa9deab73b/element'
15:22:46.176 [Forwarding findElement on session f38132bec70b685149d600fa9deab73b to remote] DEBUG org.asynchttpclient.netty.request.NettyRequestSender - Using open Channel [id: 0x349314e4, L:/127.0.0.1:63858 - R:localhost/127.0.0.1:58077] for POST '/session/f38132bec70b685149d600fa9deab73b/element'
15:22:46.187 [AsyncHttpClient-1-2] DEBUG org.asynchttpclient.netty.handler.HttpHandler - 

Request DefaultHttpRequest(decodeResult: success, version: HTTP/1.1)
POST /session/f38132bec70b685149d600fa9deab73b/element HTTP/1.1
User-Agent: selenium/4.1.2 (java windows)
Content-Length: 89
Content-Type: application/json; charset=utf-8
host: localhost:58077
accept: */*

Response DefaultHttpResponse(decodeResult: success, version: HTTP/1.1)
HTTP/1.1 200 OK
Content-Type: application/json; charset=utf-8
cache-control: no-cache
content-length: 88

15:22:46.187 [AsyncHttpClient-1-2] DEBUG org.asynchttpclient.netty.channel.ChannelManager - Adding key: http://localhost:58077 for channel [id: 0x349314e4, L:/127.0.0.1:63858 - R:localhost/127.0.0.1:58077]
15:22:46.210 [Forwarding isElementDisplayed on session f38132bec70b685149d600fa9deab73b to remote] DEBUG org.asynchttpclient.netty.request.NettyRequestSender - Using pooled Channel '[id: 0x349314e4, L:/127.0.0.1:63858 - R:localhost/127.0.0.1:58077]' for 'POST' to 'http://localhost:58077/session/f38132bec70b685149d600fa9deab73b/execute/sync'
15:22:46.210 [Forwarding isElementDisplayed on session f38132bec70b685149d600fa9deab73b to remote] DEBUG org.asynchttpclient.netty.request.NettyRequestSender - Using open Channel [id: 0x349314e4, L:/127.0.0.1:63858 - R:localhost/127.0.0.1:58077] for POST '/session/f38132bec70b685149d600fa9deab73b/execute/sync'
15:22:46.213 [AsyncHttpClient-1-1] DEBUG org.asynchttpclient.netty.channel.DefaultChannelPool - Entry count for : http://localhost:63862 : 1
15:22:46.223 [AsyncHttpClient-1-2] DEBUG org.asynchttpclient.netty.handler.HttpHandler - 

Request DefaultHttpRequest(decodeResult: success, version: HTTP/1.1)
POST /session/f38132bec70b685149d600fa9deab73b/execute/sync HTTP/1.1
User-Agent: selenium/4.1.2 (java windows)
Content-Length: 48780
Content-Type: application/json; charset=utf-8
host: localhost:58077
accept: */*

Response DefaultHttpResponse(decodeResult: success, version: HTTP/1.1)
HTTP/1.1 200 OK
Content-Type: application/json; charset=utf-8
cache-control: no-cache
content-length: 14

15:22:46.223 [AsyncHttpClient-1-2] DEBUG org.asynchttpclient.netty.channel.ChannelManager - Adding key: http://localhost:58077 for channel [id: 0x349314e4, L:/127.0.0.1:63858 - R:localhost/127.0.0.1:58077]
15:22:46.249 [Forwarding findElement on session f38132bec70b685149d600fa9deab73b to remote] DEBUG org.asynchttpclient.netty.request.NettyRequestSender - Using pooled Channel '[id: 0x349314e4, L:/127.0.0.1:63858 - R:localhost/127.0.0.1:58077]' for 'POST' to 'http://localhost:58077/session/f38132bec70b685149d600fa9deab73b/element'
15:22:46.249 [Forwarding findElement on session f38132bec70b685149d600fa9deab73b to remote] DEBUG org.asynchttpclient.netty.request.NettyRequestSender - Using open Channel [id: 0x349314e4, L:/127.0.0.1:63858 - R:localhost/127.0.0.1:58077] for POST '/session/f38132bec70b685149d600fa9deab73b/element'
15:22:46.256 [AsyncHttpClient-1-2] DEBUG org.asynchttpclient.netty.handler.HttpHandler - 

Request DefaultHttpRequest(decodeResult: success, version: HTTP/1.1)
POST /session/f38132bec70b685149d600fa9deab73b/element HTTP/1.1
User-Agent: selenium/4.1.2 (java windows)
Content-Length: 89
Content-Type: application/json; charset=utf-8
host: localhost:58077
accept: */*

Response DefaultHttpResponse(decodeResult: success, version: HTTP/1.1)
HTTP/1.1 200 OK
Content-Type: application/json; charset=utf-8
cache-control: no-cache
content-length: 88

15:22:46.257 [AsyncHttpClient-1-2] DEBUG org.asynchttpclient.netty.channel.ChannelManager - Adding key: http://localhost:58077 for channel [id: 0x349314e4, L:/127.0.0.1:63858 - R:localhost/127.0.0.1:58077]
15:22:46.259 [Forwarding clickElement on session f38132bec70b685149d600fa9deab73b to remote] DEBUG org.asynchttpclient.netty.request.NettyRequestSender - Using pooled Channel '[id: 0x349314e4, L:/127.0.0.1:63858 - R:localhost/127.0.0.1:58077]' for 'POST' to 'http://localhost:58077/session/f38132bec70b685149d600fa9deab73b/element/134ef3e1-cf5f-41b1-be5a-323ca1e7010f/click'
15:22:46.259 [Forwarding clickElement on session f38132bec70b685149d600fa9deab73b to remote] DEBUG org.asynchttpclient.netty.request.NettyRequestSender - Using open Channel [id: 0x349314e4, L:/127.0.0.1:63858 - R:localhost/127.0.0.1:58077] for POST '/session/f38132bec70b685149d600fa9deab73b/element/134ef3e1-cf5f-41b1-be5a-323ca1e7010f/click'
15:22:46.299 [AsyncHttpClient-1-2] DEBUG org.asynchttpclient.netty.handler.HttpHandler - 

Request DefaultHttpRequest(decodeResult: success, version: HTTP/1.1)
POST /session/f38132bec70b685149d600fa9deab73b/element/134ef3e1-cf5f-41b1-be5a-323ca1e7010f/click HTTP/1.1
User-Agent: selenium/4.1.2 (java windows)
Content-Length: 50
Content-Type: application/json; charset=utf-8
host: localhost:58077
accept: */*

Response DefaultHttpResponse(decodeResult: success, version: HTTP/1.1)
HTTP/1.1 200 OK
Content-Type: application/json; charset=utf-8
cache-control: no-cache
content-length: 14

15:22:46.299 [AsyncHttpClient-1-2] DEBUG org.asynchttpclient.netty.channel.ChannelManager - Adding key: http://localhost:58077 for channel [id: 0x349314e4, L:/127.0.0.1:63858 - R:localhost/127.0.0.1:58077]
15:22:46.320 [Forwarding screenshot on session f38132bec70b685149d600fa9deab73b to remote] DEBUG org.asynchttpclient.netty.request.NettyRequestSender - Using pooled Channel '[id: 0x349314e4, L:/127.0.0.1:63858 - R:localhost/127.0.0.1:58077]' for 'GET' to 'http://localhost:58077/session/f38132bec70b685149d600fa9deab73b/screenshot'
15:22:46.320 [Forwarding screenshot on session f38132bec70b685149d600fa9deab73b to remote] DEBUG org.asynchttpclient.netty.request.NettyRequestSender - Using open Channel [id: 0x349314e4, L:/127.0.0.1:63858 - R:localhost/127.0.0.1:58077] for GET '/session/f38132bec70b685149d600fa9deab73b/screenshot'
15:22:46.555 [AsyncHttpClient-1-2] DEBUG org.asynchttpclient.netty.handler.HttpHandler - 

Request DefaultFullHttpRequest(decodeResult: success, version: HTTP/1.1, content: EmptyByteBufBE)
GET /session/f38132bec70b685149d600fa9deab73b/screenshot HTTP/1.1
User-Agent: selenium/4.1.2 (java windows)
Cache-Control: no-cache
Content-Type: application/json; charset=utf-8
host: localhost:58077
accept: */*

Response DefaultHttpResponse(decodeResult: success, version: HTTP/1.1)
HTTP/1.1 200 OK
Content-Type: application/json; charset=utf-8
cache-control: no-cache
content-length: 356236

15:22:46.557 [AsyncHttpClient-1-2] DEBUG org.asynchttpclient.netty.channel.ChannelManager - Adding key: http://localhost:58077 for channel [id: 0x349314e4, L:/127.0.0.1:63858 - R:localhost/127.0.0.1:58077]
15:22:46.570 [Test worker] DEBUG net.serenitybdd.core.photography.Darkroom - Send negative for processing for C:\Users\johan\OneDrive\Documentos\KONEX\Pruebas automatizadas\automatizacion_login_backoffice_1v\target\site\serenity\525d6a52a2ac672b7bf0046603ff26105fb3e94524f2b08de7623ad7ab8eed70.png
15:22:46.585 [Test worker] DEBUG net.thucydides.core.steps.StepInterceptor - STEP DONE: {0} clicks on #target
15:22:46.601 [Test worker] DEBUG net.thucydides.core.steps.StepInterceptor - STARTING STEP: Ingresar.performAs - {0} clicks on #target
15:22:46.603 [Test worker] DEBUG net.serenitybdd.screenplay.targets.IFrameSwitcher - default content already selected for Opcion empresa
15:22:46.666 [Forwarding findElement on session f38132bec70b685149d600fa9deab73b to remote] DEBUG org.asynchttpclient.netty.request.NettyRequestSender - Using pooled Channel '[id: 0x349314e4, L:/127.0.0.1:63858 - R:localhost/127.0.0.1:58077]' for 'POST' to 'http://localhost:58077/session/f38132bec70b685149d600fa9deab73b/element'
15:22:46.667 [Forwarding findElement on session f38132bec70b685149d600fa9deab73b to remote] DEBUG org.asynchttpclient.netty.request.NettyRequestSender - Using open Channel [id: 0x349314e4, L:/127.0.0.1:63858 - R:localhost/127.0.0.1:58077] for POST '/session/f38132bec70b685149d600fa9deab73b/element'
15:22:47.308 [AsyncHttpClient-1-1] DEBUG org.asynchttpclient.netty.channel.DefaultChannelPool - Entry count for : http://localhost:63862 : 1
15:22:47.668 [AsyncHttpClient-1-2] DEBUG org.asynchttpclient.netty.handler.HttpHandler - 

Request DefaultHttpRequest(decodeResult: success, version: HTTP/1.1)
POST /session/f38132bec70b685149d600fa9deab73b/element HTTP/1.1
User-Agent: selenium/4.1.2 (java windows)
Content-Length: 78
Content-Type: application/json; charset=utf-8
host: localhost:58077
accept: */*

Response DefaultHttpResponse(decodeResult: success, version: HTTP/1.1)
HTTP/1.1 200 OK
Content-Type: application/json; charset=utf-8
cache-control: no-cache
content-length: 88

15:22:47.668 [AsyncHttpClient-1-2] DEBUG org.asynchttpclient.netty.channel.ChannelManager - Adding key: http://localhost:58077 for channel [id: 0x349314e4, L:/127.0.0.1:63858 - R:localhost/127.0.0.1:58077]
15:22:47.686 [Forwarding isElementDisplayed on session f38132bec70b685149d600fa9deab73b to remote] DEBUG org.asynchttpclient.netty.request.NettyRequestSender - Using pooled Channel '[id: 0x349314e4, L:/127.0.0.1:63858 - R:localhost/127.0.0.1:58077]' for 'POST' to 'http://localhost:58077/session/f38132bec70b685149d600fa9deab73b/execute/sync'
15:22:47.687 [Forwarding isElementDisplayed on session f38132bec70b685149d600fa9deab73b to remote] DEBUG org.asynchttpclient.netty.request.NettyRequestSender - Using open Channel [id: 0x349314e4, L:/127.0.0.1:63858 - R:localhost/127.0.0.1:58077] for POST '/session/f38132bec70b685149d600fa9deab73b/execute/sync'
15:22:47.696 [AsyncHttpClient-1-2] DEBUG org.asynchttpclient.netty.handler.HttpHandler - 

Request DefaultHttpRequest(decodeResult: success, version: HTTP/1.1)
POST /session/f38132bec70b685149d600fa9deab73b/execute/sync HTTP/1.1
User-Agent: selenium/4.1.2 (java windows)
Content-Length: 48780
Content-Type: application/json; charset=utf-8
host: localhost:58077
accept: */*

Response DefaultHttpResponse(decodeResult: success, version: HTTP/1.1)
HTTP/1.1 200 OK
Content-Type: application/json; charset=utf-8
cache-control: no-cache
content-length: 14

15:22:47.696 [AsyncHttpClient-1-2] DEBUG org.asynchttpclient.netty.channel.ChannelManager - Adding key: http://localhost:58077 for channel [id: 0x349314e4, L:/127.0.0.1:63858 - R:localhost/127.0.0.1:58077]
15:22:47.721 [Forwarding findElement on session f38132bec70b685149d600fa9deab73b to remote] DEBUG org.asynchttpclient.netty.request.NettyRequestSender - Using pooled Channel '[id: 0x349314e4, L:/127.0.0.1:63858 - R:localhost/127.0.0.1:58077]' for 'POST' to 'http://localhost:58077/session/f38132bec70b685149d600fa9deab73b/element'
15:22:47.721 [Forwarding findElement on session f38132bec70b685149d600fa9deab73b to remote] DEBUG org.asynchttpclient.netty.request.NettyRequestSender - Using open Channel [id: 0x349314e4, L:/127.0.0.1:63858 - R:localhost/127.0.0.1:58077] for POST '/session/f38132bec70b685149d600fa9deab73b/element'
15:22:47.729 [AsyncHttpClient-1-2] DEBUG org.asynchttpclient.netty.handler.HttpHandler - 

Request DefaultHttpRequest(decodeResult: success, version: HTTP/1.1)
POST /session/f38132bec70b685149d600fa9deab73b/element HTTP/1.1
User-Agent: selenium/4.1.2 (java windows)
Content-Length: 78
Content-Type: application/json; charset=utf-8
host: localhost:58077
accept: */*

Response DefaultHttpResponse(decodeResult: success, version: HTTP/1.1)
HTTP/1.1 200 OK
Content-Type: application/json; charset=utf-8
cache-control: no-cache
content-length: 88

15:22:47.730 [AsyncHttpClient-1-2] DEBUG org.asynchttpclient.netty.channel.ChannelManager - Adding key: http://localhost:58077 for channel [id: 0x349314e4, L:/127.0.0.1:63858 - R:localhost/127.0.0.1:58077]
15:22:47.732 [Forwarding clickElement on session f38132bec70b685149d600fa9deab73b to remote] DEBUG org.asynchttpclient.netty.request.NettyRequestSender - Using pooled Channel '[id: 0x349314e4, L:/127.0.0.1:63858 - R:localhost/127.0.0.1:58077]' for 'POST' to 'http://localhost:58077/session/f38132bec70b685149d600fa9deab73b/element/9668b5a2-f4db-4ac5-b99a-8a9ad8d12b49/click'
15:22:47.732 [Forwarding clickElement on session f38132bec70b685149d600fa9deab73b to remote] DEBUG org.asynchttpclient.netty.request.NettyRequestSender - Using open Channel [id: 0x349314e4, L:/127.0.0.1:63858 - R:localhost/127.0.0.1:58077] for POST '/session/f38132bec70b685149d600fa9deab73b/element/9668b5a2-f4db-4ac5-b99a-8a9ad8d12b49/click'
15:22:47.765 [AsyncHttpClient-1-2] DEBUG org.asynchttpclient.netty.handler.HttpHandler - 

Request DefaultHttpRequest(decodeResult: success, version: HTTP/1.1)
POST /session/f38132bec70b685149d600fa9deab73b/element/9668b5a2-f4db-4ac5-b99a-8a9ad8d12b49/click HTTP/1.1
User-Agent: selenium/4.1.2 (java windows)
Content-Length: 50
Content-Type: application/json; charset=utf-8
host: localhost:58077
accept: */*

Response DefaultHttpResponse(decodeResult: success, version: HTTP/1.1)
HTTP/1.1 200 OK
Content-Type: application/json; charset=utf-8
cache-control: no-cache
content-length: 14

15:22:47.765 [AsyncHttpClient-1-2] DEBUG org.asynchttpclient.netty.channel.ChannelManager - Adding key: http://localhost:58077 for channel [id: 0x349314e4, L:/127.0.0.1:63858 - R:localhost/127.0.0.1:58077]
15:22:47.783 [Forwarding screenshot on session f38132bec70b685149d600fa9deab73b to remote] DEBUG org.asynchttpclient.netty.request.NettyRequestSender - Using pooled Channel '[id: 0x349314e4, L:/127.0.0.1:63858 - R:localhost/127.0.0.1:58077]' for 'GET' to 'http://localhost:58077/session/f38132bec70b685149d600fa9deab73b/screenshot'
15:22:47.783 [Forwarding screenshot on session f38132bec70b685149d600fa9deab73b to remote] DEBUG org.asynchttpclient.netty.request.NettyRequestSender - Using open Channel [id: 0x349314e4, L:/127.0.0.1:63858 - R:localhost/127.0.0.1:58077] for GET '/session/f38132bec70b685149d600fa9deab73b/screenshot'
15:22:48.024 [AsyncHttpClient-1-2] DEBUG org.asynchttpclient.netty.handler.HttpHandler - 

Request DefaultFullHttpRequest(decodeResult: success, version: HTTP/1.1, content: EmptyByteBufBE)
GET /session/f38132bec70b685149d600fa9deab73b/screenshot HTTP/1.1
User-Agent: selenium/4.1.2 (java windows)
Cache-Control: no-cache
Content-Type: application/json; charset=utf-8
host: localhost:58077
accept: */*

Response DefaultHttpResponse(decodeResult: success, version: HTTP/1.1)
HTTP/1.1 200 OK
Content-Type: application/json; charset=utf-8
cache-control: no-cache
content-length: 338220

15:22:48.025 [AsyncHttpClient-1-2] DEBUG org.asynchttpclient.netty.channel.ChannelManager - Adding key: http://localhost:58077 for channel [id: 0x349314e4, L:/127.0.0.1:63858 - R:localhost/127.0.0.1:58077]
15:22:48.041 [Test worker] DEBUG net.serenitybdd.core.photography.Darkroom - Send negative for processing for C:\Users\johan\OneDrive\Documentos\KONEX\Pruebas automatizadas\automatizacion_login_backoffice_1v\target\site\serenity\fbb368bdb8e2c4bcdc15057253faf146c590716ac35a9c06138babdba9fba7f7.png
15:22:48.058 [Test worker] DEBUG net.thucydides.core.steps.StepInterceptor - STEP DONE: {0} clicks on #target
15:22:48.073 [Test worker] DEBUG net.thucydides.core.steps.StepInterceptor - STARTING STEP: Ingresar.performAs - {0} clicks on #target
15:22:48.073 [Test worker] DEBUG net.serenitybdd.screenplay.targets.IFrameSwitcher - default content already selected for Boton Aceptar
15:22:48.139 [Forwarding findElement on session f38132bec70b685149d600fa9deab73b to remote] DEBUG org.asynchttpclient.netty.request.NettyRequestSender - Using pooled Channel '[id: 0x349314e4, L:/127.0.0.1:63858 - R:localhost/127.0.0.1:58077]' for 'POST' to 'http://localhost:58077/session/f38132bec70b685149d600fa9deab73b/element'
15:22:48.139 [Forwarding findElement on session f38132bec70b685149d600fa9deab73b to remote] DEBUG org.asynchttpclient.netty.request.NettyRequestSender - Using open Channel [id: 0x349314e4, L:/127.0.0.1:63858 - R:localhost/127.0.0.1:58077] for POST '/session/f38132bec70b685149d600fa9deab73b/element'
15:22:48.149 [AsyncHttpClient-1-2] DEBUG org.asynchttpclient.netty.handler.HttpHandler - 

Request DefaultHttpRequest(decodeResult: success, version: HTTP/1.1)
POST /session/f38132bec70b685149d600fa9deab73b/element HTTP/1.1
User-Agent: selenium/4.1.2 (java windows)
Content-Length: 89
Content-Type: application/json; charset=utf-8
host: localhost:58077
accept: */*

Response DefaultHttpResponse(decodeResult: success, version: HTTP/1.1)
HTTP/1.1 200 OK
Content-Type: application/json; charset=utf-8
cache-control: no-cache
content-length: 88

15:22:48.149 [AsyncHttpClient-1-2] DEBUG org.asynchttpclient.netty.channel.ChannelManager - Adding key: http://localhost:58077 for channel [id: 0x349314e4, L:/127.0.0.1:63858 - R:localhost/127.0.0.1:58077]
15:22:48.162 [Forwarding isElementDisplayed on session f38132bec70b685149d600fa9deab73b to remote] DEBUG org.asynchttpclient.netty.request.NettyRequestSender - Using pooled Channel '[id: 0x349314e4, L:/127.0.0.1:63858 - R:localhost/127.0.0.1:58077]' for 'POST' to 'http://localhost:58077/session/f38132bec70b685149d600fa9deab73b/execute/sync'
15:22:48.162 [Forwarding isElementDisplayed on session f38132bec70b685149d600fa9deab73b to remote] DEBUG org.asynchttpclient.netty.request.NettyRequestSender - Using open Channel [id: 0x349314e4, L:/127.0.0.1:63858 - R:localhost/127.0.0.1:58077] for POST '/session/f38132bec70b685149d600fa9deab73b/execute/sync'
15:22:48.171 [AsyncHttpClient-1-2] DEBUG org.asynchttpclient.netty.handler.HttpHandler - 

Request DefaultHttpRequest(decodeResult: success, version: HTTP/1.1)
POST /session/f38132bec70b685149d600fa9deab73b/execute/sync HTTP/1.1
User-Agent: selenium/4.1.2 (java windows)
Content-Length: 48780
Content-Type: application/json; charset=utf-8
host: localhost:58077
accept: */*

Response DefaultHttpResponse(decodeResult: success, version: HTTP/1.1)
HTTP/1.1 200 OK
Content-Type: application/json; charset=utf-8
cache-control: no-cache
content-length: 14

15:22:48.171 [AsyncHttpClient-1-2] DEBUG org.asynchttpclient.netty.channel.ChannelManager - Adding key: http://localhost:58077 for channel [id: 0x349314e4, L:/127.0.0.1:63858 - R:localhost/127.0.0.1:58077]
15:22:48.196 [Forwarding findElement on session f38132bec70b685149d600fa9deab73b to remote] DEBUG org.asynchttpclient.netty.request.NettyRequestSender - Using pooled Channel '[id: 0x349314e4, L:/127.0.0.1:63858 - R:localhost/127.0.0.1:58077]' for 'POST' to 'http://localhost:58077/session/f38132bec70b685149d600fa9deab73b/element'
15:22:48.196 [Forwarding findElement on session f38132bec70b685149d600fa9deab73b to remote] DEBUG org.asynchttpclient.netty.request.NettyRequestSender - Using open Channel [id: 0x349314e4, L:/127.0.0.1:63858 - R:localhost/127.0.0.1:58077] for POST '/session/f38132bec70b685149d600fa9deab73b/element'
15:22:48.203 [AsyncHttpClient-1-2] DEBUG org.asynchttpclient.netty.handler.HttpHandler - 

Request DefaultHttpRequest(decodeResult: success, version: HTTP/1.1)
POST /session/f38132bec70b685149d600fa9deab73b/element HTTP/1.1
User-Agent: selenium/4.1.2 (java windows)
Content-Length: 89
Content-Type: application/json; charset=utf-8
host: localhost:58077
accept: */*

Response DefaultHttpResponse(decodeResult: success, version: HTTP/1.1)
HTTP/1.1 200 OK
Content-Type: application/json; charset=utf-8
cache-control: no-cache
content-length: 88

15:22:48.203 [AsyncHttpClient-1-2] DEBUG org.asynchttpclient.netty.channel.ChannelManager - Adding key: http://localhost:58077 for channel [id: 0x349314e4, L:/127.0.0.1:63858 - R:localhost/127.0.0.1:58077]
15:22:48.205 [Forwarding clickElement on session f38132bec70b685149d600fa9deab73b to remote] DEBUG org.asynchttpclient.netty.request.NettyRequestSender - Using pooled Channel '[id: 0x349314e4, L:/127.0.0.1:63858 - R:localhost/127.0.0.1:58077]' for 'POST' to 'http://localhost:58077/session/f38132bec70b685149d600fa9deab73b/element/68d542b1-4506-4083-92df-08b9916f52bb/click'
15:22:48.205 [Forwarding clickElement on session f38132bec70b685149d600fa9deab73b to remote] DEBUG org.asynchttpclient.netty.request.NettyRequestSender - Using open Channel [id: 0x349314e4, L:/127.0.0.1:63858 - R:localhost/127.0.0.1:58077] for POST '/session/f38132bec70b685149d600fa9deab73b/element/68d542b1-4506-4083-92df-08b9916f52bb/click'
15:22:48.323 [AsyncHttpClient-1-2] DEBUG org.asynchttpclient.netty.handler.HttpHandler - 

Request DefaultHttpRequest(decodeResult: success, version: HTTP/1.1)
POST /session/f38132bec70b685149d600fa9deab73b/element/68d542b1-4506-4083-92df-08b9916f52bb/click HTTP/1.1
User-Agent: selenium/4.1.2 (java windows)
Content-Length: 50
Content-Type: application/json; charset=utf-8
host: localhost:58077
accept: */*

Response DefaultHttpResponse(decodeResult: success, version: HTTP/1.1)
HTTP/1.1 200 OK
Content-Type: application/json; charset=utf-8
cache-control: no-cache
content-length: 14

15:22:48.323 [AsyncHttpClient-1-2] DEBUG org.asynchttpclient.netty.channel.ChannelManager - Adding key: http://localhost:58077 for channel [id: 0x349314e4, L:/127.0.0.1:63858 - R:localhost/127.0.0.1:58077]
15:22:48.350 [Forwarding screenshot on session f38132bec70b685149d600fa9deab73b to remote] DEBUG org.asynchttpclient.netty.request.NettyRequestSender - Using pooled Channel '[id: 0x349314e4, L:/127.0.0.1:63858 - R:localhost/127.0.0.1:58077]' for 'GET' to 'http://localhost:58077/session/f38132bec70b685149d600fa9deab73b/screenshot'
15:22:48.350 [Forwarding screenshot on session f38132bec70b685149d600fa9deab73b to remote] DEBUG org.asynchttpclient.netty.request.NettyRequestSender - Using open Channel [id: 0x349314e4, L:/127.0.0.1:63858 - R:localhost/127.0.0.1:58077] for GET '/session/f38132bec70b685149d600fa9deab73b/screenshot'
15:22:48.412 [AsyncHttpClient-1-1] DEBUG org.asynchttpclient.netty.channel.DefaultChannelPool - Entry count for : http://localhost:63862 : 1
15:22:48.501 [AsyncHttpClient-1-2] DEBUG org.asynchttpclient.netty.handler.HttpHandler - 

Request DefaultFullHttpRequest(decodeResult: success, version: HTTP/1.1, content: EmptyByteBufBE)
GET /session/f38132bec70b685149d600fa9deab73b/screenshot HTTP/1.1
User-Agent: selenium/4.1.2 (java windows)
Cache-Control: no-cache
Content-Type: application/json; charset=utf-8
host: localhost:58077
accept: */*

Response DefaultHttpResponse(decodeResult: success, version: HTTP/1.1)
HTTP/1.1 200 OK
Content-Type: application/json; charset=utf-8
cache-control: no-cache
content-length: 104732

15:22:48.502 [AsyncHttpClient-1-2] DEBUG org.asynchttpclient.netty.channel.ChannelManager - Adding key: http://localhost:58077 for channel [id: 0x349314e4, L:/127.0.0.1:63858 - R:localhost/127.0.0.1:58077]
15:22:48.510 [Test worker] DEBUG net.serenitybdd.core.photography.Darkroom - Send negative for processing for C:\Users\johan\OneDrive\Documentos\KONEX\Pruebas automatizadas\automatizacion_login_backoffice_1v\target\site\serenity\89ba866fa2323dfb3e963eb3983279014e1539fbfda885887e84648e1a7e6fb5.png
15:22:48.510 [Darkroom Processing Line] DEBUG net.serenitybdd.core.photography.DarkroomProcessingLine - Processing screenshot image in /var/screenshots/screenshot-8205906314459348604
15:22:48.510 [Darkroom Processing Line] DEBUG net.serenitybdd.core.photography.DarkroomProcessingLine - Saving screenshot to C:\Users\johan\OneDrive\Documentos\KONEX\Pruebas automatizadas\automatizacion_login_backoffice_1v\target\site\serenity\89ba866fa2323dfb3e963eb3983279014e1539fbfda885887e84648e1a7e6fb5.png
15:22:48.529 [Test worker] DEBUG net.thucydides.core.steps.StepInterceptor - STEP DONE: {0} clicks on #target
15:22:48.559 [Test worker] DEBUG net.thucydides.core.steps.StepInterceptor - STEP DONE: performAs
15:22:48.584 [Forwarding screenshot on session f38132bec70b685149d600fa9deab73b to remote] DEBUG org.asynchttpclient.netty.request.NettyRequestSender - Using pooled Channel '[id: 0x349314e4, L:/127.0.0.1:63858 - R:localhost/127.0.0.1:58077]' for 'GET' to 'http://localhost:58077/session/f38132bec70b685149d600fa9deab73b/screenshot'
15:22:48.584 [Forwarding screenshot on session f38132bec70b685149d600fa9deab73b to remote] DEBUG org.asynchttpclient.netty.request.NettyRequestSender - Using open Channel [id: 0x349314e4, L:/127.0.0.1:63858 - R:localhost/127.0.0.1:58077] for GET '/session/f38132bec70b685149d600fa9deab73b/screenshot'
15:22:48.728 [AsyncHttpClient-1-2] DEBUG org.asynchttpclient.netty.handler.HttpHandler - 

Request DefaultFullHttpRequest(decodeResult: success, version: HTTP/1.1, content: EmptyByteBufBE)
GET /session/f38132bec70b685149d600fa9deab73b/screenshot HTTP/1.1
User-Agent: selenium/4.1.2 (java windows)
Cache-Control: no-cache
Content-Type: application/json; charset=utf-8
host: localhost:58077
accept: */*

Response DefaultHttpResponse(decodeResult: success, version: HTTP/1.1)
HTTP/1.1 200 OK
Content-Type: application/json; charset=utf-8
cache-control: no-cache
content-length: 106772

15:22:48.729 [AsyncHttpClient-1-2] DEBUG org.asynchttpclient.netty.channel.ChannelManager - Adding key: http://localhost:58077 for channel [id: 0x349314e4, L:/127.0.0.1:63858 - R:localhost/127.0.0.1:58077]
15:22:48.733 [Test worker] DEBUG net.serenitybdd.core.photography.Darkroom - Send negative for processing for C:\Users\johan\OneDrive\Documentos\KONEX\Pruebas automatizadas\automatizacion_login_backoffice_1v\target\site\serenity\c9902d30940ec8185d28795e7a258fa6e6dc9f0593cc6633de8bd7495782209c.png
15:22:48.733 [Darkroom Processing Line] DEBUG net.serenitybdd.core.photography.DarkroomProcessingLine - Processing screenshot image in /var/screenshots/screenshot-2194838279751827588
15:22:48.734 [Darkroom Processing Line] DEBUG net.serenitybdd.core.photography.DarkroomProcessingLine - Saving screenshot to C:\Users\johan\OneDrive\Documentos\KONEX\Pruebas automatizadas\automatizacion_login_backoffice_1v\target\site\serenity\c9902d30940ec8185d28795e7a258fa6e6dc9f0593cc6633de8bd7495782209c.png
15:22:48.768 [Test worker] DEBUG net.thucydides.core.steps.StepInterceptor - STARTING STEP: AdminSorteoStepdefinitions.ingreseAlModuloEscrutinioYSubmoduloSorteo - performAs
15:22:48.789 [Forwarding screenshot on session f38132bec70b685149d600fa9deab73b to remote] DEBUG org.asynchttpclient.netty.request.NettyRequestSender - Using pooled Channel '[id: 0x349314e4, L:/127.0.0.1:63858 - R:localhost/127.0.0.1:58077]' for 'GET' to 'http://localhost:58077/session/f38132bec70b685149d600fa9deab73b/screenshot'
15:22:48.789 [Forwarding screenshot on session f38132bec70b685149d600fa9deab73b to remote] DEBUG org.asynchttpclient.netty.request.NettyRequestSender - Using open Channel [id: 0x349314e4, L:/127.0.0.1:63858 - R:localhost/127.0.0.1:58077] for GET '/session/f38132bec70b685149d600fa9deab73b/screenshot'
15:22:48.878 [AsyncHttpClient-1-2] DEBUG org.asynchttpclient.netty.handler.HttpHandler - 

Request DefaultFullHttpRequest(decodeResult: success, version: HTTP/1.1, content: EmptyByteBufBE)
GET /session/f38132bec70b685149d600fa9deab73b/screenshot HTTP/1.1
User-Agent: selenium/4.1.2 (java windows)
Cache-Control: no-cache
Content-Type: application/json; charset=utf-8
host: localhost:58077
accept: */*

Response DefaultHttpResponse(decodeResult: success, version: HTTP/1.1)
HTTP/1.1 200 OK
Content-Type: application/json; charset=utf-8
cache-control: no-cache
content-length: 106772

15:22:48.878 [AsyncHttpClient-1-2] DEBUG org.asynchttpclient.netty.channel.ChannelManager - Adding key: http://localhost:58077 for channel [id: 0x349314e4, L:/127.0.0.1:63858 - R:localhost/127.0.0.1:58077]
15:22:48.883 [Test worker] DEBUG net.serenitybdd.core.photography.Darkroom - Send negative for processing for C:\Users\johan\OneDrive\Documentos\KONEX\Pruebas automatizadas\automatizacion_login_backoffice_1v\target\site\serenity\c9902d30940ec8185d28795e7a258fa6e6dc9f0593cc6633de8bd7495782209c.png
15:22:48.883 [Test worker] DEBUG net.thucydides.core.steps.StepInterceptor - STARTING STEP: Clickear.performAs - {0} clicks on #target
15:22:48.884 [Test worker] DEBUG net.serenitybdd.screenplay.targets.IFrameSwitcher - default content already selected for Modulo de escrutinio
15:22:48.942 [Forwarding findElement on session f38132bec70b685149d600fa9deab73b to remote] DEBUG org.asynchttpclient.netty.request.NettyRequestSender - Using pooled Channel '[id: 0x349314e4, L:/127.0.0.1:63858 - R:localhost/127.0.0.1:58077]' for 'POST' to 'http://localhost:58077/session/f38132bec70b685149d600fa9deab73b/element'
15:22:48.942 [Forwarding findElement on session f38132bec70b685149d600fa9deab73b to remote] DEBUG org.asynchttpclient.netty.request.NettyRequestSender - Using open Channel [id: 0x349314e4, L:/127.0.0.1:63858 - R:localhost/127.0.0.1:58077] for POST '/session/f38132bec70b685149d600fa9deab73b/element'
15:22:48.952 [AsyncHttpClient-1-2] DEBUG org.asynchttpclient.netty.handler.HttpHandler - 

Request DefaultHttpRequest(decodeResult: success, version: HTTP/1.1)
POST /session/f38132bec70b685149d600fa9deab73b/element HTTP/1.1
User-Agent: selenium/4.1.2 (java windows)
Content-Length: 83
Content-Type: application/json; charset=utf-8
host: localhost:58077
accept: */*

Response DefaultHttpResponse(decodeResult: success, version: HTTP/1.1)
HTTP/1.1 200 OK
Content-Type: application/json; charset=utf-8
cache-control: no-cache
content-length: 88

15:22:48.952 [AsyncHttpClient-1-2] DEBUG org.asynchttpclient.netty.channel.ChannelManager - Adding key: http://localhost:58077 for channel [id: 0x349314e4, L:/127.0.0.1:63858 - R:localhost/127.0.0.1:58077]
15:22:48.965 [Forwarding isElementDisplayed on session f38132bec70b685149d600fa9deab73b to remote] DEBUG org.asynchttpclient.netty.request.NettyRequestSender - Using pooled Channel '[id: 0x349314e4, L:/127.0.0.1:63858 - R:localhost/127.0.0.1:58077]' for 'POST' to 'http://localhost:58077/session/f38132bec70b685149d600fa9deab73b/execute/sync'
15:22:48.965 [Forwarding isElementDisplayed on session f38132bec70b685149d600fa9deab73b to remote] DEBUG org.asynchttpclient.netty.request.NettyRequestSender - Using open Channel [id: 0x349314e4, L:/127.0.0.1:63858 - R:localhost/127.0.0.1:58077] for POST '/session/f38132bec70b685149d600fa9deab73b/execute/sync'
15:22:48.975 [AsyncHttpClient-1-2] DEBUG org.asynchttpclient.netty.handler.HttpHandler - 

Request DefaultHttpRequest(decodeResult: success, version: HTTP/1.1)
POST /session/f38132bec70b685149d600fa9deab73b/execute/sync HTTP/1.1
User-Agent: selenium/4.1.2 (java windows)
Content-Length: 48780
Content-Type: application/json; charset=utf-8
host: localhost:58077
accept: */*

Response DefaultHttpResponse(decodeResult: success, version: HTTP/1.1)
HTTP/1.1 200 OK
Content-Type: application/json; charset=utf-8
cache-control: no-cache
content-length: 14

15:22:48.975 [AsyncHttpClient-1-2] DEBUG org.asynchttpclient.netty.channel.ChannelManager - Adding key: http://localhost:58077 for channel [id: 0x349314e4, L:/127.0.0.1:63858 - R:localhost/127.0.0.1:58077]
15:22:48.998 [Forwarding findElement on session f38132bec70b685149d600fa9deab73b to remote] DEBUG org.asynchttpclient.netty.request.NettyRequestSender - Using pooled Channel '[id: 0x349314e4, L:/127.0.0.1:63858 - R:localhost/127.0.0.1:58077]' for 'POST' to 'http://localhost:58077/session/f38132bec70b685149d600fa9deab73b/element'
15:22:48.998 [Forwarding findElement on session f38132bec70b685149d600fa9deab73b to remote] DEBUG org.asynchttpclient.netty.request.NettyRequestSender - Using open Channel [id: 0x349314e4, L:/127.0.0.1:63858 - R:localhost/127.0.0.1:58077] for POST '/session/f38132bec70b685149d600fa9deab73b/element'
15:22:49.010 [AsyncHttpClient-1-2] DEBUG org.asynchttpclient.netty.handler.HttpHandler - 

Request DefaultHttpRequest(decodeResult: success, version: HTTP/1.1)
POST /session/f38132bec70b685149d600fa9deab73b/element HTTP/1.1
User-Agent: selenium/4.1.2 (java windows)
Content-Length: 83
Content-Type: application/json; charset=utf-8
host: localhost:58077
accept: */*

Response DefaultHttpResponse(decodeResult: success, version: HTTP/1.1)
HTTP/1.1 200 OK
Content-Type: application/json; charset=utf-8
cache-control: no-cache
content-length: 88

15:22:49.010 [AsyncHttpClient-1-2] DEBUG org.asynchttpclient.netty.channel.ChannelManager - Adding key: http://localhost:58077 for channel [id: 0x349314e4, L:/127.0.0.1:63858 - R:localhost/127.0.0.1:58077]
15:22:49.013 [Forwarding clickElement on session f38132bec70b685149d600fa9deab73b to remote] DEBUG org.asynchttpclient.netty.request.NettyRequestSender - Using pooled Channel '[id: 0x349314e4, L:/127.0.0.1:63858 - R:localhost/127.0.0.1:58077]' for 'POST' to 'http://localhost:58077/session/f38132bec70b685149d600fa9deab73b/element/4df268c9-e956-4f76-b9a8-9d47b83625b8/click'
15:22:49.014 [Forwarding clickElement on session f38132bec70b685149d600fa9deab73b to remote] DEBUG org.asynchttpclient.netty.request.NettyRequestSender - Using open Channel [id: 0x349314e4, L:/127.0.0.1:63858 - R:localhost/127.0.0.1:58077] for POST '/session/f38132bec70b685149d600fa9deab73b/element/4df268c9-e956-4f76-b9a8-9d47b83625b8/click'
15:22:49.094 [AsyncHttpClient-1-2] DEBUG org.asynchttpclient.netty.handler.HttpHandler - 

Request DefaultHttpRequest(decodeResult: success, version: HTTP/1.1)
POST /session/f38132bec70b685149d600fa9deab73b/element/4df268c9-e956-4f76-b9a8-9d47b83625b8/click HTTP/1.1
User-Agent: selenium/4.1.2 (java windows)
Content-Length: 50
Content-Type: application/json; charset=utf-8
host: localhost:58077
accept: */*

Response DefaultHttpResponse(decodeResult: success, version: HTTP/1.1)
HTTP/1.1 200 OK
Content-Type: application/json; charset=utf-8
cache-control: no-cache
content-length: 14

15:22:49.094 [AsyncHttpClient-1-2] DEBUG org.asynchttpclient.netty.channel.ChannelManager - Adding key: http://localhost:58077 for channel [id: 0x349314e4, L:/127.0.0.1:63858 - R:localhost/127.0.0.1:58077]
15:22:49.143 [Forwarding screenshot on session f38132bec70b685149d600fa9deab73b to remote] DEBUG org.asynchttpclient.netty.request.NettyRequestSender - Using pooled Channel '[id: 0x349314e4, L:/127.0.0.1:63858 - R:localhost/127.0.0.1:58077]' for 'GET' to 'http://localhost:58077/session/f38132bec70b685149d600fa9deab73b/screenshot'
15:22:49.144 [Forwarding screenshot on session f38132bec70b685149d600fa9deab73b to remote] DEBUG org.asynchttpclient.netty.request.NettyRequestSender - Using open Channel [id: 0x349314e4, L:/127.0.0.1:63858 - R:localhost/127.0.0.1:58077] for GET '/session/f38132bec70b685149d600fa9deab73b/screenshot'
15:22:49.365 [AsyncHttpClient-1-2] DEBUG org.asynchttpclient.netty.handler.HttpHandler - 

Request DefaultFullHttpRequest(decodeResult: success, version: HTTP/1.1, content: EmptyByteBufBE)
GET /session/f38132bec70b685149d600fa9deab73b/screenshot HTTP/1.1
User-Agent: selenium/4.1.2 (java windows)
Cache-Control: no-cache
Content-Type: application/json; charset=utf-8
host: localhost:58077
accept: */*

Response DefaultHttpResponse(decodeResult: success, version: HTTP/1.1)
HTTP/1.1 200 OK
Content-Type: application/json; charset=utf-8
cache-control: no-cache
content-length: 119904

15:22:49.367 [AsyncHttpClient-1-2] DEBUG org.asynchttpclient.netty.channel.ChannelManager - Adding key: http://localhost:58077 for channel [id: 0x349314e4, L:/127.0.0.1:63858 - R:localhost/127.0.0.1:58077]
15:22:49.381 [Test worker] DEBUG net.serenitybdd.core.photography.Darkroom - Send negative for processing for C:\Users\johan\OneDrive\Documentos\KONEX\Pruebas automatizadas\automatizacion_login_backoffice_1v\target\site\serenity\2c3fa7ac951cb32ab4b6f4272e8ec1b7460a3a88ce61c0fd01850c1184429e06.png
15:22:49.382 [Darkroom Processing Line] DEBUG net.serenitybdd.core.photography.DarkroomProcessingLine - Processing screenshot image in /var/screenshots/screenshot-9080762728202503178
15:22:49.382 [Darkroom Processing Line] DEBUG net.serenitybdd.core.photography.DarkroomProcessingLine - Saving screenshot to C:\Users\johan\OneDrive\Documentos\KONEX\Pruebas automatizadas\automatizacion_login_backoffice_1v\target\site\serenity\2c3fa7ac951cb32ab4b6f4272e8ec1b7460a3a88ce61c0fd01850c1184429e06.png
15:22:49.417 [Test worker] DEBUG net.thucydides.core.steps.StepInterceptor - STEP DONE: {0} clicks on #target
15:22:49.456 [Forwarding screenshot on session f38132bec70b685149d600fa9deab73b to remote] DEBUG org.asynchttpclient.netty.request.NettyRequestSender - Using pooled Channel '[id: 0x349314e4, L:/127.0.0.1:63858 - R:localhost/127.0.0.1:58077]' for 'GET' to 'http://localhost:58077/session/f38132bec70b685149d600fa9deab73b/screenshot'
15:22:49.456 [Forwarding screenshot on session f38132bec70b685149d600fa9deab73b to remote] DEBUG org.asynchttpclient.netty.request.NettyRequestSender - Using open Channel [id: 0x349314e4, L:/127.0.0.1:63858 - R:localhost/127.0.0.1:58077] for GET '/session/f38132bec70b685149d600fa9deab73b/screenshot'
15:22:49.508 [AsyncHttpClient-1-1] DEBUG org.asynchttpclient.netty.channel.DefaultChannelPool - Entry count for : http://localhost:63862 : 1
15:22:49.646 [AsyncHttpClient-1-2] DEBUG org.asynchttpclient.netty.handler.HttpHandler - 

Request DefaultFullHttpRequest(decodeResult: success, version: HTTP/1.1, content: EmptyByteBufBE)
GET /session/f38132bec70b685149d600fa9deab73b/screenshot HTTP/1.1
User-Agent: selenium/4.1.2 (java windows)
Cache-Control: no-cache
Content-Type: application/json; charset=utf-8
host: localhost:58077
accept: */*

Response DefaultHttpResponse(decodeResult: success, version: HTTP/1.1)
HTTP/1.1 200 OK
Content-Type: application/json; charset=utf-8
cache-control: no-cache
content-length: 128644

15:22:49.647 [AsyncHttpClient-1-2] DEBUG org.asynchttpclient.netty.channel.ChannelManager - Adding key: http://localhost:58077 for channel [id: 0x349314e4, L:/127.0.0.1:63858 - R:localhost/127.0.0.1:58077]
15:22:49.658 [Test worker] DEBUG net.serenitybdd.core.photography.Darkroom - Send negative for processing for C:\Users\johan\OneDrive\Documentos\KONEX\Pruebas automatizadas\automatizacion_login_backoffice_1v\target\site\serenity\5235eee4b7db1bcf67ea999d517b350f52b8182762760fbf95f63dd0bec344d7.png
15:22:49.659 [Darkroom Processing Line] DEBUG net.serenitybdd.core.photography.DarkroomProcessingLine - Processing screenshot image in /var/screenshots/screenshot-4014271814966494634
15:22:49.659 [Test worker] DEBUG net.thucydides.core.steps.StepInterceptor - STARTING STEP: Clickear.performAs - {0} clicks on #target
15:22:49.659 [Darkroom Processing Line] DEBUG net.serenitybdd.core.photography.DarkroomProcessingLine - Saving screenshot to C:\Users\johan\OneDrive\Documentos\KONEX\Pruebas automatizadas\automatizacion_login_backoffice_1v\target\site\serenity\5235eee4b7db1bcf67ea999d517b350f52b8182762760fbf95f63dd0bec344d7.png
15:22:49.660 [Test worker] DEBUG net.serenitybdd.screenplay.targets.IFrameSwitcher - default content already selected for Submodulo sorteo
15:22:49.816 [Forwarding findElement on session f38132bec70b685149d600fa9deab73b to remote] DEBUG org.asynchttpclient.netty.request.NettyRequestSender - Using pooled Channel '[id: 0x349314e4, L:/127.0.0.1:63858 - R:localhost/127.0.0.1:58077]' for 'POST' to 'http://localhost:58077/session/f38132bec70b685149d600fa9deab73b/element'
15:22:49.817 [Forwarding findElement on session f38132bec70b685149d600fa9deab73b to remote] DEBUG org.asynchttpclient.netty.request.NettyRequestSender - Using open Channel [id: 0x349314e4, L:/127.0.0.1:63858 - R:localhost/127.0.0.1:58077] for POST '/session/f38132bec70b685149d600fa9deab73b/element'
15:22:49.837 [AsyncHttpClient-1-2] DEBUG org.asynchttpclient.netty.handler.HttpHandler - 

Request DefaultHttpRequest(decodeResult: success, version: HTTP/1.1)
POST /session/f38132bec70b685149d600fa9deab73b/element HTTP/1.1
User-Agent: selenium/4.1.2 (java windows)
Content-Length: 118
Content-Type: application/json; charset=utf-8
host: localhost:58077
accept: */*

Response DefaultHttpResponse(decodeResult: success, version: HTTP/1.1)
HTTP/1.1 200 OK
Content-Type: application/json; charset=utf-8
cache-control: no-cache
content-length: 88

15:22:49.837 [AsyncHttpClient-1-2] DEBUG org.asynchttpclient.netty.channel.ChannelManager - Adding key: http://localhost:58077 for channel [id: 0x349314e4, L:/127.0.0.1:63858 - R:localhost/127.0.0.1:58077]
15:22:49.864 [Forwarding isElementDisplayed on session f38132bec70b685149d600fa9deab73b to remote] DEBUG org.asynchttpclient.netty.request.NettyRequestSender - Using pooled Channel '[id: 0x349314e4, L:/127.0.0.1:63858 - R:localhost/127.0.0.1:58077]' for 'POST' to 'http://localhost:58077/session/f38132bec70b685149d600fa9deab73b/execute/sync'
15:22:49.864 [Forwarding isElementDisplayed on session f38132bec70b685149d600fa9deab73b to remote] DEBUG org.asynchttpclient.netty.request.NettyRequestSender - Using open Channel [id: 0x349314e4, L:/127.0.0.1:63858 - R:localhost/127.0.0.1:58077] for POST '/session/f38132bec70b685149d600fa9deab73b/execute/sync'
15:22:49.883 [AsyncHttpClient-1-2] DEBUG org.asynchttpclient.netty.handler.HttpHandler - 

Request DefaultHttpRequest(decodeResult: success, version: HTTP/1.1)
POST /session/f38132bec70b685149d600fa9deab73b/execute/sync HTTP/1.1
User-Agent: selenium/4.1.2 (java windows)
Content-Length: 48780
Content-Type: application/json; charset=utf-8
host: localhost:58077
accept: */*

Response DefaultHttpResponse(decodeResult: success, version: HTTP/1.1)
HTTP/1.1 200 OK
Content-Type: application/json; charset=utf-8
cache-control: no-cache
content-length: 14

15:22:49.883 [AsyncHttpClient-1-2] DEBUG org.asynchttpclient.netty.channel.ChannelManager - Adding key: http://localhost:58077 for channel [id: 0x349314e4, L:/127.0.0.1:63858 - R:localhost/127.0.0.1:58077]
15:22:49.927 [Forwarding findElement on session f38132bec70b685149d600fa9deab73b to remote] DEBUG org.asynchttpclient.netty.request.NettyRequestSender - Using pooled Channel '[id: 0x349314e4, L:/127.0.0.1:63858 - R:localhost/127.0.0.1:58077]' for 'POST' to 'http://localhost:58077/session/f38132bec70b685149d600fa9deab73b/element'
15:22:49.927 [Forwarding findElement on session f38132bec70b685149d600fa9deab73b to remote] DEBUG org.asynchttpclient.netty.request.NettyRequestSender - Using open Channel [id: 0x349314e4, L:/127.0.0.1:63858 - R:localhost/127.0.0.1:58077] for POST '/session/f38132bec70b685149d600fa9deab73b/element'
15:22:49.942 [AsyncHttpClient-1-2] DEBUG org.asynchttpclient.netty.handler.HttpHandler - 

Request DefaultHttpRequest(decodeResult: success, version: HTTP/1.1)
POST /session/f38132bec70b685149d600fa9deab73b/element HTTP/1.1
User-Agent: selenium/4.1.2 (java windows)
Content-Length: 118
Content-Type: application/json; charset=utf-8
host: localhost:58077
accept: */*

Response DefaultHttpResponse(decodeResult: success, version: HTTP/1.1)
HTTP/1.1 200 OK
Content-Type: application/json; charset=utf-8
cache-control: no-cache
content-length: 88

15:22:49.942 [AsyncHttpClient-1-2] DEBUG org.asynchttpclient.netty.channel.ChannelManager - Adding key: http://localhost:58077 for channel [id: 0x349314e4, L:/127.0.0.1:63858 - R:localhost/127.0.0.1:58077]
15:22:49.945 [Forwarding clickElement on session f38132bec70b685149d600fa9deab73b to remote] DEBUG org.asynchttpclient.netty.request.NettyRequestSender - Using pooled Channel '[id: 0x349314e4, L:/127.0.0.1:63858 - R:localhost/127.0.0.1:58077]' for 'POST' to 'http://localhost:58077/session/f38132bec70b685149d600fa9deab73b/element/2152869a-9896-4273-8b1c-bb2fe596a451/click'
15:22:49.945 [Forwarding clickElement on session f38132bec70b685149d600fa9deab73b to remote] DEBUG org.asynchttpclient.netty.request.NettyRequestSender - Using open Channel [id: 0x349314e4, L:/127.0.0.1:63858 - R:localhost/127.0.0.1:58077] for POST '/session/f38132bec70b685149d600fa9deab73b/element/2152869a-9896-4273-8b1c-bb2fe596a451/click'
15:22:50.106 [AsyncHttpClient-1-2] DEBUG org.asynchttpclient.netty.handler.HttpHandler - 

Request DefaultHttpRequest(decodeResult: success, version: HTTP/1.1)
POST /session/f38132bec70b685149d600fa9deab73b/element/2152869a-9896-4273-8b1c-bb2fe596a451/click HTTP/1.1
User-Agent: selenium/4.1.2 (java windows)
Content-Length: 50
Content-Type: application/json; charset=utf-8
host: localhost:58077
accept: */*

Response DefaultHttpResponse(decodeResult: success, version: HTTP/1.1)
HTTP/1.1 200 OK
Content-Type: application/json; charset=utf-8
cache-control: no-cache
content-length: 14

15:22:50.106 [AsyncHttpClient-1-2] DEBUG org.asynchttpclient.netty.channel.ChannelManager - Adding key: http://localhost:58077 for channel [id: 0x349314e4, L:/127.0.0.1:63858 - R:localhost/127.0.0.1:58077]
15:22:50.155 [Forwarding screenshot on session f38132bec70b685149d600fa9deab73b to remote] DEBUG org.asynchttpclient.netty.request.NettyRequestSender - Using pooled Channel '[id: 0x349314e4, L:/127.0.0.1:63858 - R:localhost/127.0.0.1:58077]' for 'GET' to 'http://localhost:58077/session/f38132bec70b685149d600fa9deab73b/screenshot'
15:22:50.155 [Forwarding screenshot on session f38132bec70b685149d600fa9deab73b to remote] DEBUG org.asynchttpclient.netty.request.NettyRequestSender - Using open Channel [id: 0x349314e4, L:/127.0.0.1:63858 - R:localhost/127.0.0.1:58077] for GET '/session/f38132bec70b685149d600fa9deab73b/screenshot'
15:22:50.432 [AsyncHttpClient-1-2] DEBUG org.asynchttpclient.netty.handler.HttpHandler - 

Request DefaultFullHttpRequest(decodeResult: success, version: HTTP/1.1, content: EmptyByteBufBE)
GET /session/f38132bec70b685149d600fa9deab73b/screenshot HTTP/1.1
User-Agent: selenium/4.1.2 (java windows)
Cache-Control: no-cache
Content-Type: application/json; charset=utf-8
host: localhost:58077
accept: */*

Response DefaultHttpResponse(decodeResult: success, version: HTTP/1.1)
HTTP/1.1 200 OK
Content-Type: application/json; charset=utf-8
cache-control: no-cache
content-length: 132168

15:22:50.433 [AsyncHttpClient-1-2] DEBUG org.asynchttpclient.netty.channel.ChannelManager - Adding key: http://localhost:58077 for channel [id: 0x349314e4, L:/127.0.0.1:63858 - R:localhost/127.0.0.1:58077]
15:22:50.445 [Test worker] DEBUG net.serenitybdd.core.photography.Darkroom - Send negative for processing for C:\Users\johan\OneDrive\Documentos\KONEX\Pruebas automatizadas\automatizacion_login_backoffice_1v\target\site\serenity\3766ef746750e60cab95eff614c69e1e45aa03d56e4a19ddfa4aa2238d1dde47.png
15:22:50.446 [Darkroom Processing Line] DEBUG net.serenitybdd.core.photography.DarkroomProcessingLine - Processing screenshot image in /var/screenshots/screenshot-7879346170995128975
15:22:50.446 [Darkroom Processing Line] DEBUG net.serenitybdd.core.photography.DarkroomProcessingLine - Saving screenshot to C:\Users\johan\OneDrive\Documentos\KONEX\Pruebas automatizadas\automatizacion_login_backoffice_1v\target\site\serenity\3766ef746750e60cab95eff614c69e1e45aa03d56e4a19ddfa4aa2238d1dde47.png
15:22:50.482 [Test worker] DEBUG net.thucydides.core.steps.StepInterceptor - STEP DONE: {0} clicks on #target
15:22:50.515 [Forwarding screenshot on session f38132bec70b685149d600fa9deab73b to remote] DEBUG org.asynchttpclient.netty.request.NettyRequestSender - Using pooled Channel '[id: 0x349314e4, L:/127.0.0.1:63858 - R:localhost/127.0.0.1:58077]' for 'GET' to 'http://localhost:58077/session/f38132bec70b685149d600fa9deab73b/screenshot'
15:22:50.515 [Forwarding screenshot on session f38132bec70b685149d600fa9deab73b to remote] DEBUG org.asynchttpclient.netty.request.NettyRequestSender - Using open Channel [id: 0x349314e4, L:/127.0.0.1:63858 - R:localhost/127.0.0.1:58077] for GET '/session/f38132bec70b685149d600fa9deab73b/screenshot'
15:22:50.611 [AsyncHttpClient-1-1] DEBUG org.asynchttpclient.netty.channel.DefaultChannelPool - Entry count for : http://localhost:63862 : 1
15:22:50.745 [AsyncHttpClient-1-2] DEBUG org.asynchttpclient.netty.handler.HttpHandler - 

Request DefaultFullHttpRequest(decodeResult: success, version: HTTP/1.1, content: EmptyByteBufBE)
GET /session/f38132bec70b685149d600fa9deab73b/screenshot HTTP/1.1
User-Agent: selenium/4.1.2 (java windows)
Cache-Control: no-cache
Content-Type: application/json; charset=utf-8
host: localhost:58077
accept: */*

Response DefaultHttpResponse(decodeResult: success, version: HTTP/1.1)
HTTP/1.1 200 OK
Content-Type: application/json; charset=utf-8
cache-control: no-cache
content-length: 132280

15:22:50.747 [AsyncHttpClient-1-2] DEBUG org.asynchttpclient.netty.channel.ChannelManager - Adding key: http://localhost:58077 for channel [id: 0x349314e4, L:/127.0.0.1:63858 - R:localhost/127.0.0.1:58077]
15:22:50.759 [Test worker] DEBUG net.serenitybdd.core.photography.Darkroom - Send negative for processing for C:\Users\johan\OneDrive\Documentos\KONEX\Pruebas automatizadas\automatizacion_login_backoffice_1v\target\site\serenity\005656848eaadff1970b2fbcc0656977c5c6c856f5fdd3448aa47bafc7792be9.png
15:22:50.760 [Darkroom Processing Line] DEBUG net.serenitybdd.core.photography.DarkroomProcessingLine - Processing screenshot image in /var/screenshots/screenshot-8541177407917814757
15:22:50.760 [Test worker] DEBUG net.thucydides.core.steps.StepInterceptor - STARTING STEP: Clickear.performAs - {0} clicks on #target
15:22:50.760 [Darkroom Processing Line] DEBUG net.serenitybdd.core.photography.DarkroomProcessingLine - Saving screenshot to C:\Users\johan\OneDrive\Documentos\KONEX\Pruebas automatizadas\automatizacion_login_backoffice_1v\target\site\serenity\005656848eaadff1970b2fbcc0656977c5c6c856f5fdd3448aa47bafc7792be9.png
15:22:50.761 [Test worker] DEBUG net.serenitybdd.screenplay.targets.IFrameSwitcher - default content already selected for Boton crear sorteo+
15:22:50.895 [Forwarding findElement on session f38132bec70b685149d600fa9deab73b to remote] DEBUG org.asynchttpclient.netty.request.NettyRequestSender - Using pooled Channel '[id: 0x349314e4, L:/127.0.0.1:63858 - R:localhost/127.0.0.1:58077]' for 'POST' to 'http://localhost:58077/session/f38132bec70b685149d600fa9deab73b/element'
15:22:50.895 [Forwarding findElement on session f38132bec70b685149d600fa9deab73b to remote] DEBUG org.asynchttpclient.netty.request.NettyRequestSender - Using open Channel [id: 0x349314e4, L:/127.0.0.1:63858 - R:localhost/127.0.0.1:58077] for POST '/session/f38132bec70b685149d600fa9deab73b/element'
15:22:50.915 [AsyncHttpClient-1-2] DEBUG org.asynchttpclient.netty.handler.HttpHandler - 

Request DefaultHttpRequest(decodeResult: success, version: HTTP/1.1)
POST /session/f38132bec70b685149d600fa9deab73b/element HTTP/1.1
User-Agent: selenium/4.1.2 (java windows)
Content-Length: 94
Content-Type: application/json; charset=utf-8
host: localhost:58077
accept: */*

Response DefaultHttpResponse(decodeResult: success, version: HTTP/1.1)
HTTP/1.1 200 OK
Content-Type: application/json; charset=utf-8
cache-control: no-cache
content-length: 88

15:22:50.915 [AsyncHttpClient-1-2] DEBUG org.asynchttpclient.netty.channel.ChannelManager - Adding key: http://localhost:58077 for channel [id: 0x349314e4, L:/127.0.0.1:63858 - R:localhost/127.0.0.1:58077]
15:22:50.940 [Forwarding isElementDisplayed on session f38132bec70b685149d600fa9deab73b to remote] DEBUG org.asynchttpclient.netty.request.NettyRequestSender - Using pooled Channel '[id: 0x349314e4, L:/127.0.0.1:63858 - R:localhost/127.0.0.1:58077]' for 'POST' to 'http://localhost:58077/session/f38132bec70b685149d600fa9deab73b/execute/sync'
15:22:50.940 [Forwarding isElementDisplayed on session f38132bec70b685149d600fa9deab73b to remote] DEBUG org.asynchttpclient.netty.request.NettyRequestSender - Using open Channel [id: 0x349314e4, L:/127.0.0.1:63858 - R:localhost/127.0.0.1:58077] for POST '/session/f38132bec70b685149d600fa9deab73b/execute/sync'
15:22:50.959 [AsyncHttpClient-1-2] DEBUG org.asynchttpclient.netty.handler.HttpHandler - 

Request DefaultHttpRequest(decodeResult: success, version: HTTP/1.1)
POST /session/f38132bec70b685149d600fa9deab73b/execute/sync HTTP/1.1
User-Agent: selenium/4.1.2 (java windows)
Content-Length: 48780
Content-Type: application/json; charset=utf-8
host: localhost:58077
accept: */*

Response DefaultHttpResponse(decodeResult: success, version: HTTP/1.1)
HTTP/1.1 200 OK
Content-Type: application/json; charset=utf-8
cache-control: no-cache
content-length: 14

15:22:50.959 [AsyncHttpClient-1-2] DEBUG org.asynchttpclient.netty.channel.ChannelManager - Adding key: http://localhost:58077 for channel [id: 0x349314e4, L:/127.0.0.1:63858 - R:localhost/127.0.0.1:58077]
15:22:51.000 [Forwarding findElement on session f38132bec70b685149d600fa9deab73b to remote] DEBUG org.asynchttpclient.netty.request.NettyRequestSender - Using pooled Channel '[id: 0x349314e4, L:/127.0.0.1:63858 - R:localhost/127.0.0.1:58077]' for 'POST' to 'http://localhost:58077/session/f38132bec70b685149d600fa9deab73b/element'
15:22:51.000 [Forwarding findElement on session f38132bec70b685149d600fa9deab73b to remote] DEBUG org.asynchttpclient.netty.request.NettyRequestSender - Using open Channel [id: 0x349314e4, L:/127.0.0.1:63858 - R:localhost/127.0.0.1:58077] for POST '/session/f38132bec70b685149d600fa9deab73b/element'
15:22:51.014 [AsyncHttpClient-1-2] DEBUG org.asynchttpclient.netty.handler.HttpHandler - 

Request DefaultHttpRequest(decodeResult: success, version: HTTP/1.1)
POST /session/f38132bec70b685149d600fa9deab73b/element HTTP/1.1
User-Agent: selenium/4.1.2 (java windows)
Content-Length: 94
Content-Type: application/json; charset=utf-8
host: localhost:58077
accept: */*

Response DefaultHttpResponse(decodeResult: success, version: HTTP/1.1)
HTTP/1.1 200 OK
Content-Type: application/json; charset=utf-8
cache-control: no-cache
content-length: 88

15:22:51.014 [AsyncHttpClient-1-2] DEBUG org.asynchttpclient.netty.channel.ChannelManager - Adding key: http://localhost:58077 for channel [id: 0x349314e4, L:/127.0.0.1:63858 - R:localhost/127.0.0.1:58077]
15:22:51.017 [Forwarding clickElement on session f38132bec70b685149d600fa9deab73b to remote] DEBUG org.asynchttpclient.netty.request.NettyRequestSender - Using pooled Channel '[id: 0x349314e4, L:/127.0.0.1:63858 - R:localhost/127.0.0.1:58077]' for 'POST' to 'http://localhost:58077/session/f38132bec70b685149d600fa9deab73b/element/986827fd-8939-43c6-b237-3e265155fd6b/click'
15:22:51.017 [Forwarding clickElement on session f38132bec70b685149d600fa9deab73b to remote] DEBUG org.asynchttpclient.netty.request.NettyRequestSender - Using open Channel [id: 0x349314e4, L:/127.0.0.1:63858 - R:localhost/127.0.0.1:58077] for POST '/session/f38132bec70b685149d600fa9deab73b/element/986827fd-8939-43c6-b237-3e265155fd6b/click'
15:22:51.095 [AsyncHttpClient-1-2] DEBUG org.asynchttpclient.netty.handler.HttpHandler - 

Request DefaultHttpRequest(decodeResult: success, version: HTTP/1.1)
POST /session/f38132bec70b685149d600fa9deab73b/element/986827fd-8939-43c6-b237-3e265155fd6b/click HTTP/1.1
User-Agent: selenium/4.1.2 (java windows)
Content-Length: 50
Content-Type: application/json; charset=utf-8
host: localhost:58077
accept: */*

Response DefaultHttpResponse(decodeResult: success, version: HTTP/1.1)
HTTP/1.1 200 OK
Content-Type: application/json; charset=utf-8
cache-control: no-cache
content-length: 14

15:22:51.095 [AsyncHttpClient-1-2] DEBUG org.asynchttpclient.netty.channel.ChannelManager - Adding key: http://localhost:58077 for channel [id: 0x349314e4, L:/127.0.0.1:63858 - R:localhost/127.0.0.1:58077]
15:22:51.133 [Forwarding screenshot on session f38132bec70b685149d600fa9deab73b to remote] DEBUG org.asynchttpclient.netty.request.NettyRequestSender - Using pooled Channel '[id: 0x349314e4, L:/127.0.0.1:63858 - R:localhost/127.0.0.1:58077]' for 'GET' to 'http://localhost:58077/session/f38132bec70b685149d600fa9deab73b/screenshot'
15:22:51.133 [Forwarding screenshot on session f38132bec70b685149d600fa9deab73b to remote] DEBUG org.asynchttpclient.netty.request.NettyRequestSender - Using open Channel [id: 0x349314e4, L:/127.0.0.1:63858 - R:localhost/127.0.0.1:58077] for GET '/session/f38132bec70b685149d600fa9deab73b/screenshot'
15:22:51.339 [AsyncHttpClient-1-2] DEBUG org.asynchttpclient.netty.handler.HttpHandler - 

Request DefaultFullHttpRequest(decodeResult: success, version: HTTP/1.1, content: EmptyByteBufBE)
GET /session/f38132bec70b685149d600fa9deab73b/screenshot HTTP/1.1
User-Agent: selenium/4.1.2 (java windows)
Cache-Control: no-cache
Content-Type: application/json; charset=utf-8
host: localhost:58077
accept: */*

Response DefaultHttpResponse(decodeResult: success, version: HTTP/1.1)
HTTP/1.1 200 OK
Content-Type: application/json; charset=utf-8
cache-control: no-cache
content-length: 133684

15:22:51.340 [AsyncHttpClient-1-2] DEBUG org.asynchttpclient.netty.channel.ChannelManager - Adding key: http://localhost:58077 for channel [id: 0x349314e4, L:/127.0.0.1:63858 - R:localhost/127.0.0.1:58077]
15:22:51.350 [Test worker] DEBUG net.serenitybdd.core.photography.Darkroom - Send negative for processing for C:\Users\johan\OneDrive\Documentos\KONEX\Pruebas automatizadas\automatizacion_login_backoffice_1v\target\site\serenity\59e7427db0eee2544d30a170ad3fa4ce9b99061abfc71d9edc2cd519c6a70309.png
15:22:51.351 [Darkroom Processing Line] DEBUG net.serenitybdd.core.photography.DarkroomProcessingLine - Processing screenshot image in /var/screenshots/screenshot-5202091719790071816
15:22:51.351 [Darkroom Processing Line] DEBUG net.serenitybdd.core.photography.DarkroomProcessingLine - Saving screenshot to C:\Users\johan\OneDrive\Documentos\KONEX\Pruebas automatizadas\automatizacion_login_backoffice_1v\target\site\serenity\59e7427db0eee2544d30a170ad3fa4ce9b99061abfc71d9edc2cd519c6a70309.png
15:22:51.382 [Test worker] DEBUG net.thucydides.core.steps.StepInterceptor - STEP DONE: {0} clicks on #target
15:22:51.428 [Forwarding screenshot on session f38132bec70b685149d600fa9deab73b to remote] DEBUG org.asynchttpclient.netty.request.NettyRequestSender - Using pooled Channel '[id: 0x349314e4, L:/127.0.0.1:63858 - R:localhost/127.0.0.1:58077]' for 'GET' to 'http://localhost:58077/session/f38132bec70b685149d600fa9deab73b/screenshot'
15:22:51.428 [Forwarding screenshot on session f38132bec70b685149d600fa9deab73b to remote] DEBUG org.asynchttpclient.netty.request.NettyRequestSender - Using open Channel [id: 0x349314e4, L:/127.0.0.1:63858 - R:localhost/127.0.0.1:58077] for GET '/session/f38132bec70b685149d600fa9deab73b/screenshot'
15:22:51.614 [AsyncHttpClient-1-2] DEBUG org.asynchttpclient.netty.handler.HttpHandler - 

Request DefaultFullHttpRequest(decodeResult: success, version: HTTP/1.1, content: EmptyByteBufBE)
GET /session/f38132bec70b685149d600fa9deab73b/screenshot HTTP/1.1
User-Agent: selenium/4.1.2 (java windows)
Cache-Control: no-cache
Content-Type: application/json; charset=utf-8
host: localhost:58077
accept: */*

Response DefaultHttpResponse(decodeResult: success, version: HTTP/1.1)
HTTP/1.1 200 OK
Content-Type: application/json; charset=utf-8
cache-control: no-cache
content-length: 127144

15:22:51.615 [AsyncHttpClient-1-2] DEBUG org.asynchttpclient.netty.channel.ChannelManager - Adding key: http://localhost:58077 for channel [id: 0x349314e4, L:/127.0.0.1:63858 - R:localhost/127.0.0.1:58077]
15:22:51.627 [Test worker] DEBUG net.serenitybdd.core.photography.Darkroom - Send negative for processing for C:\Users\johan\OneDrive\Documentos\KONEX\Pruebas automatizadas\automatizacion_login_backoffice_1v\target\site\serenity\bbd8b554bb8d36a3d71ee3babccbdfc481ddccb014f386a65513ec6f98674889.png
15:22:51.627 [Test worker] DEBUG net.thucydides.core.steps.StepInterceptor - STEP DONE: performAs
15:22:51.628 [Darkroom Processing Line] DEBUG net.serenitybdd.core.photography.DarkroomProcessingLine - Processing screenshot image in /var/screenshots/screenshot-3560198263830624535
15:22:51.628 [Darkroom Processing Line] DEBUG net.serenitybdd.core.photography.DarkroomProcessingLine - Saving screenshot to C:\Users\johan\OneDrive\Documentos\KONEX\Pruebas automatizadas\automatizacion_login_backoffice_1v\target\site\serenity\bbd8b554bb8d36a3d71ee3babccbdfc481ddccb014f386a65513ec6f98674889.png
15:22:51.683 [Forwarding screenshot on session f38132bec70b685149d600fa9deab73b to remote] DEBUG org.asynchttpclient.netty.request.NettyRequestSender - Using pooled Channel '[id: 0x349314e4, L:/127.0.0.1:63858 - R:localhost/127.0.0.1:58077]' for 'GET' to 'http://localhost:58077/session/f38132bec70b685149d600fa9deab73b/screenshot'
15:22:51.683 [Forwarding screenshot on session f38132bec70b685149d600fa9deab73b to remote] DEBUG org.asynchttpclient.netty.request.NettyRequestSender - Using open Channel [id: 0x349314e4, L:/127.0.0.1:63858 - R:localhost/127.0.0.1:58077] for GET '/session/f38132bec70b685149d600fa9deab73b/screenshot'
15:22:51.709 [AsyncHttpClient-1-1] DEBUG org.asynchttpclient.netty.channel.DefaultChannelPool - Entry count for : http://localhost:63862 : 1
15:22:51.881 [AsyncHttpClient-1-2] DEBUG org.asynchttpclient.netty.handler.HttpHandler - 

Request DefaultFullHttpRequest(decodeResult: success, version: HTTP/1.1, content: EmptyByteBufBE)
GET /session/f38132bec70b685149d600fa9deab73b/screenshot HTTP/1.1
User-Agent: selenium/4.1.2 (java windows)
Cache-Control: no-cache
Content-Type: application/json; charset=utf-8
host: localhost:58077
accept: */*

Response DefaultHttpResponse(decodeResult: success, version: HTTP/1.1)
HTTP/1.1 200 OK
Content-Type: application/json; charset=utf-8
cache-control: no-cache
content-length: 129016

15:22:51.882 [AsyncHttpClient-1-2] DEBUG org.asynchttpclient.netty.channel.ChannelManager - Adding key: http://localhost:58077 for channel [id: 0x349314e4, L:/127.0.0.1:63858 - R:localhost/127.0.0.1:58077]
15:22:51.893 [Test worker] DEBUG net.serenitybdd.core.photography.Darkroom - Send negative for processing for C:\Users\johan\OneDrive\Documentos\KONEX\Pruebas automatizadas\automatizacion_login_backoffice_1v\target\site\serenity\3b826bb54a9a76c104216dcd18322cd416e3095e6748e33c4f163eea71077972.png
15:22:51.894 [Darkroom Processing Line] DEBUG net.serenitybdd.core.photography.DarkroomProcessingLine - Processing screenshot image in /var/screenshots/screenshot-5554137261765089068
15:22:51.894 [Darkroom Processing Line] DEBUG net.serenitybdd.core.photography.DarkroomProcessingLine - Saving screenshot to C:\Users\johan\OneDrive\Documentos\KONEX\Pruebas automatizadas\automatizacion_login_backoffice_1v\target\site\serenity\3b826bb54a9a76c104216dcd18322cd416e3095e6748e33c4f163eea71077972.png
15:22:51.975 [Forwarding screenshot on session f38132bec70b685149d600fa9deab73b to remote] DEBUG org.asynchttpclient.netty.request.NettyRequestSender - Using pooled Channel '[id: 0x349314e4, L:/127.0.0.1:63858 - R:localhost/127.0.0.1:58077]' for 'GET' to 'http://localhost:58077/session/f38132bec70b685149d600fa9deab73b/screenshot'
15:22:51.975 [Forwarding screenshot on session f38132bec70b685149d600fa9deab73b to remote] DEBUG org.asynchttpclient.netty.request.NettyRequestSender - Using open Channel [id: 0x349314e4, L:/127.0.0.1:63858 - R:localhost/127.0.0.1:58077] for GET '/session/f38132bec70b685149d600fa9deab73b/screenshot'
15:22:52.086 [AsyncHttpClient-1-2] DEBUG org.asynchttpclient.netty.handler.HttpHandler - 

Request DefaultFullHttpRequest(decodeResult: success, version: HTTP/1.1, content: EmptyByteBufBE)
GET /session/f38132bec70b685149d600fa9deab73b/screenshot HTTP/1.1
User-Agent: selenium/4.1.2 (java windows)
Cache-Control: no-cache
Content-Type: application/json; charset=utf-8
host: localhost:58077
accept: */*

Response DefaultHttpResponse(decodeResult: success, version: HTTP/1.1)
HTTP/1.1 200 OK
Content-Type: application/json; charset=utf-8
cache-control: no-cache
content-length: 126240

15:22:52.087 [AsyncHttpClient-1-2] DEBUG org.asynchttpclient.netty.channel.ChannelManager - Adding key: http://localhost:58077 for channel [id: 0x349314e4, L:/127.0.0.1:63858 - R:localhost/127.0.0.1:58077]
15:22:52.091 [Test worker] DEBUG net.serenitybdd.core.photography.Darkroom - Send negative for processing for C:\Users\johan\OneDrive\Documentos\KONEX\Pruebas automatizadas\automatizacion_login_backoffice_1v\target\site\serenity\089ae00ed1215fa459225a361f39b51e560ad693409c6fcfa2e62850327081f3.png
15:22:52.092 [Darkroom Processing Line] DEBUG net.serenitybdd.core.photography.DarkroomProcessingLine - Processing screenshot image in /var/screenshots/screenshot-5517005277893761899
15:22:52.092 [Darkroom Processing Line] DEBUG net.serenitybdd.core.photography.DarkroomProcessingLine - Saving screenshot to C:\Users\johan\OneDrive\Documentos\KONEX\Pruebas automatizadas\automatizacion_login_backoffice_1v\target\site\serenity\089ae00ed1215fa459225a361f39b51e560ad693409c6fcfa2e62850327081f3.png
15:22:52.092 [Test worker] DEBUG net.thucydides.core.steps.StepInterceptor - STARTING STEP: AdminSorteoStepdefinitions.creeUnSorteo - performAs
15:22:52.135 [Test worker] DEBUG net.thucydides.core.steps.StepInterceptor - STARTING STEP: Crear.performAs - {0} clicks on #target
15:22:52.136 [Test worker] DEBUG net.serenitybdd.screenplay.targets.IFrameSwitcher - default content already selected for campo fecha inicial sorteo
15:22:52.196 [Forwarding findElement on session f38132bec70b685149d600fa9deab73b to remote] DEBUG org.asynchttpclient.netty.request.NettyRequestSender - Using pooled Channel '[id: 0x349314e4, L:/127.0.0.1:63858 - R:localhost/127.0.0.1:58077]' for 'POST' to 'http://localhost:58077/session/f38132bec70b685149d600fa9deab73b/element'
15:22:52.196 [Forwarding findElement on session f38132bec70b685149d600fa9deab73b to remote] DEBUG org.asynchttpclient.netty.request.NettyRequestSender - Using open Channel [id: 0x349314e4, L:/127.0.0.1:63858 - R:localhost/127.0.0.1:58077] for POST '/session/f38132bec70b685149d600fa9deab73b/element'
15:22:52.206 [AsyncHttpClient-1-2] DEBUG org.asynchttpclient.netty.handler.HttpHandler - 

Request DefaultHttpRequest(decodeResult: success, version: HTTP/1.1)
POST /session/f38132bec70b685149d600fa9deab73b/element HTTP/1.1
User-Agent: selenium/4.1.2 (java windows)
Content-Length: 51
Content-Type: application/json; charset=utf-8
host: localhost:58077
accept: */*

Response DefaultHttpResponse(decodeResult: success, version: HTTP/1.1)
HTTP/1.1 200 OK
Content-Type: application/json; charset=utf-8
cache-control: no-cache
content-length: 88

15:22:52.206 [AsyncHttpClient-1-2] DEBUG org.asynchttpclient.netty.channel.ChannelManager - Adding key: http://localhost:58077 for channel [id: 0x349314e4, L:/127.0.0.1:63858 - R:localhost/127.0.0.1:58077]
15:22:52.219 [Forwarding isElementDisplayed on session f38132bec70b685149d600fa9deab73b to remote] DEBUG org.asynchttpclient.netty.request.NettyRequestSender - Using pooled Channel '[id: 0x349314e4, L:/127.0.0.1:63858 - R:localhost/127.0.0.1:58077]' for 'POST' to 'http://localhost:58077/session/f38132bec70b685149d600fa9deab73b/execute/sync'
15:22:52.219 [Forwarding isElementDisplayed on session f38132bec70b685149d600fa9deab73b to remote] DEBUG org.asynchttpclient.netty.request.NettyRequestSender - Using open Channel [id: 0x349314e4, L:/127.0.0.1:63858 - R:localhost/127.0.0.1:58077] for POST '/session/f38132bec70b685149d600fa9deab73b/execute/sync'
15:22:52.229 [AsyncHttpClient-1-2] DEBUG org.asynchttpclient.netty.handler.HttpHandler - 

Request DefaultHttpRequest(decodeResult: success, version: HTTP/1.1)
POST /session/f38132bec70b685149d600fa9deab73b/execute/sync HTTP/1.1
User-Agent: selenium/4.1.2 (java windows)
Content-Length: 48780
Content-Type: application/json; charset=utf-8
host: localhost:58077
accept: */*

Response DefaultHttpResponse(decodeResult: success, version: HTTP/1.1)
HTTP/1.1 200 OK
Content-Type: application/json; charset=utf-8
cache-control: no-cache
content-length: 14

15:22:52.229 [AsyncHttpClient-1-2] DEBUG org.asynchttpclient.netty.channel.ChannelManager - Adding key: http://localhost:58077 for channel [id: 0x349314e4, L:/127.0.0.1:63858 - R:localhost/127.0.0.1:58077]
15:22:52.248 [Forwarding findElement on session f38132bec70b685149d600fa9deab73b to remote] DEBUG org.asynchttpclient.netty.request.NettyRequestSender - Using pooled Channel '[id: 0x349314e4, L:/127.0.0.1:63858 - R:localhost/127.0.0.1:58077]' for 'POST' to 'http://localhost:58077/session/f38132bec70b685149d600fa9deab73b/element'
15:22:52.248 [Forwarding findElement on session f38132bec70b685149d600fa9deab73b to remote] DEBUG org.asynchttpclient.netty.request.NettyRequestSender - Using open Channel [id: 0x349314e4, L:/127.0.0.1:63858 - R:localhost/127.0.0.1:58077] for POST '/session/f38132bec70b685149d600fa9deab73b/element'
15:22:52.255 [AsyncHttpClient-1-2] DEBUG org.asynchttpclient.netty.handler.HttpHandler - 

Request DefaultHttpRequest(decodeResult: success, version: HTTP/1.1)
POST /session/f38132bec70b685149d600fa9deab73b/element HTTP/1.1
User-Agent: selenium/4.1.2 (java windows)
Content-Length: 51
Content-Type: application/json; charset=utf-8
host: localhost:58077
accept: */*

Response DefaultHttpResponse(decodeResult: success, version: HTTP/1.1)
HTTP/1.1 200 OK
Content-Type: application/json; charset=utf-8
cache-control: no-cache
content-length: 88

15:22:52.255 [AsyncHttpClient-1-2] DEBUG org.asynchttpclient.netty.channel.ChannelManager - Adding key: http://localhost:58077 for channel [id: 0x349314e4, L:/127.0.0.1:63858 - R:localhost/127.0.0.1:58077]
15:22:52.257 [Forwarding clickElement on session f38132bec70b685149d600fa9deab73b to remote] DEBUG org.asynchttpclient.netty.request.NettyRequestSender - Using pooled Channel '[id: 0x349314e4, L:/127.0.0.1:63858 - R:localhost/127.0.0.1:58077]' for 'POST' to 'http://localhost:58077/session/f38132bec70b685149d600fa9deab73b/element/0f3d4cba-1265-4132-88fc-7fb437e73f87/click'
15:22:52.257 [Forwarding clickElement on session f38132bec70b685149d600fa9deab73b to remote] DEBUG org.asynchttpclient.netty.request.NettyRequestSender - Using open Channel [id: 0x349314e4, L:/127.0.0.1:63858 - R:localhost/127.0.0.1:58077] for POST '/session/f38132bec70b685149d600fa9deab73b/element/0f3d4cba-1265-4132-88fc-7fb437e73f87/click'
15:22:52.321 [AsyncHttpClient-1-2] DEBUG org.asynchttpclient.netty.handler.HttpHandler - 

Request DefaultHttpRequest(decodeResult: success, version: HTTP/1.1)
POST /session/f38132bec70b685149d600fa9deab73b/element/0f3d4cba-1265-4132-88fc-7fb437e73f87/click HTTP/1.1
User-Agent: selenium/4.1.2 (java windows)
Content-Length: 50
Content-Type: application/json; charset=utf-8
host: localhost:58077
accept: */*

Response DefaultHttpResponse(decodeResult: success, version: HTTP/1.1)
HTTP/1.1 200 OK
Content-Type: application/json; charset=utf-8
cache-control: no-cache
content-length: 14

15:22:52.321 [AsyncHttpClient-1-2] DEBUG org.asynchttpclient.netty.channel.ChannelManager - Adding key: http://localhost:58077 for channel [id: 0x349314e4, L:/127.0.0.1:63858 - R:localhost/127.0.0.1:58077]
15:22:52.339 [Forwarding screenshot on session f38132bec70b685149d600fa9deab73b to remote] DEBUG org.asynchttpclient.netty.request.NettyRequestSender - Using pooled Channel '[id: 0x349314e4, L:/127.0.0.1:63858 - R:localhost/127.0.0.1:58077]' for 'GET' to 'http://localhost:58077/session/f38132bec70b685149d600fa9deab73b/screenshot'
15:22:52.339 [Forwarding screenshot on session f38132bec70b685149d600fa9deab73b to remote] DEBUG org.asynchttpclient.netty.request.NettyRequestSender - Using open Channel [id: 0x349314e4, L:/127.0.0.1:63858 - R:localhost/127.0.0.1:58077] for GET '/session/f38132bec70b685149d600fa9deab73b/screenshot'
15:22:52.499 [AsyncHttpClient-1-2] DEBUG org.asynchttpclient.netty.handler.HttpHandler - 

Request DefaultFullHttpRequest(decodeResult: success, version: HTTP/1.1, content: EmptyByteBufBE)
GET /session/f38132bec70b685149d600fa9deab73b/screenshot HTTP/1.1
User-Agent: selenium/4.1.2 (java windows)
Cache-Control: no-cache
Content-Type: application/json; charset=utf-8
host: localhost:58077
accept: */*

Response DefaultHttpResponse(decodeResult: success, version: HTTP/1.1)
HTTP/1.1 200 OK
Content-Type: application/json; charset=utf-8
cache-control: no-cache
content-length: 148740

15:22:52.500 [AsyncHttpClient-1-2] DEBUG org.asynchttpclient.netty.channel.ChannelManager - Adding key: http://localhost:58077 for channel [id: 0x349314e4, L:/127.0.0.1:63858 - R:localhost/127.0.0.1:58077]
15:22:52.507 [Test worker] DEBUG net.serenitybdd.core.photography.Darkroom - Send negative for processing for C:\Users\johan\OneDrive\Documentos\KONEX\Pruebas automatizadas\automatizacion_login_backoffice_1v\target\site\serenity\310cf3ee0cfbddb1263e791b7efc12b8984ec8115f48803143f27ca127631355.png
15:22:52.507 [Darkroom Processing Line] DEBUG net.serenitybdd.core.photography.DarkroomProcessingLine - Processing screenshot image in /var/screenshots/screenshot-90861506642542979
15:22:52.507 [Darkroom Processing Line] DEBUG net.serenitybdd.core.photography.DarkroomProcessingLine - Saving screenshot to C:\Users\johan\OneDrive\Documentos\KONEX\Pruebas automatizadas\automatizacion_login_backoffice_1v\target\site\serenity\310cf3ee0cfbddb1263e791b7efc12b8984ec8115f48803143f27ca127631355.png
15:22:52.522 [Test worker] DEBUG net.thucydides.core.steps.StepInterceptor - STEP DONE: {0} clicks on #target
15:22:52.537 [Test worker] DEBUG net.thucydides.core.steps.StepInterceptor - STARTING STEP: Crear.performAs - {0} clicks on #target
15:22:52.538 [Test worker] DEBUG net.serenitybdd.screenplay.targets.IFrameSwitcher - default content already selected for mes inicial del sorteo
15:22:52.598 [Forwarding findElement on session f38132bec70b685149d600fa9deab73b to remote] DEBUG org.asynchttpclient.netty.request.NettyRequestSender - Using pooled Channel '[id: 0x349314e4, L:/127.0.0.1:63858 - R:localhost/127.0.0.1:58077]' for 'POST' to 'http://localhost:58077/session/f38132bec70b685149d600fa9deab73b/element'
15:22:52.598 [Forwarding findElement on session f38132bec70b685149d600fa9deab73b to remote] DEBUG org.asynchttpclient.netty.request.NettyRequestSender - Using open Channel [id: 0x349314e4, L:/127.0.0.1:63858 - R:localhost/127.0.0.1:58077] for POST '/session/f38132bec70b685149d600fa9deab73b/element'
15:22:52.609 [AsyncHttpClient-1-2] DEBUG org.asynchttpclient.netty.handler.HttpHandler - 

Request DefaultHttpRequest(decodeResult: success, version: HTTP/1.1)
POST /session/f38132bec70b685149d600fa9deab73b/element HTTP/1.1
User-Agent: selenium/4.1.2 (java windows)
Content-Length: 81
Content-Type: application/json; charset=utf-8
host: localhost:58077
accept: */*

Response DefaultHttpResponse(decodeResult: success, version: HTTP/1.1)
HTTP/1.1 200 OK
Content-Type: application/json; charset=utf-8
cache-control: no-cache
content-length: 88

15:22:52.609 [AsyncHttpClient-1-2] DEBUG org.asynchttpclient.netty.channel.ChannelManager - Adding key: http://localhost:58077 for channel [id: 0x349314e4, L:/127.0.0.1:63858 - R:localhost/127.0.0.1:58077]
15:22:52.620 [Forwarding isElementDisplayed on session f38132bec70b685149d600fa9deab73b to remote] DEBUG org.asynchttpclient.netty.request.NettyRequestSender - Using pooled Channel '[id: 0x349314e4, L:/127.0.0.1:63858 - R:localhost/127.0.0.1:58077]' for 'POST' to 'http://localhost:58077/session/f38132bec70b685149d600fa9deab73b/execute/sync'
15:22:52.620 [Forwarding isElementDisplayed on session f38132bec70b685149d600fa9deab73b to remote] DEBUG org.asynchttpclient.netty.request.NettyRequestSender - Using open Channel [id: 0x349314e4, L:/127.0.0.1:63858 - R:localhost/127.0.0.1:58077] for POST '/session/f38132bec70b685149d600fa9deab73b/execute/sync'
15:22:52.629 [AsyncHttpClient-1-2] DEBUG org.asynchttpclient.netty.handler.HttpHandler - 

Request DefaultHttpRequest(decodeResult: success, version: HTTP/1.1)
POST /session/f38132bec70b685149d600fa9deab73b/execute/sync HTTP/1.1
User-Agent: selenium/4.1.2 (java windows)
Content-Length: 48780
Content-Type: application/json; charset=utf-8
host: localhost:58077
accept: */*

Response DefaultHttpResponse(decodeResult: success, version: HTTP/1.1)
HTTP/1.1 200 OK
Content-Type: application/json; charset=utf-8
cache-control: no-cache
content-length: 14

15:22:52.629 [AsyncHttpClient-1-2] DEBUG org.asynchttpclient.netty.channel.ChannelManager - Adding key: http://localhost:58077 for channel [id: 0x349314e4, L:/127.0.0.1:63858 - R:localhost/127.0.0.1:58077]
15:22:52.646 [Forwarding findElement on session f38132bec70b685149d600fa9deab73b to remote] DEBUG org.asynchttpclient.netty.request.NettyRequestSender - Using pooled Channel '[id: 0x349314e4, L:/127.0.0.1:63858 - R:localhost/127.0.0.1:58077]' for 'POST' to 'http://localhost:58077/session/f38132bec70b685149d600fa9deab73b/element'
15:22:52.646 [Forwarding findElement on session f38132bec70b685149d600fa9deab73b to remote] DEBUG org.asynchttpclient.netty.request.NettyRequestSender - Using open Channel [id: 0x349314e4, L:/127.0.0.1:63858 - R:localhost/127.0.0.1:58077] for POST '/session/f38132bec70b685149d600fa9deab73b/element'
15:22:52.653 [AsyncHttpClient-1-2] DEBUG org.asynchttpclient.netty.handler.HttpHandler - 

Request DefaultHttpRequest(decodeResult: success, version: HTTP/1.1)
POST /session/f38132bec70b685149d600fa9deab73b/element HTTP/1.1
User-Agent: selenium/4.1.2 (java windows)
Content-Length: 81
Content-Type: application/json; charset=utf-8
host: localhost:58077
accept: */*

Response DefaultHttpResponse(decodeResult: success, version: HTTP/1.1)
HTTP/1.1 200 OK
Content-Type: application/json; charset=utf-8
cache-control: no-cache
content-length: 88

15:22:52.653 [AsyncHttpClient-1-2] DEBUG org.asynchttpclient.netty.channel.ChannelManager - Adding key: http://localhost:58077 for channel [id: 0x349314e4, L:/127.0.0.1:63858 - R:localhost/127.0.0.1:58077]
15:22:52.654 [Forwarding clickElement on session f38132bec70b685149d600fa9deab73b to remote] DEBUG org.asynchttpclient.netty.request.NettyRequestSender - Using pooled Channel '[id: 0x349314e4, L:/127.0.0.1:63858 - R:localhost/127.0.0.1:58077]' for 'POST' to 'http://localhost:58077/session/f38132bec70b685149d600fa9deab73b/element/917a4da8-d57f-44ef-b521-0553b5102418/click'
15:22:52.654 [Forwarding clickElement on session f38132bec70b685149d600fa9deab73b to remote] DEBUG org.asynchttpclient.netty.request.NettyRequestSender - Using open Channel [id: 0x349314e4, L:/127.0.0.1:63858 - R:localhost/127.0.0.1:58077] for POST '/session/f38132bec70b685149d600fa9deab73b/element/917a4da8-d57f-44ef-b521-0553b5102418/click'
15:22:52.692 [AsyncHttpClient-1-2] DEBUG org.asynchttpclient.netty.handler.HttpHandler - 

Request DefaultHttpRequest(decodeResult: success, version: HTTP/1.1)
POST /session/f38132bec70b685149d600fa9deab73b/element/917a4da8-d57f-44ef-b521-0553b5102418/click HTTP/1.1
User-Agent: selenium/4.1.2 (java windows)
Content-Length: 50
Content-Type: application/json; charset=utf-8
host: localhost:58077
accept: */*

Response DefaultHttpResponse(decodeResult: success, version: HTTP/1.1)
HTTP/1.1 200 OK
Content-Type: application/json; charset=utf-8
cache-control: no-cache
content-length: 14

15:22:52.692 [AsyncHttpClient-1-2] DEBUG org.asynchttpclient.netty.channel.ChannelManager - Adding key: http://localhost:58077 for channel [id: 0x349314e4, L:/127.0.0.1:63858 - R:localhost/127.0.0.1:58077]
15:22:52.705 [Forwarding screenshot on session f38132bec70b685149d600fa9deab73b to remote] DEBUG org.asynchttpclient.netty.request.NettyRequestSender - Using pooled Channel '[id: 0x349314e4, L:/127.0.0.1:63858 - R:localhost/127.0.0.1:58077]' for 'GET' to 'http://localhost:58077/session/f38132bec70b685149d600fa9deab73b/screenshot'
15:22:52.705 [Forwarding screenshot on session f38132bec70b685149d600fa9deab73b to remote] DEBUG org.asynchttpclient.netty.request.NettyRequestSender - Using open Channel [id: 0x349314e4, L:/127.0.0.1:63858 - R:localhost/127.0.0.1:58077] for GET '/session/f38132bec70b685149d600fa9deab73b/screenshot'
15:22:52.808 [AsyncHttpClient-1-1] DEBUG org.asynchttpclient.netty.channel.DefaultChannelPool - Entry count for : http://localhost:63862 : 1
15:22:52.848 [AsyncHttpClient-1-2] DEBUG org.asynchttpclient.netty.handler.HttpHandler - 

Request DefaultFullHttpRequest(decodeResult: success, version: HTTP/1.1, content: EmptyByteBufBE)
GET /session/f38132bec70b685149d600fa9deab73b/screenshot HTTP/1.1
User-Agent: selenium/4.1.2 (java windows)
Cache-Control: no-cache
Content-Type: application/json; charset=utf-8
host: localhost:58077
accept: */*

Response DefaultHttpResponse(decodeResult: success, version: HTTP/1.1)
HTTP/1.1 200 OK
Content-Type: application/json; charset=utf-8
cache-control: no-cache
content-length: 132040

15:22:52.848 [AsyncHttpClient-1-2] DEBUG org.asynchttpclient.netty.channel.ChannelManager - Adding key: http://localhost:58077 for channel [id: 0x349314e4, L:/127.0.0.1:63858 - R:localhost/127.0.0.1:58077]
15:22:52.853 [Test worker] DEBUG net.serenitybdd.core.photography.Darkroom - Send negative for processing for C:\Users\johan\OneDrive\Documentos\KONEX\Pruebas automatizadas\automatizacion_login_backoffice_1v\target\site\serenity\b6eab69a9e4ae4d123d2d34e86f7a5b212acd926566e5bc2824239eb155f39ab.png
15:22:52.853 [Darkroom Processing Line] DEBUG net.serenitybdd.core.photography.DarkroomProcessingLine - Processing screenshot image in /var/screenshots/screenshot-3545374953417786245
15:22:52.853 [Darkroom Processing Line] DEBUG net.serenitybdd.core.photography.DarkroomProcessingLine - Saving screenshot to C:\Users\johan\OneDrive\Documentos\KONEX\Pruebas automatizadas\automatizacion_login_backoffice_1v\target\site\serenity\b6eab69a9e4ae4d123d2d34e86f7a5b212acd926566e5bc2824239eb155f39ab.png
15:22:52.869 [Test worker] DEBUG net.thucydides.core.steps.StepInterceptor - STEP DONE: {0} clicks on #target
15:22:52.884 [Test worker] DEBUG net.thucydides.core.steps.StepInterceptor - STARTING STEP: Crear.performAs - {0} clicks on #target
15:22:52.884 [Test worker] DEBUG net.serenitybdd.screenplay.targets.IFrameSwitcher - default content already selected for Anno inicial del sorteo
15:22:52.945 [Forwarding findElement on session f38132bec70b685149d600fa9deab73b to remote] DEBUG org.asynchttpclient.netty.request.NettyRequestSender - Using pooled Channel '[id: 0x349314e4, L:/127.0.0.1:63858 - R:localhost/127.0.0.1:58077]' for 'POST' to 'http://localhost:58077/session/f38132bec70b685149d600fa9deab73b/element'
15:22:52.945 [Forwarding findElement on session f38132bec70b685149d600fa9deab73b to remote] DEBUG org.asynchttpclient.netty.request.NettyRequestSender - Using open Channel [id: 0x349314e4, L:/127.0.0.1:63858 - R:localhost/127.0.0.1:58077] for POST '/session/f38132bec70b685149d600fa9deab73b/element'
15:22:52.955 [AsyncHttpClient-1-2] DEBUG org.asynchttpclient.netty.handler.HttpHandler - 

Request DefaultHttpRequest(decodeResult: success, version: HTTP/1.1)
POST /session/f38132bec70b685149d600fa9deab73b/element HTTP/1.1
User-Agent: selenium/4.1.2 (java windows)
Content-Length: 80
Content-Type: application/json; charset=utf-8
host: localhost:58077
accept: */*

Response DefaultHttpResponse(decodeResult: success, version: HTTP/1.1)
HTTP/1.1 200 OK
Content-Type: application/json; charset=utf-8
cache-control: no-cache
content-length: 88

15:22:52.955 [AsyncHttpClient-1-2] DEBUG org.asynchttpclient.netty.channel.ChannelManager - Adding key: http://localhost:58077 for channel [id: 0x349314e4, L:/127.0.0.1:63858 - R:localhost/127.0.0.1:58077]
15:22:52.966 [Forwarding isElementDisplayed on session f38132bec70b685149d600fa9deab73b to remote] DEBUG org.asynchttpclient.netty.request.NettyRequestSender - Using pooled Channel '[id: 0x349314e4, L:/127.0.0.1:63858 - R:localhost/127.0.0.1:58077]' for 'POST' to 'http://localhost:58077/session/f38132bec70b685149d600fa9deab73b/execute/sync'
15:22:52.967 [Forwarding isElementDisplayed on session f38132bec70b685149d600fa9deab73b to remote] DEBUG org.asynchttpclient.netty.request.NettyRequestSender - Using open Channel [id: 0x349314e4, L:/127.0.0.1:63858 - R:localhost/127.0.0.1:58077] for POST '/session/f38132bec70b685149d600fa9deab73b/execute/sync'
15:22:52.976 [AsyncHttpClient-1-2] DEBUG org.asynchttpclient.netty.handler.HttpHandler - 

Request DefaultHttpRequest(decodeResult: success, version: HTTP/1.1)
POST /session/f38132bec70b685149d600fa9deab73b/execute/sync HTTP/1.1
User-Agent: selenium/4.1.2 (java windows)
Content-Length: 48780
Content-Type: application/json; charset=utf-8
host: localhost:58077
accept: */*

Response DefaultHttpResponse(decodeResult: success, version: HTTP/1.1)
HTTP/1.1 200 OK
Content-Type: application/json; charset=utf-8
cache-control: no-cache
content-length: 14

15:22:52.976 [AsyncHttpClient-1-2] DEBUG org.asynchttpclient.netty.channel.ChannelManager - Adding key: http://localhost:58077 for channel [id: 0x349314e4, L:/127.0.0.1:63858 - R:localhost/127.0.0.1:58077]
15:22:52.994 [Forwarding findElement on session f38132bec70b685149d600fa9deab73b to remote] DEBUG org.asynchttpclient.netty.request.NettyRequestSender - Using pooled Channel '[id: 0x349314e4, L:/127.0.0.1:63858 - R:localhost/127.0.0.1:58077]' for 'POST' to 'http://localhost:58077/session/f38132bec70b685149d600fa9deab73b/element'
15:22:52.994 [Forwarding findElement on session f38132bec70b685149d600fa9deab73b to remote] DEBUG org.asynchttpclient.netty.request.NettyRequestSender - Using open Channel [id: 0x349314e4, L:/127.0.0.1:63858 - R:localhost/127.0.0.1:58077] for POST '/session/f38132bec70b685149d600fa9deab73b/element'
15:22:53.001 [AsyncHttpClient-1-2] DEBUG org.asynchttpclient.netty.handler.HttpHandler - 

Request DefaultHttpRequest(decodeResult: success, version: HTTP/1.1)
POST /session/f38132bec70b685149d600fa9deab73b/element HTTP/1.1
User-Agent: selenium/4.1.2 (java windows)
Content-Length: 80
Content-Type: application/json; charset=utf-8
host: localhost:58077
accept: */*

Response DefaultHttpResponse(decodeResult: success, version: HTTP/1.1)
HTTP/1.1 200 OK
Content-Type: application/json; charset=utf-8
cache-control: no-cache
content-length: 88

15:22:53.001 [AsyncHttpClient-1-2] DEBUG org.asynchttpclient.netty.channel.ChannelManager - Adding key: http://localhost:58077 for channel [id: 0x349314e4, L:/127.0.0.1:63858 - R:localhost/127.0.0.1:58077]
15:22:53.002 [Forwarding clickElement on session f38132bec70b685149d600fa9deab73b to remote] DEBUG org.asynchttpclient.netty.request.NettyRequestSender - Using pooled Channel '[id: 0x349314e4, L:/127.0.0.1:63858 - R:localhost/127.0.0.1:58077]' for 'POST' to 'http://localhost:58077/session/f38132bec70b685149d600fa9deab73b/element/7e735a98-34b1-46b6-936a-b098f6fa05ba/click'
15:22:53.002 [Forwarding clickElement on session f38132bec70b685149d600fa9deab73b to remote] DEBUG org.asynchttpclient.netty.request.NettyRequestSender - Using open Channel [id: 0x349314e4, L:/127.0.0.1:63858 - R:localhost/127.0.0.1:58077] for POST '/session/f38132bec70b685149d600fa9deab73b/element/7e735a98-34b1-46b6-936a-b098f6fa05ba/click'
15:22:53.023 [AsyncHttpClient-1-2] DEBUG org.asynchttpclient.netty.handler.HttpHandler - 

Request DefaultHttpRequest(decodeResult: success, version: HTTP/1.1)
POST /session/f38132bec70b685149d600fa9deab73b/element/7e735a98-34b1-46b6-936a-b098f6fa05ba/click HTTP/1.1
User-Agent: selenium/4.1.2 (java windows)
Content-Length: 50
Content-Type: application/json; charset=utf-8
host: localhost:58077
accept: */*

Response DefaultHttpResponse(decodeResult: success, version: HTTP/1.1)
HTTP/1.1 200 OK
Content-Type: application/json; charset=utf-8
cache-control: no-cache
content-length: 14

15:22:53.023 [AsyncHttpClient-1-2] DEBUG org.asynchttpclient.netty.channel.ChannelManager - Adding key: http://localhost:58077 for channel [id: 0x349314e4, L:/127.0.0.1:63858 - R:localhost/127.0.0.1:58077]
15:22:53.037 [Forwarding screenshot on session f38132bec70b685149d600fa9deab73b to remote] DEBUG org.asynchttpclient.netty.request.NettyRequestSender - Using pooled Channel '[id: 0x349314e4, L:/127.0.0.1:63858 - R:localhost/127.0.0.1:58077]' for 'GET' to 'http://localhost:58077/session/f38132bec70b685149d600fa9deab73b/screenshot'
15:22:53.037 [Forwarding screenshot on session f38132bec70b685149d600fa9deab73b to remote] DEBUG org.asynchttpclient.netty.request.NettyRequestSender - Using open Channel [id: 0x349314e4, L:/127.0.0.1:63858 - R:localhost/127.0.0.1:58077] for GET '/session/f38132bec70b685149d600fa9deab73b/screenshot'
15:22:53.149 [AsyncHttpClient-1-2] DEBUG org.asynchttpclient.netty.handler.HttpHandler - 

Request DefaultFullHttpRequest(decodeResult: success, version: HTTP/1.1, content: EmptyByteBufBE)
GET /session/f38132bec70b685149d600fa9deab73b/screenshot HTTP/1.1
User-Agent: selenium/4.1.2 (java windows)
Cache-Control: no-cache
Content-Type: application/json; charset=utf-8
host: localhost:58077
accept: */*

Response DefaultHttpResponse(decodeResult: success, version: HTTP/1.1)
HTTP/1.1 200 OK
Content-Type: application/json; charset=utf-8
cache-control: no-cache
content-length: 132392

15:22:53.150 [AsyncHttpClient-1-2] DEBUG org.asynchttpclient.netty.channel.ChannelManager - Adding key: http://localhost:58077 for channel [id: 0x349314e4, L:/127.0.0.1:63858 - R:localhost/127.0.0.1:58077]
15:22:53.156 [Test worker] DEBUG net.serenitybdd.core.photography.Darkroom - Send negative for processing for C:\Users\johan\OneDrive\Documentos\KONEX\Pruebas automatizadas\automatizacion_login_backoffice_1v\target\site\serenity\e145ee48effb4edd39a3b7885725e80a888960b98849a7023c03ae0ab5927389.png
15:22:53.156 [Darkroom Processing Line] DEBUG net.serenitybdd.core.photography.DarkroomProcessingLine - Processing screenshot image in /var/screenshots/screenshot-5317143417156408548
15:22:53.156 [Darkroom Processing Line] DEBUG net.serenitybdd.core.photography.DarkroomProcessingLine - Saving screenshot to C:\Users\johan\OneDrive\Documentos\KONEX\Pruebas automatizadas\automatizacion_login_backoffice_1v\target\site\serenity\e145ee48effb4edd39a3b7885725e80a888960b98849a7023c03ae0ab5927389.png
15:22:53.171 [Test worker] DEBUG net.thucydides.core.steps.StepInterceptor - STEP DONE: {0} clicks on #target
15:22:53.185 [Test worker] DEBUG net.thucydides.core.steps.StepInterceptor - STARTING STEP: Crear.performAs - {0} clicks on #target
15:22:53.185 [Test worker] DEBUG net.serenitybdd.screenplay.targets.IFrameSwitcher - default content already selected for dia inicio del sorteo
15:22:53.240 [Forwarding findElement on session f38132bec70b685149d600fa9deab73b to remote] DEBUG org.asynchttpclient.netty.request.NettyRequestSender - Using pooled Channel '[id: 0x349314e4, L:/127.0.0.1:63858 - R:localhost/127.0.0.1:58077]' for 'POST' to 'http://localhost:58077/session/f38132bec70b685149d600fa9deab73b/element'
15:22:53.240 [Forwarding findElement on session f38132bec70b685149d600fa9deab73b to remote] DEBUG org.asynchttpclient.netty.request.NettyRequestSender - Using open Channel [id: 0x349314e4, L:/127.0.0.1:63858 - R:localhost/127.0.0.1:58077] for POST '/session/f38132bec70b685149d600fa9deab73b/element'
15:22:53.251 [AsyncHttpClient-1-2] DEBUG org.asynchttpclient.netty.handler.HttpHandler - 

Request DefaultHttpRequest(decodeResult: success, version: HTTP/1.1)
POST /session/f38132bec70b685149d600fa9deab73b/element HTTP/1.1
User-Agent: selenium/4.1.2 (java windows)
Content-Length: 73
Content-Type: application/json; charset=utf-8
host: localhost:58077
accept: */*

Response DefaultHttpResponse(decodeResult: success, version: HTTP/1.1)
HTTP/1.1 200 OK
Content-Type: application/json; charset=utf-8
cache-control: no-cache
content-length: 88

15:22:53.251 [AsyncHttpClient-1-2] DEBUG org.asynchttpclient.netty.channel.ChannelManager - Adding key: http://localhost:58077 for channel [id: 0x349314e4, L:/127.0.0.1:63858 - R:localhost/127.0.0.1:58077]
15:22:53.263 [Forwarding isElementDisplayed on session f38132bec70b685149d600fa9deab73b to remote] DEBUG org.asynchttpclient.netty.request.NettyRequestSender - Using pooled Channel '[id: 0x349314e4, L:/127.0.0.1:63858 - R:localhost/127.0.0.1:58077]' for 'POST' to 'http://localhost:58077/session/f38132bec70b685149d600fa9deab73b/execute/sync'
15:22:53.263 [Forwarding isElementDisplayed on session f38132bec70b685149d600fa9deab73b to remote] DEBUG org.asynchttpclient.netty.request.NettyRequestSender - Using open Channel [id: 0x349314e4, L:/127.0.0.1:63858 - R:localhost/127.0.0.1:58077] for POST '/session/f38132bec70b685149d600fa9deab73b/execute/sync'
15:22:53.272 [AsyncHttpClient-1-2] DEBUG org.asynchttpclient.netty.handler.HttpHandler - 

Request DefaultHttpRequest(decodeResult: success, version: HTTP/1.1)
POST /session/f38132bec70b685149d600fa9deab73b/execute/sync HTTP/1.1
User-Agent: selenium/4.1.2 (java windows)
Content-Length: 48780
Content-Type: application/json; charset=utf-8
host: localhost:58077
accept: */*

Response DefaultHttpResponse(decodeResult: success, version: HTTP/1.1)
HTTP/1.1 200 OK
Content-Type: application/json; charset=utf-8
cache-control: no-cache
content-length: 14

15:22:53.273 [AsyncHttpClient-1-2] DEBUG org.asynchttpclient.netty.channel.ChannelManager - Adding key: http://localhost:58077 for channel [id: 0x349314e4, L:/127.0.0.1:63858 - R:localhost/127.0.0.1:58077]
15:22:53.291 [Forwarding findElement on session f38132bec70b685149d600fa9deab73b to remote] DEBUG org.asynchttpclient.netty.request.NettyRequestSender - Using pooled Channel '[id: 0x349314e4, L:/127.0.0.1:63858 - R:localhost/127.0.0.1:58077]' for 'POST' to 'http://localhost:58077/session/f38132bec70b685149d600fa9deab73b/element'
15:22:53.291 [Forwarding findElement on session f38132bec70b685149d600fa9deab73b to remote] DEBUG org.asynchttpclient.netty.request.NettyRequestSender - Using open Channel [id: 0x349314e4, L:/127.0.0.1:63858 - R:localhost/127.0.0.1:58077] for POST '/session/f38132bec70b685149d600fa9deab73b/element'
15:22:53.297 [AsyncHttpClient-1-2] DEBUG org.asynchttpclient.netty.handler.HttpHandler - 

Request DefaultHttpRequest(decodeResult: success, version: HTTP/1.1)
POST /session/f38132bec70b685149d600fa9deab73b/element HTTP/1.1
User-Agent: selenium/4.1.2 (java windows)
Content-Length: 73
Content-Type: application/json; charset=utf-8
host: localhost:58077
accept: */*

Response DefaultHttpResponse(decodeResult: success, version: HTTP/1.1)
HTTP/1.1 200 OK
Content-Type: application/json; charset=utf-8
cache-control: no-cache
content-length: 88

15:22:53.298 [AsyncHttpClient-1-2] DEBUG org.asynchttpclient.netty.channel.ChannelManager - Adding key: http://localhost:58077 for channel [id: 0x349314e4, L:/127.0.0.1:63858 - R:localhost/127.0.0.1:58077]
15:22:53.299 [Forwarding clickElement on session f38132bec70b685149d600fa9deab73b to remote] DEBUG org.asynchttpclient.netty.request.NettyRequestSender - Using pooled Channel '[id: 0x349314e4, L:/127.0.0.1:63858 - R:localhost/127.0.0.1:58077]' for 'POST' to 'http://localhost:58077/session/f38132bec70b685149d600fa9deab73b/element/bbc75358-ece0-4374-8db6-11ca60f42ff3/click'
15:22:53.299 [Forwarding clickElement on session f38132bec70b685149d600fa9deab73b to remote] DEBUG org.asynchttpclient.netty.request.NettyRequestSender - Using open Channel [id: 0x349314e4, L:/127.0.0.1:63858 - R:localhost/127.0.0.1:58077] for POST '/session/f38132bec70b685149d600fa9deab73b/element/bbc75358-ece0-4374-8db6-11ca60f42ff3/click'
15:22:53.334 [AsyncHttpClient-1-2] DEBUG org.asynchttpclient.netty.handler.HttpHandler - 

Request DefaultHttpRequest(decodeResult: success, version: HTTP/1.1)
POST /session/f38132bec70b685149d600fa9deab73b/element/bbc75358-ece0-4374-8db6-11ca60f42ff3/click HTTP/1.1
User-Agent: selenium/4.1.2 (java windows)
Content-Length: 50
Content-Type: application/json; charset=utf-8
host: localhost:58077
accept: */*

Response DefaultHttpResponse(decodeResult: success, version: HTTP/1.1)
HTTP/1.1 200 OK
Content-Type: application/json; charset=utf-8
cache-control: no-cache
content-length: 14

15:22:53.334 [AsyncHttpClient-1-2] DEBUG org.asynchttpclient.netty.channel.ChannelManager - Adding key: http://localhost:58077 for channel [id: 0x349314e4, L:/127.0.0.1:63858 - R:localhost/127.0.0.1:58077]
15:22:53.351 [Forwarding screenshot on session f38132bec70b685149d600fa9deab73b to remote] DEBUG org.asynchttpclient.netty.request.NettyRequestSender - Using pooled Channel '[id: 0x349314e4, L:/127.0.0.1:63858 - R:localhost/127.0.0.1:58077]' for 'GET' to 'http://localhost:58077/session/f38132bec70b685149d600fa9deab73b/screenshot'
15:22:53.351 [Forwarding screenshot on session f38132bec70b685149d600fa9deab73b to remote] DEBUG org.asynchttpclient.netty.request.NettyRequestSender - Using open Channel [id: 0x349314e4, L:/127.0.0.1:63858 - R:localhost/127.0.0.1:58077] for GET '/session/f38132bec70b685149d600fa9deab73b/screenshot'
15:22:53.520 [AsyncHttpClient-1-2] DEBUG org.asynchttpclient.netty.handler.HttpHandler - 

Request DefaultFullHttpRequest(decodeResult: success, version: HTTP/1.1, content: EmptyByteBufBE)
GET /session/f38132bec70b685149d600fa9deab73b/screenshot HTTP/1.1
User-Agent: selenium/4.1.2 (java windows)
Cache-Control: no-cache
Content-Type: application/json; charset=utf-8
host: localhost:58077
accept: */*

Response DefaultHttpResponse(decodeResult: success, version: HTTP/1.1)
HTTP/1.1 200 OK
Content-Type: application/json; charset=utf-8
cache-control: no-cache
content-length: 132808

15:22:53.520 [AsyncHttpClient-1-2] DEBUG org.asynchttpclient.netty.channel.ChannelManager - Adding key: http://localhost:58077 for channel [id: 0x349314e4, L:/127.0.0.1:63858 - R:localhost/127.0.0.1:58077]
15:22:53.526 [Test worker] DEBUG net.serenitybdd.core.photography.Darkroom - Send negative for processing for C:\Users\johan\OneDrive\Documentos\KONEX\Pruebas automatizadas\automatizacion_login_backoffice_1v\target\site\serenity\794df78b2ac60a355a36d8ae6ffa8cf69d211e35ac582457d8ec095f90368986.png
15:22:53.526 [Darkroom Processing Line] DEBUG net.serenitybdd.core.photography.DarkroomProcessingLine - Processing screenshot image in /var/screenshots/screenshot-7623544271443587820
15:22:53.527 [Darkroom Processing Line] DEBUG net.serenitybdd.core.photography.DarkroomProcessingLine - Saving screenshot to C:\Users\johan\OneDrive\Documentos\KONEX\Pruebas automatizadas\automatizacion_login_backoffice_1v\target\site\serenity\794df78b2ac60a355a36d8ae6ffa8cf69d211e35ac582457d8ec095f90368986.png
15:22:53.541 [Test worker] DEBUG net.thucydides.core.steps.StepInterceptor - STEP DONE: {0} clicks on #target
15:22:53.554 [Test worker] DEBUG net.thucydides.core.steps.StepInterceptor - STARTING STEP: Crear.performAs - {0} clicks on #target
15:22:53.555 [Test worker] DEBUG net.serenitybdd.screenplay.targets.IFrameSwitcher - default content already selected for campo fecha final sorteo
15:22:53.615 [Forwarding findElement on session f38132bec70b685149d600fa9deab73b to remote] DEBUG org.asynchttpclient.netty.request.NettyRequestSender - Using pooled Channel '[id: 0x349314e4, L:/127.0.0.1:63858 - R:localhost/127.0.0.1:58077]' for 'POST' to 'http://localhost:58077/session/f38132bec70b685149d600fa9deab73b/element'
15:22:53.616 [Forwarding findElement on session f38132bec70b685149d600fa9deab73b to remote] DEBUG org.asynchttpclient.netty.request.NettyRequestSender - Using open Channel [id: 0x349314e4, L:/127.0.0.1:63858 - R:localhost/127.0.0.1:58077] for POST '/session/f38132bec70b685149d600fa9deab73b/element'
15:22:53.627 [AsyncHttpClient-1-2] DEBUG org.asynchttpclient.netty.handler.HttpHandler - 

Request DefaultHttpRequest(decodeResult: success, version: HTTP/1.1)
POST /session/f38132bec70b685149d600fa9deab73b/element HTTP/1.1
User-Agent: selenium/4.1.2 (java windows)
Content-Length: 52
Content-Type: application/json; charset=utf-8
host: localhost:58077
accept: */*

Response DefaultHttpResponse(decodeResult: success, version: HTTP/1.1)
HTTP/1.1 200 OK
Content-Type: application/json; charset=utf-8
cache-control: no-cache
content-length: 88

15:22:53.627 [AsyncHttpClient-1-2] DEBUG org.asynchttpclient.netty.channel.ChannelManager - Adding key: http://localhost:58077 for channel [id: 0x349314e4, L:/127.0.0.1:63858 - R:localhost/127.0.0.1:58077]
15:22:53.645 [Forwarding isElementDisplayed on session f38132bec70b685149d600fa9deab73b to remote] DEBUG org.asynchttpclient.netty.request.NettyRequestSender - Using pooled Channel '[id: 0x349314e4, L:/127.0.0.1:63858 - R:localhost/127.0.0.1:58077]' for 'POST' to 'http://localhost:58077/session/f38132bec70b685149d600fa9deab73b/execute/sync'
15:22:53.646 [Forwarding isElementDisplayed on session f38132bec70b685149d600fa9deab73b to remote] DEBUG org.asynchttpclient.netty.request.NettyRequestSender - Using open Channel [id: 0x349314e4, L:/127.0.0.1:63858 - R:localhost/127.0.0.1:58077] for POST '/session/f38132bec70b685149d600fa9deab73b/execute/sync'
15:22:53.656 [AsyncHttpClient-1-2] DEBUG org.asynchttpclient.netty.handler.HttpHandler - 

Request DefaultHttpRequest(decodeResult: success, version: HTTP/1.1)
POST /session/f38132bec70b685149d600fa9deab73b/execute/sync HTTP/1.1
User-Agent: selenium/4.1.2 (java windows)
Content-Length: 48780
Content-Type: application/json; charset=utf-8
host: localhost:58077
accept: */*

Response DefaultHttpResponse(decodeResult: success, version: HTTP/1.1)
HTTP/1.1 200 OK
Content-Type: application/json; charset=utf-8
cache-control: no-cache
content-length: 14

15:22:53.656 [AsyncHttpClient-1-2] DEBUG org.asynchttpclient.netty.channel.ChannelManager - Adding key: http://localhost:58077 for channel [id: 0x349314e4, L:/127.0.0.1:63858 - R:localhost/127.0.0.1:58077]
15:22:53.674 [Forwarding findElement on session f38132bec70b685149d600fa9deab73b to remote] DEBUG org.asynchttpclient.netty.request.NettyRequestSender - Using pooled Channel '[id: 0x349314e4, L:/127.0.0.1:63858 - R:localhost/127.0.0.1:58077]' for 'POST' to 'http://localhost:58077/session/f38132bec70b685149d600fa9deab73b/element'
15:22:53.674 [Forwarding findElement on session f38132bec70b685149d600fa9deab73b to remote] DEBUG org.asynchttpclient.netty.request.NettyRequestSender - Using open Channel [id: 0x349314e4, L:/127.0.0.1:63858 - R:localhost/127.0.0.1:58077] for POST '/session/f38132bec70b685149d600fa9deab73b/element'
15:22:53.682 [AsyncHttpClient-1-2] DEBUG org.asynchttpclient.netty.handler.HttpHandler - 

Request DefaultHttpRequest(decodeResult: success, version: HTTP/1.1)
POST /session/f38132bec70b685149d600fa9deab73b/element HTTP/1.1
User-Agent: selenium/4.1.2 (java windows)
Content-Length: 52
Content-Type: application/json; charset=utf-8
host: localhost:58077
accept: */*

Response DefaultHttpResponse(decodeResult: success, version: HTTP/1.1)
HTTP/1.1 200 OK
Content-Type: application/json; charset=utf-8
cache-control: no-cache
content-length: 88

15:22:53.682 [AsyncHttpClient-1-2] DEBUG org.asynchttpclient.netty.channel.ChannelManager - Adding key: http://localhost:58077 for channel [id: 0x349314e4, L:/127.0.0.1:63858 - R:localhost/127.0.0.1:58077]
15:22:53.683 [Forwarding clickElement on session f38132bec70b685149d600fa9deab73b to remote] DEBUG org.asynchttpclient.netty.request.NettyRequestSender - Using pooled Channel '[id: 0x349314e4, L:/127.0.0.1:63858 - R:localhost/127.0.0.1:58077]' for 'POST' to 'http://localhost:58077/session/f38132bec70b685149d600fa9deab73b/element/36e8d939-7504-490a-99b4-57ac8c419c58/click'
15:22:53.683 [Forwarding clickElement on session f38132bec70b685149d600fa9deab73b to remote] DEBUG org.asynchttpclient.netty.request.NettyRequestSender - Using open Channel [id: 0x349314e4, L:/127.0.0.1:63858 - R:localhost/127.0.0.1:58077] for POST '/session/f38132bec70b685149d600fa9deab73b/element/36e8d939-7504-490a-99b4-57ac8c419c58/click'
15:22:53.745 [AsyncHttpClient-1-2] DEBUG org.asynchttpclient.netty.handler.HttpHandler - 

Request DefaultHttpRequest(decodeResult: success, version: HTTP/1.1)
POST /session/f38132bec70b685149d600fa9deab73b/element/36e8d939-7504-490a-99b4-57ac8c419c58/click HTTP/1.1
User-Agent: selenium/4.1.2 (java windows)
Content-Length: 50
Content-Type: application/json; charset=utf-8
host: localhost:58077
accept: */*

Response DefaultHttpResponse(decodeResult: success, version: HTTP/1.1)
HTTP/1.1 200 OK
Content-Type: application/json; charset=utf-8
cache-control: no-cache
content-length: 14

15:22:53.746 [AsyncHttpClient-1-2] DEBUG org.asynchttpclient.netty.channel.ChannelManager - Adding key: http://localhost:58077 for channel [id: 0x349314e4, L:/127.0.0.1:63858 - R:localhost/127.0.0.1:58077]
15:22:53.765 [Forwarding screenshot on session f38132bec70b685149d600fa9deab73b to remote] DEBUG org.asynchttpclient.netty.request.NettyRequestSender - Using pooled Channel '[id: 0x349314e4, L:/127.0.0.1:63858 - R:localhost/127.0.0.1:58077]' for 'GET' to 'http://localhost:58077/session/f38132bec70b685149d600fa9deab73b/screenshot'
15:22:53.765 [Forwarding screenshot on session f38132bec70b685149d600fa9deab73b to remote] DEBUG org.asynchttpclient.netty.request.NettyRequestSender - Using open Channel [id: 0x349314e4, L:/127.0.0.1:63858 - R:localhost/127.0.0.1:58077] for GET '/session/f38132bec70b685149d600fa9deab73b/screenshot'
15:22:53.886 [AsyncHttpClient-1-2] DEBUG org.asynchttpclient.netty.handler.HttpHandler - 

Request DefaultFullHttpRequest(decodeResult: success, version: HTTP/1.1, content: EmptyByteBufBE)
GET /session/f38132bec70b685149d600fa9deab73b/screenshot HTTP/1.1
User-Agent: selenium/4.1.2 (java windows)
Cache-Control: no-cache
Content-Type: application/json; charset=utf-8
host: localhost:58077
accept: */*

Response DefaultHttpResponse(decodeResult: success, version: HTTP/1.1)
HTTP/1.1 200 OK
Content-Type: application/json; charset=utf-8
cache-control: no-cache
content-length: 152748

15:22:53.886 [AsyncHttpClient-1-2] DEBUG org.asynchttpclient.netty.channel.ChannelManager - Adding key: http://localhost:58077 for channel [id: 0x349314e4, L:/127.0.0.1:63858 - R:localhost/127.0.0.1:58077]
15:22:53.892 [Test worker] DEBUG net.serenitybdd.core.photography.Darkroom - Send negative for processing for C:\Users\johan\OneDrive\Documentos\KONEX\Pruebas automatizadas\automatizacion_login_backoffice_1v\target\site\serenity\9e25df7b3740647407ce52243e535eea5e0181d56bf17df30f4dd6945577b0a8.png
15:22:53.893 [Darkroom Processing Line] DEBUG net.serenitybdd.core.photography.DarkroomProcessingLine - Processing screenshot image in /var/screenshots/screenshot-5425484759555059882
15:22:53.893 [Darkroom Processing Line] DEBUG net.serenitybdd.core.photography.DarkroomProcessingLine - Saving screenshot to C:\Users\johan\OneDrive\Documentos\KONEX\Pruebas automatizadas\automatizacion_login_backoffice_1v\target\site\serenity\9e25df7b3740647407ce52243e535eea5e0181d56bf17df30f4dd6945577b0a8.png
15:22:53.907 [Test worker] DEBUG net.thucydides.core.steps.StepInterceptor - STEP DONE: {0} clicks on #target
15:22:53.913 [AsyncHttpClient-1-1] DEBUG org.asynchttpclient.netty.channel.DefaultChannelPool - Entry count for : http://localhost:63862 : 1
15:22:53.913 [AsyncHttpClient-1-1] DEBUG org.asynchttpclient.netty.channel.DefaultChannelPool - Entry count for : http://localhost:58077 : 1
15:22:53.922 [Test worker] DEBUG net.thucydides.core.steps.StepInterceptor - STARTING STEP: Crear.performAs - {0} clicks on #target
15:22:53.922 [Test worker] DEBUG net.serenitybdd.screenplay.targets.IFrameSwitcher - default content already selected for mes final sorteo
15:22:53.983 [Forwarding findElement on session f38132bec70b685149d600fa9deab73b to remote] DEBUG org.asynchttpclient.netty.request.NettyRequestSender - Using pooled Channel '[id: 0x349314e4, L:/127.0.0.1:63858 - R:localhost/127.0.0.1:58077]' for 'POST' to 'http://localhost:58077/session/f38132bec70b685149d600fa9deab73b/element'
15:22:53.983 [Forwarding findElement on session f38132bec70b685149d600fa9deab73b to remote] DEBUG org.asynchttpclient.netty.request.NettyRequestSender - Using open Channel [id: 0x349314e4, L:/127.0.0.1:63858 - R:localhost/127.0.0.1:58077] for POST '/session/f38132bec70b685149d600fa9deab73b/element'
15:22:53.994 [AsyncHttpClient-1-2] DEBUG org.asynchttpclient.netty.handler.HttpHandler - 

Request DefaultHttpRequest(decodeResult: success, version: HTTP/1.1)
POST /session/f38132bec70b685149d600fa9deab73b/element HTTP/1.1
User-Agent: selenium/4.1.2 (java windows)
Content-Length: 82
Content-Type: application/json; charset=utf-8
host: localhost:58077
accept: */*

Response DefaultHttpResponse(decodeResult: success, version: HTTP/1.1)
HTTP/1.1 200 OK
Content-Type: application/json; charset=utf-8
cache-control: no-cache
content-length: 88

15:22:53.994 [AsyncHttpClient-1-2] DEBUG org.asynchttpclient.netty.channel.ChannelManager - Adding key: http://localhost:58077 for channel [id: 0x349314e4, L:/127.0.0.1:63858 - R:localhost/127.0.0.1:58077]
15:22:54.005 [Forwarding isElementDisplayed on session f38132bec70b685149d600fa9deab73b to remote] DEBUG org.asynchttpclient.netty.request.NettyRequestSender - Using pooled Channel '[id: 0x349314e4, L:/127.0.0.1:63858 - R:localhost/127.0.0.1:58077]' for 'POST' to 'http://localhost:58077/session/f38132bec70b685149d600fa9deab73b/execute/sync'
15:22:54.005 [Forwarding isElementDisplayed on session f38132bec70b685149d600fa9deab73b to remote] DEBUG org.asynchttpclient.netty.request.NettyRequestSender - Using open Channel [id: 0x349314e4, L:/127.0.0.1:63858 - R:localhost/127.0.0.1:58077] for POST '/session/f38132bec70b685149d600fa9deab73b/execute/sync'
15:22:54.015 [AsyncHttpClient-1-2] DEBUG org.asynchttpclient.netty.handler.HttpHandler - 

Request DefaultHttpRequest(decodeResult: success, version: HTTP/1.1)
POST /session/f38132bec70b685149d600fa9deab73b/execute/sync HTTP/1.1
User-Agent: selenium/4.1.2 (java windows)
Content-Length: 48780
Content-Type: application/json; charset=utf-8
host: localhost:58077
accept: */*

Response DefaultHttpResponse(decodeResult: success, version: HTTP/1.1)
HTTP/1.1 200 OK
Content-Type: application/json; charset=utf-8
cache-control: no-cache
content-length: 14

15:22:54.015 [AsyncHttpClient-1-2] DEBUG org.asynchttpclient.netty.channel.ChannelManager - Adding key: http://localhost:58077 for channel [id: 0x349314e4, L:/127.0.0.1:63858 - R:localhost/127.0.0.1:58077]
15:22:54.032 [Forwarding findElement on session f38132bec70b685149d600fa9deab73b to remote] DEBUG org.asynchttpclient.netty.request.NettyRequestSender - Using pooled Channel '[id: 0x349314e4, L:/127.0.0.1:63858 - R:localhost/127.0.0.1:58077]' for 'POST' to 'http://localhost:58077/session/f38132bec70b685149d600fa9deab73b/element'
15:22:54.032 [Forwarding findElement on session f38132bec70b685149d600fa9deab73b to remote] DEBUG org.asynchttpclient.netty.request.NettyRequestSender - Using open Channel [id: 0x349314e4, L:/127.0.0.1:63858 - R:localhost/127.0.0.1:58077] for POST '/session/f38132bec70b685149d600fa9deab73b/element'
15:22:54.040 [AsyncHttpClient-1-2] DEBUG org.asynchttpclient.netty.handler.HttpHandler - 

Request DefaultHttpRequest(decodeResult: success, version: HTTP/1.1)
POST /session/f38132bec70b685149d600fa9deab73b/element HTTP/1.1
User-Agent: selenium/4.1.2 (java windows)
Content-Length: 82
Content-Type: application/json; charset=utf-8
host: localhost:58077
accept: */*

Response DefaultHttpResponse(decodeResult: success, version: HTTP/1.1)
HTTP/1.1 200 OK
Content-Type: application/json; charset=utf-8
cache-control: no-cache
content-length: 88

15:22:54.040 [AsyncHttpClient-1-2] DEBUG org.asynchttpclient.netty.channel.ChannelManager - Adding key: http://localhost:58077 for channel [id: 0x349314e4, L:/127.0.0.1:63858 - R:localhost/127.0.0.1:58077]
15:22:54.041 [Forwarding clickElement on session f38132bec70b685149d600fa9deab73b to remote] DEBUG org.asynchttpclient.netty.request.NettyRequestSender - Using pooled Channel '[id: 0x349314e4, L:/127.0.0.1:63858 - R:localhost/127.0.0.1:58077]' for 'POST' to 'http://localhost:58077/session/f38132bec70b685149d600fa9deab73b/element/59ffec7c-d410-4732-8884-622aab23305c/click'
15:22:54.041 [Forwarding clickElement on session f38132bec70b685149d600fa9deab73b to remote] DEBUG org.asynchttpclient.netty.request.NettyRequestSender - Using open Channel [id: 0x349314e4, L:/127.0.0.1:63858 - R:localhost/127.0.0.1:58077] for POST '/session/f38132bec70b685149d600fa9deab73b/element/59ffec7c-d410-4732-8884-622aab23305c/click'
15:22:54.073 [AsyncHttpClient-1-2] DEBUG org.asynchttpclient.netty.handler.HttpHandler - 

Request DefaultHttpRequest(decodeResult: success, version: HTTP/1.1)
POST /session/f38132bec70b685149d600fa9deab73b/element/59ffec7c-d410-4732-8884-622aab23305c/click HTTP/1.1
User-Agent: selenium/4.1.2 (java windows)
Content-Length: 50
Content-Type: application/json; charset=utf-8
host: localhost:58077
accept: */*

Response DefaultHttpResponse(decodeResult: success, version: HTTP/1.1)
HTTP/1.1 200 OK
Content-Type: application/json; charset=utf-8
cache-control: no-cache
content-length: 14

15:22:54.073 [AsyncHttpClient-1-2] DEBUG org.asynchttpclient.netty.channel.ChannelManager - Adding key: http://localhost:58077 for channel [id: 0x349314e4, L:/127.0.0.1:63858 - R:localhost/127.0.0.1:58077]
15:22:54.089 [Forwarding screenshot on session f38132bec70b685149d600fa9deab73b to remote] DEBUG org.asynchttpclient.netty.request.NettyRequestSender - Using pooled Channel '[id: 0x349314e4, L:/127.0.0.1:63858 - R:localhost/127.0.0.1:58077]' for 'GET' to 'http://localhost:58077/session/f38132bec70b685149d600fa9deab73b/screenshot'
15:22:54.089 [Forwarding screenshot on session f38132bec70b685149d600fa9deab73b to remote] DEBUG org.asynchttpclient.netty.request.NettyRequestSender - Using open Channel [id: 0x349314e4, L:/127.0.0.1:63858 - R:localhost/127.0.0.1:58077] for GET '/session/f38132bec70b685149d600fa9deab73b/screenshot'
15:22:54.235 [AsyncHttpClient-1-2] DEBUG org.asynchttpclient.netty.handler.HttpHandler - 

Request DefaultFullHttpRequest(decodeResult: success, version: HTTP/1.1, content: EmptyByteBufBE)
GET /session/f38132bec70b685149d600fa9deab73b/screenshot HTTP/1.1
User-Agent: selenium/4.1.2 (java windows)
Cache-Control: no-cache
Content-Type: application/json; charset=utf-8
host: localhost:58077
accept: */*

Response DefaultHttpResponse(decodeResult: success, version: HTTP/1.1)
HTTP/1.1 200 OK
Content-Type: application/json; charset=utf-8
cache-control: no-cache
content-length: 144492

15:22:54.236 [AsyncHttpClient-1-2] DEBUG org.asynchttpclient.netty.channel.ChannelManager - Adding key: http://localhost:58077 for channel [id: 0x349314e4, L:/127.0.0.1:63858 - R:localhost/127.0.0.1:58077]
15:22:54.241 [Test worker] DEBUG net.serenitybdd.core.photography.Darkroom - Send negative for processing for C:\Users\johan\OneDrive\Documentos\KONEX\Pruebas automatizadas\automatizacion_login_backoffice_1v\target\site\serenity\aad16d671b1029398941c30569a3a6c99d18082fb06246a2b0ed8fc0c177e360.png
15:22:54.242 [Darkroom Processing Line] DEBUG net.serenitybdd.core.photography.DarkroomProcessingLine - Processing screenshot image in /var/screenshots/screenshot-2602117396522212165
15:22:54.242 [Darkroom Processing Line] DEBUG net.serenitybdd.core.photography.DarkroomProcessingLine - Saving screenshot to C:\Users\johan\OneDrive\Documentos\KONEX\Pruebas automatizadas\automatizacion_login_backoffice_1v\target\site\serenity\aad16d671b1029398941c30569a3a6c99d18082fb06246a2b0ed8fc0c177e360.png
15:22:54.256 [Test worker] DEBUG net.thucydides.core.steps.StepInterceptor - STEP DONE: {0} clicks on #target
15:22:54.272 [Test worker] DEBUG net.thucydides.core.steps.StepInterceptor - STARTING STEP: Crear.performAs - {0} clicks on #target
15:22:54.273 [Test worker] DEBUG net.serenitybdd.screenplay.targets.IFrameSwitcher - default content already selected for anno final sorteo
15:22:54.328 [Forwarding findElement on session f38132bec70b685149d600fa9deab73b to remote] DEBUG org.asynchttpclient.netty.request.NettyRequestSender - Using pooled Channel '[id: 0x349314e4, L:/127.0.0.1:63858 - R:localhost/127.0.0.1:58077]' for 'POST' to 'http://localhost:58077/session/f38132bec70b685149d600fa9deab73b/element'
15:22:54.328 [Forwarding findElement on session f38132bec70b685149d600fa9deab73b to remote] DEBUG org.asynchttpclient.netty.request.NettyRequestSender - Using open Channel [id: 0x349314e4, L:/127.0.0.1:63858 - R:localhost/127.0.0.1:58077] for POST '/session/f38132bec70b685149d600fa9deab73b/element'
15:22:54.335 [AsyncHttpClient-1-2] DEBUG org.asynchttpclient.netty.handler.HttpHandler - 

Request DefaultHttpRequest(decodeResult: success, version: HTTP/1.1)
POST /session/f38132bec70b685149d600fa9deab73b/element HTTP/1.1
User-Agent: selenium/4.1.2 (java windows)
Content-Length: 80
Content-Type: application/json; charset=utf-8
host: localhost:58077
accept: */*

Response DefaultHttpResponse(decodeResult: success, version: HTTP/1.1)
HTTP/1.1 200 OK
Content-Type: application/json; charset=utf-8
cache-control: no-cache
content-length: 88

15:22:54.335 [AsyncHttpClient-1-2] DEBUG org.asynchttpclient.netty.channel.ChannelManager - Adding key: http://localhost:58077 for channel [id: 0x349314e4, L:/127.0.0.1:63858 - R:localhost/127.0.0.1:58077]
15:22:54.346 [Forwarding isElementDisplayed on session f38132bec70b685149d600fa9deab73b to remote] DEBUG org.asynchttpclient.netty.request.NettyRequestSender - Using pooled Channel '[id: 0x349314e4, L:/127.0.0.1:63858 - R:localhost/127.0.0.1:58077]' for 'POST' to 'http://localhost:58077/session/f38132bec70b685149d600fa9deab73b/execute/sync'
15:22:54.346 [Forwarding isElementDisplayed on session f38132bec70b685149d600fa9deab73b to remote] DEBUG org.asynchttpclient.netty.request.NettyRequestSender - Using open Channel [id: 0x349314e4, L:/127.0.0.1:63858 - R:localhost/127.0.0.1:58077] for POST '/session/f38132bec70b685149d600fa9deab73b/execute/sync'
15:22:54.355 [AsyncHttpClient-1-2] DEBUG org.asynchttpclient.netty.handler.HttpHandler - 

Request DefaultHttpRequest(decodeResult: success, version: HTTP/1.1)
POST /session/f38132bec70b685149d600fa9deab73b/execute/sync HTTP/1.1
User-Agent: selenium/4.1.2 (java windows)
Content-Length: 48780
Content-Type: application/json; charset=utf-8
host: localhost:58077
accept: */*

Response DefaultHttpResponse(decodeResult: success, version: HTTP/1.1)
HTTP/1.1 200 OK
Content-Type: application/json; charset=utf-8
cache-control: no-cache
content-length: 14

15:22:54.355 [AsyncHttpClient-1-2] DEBUG org.asynchttpclient.netty.channel.ChannelManager - Adding key: http://localhost:58077 for channel [id: 0x349314e4, L:/127.0.0.1:63858 - R:localhost/127.0.0.1:58077]
15:22:54.372 [Forwarding findElement on session f38132bec70b685149d600fa9deab73b to remote] DEBUG org.asynchttpclient.netty.request.NettyRequestSender - Using pooled Channel '[id: 0x349314e4, L:/127.0.0.1:63858 - R:localhost/127.0.0.1:58077]' for 'POST' to 'http://localhost:58077/session/f38132bec70b685149d600fa9deab73b/element'
15:22:54.372 [Forwarding findElement on session f38132bec70b685149d600fa9deab73b to remote] DEBUG org.asynchttpclient.netty.request.NettyRequestSender - Using open Channel [id: 0x349314e4, L:/127.0.0.1:63858 - R:localhost/127.0.0.1:58077] for POST '/session/f38132bec70b685149d600fa9deab73b/element'
15:22:54.380 [AsyncHttpClient-1-2] DEBUG org.asynchttpclient.netty.handler.HttpHandler - 

Request DefaultHttpRequest(decodeResult: success, version: HTTP/1.1)
POST /session/f38132bec70b685149d600fa9deab73b/element HTTP/1.1
User-Agent: selenium/4.1.2 (java windows)
Content-Length: 80
Content-Type: application/json; charset=utf-8
host: localhost:58077
accept: */*

Response DefaultHttpResponse(decodeResult: success, version: HTTP/1.1)
HTTP/1.1 200 OK
Content-Type: application/json; charset=utf-8
cache-control: no-cache
content-length: 88

15:22:54.380 [AsyncHttpClient-1-2] DEBUG org.asynchttpclient.netty.channel.ChannelManager - Adding key: http://localhost:58077 for channel [id: 0x349314e4, L:/127.0.0.1:63858 - R:localhost/127.0.0.1:58077]
15:22:54.381 [Forwarding clickElement on session f38132bec70b685149d600fa9deab73b to remote] DEBUG org.asynchttpclient.netty.request.NettyRequestSender - Using pooled Channel '[id: 0x349314e4, L:/127.0.0.1:63858 - R:localhost/127.0.0.1:58077]' for 'POST' to 'http://localhost:58077/session/f38132bec70b685149d600fa9deab73b/element/dccbe715-dffe-4a9c-9af0-fb8ffdd14e73/click'
15:22:54.381 [Forwarding clickElement on session f38132bec70b685149d600fa9deab73b to remote] DEBUG org.asynchttpclient.netty.request.NettyRequestSender - Using open Channel [id: 0x349314e4, L:/127.0.0.1:63858 - R:localhost/127.0.0.1:58077] for POST '/session/f38132bec70b685149d600fa9deab73b/element/dccbe715-dffe-4a9c-9af0-fb8ffdd14e73/click'
15:22:54.399 [AsyncHttpClient-1-2] DEBUG org.asynchttpclient.netty.handler.HttpHandler - 

Request DefaultHttpRequest(decodeResult: success, version: HTTP/1.1)
POST /session/f38132bec70b685149d600fa9deab73b/element/dccbe715-dffe-4a9c-9af0-fb8ffdd14e73/click HTTP/1.1
User-Agent: selenium/4.1.2 (java windows)
Content-Length: 50
Content-Type: application/json; charset=utf-8
host: localhost:58077
accept: */*

Response DefaultHttpResponse(decodeResult: success, version: HTTP/1.1)
HTTP/1.1 200 OK
Content-Type: application/json; charset=utf-8
cache-control: no-cache
content-length: 14

15:22:54.399 [AsyncHttpClient-1-2] DEBUG org.asynchttpclient.netty.channel.ChannelManager - Adding key: http://localhost:58077 for channel [id: 0x349314e4, L:/127.0.0.1:63858 - R:localhost/127.0.0.1:58077]
15:22:54.414 [Forwarding screenshot on session f38132bec70b685149d600fa9deab73b to remote] DEBUG org.asynchttpclient.netty.request.NettyRequestSender - Using pooled Channel '[id: 0x349314e4, L:/127.0.0.1:63858 - R:localhost/127.0.0.1:58077]' for 'GET' to 'http://localhost:58077/session/f38132bec70b685149d600fa9deab73b/screenshot'
15:22:54.414 [Forwarding screenshot on session f38132bec70b685149d600fa9deab73b to remote] DEBUG org.asynchttpclient.netty.request.NettyRequestSender - Using open Channel [id: 0x349314e4, L:/127.0.0.1:63858 - R:localhost/127.0.0.1:58077] for GET '/session/f38132bec70b685149d600fa9deab73b/screenshot'
15:22:54.525 [AsyncHttpClient-1-2] DEBUG org.asynchttpclient.netty.handler.HttpHandler - 

Request DefaultFullHttpRequest(decodeResult: success, version: HTTP/1.1, content: EmptyByteBufBE)
GET /session/f38132bec70b685149d600fa9deab73b/screenshot HTTP/1.1
User-Agent: selenium/4.1.2 (java windows)
Cache-Control: no-cache
Content-Type: application/json; charset=utf-8
host: localhost:58077
accept: */*

Response DefaultHttpResponse(decodeResult: success, version: HTTP/1.1)
HTTP/1.1 200 OK
Content-Type: application/json; charset=utf-8
cache-control: no-cache
content-length: 144656

15:22:54.530 [AsyncHttpClient-1-2] DEBUG org.asynchttpclient.netty.channel.ChannelManager - Adding key: http://localhost:58077 for channel [id: 0x349314e4, L:/127.0.0.1:63858 - R:localhost/127.0.0.1:58077]
15:22:54.534 [Test worker] DEBUG net.serenitybdd.core.photography.Darkroom - Send negative for processing for C:\Users\johan\OneDrive\Documentos\KONEX\Pruebas automatizadas\automatizacion_login_backoffice_1v\target\site\serenity\371559d92d008f0c96d46d9c926563570649c9ed12dc2df4e03a17b5b5a06e51.png
15:22:54.535 [Darkroom Processing Line] DEBUG net.serenitybdd.core.photography.DarkroomProcessingLine - Processing screenshot image in /var/screenshots/screenshot-3814052918664273830
15:22:54.535 [Darkroom Processing Line] DEBUG net.serenitybdd.core.photography.DarkroomProcessingLine - Saving screenshot to C:\Users\johan\OneDrive\Documentos\KONEX\Pruebas automatizadas\automatizacion_login_backoffice_1v\target\site\serenity\371559d92d008f0c96d46d9c926563570649c9ed12dc2df4e03a17b5b5a06e51.png
15:22:54.550 [Test worker] DEBUG net.thucydides.core.steps.StepInterceptor - STEP DONE: {0} clicks on #target
15:22:54.565 [Test worker] DEBUG net.thucydides.core.steps.StepInterceptor - STARTING STEP: Crear.performAs - {0} clicks on #target
15:22:54.566 [Test worker] DEBUG net.serenitybdd.screenplay.targets.IFrameSwitcher - default content already selected for dia inicio del sorteo
15:22:54.622 [Forwarding findElement on session f38132bec70b685149d600fa9deab73b to remote] DEBUG org.asynchttpclient.netty.request.NettyRequestSender - Using pooled Channel '[id: 0x349314e4, L:/127.0.0.1:63858 - R:localhost/127.0.0.1:58077]' for 'POST' to 'http://localhost:58077/session/f38132bec70b685149d600fa9deab73b/element'
15:22:54.622 [Forwarding findElement on session f38132bec70b685149d600fa9deab73b to remote] DEBUG org.asynchttpclient.netty.request.NettyRequestSender - Using open Channel [id: 0x349314e4, L:/127.0.0.1:63858 - R:localhost/127.0.0.1:58077] for POST '/session/f38132bec70b685149d600fa9deab73b/element'
15:22:54.630 [AsyncHttpClient-1-2] DEBUG org.asynchttpclient.netty.handler.HttpHandler - 

Request DefaultHttpRequest(decodeResult: success, version: HTTP/1.1)
POST /session/f38132bec70b685149d600fa9deab73b/element HTTP/1.1
User-Agent: selenium/4.1.2 (java windows)
Content-Length: 73
Content-Type: application/json; charset=utf-8
host: localhost:58077
accept: */*

Response DefaultHttpResponse(decodeResult: success, version: HTTP/1.1)
HTTP/1.1 200 OK
Content-Type: application/json; charset=utf-8
cache-control: no-cache
content-length: 88

15:22:54.630 [AsyncHttpClient-1-2] DEBUG org.asynchttpclient.netty.channel.ChannelManager - Adding key: http://localhost:58077 for channel [id: 0x349314e4, L:/127.0.0.1:63858 - R:localhost/127.0.0.1:58077]
15:22:54.641 [Forwarding isElementDisplayed on session f38132bec70b685149d600fa9deab73b to remote] DEBUG org.asynchttpclient.netty.request.NettyRequestSender - Using pooled Channel '[id: 0x349314e4, L:/127.0.0.1:63858 - R:localhost/127.0.0.1:58077]' for 'POST' to 'http://localhost:58077/session/f38132bec70b685149d600fa9deab73b/execute/sync'
15:22:54.641 [Forwarding isElementDisplayed on session f38132bec70b685149d600fa9deab73b to remote] DEBUG org.asynchttpclient.netty.request.NettyRequestSender - Using open Channel [id: 0x349314e4, L:/127.0.0.1:63858 - R:localhost/127.0.0.1:58077] for POST '/session/f38132bec70b685149d600fa9deab73b/execute/sync'
15:22:54.650 [AsyncHttpClient-1-2] DEBUG org.asynchttpclient.netty.handler.HttpHandler - 

Request DefaultHttpRequest(decodeResult: success, version: HTTP/1.1)
POST /session/f38132bec70b685149d600fa9deab73b/execute/sync HTTP/1.1
User-Agent: selenium/4.1.2 (java windows)
Content-Length: 48780
Content-Type: application/json; charset=utf-8
host: localhost:58077
accept: */*

Response DefaultHttpResponse(decodeResult: success, version: HTTP/1.1)
HTTP/1.1 200 OK
Content-Type: application/json; charset=utf-8
cache-control: no-cache
content-length: 14

15:22:54.650 [AsyncHttpClient-1-2] DEBUG org.asynchttpclient.netty.channel.ChannelManager - Adding key: http://localhost:58077 for channel [id: 0x349314e4, L:/127.0.0.1:63858 - R:localhost/127.0.0.1:58077]
15:22:54.667 [Forwarding findElement on session f38132bec70b685149d600fa9deab73b to remote] DEBUG org.asynchttpclient.netty.request.NettyRequestSender - Using pooled Channel '[id: 0x349314e4, L:/127.0.0.1:63858 - R:localhost/127.0.0.1:58077]' for 'POST' to 'http://localhost:58077/session/f38132bec70b685149d600fa9deab73b/element'
15:22:54.667 [Forwarding findElement on session f38132bec70b685149d600fa9deab73b to remote] DEBUG org.asynchttpclient.netty.request.NettyRequestSender - Using open Channel [id: 0x349314e4, L:/127.0.0.1:63858 - R:localhost/127.0.0.1:58077] for POST '/session/f38132bec70b685149d600fa9deab73b/element'
15:22:54.674 [AsyncHttpClient-1-2] DEBUG org.asynchttpclient.netty.handler.HttpHandler - 

Request DefaultHttpRequest(decodeResult: success, version: HTTP/1.1)
POST /session/f38132bec70b685149d600fa9deab73b/element HTTP/1.1
User-Agent: selenium/4.1.2 (java windows)
Content-Length: 73
Content-Type: application/json; charset=utf-8
host: localhost:58077
accept: */*

Response DefaultHttpResponse(decodeResult: success, version: HTTP/1.1)
HTTP/1.1 200 OK
Content-Type: application/json; charset=utf-8
cache-control: no-cache
content-length: 88

15:22:54.674 [AsyncHttpClient-1-2] DEBUG org.asynchttpclient.netty.channel.ChannelManager - Adding key: http://localhost:58077 for channel [id: 0x349314e4, L:/127.0.0.1:63858 - R:localhost/127.0.0.1:58077]
15:22:54.675 [Forwarding clickElement on session f38132bec70b685149d600fa9deab73b to remote] DEBUG org.asynchttpclient.netty.request.NettyRequestSender - Using pooled Channel '[id: 0x349314e4, L:/127.0.0.1:63858 - R:localhost/127.0.0.1:58077]' for 'POST' to 'http://localhost:58077/session/f38132bec70b685149d600fa9deab73b/element/c9c1af77-124c-43e1-b248-c3a5f0e23357/click'
15:22:54.675 [Forwarding clickElement on session f38132bec70b685149d600fa9deab73b to remote] DEBUG org.asynchttpclient.netty.request.NettyRequestSender - Using open Channel [id: 0x349314e4, L:/127.0.0.1:63858 - R:localhost/127.0.0.1:58077] for POST '/session/f38132bec70b685149d600fa9deab73b/element/c9c1af77-124c-43e1-b248-c3a5f0e23357/click'
15:22:54.709 [AsyncHttpClient-1-2] DEBUG org.asynchttpclient.netty.handler.HttpHandler - 

Request DefaultHttpRequest(decodeResult: success, version: HTTP/1.1)
POST /session/f38132bec70b685149d600fa9deab73b/element/c9c1af77-124c-43e1-b248-c3a5f0e23357/click HTTP/1.1
User-Agent: selenium/4.1.2 (java windows)
Content-Length: 50
Content-Type: application/json; charset=utf-8
host: localhost:58077
accept: */*

Response DefaultHttpResponse(decodeResult: success, version: HTTP/1.1)
HTTP/1.1 200 OK
Content-Type: application/json; charset=utf-8
cache-control: no-cache
content-length: 14

15:22:54.709 [AsyncHttpClient-1-2] DEBUG org.asynchttpclient.netty.channel.ChannelManager - Adding key: http://localhost:58077 for channel [id: 0x349314e4, L:/127.0.0.1:63858 - R:localhost/127.0.0.1:58077]
15:22:54.724 [Forwarding screenshot on session f38132bec70b685149d600fa9deab73b to remote] DEBUG org.asynchttpclient.netty.request.NettyRequestSender - Using pooled Channel '[id: 0x349314e4, L:/127.0.0.1:63858 - R:localhost/127.0.0.1:58077]' for 'GET' to 'http://localhost:58077/session/f38132bec70b685149d600fa9deab73b/screenshot'
15:22:54.724 [Forwarding screenshot on session f38132bec70b685149d600fa9deab73b to remote] DEBUG org.asynchttpclient.netty.request.NettyRequestSender - Using open Channel [id: 0x349314e4, L:/127.0.0.1:63858 - R:localhost/127.0.0.1:58077] for GET '/session/f38132bec70b685149d600fa9deab73b/screenshot'
15:22:54.849 [AsyncHttpClient-1-2] DEBUG org.asynchttpclient.netty.handler.HttpHandler - 

Request DefaultFullHttpRequest(decodeResult: success, version: HTTP/1.1, content: EmptyByteBufBE)
GET /session/f38132bec70b685149d600fa9deab73b/screenshot HTTP/1.1
User-Agent: selenium/4.1.2 (java windows)
Cache-Control: no-cache
Content-Type: application/json; charset=utf-8
host: localhost:58077
accept: */*

Response DefaultHttpResponse(decodeResult: success, version: HTTP/1.1)
HTTP/1.1 200 OK
Content-Type: application/json; charset=utf-8
cache-control: no-cache
content-length: 146704

15:22:54.849 [AsyncHttpClient-1-2] DEBUG org.asynchttpclient.netty.channel.ChannelManager - Adding key: http://localhost:58077 for channel [id: 0x349314e4, L:/127.0.0.1:63858 - R:localhost/127.0.0.1:58077]
15:22:54.857 [Test worker] DEBUG net.serenitybdd.core.photography.Darkroom - Send negative for processing for C:\Users\johan\OneDrive\Documentos\KONEX\Pruebas automatizadas\automatizacion_login_backoffice_1v\target\site\serenity\35c9a97703249f8896f191fa95b37cef73e2a5f70779c65067abf350d33b5ce5.png
15:22:54.858 [Darkroom Processing Line] DEBUG net.serenitybdd.core.photography.DarkroomProcessingLine - Processing screenshot image in /var/screenshots/screenshot-1080862523223270612
15:22:54.858 [Darkroom Processing Line] DEBUG net.serenitybdd.core.photography.DarkroomProcessingLine - Saving screenshot to C:\Users\johan\OneDrive\Documentos\KONEX\Pruebas automatizadas\automatizacion_login_backoffice_1v\target\site\serenity\35c9a97703249f8896f191fa95b37cef73e2a5f70779c65067abf350d33b5ce5.png
15:22:54.874 [Test worker] DEBUG net.thucydides.core.steps.StepInterceptor - STEP DONE: {0} clicks on #target
15:22:54.888 [Test worker] DEBUG net.thucydides.core.steps.StepInterceptor - STARTING STEP: Crear.performAs - {0} clicks on #target
15:22:54.889 [Test worker] DEBUG net.serenitybdd.screenplay.targets.IFrameSwitcher - default content already selected for campo loteria
15:22:54.949 [Forwarding findElement on session f38132bec70b685149d600fa9deab73b to remote] DEBUG org.asynchttpclient.netty.request.NettyRequestSender - Using pooled Channel '[id: 0x349314e4, L:/127.0.0.1:63858 - R:localhost/127.0.0.1:58077]' for 'POST' to 'http://localhost:58077/session/f38132bec70b685149d600fa9deab73b/element'
15:22:54.950 [Forwarding findElement on session f38132bec70b685149d600fa9deab73b to remote] DEBUG org.asynchttpclient.netty.request.NettyRequestSender - Using open Channel [id: 0x349314e4, L:/127.0.0.1:63858 - R:localhost/127.0.0.1:58077] for POST '/session/f38132bec70b685149d600fa9deab73b/element'
15:22:54.960 [AsyncHttpClient-1-2] DEBUG org.asynchttpclient.netty.handler.HttpHandler - 

Request DefaultHttpRequest(decodeResult: success, version: HTTP/1.1)
POST /session/f38132bec70b685149d600fa9deab73b/element HTTP/1.1
User-Agent: selenium/4.1.2 (java windows)
Content-Length: 97
Content-Type: application/json; charset=utf-8
host: localhost:58077
accept: */*

Response DefaultHttpResponse(decodeResult: success, version: HTTP/1.1)
HTTP/1.1 200 OK
Content-Type: application/json; charset=utf-8
cache-control: no-cache
content-length: 88

15:22:54.960 [AsyncHttpClient-1-2] DEBUG org.asynchttpclient.netty.channel.ChannelManager - Adding key: http://localhost:58077 for channel [id: 0x349314e4, L:/127.0.0.1:63858 - R:localhost/127.0.0.1:58077]
15:22:54.971 [Forwarding isElementDisplayed on session f38132bec70b685149d600fa9deab73b to remote] DEBUG org.asynchttpclient.netty.request.NettyRequestSender - Using pooled Channel '[id: 0x349314e4, L:/127.0.0.1:63858 - R:localhost/127.0.0.1:58077]' for 'POST' to 'http://localhost:58077/session/f38132bec70b685149d600fa9deab73b/execute/sync'
15:22:54.972 [Forwarding isElementDisplayed on session f38132bec70b685149d600fa9deab73b to remote] DEBUG org.asynchttpclient.netty.request.NettyRequestSender - Using open Channel [id: 0x349314e4, L:/127.0.0.1:63858 - R:localhost/127.0.0.1:58077] for POST '/session/f38132bec70b685149d600fa9deab73b/execute/sync'
15:22:54.981 [AsyncHttpClient-1-2] DEBUG org.asynchttpclient.netty.handler.HttpHandler - 

Request DefaultHttpRequest(decodeResult: success, version: HTTP/1.1)
POST /session/f38132bec70b685149d600fa9deab73b/execute/sync HTTP/1.1
User-Agent: selenium/4.1.2 (java windows)
Content-Length: 48780
Content-Type: application/json; charset=utf-8
host: localhost:58077
accept: */*

Response DefaultHttpResponse(decodeResult: success, version: HTTP/1.1)
HTTP/1.1 200 OK
Content-Type: application/json; charset=utf-8
cache-control: no-cache
content-length: 14

15:22:54.981 [AsyncHttpClient-1-2] DEBUG org.asynchttpclient.netty.channel.ChannelManager - Adding key: http://localhost:58077 for channel [id: 0x349314e4, L:/127.0.0.1:63858 - R:localhost/127.0.0.1:58077]
15:22:54.999 [Forwarding findElement on session f38132bec70b685149d600fa9deab73b to remote] DEBUG org.asynchttpclient.netty.request.NettyRequestSender - Using pooled Channel '[id: 0x349314e4, L:/127.0.0.1:63858 - R:localhost/127.0.0.1:58077]' for 'POST' to 'http://localhost:58077/session/f38132bec70b685149d600fa9deab73b/element'
15:22:54.999 [Forwarding findElement on session f38132bec70b685149d600fa9deab73b to remote] DEBUG org.asynchttpclient.netty.request.NettyRequestSender - Using open Channel [id: 0x349314e4, L:/127.0.0.1:63858 - R:localhost/127.0.0.1:58077] for POST '/session/f38132bec70b685149d600fa9deab73b/element'
15:22:55.006 [AsyncHttpClient-1-2] DEBUG org.asynchttpclient.netty.handler.HttpHandler - 

Request DefaultHttpRequest(decodeResult: success, version: HTTP/1.1)
POST /session/f38132bec70b685149d600fa9deab73b/element HTTP/1.1
User-Agent: selenium/4.1.2 (java windows)
Content-Length: 97
Content-Type: application/json; charset=utf-8
host: localhost:58077
accept: */*

Response DefaultHttpResponse(decodeResult: success, version: HTTP/1.1)
HTTP/1.1 200 OK
Content-Type: application/json; charset=utf-8
cache-control: no-cache
content-length: 88

15:22:55.006 [AsyncHttpClient-1-2] DEBUG org.asynchttpclient.netty.channel.ChannelManager - Adding key: http://localhost:58077 for channel [id: 0x349314e4, L:/127.0.0.1:63858 - R:localhost/127.0.0.1:58077]
15:22:55.007 [Forwarding clickElement on session f38132bec70b685149d600fa9deab73b to remote] DEBUG org.asynchttpclient.netty.request.NettyRequestSender - Using pooled Channel '[id: 0x349314e4, L:/127.0.0.1:63858 - R:localhost/127.0.0.1:58077]' for 'POST' to 'http://localhost:58077/session/f38132bec70b685149d600fa9deab73b/element/7cb793ca-7a28-42dd-9097-36b52374f5b6/click'
15:22:55.007 [Forwarding clickElement on session f38132bec70b685149d600fa9deab73b to remote] DEBUG org.asynchttpclient.netty.request.NettyRequestSender - Using open Channel [id: 0x349314e4, L:/127.0.0.1:63858 - R:localhost/127.0.0.1:58077] for POST '/session/f38132bec70b685149d600fa9deab73b/element/7cb793ca-7a28-42dd-9097-36b52374f5b6/click'
15:22:55.009 [AsyncHttpClient-1-1] DEBUG org.asynchttpclient.netty.channel.DefaultChannelPool - Entry count for : http://localhost:63862 : 1
15:22:55.059 [AsyncHttpClient-1-2] DEBUG org.asynchttpclient.netty.handler.HttpHandler - 

Request DefaultHttpRequest(decodeResult: success, version: HTTP/1.1)
POST /session/f38132bec70b685149d600fa9deab73b/element/7cb793ca-7a28-42dd-9097-36b52374f5b6/click HTTP/1.1
User-Agent: selenium/4.1.2 (java windows)
Content-Length: 50
Content-Type: application/json; charset=utf-8
host: localhost:58077
accept: */*

Response DefaultHttpResponse(decodeResult: success, version: HTTP/1.1)
HTTP/1.1 200 OK
Content-Type: application/json; charset=utf-8
cache-control: no-cache
content-length: 14

15:22:55.059 [AsyncHttpClient-1-2] DEBUG org.asynchttpclient.netty.channel.ChannelManager - Adding key: http://localhost:58077 for channel [id: 0x349314e4, L:/127.0.0.1:63858 - R:localhost/127.0.0.1:58077]
15:22:55.077 [Forwarding screenshot on session f38132bec70b685149d600fa9deab73b to remote] DEBUG org.asynchttpclient.netty.request.NettyRequestSender - Using pooled Channel '[id: 0x349314e4, L:/127.0.0.1:63858 - R:localhost/127.0.0.1:58077]' for 'GET' to 'http://localhost:58077/session/f38132bec70b685149d600fa9deab73b/screenshot'
15:22:55.077 [Forwarding screenshot on session f38132bec70b685149d600fa9deab73b to remote] DEBUG org.asynchttpclient.netty.request.NettyRequestSender - Using open Channel [id: 0x349314e4, L:/127.0.0.1:63858 - R:localhost/127.0.0.1:58077] for GET '/session/f38132bec70b685149d600fa9deab73b/screenshot'
15:22:55.316 [AsyncHttpClient-1-2] DEBUG org.asynchttpclient.netty.handler.HttpHandler - 

Request DefaultFullHttpRequest(decodeResult: success, version: HTTP/1.1, content: EmptyByteBufBE)
GET /session/f38132bec70b685149d600fa9deab73b/screenshot HTTP/1.1
User-Agent: selenium/4.1.2 (java windows)
Cache-Control: no-cache
Content-Type: application/json; charset=utf-8
host: localhost:58077
accept: */*

Response DefaultHttpResponse(decodeResult: success, version: HTTP/1.1)
HTTP/1.1 200 OK
Content-Type: application/json; charset=utf-8
cache-control: no-cache
content-length: 153508

15:22:55.316 [AsyncHttpClient-1-2] DEBUG org.asynchttpclient.netty.channel.ChannelManager - Adding key: http://localhost:58077 for channel [id: 0x349314e4, L:/127.0.0.1:63858 - R:localhost/127.0.0.1:58077]
15:22:55.321 [Test worker] DEBUG net.serenitybdd.core.photography.Darkroom - Send negative for processing for C:\Users\johan\OneDrive\Documentos\KONEX\Pruebas automatizadas\automatizacion_login_backoffice_1v\target\site\serenity\113cae0e2585dc6dfddaca2c5729052e41c5cbc4cfc84d20f3403704b4f3c7d9.png
15:22:55.322 [Darkroom Processing Line] DEBUG net.serenitybdd.core.photography.DarkroomProcessingLine - Processing screenshot image in /var/screenshots/screenshot-8585876420063745214
15:22:55.322 [Darkroom Processing Line] DEBUG net.serenitybdd.core.photography.DarkroomProcessingLine - Saving screenshot to C:\Users\johan\OneDrive\Documentos\KONEX\Pruebas automatizadas\automatizacion_login_backoffice_1v\target\site\serenity\113cae0e2585dc6dfddaca2c5729052e41c5cbc4cfc84d20f3403704b4f3c7d9.png
15:22:55.335 [Test worker] DEBUG net.thucydides.core.steps.StepInterceptor - STEP DONE: {0} clicks on #target
15:22:55.336 [Test worker] DEBUG net.serenitybdd.screenplay.targets.IFrameSwitcher - default content already selected for Seleccionar loteria
15:22:55.353 [Forwarding getCurrentUrl on session f38132bec70b685149d600fa9deab73b to remote] DEBUG org.asynchttpclient.netty.request.NettyRequestSender - Using pooled Channel '[id: 0x349314e4, L:/127.0.0.1:63858 - R:localhost/127.0.0.1:58077]' for 'GET' to 'http://localhost:58077/session/f38132bec70b685149d600fa9deab73b/url'
15:22:55.354 [Forwarding getCurrentUrl on session f38132bec70b685149d600fa9deab73b to remote] DEBUG org.asynchttpclient.netty.request.NettyRequestSender - Using open Channel [id: 0x349314e4, L:/127.0.0.1:63858 - R:localhost/127.0.0.1:58077] for GET '/session/f38132bec70b685149d600fa9deab73b/url'
15:22:55.358 [AsyncHttpClient-1-2] DEBUG org.asynchttpclient.netty.handler.HttpHandler - 

Request DefaultFullHttpRequest(decodeResult: success, version: HTTP/1.1, content: EmptyByteBufBE)
GET /session/f38132bec70b685149d600fa9deab73b/url HTTP/1.1
User-Agent: selenium/4.1.2 (java windows)
Cache-Control: no-cache
Content-Type: application/json; charset=utf-8
host: localhost:58077
accept: */*

Response DefaultHttpResponse(decodeResult: success, version: HTTP/1.1)
HTTP/1.1 200 OK
Content-Type: application/json; charset=utf-8
cache-control: no-cache
content-length: 93

15:22:55.358 [AsyncHttpClient-1-2] DEBUG org.asynchttpclient.netty.channel.ChannelManager - Adding key: http://localhost:58077 for channel [id: 0x349314e4, L:/127.0.0.1:63858 - R:localhost/127.0.0.1:58077]
15:22:55.385 [Forwarding findElement on session f38132bec70b685149d600fa9deab73b to remote] DEBUG org.asynchttpclient.netty.request.NettyRequestSender - Using pooled Channel '[id: 0x349314e4, L:/127.0.0.1:63858 - R:localhost/127.0.0.1:58077]' for 'POST' to 'http://localhost:58077/session/f38132bec70b685149d600fa9deab73b/element'
15:22:55.385 [Forwarding findElement on session f38132bec70b685149d600fa9deab73b to remote] DEBUG org.asynchttpclient.netty.request.NettyRequestSender - Using open Channel [id: 0x349314e4, L:/127.0.0.1:63858 - R:localhost/127.0.0.1:58077] for POST '/session/f38132bec70b685149d600fa9deab73b/element'
15:22:55.395 [AsyncHttpClient-1-2] DEBUG org.asynchttpclient.netty.handler.HttpHandler - 

Request DefaultHttpRequest(decodeResult: success, version: HTTP/1.1)
POST /session/f38132bec70b685149d600fa9deab73b/element HTTP/1.1
User-Agent: selenium/4.1.2 (java windows)
Content-Length: 83
Content-Type: application/json; charset=utf-8
host: localhost:58077
accept: */*

Response DefaultHttpResponse(decodeResult: success, version: HTTP/1.1)
HTTP/1.1 200 OK
Content-Type: application/json; charset=utf-8
cache-control: no-cache
content-length: 88

15:22:55.396 [AsyncHttpClient-1-2] DEBUG org.asynchttpclient.netty.channel.ChannelManager - Adding key: http://localhost:58077 for channel [id: 0x349314e4, L:/127.0.0.1:63858 - R:localhost/127.0.0.1:58077]
15:22:55.406 [Forwarding executeScript on session f38132bec70b685149d600fa9deab73b to remote] DEBUG org.asynchttpclient.netty.request.NettyRequestSender - Using pooled Channel '[id: 0x349314e4, L:/127.0.0.1:63858 - R:localhost/127.0.0.1:58077]' for 'POST' to 'http://localhost:58077/session/f38132bec70b685149d600fa9deab73b/execute/sync'
15:22:55.406 [Forwarding executeScript on session f38132bec70b685149d600fa9deab73b to remote] DEBUG org.asynchttpclient.netty.request.NettyRequestSender - Using open Channel [id: 0x349314e4, L:/127.0.0.1:63858 - R:localhost/127.0.0.1:58077] for POST '/session/f38132bec70b685149d600fa9deab73b/execute/sync'
15:22:55.412 [AsyncHttpClient-1-2] DEBUG org.asynchttpclient.netty.handler.HttpHandler - 

Request DefaultHttpRequest(decodeResult: success, version: HTTP/1.1)
POST /session/f38132bec70b685149d600fa9deab73b/execute/sync HTTP/1.1
User-Agent: selenium/4.1.2 (java windows)
Content-Length: 240
Content-Type: application/json; charset=utf-8
host: localhost:58077
accept: */*

Response DefaultHttpResponse(decodeResult: success, version: HTTP/1.1)
HTTP/1.1 200 OK
Content-Type: application/json; charset=utf-8
cache-control: no-cache
content-length: 14

15:22:55.412 [AsyncHttpClient-1-2] DEBUG org.asynchttpclient.netty.channel.ChannelManager - Adding key: http://localhost:58077 for channel [id: 0x349314e4, L:/127.0.0.1:63858 - R:localhost/127.0.0.1:58077]
15:22:55.427 [Forwarding screenshot on session f38132bec70b685149d600fa9deab73b to remote] DEBUG org.asynchttpclient.netty.request.NettyRequestSender - Using pooled Channel '[id: 0x349314e4, L:/127.0.0.1:63858 - R:localhost/127.0.0.1:58077]' for 'GET' to 'http://localhost:58077/session/f38132bec70b685149d600fa9deab73b/screenshot'
15:22:55.427 [Forwarding screenshot on session f38132bec70b685149d600fa9deab73b to remote] DEBUG org.asynchttpclient.netty.request.NettyRequestSender - Using open Channel [id: 0x349314e4, L:/127.0.0.1:63858 - R:localhost/127.0.0.1:58077] for GET '/session/f38132bec70b685149d600fa9deab73b/screenshot'
15:22:55.513 [AsyncHttpClient-1-2] DEBUG org.asynchttpclient.netty.handler.HttpHandler - 

Request DefaultFullHttpRequest(decodeResult: success, version: HTTP/1.1, content: EmptyByteBufBE)
GET /session/f38132bec70b685149d600fa9deab73b/screenshot HTTP/1.1
User-Agent: selenium/4.1.2 (java windows)
Cache-Control: no-cache
Content-Type: application/json; charset=utf-8
host: localhost:58077
accept: */*

Response DefaultHttpResponse(decodeResult: success, version: HTTP/1.1)
HTTP/1.1 200 OK
Content-Type: application/json; charset=utf-8
cache-control: no-cache
content-length: 144676

15:22:55.514 [AsyncHttpClient-1-2] DEBUG org.asynchttpclient.netty.channel.ChannelManager - Adding key: http://localhost:58077 for channel [id: 0x349314e4, L:/127.0.0.1:63858 - R:localhost/127.0.0.1:58077]
15:22:55.519 [Test worker] DEBUG net.serenitybdd.core.photography.Darkroom - Send negative for processing for C:\Users\johan\OneDrive\Documentos\KONEX\Pruebas automatizadas\automatizacion_login_backoffice_1v\target\site\serenity\a9362b9a9a5da603170892eb6bdc9c046726817924be7ad49a4ff6fcb2a342bc.png
15:22:55.519 [Darkroom Processing Line] DEBUG net.serenitybdd.core.photography.DarkroomProcessingLine - Processing screenshot image in /var/screenshots/screenshot-4254934865263732647
15:22:55.519 [Darkroom Processing Line] DEBUG net.serenitybdd.core.photography.DarkroomProcessingLine - Saving screenshot to C:\Users\johan\OneDrive\Documentos\KONEX\Pruebas automatizadas\automatizacion_login_backoffice_1v\target\site\serenity\a9362b9a9a5da603170892eb6bdc9c046726817924be7ad49a4ff6fcb2a342bc.png
15:22:55.519 [Test worker] DEBUG net.thucydides.core.steps.StepInterceptor - STARTING STEP: Crear.performAs - {0} clicks on #target
15:22:55.520 [Test worker] DEBUG net.serenitybdd.screenplay.targets.IFrameSwitcher - default content already selected for Seleccionar loteria
15:22:55.596 [Forwarding findElement on session f38132bec70b685149d600fa9deab73b to remote] DEBUG org.asynchttpclient.netty.request.NettyRequestSender - Using pooled Channel '[id: 0x349314e4, L:/127.0.0.1:63858 - R:localhost/127.0.0.1:58077]' for 'POST' to 'http://localhost:58077/session/f38132bec70b685149d600fa9deab73b/element'
15:22:55.596 [Forwarding findElement on session f38132bec70b685149d600fa9deab73b to remote] DEBUG org.asynchttpclient.netty.request.NettyRequestSender - Using open Channel [id: 0x349314e4, L:/127.0.0.1:63858 - R:localhost/127.0.0.1:58077] for POST '/session/f38132bec70b685149d600fa9deab73b/element'
15:22:55.602 [AsyncHttpClient-1-2] DEBUG org.asynchttpclient.netty.handler.HttpHandler - 

Request DefaultHttpRequest(decodeResult: success, version: HTTP/1.1)
POST /session/f38132bec70b685149d600fa9deab73b/element HTTP/1.1
User-Agent: selenium/4.1.2 (java windows)
Content-Length: 83
Content-Type: application/json; charset=utf-8
host: localhost:58077
accept: */*

Response DefaultHttpResponse(decodeResult: success, version: HTTP/1.1)
HTTP/1.1 200 OK
Content-Type: application/json; charset=utf-8
cache-control: no-cache
content-length: 88

15:22:55.603 [AsyncHttpClient-1-2] DEBUG org.asynchttpclient.netty.channel.ChannelManager - Adding key: http://localhost:58077 for channel [id: 0x349314e4, L:/127.0.0.1:63858 - R:localhost/127.0.0.1:58077]
15:22:55.615 [Forwarding isElementDisplayed on session f38132bec70b685149d600fa9deab73b to remote] DEBUG org.asynchttpclient.netty.request.NettyRequestSender - Using pooled Channel '[id: 0x349314e4, L:/127.0.0.1:63858 - R:localhost/127.0.0.1:58077]' for 'POST' to 'http://localhost:58077/session/f38132bec70b685149d600fa9deab73b/execute/sync'
15:22:55.615 [Forwarding isElementDisplayed on session f38132bec70b685149d600fa9deab73b to remote] DEBUG org.asynchttpclient.netty.request.NettyRequestSender - Using open Channel [id: 0x349314e4, L:/127.0.0.1:63858 - R:localhost/127.0.0.1:58077] for POST '/session/f38132bec70b685149d600fa9deab73b/execute/sync'
15:22:55.625 [AsyncHttpClient-1-2] DEBUG org.asynchttpclient.netty.handler.HttpHandler - 

Request DefaultHttpRequest(decodeResult: success, version: HTTP/1.1)
POST /session/f38132bec70b685149d600fa9deab73b/execute/sync HTTP/1.1
User-Agent: selenium/4.1.2 (java windows)
Content-Length: 48780
Content-Type: application/json; charset=utf-8
host: localhost:58077
accept: */*

Response DefaultHttpResponse(decodeResult: success, version: HTTP/1.1)
HTTP/1.1 200 OK
Content-Type: application/json; charset=utf-8
cache-control: no-cache
content-length: 14

15:22:55.625 [AsyncHttpClient-1-2] DEBUG org.asynchttpclient.netty.channel.ChannelManager - Adding key: http://localhost:58077 for channel [id: 0x349314e4, L:/127.0.0.1:63858 - R:localhost/127.0.0.1:58077]
15:22:55.644 [Forwarding findElement on session f38132bec70b685149d600fa9deab73b to remote] DEBUG org.asynchttpclient.netty.request.NettyRequestSender - Using pooled Channel '[id: 0x349314e4, L:/127.0.0.1:63858 - R:localhost/127.0.0.1:58077]' for 'POST' to 'http://localhost:58077/session/f38132bec70b685149d600fa9deab73b/element'
15:22:55.644 [Forwarding findElement on session f38132bec70b685149d600fa9deab73b to remote] DEBUG org.asynchttpclient.netty.request.NettyRequestSender - Using open Channel [id: 0x349314e4, L:/127.0.0.1:63858 - R:localhost/127.0.0.1:58077] for POST '/session/f38132bec70b685149d600fa9deab73b/element'
15:22:55.651 [AsyncHttpClient-1-2] DEBUG org.asynchttpclient.netty.handler.HttpHandler - 

Request DefaultHttpRequest(decodeResult: success, version: HTTP/1.1)
POST /session/f38132bec70b685149d600fa9deab73b/element HTTP/1.1
User-Agent: selenium/4.1.2 (java windows)
Content-Length: 83
Content-Type: application/json; charset=utf-8
host: localhost:58077
accept: */*

Response DefaultHttpResponse(decodeResult: success, version: HTTP/1.1)
HTTP/1.1 200 OK
Content-Type: application/json; charset=utf-8
cache-control: no-cache
content-length: 88

15:22:55.651 [AsyncHttpClient-1-2] DEBUG org.asynchttpclient.netty.channel.ChannelManager - Adding key: http://localhost:58077 for channel [id: 0x349314e4, L:/127.0.0.1:63858 - R:localhost/127.0.0.1:58077]
15:22:55.652 [Forwarding clickElement on session f38132bec70b685149d600fa9deab73b to remote] DEBUG org.asynchttpclient.netty.request.NettyRequestSender - Using pooled Channel '[id: 0x349314e4, L:/127.0.0.1:63858 - R:localhost/127.0.0.1:58077]' for 'POST' to 'http://localhost:58077/session/f38132bec70b685149d600fa9deab73b/element/b4f529b3-9b5d-4ac4-adf3-29d18183dec7/click'
15:22:55.652 [Forwarding clickElement on session f38132bec70b685149d600fa9deab73b to remote] DEBUG org.asynchttpclient.netty.request.NettyRequestSender - Using open Channel [id: 0x349314e4, L:/127.0.0.1:63858 - R:localhost/127.0.0.1:58077] for POST '/session/f38132bec70b685149d600fa9deab73b/element/b4f529b3-9b5d-4ac4-adf3-29d18183dec7/click'
15:22:55.692 [AsyncHttpClient-1-2] DEBUG org.asynchttpclient.netty.handler.HttpHandler - 

Request DefaultHttpRequest(decodeResult: success, version: HTTP/1.1)
POST /session/f38132bec70b685149d600fa9deab73b/element/b4f529b3-9b5d-4ac4-adf3-29d18183dec7/click HTTP/1.1
User-Agent: selenium/4.1.2 (java windows)
Content-Length: 50
Content-Type: application/json; charset=utf-8
host: localhost:58077
accept: */*

Response DefaultHttpResponse(decodeResult: success, version: HTTP/1.1)
HTTP/1.1 200 OK
Content-Type: application/json; charset=utf-8
cache-control: no-cache
content-length: 14

15:22:55.692 [AsyncHttpClient-1-2] DEBUG org.asynchttpclient.netty.channel.ChannelManager - Adding key: http://localhost:58077 for channel [id: 0x349314e4, L:/127.0.0.1:63858 - R:localhost/127.0.0.1:58077]
15:22:55.709 [Forwarding screenshot on session f38132bec70b685149d600fa9deab73b to remote] DEBUG org.asynchttpclient.netty.request.NettyRequestSender - Using pooled Channel '[id: 0x349314e4, L:/127.0.0.1:63858 - R:localhost/127.0.0.1:58077]' for 'GET' to 'http://localhost:58077/session/f38132bec70b685149d600fa9deab73b/screenshot'
15:22:55.709 [Forwarding screenshot on session f38132bec70b685149d600fa9deab73b to remote] DEBUG org.asynchttpclient.netty.request.NettyRequestSender - Using open Channel [id: 0x349314e4, L:/127.0.0.1:63858 - R:localhost/127.0.0.1:58077] for GET '/session/f38132bec70b685149d600fa9deab73b/screenshot'
15:22:55.836 [AsyncHttpClient-1-2] DEBUG org.asynchttpclient.netty.handler.HttpHandler - 

Request DefaultFullHttpRequest(decodeResult: success, version: HTTP/1.1, content: EmptyByteBufBE)
GET /session/f38132bec70b685149d600fa9deab73b/screenshot HTTP/1.1
User-Agent: selenium/4.1.2 (java windows)
Cache-Control: no-cache
Content-Type: application/json; charset=utf-8
host: localhost:58077
accept: */*

Response DefaultHttpResponse(decodeResult: success, version: HTTP/1.1)
HTTP/1.1 200 OK
Content-Type: application/json; charset=utf-8
cache-control: no-cache
content-length: 142400

15:22:55.837 [AsyncHttpClient-1-2] DEBUG org.asynchttpclient.netty.channel.ChannelManager - Adding key: http://localhost:58077 for channel [id: 0x349314e4, L:/127.0.0.1:63858 - R:localhost/127.0.0.1:58077]
15:22:55.843 [Test worker] DEBUG net.serenitybdd.core.photography.Darkroom - Send negative for processing for C:\Users\johan\OneDrive\Documentos\KONEX\Pruebas automatizadas\automatizacion_login_backoffice_1v\target\site\serenity\f3f31fd929b131bd8407321ccf90eb38f33db00c74b1c79acadcbaa854302fd8.png
15:22:55.844 [Darkroom Processing Line] DEBUG net.serenitybdd.core.photography.DarkroomProcessingLine - Processing screenshot image in /var/screenshots/screenshot-2782139668215263480
15:22:55.844 [Darkroom Processing Line] DEBUG net.serenitybdd.core.photography.DarkroomProcessingLine - Saving screenshot to C:\Users\johan\OneDrive\Documentos\KONEX\Pruebas automatizadas\automatizacion_login_backoffice_1v\target\site\serenity\f3f31fd929b131bd8407321ccf90eb38f33db00c74b1c79acadcbaa854302fd8.png
15:22:55.859 [Test worker] DEBUG net.thucydides.core.steps.StepInterceptor - STEP DONE: {0} clicks on #target
15:22:55.875 [Test worker] DEBUG net.thucydides.core.steps.StepInterceptor - STARTING STEP: Crear.performAs - {0} enters #theTextAsAString into #target
15:22:55.883 [Test worker] DEBUG net.serenitybdd.screenplay.targets.IFrameSwitcher - default content already selected for campo numero sorteo
15:22:55.919 [Forwarding findElement on session f38132bec70b685149d600fa9deab73b to remote] DEBUG org.asynchttpclient.netty.request.NettyRequestSender - Using pooled Channel '[id: 0x349314e4, L:/127.0.0.1:63858 - R:localhost/127.0.0.1:58077]' for 'POST' to 'http://localhost:58077/session/f38132bec70b685149d600fa9deab73b/element'
15:22:55.919 [Forwarding findElement on session f38132bec70b685149d600fa9deab73b to remote] DEBUG org.asynchttpclient.netty.request.NettyRequestSender - Using open Channel [id: 0x349314e4, L:/127.0.0.1:63858 - R:localhost/127.0.0.1:58077] for POST '/session/f38132bec70b685149d600fa9deab73b/element'
15:22:55.930 [AsyncHttpClient-1-2] DEBUG org.asynchttpclient.netty.handler.HttpHandler - 

Request DefaultHttpRequest(decodeResult: success, version: HTTP/1.1)
POST /session/f38132bec70b685149d600fa9deab73b/element HTTP/1.1
User-Agent: selenium/4.1.2 (java windows)
Content-Length: 74
Content-Type: application/json; charset=utf-8
host: localhost:58077
accept: */*

Response DefaultHttpResponse(decodeResult: success, version: HTTP/1.1)
HTTP/1.1 200 OK
Content-Type: application/json; charset=utf-8
cache-control: no-cache
content-length: 88

15:22:55.930 [AsyncHttpClient-1-2] DEBUG org.asynchttpclient.netty.channel.ChannelManager - Adding key: http://localhost:58077 for channel [id: 0x349314e4, L:/127.0.0.1:63858 - R:localhost/127.0.0.1:58077]
15:22:55.931 [Forwarding clearElement on session f38132bec70b685149d600fa9deab73b to remote] DEBUG org.asynchttpclient.netty.request.NettyRequestSender - Using pooled Channel '[id: 0x349314e4, L:/127.0.0.1:63858 - R:localhost/127.0.0.1:58077]' for 'POST' to 'http://localhost:58077/session/f38132bec70b685149d600fa9deab73b/element/51f10b3a-0f37-4ee7-8d44-69b9d11b7358/clear'
15:22:55.931 [Forwarding clearElement on session f38132bec70b685149d600fa9deab73b to remote] DEBUG org.asynchttpclient.netty.request.NettyRequestSender - Using open Channel [id: 0x349314e4, L:/127.0.0.1:63858 - R:localhost/127.0.0.1:58077] for POST '/session/f38132bec70b685149d600fa9deab73b/element/51f10b3a-0f37-4ee7-8d44-69b9d11b7358/clear'
15:22:55.960 [AsyncHttpClient-1-2] DEBUG org.asynchttpclient.netty.handler.HttpHandler - 

Request DefaultHttpRequest(decodeResult: success, version: HTTP/1.1)
POST /session/f38132bec70b685149d600fa9deab73b/element/51f10b3a-0f37-4ee7-8d44-69b9d11b7358/clear HTTP/1.1
User-Agent: selenium/4.1.2 (java windows)
Content-Length: 50
Content-Type: application/json; charset=utf-8
host: localhost:58077
accept: */*

Response DefaultHttpResponse(decodeResult: success, version: HTTP/1.1)
HTTP/1.1 200 OK
Content-Type: application/json; charset=utf-8
cache-control: no-cache
content-length: 14

15:22:55.960 [AsyncHttpClient-1-2] DEBUG org.asynchttpclient.netty.channel.ChannelManager - Adding key: http://localhost:58077 for channel [id: 0x349314e4, L:/127.0.0.1:63858 - R:localhost/127.0.0.1:58077]
15:22:55.970 [Forwarding sendKeysToElement on session f38132bec70b685149d600fa9deab73b to remote] DEBUG org.asynchttpclient.netty.request.NettyRequestSender - Using pooled Channel '[id: 0x349314e4, L:/127.0.0.1:63858 - R:localhost/127.0.0.1:58077]' for 'POST' to 'http://localhost:58077/session/f38132bec70b685149d600fa9deab73b/element/51f10b3a-0f37-4ee7-8d44-69b9d11b7358/value'
15:22:55.970 [Forwarding sendKeysToElement on session f38132bec70b685149d600fa9deab73b to remote] DEBUG org.asynchttpclient.netty.request.NettyRequestSender - Using open Channel [id: 0x349314e4, L:/127.0.0.1:63858 - R:localhost/127.0.0.1:58077] for POST '/session/f38132bec70b685149d600fa9deab73b/element/51f10b3a-0f37-4ee7-8d44-69b9d11b7358/value'
15:22:56.025 [AsyncHttpClient-1-2] DEBUG org.asynchttpclient.netty.handler.HttpHandler - 

Request DefaultHttpRequest(decodeResult: success, version: HTTP/1.1)
POST /session/f38132bec70b685149d600fa9deab73b/element/51f10b3a-0f37-4ee7-8d44-69b9d11b7358/value HTTP/1.1
User-Agent: selenium/4.1.2 (java windows)
Content-Length: 111
Content-Type: application/json; charset=utf-8
host: localhost:58077
accept: */*

Response DefaultHttpResponse(decodeResult: success, version: HTTP/1.1)
HTTP/1.1 200 OK
Content-Type: application/json; charset=utf-8
cache-control: no-cache
content-length: 14

15:22:56.026 [AsyncHttpClient-1-2] DEBUG org.asynchttpclient.netty.channel.ChannelManager - Adding key: http://localhost:58077 for channel [id: 0x349314e4, L:/127.0.0.1:63858 - R:localhost/127.0.0.1:58077]
15:22:56.059 [Forwarding screenshot on session f38132bec70b685149d600fa9deab73b to remote] DEBUG org.asynchttpclient.netty.request.NettyRequestSender - Using pooled Channel '[id: 0x349314e4, L:/127.0.0.1:63858 - R:localhost/127.0.0.1:58077]' for 'GET' to 'http://localhost:58077/session/f38132bec70b685149d600fa9deab73b/screenshot'
15:22:56.059 [Forwarding screenshot on session f38132bec70b685149d600fa9deab73b to remote] DEBUG org.asynchttpclient.netty.request.NettyRequestSender - Using open Channel [id: 0x349314e4, L:/127.0.0.1:63858 - R:localhost/127.0.0.1:58077] for GET '/session/f38132bec70b685149d600fa9deab73b/screenshot'
15:22:56.113 [AsyncHttpClient-1-1] DEBUG org.asynchttpclient.netty.channel.DefaultChannelPool - Entry count for : http://localhost:63862 : 1
15:22:56.235 [AsyncHttpClient-1-2] DEBUG org.asynchttpclient.netty.handler.HttpHandler - 

Request DefaultFullHttpRequest(decodeResult: success, version: HTTP/1.1, content: EmptyByteBufBE)
GET /session/f38132bec70b685149d600fa9deab73b/screenshot HTTP/1.1
User-Agent: selenium/4.1.2 (java windows)
Cache-Control: no-cache
Content-Type: application/json; charset=utf-8
host: localhost:58077
accept: */*

Response DefaultHttpResponse(decodeResult: success, version: HTTP/1.1)
HTTP/1.1 200 OK
Content-Type: application/json; charset=utf-8
cache-control: no-cache
content-length: 129200

15:22:56.236 [AsyncHttpClient-1-2] DEBUG org.asynchttpclient.netty.channel.ChannelManager - Adding key: http://localhost:58077 for channel [id: 0x349314e4, L:/127.0.0.1:63858 - R:localhost/127.0.0.1:58077]
15:22:56.246 [Test worker] DEBUG net.serenitybdd.core.photography.Darkroom - Send negative for processing for C:\Users\johan\OneDrive\Documentos\KONEX\Pruebas automatizadas\automatizacion_login_backoffice_1v\target\site\serenity\b6704bdbc93e42a41c832433b159edee97cd626550282b02b37a9c3847fcd864.png
15:22:56.247 [Darkroom Processing Line] DEBUG net.serenitybdd.core.photography.DarkroomProcessingLine - Processing screenshot image in /var/screenshots/screenshot-3678440005399685284
15:22:56.247 [Darkroom Processing Line] DEBUG net.serenitybdd.core.photography.DarkroomProcessingLine - Saving screenshot to C:\Users\johan\OneDrive\Documentos\KONEX\Pruebas automatizadas\automatizacion_login_backoffice_1v\target\site\serenity\b6704bdbc93e42a41c832433b159edee97cd626550282b02b37a9c3847fcd864.png
15:22:56.299 [Forwarding screenshot on session f38132bec70b685149d600fa9deab73b to remote] DEBUG org.asynchttpclient.netty.request.NettyRequestSender - Using pooled Channel '[id: 0x349314e4, L:/127.0.0.1:63858 - R:localhost/127.0.0.1:58077]' for 'GET' to 'http://localhost:58077/session/f38132bec70b685149d600fa9deab73b/screenshot'
15:22:56.299 [Forwarding screenshot on session f38132bec70b685149d600fa9deab73b to remote] DEBUG org.asynchttpclient.netty.request.NettyRequestSender - Using open Channel [id: 0x349314e4, L:/127.0.0.1:63858 - R:localhost/127.0.0.1:58077] for GET '/session/f38132bec70b685149d600fa9deab73b/screenshot'
15:22:56.444 [AsyncHttpClient-1-2] DEBUG org.asynchttpclient.netty.handler.HttpHandler - 

Request DefaultFullHttpRequest(decodeResult: success, version: HTTP/1.1, content: EmptyByteBufBE)
GET /session/f38132bec70b685149d600fa9deab73b/screenshot HTTP/1.1
User-Agent: selenium/4.1.2 (java windows)
Cache-Control: no-cache
Content-Type: application/json; charset=utf-8
host: localhost:58077
accept: */*

Response DefaultHttpResponse(decodeResult: success, version: HTTP/1.1)
HTTP/1.1 200 OK
Content-Type: application/json; charset=utf-8
cache-control: no-cache
content-length: 129200

15:22:56.444 [AsyncHttpClient-1-2] DEBUG org.asynchttpclient.netty.channel.ChannelManager - Adding key: http://localhost:58077 for channel [id: 0x349314e4, L:/127.0.0.1:63858 - R:localhost/127.0.0.1:58077]
15:22:56.454 [Test worker] DEBUG net.serenitybdd.core.photography.Darkroom - Send negative for processing for C:\Users\johan\OneDrive\Documentos\KONEX\Pruebas automatizadas\automatizacion_login_backoffice_1v\target\site\serenity\b6704bdbc93e42a41c832433b159edee97cd626550282b02b37a9c3847fcd864.png
15:22:56.454 [Test worker] DEBUG net.thucydides.core.steps.StepInterceptor - STEP DONE: {0} enters #theTextAsAString into #target
15:22:56.485 [Test worker] DEBUG net.thucydides.core.steps.StepInterceptor - STARTING STEP: Crear.performAs - {0} enters #theTextAsAString into #target
15:22:56.505 [Test worker] DEBUG net.serenitybdd.screenplay.targets.IFrameSwitcher - default content already selected for campo numero incremental sorteo
15:22:56.587 [Forwarding findElement on session f38132bec70b685149d600fa9deab73b to remote] DEBUG org.asynchttpclient.netty.request.NettyRequestSender - Using pooled Channel '[id: 0x349314e4, L:/127.0.0.1:63858 - R:localhost/127.0.0.1:58077]' for 'POST' to 'http://localhost:58077/session/f38132bec70b685149d600fa9deab73b/element'
15:22:56.587 [Forwarding findElement on session f38132bec70b685149d600fa9deab73b to remote] DEBUG org.asynchttpclient.netty.request.NettyRequestSender - Using open Channel [id: 0x349314e4, L:/127.0.0.1:63858 - R:localhost/127.0.0.1:58077] for POST '/session/f38132bec70b685149d600fa9deab73b/element'
15:22:56.607 [AsyncHttpClient-1-2] DEBUG org.asynchttpclient.netty.handler.HttpHandler - 

Request DefaultHttpRequest(decodeResult: success, version: HTTP/1.1)
POST /session/f38132bec70b685149d600fa9deab73b/element HTTP/1.1
User-Agent: selenium/4.1.2 (java windows)
Content-Length: 78
Content-Type: application/json; charset=utf-8
host: localhost:58077
accept: */*

Response DefaultHttpResponse(decodeResult: success, version: HTTP/1.1)
HTTP/1.1 200 OK
Content-Type: application/json; charset=utf-8
cache-control: no-cache
content-length: 88

15:22:56.607 [AsyncHttpClient-1-2] DEBUG org.asynchttpclient.netty.channel.ChannelManager - Adding key: http://localhost:58077 for channel [id: 0x349314e4, L:/127.0.0.1:63858 - R:localhost/127.0.0.1:58077]
15:22:56.610 [Forwarding clearElement on session f38132bec70b685149d600fa9deab73b to remote] DEBUG org.asynchttpclient.netty.request.NettyRequestSender - Using pooled Channel '[id: 0x349314e4, L:/127.0.0.1:63858 - R:localhost/127.0.0.1:58077]' for 'POST' to 'http://localhost:58077/session/f38132bec70b685149d600fa9deab73b/element/99dc4635-f920-4320-bf97-c70558419b72/clear'
15:22:56.610 [Forwarding clearElement on session f38132bec70b685149d600fa9deab73b to remote] DEBUG org.asynchttpclient.netty.request.NettyRequestSender - Using open Channel [id: 0x349314e4, L:/127.0.0.1:63858 - R:localhost/127.0.0.1:58077] for POST '/session/f38132bec70b685149d600fa9deab73b/element/99dc4635-f920-4320-bf97-c70558419b72/clear'
15:22:56.677 [AsyncHttpClient-1-2] DEBUG org.asynchttpclient.netty.handler.HttpHandler - 

Request DefaultHttpRequest(decodeResult: success, version: HTTP/1.1)
POST /session/f38132bec70b685149d600fa9deab73b/element/99dc4635-f920-4320-bf97-c70558419b72/clear HTTP/1.1
User-Agent: selenium/4.1.2 (java windows)
Content-Length: 50
Content-Type: application/json; charset=utf-8
host: localhost:58077
accept: */*

Response DefaultHttpResponse(decodeResult: success, version: HTTP/1.1)
HTTP/1.1 200 OK
Content-Type: application/json; charset=utf-8
cache-control: no-cache
content-length: 14

15:22:56.677 [AsyncHttpClient-1-2] DEBUG org.asynchttpclient.netty.channel.ChannelManager - Adding key: http://localhost:58077 for channel [id: 0x349314e4, L:/127.0.0.1:63858 - R:localhost/127.0.0.1:58077]
15:22:56.698 [Forwarding sendKeysToElement on session f38132bec70b685149d600fa9deab73b to remote] DEBUG org.asynchttpclient.netty.request.NettyRequestSender - Using pooled Channel '[id: 0x349314e4, L:/127.0.0.1:63858 - R:localhost/127.0.0.1:58077]' for 'POST' to 'http://localhost:58077/session/f38132bec70b685149d600fa9deab73b/element/99dc4635-f920-4320-bf97-c70558419b72/value'
15:22:56.698 [Forwarding sendKeysToElement on session f38132bec70b685149d600fa9deab73b to remote] DEBUG org.asynchttpclient.netty.request.NettyRequestSender - Using open Channel [id: 0x349314e4, L:/127.0.0.1:63858 - R:localhost/127.0.0.1:58077] for POST '/session/f38132bec70b685149d600fa9deab73b/element/99dc4635-f920-4320-bf97-c70558419b72/value'
15:22:56.771 [AsyncHttpClient-1-2] DEBUG org.asynchttpclient.netty.handler.HttpHandler - 

Request DefaultHttpRequest(decodeResult: success, version: HTTP/1.1)
POST /session/f38132bec70b685149d600fa9deab73b/element/99dc4635-f920-4320-bf97-c70558419b72/value HTTP/1.1
User-Agent: selenium/4.1.2 (java windows)
Content-Length: 91
Content-Type: application/json; charset=utf-8
host: localhost:58077
accept: */*

Response DefaultHttpResponse(decodeResult: success, version: HTTP/1.1)
HTTP/1.1 200 OK
Content-Type: application/json; charset=utf-8
cache-control: no-cache
content-length: 14

15:22:56.772 [AsyncHttpClient-1-2] DEBUG org.asynchttpclient.netty.channel.ChannelManager - Adding key: http://localhost:58077 for channel [id: 0x349314e4, L:/127.0.0.1:63858 - R:localhost/127.0.0.1:58077]
15:22:56.804 [Forwarding screenshot on session f38132bec70b685149d600fa9deab73b to remote] DEBUG org.asynchttpclient.netty.request.NettyRequestSender - Using pooled Channel '[id: 0x349314e4, L:/127.0.0.1:63858 - R:localhost/127.0.0.1:58077]' for 'GET' to 'http://localhost:58077/session/f38132bec70b685149d600fa9deab73b/screenshot'
15:22:56.804 [Forwarding screenshot on session f38132bec70b685149d600fa9deab73b to remote] DEBUG org.asynchttpclient.netty.request.NettyRequestSender - Using open Channel [id: 0x349314e4, L:/127.0.0.1:63858 - R:localhost/127.0.0.1:58077] for GET '/session/f38132bec70b685149d600fa9deab73b/screenshot'
15:22:57.035 [AsyncHttpClient-1-2] DEBUG org.asynchttpclient.netty.handler.HttpHandler - 

Request DefaultFullHttpRequest(decodeResult: success, version: HTTP/1.1, content: EmptyByteBufBE)
GET /session/f38132bec70b685149d600fa9deab73b/screenshot HTTP/1.1
User-Agent: selenium/4.1.2 (java windows)
Cache-Control: no-cache
Content-Type: application/json; charset=utf-8
host: localhost:58077
accept: */*

Response DefaultHttpResponse(decodeResult: success, version: HTTP/1.1)
HTTP/1.1 200 OK
Content-Type: application/json; charset=utf-8
cache-control: no-cache
content-length: 129356

15:22:57.035 [AsyncHttpClient-1-2] DEBUG org.asynchttpclient.netty.channel.ChannelManager - Adding key: http://localhost:58077 for channel [id: 0x349314e4, L:/127.0.0.1:63858 - R:localhost/127.0.0.1:58077]
15:22:57.045 [Test worker] DEBUG net.serenitybdd.core.photography.Darkroom - Send negative for processing for C:\Users\johan\OneDrive\Documentos\KONEX\Pruebas automatizadas\automatizacion_login_backoffice_1v\target\site\serenity\a4485bc8ae8bcb27061789a8c9ee4dfbf70ec98edb7c3ef57b9e63e77ab26b94.png
15:22:57.046 [Darkroom Processing Line] DEBUG net.serenitybdd.core.photography.DarkroomProcessingLine - Processing screenshot image in /var/screenshots/screenshot-233514335313411935
15:22:57.046 [Darkroom Processing Line] DEBUG net.serenitybdd.core.photography.DarkroomProcessingLine - Saving screenshot to C:\Users\johan\OneDrive\Documentos\KONEX\Pruebas automatizadas\automatizacion_login_backoffice_1v\target\site\serenity\a4485bc8ae8bcb27061789a8c9ee4dfbf70ec98edb7c3ef57b9e63e77ab26b94.png
15:22:57.096 [Forwarding screenshot on session f38132bec70b685149d600fa9deab73b to remote] DEBUG org.asynchttpclient.netty.request.NettyRequestSender - Using pooled Channel '[id: 0x349314e4, L:/127.0.0.1:63858 - R:localhost/127.0.0.1:58077]' for 'GET' to 'http://localhost:58077/session/f38132bec70b685149d600fa9deab73b/screenshot'
15:22:57.096 [Forwarding screenshot on session f38132bec70b685149d600fa9deab73b to remote] DEBUG org.asynchttpclient.netty.request.NettyRequestSender - Using open Channel [id: 0x349314e4, L:/127.0.0.1:63858 - R:localhost/127.0.0.1:58077] for GET '/session/f38132bec70b685149d600fa9deab73b/screenshot'
15:22:57.211 [AsyncHttpClient-1-1] DEBUG org.asynchttpclient.netty.channel.DefaultChannelPool - Entry count for : http://localhost:63862 : 1
15:22:57.259 [AsyncHttpClient-1-2] DEBUG org.asynchttpclient.netty.handler.HttpHandler - 

Request DefaultFullHttpRequest(decodeResult: success, version: HTTP/1.1, content: EmptyByteBufBE)
GET /session/f38132bec70b685149d600fa9deab73b/screenshot HTTP/1.1
User-Agent: selenium/4.1.2 (java windows)
Cache-Control: no-cache
Content-Type: application/json; charset=utf-8
host: localhost:58077
accept: */*

Response DefaultHttpResponse(decodeResult: success, version: HTTP/1.1)
HTTP/1.1 200 OK
Content-Type: application/json; charset=utf-8
cache-control: no-cache
content-length: 129216

15:22:57.260 [AsyncHttpClient-1-2] DEBUG org.asynchttpclient.netty.channel.ChannelManager - Adding key: http://localhost:58077 for channel [id: 0x349314e4, L:/127.0.0.1:63858 - R:localhost/127.0.0.1:58077]
15:22:57.269 [Test worker] DEBUG net.serenitybdd.core.photography.Darkroom - Send negative for processing for C:\Users\johan\OneDrive\Documentos\KONEX\Pruebas automatizadas\automatizacion_login_backoffice_1v\target\site\serenity\b858c8af6146c0d47c86d21eff3587f833c8b33ffaf89eecc0c5ab664e7534e8.png
15:22:57.270 [Test worker] DEBUG net.thucydides.core.steps.StepInterceptor - STEP DONE: {0} enters #theTextAsAString into #target
15:22:57.270 [Darkroom Processing Line] DEBUG net.serenitybdd.core.photography.DarkroomProcessingLine - Processing screenshot image in /var/screenshots/screenshot-9140814777680627558
15:22:57.270 [Darkroom Processing Line] DEBUG net.serenitybdd.core.photography.DarkroomProcessingLine - Saving screenshot to C:\Users\johan\OneDrive\Documentos\KONEX\Pruebas automatizadas\automatizacion_login_backoffice_1v\target\site\serenity\b858c8af6146c0d47c86d21eff3587f833c8b33ffaf89eecc0c5ab664e7534e8.png
15:22:57.302 [Test worker] DEBUG net.thucydides.core.steps.StepInterceptor - STARTING STEP: Crear.performAs - {0} clicks on #target
15:22:57.303 [Test worker] DEBUG net.serenitybdd.screenplay.targets.IFrameSwitcher - default content already selected for botÃ³n siguiente
15:22:57.443 [Forwarding findElement on session f38132bec70b685149d600fa9deab73b to remote] DEBUG org.asynchttpclient.netty.request.NettyRequestSender - Using pooled Channel '[id: 0x349314e4, L:/127.0.0.1:63858 - R:localhost/127.0.0.1:58077]' for 'POST' to 'http://localhost:58077/session/f38132bec70b685149d600fa9deab73b/element'
15:22:57.443 [Forwarding findElement on session f38132bec70b685149d600fa9deab73b to remote] DEBUG org.asynchttpclient.netty.request.NettyRequestSender - Using open Channel [id: 0x349314e4, L:/127.0.0.1:63858 - R:localhost/127.0.0.1:58077] for POST '/session/f38132bec70b685149d600fa9deab73b/element'
15:22:57.464 [AsyncHttpClient-1-2] DEBUG org.asynchttpclient.netty.handler.HttpHandler - 

Request DefaultHttpRequest(decodeResult: success, version: HTTP/1.1)
POST /session/f38132bec70b685149d600fa9deab73b/element HTTP/1.1
User-Agent: selenium/4.1.2 (java windows)
Content-Length: 85
Content-Type: application/json; charset=utf-8
host: localhost:58077
accept: */*

Response DefaultHttpResponse(decodeResult: success, version: HTTP/1.1)
HTTP/1.1 200 OK
Content-Type: application/json; charset=utf-8
cache-control: no-cache
content-length: 88

15:22:57.465 [AsyncHttpClient-1-2] DEBUG org.asynchttpclient.netty.channel.ChannelManager - Adding key: http://localhost:58077 for channel [id: 0x349314e4, L:/127.0.0.1:63858 - R:localhost/127.0.0.1:58077]
15:22:57.490 [Forwarding isElementDisplayed on session f38132bec70b685149d600fa9deab73b to remote] DEBUG org.asynchttpclient.netty.request.NettyRequestSender - Using pooled Channel '[id: 0x349314e4, L:/127.0.0.1:63858 - R:localhost/127.0.0.1:58077]' for 'POST' to 'http://localhost:58077/session/f38132bec70b685149d600fa9deab73b/execute/sync'
15:22:57.490 [Forwarding isElementDisplayed on session f38132bec70b685149d600fa9deab73b to remote] DEBUG org.asynchttpclient.netty.request.NettyRequestSender - Using open Channel [id: 0x349314e4, L:/127.0.0.1:63858 - R:localhost/127.0.0.1:58077] for POST '/session/f38132bec70b685149d600fa9deab73b/execute/sync'
15:22:57.508 [AsyncHttpClient-1-2] DEBUG org.asynchttpclient.netty.handler.HttpHandler - 

Request DefaultHttpRequest(decodeResult: success, version: HTTP/1.1)
POST /session/f38132bec70b685149d600fa9deab73b/execute/sync HTTP/1.1
User-Agent: selenium/4.1.2 (java windows)
Content-Length: 48780
Content-Type: application/json; charset=utf-8
host: localhost:58077
accept: */*

Response DefaultHttpResponse(decodeResult: success, version: HTTP/1.1)
HTTP/1.1 200 OK
Content-Type: application/json; charset=utf-8
cache-control: no-cache
content-length: 14

15:22:57.508 [AsyncHttpClient-1-2] DEBUG org.asynchttpclient.netty.channel.ChannelManager - Adding key: http://localhost:58077 for channel [id: 0x349314e4, L:/127.0.0.1:63858 - R:localhost/127.0.0.1:58077]
15:22:57.551 [Forwarding findElement on session f38132bec70b685149d600fa9deab73b to remote] DEBUG org.asynchttpclient.netty.request.NettyRequestSender - Using pooled Channel '[id: 0x349314e4, L:/127.0.0.1:63858 - R:localhost/127.0.0.1:58077]' for 'POST' to 'http://localhost:58077/session/f38132bec70b685149d600fa9deab73b/element'
15:22:57.551 [Forwarding findElement on session f38132bec70b685149d600fa9deab73b to remote] DEBUG org.asynchttpclient.netty.request.NettyRequestSender - Using open Channel [id: 0x349314e4, L:/127.0.0.1:63858 - R:localhost/127.0.0.1:58077] for POST '/session/f38132bec70b685149d600fa9deab73b/element'
15:22:57.564 [AsyncHttpClient-1-2] DEBUG org.asynchttpclient.netty.handler.HttpHandler - 

Request DefaultHttpRequest(decodeResult: success, version: HTTP/1.1)
POST /session/f38132bec70b685149d600fa9deab73b/element HTTP/1.1
User-Agent: selenium/4.1.2 (java windows)
Content-Length: 85
Content-Type: application/json; charset=utf-8
host: localhost:58077
accept: */*

Response DefaultHttpResponse(decodeResult: success, version: HTTP/1.1)
HTTP/1.1 200 OK
Content-Type: application/json; charset=utf-8
cache-control: no-cache
content-length: 88

15:22:57.564 [AsyncHttpClient-1-2] DEBUG org.asynchttpclient.netty.channel.ChannelManager - Adding key: http://localhost:58077 for channel [id: 0x349314e4, L:/127.0.0.1:63858 - R:localhost/127.0.0.1:58077]
15:22:57.567 [Forwarding clickElement on session f38132bec70b685149d600fa9deab73b to remote] DEBUG org.asynchttpclient.netty.request.NettyRequestSender - Using pooled Channel '[id: 0x349314e4, L:/127.0.0.1:63858 - R:localhost/127.0.0.1:58077]' for 'POST' to 'http://localhost:58077/session/f38132bec70b685149d600fa9deab73b/element/0a9f2425-796b-49cc-b3e9-07c1d7c7d28f/click'
15:22:57.567 [Forwarding clickElement on session f38132bec70b685149d600fa9deab73b to remote] DEBUG org.asynchttpclient.netty.request.NettyRequestSender - Using open Channel [id: 0x349314e4, L:/127.0.0.1:63858 - R:localhost/127.0.0.1:58077] for POST '/session/f38132bec70b685149d600fa9deab73b/element/0a9f2425-796b-49cc-b3e9-07c1d7c7d28f/click'
15:22:57.645 [AsyncHttpClient-1-2] DEBUG org.asynchttpclient.netty.handler.HttpHandler - 

Request DefaultHttpRequest(decodeResult: success, version: HTTP/1.1)
POST /session/f38132bec70b685149d600fa9deab73b/element/0a9f2425-796b-49cc-b3e9-07c1d7c7d28f/click HTTP/1.1
User-Agent: selenium/4.1.2 (java windows)
Content-Length: 50
Content-Type: application/json; charset=utf-8
host: localhost:58077
accept: */*

Response DefaultHttpResponse(decodeResult: success, version: HTTP/1.1)
HTTP/1.1 200 OK
Content-Type: application/json; charset=utf-8
cache-control: no-cache
content-length: 14

15:22:57.645 [AsyncHttpClient-1-2] DEBUG org.asynchttpclient.netty.channel.ChannelManager - Adding key: http://localhost:58077 for channel [id: 0x349314e4, L:/127.0.0.1:63858 - R:localhost/127.0.0.1:58077]
15:22:57.687 [Forwarding screenshot on session f38132bec70b685149d600fa9deab73b to remote] DEBUG org.asynchttpclient.netty.request.NettyRequestSender - Using pooled Channel '[id: 0x349314e4, L:/127.0.0.1:63858 - R:localhost/127.0.0.1:58077]' for 'GET' to 'http://localhost:58077/session/f38132bec70b685149d600fa9deab73b/screenshot'
15:22:57.687 [Forwarding screenshot on session f38132bec70b685149d600fa9deab73b to remote] DEBUG org.asynchttpclient.netty.request.NettyRequestSender - Using open Channel [id: 0x349314e4, L:/127.0.0.1:63858 - R:localhost/127.0.0.1:58077] for GET '/session/f38132bec70b685149d600fa9deab73b/screenshot'
15:22:57.887 [AsyncHttpClient-1-2] DEBUG org.asynchttpclient.netty.handler.HttpHandler - 

Request DefaultFullHttpRequest(decodeResult: success, version: HTTP/1.1, content: EmptyByteBufBE)
GET /session/f38132bec70b685149d600fa9deab73b/screenshot HTTP/1.1
User-Agent: selenium/4.1.2 (java windows)
Cache-Control: no-cache
Content-Type: application/json; charset=utf-8
host: localhost:58077
accept: */*

Response DefaultHttpResponse(decodeResult: success, version: HTTP/1.1)
HTTP/1.1 200 OK
Content-Type: application/json; charset=utf-8
cache-control: no-cache
content-length: 130928

15:22:57.887 [AsyncHttpClient-1-2] DEBUG org.asynchttpclient.netty.channel.ChannelManager - Adding key: http://localhost:58077 for channel [id: 0x349314e4, L:/127.0.0.1:63858 - R:localhost/127.0.0.1:58077]
15:22:57.898 [Test worker] DEBUG net.serenitybdd.core.photography.Darkroom - Send negative for processing for C:\Users\johan\OneDrive\Documentos\KONEX\Pruebas automatizadas\automatizacion_login_backoffice_1v\target\site\serenity\a7f6fdcfc6397ead229d113b1c1669f5fb9775013a6f436a06d9aef265da298f.png
15:22:57.898 [Darkroom Processing Line] DEBUG net.serenitybdd.core.photography.DarkroomProcessingLine - Processing screenshot image in /var/screenshots/screenshot-196594832335219410
15:22:57.898 [Darkroom Processing Line] DEBUG net.serenitybdd.core.photography.DarkroomProcessingLine - Saving screenshot to C:\Users\johan\OneDrive\Documentos\KONEX\Pruebas automatizadas\automatizacion_login_backoffice_1v\target\site\serenity\a7f6fdcfc6397ead229d113b1c1669f5fb9775013a6f436a06d9aef265da298f.png
15:22:57.933 [Test worker] DEBUG net.thucydides.core.steps.StepInterceptor - STEP DONE: {0} clicks on #target
15:22:57.967 [Forwarding screenshot on session f38132bec70b685149d600fa9deab73b to remote] DEBUG org.asynchttpclient.netty.request.NettyRequestSender - Using pooled Channel '[id: 0x349314e4, L:/127.0.0.1:63858 - R:localhost/127.0.0.1:58077]' for 'GET' to 'http://localhost:58077/session/f38132bec70b685149d600fa9deab73b/screenshot'
15:22:57.967 [Forwarding screenshot on session f38132bec70b685149d600fa9deab73b to remote] DEBUG org.asynchttpclient.netty.request.NettyRequestSender - Using open Channel [id: 0x349314e4, L:/127.0.0.1:63858 - R:localhost/127.0.0.1:58077] for GET '/session/f38132bec70b685149d600fa9deab73b/screenshot'
15:22:58.097 [AsyncHttpClient-1-2] DEBUG org.asynchttpclient.netty.handler.HttpHandler - 

Request DefaultFullHttpRequest(decodeResult: success, version: HTTP/1.1, content: EmptyByteBufBE)
GET /session/f38132bec70b685149d600fa9deab73b/screenshot HTTP/1.1
User-Agent: selenium/4.1.2 (java windows)
Cache-Control: no-cache
Content-Type: application/json; charset=utf-8
host: localhost:58077
accept: */*

Response DefaultHttpResponse(decodeResult: success, version: HTTP/1.1)
HTTP/1.1 200 OK
Content-Type: application/json; charset=utf-8
cache-control: no-cache
content-length: 130940

15:22:58.097 [AsyncHttpClient-1-2] DEBUG org.asynchttpclient.netty.channel.ChannelManager - Adding key: http://localhost:58077 for channel [id: 0x349314e4, L:/127.0.0.1:63858 - R:localhost/127.0.0.1:58077]
15:22:58.102 [Test worker] DEBUG net.serenitybdd.core.photography.Darkroom - Send negative for processing for C:\Users\johan\OneDrive\Documentos\KONEX\Pruebas automatizadas\automatizacion_login_backoffice_1v\target\site\serenity\99891f7cb05eb4cdb17dfcf54a6d561a933b256cb48827bd25e7723f37d79367.png
15:22:58.102 [Darkroom Processing Line] DEBUG net.serenitybdd.core.photography.DarkroomProcessingLine - Processing screenshot image in /var/screenshots/screenshot-3151413684002021825
15:22:58.103 [Darkroom Processing Line] DEBUG net.serenitybdd.core.photography.DarkroomProcessingLine - Saving screenshot to C:\Users\johan\OneDrive\Documentos\KONEX\Pruebas automatizadas\automatizacion_login_backoffice_1v\target\site\serenity\99891f7cb05eb4cdb17dfcf54a6d561a933b256cb48827bd25e7723f37d79367.png
15:22:58.103 [Test worker] DEBUG net.thucydides.core.steps.StepInterceptor - STARTING STEP: Crear.performAs - {0} clicks on #target
15:22:58.103 [Test worker] DEBUG net.serenitybdd.screenplay.targets.IFrameSwitcher - default content already selected for check aplicar a todos los dÃ­as
15:22:58.165 [Forwarding findElement on session f38132bec70b685149d600fa9deab73b to remote] DEBUG org.asynchttpclient.netty.request.NettyRequestSender - Using pooled Channel '[id: 0x349314e4, L:/127.0.0.1:63858 - R:localhost/127.0.0.1:58077]' for 'POST' to 'http://localhost:58077/session/f38132bec70b685149d600fa9deab73b/element'
15:22:58.165 [Forwarding findElement on session f38132bec70b685149d600fa9deab73b to remote] DEBUG org.asynchttpclient.netty.request.NettyRequestSender - Using open Channel [id: 0x349314e4, L:/127.0.0.1:63858 - R:localhost/127.0.0.1:58077] for POST '/session/f38132bec70b685149d600fa9deab73b/element'
15:22:58.308 [AsyncHttpClient-1-1] DEBUG org.asynchttpclient.netty.channel.DefaultChannelPool - Entry count for : http://localhost:63862 : 1
15:22:59.409 [AsyncHttpClient-1-1] DEBUG org.asynchttpclient.netty.channel.DefaultChannelPool - Entry count for : http://localhost:63862 : 1
15:23:00.186 [AsyncHttpClient-1-2] DEBUG org.asynchttpclient.netty.handler.HttpHandler - 

Request DefaultHttpRequest(decodeResult: success, version: HTTP/1.1)
POST /session/f38132bec70b685149d600fa9deab73b/element HTTP/1.1
User-Agent: selenium/4.1.2 (java windows)
Content-Length: 122
Content-Type: application/json; charset=utf-8
host: localhost:58077
accept: */*

Response DefaultHttpResponse(decodeResult: success, version: HTTP/1.1)
HTTP/1.1 404 Not Found
Content-Type: application/json; charset=utf-8
cache-control: no-cache
content-length: 1022

15:23:00.186 [AsyncHttpClient-1-2] DEBUG org.asynchttpclient.netty.channel.ChannelManager - Adding key: http://localhost:58077 for channel [id: 0x349314e4, L:/127.0.0.1:63858 - R:localhost/127.0.0.1:58077]
15:23:00.380 [Forwarding findElement on session f38132bec70b685149d600fa9deab73b to remote] DEBUG org.asynchttpclient.netty.request.NettyRequestSender - Using pooled Channel '[id: 0x349314e4, L:/127.0.0.1:63858 - R:localhost/127.0.0.1:58077]' for 'POST' to 'http://localhost:58077/session/f38132bec70b685149d600fa9deab73b/element'
15:23:00.380 [Forwarding findElement on session f38132bec70b685149d600fa9deab73b to remote] DEBUG org.asynchttpclient.netty.request.NettyRequestSender - Using open Channel [id: 0x349314e4, L:/127.0.0.1:63858 - R:localhost/127.0.0.1:58077] for POST '/session/f38132bec70b685149d600fa9deab73b/element'
15:23:00.510 [AsyncHttpClient-1-1] DEBUG org.asynchttpclient.netty.channel.DefaultChannelPool - Entry count for : http://localhost:63862 : 1
15:23:01.615 [AsyncHttpClient-1-1] DEBUG org.asynchttpclient.netty.channel.DefaultChannelPool - Entry count for : http://localhost:63862 : 1
15:23:02.446 [AsyncHttpClient-1-2] DEBUG org.asynchttpclient.netty.handler.HttpHandler - 

Request DefaultHttpRequest(decodeResult: success, version: HTTP/1.1)
POST /session/f38132bec70b685149d600fa9deab73b/element HTTP/1.1
User-Agent: selenium/4.1.2 (java windows)
Content-Length: 122
Content-Type: application/json; charset=utf-8
host: localhost:58077
accept: */*

Response DefaultHttpResponse(decodeResult: success, version: HTTP/1.1)
HTTP/1.1 404 Not Found
Content-Type: application/json; charset=utf-8
cache-control: no-cache
content-length: 1022

15:23:02.446 [AsyncHttpClient-1-2] DEBUG org.asynchttpclient.netty.channel.ChannelManager - Adding key: http://localhost:58077 for channel [id: 0x349314e4, L:/127.0.0.1:63858 - R:localhost/127.0.0.1:58077]
15:23:02.634 [Forwarding findElement on session f38132bec70b685149d600fa9deab73b to remote] DEBUG org.asynchttpclient.netty.request.NettyRequestSender - Using pooled Channel '[id: 0x349314e4, L:/127.0.0.1:63858 - R:localhost/127.0.0.1:58077]' for 'POST' to 'http://localhost:58077/session/f38132bec70b685149d600fa9deab73b/element'
15:23:02.634 [Forwarding findElement on session f38132bec70b685149d600fa9deab73b to remote] DEBUG org.asynchttpclient.netty.request.NettyRequestSender - Using open Channel [id: 0x349314e4, L:/127.0.0.1:63858 - R:localhost/127.0.0.1:58077] for POST '/session/f38132bec70b685149d600fa9deab73b/element'
15:23:02.710 [AsyncHttpClient-1-1] DEBUG org.asynchttpclient.netty.channel.DefaultChannelPool - Entry count for : http://localhost:63862 : 1
15:23:03.815 [AsyncHttpClient-1-1] DEBUG org.asynchttpclient.netty.channel.DefaultChannelPool - Entry count for : http://localhost:63862 : 1
15:23:04.707 [AsyncHttpClient-1-2] DEBUG org.asynchttpclient.netty.handler.HttpHandler - 

Request DefaultHttpRequest(decodeResult: success, version: HTTP/1.1)
POST /session/f38132bec70b685149d600fa9deab73b/element HTTP/1.1
User-Agent: selenium/4.1.2 (java windows)
Content-Length: 122
Content-Type: application/json; charset=utf-8
host: localhost:58077
accept: */*

Response DefaultHttpResponse(decodeResult: success, version: HTTP/1.1)
HTTP/1.1 404 Not Found
Content-Type: application/json; charset=utf-8
cache-control: no-cache
content-length: 1022

15:23:04.708 [AsyncHttpClient-1-2] DEBUG org.asynchttpclient.netty.channel.ChannelManager - Adding key: http://localhost:58077 for channel [id: 0x349314e4, L:/127.0.0.1:63858 - R:localhost/127.0.0.1:58077]
15:23:04.763 [Forwarding screenshot on session f38132bec70b685149d600fa9deab73b to remote] DEBUG org.asynchttpclient.netty.request.NettyRequestSender - Using pooled Channel '[id: 0x349314e4, L:/127.0.0.1:63858 - R:localhost/127.0.0.1:58077]' for 'GET' to 'http://localhost:58077/session/f38132bec70b685149d600fa9deab73b/screenshot'
15:23:04.763 [Forwarding screenshot on session f38132bec70b685149d600fa9deab73b to remote] DEBUG org.asynchttpclient.netty.request.NettyRequestSender - Using open Channel [id: 0x349314e4, L:/127.0.0.1:63858 - R:localhost/127.0.0.1:58077] for GET '/session/f38132bec70b685149d600fa9deab73b/screenshot'
15:23:04.904 [AsyncHttpClient-1-2] DEBUG org.asynchttpclient.netty.handler.HttpHandler - 

Request DefaultFullHttpRequest(decodeResult: success, version: HTTP/1.1, content: EmptyByteBufBE)
GET /session/f38132bec70b685149d600fa9deab73b/screenshot HTTP/1.1
User-Agent: selenium/4.1.2 (java windows)
Cache-Control: no-cache
Content-Type: application/json; charset=utf-8
host: localhost:58077
accept: */*

Response DefaultHttpResponse(decodeResult: success, version: HTTP/1.1)
HTTP/1.1 200 OK
Content-Type: application/json; charset=utf-8
cache-control: no-cache
content-length: 131044

15:23:04.904 [AsyncHttpClient-1-2] DEBUG org.asynchttpclient.netty.channel.ChannelManager - Adding key: http://localhost:58077 for channel [id: 0x349314e4, L:/127.0.0.1:63858 - R:localhost/127.0.0.1:58077]
15:23:04.909 [AsyncHttpClient-1-1] DEBUG org.asynchttpclient.netty.channel.DefaultChannelPool - Entry count for : http://localhost:63862 : 1
15:23:04.909 [AsyncHttpClient-1-1] DEBUG org.asynchttpclient.netty.channel.DefaultChannelPool - Entry count for : http://localhost:58077 : 1
15:23:04.909 [Test worker] DEBUG net.serenitybdd.core.photography.Darkroom - Send negative for processing for C:\Users\johan\OneDrive\Documentos\KONEX\Pruebas automatizadas\automatizacion_login_backoffice_1v\target\site\serenity\149e600917a7ae4590bb06b1af3c0afc618b965aa83c060d7f01396b735d2b14.png
15:23:04.909 [Darkroom Processing Line] DEBUG net.serenitybdd.core.photography.DarkroomProcessingLine - Processing screenshot image in /var/screenshots/screenshot-471430023012654372
15:23:04.909 [Darkroom Processing Line] DEBUG net.serenitybdd.core.photography.DarkroomProcessingLine - Saving screenshot to C:\Users\johan\OneDrive\Documentos\KONEX\Pruebas automatizadas\automatizacion_login_backoffice_1v\target\site\serenity\149e600917a7ae4590bb06b1af3c0afc618b965aa83c060d7f01396b735d2b14.png
15:23:04.918 [Forwarding getPageSource on session f38132bec70b685149d600fa9deab73b to remote] DEBUG org.asynchttpclient.netty.request.NettyRequestSender - Using pooled Channel '[id: 0x349314e4, L:/127.0.0.1:63858 - R:localhost/127.0.0.1:58077]' for 'POST' to 'http://localhost:58077/session/f38132bec70b685149d600fa9deab73b/execute/sync'
15:23:04.918 [Forwarding getPageSource on session f38132bec70b685149d600fa9deab73b to remote] DEBUG org.asynchttpclient.netty.request.NettyRequestSender - Using open Channel [id: 0x349314e4, L:/127.0.0.1:63858 - R:localhost/127.0.0.1:58077] for POST '/session/f38132bec70b685149d600fa9deab73b/execute/sync'
15:23:04.930 [AsyncHttpClient-1-2] DEBUG org.asynchttpclient.netty.handler.HttpHandler - 

Request DefaultHttpRequest(decodeResult: success, version: HTTP/1.1)
POST /session/f38132bec70b685149d600fa9deab73b/execute/sync HTTP/1.1
User-Agent: selenium/4.1.2 (java windows)
Content-Length: 176
Content-Type: application/json; charset=utf-8
host: localhost:58077
accept: */*

Response DefaultHttpResponse(decodeResult: success, version: HTTP/1.1)
HTTP/1.1 200 OK
Content-Type: application/json; charset=utf-8
cache-control: no-cache
content-length: 86965

15:23:04.930 [AsyncHttpClient-1-2] DEBUG org.asynchttpclient.netty.channel.ChannelManager - Adding key: http://localhost:58077 for channel [id: 0x349314e4, L:/127.0.0.1:63858 - R:localhost/127.0.0.1:58077]
15:23:05.082 [Forwarding getCurrentUrl on session f38132bec70b685149d600fa9deab73b to remote] DEBUG org.asynchttpclient.netty.request.NettyRequestSender - Using pooled Channel '[id: 0x349314e4, L:/127.0.0.1:63858 - R:localhost/127.0.0.1:58077]' for 'GET' to 'http://localhost:58077/session/f38132bec70b685149d600fa9deab73b/url'
15:23:05.082 [Forwarding getCurrentUrl on session f38132bec70b685149d600fa9deab73b to remote] DEBUG org.asynchttpclient.netty.request.NettyRequestSender - Using open Channel [id: 0x349314e4, L:/127.0.0.1:63858 - R:localhost/127.0.0.1:58077] for GET '/session/f38132bec70b685149d600fa9deab73b/url'
15:23:05.086 [AsyncHttpClient-1-2] DEBUG org.asynchttpclient.netty.handler.HttpHandler - 

Request DefaultFullHttpRequest(decodeResult: success, version: HTTP/1.1, content: EmptyByteBufBE)
GET /session/f38132bec70b685149d600fa9deab73b/url HTTP/1.1
User-Agent: selenium/4.1.2 (java windows)
Cache-Control: no-cache
Content-Type: application/json; charset=utf-8
host: localhost:58077
accept: */*

Response DefaultHttpResponse(decodeResult: success, version: HTTP/1.1)
HTTP/1.1 200 OK
Content-Type: application/json; charset=utf-8
cache-control: no-cache
content-length: 93

15:23:05.086 [AsyncHttpClient-1-2] DEBUG org.asynchttpclient.netty.channel.ChannelManager - Adding key: http://localhost:58077 for channel [id: 0x349314e4, L:/127.0.0.1:63858 - R:localhost/127.0.0.1:58077]
15:23:05.154 [Test worker] ERROR  - 
  _____   ___   ___   _____     ___     _     ___   _      ___   ___  
 |_   _| | __| / __| |_   _|   | __|   /_\   |_ _| | |    | __| |   \ 
   | |   | _|  \__ \   | |     | _|   / _ \   | |  | |__  | _|  | |) |
   |_|   |___| |___/   |_|     |_|   /_/ \_\ |___| |____| |___| |___/ 

Validar la creacion correcta de un sorteo
-----------------------------------------------------------------------
15:23:05.156 [Test worker] DEBUG  - RELATED ISSUES: 
15:23:05.157 [Test worker] ERROR  -     Test failed at step: Usuario clicks on check aplicar a todos los dÃ­as
15:23:05.157 [Test worker] ERROR  -     Expected condition failed: waiting for By.xpath: (//div[@class='ui-chkbox-box ui-widget ui-corner-all ui-state-default'])[1] to be present (tried for 5 second(s) with 100 milliseconds interval)Build info: version: '4.1.2', revision: '9a5a329c5a'System info: host: 'DESKTOP-SECB7O7', ip: '192.168.137.1', os.name: 'Windows 10', os.arch: 'amd64', os.version: '10.0', java.version: '1.8.0_202'Driver info: driver.version: unknown
15:23:05.258 [Driver Command Executor] DEBUG org.asynchttpclient.netty.request.NettyRequestSender - Using pooled Channel '[id: 0x349314e4, L:/127.0.0.1:63858 - R:localhost/127.0.0.1:58077]' for 'DELETE' to 'http://localhost:58077/session/f38132bec70b685149d600fa9deab73b'
15:23:05.258 [Driver Command Executor] DEBUG org.asynchttpclient.netty.request.NettyRequestSender - Using open Channel [id: 0x349314e4, L:/127.0.0.1:63858 - R:localhost/127.0.0.1:58077] for DELETE '/session/f38132bec70b685149d600fa9deab73b'
15:23:05.261 [AsyncHttpClient-1-4] DEBUG org.asynchttpclient.netty.handler.WebSocketHandler - Channel Closed: [id: 0xdf72f29b, L:/127.0.0.1:63869 ! R:localhost/127.0.0.1:63862] with attribute NettyResponseFuture{currentRetry=5,
	isDone=1,
	isCancelled=0,
	asyncHandler=org.asynchttpclient.ws.WebSocketUpgradeHandler@7e22c6dc,
	nettyRequest=org.asynchttpclient.netty.request.NettyRequest@5b35a81b,
	future=java.util.concurrent.CompletableFuture@ecfc519[Completed normally],
	uri=ws://localhost:63862/devtools/browser/cc61bdcd-5a4a-4dbc-92c5-5c7eac1971a4,
	keepAlive=true,
	redirectCount=0,
	timeoutsHolder=null,
	inAuth=0,
	touch=1681417346471}
15:23:05.262 [AsyncHttpClient-1-4] DEBUG org.asynchttpclient.netty.channel.ChannelManager - Closing Channel [id: 0xdf72f29b, L:/127.0.0.1:63869 ! R:localhost/127.0.0.1:63862] 
15:23:05.310 [AsyncHttpClient-1-3] DEBUG org.asynchttpclient.netty.handler.HttpHandler - Unexpected I/O exception on channel [id: 0x73c65fcb, L:/127.0.0.1:63868 - R:localhost/127.0.0.1:63862]
java.io.IOException: Se ha forzado la interrupciÃ³n de una conexiÃ³n existente por el host remoto
	at sun.nio.ch.SocketDispatcher.read0(Native Method)
	at sun.nio.ch.SocketDispatcher.read(SocketDispatcher.java:43)
	at sun.nio.ch.IOUtil.readIntoNativeBuffer(IOUtil.java:223)
	at sun.nio.ch.IOUtil.read(IOUtil.java:192)
	at sun.nio.ch.SocketChannelImpl.read(SocketChannelImpl.java:380)
	at io.netty.buffer.PooledByteBuf.setBytes(PooledByteBuf.java:258)
	at io.netty.buffer.AbstractByteBuf.writeBytes(AbstractByteBuf.java:1132)
	at io.netty.channel.socket.nio.NioSocketChannel.doReadBytes(NioSocketChannel.java:350)
	at io.netty.channel.nio.AbstractNioByteChannel$NioByteUnsafe.read(AbstractNioByteChannel.java:151)
	at io.netty.channel.nio.NioEventLoop.processSelectedKey(NioEventLoop.java:722)
	at io.netty.channel.nio.NioEventLoop.processSelectedKeysOptimized(NioEventLoop.java:658)
	at io.netty.channel.nio.NioEventLoop.processSelectedKeys(NioEventLoop.java:584)
	at io.netty.channel.nio.NioEventLoop.run(NioEventLoop.java:496)
	at io.netty.util.concurrent.SingleThreadEventExecutor$4.run(SingleThreadEventExecutor.java:986)
	at io.netty.util.internal.ThreadExecutorMap$2.run(ThreadExecutorMap.java:74)
	at io.netty.util.concurrent.FastThreadLocalRunnable.run(FastThreadLocalRunnable.java:30)
	at java.lang.Thread.run(Thread.java:748)
15:23:05.311 [AsyncHttpClient-1-3] DEBUG org.asynchttpclient.netty.channel.ChannelManager - Closing Channel [id: 0x73c65fcb, L:/127.0.0.1:63868 - R:localhost/127.0.0.1:63862] 
15:23:05.321 [AsyncHttpClient-1-2] DEBUG org.asynchttpclient.netty.handler.HttpHandler - 

Request DefaultFullHttpRequest(decodeResult: success, version: HTTP/1.1, content: EmptyByteBufBE)
DELETE /session/f38132bec70b685149d600fa9deab73b HTTP/1.1
User-Agent: selenium/4.1.2 (java windows)
Content-Type: application/json; charset=utf-8
host: localhost:58077
accept: */*

Response DefaultHttpResponse(decodeResult: success, version: HTTP/1.1)
HTTP/1.1 200 OK
Content-Type: application/json; charset=utf-8
cache-control: no-cache
content-length: 14

15:23:05.321 [AsyncHttpClient-1-2] DEBUG org.asynchttpclient.netty.channel.ChannelManager - Adding key: http://localhost:58077 for channel [id: 0x349314e4, L:/127.0.0.1:63858 - R:localhost/127.0.0.1:58077]
15:23:05.325 [AsyncHttpClient-1-3] DEBUG org.asynchttpclient.netty.handler.HttpHandler - Channel Closed: [id: 0x73c65fcb, L:/127.0.0.1:63868 ! R:localhost/127.0.0.1:63862] with attribute DISCARD
15:23:05.421 [AsyncHttpClient-1-2] DEBUG org.asynchttpclient.netty.handler.HttpHandler - Channel Closed: [id: 0x349314e4, L:/127.0.0.1:63858 ! R:localhost/127.0.0.1:58077] with attribute DISCARD
15:23:05.972 [Test worker] DEBUG net.thucydides.core.reports.ReportService - Reporting formats: [JSON, HTML]
15:23:06.012 [AsyncHttpClient-1-1] DEBUG org.asynchttpclient.netty.channel.DefaultChannelPool - Entry count for : http://localhost:63862 : 1
15:23:06.012 [AsyncHttpClient-1-1] DEBUG org.asynchttpclient.netty.channel.DefaultChannelPool - Entry count for : http://localhost:58077 : 1
15:23:06.012 [AsyncHttpClient-1-1] DEBUG org.asynchttpclient.netty.channel.DefaultChannelPool - Adding Candidate expired Channel [id: 0x73c65fcb, L:/127.0.0.1:63868 ! R:localhost/127.0.0.1:63862] isIdleTimeoutExpired=false isRemotelyClosed=true isTtlExpired=false
15:23:06.012 [AsyncHttpClient-1-1] DEBUG org.asynchttpclient.netty.channel.DefaultChannelPool - Closing Idle Channel [id: 0x73c65fcb, L:/127.0.0.1:63868 ! R:localhost/127.0.0.1:63862]
15:23:06.012 [AsyncHttpClient-1-1] DEBUG org.asynchttpclient.netty.channel.DefaultChannelPool - Adding Candidate expired Channel [id: 0x349314e4, L:/127.0.0.1:63858 ! R:localhost/127.0.0.1:58077] isIdleTimeoutExpired=false isRemotelyClosed=true isTtlExpired=false
15:23:06.012 [AsyncHttpClient-1-1] DEBUG org.asynchttpclient.netty.channel.DefaultChannelPool - Closing Idle Channel [id: 0x349314e4, L:/127.0.0.1:63858 ! R:localhost/127.0.0.1:58077]
15:23:06.012 [AsyncHttpClient-1-1] DEBUG org.asynchttpclient.netty.channel.DefaultChannelPool - Closed 2 connections out of 2 in 0 ms
15:23:06.152 [Test worker] DEBUG net.thucydides.core.reports.ReportService - Reporting formats: [JSON, HTML]
15:23:06.176 [Test worker] DEBUG net.thucydides.core.reports.ReportService - Generating reports for 1 test outcomes using: net.thucydides.core.reports.json.JSONTestOutcomeReporter@3386ed8
15:23:06.178 [pool-1-thread-1] DEBUG net.thucydides.core.reports.ReportService - Processing test outcome Administracion de sorteos:Validar la creacion correcta de un sorteo
15:23:06.178 [pool-1-thread-1] DEBUG net.thucydides.core.reports.ReportService - net.thucydides.core.reports.json.JSONTestOutcomeReporter@3386ed8: Generating report for test outcome: Administracion de sorteos:Validar la creacion correcta de un sorteo
15:23:06.182 [pool-1-thread-1] DEBUG net.thucydides.core.reports.json.JSONTestOutcomeReporter - Generating JSON report for Validar la creacion correcta de un sorteo to file C:\Users\johan\OneDrive\Documentos\KONEX\Pruebas automatizadas\automatizacion_login_backoffice_1v\target\site\serenity\caf3e313004110f476018879aa0d15d9a347af50dffde77f9edea79176581963.json (using temp file C:\Users\johan\OneDrive\Documentos\KONEX\Pruebas automatizadas\automatizacion_login_backoffice_1v\target\site\serenity\caf3e313004110f476018879aa0d15d9a347af50dffde77f9edea79176581963.json0f9ddca9-4d89-4527-a2ab-28f9c3c00a89)
15:23:06.322 [pool-1-thread-1] DEBUG net.thucydides.core.reports.ReportService - Processing test outcome Administracion de sorteos:Validar la creacion correcta de un sorteo done
15:23:06.322 [Test worker] DEBUG net.thucydides.core.reports.ReportService - Shutting down executor service
15:23:06.322 [Test worker] DEBUG net.thucydides.core.reports.ReportService - Reports generated in: 146 ms
15:23:06.322 [Test worker] DEBUG net.thucydides.core.reports.ReportService - Generating reports for 1 test outcomes using: net.thucydides.core.reports.html.HtmlAcceptanceTestReporter@6fd9dbe6
15:23:06.323 [pool-2-thread-1] DEBUG net.thucydides.core.reports.ReportService - Processing test outcome Administracion de sorteos:Validar la creacion correcta de un sorteo
15:23:06.324 [pool-2-thread-1] DEBUG net.thucydides.core.reports.ReportService - net.thucydides.core.reports.html.HtmlAcceptanceTestReporter@6fd9dbe6: Generating report for test outcome: Administracion de sorteos:Validar la creacion correcta de un sorteo
15:23:11.035 [pool-2-thread-1] DEBUG net.thucydides.core.reports.ReportService - Processing test outcome Administracion de sorteos:Validar la creacion correcta de un sorteo done
15:23:11.035 [Test worker] DEBUG net.thucydides.core.reports.ReportService - Shutting down executor service
15:23:11.035 [Test worker] DEBUG net.thucydides.core.reports.ReportService - Reports generated in: 4713 ms
15:23:11.327 [Test worker] DEBUG net.serenitybdd.core.photography.Darkroom - Closing darkroom
15:23:11.327 [Darkroom Processing Line] DEBUG net.serenitybdd.core.photography.DarkroomProcessingLine - Darkroom processing line shutting down
15:23:11.330 [Test worker] DEBUG net.serenitybdd.core.photography.Darkroom - Closing darkroom
]]></system-out>
  <system-err><![CDATA[Starting ChromeDriver 112.0.5615.49 (bd2a7bcb881c11e8cfe3078709382934e3916914-refs/branch-heads/5615@{#936}) on port 58077
Only local connections are allowed.
Please see https://chromedriver.chromium.org/security-considerations for suggestions on keeping ChromeDriver safe.
ChromeDriver was started successfully.
abr 13, 2023 3:22:26 PM org.openqa.selenium.remote.ProtocolHandshake createSession
INFORMACIÃ“N: Detected dialect: W3C
abr 13, 2023 3:22:26 PM org.openqa.selenium.devtools.CdpVersionFinder findNearestMatch
ADVERTENCIA: Unable to find an exact match for CDP version 112, so returning the closest version found: a no-op implementation
abr 13, 2023 3:22:26 PM org.openqa.selenium.devtools.CdpVersionFinder findNearestMatch
INFORMACIÃ“N: Unable to find CDP implementation matching 112.
abr 13, 2023 3:22:26 PM org.openqa.selenium.chromium.ChromiumDriver lambda$new$3
ADVERTENCIA: Unable to find version of CDP to use for . You may need to include a dependency on a specific version of the CDP using something similar to `org.seleniumhq.selenium:selenium-devtools-v86:4.1.2` where the version ("v86") matches the version of the chromium-based browser you're using and the version number of the artifact is the same as Selenium's.
]]></system-err>
</testsuite>
