<?xml version="1.0" encoding="UTF-8"?>
<testsuite name="co.com.konex.certification.login.backoffice.runners.RunnerTags" tests="1" skipped="0" failures="0" errors="0" timestamp="2023-04-13T22:28:37" hostname="DESKTOP-SECB7O7" time="25.559">
  <properties/>
  <testcase name="Creacion de loteria" classname="co.com.konex.certification.login.backoffice.runners.RunnerTags" time="25.559"/>
  <system-out><![CDATA[17:28:37.534 [Test worker] INFO io.cucumber.core.plugin.SerenityReporter - Running feature from file:///C:/Users/johan/OneDrive/Documentos/KONEX/Pruebas%20automatizadas/automatizacion_login_backoffice_1v/src/test/resources/features/admin_loteria.feature
17:28:37.725 [Test worker] INFO  - 

-------------------------------------------------------------------------------------
     _______. _______ .______       _______ .__   __.  __  .___________.____    ____ 
    /       ||   ____||   _  \     |   ____||  \ |  | |  | |           |\   \  /   / 
   |   (----`|  |__   |  |_)  |    |  |__   |   \|  | |  | `---|  |----` \   \/   /  
    \   \    |   __|  |      /     |   __|  |  . `  | |  |     |  |       \_    _/   
.----)   |   |  |____ |  |\  \----.|  |____ |  |\   | |  |     |  |         |  |     
|_______/    |_______|| _| `._____||_______||__| \__| |__|     |__|         |__|    
                                                                                     
 News and tutorials at http://www.serenity-bdd.info                                  
 Documentation at https://wakaleo.gitbooks.io/the-serenity-book/content/             
 Join the Serenity Community on Gitter: https://gitter.im/serenity-bdd/serenity-core 
 Serenity BDD Support and Training at http://serenity-bdd.info/#/trainingandsupport  
-------------------------------------------------------------------------------------

17:28:37.734 [Test worker] DEBUG net.thucydides.core.steps.StepEventBus - Test suite started for story net.thucydides.core.model.Story@50301be3
17:28:37.743 [Test worker] INFO  - Test Suite Started: Administracion de loterias
17:28:37.801 [Test worker] INFO io.cucumber.core.plugin.SerenityReporter - Running feature from file:///C:/Users/johan/OneDrive/Documentos/KONEX/Pruebas%20automatizadas/automatizacion_login_backoffice_1v/src/test/resources/features/admin_loteria.feature
17:28:37.810 [Test worker] DEBUG net.thucydides.core.steps.StepEventBus - Test suite started for story net.thucydides.core.model.Story@50301be3
17:28:37.812 [Test worker] INFO  - Test Suite Started: Administracion de loterias
17:28:38.029 [Test worker] INFO io.cucumber.core.plugin.SerenityReporter - Running feature from file:///C:/Users/johan/OneDrive/Documentos/KONEX/Pruebas%20automatizadas/automatizacion_login_backoffice_1v/src/test/resources/features/admin_loteria.feature
17:28:38.081 [Test worker] INFO  - 
  _____   ___   ___   _____     ___   _____     _     ___   _____   ___   ___  
 |_   _| | __| / __| |_   _|   / __| |_   _|   /_\   | _ \ |_   _| | __| |   \ 
   | |   | _|  \__ \   | |     \__ \   | |    / _ \  |   /   | |   | _|  | |) |
   |_|   |___| |___/   |_|     |___/   |_|   /_/ \_\ |_|_\   |_|   |___| |___/ 

Creacion de loteria(administracion-de-loterias;creacion-de-loteria)
--------------------------------------------------------------------------------
17:28:39.100 [Test worker] DEBUG net.thucydides.core.steps.StepInterceptor - STARTING STEP: AdminSorteoStepdefinitions.queElAdministradorSeEncuentreEnElBackoffice - performAs
17:28:39.142 [Test worker] DEBUG net.thucydides.core.steps.StepInterceptor - STARTING STEP: Abrir.performAs - {0} opens the #targetPage
17:28:39.259 [Test worker] INFO net.serenitybdd.core.webdriver.driverproviders.ChromeDriverProvider - Using automatically driver download
17:28:40.658 [Test worker] DEBUG io.github.bonigarcia.wdm.cache.ResolutionCache - Resolution chrome=112 in cache (valid until 18:18:29 13/04/2023 COT)
17:28:40.659 [Test worker] DEBUG io.github.bonigarcia.wdm.cache.ResolutionCache - Resolution chrome112=112.0.5615.49 in cache (valid until 14:07:42 14/04/2023 COT)
17:28:40.660 [Test worker] INFO io.github.bonigarcia.wdm.WebDriverManager - Using chromedriver 112.0.5615.49 (resolved driver for Chrome 112)
17:28:40.665 [Test worker] DEBUG io.github.bonigarcia.wdm.WebDriverManager - Driver chromedriver 112.0.5615.49 found in cache
17:28:40.665 [Test worker] INFO io.github.bonigarcia.wdm.WebDriverManager - Exporting webdriver.chrome.driver as C:\Users\johan\.cache\selenium\chromedriver\win32\112.0.5615.49\chromedriver.exe
17:28:40.796 [Test worker] DEBUG net.thucydides.core.reflection.ClassFinder - Could not load class .co.com.konex.certification.login.backoffice.runners.RunnerTags
17:28:40.796 [Test worker] DEBUG net.thucydides.core.reflection.ClassFinder - Could not load class .co.com.konex.certification.login.backoffice.stepdefinitions.AdminLoteriaStepdefinitions
17:28:40.797 [Test worker] DEBUG net.thucydides.core.reflection.ClassFinder - Could not load class .co.com.konex.certification.login.backoffice.stepdefinitions.AdminSorteoStepdefinitions
17:28:40.797 [Test worker] DEBUG net.thucydides.core.reflection.ClassFinder - Could not load class .co.com.konex.certification.login.backoffice.stepdefinitions.MyStepdefinitions
17:28:40.797 [Test worker] DEBUG net.thucydides.core.reflection.ClassFinder - Could not load class .co.com.konex.cetificacion.login.backoffice.Main
17:28:40.797 [Test worker] DEBUG net.thucydides.core.reflection.ClassFinder - Could not load class .co.com.konex.cetificacion.login.backoffice.model.TablaCrearSorteo
17:28:40.797 [Test worker] DEBUG net.thucydides.core.reflection.ClassFinder - Could not load class .co.com.konex.cetificacion.login.backoffice.model.TablaLoterias
17:28:40.797 [Test worker] DEBUG net.thucydides.core.reflection.ClassFinder - Could not load class .co.com.konex.cetificacion.login.backoffice.model.TablaUsuarios
17:28:40.797 [Test worker] DEBUG net.thucydides.core.reflection.ClassFinder - Could not load class .co.com.konex.cetificacion.login.backoffice.questions.Validar
17:28:40.798 [Test worker] DEBUG net.thucydides.core.reflection.ClassFinder - Could not load class .co.com.konex.cetificacion.login.backoffice.questions.Verificar
17:28:40.798 [Test worker] DEBUG net.thucydides.core.reflection.ClassFinder - Could not load class .co.com.konex.cetificacion.login.backoffice.tasks.Abrir
17:28:40.798 [Test worker] DEBUG net.thucydides.core.reflection.ClassFinder - Could not load class .co.com.konex.cetificacion.login.backoffice.tasks.Clickear
17:28:40.798 [Test worker] DEBUG net.thucydides.core.reflection.ClassFinder - Could not load class .co.com.konex.cetificacion.login.backoffice.tasks.Crear
17:28:40.798 [Test worker] DEBUG net.thucydides.core.reflection.ClassFinder - Could not load class .co.com.konex.cetificacion.login.backoffice.tasks.Digitar
17:28:40.798 [Test worker] DEBUG net.thucydides.core.reflection.ClassFinder - Could not load class .co.com.konex.cetificacion.login.backoffice.tasks.Ingresar
17:28:40.799 [Test worker] DEBUG net.thucydides.core.reflection.ClassFinder - Could not load class .co.com.konex.cetificacion.login.backoffice.tasks.Llenar
17:28:40.799 [Test worker] DEBUG net.thucydides.core.reflection.ClassFinder - Could not load class .co.com.konex.cetificacion.login.backoffice.tasks.Presionar
17:28:40.799 [Test worker] DEBUG net.thucydides.core.reflection.ClassFinder - Could not load class .co.com.konex.cetificacion.login.backoffice.userinterfaces.ContenedorDeObjetosLogin
17:28:40.799 [Test worker] DEBUG net.thucydides.core.reflection.ClassFinder - Could not load class .co.com.konex.cetificacion.login.backoffice.userinterfaces.ContenedordeObjetosLoteria
17:28:40.799 [Test worker] DEBUG net.thucydides.core.reflection.ClassFinder - Could not load class .co.com.konex.cetificacion.login.backoffice.userinterfaces.ContenedordeObjetosSorteo
17:28:40.799 [Test worker] DEBUG net.thucydides.core.reflection.ClassFinder - Could not load class .co.com.konex.cetificacion.login.backoffice.userinterfaces.PaginaBackoffice
17:28:40.897 [Test worker] DEBUG net.serenitybdd.core.webdriver.driverproviders.ProvideNewDriver - Instantiating driver
17:28:40.897 [Test worker] DEBUG net.serenitybdd.core.webdriver.driverproviders.ProvideNewDriver - Driver capabilities: Capabilities {acceptInsecureCerts: false, autodownload: true, browserName: chrome, chrome.silentOutput: true, driver: chrome, goog:chromeOptions: {args: [--start-maximized --disable...], extensions: []}}
17:28:40.981 [Test worker] DEBUG io.netty.util.internal.logging.InternalLoggerFactory - Using SLF4J as the default logging framework
17:28:40.986 [Test worker] DEBUG io.netty.util.ResourceLeakDetector - -Dio.netty.leakDetection.level: simple
17:28:40.986 [Test worker] DEBUG io.netty.util.ResourceLeakDetector - -Dio.netty.leakDetection.targetRecords: 4
17:28:40.991 [Test worker] DEBUG io.netty.util.ResourceLeakDetectorFactory - Loaded default ResourceLeakDetector: io.netty.util.ResourceLeakDetector@7f13811b
17:28:41.020 [Test worker] DEBUG io.netty.util.internal.PlatformDependent0 - -Dio.netty.noUnsafe: false
17:28:41.021 [Test worker] DEBUG io.netty.util.internal.PlatformDependent0 - Java version: 8
17:28:41.022 [Test worker] DEBUG io.netty.util.internal.PlatformDependent0 - sun.misc.Unsafe.theUnsafe: available
17:28:41.023 [Test worker] DEBUG io.netty.util.internal.PlatformDependent0 - sun.misc.Unsafe.copyMemory: available
17:28:41.024 [Test worker] DEBUG io.netty.util.internal.PlatformDependent0 - java.nio.Buffer.address: available
17:28:41.024 [Test worker] DEBUG io.netty.util.internal.PlatformDependent0 - direct buffer constructor: available
17:28:41.026 [Test worker] DEBUG io.netty.util.internal.PlatformDependent0 - java.nio.Bits.unaligned: available, true
17:28:41.026 [Test worker] DEBUG io.netty.util.internal.PlatformDependent0 - jdk.internal.misc.Unsafe.allocateUninitializedArray(int): unavailable prior to Java9
17:28:41.026 [Test worker] DEBUG io.netty.util.internal.PlatformDependent0 - java.nio.DirectByteBuffer.<init>(long, int): available
17:28:41.026 [Test worker] DEBUG io.netty.util.internal.PlatformDependent - sun.misc.Unsafe: available
17:28:41.027 [Test worker] DEBUG io.netty.util.internal.PlatformDependent - -Dio.netty.tmpdir: C:\Users\johan\AppData\Local\Temp (java.io.tmpdir)
17:28:41.027 [Test worker] DEBUG io.netty.util.internal.PlatformDependent - -Dio.netty.bitMode: 64 (sun.arch.data.model)
17:28:41.027 [Test worker] DEBUG io.netty.util.internal.PlatformDependent - Platform: Windows
17:28:41.029 [Test worker] DEBUG io.netty.util.internal.PlatformDependent - -Dio.netty.maxDirectMemory: 477626368 bytes
17:28:41.029 [Test worker] DEBUG io.netty.util.internal.PlatformDependent - -Dio.netty.uninitializedArrayAllocationThreshold: -1
17:28:41.030 [Test worker] DEBUG io.netty.util.internal.CleanerJava6 - java.nio.ByteBuffer.cleaner(): available
17:28:41.030 [Test worker] DEBUG io.netty.util.internal.PlatformDependent - -Dio.netty.noPreferDirect: false
17:28:41.044 [Test worker] DEBUG io.netty.util.internal.PlatformDependent - org.jctools-core.MpscChunkedArrayQueue: available
17:28:41.072 [Test worker] DEBUG io.netty.util.internal.InternalThreadLocalMap - -Dio.netty.threadLocalMap.stringBuilder.initialSize: 1024
17:28:41.072 [Test worker] DEBUG io.netty.util.internal.InternalThreadLocalMap - -Dio.netty.threadLocalMap.stringBuilder.maxSize: 4096
17:28:41.107 [Test worker] DEBUG io.netty.handler.ssl.JdkSslContext - Default protocols (JDK): [TLSv1.2, TLSv1.1, TLSv1] 
17:28:41.107 [Test worker] DEBUG io.netty.handler.ssl.JdkSslContext - Default cipher suites (JDK): [TLS_ECDHE_ECDSA_WITH_AES_256_GCM_SHA384, TLS_ECDHE_ECDSA_WITH_AES_128_GCM_SHA256, TLS_ECDHE_RSA_WITH_AES_128_GCM_SHA256, TLS_ECDHE_RSA_WITH_AES_256_GCM_SHA384, TLS_ECDHE_RSA_WITH_AES_128_CBC_SHA, TLS_ECDHE_RSA_WITH_AES_256_CBC_SHA, TLS_RSA_WITH_AES_128_GCM_SHA256, TLS_RSA_WITH_AES_128_CBC_SHA, TLS_RSA_WITH_AES_256_CBC_SHA]
17:28:41.144 [Test worker] DEBUG io.netty.channel.MultithreadEventLoopGroup - -Dio.netty.eventLoopThreads: 16
17:28:41.154 [Test worker] DEBUG io.netty.channel.nio.NioEventLoop - -Dio.netty.noKeySetOptimization: false
17:28:41.154 [Test worker] DEBUG io.netty.channel.nio.NioEventLoop - -Dio.netty.selectorAutoRebuildThreshold: 512
17:28:41.211 [Test worker] DEBUG io.netty.buffer.PooledByteBufAllocator - -Dio.netty.allocator.numHeapArenas: 1
17:28:41.211 [Test worker] DEBUG io.netty.buffer.PooledByteBufAllocator - -Dio.netty.allocator.numDirectArenas: 1
17:28:41.212 [Test worker] DEBUG io.netty.buffer.PooledByteBufAllocator - -Dio.netty.allocator.pageSize: 8192
17:28:41.212 [Test worker] DEBUG io.netty.buffer.PooledByteBufAllocator - -Dio.netty.allocator.maxOrder: 11
17:28:41.212 [Test worker] DEBUG io.netty.buffer.PooledByteBufAllocator - -Dio.netty.allocator.chunkSize: 16777216
17:28:41.212 [Test worker] DEBUG io.netty.buffer.PooledByteBufAllocator - -Dio.netty.allocator.smallCacheSize: 256
17:28:41.212 [Test worker] DEBUG io.netty.buffer.PooledByteBufAllocator - -Dio.netty.allocator.normalCacheSize: 64
17:28:41.212 [Test worker] DEBUG io.netty.buffer.PooledByteBufAllocator - -Dio.netty.allocator.maxCachedBufferCapacity: 32768
17:28:41.212 [Test worker] DEBUG io.netty.buffer.PooledByteBufAllocator - -Dio.netty.allocator.cacheTrimInterval: 8192
17:28:41.213 [Test worker] DEBUG io.netty.buffer.PooledByteBufAllocator - -Dio.netty.allocator.cacheTrimIntervalMillis: 600000
17:28:41.213 [Test worker] DEBUG io.netty.buffer.PooledByteBufAllocator - -Dio.netty.allocator.useCacheForAllThreads: false
17:28:41.213 [Test worker] DEBUG io.netty.buffer.PooledByteBufAllocator - -Dio.netty.allocator.maxCachedByteBuffersPerChunk: 1023
17:28:41.231 [Test worker] DEBUG io.netty.buffer.ByteBufUtil - -Dio.netty.allocator.type: pooled
17:28:41.231 [Test worker] DEBUG io.netty.buffer.ByteBufUtil - -Dio.netty.threadLocalDirectBufferSize: 0
17:28:41.231 [Test worker] DEBUG io.netty.buffer.ByteBufUtil - -Dio.netty.maxThreadLocalCharBufferSize: 16384
17:28:42.124 [Forwarding newSession on session null to remote] DEBUG io.netty.channel.DefaultChannelId - -Dio.netty.processId: 25222 (user-set)
17:28:42.124 [Forwarding newSession on session null to remote] DEBUG io.netty.channel.DefaultChannelId - -Dio.netty.machineId: 28:f0:76:ff:fe:16:65:0e (user-set)
17:28:42.205 [AsyncHttpClient-1-2] DEBUG io.netty.buffer.AbstractByteBuf - -Dio.netty.buffer.checkAccessible: true
17:28:42.205 [AsyncHttpClient-1-2] DEBUG io.netty.buffer.AbstractByteBuf - -Dio.netty.buffer.checkBounds: true
17:28:42.205 [AsyncHttpClient-1-2] DEBUG io.netty.util.ResourceLeakDetectorFactory - Loaded default ResourceLeakDetector: io.netty.util.ResourceLeakDetector@36afa72b
17:28:42.240 [AsyncHttpClient-1-2] DEBUG org.asynchttpclient.netty.channel.NettyConnectListener - Using new Channel '[id: 0xf116e471, L:/127.0.0.1:54713 - R:localhost/127.0.0.1:63297]' for 'POST' to '/session'
17:28:42.262 [AsyncHttpClient-1-2] DEBUG io.netty.util.Recycler - -Dio.netty.recycler.maxCapacityPerThread: 4096
17:28:42.263 [AsyncHttpClient-1-2] DEBUG io.netty.util.Recycler - -Dio.netty.recycler.ratio: 8
17:28:42.263 [AsyncHttpClient-1-2] DEBUG io.netty.util.Recycler - -Dio.netty.recycler.chunkSize: 32
17:28:42.263 [AsyncHttpClient-1-2] DEBUG io.netty.util.Recycler - -Dio.netty.recycler.blocking: false
17:28:43.306 [AsyncHttpClient-1-2] DEBUG io.netty.handler.codec.compression.Brotli - brotli4j not in the classpath; Brotli support will be unavailable.
17:28:43.306 [AsyncHttpClient-1-2] DEBUG org.asynchttpclient.netty.handler.HttpHandler - 

Request DefaultHttpRequest(decodeResult: success, version: HTTP/1.1)
POST /session HTTP/1.1
User-Agent: selenium/4.1.2 (java windows)
Content-Length: 776
Content-Type: application/json; charset=utf-8
host: localhost:63297
accept: */*

Response DefaultHttpResponse(decodeResult: success, version: HTTP/1.1)
HTTP/1.1 200 OK
Content-Type: application/json; charset=utf-8
cache-control: no-cache
content-length: 858

17:28:43.343 [AsyncHttpClient-1-2] DEBUG org.asynchttpclient.netty.channel.ChannelManager - Adding key: http://localhost:63297 for channel [id: 0xf116e471, L:/127.0.0.1:54713 - R:localhost/127.0.0.1:63297]
17:28:43.542 [AsyncHttpClient-1-3] DEBUG org.asynchttpclient.netty.channel.NettyConnectListener - Using new Channel '[id: 0x0d07f3cb, L:/127.0.0.1:54722 - R:localhost/127.0.0.1:54715]' for 'GET' to '/json/version'
17:28:43.548 [AsyncHttpClient-1-3] DEBUG org.asynchttpclient.netty.handler.HttpHandler - 

Request DefaultFullHttpRequest(decodeResult: success, version: HTTP/1.1, content: EmptyByteBufBE)
GET /json/version HTTP/1.1
User-Agent: selenium/4.1.2 (java windows)
host: localhost:54715
accept: */*

Response DefaultHttpResponse(decodeResult: success, version: HTTP/1.1)
HTTP/1.1 200 OK
Content-Security-Policy: frame-ancestors 'none'
Content-Type: application/json; charset=UTF-8
content-length: 422

17:28:43.549 [AsyncHttpClient-1-3] DEBUG org.asynchttpclient.netty.channel.ChannelManager - Adding key: http://localhost:54715 for channel [id: 0x0d07f3cb, L:/127.0.0.1:54722 - R:localhost/127.0.0.1:54715]
17:28:43.575 [Test worker] DEBUG io.netty.util.internal.ThreadLocalRandom - -Dio.netty.initialSeedUniquifier: 0x3f12363b4f3c0b73
17:28:43.587 [AsyncHttpClient-1-4] DEBUG org.asynchttpclient.netty.channel.NettyConnectListener - Using new Channel '[id: 0xee062921, L:/127.0.0.1:54723 - R:localhost/127.0.0.1:54715]' for 'GET' to '/devtools/browser/451e7f30-d848-48a0-bf44-2fd73cf50dff'
17:28:43.591 [AsyncHttpClient-1-4] DEBUG org.asynchttpclient.netty.handler.WebSocketHandler - 

Request DefaultFullHttpRequest(decodeResult: success, version: HTTP/1.1, content: EmptyByteBufBE)
GET /devtools/browser/451e7f30-d848-48a0-bf44-2fd73cf50dff HTTP/1.1
upgrade: websocket
connection: upgrade
sec-websocket-key: OENaSu+3Aia05XnWfy/oKg==
sec-websocket-version: 13
origin: http://localhost:54715
host: localhost:54715
accept: */*
user-agent: AHC/2.1

Response DefaultHttpResponse(decodeResult: success, version: HTTP/1.1)
HTTP/1.1 101 WebSocket Protocol Handshake
Upgrade: WebSocket
Connection: Upgrade
Sec-WebSocket-Accept: ThmeWdkMdsQekt8/44izymKtycA=

17:28:44.122 [Test worker] DEBUG net.thucydides.core.reflection.ClassFinder - Could not load class .co.com.konex.certification.login.backoffice.runners.RunnerTags
17:28:44.123 [Test worker] DEBUG net.thucydides.core.reflection.ClassFinder - Could not load class .co.com.konex.certification.login.backoffice.stepdefinitions.AdminLoteriaStepdefinitions
17:28:44.123 [Test worker] DEBUG net.thucydides.core.reflection.ClassFinder - Could not load class .co.com.konex.certification.login.backoffice.stepdefinitions.AdminSorteoStepdefinitions
17:28:44.123 [Test worker] DEBUG net.thucydides.core.reflection.ClassFinder - Could not load class .co.com.konex.certification.login.backoffice.stepdefinitions.MyStepdefinitions
17:28:44.124 [Test worker] DEBUG net.thucydides.core.reflection.ClassFinder - Could not load class .co.com.konex.cetificacion.login.backoffice.Main
17:28:44.124 [Test worker] DEBUG net.thucydides.core.reflection.ClassFinder - Could not load class .co.com.konex.cetificacion.login.backoffice.model.TablaCrearSorteo
17:28:44.124 [Test worker] DEBUG net.thucydides.core.reflection.ClassFinder - Could not load class .co.com.konex.cetificacion.login.backoffice.model.TablaLoterias
17:28:44.125 [Test worker] DEBUG net.thucydides.core.reflection.ClassFinder - Could not load class .co.com.konex.cetificacion.login.backoffice.model.TablaUsuarios
17:28:44.125 [Test worker] DEBUG net.thucydides.core.reflection.ClassFinder - Could not load class .co.com.konex.cetificacion.login.backoffice.questions.Validar
17:28:44.125 [Test worker] DEBUG net.thucydides.core.reflection.ClassFinder - Could not load class .co.com.konex.cetificacion.login.backoffice.questions.Verificar
17:28:44.126 [Test worker] DEBUG net.thucydides.core.reflection.ClassFinder - Could not load class .co.com.konex.cetificacion.login.backoffice.tasks.Abrir
17:28:44.126 [Test worker] DEBUG net.thucydides.core.reflection.ClassFinder - Could not load class .co.com.konex.cetificacion.login.backoffice.tasks.Clickear
17:28:44.126 [Test worker] DEBUG net.thucydides.core.reflection.ClassFinder - Could not load class .co.com.konex.cetificacion.login.backoffice.tasks.Crear
17:28:44.126 [Test worker] DEBUG net.thucydides.core.reflection.ClassFinder - Could not load class .co.com.konex.cetificacion.login.backoffice.tasks.Digitar
17:28:44.127 [Test worker] DEBUG net.thucydides.core.reflection.ClassFinder - Could not load class .co.com.konex.cetificacion.login.backoffice.tasks.Ingresar
17:28:44.127 [Test worker] DEBUG net.thucydides.core.reflection.ClassFinder - Could not load class .co.com.konex.cetificacion.login.backoffice.tasks.Llenar
17:28:44.127 [Test worker] DEBUG net.thucydides.core.reflection.ClassFinder - Could not load class .co.com.konex.cetificacion.login.backoffice.tasks.Presionar
17:28:44.128 [Test worker] DEBUG net.thucydides.core.reflection.ClassFinder - Could not load class .co.com.konex.cetificacion.login.backoffice.userinterfaces.ContenedorDeObjetosLogin
17:28:44.129 [Test worker] DEBUG net.thucydides.core.reflection.ClassFinder - Could not load class .co.com.konex.cetificacion.login.backoffice.userinterfaces.ContenedordeObjetosLoteria
17:28:44.129 [Test worker] DEBUG net.thucydides.core.reflection.ClassFinder - Could not load class .co.com.konex.cetificacion.login.backoffice.userinterfaces.ContenedordeObjetosSorteo
17:28:44.129 [Test worker] DEBUG net.thucydides.core.reflection.ClassFinder - Could not load class .co.com.konex.cetificacion.login.backoffice.userinterfaces.PaginaBackoffice
17:28:44.147 [Forwarding get on session 0718abf509a8e91bc340b146db6ec50c to remote] DEBUG org.asynchttpclient.netty.request.NettyRequestSender - Using pooled Channel '[id: 0xf116e471, L:/127.0.0.1:54713 - R:localhost/127.0.0.1:63297]' for 'POST' to 'http://localhost:63297/session/0718abf509a8e91bc340b146db6ec50c/url'
17:28:44.147 [Forwarding get on session 0718abf509a8e91bc340b146db6ec50c to remote] DEBUG org.asynchttpclient.netty.request.NettyRequestSender - Using open Channel [id: 0xf116e471, L:/127.0.0.1:54713 - R:localhost/127.0.0.1:63297] for POST '/session/0718abf509a8e91bc340b146db6ec50c/url'
17:28:44.351 [AsyncHttpClient-1-1] DEBUG org.asynchttpclient.netty.channel.DefaultChannelPool - Entry count for : http://localhost:54715 : 1
17:28:45.453 [AsyncHttpClient-1-1] DEBUG org.asynchttpclient.netty.channel.DefaultChannelPool - Entry count for : http://localhost:54715 : 1
17:28:45.967 [AsyncHttpClient-1-2] DEBUG org.asynchttpclient.netty.handler.HttpHandler - 

Request DefaultHttpRequest(decodeResult: success, version: HTTP/1.1)
POST /session/0718abf509a8e91bc340b146db6ec50c/url HTTP/1.1
User-Agent: selenium/4.1.2 (java windows)
Content-Length: 80
Content-Type: application/json; charset=utf-8
host: localhost:63297
accept: */*

Response DefaultHttpResponse(decodeResult: success, version: HTTP/1.1)
HTTP/1.1 200 OK
Content-Type: application/json; charset=utf-8
cache-control: no-cache
content-length: 14

17:28:45.968 [AsyncHttpClient-1-2] DEBUG org.asynchttpclient.netty.channel.ChannelManager - Adding key: http://localhost:63297 for channel [id: 0xf116e471, L:/127.0.0.1:54713 - R:localhost/127.0.0.1:63297]
17:28:45.974 [Forwarding setTimeout on session 0718abf509a8e91bc340b146db6ec50c to remote] DEBUG org.asynchttpclient.netty.request.NettyRequestSender - Using pooled Channel '[id: 0xf116e471, L:/127.0.0.1:54713 - R:localhost/127.0.0.1:63297]' for 'POST' to 'http://localhost:63297/session/0718abf509a8e91bc340b146db6ec50c/timeouts'
17:28:45.974 [Forwarding setTimeout on session 0718abf509a8e91bc340b146db6ec50c to remote] DEBUG org.asynchttpclient.netty.request.NettyRequestSender - Using open Channel [id: 0xf116e471, L:/127.0.0.1:54713 - R:localhost/127.0.0.1:63297] for POST '/session/0718abf509a8e91bc340b146db6ec50c/timeouts'
17:28:45.976 [AsyncHttpClient-1-2] DEBUG org.asynchttpclient.netty.handler.HttpHandler - 

Request DefaultHttpRequest(decodeResult: success, version: HTTP/1.1)
POST /session/0718abf509a8e91bc340b146db6ec50c/timeouts HTTP/1.1
User-Agent: selenium/4.1.2 (java windows)
Content-Length: 22
Content-Type: application/json; charset=utf-8
host: localhost:63297
accept: */*

Response DefaultHttpResponse(decodeResult: success, version: HTTP/1.1)
HTTP/1.1 200 OK
Content-Type: application/json; charset=utf-8
cache-control: no-cache
content-length: 14

17:28:45.976 [AsyncHttpClient-1-2] DEBUG org.asynchttpclient.netty.channel.ChannelManager - Adding key: http://localhost:63297 for channel [id: 0xf116e471, L:/127.0.0.1:54713 - R:localhost/127.0.0.1:63297]
17:28:46.001 [Forwarding getCurrentUrl on session 0718abf509a8e91bc340b146db6ec50c to remote] DEBUG org.asynchttpclient.netty.request.NettyRequestSender - Using pooled Channel '[id: 0xf116e471, L:/127.0.0.1:54713 - R:localhost/127.0.0.1:63297]' for 'GET' to 'http://localhost:63297/session/0718abf509a8e91bc340b146db6ec50c/url'
17:28:46.001 [Forwarding getCurrentUrl on session 0718abf509a8e91bc340b146db6ec50c to remote] DEBUG org.asynchttpclient.netty.request.NettyRequestSender - Using open Channel [id: 0xf116e471, L:/127.0.0.1:54713 - R:localhost/127.0.0.1:63297] for GET '/session/0718abf509a8e91bc340b146db6ec50c/url'
17:28:46.007 [AsyncHttpClient-1-2] DEBUG org.asynchttpclient.netty.handler.HttpHandler - 

Request DefaultFullHttpRequest(decodeResult: success, version: HTTP/1.1, content: EmptyByteBufBE)
GET /session/0718abf509a8e91bc340b146db6ec50c/url HTTP/1.1
User-Agent: selenium/4.1.2 (java windows)
Cache-Control: no-cache
Content-Type: application/json; charset=utf-8
host: localhost:63297
accept: */*

Response DefaultHttpResponse(decodeResult: success, version: HTTP/1.1)
HTTP/1.1 200 OK
Content-Type: application/json; charset=utf-8
cache-control: no-cache
content-length: 57

17:28:46.007 [AsyncHttpClient-1-2] DEBUG org.asynchttpclient.netty.channel.ChannelManager - Adding key: http://localhost:63297 for channel [id: 0xf116e471, L:/127.0.0.1:54713 - R:localhost/127.0.0.1:63297]
17:28:46.028 [Forwarding getCurrentUrl on session 0718abf509a8e91bc340b146db6ec50c to remote] DEBUG org.asynchttpclient.netty.request.NettyRequestSender - Using pooled Channel '[id: 0xf116e471, L:/127.0.0.1:54713 - R:localhost/127.0.0.1:63297]' for 'GET' to 'http://localhost:63297/session/0718abf509a8e91bc340b146db6ec50c/url'
17:28:46.028 [Forwarding getCurrentUrl on session 0718abf509a8e91bc340b146db6ec50c to remote] DEBUG org.asynchttpclient.netty.request.NettyRequestSender - Using open Channel [id: 0xf116e471, L:/127.0.0.1:54713 - R:localhost/127.0.0.1:63297] for GET '/session/0718abf509a8e91bc340b146db6ec50c/url'
17:28:46.033 [AsyncHttpClient-1-2] DEBUG org.asynchttpclient.netty.handler.HttpHandler - 

Request DefaultFullHttpRequest(decodeResult: success, version: HTTP/1.1, content: EmptyByteBufBE)
GET /session/0718abf509a8e91bc340b146db6ec50c/url HTTP/1.1
User-Agent: selenium/4.1.2 (java windows)
Cache-Control: no-cache
Content-Type: application/json; charset=utf-8
host: localhost:63297
accept: */*

Response DefaultHttpResponse(decodeResult: success, version: HTTP/1.1)
HTTP/1.1 200 OK
Content-Type: application/json; charset=utf-8
cache-control: no-cache
content-length: 57

17:28:46.034 [AsyncHttpClient-1-2] DEBUG org.asynchttpclient.netty.channel.ChannelManager - Adding key: http://localhost:63297 for channel [id: 0xf116e471, L:/127.0.0.1:54713 - R:localhost/127.0.0.1:63297]
17:28:46.061 [Test worker] DEBUG net.serenitybdd.core.photography.Darkroom - Opening darkroom
17:28:46.062 [Darkroom Processing Line] DEBUG net.serenitybdd.core.photography.DarkroomProcessingLine - Darkroom processing line starting up
17:28:46.064 [Forwarding screenshot on session 0718abf509a8e91bc340b146db6ec50c to remote] DEBUG org.asynchttpclient.netty.request.NettyRequestSender - Using pooled Channel '[id: 0xf116e471, L:/127.0.0.1:54713 - R:localhost/127.0.0.1:63297]' for 'GET' to 'http://localhost:63297/session/0718abf509a8e91bc340b146db6ec50c/screenshot'
17:28:46.064 [Forwarding screenshot on session 0718abf509a8e91bc340b146db6ec50c to remote] DEBUG org.asynchttpclient.netty.request.NettyRequestSender - Using open Channel [id: 0xf116e471, L:/127.0.0.1:54713 - R:localhost/127.0.0.1:63297] for GET '/session/0718abf509a8e91bc340b146db6ec50c/screenshot'
17:28:46.254 [AsyncHttpClient-1-2] DEBUG org.asynchttpclient.netty.handler.HttpHandler - 

Request DefaultFullHttpRequest(decodeResult: success, version: HTTP/1.1, content: EmptyByteBufBE)
GET /session/0718abf509a8e91bc340b146db6ec50c/screenshot HTTP/1.1
User-Agent: selenium/4.1.2 (java windows)
Cache-Control: no-cache
Content-Type: application/json; charset=utf-8
host: localhost:63297
accept: */*

Response DefaultHttpResponse(decodeResult: success, version: HTTP/1.1)
HTTP/1.1 200 OK
Content-Type: application/json; charset=utf-8
cache-control: no-cache
content-length: 379740

17:28:46.258 [AsyncHttpClient-1-2] DEBUG org.asynchttpclient.netty.channel.ChannelManager - Adding key: http://localhost:63297 for channel [id: 0xf116e471, L:/127.0.0.1:54713 - R:localhost/127.0.0.1:63297]
17:28:46.365 [Test worker] DEBUG net.serenitybdd.core.photography.Darkroom - Send negative for processing for C:\Users\johan\OneDrive\Documentos\KONEX\Pruebas automatizadas\automatizacion_login_backoffice_1v\target\site\serenity\2906e0e514c90d11ffaf03067b12110de544ee879fa76ed63b517fad1e2e3380.png
17:28:46.369 [Test worker] DEBUG net.thucydides.core.steps.StepInterceptor - STEP DONE: {0} opens the #targetPage
17:28:46.396 [Test worker] DEBUG net.thucydides.core.steps.StepInterceptor - STEP DONE: performAs
17:28:46.421 [Forwarding screenshot on session 0718abf509a8e91bc340b146db6ec50c to remote] DEBUG org.asynchttpclient.netty.request.NettyRequestSender - Using pooled Channel '[id: 0xf116e471, L:/127.0.0.1:54713 - R:localhost/127.0.0.1:63297]' for 'GET' to 'http://localhost:63297/session/0718abf509a8e91bc340b146db6ec50c/screenshot'
17:28:46.422 [Forwarding screenshot on session 0718abf509a8e91bc340b146db6ec50c to remote] DEBUG org.asynchttpclient.netty.request.NettyRequestSender - Using open Channel [id: 0xf116e471, L:/127.0.0.1:54713 - R:localhost/127.0.0.1:63297] for GET '/session/0718abf509a8e91bc340b146db6ec50c/screenshot'
17:28:46.551 [AsyncHttpClient-1-1] DEBUG org.asynchttpclient.netty.channel.DefaultChannelPool - Entry count for : http://localhost:54715 : 1
17:28:46.603 [AsyncHttpClient-1-2] DEBUG org.asynchttpclient.netty.handler.HttpHandler - 

Request DefaultFullHttpRequest(decodeResult: success, version: HTTP/1.1, content: EmptyByteBufBE)
GET /session/0718abf509a8e91bc340b146db6ec50c/screenshot HTTP/1.1
User-Agent: selenium/4.1.2 (java windows)
Cache-Control: no-cache
Content-Type: application/json; charset=utf-8
host: localhost:63297
accept: */*

Response DefaultHttpResponse(decodeResult: success, version: HTTP/1.1)
HTTP/1.1 200 OK
Content-Type: application/json; charset=utf-8
cache-control: no-cache
content-length: 379772

17:28:46.606 [AsyncHttpClient-1-2] DEBUG org.asynchttpclient.netty.channel.ChannelManager - Adding key: http://localhost:63297 for channel [id: 0xf116e471, L:/127.0.0.1:54713 - R:localhost/127.0.0.1:63297]
17:28:46.623 [Test worker] DEBUG net.serenitybdd.core.photography.Darkroom - Send negative for processing for C:\Users\johan\OneDrive\Documentos\KONEX\Pruebas automatizadas\automatizacion_login_backoffice_1v\target\site\serenity\827eba772fc8c0a7b9dfb33684fbbfab2dbf1f790c8339d229e180e243a6dda7.png
17:28:46.669 [Test worker] DEBUG net.thucydides.core.steps.StepInterceptor - STARTING STEP: AdminSorteoStepdefinitions.seLogueaConUsuarioYContrasenna - performAs
17:28:46.718 [Forwarding screenshot on session 0718abf509a8e91bc340b146db6ec50c to remote] DEBUG org.asynchttpclient.netty.request.NettyRequestSender - Using pooled Channel '[id: 0xf116e471, L:/127.0.0.1:54713 - R:localhost/127.0.0.1:63297]' for 'GET' to 'http://localhost:63297/session/0718abf509a8e91bc340b146db6ec50c/screenshot'
17:28:46.718 [Forwarding screenshot on session 0718abf509a8e91bc340b146db6ec50c to remote] DEBUG org.asynchttpclient.netty.request.NettyRequestSender - Using open Channel [id: 0xf116e471, L:/127.0.0.1:54713 - R:localhost/127.0.0.1:63297] for GET '/session/0718abf509a8e91bc340b146db6ec50c/screenshot'
17:28:46.923 [AsyncHttpClient-1-2] DEBUG org.asynchttpclient.netty.handler.HttpHandler - 

Request DefaultFullHttpRequest(decodeResult: success, version: HTTP/1.1, content: EmptyByteBufBE)
GET /session/0718abf509a8e91bc340b146db6ec50c/screenshot HTTP/1.1
User-Agent: selenium/4.1.2 (java windows)
Cache-Control: no-cache
Content-Type: application/json; charset=utf-8
host: localhost:63297
accept: */*

Response DefaultHttpResponse(decodeResult: success, version: HTTP/1.1)
HTTP/1.1 200 OK
Content-Type: application/json; charset=utf-8
cache-control: no-cache
content-length: 379772

17:28:46.925 [AsyncHttpClient-1-2] DEBUG org.asynchttpclient.netty.channel.ChannelManager - Adding key: http://localhost:63297 for channel [id: 0xf116e471, L:/127.0.0.1:54713 - R:localhost/127.0.0.1:63297]
17:28:46.939 [Test worker] DEBUG net.serenitybdd.core.photography.Darkroom - Send negative for processing for C:\Users\johan\OneDrive\Documentos\KONEX\Pruebas automatizadas\automatizacion_login_backoffice_1v\target\site\serenity\827eba772fc8c0a7b9dfb33684fbbfab2dbf1f790c8339d229e180e243a6dda7.png
17:28:46.939 [Test worker] DEBUG net.thucydides.core.steps.StepInterceptor - STARTING STEP: Ingresar.performAs - {0} enters #theTextAsAString into #target
17:28:47.035 [Test worker] DEBUG net.serenitybdd.screenplay.targets.IFrameSwitcher - default content already selected for Datos para campo de usuario
17:28:47.069 [Forwarding findElement on session 0718abf509a8e91bc340b146db6ec50c to remote] DEBUG org.asynchttpclient.netty.request.NettyRequestSender - Using pooled Channel '[id: 0xf116e471, L:/127.0.0.1:54713 - R:localhost/127.0.0.1:63297]' for 'POST' to 'http://localhost:63297/session/0718abf509a8e91bc340b146db6ec50c/element'
17:28:47.070 [Forwarding findElement on session 0718abf509a8e91bc340b146db6ec50c to remote] DEBUG org.asynchttpclient.netty.request.NettyRequestSender - Using open Channel [id: 0xf116e471, L:/127.0.0.1:54713 - R:localhost/127.0.0.1:63297] for POST '/session/0718abf509a8e91bc340b146db6ec50c/element'
17:28:47.081 [AsyncHttpClient-1-2] DEBUG org.asynchttpclient.netty.handler.HttpHandler - 

Request DefaultHttpRequest(decodeResult: success, version: HTTP/1.1)
POST /session/0718abf509a8e91bc340b146db6ec50c/element HTTP/1.1
User-Agent: selenium/4.1.2 (java windows)
Content-Length: 53
Content-Type: application/json; charset=utf-8
host: localhost:63297
accept: */*

Response DefaultHttpResponse(decodeResult: success, version: HTTP/1.1)
HTTP/1.1 200 OK
Content-Type: application/json; charset=utf-8
cache-control: no-cache
content-length: 88

17:28:47.081 [AsyncHttpClient-1-2] DEBUG org.asynchttpclient.netty.channel.ChannelManager - Adding key: http://localhost:63297 for channel [id: 0xf116e471, L:/127.0.0.1:54713 - R:localhost/127.0.0.1:63297]
17:28:47.084 [Forwarding clearElement on session 0718abf509a8e91bc340b146db6ec50c to remote] DEBUG org.asynchttpclient.netty.request.NettyRequestSender - Using pooled Channel '[id: 0xf116e471, L:/127.0.0.1:54713 - R:localhost/127.0.0.1:63297]' for 'POST' to 'http://localhost:63297/session/0718abf509a8e91bc340b146db6ec50c/element/d3103afb-c858-4214-be4e-b4ff3971eec2/clear'
17:28:47.085 [Forwarding clearElement on session 0718abf509a8e91bc340b146db6ec50c to remote] DEBUG org.asynchttpclient.netty.request.NettyRequestSender - Using open Channel [id: 0xf116e471, L:/127.0.0.1:54713 - R:localhost/127.0.0.1:63297] for POST '/session/0718abf509a8e91bc340b146db6ec50c/element/d3103afb-c858-4214-be4e-b4ff3971eec2/clear'
17:28:47.113 [AsyncHttpClient-1-2] DEBUG org.asynchttpclient.netty.handler.HttpHandler - 

Request DefaultHttpRequest(decodeResult: success, version: HTTP/1.1)
POST /session/0718abf509a8e91bc340b146db6ec50c/element/d3103afb-c858-4214-be4e-b4ff3971eec2/clear HTTP/1.1
User-Agent: selenium/4.1.2 (java windows)
Content-Length: 50
Content-Type: application/json; charset=utf-8
host: localhost:63297
accept: */*

Response DefaultHttpResponse(decodeResult: success, version: HTTP/1.1)
HTTP/1.1 200 OK
Content-Type: application/json; charset=utf-8
cache-control: no-cache
content-length: 14

17:28:47.113 [AsyncHttpClient-1-2] DEBUG org.asynchttpclient.netty.channel.ChannelManager - Adding key: http://localhost:63297 for channel [id: 0xf116e471, L:/127.0.0.1:54713 - R:localhost/127.0.0.1:63297]
17:28:47.125 [Forwarding sendKeysToElement on session 0718abf509a8e91bc340b146db6ec50c to remote] DEBUG org.asynchttpclient.netty.request.NettyRequestSender - Using pooled Channel '[id: 0xf116e471, L:/127.0.0.1:54713 - R:localhost/127.0.0.1:63297]' for 'POST' to 'http://localhost:63297/session/0718abf509a8e91bc340b146db6ec50c/element/d3103afb-c858-4214-be4e-b4ff3971eec2/value'
17:28:47.125 [Forwarding sendKeysToElement on session 0718abf509a8e91bc340b146db6ec50c to remote] DEBUG org.asynchttpclient.netty.request.NettyRequestSender - Using open Channel [id: 0xf116e471, L:/127.0.0.1:54713 - R:localhost/127.0.0.1:63297] for POST '/session/0718abf509a8e91bc340b146db6ec50c/element/d3103afb-c858-4214-be4e-b4ff3971eec2/value'
17:28:47.157 [AsyncHttpClient-1-2] DEBUG org.asynchttpclient.netty.handler.HttpHandler - 

Request DefaultHttpRequest(decodeResult: success, version: HTTP/1.1)
POST /session/0718abf509a8e91bc340b146db6ec50c/element/d3103afb-c858-4214-be4e-b4ff3971eec2/value HTTP/1.1
User-Agent: selenium/4.1.2 (java windows)
Content-Length: 191
Content-Type: application/json; charset=utf-8
host: localhost:63297
accept: */*

Response DefaultHttpResponse(decodeResult: success, version: HTTP/1.1)
HTTP/1.1 200 OK
Content-Type: application/json; charset=utf-8
cache-control: no-cache
content-length: 14

17:28:47.157 [AsyncHttpClient-1-2] DEBUG org.asynchttpclient.netty.channel.ChannelManager - Adding key: http://localhost:63297 for channel [id: 0xf116e471, L:/127.0.0.1:54713 - R:localhost/127.0.0.1:63297]
17:28:47.178 [Forwarding screenshot on session 0718abf509a8e91bc340b146db6ec50c to remote] DEBUG org.asynchttpclient.netty.request.NettyRequestSender - Using pooled Channel '[id: 0xf116e471, L:/127.0.0.1:54713 - R:localhost/127.0.0.1:63297]' for 'GET' to 'http://localhost:63297/session/0718abf509a8e91bc340b146db6ec50c/screenshot'
17:28:47.178 [Forwarding screenshot on session 0718abf509a8e91bc340b146db6ec50c to remote] DEBUG org.asynchttpclient.netty.request.NettyRequestSender - Using open Channel [id: 0xf116e471, L:/127.0.0.1:54713 - R:localhost/127.0.0.1:63297] for GET '/session/0718abf509a8e91bc340b146db6ec50c/screenshot'
17:28:47.528 [AsyncHttpClient-1-2] DEBUG org.asynchttpclient.netty.handler.HttpHandler - 

Request DefaultFullHttpRequest(decodeResult: success, version: HTTP/1.1, content: EmptyByteBufBE)
GET /session/0718abf509a8e91bc340b146db6ec50c/screenshot HTTP/1.1
User-Agent: selenium/4.1.2 (java windows)
Cache-Control: no-cache
Content-Type: application/json; charset=utf-8
host: localhost:63297
accept: */*

Response DefaultHttpResponse(decodeResult: success, version: HTTP/1.1)
HTTP/1.1 200 OK
Content-Type: application/json; charset=utf-8
cache-control: no-cache
content-length: 378572

17:28:47.535 [AsyncHttpClient-1-2] DEBUG org.asynchttpclient.netty.channel.ChannelManager - Adding key: http://localhost:63297 for channel [id: 0xf116e471, L:/127.0.0.1:54713 - R:localhost/127.0.0.1:63297]
17:28:47.571 [Test worker] DEBUG net.serenitybdd.core.photography.Darkroom - Send negative for processing for C:\Users\johan\OneDrive\Documentos\KONEX\Pruebas automatizadas\automatizacion_login_backoffice_1v\target\site\serenity\006b24e5412277c5de3e2de51cd21d98827689b6fa88dab4e7de0ed1afc6cbb1.png
17:28:47.630 [Forwarding screenshot on session 0718abf509a8e91bc340b146db6ec50c to remote] DEBUG org.asynchttpclient.netty.request.NettyRequestSender - Using pooled Channel '[id: 0xf116e471, L:/127.0.0.1:54713 - R:localhost/127.0.0.1:63297]' for 'GET' to 'http://localhost:63297/session/0718abf509a8e91bc340b146db6ec50c/screenshot'
17:28:47.631 [Forwarding screenshot on session 0718abf509a8e91bc340b146db6ec50c to remote] DEBUG org.asynchttpclient.netty.request.NettyRequestSender - Using open Channel [id: 0xf116e471, L:/127.0.0.1:54713 - R:localhost/127.0.0.1:63297] for GET '/session/0718abf509a8e91bc340b146db6ec50c/screenshot'
17:28:47.651 [AsyncHttpClient-1-1] DEBUG org.asynchttpclient.netty.channel.DefaultChannelPool - Entry count for : http://localhost:54715 : 1
17:28:48.073 [AsyncHttpClient-1-2] DEBUG org.asynchttpclient.netty.handler.HttpHandler - 

Request DefaultFullHttpRequest(decodeResult: success, version: HTTP/1.1, content: EmptyByteBufBE)
GET /session/0718abf509a8e91bc340b146db6ec50c/screenshot HTTP/1.1
User-Agent: selenium/4.1.2 (java windows)
Cache-Control: no-cache
Content-Type: application/json; charset=utf-8
host: localhost:63297
accept: */*

Response DefaultHttpResponse(decodeResult: success, version: HTTP/1.1)
HTTP/1.1 200 OK
Content-Type: application/json; charset=utf-8
cache-control: no-cache
content-length: 378572

17:28:48.079 [AsyncHttpClient-1-2] DEBUG org.asynchttpclient.netty.channel.ChannelManager - Adding key: http://localhost:63297 for channel [id: 0xf116e471, L:/127.0.0.1:54713 - R:localhost/127.0.0.1:63297]
17:28:48.113 [Test worker] DEBUG net.serenitybdd.core.photography.Darkroom - Send negative for processing for C:\Users\johan\OneDrive\Documentos\KONEX\Pruebas automatizadas\automatizacion_login_backoffice_1v\target\site\serenity\006b24e5412277c5de3e2de51cd21d98827689b6fa88dab4e7de0ed1afc6cbb1.png
17:28:48.114 [Test worker] DEBUG net.thucydides.core.steps.StepInterceptor - STEP DONE: {0} enters #theTextAsAString into #target
17:28:48.157 [Test worker] DEBUG net.thucydides.core.steps.StepInterceptor - STARTING STEP: Ingresar.performAs - {0} enters #theTextAsAString into #target
17:28:48.187 [Test worker] DEBUG net.serenitybdd.screenplay.targets.IFrameSwitcher - default content already selected for Datos para campo contrasenna
17:28:48.268 [Forwarding findElement on session 0718abf509a8e91bc340b146db6ec50c to remote] DEBUG org.asynchttpclient.netty.request.NettyRequestSender - Using pooled Channel '[id: 0xf116e471, L:/127.0.0.1:54713 - R:localhost/127.0.0.1:63297]' for 'POST' to 'http://localhost:63297/session/0718abf509a8e91bc340b146db6ec50c/element'
17:28:48.269 [Forwarding findElement on session 0718abf509a8e91bc340b146db6ec50c to remote] DEBUG org.asynchttpclient.netty.request.NettyRequestSender - Using open Channel [id: 0xf116e471, L:/127.0.0.1:54713 - R:localhost/127.0.0.1:63297] for POST '/session/0718abf509a8e91bc340b146db6ec50c/element'
17:28:48.508 [AsyncHttpClient-1-2] DEBUG org.asynchttpclient.netty.handler.HttpHandler - 

Request DefaultHttpRequest(decodeResult: success, version: HTTP/1.1)
POST /session/0718abf509a8e91bc340b146db6ec50c/element HTTP/1.1
User-Agent: selenium/4.1.2 (java windows)
Content-Length: 50
Content-Type: application/json; charset=utf-8
host: localhost:63297
accept: */*

Response DefaultHttpResponse(decodeResult: success, version: HTTP/1.1)
HTTP/1.1 200 OK
Content-Type: application/json; charset=utf-8
cache-control: no-cache
content-length: 88

17:28:48.509 [AsyncHttpClient-1-2] DEBUG org.asynchttpclient.netty.channel.ChannelManager - Adding key: http://localhost:63297 for channel [id: 0xf116e471, L:/127.0.0.1:54713 - R:localhost/127.0.0.1:63297]
17:28:48.514 [Forwarding clearElement on session 0718abf509a8e91bc340b146db6ec50c to remote] DEBUG org.asynchttpclient.netty.request.NettyRequestSender - Using pooled Channel '[id: 0xf116e471, L:/127.0.0.1:54713 - R:localhost/127.0.0.1:63297]' for 'POST' to 'http://localhost:63297/session/0718abf509a8e91bc340b146db6ec50c/element/860209b6-ad09-4a28-a79b-1ea636caf560/clear'
17:28:48.514 [Forwarding clearElement on session 0718abf509a8e91bc340b146db6ec50c to remote] DEBUG org.asynchttpclient.netty.request.NettyRequestSender - Using open Channel [id: 0xf116e471, L:/127.0.0.1:54713 - R:localhost/127.0.0.1:63297] for POST '/session/0718abf509a8e91bc340b146db6ec50c/element/860209b6-ad09-4a28-a79b-1ea636caf560/clear'
17:28:48.578 [AsyncHttpClient-1-2] DEBUG org.asynchttpclient.netty.handler.HttpHandler - 

Request DefaultHttpRequest(decodeResult: success, version: HTTP/1.1)
POST /session/0718abf509a8e91bc340b146db6ec50c/element/860209b6-ad09-4a28-a79b-1ea636caf560/clear HTTP/1.1
User-Agent: selenium/4.1.2 (java windows)
Content-Length: 50
Content-Type: application/json; charset=utf-8
host: localhost:63297
accept: */*

Response DefaultHttpResponse(decodeResult: success, version: HTTP/1.1)
HTTP/1.1 200 OK
Content-Type: application/json; charset=utf-8
cache-control: no-cache
content-length: 14

17:28:48.579 [AsyncHttpClient-1-2] DEBUG org.asynchttpclient.netty.channel.ChannelManager - Adding key: http://localhost:63297 for channel [id: 0xf116e471, L:/127.0.0.1:54713 - R:localhost/127.0.0.1:63297]
17:28:48.615 [Forwarding sendKeysToElement on session 0718abf509a8e91bc340b146db6ec50c to remote] DEBUG org.asynchttpclient.netty.request.NettyRequestSender - Using pooled Channel '[id: 0xf116e471, L:/127.0.0.1:54713 - R:localhost/127.0.0.1:63297]' for 'POST' to 'http://localhost:63297/session/0718abf509a8e91bc340b146db6ec50c/element/860209b6-ad09-4a28-a79b-1ea636caf560/value'
17:28:48.616 [Forwarding sendKeysToElement on session 0718abf509a8e91bc340b146db6ec50c to remote] DEBUG org.asynchttpclient.netty.request.NettyRequestSender - Using open Channel [id: 0xf116e471, L:/127.0.0.1:54713 - R:localhost/127.0.0.1:63297] for POST '/session/0718abf509a8e91bc340b146db6ec50c/element/860209b6-ad09-4a28-a79b-1ea636caf560/value'
17:28:48.725 [AsyncHttpClient-1-2] DEBUG org.asynchttpclient.netty.handler.HttpHandler - 

Request DefaultHttpRequest(decodeResult: success, version: HTTP/1.1)
POST /session/0718abf509a8e91bc340b146db6ec50c/element/860209b6-ad09-4a28-a79b-1ea636caf560/value HTTP/1.1
User-Agent: selenium/4.1.2 (java windows)
Content-Length: 181
Content-Type: application/json; charset=utf-8
host: localhost:63297
accept: */*

Response DefaultHttpResponse(decodeResult: success, version: HTTP/1.1)
HTTP/1.1 200 OK
Content-Type: application/json; charset=utf-8
cache-control: no-cache
content-length: 14

17:28:48.726 [AsyncHttpClient-1-2] DEBUG org.asynchttpclient.netty.channel.ChannelManager - Adding key: http://localhost:63297 for channel [id: 0xf116e471, L:/127.0.0.1:54713 - R:localhost/127.0.0.1:63297]
17:28:48.752 [AsyncHttpClient-1-1] DEBUG org.asynchttpclient.netty.channel.DefaultChannelPool - Entry count for : http://localhost:54715 : 1
17:28:48.752 [AsyncHttpClient-1-1] DEBUG org.asynchttpclient.netty.channel.DefaultChannelPool - Entry count for : http://localhost:63297 : 1
17:28:48.769 [Forwarding screenshot on session 0718abf509a8e91bc340b146db6ec50c to remote] DEBUG org.asynchttpclient.netty.request.NettyRequestSender - Using pooled Channel '[id: 0xf116e471, L:/127.0.0.1:54713 - R:localhost/127.0.0.1:63297]' for 'GET' to 'http://localhost:63297/session/0718abf509a8e91bc340b146db6ec50c/screenshot'
17:28:48.769 [Forwarding screenshot on session 0718abf509a8e91bc340b146db6ec50c to remote] DEBUG org.asynchttpclient.netty.request.NettyRequestSender - Using open Channel [id: 0xf116e471, L:/127.0.0.1:54713 - R:localhost/127.0.0.1:63297] for GET '/session/0718abf509a8e91bc340b146db6ec50c/screenshot'
17:28:49.149 [AsyncHttpClient-1-2] DEBUG org.asynchttpclient.netty.handler.HttpHandler - 

Request DefaultFullHttpRequest(decodeResult: success, version: HTTP/1.1, content: EmptyByteBufBE)
GET /session/0718abf509a8e91bc340b146db6ec50c/screenshot HTTP/1.1
User-Agent: selenium/4.1.2 (java windows)
Cache-Control: no-cache
Content-Type: application/json; charset=utf-8
host: localhost:63297
accept: */*

Response DefaultHttpResponse(decodeResult: success, version: HTTP/1.1)
HTTP/1.1 200 OK
Content-Type: application/json; charset=utf-8
cache-control: no-cache
content-length: 376452

17:28:49.156 [AsyncHttpClient-1-2] DEBUG org.asynchttpclient.netty.channel.ChannelManager - Adding key: http://localhost:63297 for channel [id: 0xf116e471, L:/127.0.0.1:54713 - R:localhost/127.0.0.1:63297]
17:28:49.188 [Test worker] DEBUG net.serenitybdd.core.photography.Darkroom - Send negative for processing for C:\Users\johan\OneDrive\Documentos\KONEX\Pruebas automatizadas\automatizacion_login_backoffice_1v\target\site\serenity\6409296d25c248aedb7da1477f84c275db0599f87c2e3eeb6f484850a149a03f.png
17:28:49.241 [Forwarding screenshot on session 0718abf509a8e91bc340b146db6ec50c to remote] DEBUG org.asynchttpclient.netty.request.NettyRequestSender - Using pooled Channel '[id: 0xf116e471, L:/127.0.0.1:54713 - R:localhost/127.0.0.1:63297]' for 'GET' to 'http://localhost:63297/session/0718abf509a8e91bc340b146db6ec50c/screenshot'
17:28:49.241 [Forwarding screenshot on session 0718abf509a8e91bc340b146db6ec50c to remote] DEBUG org.asynchttpclient.netty.request.NettyRequestSender - Using open Channel [id: 0xf116e471, L:/127.0.0.1:54713 - R:localhost/127.0.0.1:63297] for GET '/session/0718abf509a8e91bc340b146db6ec50c/screenshot'
17:28:49.630 [AsyncHttpClient-1-2] DEBUG org.asynchttpclient.netty.handler.HttpHandler - 

Request DefaultFullHttpRequest(decodeResult: success, version: HTTP/1.1, content: EmptyByteBufBE)
GET /session/0718abf509a8e91bc340b146db6ec50c/screenshot HTTP/1.1
User-Agent: selenium/4.1.2 (java windows)
Cache-Control: no-cache
Content-Type: application/json; charset=utf-8
host: localhost:63297
accept: */*

Response DefaultHttpResponse(decodeResult: success, version: HTTP/1.1)
HTTP/1.1 200 OK
Content-Type: application/json; charset=utf-8
cache-control: no-cache
content-length: 376308

17:28:49.634 [AsyncHttpClient-1-2] DEBUG org.asynchttpclient.netty.channel.ChannelManager - Adding key: http://localhost:63297 for channel [id: 0xf116e471, L:/127.0.0.1:54713 - R:localhost/127.0.0.1:63297]
17:28:49.672 [Test worker] DEBUG net.serenitybdd.core.photography.Darkroom - Send negative for processing for C:\Users\johan\OneDrive\Documentos\KONEX\Pruebas automatizadas\automatizacion_login_backoffice_1v\target\site\serenity\777d771f417b2d92f2980caaac3c4242d665f99f2fe608d980d7860e25bab63a.png
17:28:49.672 [Test worker] DEBUG net.thucydides.core.steps.StepInterceptor - STEP DONE: {0} enters #theTextAsAString into #target
17:28:49.711 [Test worker] DEBUG net.thucydides.core.steps.StepInterceptor - STARTING STEP: Ingresar.performAs - {0} clicks on #target
17:28:49.712 [Test worker] DEBUG net.serenitybdd.screenplay.targets.IFrameSwitcher - default content already selected for Verificar contrasenna
17:28:49.855 [AsyncHttpClient-1-1] DEBUG org.asynchttpclient.netty.channel.DefaultChannelPool - Entry count for : http://localhost:54715 : 1
17:28:49.855 [AsyncHttpClient-1-1] DEBUG org.asynchttpclient.netty.channel.DefaultChannelPool - Entry count for : http://localhost:63297 : 1
17:28:49.883 [Forwarding findElement on session 0718abf509a8e91bc340b146db6ec50c to remote] DEBUG org.asynchttpclient.netty.request.NettyRequestSender - Using pooled Channel '[id: 0xf116e471, L:/127.0.0.1:54713 - R:localhost/127.0.0.1:63297]' for 'POST' to 'http://localhost:63297/session/0718abf509a8e91bc340b146db6ec50c/element'
17:28:49.883 [Forwarding findElement on session 0718abf509a8e91bc340b146db6ec50c to remote] DEBUG org.asynchttpclient.netty.request.NettyRequestSender - Using open Channel [id: 0xf116e471, L:/127.0.0.1:54713 - R:localhost/127.0.0.1:63297] for POST '/session/0718abf509a8e91bc340b146db6ec50c/element'
17:28:49.911 [AsyncHttpClient-1-2] DEBUG org.asynchttpclient.netty.handler.HttpHandler - 

Request DefaultHttpRequest(decodeResult: success, version: HTTP/1.1)
POST /session/0718abf509a8e91bc340b146db6ec50c/element HTTP/1.1
User-Agent: selenium/4.1.2 (java windows)
Content-Length: 93
Content-Type: application/json; charset=utf-8
host: localhost:63297
accept: */*

Response DefaultHttpResponse(decodeResult: success, version: HTTP/1.1)
HTTP/1.1 200 OK
Content-Type: application/json; charset=utf-8
cache-control: no-cache
content-length: 88

17:28:49.911 [AsyncHttpClient-1-2] DEBUG org.asynchttpclient.netty.channel.ChannelManager - Adding key: http://localhost:63297 for channel [id: 0xf116e471, L:/127.0.0.1:54713 - R:localhost/127.0.0.1:63297]
17:28:49.971 [Forwarding isElementDisplayed on session 0718abf509a8e91bc340b146db6ec50c to remote] DEBUG org.asynchttpclient.netty.request.NettyRequestSender - Using pooled Channel '[id: 0xf116e471, L:/127.0.0.1:54713 - R:localhost/127.0.0.1:63297]' for 'POST' to 'http://localhost:63297/session/0718abf509a8e91bc340b146db6ec50c/execute/sync'
17:28:49.972 [Forwarding isElementDisplayed on session 0718abf509a8e91bc340b146db6ec50c to remote] DEBUG org.asynchttpclient.netty.request.NettyRequestSender - Using open Channel [id: 0xf116e471, L:/127.0.0.1:54713 - R:localhost/127.0.0.1:63297] for POST '/session/0718abf509a8e91bc340b146db6ec50c/execute/sync'
17:28:49.999 [AsyncHttpClient-1-2] DEBUG org.asynchttpclient.netty.handler.HttpHandler - 

Request DefaultHttpRequest(decodeResult: success, version: HTTP/1.1)
POST /session/0718abf509a8e91bc340b146db6ec50c/execute/sync HTTP/1.1
User-Agent: selenium/4.1.2 (java windows)
Content-Length: 48780
Content-Type: application/json; charset=utf-8
host: localhost:63297
accept: */*

Response DefaultHttpResponse(decodeResult: success, version: HTTP/1.1)
HTTP/1.1 200 OK
Content-Type: application/json; charset=utf-8
cache-control: no-cache
content-length: 14

17:28:50.000 [AsyncHttpClient-1-2] DEBUG org.asynchttpclient.netty.channel.ChannelManager - Adding key: http://localhost:63297 for channel [id: 0xf116e471, L:/127.0.0.1:54713 - R:localhost/127.0.0.1:63297]
17:28:50.043 [Forwarding findElement on session 0718abf509a8e91bc340b146db6ec50c to remote] DEBUG org.asynchttpclient.netty.request.NettyRequestSender - Using pooled Channel '[id: 0xf116e471, L:/127.0.0.1:54713 - R:localhost/127.0.0.1:63297]' for 'POST' to 'http://localhost:63297/session/0718abf509a8e91bc340b146db6ec50c/element'
17:28:50.044 [Forwarding findElement on session 0718abf509a8e91bc340b146db6ec50c to remote] DEBUG org.asynchttpclient.netty.request.NettyRequestSender - Using open Channel [id: 0xf116e471, L:/127.0.0.1:54713 - R:localhost/127.0.0.1:63297] for POST '/session/0718abf509a8e91bc340b146db6ec50c/element'
17:28:50.056 [AsyncHttpClient-1-2] DEBUG org.asynchttpclient.netty.handler.HttpHandler - 

Request DefaultHttpRequest(decodeResult: success, version: HTTP/1.1)
POST /session/0718abf509a8e91bc340b146db6ec50c/element HTTP/1.1
User-Agent: selenium/4.1.2 (java windows)
Content-Length: 93
Content-Type: application/json; charset=utf-8
host: localhost:63297
accept: */*

Response DefaultHttpResponse(decodeResult: success, version: HTTP/1.1)
HTTP/1.1 200 OK
Content-Type: application/json; charset=utf-8
cache-control: no-cache
content-length: 88

17:28:50.056 [AsyncHttpClient-1-2] DEBUG org.asynchttpclient.netty.channel.ChannelManager - Adding key: http://localhost:63297 for channel [id: 0xf116e471, L:/127.0.0.1:54713 - R:localhost/127.0.0.1:63297]
17:28:50.060 [Forwarding clickElement on session 0718abf509a8e91bc340b146db6ec50c to remote] DEBUG org.asynchttpclient.netty.request.NettyRequestSender - Using pooled Channel '[id: 0xf116e471, L:/127.0.0.1:54713 - R:localhost/127.0.0.1:63297]' for 'POST' to 'http://localhost:63297/session/0718abf509a8e91bc340b146db6ec50c/element/da1b65a4-a262-4a59-9842-48753c58698c/click'
17:28:50.060 [Forwarding clickElement on session 0718abf509a8e91bc340b146db6ec50c to remote] DEBUG org.asynchttpclient.netty.request.NettyRequestSender - Using open Channel [id: 0xf116e471, L:/127.0.0.1:54713 - R:localhost/127.0.0.1:63297] for POST '/session/0718abf509a8e91bc340b146db6ec50c/element/da1b65a4-a262-4a59-9842-48753c58698c/click'
17:28:50.124 [AsyncHttpClient-1-2] DEBUG org.asynchttpclient.netty.handler.HttpHandler - 

Request DefaultHttpRequest(decodeResult: success, version: HTTP/1.1)
POST /session/0718abf509a8e91bc340b146db6ec50c/element/da1b65a4-a262-4a59-9842-48753c58698c/click HTTP/1.1
User-Agent: selenium/4.1.2 (java windows)
Content-Length: 50
Content-Type: application/json; charset=utf-8
host: localhost:63297
accept: */*

Response DefaultHttpResponse(decodeResult: success, version: HTTP/1.1)
HTTP/1.1 200 OK
Content-Type: application/json; charset=utf-8
cache-control: no-cache
content-length: 14

17:28:50.125 [AsyncHttpClient-1-2] DEBUG org.asynchttpclient.netty.channel.ChannelManager - Adding key: http://localhost:63297 for channel [id: 0xf116e471, L:/127.0.0.1:54713 - R:localhost/127.0.0.1:63297]
17:28:50.169 [Forwarding screenshot on session 0718abf509a8e91bc340b146db6ec50c to remote] DEBUG org.asynchttpclient.netty.request.NettyRequestSender - Using pooled Channel '[id: 0xf116e471, L:/127.0.0.1:54713 - R:localhost/127.0.0.1:63297]' for 'GET' to 'http://localhost:63297/session/0718abf509a8e91bc340b146db6ec50c/screenshot'
17:28:50.169 [Forwarding screenshot on session 0718abf509a8e91bc340b146db6ec50c to remote] DEBUG org.asynchttpclient.netty.request.NettyRequestSender - Using open Channel [id: 0xf116e471, L:/127.0.0.1:54713 - R:localhost/127.0.0.1:63297] for GET '/session/0718abf509a8e91bc340b146db6ec50c/screenshot'
17:28:50.404 [AsyncHttpClient-1-2] DEBUG org.asynchttpclient.netty.handler.HttpHandler - 

Request DefaultFullHttpRequest(decodeResult: success, version: HTTP/1.1, content: EmptyByteBufBE)
GET /session/0718abf509a8e91bc340b146db6ec50c/screenshot HTTP/1.1
User-Agent: selenium/4.1.2 (java windows)
Cache-Control: no-cache
Content-Type: application/json; charset=utf-8
host: localhost:63297
accept: */*

Response DefaultHttpResponse(decodeResult: success, version: HTTP/1.1)
HTTP/1.1 200 OK
Content-Type: application/json; charset=utf-8
cache-control: no-cache
content-length: 376324

17:28:50.406 [AsyncHttpClient-1-2] DEBUG org.asynchttpclient.netty.channel.ChannelManager - Adding key: http://localhost:63297 for channel [id: 0xf116e471, L:/127.0.0.1:54713 - R:localhost/127.0.0.1:63297]
17:28:50.419 [Test worker] DEBUG net.serenitybdd.core.photography.Darkroom - Send negative for processing for C:\Users\johan\OneDrive\Documentos\KONEX\Pruebas automatizadas\automatizacion_login_backoffice_1v\target\site\serenity\5a6ba8c2df8388bd4966dd7ccc4272c7a0ff783bc6367d82021d23e044e03244.png
17:28:50.435 [Test worker] DEBUG net.thucydides.core.steps.StepInterceptor - STEP DONE: {0} clicks on #target
17:28:50.456 [Test worker] DEBUG net.thucydides.core.steps.StepInterceptor - STARTING STEP: Ingresar.performAs - {0} clicks on #target
17:28:50.457 [Test worker] DEBUG net.serenitybdd.screenplay.targets.IFrameSwitcher - default content already selected for Boton iniciar sesion
17:28:50.547 [Forwarding findElement on session 0718abf509a8e91bc340b146db6ec50c to remote] DEBUG org.asynchttpclient.netty.request.NettyRequestSender - Using pooled Channel '[id: 0xf116e471, L:/127.0.0.1:54713 - R:localhost/127.0.0.1:63297]' for 'POST' to 'http://localhost:63297/session/0718abf509a8e91bc340b146db6ec50c/element'
17:28:50.547 [Forwarding findElement on session 0718abf509a8e91bc340b146db6ec50c to remote] DEBUG org.asynchttpclient.netty.request.NettyRequestSender - Using open Channel [id: 0xf116e471, L:/127.0.0.1:54713 - R:localhost/127.0.0.1:63297] for POST '/session/0718abf509a8e91bc340b146db6ec50c/element'
17:28:50.562 [AsyncHttpClient-1-2] DEBUG org.asynchttpclient.netty.handler.HttpHandler - 

Request DefaultHttpRequest(decodeResult: success, version: HTTP/1.1)
POST /session/0718abf509a8e91bc340b146db6ec50c/element HTTP/1.1
User-Agent: selenium/4.1.2 (java windows)
Content-Length: 89
Content-Type: application/json; charset=utf-8
host: localhost:63297
accept: */*

Response DefaultHttpResponse(decodeResult: success, version: HTTP/1.1)
HTTP/1.1 200 OK
Content-Type: application/json; charset=utf-8
cache-control: no-cache
content-length: 88

17:28:50.563 [AsyncHttpClient-1-2] DEBUG org.asynchttpclient.netty.channel.ChannelManager - Adding key: http://localhost:63297 for channel [id: 0xf116e471, L:/127.0.0.1:54713 - R:localhost/127.0.0.1:63297]
17:28:50.582 [Forwarding isElementDisplayed on session 0718abf509a8e91bc340b146db6ec50c to remote] DEBUG org.asynchttpclient.netty.request.NettyRequestSender - Using pooled Channel '[id: 0xf116e471, L:/127.0.0.1:54713 - R:localhost/127.0.0.1:63297]' for 'POST' to 'http://localhost:63297/session/0718abf509a8e91bc340b146db6ec50c/execute/sync'
17:28:50.582 [Forwarding isElementDisplayed on session 0718abf509a8e91bc340b146db6ec50c to remote] DEBUG org.asynchttpclient.netty.request.NettyRequestSender - Using open Channel [id: 0xf116e471, L:/127.0.0.1:54713 - R:localhost/127.0.0.1:63297] for POST '/session/0718abf509a8e91bc340b146db6ec50c/execute/sync'
17:28:50.596 [AsyncHttpClient-1-2] DEBUG org.asynchttpclient.netty.handler.HttpHandler - 

Request DefaultHttpRequest(decodeResult: success, version: HTTP/1.1)
POST /session/0718abf509a8e91bc340b146db6ec50c/execute/sync HTTP/1.1
User-Agent: selenium/4.1.2 (java windows)
Content-Length: 48780
Content-Type: application/json; charset=utf-8
host: localhost:63297
accept: */*

Response DefaultHttpResponse(decodeResult: success, version: HTTP/1.1)
HTTP/1.1 200 OK
Content-Type: application/json; charset=utf-8
cache-control: no-cache
content-length: 14

17:28:50.596 [AsyncHttpClient-1-2] DEBUG org.asynchttpclient.netty.channel.ChannelManager - Adding key: http://localhost:63297 for channel [id: 0xf116e471, L:/127.0.0.1:54713 - R:localhost/127.0.0.1:63297]
17:28:50.616 [Forwarding findElement on session 0718abf509a8e91bc340b146db6ec50c to remote] DEBUG org.asynchttpclient.netty.request.NettyRequestSender - Using pooled Channel '[id: 0xf116e471, L:/127.0.0.1:54713 - R:localhost/127.0.0.1:63297]' for 'POST' to 'http://localhost:63297/session/0718abf509a8e91bc340b146db6ec50c/element'
17:28:50.616 [Forwarding findElement on session 0718abf509a8e91bc340b146db6ec50c to remote] DEBUG org.asynchttpclient.netty.request.NettyRequestSender - Using open Channel [id: 0xf116e471, L:/127.0.0.1:54713 - R:localhost/127.0.0.1:63297] for POST '/session/0718abf509a8e91bc340b146db6ec50c/element'
17:28:50.624 [AsyncHttpClient-1-2] DEBUG org.asynchttpclient.netty.handler.HttpHandler - 

Request DefaultHttpRequest(decodeResult: success, version: HTTP/1.1)
POST /session/0718abf509a8e91bc340b146db6ec50c/element HTTP/1.1
User-Agent: selenium/4.1.2 (java windows)
Content-Length: 89
Content-Type: application/json; charset=utf-8
host: localhost:63297
accept: */*

Response DefaultHttpResponse(decodeResult: success, version: HTTP/1.1)
HTTP/1.1 200 OK
Content-Type: application/json; charset=utf-8
cache-control: no-cache
content-length: 88

17:28:50.624 [AsyncHttpClient-1-2] DEBUG org.asynchttpclient.netty.channel.ChannelManager - Adding key: http://localhost:63297 for channel [id: 0xf116e471, L:/127.0.0.1:54713 - R:localhost/127.0.0.1:63297]
17:28:50.626 [Forwarding clickElement on session 0718abf509a8e91bc340b146db6ec50c to remote] DEBUG org.asynchttpclient.netty.request.NettyRequestSender - Using pooled Channel '[id: 0xf116e471, L:/127.0.0.1:54713 - R:localhost/127.0.0.1:63297]' for 'POST' to 'http://localhost:63297/session/0718abf509a8e91bc340b146db6ec50c/element/c01090b3-2dd4-4793-a9f3-fcc0c1f9a5a8/click'
17:28:50.626 [Forwarding clickElement on session 0718abf509a8e91bc340b146db6ec50c to remote] DEBUG org.asynchttpclient.netty.request.NettyRequestSender - Using open Channel [id: 0xf116e471, L:/127.0.0.1:54713 - R:localhost/127.0.0.1:63297] for POST '/session/0718abf509a8e91bc340b146db6ec50c/element/c01090b3-2dd4-4793-a9f3-fcc0c1f9a5a8/click'
17:28:50.661 [AsyncHttpClient-1-2] DEBUG org.asynchttpclient.netty.handler.HttpHandler - 

Request DefaultHttpRequest(decodeResult: success, version: HTTP/1.1)
POST /session/0718abf509a8e91bc340b146db6ec50c/element/c01090b3-2dd4-4793-a9f3-fcc0c1f9a5a8/click HTTP/1.1
User-Agent: selenium/4.1.2 (java windows)
Content-Length: 50
Content-Type: application/json; charset=utf-8
host: localhost:63297
accept: */*

Response DefaultHttpResponse(decodeResult: success, version: HTTP/1.1)
HTTP/1.1 200 OK
Content-Type: application/json; charset=utf-8
cache-control: no-cache
content-length: 14

17:28:50.662 [AsyncHttpClient-1-2] DEBUG org.asynchttpclient.netty.channel.ChannelManager - Adding key: http://localhost:63297 for channel [id: 0xf116e471, L:/127.0.0.1:54713 - R:localhost/127.0.0.1:63297]
17:28:50.690 [Forwarding screenshot on session 0718abf509a8e91bc340b146db6ec50c to remote] DEBUG org.asynchttpclient.netty.request.NettyRequestSender - Using pooled Channel '[id: 0xf116e471, L:/127.0.0.1:54713 - R:localhost/127.0.0.1:63297]' for 'GET' to 'http://localhost:63297/session/0718abf509a8e91bc340b146db6ec50c/screenshot'
17:28:50.690 [Forwarding screenshot on session 0718abf509a8e91bc340b146db6ec50c to remote] DEBUG org.asynchttpclient.netty.request.NettyRequestSender - Using open Channel [id: 0xf116e471, L:/127.0.0.1:54713 - R:localhost/127.0.0.1:63297] for GET '/session/0718abf509a8e91bc340b146db6ec50c/screenshot'
17:28:50.910 [AsyncHttpClient-1-2] DEBUG org.asynchttpclient.netty.handler.HttpHandler - 

Request DefaultFullHttpRequest(decodeResult: success, version: HTTP/1.1, content: EmptyByteBufBE)
GET /session/0718abf509a8e91bc340b146db6ec50c/screenshot HTTP/1.1
User-Agent: selenium/4.1.2 (java windows)
Cache-Control: no-cache
Content-Type: application/json; charset=utf-8
host: localhost:63297
accept: */*

Response DefaultHttpResponse(decodeResult: success, version: HTTP/1.1)
HTTP/1.1 200 OK
Content-Type: application/json; charset=utf-8
cache-control: no-cache
content-length: 356292

17:28:50.912 [AsyncHttpClient-1-2] DEBUG org.asynchttpclient.netty.channel.ChannelManager - Adding key: http://localhost:63297 for channel [id: 0xf116e471, L:/127.0.0.1:54713 - R:localhost/127.0.0.1:63297]
17:28:50.925 [Test worker] DEBUG net.serenitybdd.core.photography.Darkroom - Send negative for processing for C:\Users\johan\OneDrive\Documentos\KONEX\Pruebas automatizadas\automatizacion_login_backoffice_1v\target\site\serenity\7ca8e1b57829c19636e6ed8bae08dbdbced8b7157d5dca80e47894e941ba3fc0.png
17:28:50.943 [Test worker] DEBUG net.thucydides.core.steps.StepInterceptor - STEP DONE: {0} clicks on #target
17:28:50.957 [AsyncHttpClient-1-1] DEBUG org.asynchttpclient.netty.channel.DefaultChannelPool - Entry count for : http://localhost:54715 : 1
17:28:50.957 [AsyncHttpClient-1-1] DEBUG org.asynchttpclient.netty.channel.DefaultChannelPool - Entry count for : http://localhost:63297 : 1
17:28:50.961 [Test worker] DEBUG net.thucydides.core.steps.StepInterceptor - STARTING STEP: Ingresar.performAs - {0} clicks on #target
17:28:50.961 [Test worker] DEBUG net.serenitybdd.screenplay.targets.IFrameSwitcher - default content already selected for Opcion empresa
17:28:51.034 [Forwarding findElement on session 0718abf509a8e91bc340b146db6ec50c to remote] DEBUG org.asynchttpclient.netty.request.NettyRequestSender - Using pooled Channel '[id: 0xf116e471, L:/127.0.0.1:54713 - R:localhost/127.0.0.1:63297]' for 'POST' to 'http://localhost:63297/session/0718abf509a8e91bc340b146db6ec50c/element'
17:28:51.034 [Forwarding findElement on session 0718abf509a8e91bc340b146db6ec50c to remote] DEBUG org.asynchttpclient.netty.request.NettyRequestSender - Using open Channel [id: 0xf116e471, L:/127.0.0.1:54713 - R:localhost/127.0.0.1:63297] for POST '/session/0718abf509a8e91bc340b146db6ec50c/element'
17:28:52.052 [AsyncHttpClient-1-1] DEBUG org.asynchttpclient.netty.channel.DefaultChannelPool - Entry count for : http://localhost:54715 : 1
17:28:52.119 [AsyncHttpClient-1-2] DEBUG org.asynchttpclient.netty.handler.HttpHandler - 

Request DefaultHttpRequest(decodeResult: success, version: HTTP/1.1)
POST /session/0718abf509a8e91bc340b146db6ec50c/element HTTP/1.1
User-Agent: selenium/4.1.2 (java windows)
Content-Length: 78
Content-Type: application/json; charset=utf-8
host: localhost:63297
accept: */*

Response DefaultHttpResponse(decodeResult: success, version: HTTP/1.1)
HTTP/1.1 200 OK
Content-Type: application/json; charset=utf-8
cache-control: no-cache
content-length: 88

17:28:52.120 [AsyncHttpClient-1-2] DEBUG org.asynchttpclient.netty.channel.ChannelManager - Adding key: http://localhost:63297 for channel [id: 0xf116e471, L:/127.0.0.1:54713 - R:localhost/127.0.0.1:63297]
17:28:52.152 [Forwarding isElementDisplayed on session 0718abf509a8e91bc340b146db6ec50c to remote] DEBUG org.asynchttpclient.netty.request.NettyRequestSender - Using pooled Channel '[id: 0xf116e471, L:/127.0.0.1:54713 - R:localhost/127.0.0.1:63297]' for 'POST' to 'http://localhost:63297/session/0718abf509a8e91bc340b146db6ec50c/execute/sync'
17:28:52.153 [Forwarding isElementDisplayed on session 0718abf509a8e91bc340b146db6ec50c to remote] DEBUG org.asynchttpclient.netty.request.NettyRequestSender - Using open Channel [id: 0xf116e471, L:/127.0.0.1:54713 - R:localhost/127.0.0.1:63297] for POST '/session/0718abf509a8e91bc340b146db6ec50c/execute/sync'
17:28:52.174 [AsyncHttpClient-1-2] DEBUG org.asynchttpclient.netty.handler.HttpHandler - 

Request DefaultHttpRequest(decodeResult: success, version: HTTP/1.1)
POST /session/0718abf509a8e91bc340b146db6ec50c/execute/sync HTTP/1.1
User-Agent: selenium/4.1.2 (java windows)
Content-Length: 48780
Content-Type: application/json; charset=utf-8
host: localhost:63297
accept: */*

Response DefaultHttpResponse(decodeResult: success, version: HTTP/1.1)
HTTP/1.1 200 OK
Content-Type: application/json; charset=utf-8
cache-control: no-cache
content-length: 15

17:28:52.175 [AsyncHttpClient-1-2] DEBUG org.asynchttpclient.netty.channel.ChannelManager - Adding key: http://localhost:63297 for channel [id: 0xf116e471, L:/127.0.0.1:54713 - R:localhost/127.0.0.1:63297]
17:28:52.217 [Forwarding findElement on session 0718abf509a8e91bc340b146db6ec50c to remote] DEBUG org.asynchttpclient.netty.request.NettyRequestSender - Using pooled Channel '[id: 0xf116e471, L:/127.0.0.1:54713 - R:localhost/127.0.0.1:63297]' for 'POST' to 'http://localhost:63297/session/0718abf509a8e91bc340b146db6ec50c/element'
17:28:52.217 [Forwarding findElement on session 0718abf509a8e91bc340b146db6ec50c to remote] DEBUG org.asynchttpclient.netty.request.NettyRequestSender - Using open Channel [id: 0xf116e471, L:/127.0.0.1:54713 - R:localhost/127.0.0.1:63297] for POST '/session/0718abf509a8e91bc340b146db6ec50c/element'
17:28:52.231 [AsyncHttpClient-1-2] DEBUG org.asynchttpclient.netty.handler.HttpHandler - 

Request DefaultHttpRequest(decodeResult: success, version: HTTP/1.1)
POST /session/0718abf509a8e91bc340b146db6ec50c/element HTTP/1.1
User-Agent: selenium/4.1.2 (java windows)
Content-Length: 78
Content-Type: application/json; charset=utf-8
host: localhost:63297
accept: */*

Response DefaultHttpResponse(decodeResult: success, version: HTTP/1.1)
HTTP/1.1 200 OK
Content-Type: application/json; charset=utf-8
cache-control: no-cache
content-length: 88

17:28:52.232 [AsyncHttpClient-1-2] DEBUG org.asynchttpclient.netty.channel.ChannelManager - Adding key: http://localhost:63297 for channel [id: 0xf116e471, L:/127.0.0.1:54713 - R:localhost/127.0.0.1:63297]
17:28:52.236 [Forwarding clickElement on session 0718abf509a8e91bc340b146db6ec50c to remote] DEBUG org.asynchttpclient.netty.request.NettyRequestSender - Using pooled Channel '[id: 0xf116e471, L:/127.0.0.1:54713 - R:localhost/127.0.0.1:63297]' for 'POST' to 'http://localhost:63297/session/0718abf509a8e91bc340b146db6ec50c/element/f7d9f2d5-5b24-44b0-a10a-90db117ed885/click'
17:28:52.236 [Forwarding clickElement on session 0718abf509a8e91bc340b146db6ec50c to remote] DEBUG org.asynchttpclient.netty.request.NettyRequestSender - Using open Channel [id: 0xf116e471, L:/127.0.0.1:54713 - R:localhost/127.0.0.1:63297] for POST '/session/0718abf509a8e91bc340b146db6ec50c/element/f7d9f2d5-5b24-44b0-a10a-90db117ed885/click'
17:28:52.313 [AsyncHttpClient-1-2] DEBUG org.asynchttpclient.netty.handler.HttpHandler - 

Request DefaultHttpRequest(decodeResult: success, version: HTTP/1.1)
POST /session/0718abf509a8e91bc340b146db6ec50c/element/f7d9f2d5-5b24-44b0-a10a-90db117ed885/click HTTP/1.1
User-Agent: selenium/4.1.2 (java windows)
Content-Length: 50
Content-Type: application/json; charset=utf-8
host: localhost:63297
accept: */*

Response DefaultHttpResponse(decodeResult: success, version: HTTP/1.1)
HTTP/1.1 200 OK
Content-Type: application/json; charset=utf-8
cache-control: no-cache
content-length: 14

17:28:52.314 [AsyncHttpClient-1-2] DEBUG org.asynchttpclient.netty.channel.ChannelManager - Adding key: http://localhost:63297 for channel [id: 0xf116e471, L:/127.0.0.1:54713 - R:localhost/127.0.0.1:63297]
17:28:52.354 [Forwarding screenshot on session 0718abf509a8e91bc340b146db6ec50c to remote] DEBUG org.asynchttpclient.netty.request.NettyRequestSender - Using pooled Channel '[id: 0xf116e471, L:/127.0.0.1:54713 - R:localhost/127.0.0.1:63297]' for 'GET' to 'http://localhost:63297/session/0718abf509a8e91bc340b146db6ec50c/screenshot'
17:28:52.354 [Forwarding screenshot on session 0718abf509a8e91bc340b146db6ec50c to remote] DEBUG org.asynchttpclient.netty.request.NettyRequestSender - Using open Channel [id: 0xf116e471, L:/127.0.0.1:54713 - R:localhost/127.0.0.1:63297] for GET '/session/0718abf509a8e91bc340b146db6ec50c/screenshot'
17:28:52.784 [AsyncHttpClient-1-2] DEBUG org.asynchttpclient.netty.handler.HttpHandler - 

Request DefaultFullHttpRequest(decodeResult: success, version: HTTP/1.1, content: EmptyByteBufBE)
GET /session/0718abf509a8e91bc340b146db6ec50c/screenshot HTTP/1.1
User-Agent: selenium/4.1.2 (java windows)
Cache-Control: no-cache
Content-Type: application/json; charset=utf-8
host: localhost:63297
accept: */*

Response DefaultHttpResponse(decodeResult: success, version: HTTP/1.1)
HTTP/1.1 200 OK
Content-Type: application/json; charset=utf-8
cache-control: no-cache
content-length: 357780

17:28:52.788 [AsyncHttpClient-1-2] DEBUG org.asynchttpclient.netty.channel.ChannelManager - Adding key: http://localhost:63297 for channel [id: 0xf116e471, L:/127.0.0.1:54713 - R:localhost/127.0.0.1:63297]
17:28:52.817 [Test worker] DEBUG net.serenitybdd.core.photography.Darkroom - Send negative for processing for C:\Users\johan\OneDrive\Documentos\KONEX\Pruebas automatizadas\automatizacion_login_backoffice_1v\target\site\serenity\9c022d68cccc6bf16f8f387ef313c533d9ff6b48c8b1660750298df8a324807f.png
17:28:52.853 [Test worker] DEBUG net.thucydides.core.steps.StepInterceptor - STEP DONE: {0} clicks on #target
17:28:52.884 [Forwarding screenshot on session 0718abf509a8e91bc340b146db6ec50c to remote] DEBUG org.asynchttpclient.netty.request.NettyRequestSender - Using pooled Channel '[id: 0xf116e471, L:/127.0.0.1:54713 - R:localhost/127.0.0.1:63297]' for 'GET' to 'http://localhost:63297/session/0718abf509a8e91bc340b146db6ec50c/screenshot'
17:28:52.885 [Forwarding screenshot on session 0718abf509a8e91bc340b146db6ec50c to remote] DEBUG org.asynchttpclient.netty.request.NettyRequestSender - Using open Channel [id: 0xf116e471, L:/127.0.0.1:54713 - R:localhost/127.0.0.1:63297] for GET '/session/0718abf509a8e91bc340b146db6ec50c/screenshot'
17:28:53.161 [AsyncHttpClient-1-1] DEBUG org.asynchttpclient.netty.channel.DefaultChannelPool - Entry count for : http://localhost:54715 : 1
17:28:53.268 [AsyncHttpClient-1-2] DEBUG org.asynchttpclient.netty.handler.HttpHandler - 

Request DefaultFullHttpRequest(decodeResult: success, version: HTTP/1.1, content: EmptyByteBufBE)
GET /session/0718abf509a8e91bc340b146db6ec50c/screenshot HTTP/1.1
User-Agent: selenium/4.1.2 (java windows)
Cache-Control: no-cache
Content-Type: application/json; charset=utf-8
host: localhost:63297
accept: */*

Response DefaultHttpResponse(decodeResult: success, version: HTTP/1.1)
HTTP/1.1 200 OK
Content-Type: application/json; charset=utf-8
cache-control: no-cache
content-length: 357780

17:28:53.271 [AsyncHttpClient-1-2] DEBUG org.asynchttpclient.netty.channel.ChannelManager - Adding key: http://localhost:63297 for channel [id: 0xf116e471, L:/127.0.0.1:54713 - R:localhost/127.0.0.1:63297]
17:28:53.293 [Test worker] DEBUG net.serenitybdd.core.photography.Darkroom - Send negative for processing for C:\Users\johan\OneDrive\Documentos\KONEX\Pruebas automatizadas\automatizacion_login_backoffice_1v\target\site\serenity\9c022d68cccc6bf16f8f387ef313c533d9ff6b48c8b1660750298df8a324807f.png
17:28:53.293 [Test worker] DEBUG net.thucydides.core.steps.StepInterceptor - STARTING STEP: Ingresar.performAs - {0} clicks on #target
17:28:53.294 [Test worker] DEBUG net.serenitybdd.screenplay.targets.IFrameSwitcher - default content already selected for Boton Aceptar
17:28:53.351 [Forwarding findElement on session 0718abf509a8e91bc340b146db6ec50c to remote] DEBUG org.asynchttpclient.netty.request.NettyRequestSender - Using pooled Channel '[id: 0xf116e471, L:/127.0.0.1:54713 - R:localhost/127.0.0.1:63297]' for 'POST' to 'http://localhost:63297/session/0718abf509a8e91bc340b146db6ec50c/element'
17:28:53.351 [Forwarding findElement on session 0718abf509a8e91bc340b146db6ec50c to remote] DEBUG org.asynchttpclient.netty.request.NettyRequestSender - Using open Channel [id: 0xf116e471, L:/127.0.0.1:54713 - R:localhost/127.0.0.1:63297] for POST '/session/0718abf509a8e91bc340b146db6ec50c/element'
17:28:53.361 [AsyncHttpClient-1-2] DEBUG org.asynchttpclient.netty.handler.HttpHandler - 

Request DefaultHttpRequest(decodeResult: success, version: HTTP/1.1)
POST /session/0718abf509a8e91bc340b146db6ec50c/element HTTP/1.1
User-Agent: selenium/4.1.2 (java windows)
Content-Length: 89
Content-Type: application/json; charset=utf-8
host: localhost:63297
accept: */*

Response DefaultHttpResponse(decodeResult: success, version: HTTP/1.1)
HTTP/1.1 200 OK
Content-Type: application/json; charset=utf-8
cache-control: no-cache
content-length: 88

17:28:53.362 [AsyncHttpClient-1-2] DEBUG org.asynchttpclient.netty.channel.ChannelManager - Adding key: http://localhost:63297 for channel [id: 0xf116e471, L:/127.0.0.1:54713 - R:localhost/127.0.0.1:63297]
17:28:53.373 [Forwarding isElementDisplayed on session 0718abf509a8e91bc340b146db6ec50c to remote] DEBUG org.asynchttpclient.netty.request.NettyRequestSender - Using pooled Channel '[id: 0xf116e471, L:/127.0.0.1:54713 - R:localhost/127.0.0.1:63297]' for 'POST' to 'http://localhost:63297/session/0718abf509a8e91bc340b146db6ec50c/execute/sync'
17:28:53.373 [Forwarding isElementDisplayed on session 0718abf509a8e91bc340b146db6ec50c to remote] DEBUG org.asynchttpclient.netty.request.NettyRequestSender - Using open Channel [id: 0xf116e471, L:/127.0.0.1:54713 - R:localhost/127.0.0.1:63297] for POST '/session/0718abf509a8e91bc340b146db6ec50c/execute/sync'
17:28:53.384 [AsyncHttpClient-1-2] DEBUG org.asynchttpclient.netty.handler.HttpHandler - 

Request DefaultHttpRequest(decodeResult: success, version: HTTP/1.1)
POST /session/0718abf509a8e91bc340b146db6ec50c/execute/sync HTTP/1.1
User-Agent: selenium/4.1.2 (java windows)
Content-Length: 48780
Content-Type: application/json; charset=utf-8
host: localhost:63297
accept: */*

Response DefaultHttpResponse(decodeResult: success, version: HTTP/1.1)
HTTP/1.1 200 OK
Content-Type: application/json; charset=utf-8
cache-control: no-cache
content-length: 14

17:28:53.384 [AsyncHttpClient-1-2] DEBUG org.asynchttpclient.netty.channel.ChannelManager - Adding key: http://localhost:63297 for channel [id: 0xf116e471, L:/127.0.0.1:54713 - R:localhost/127.0.0.1:63297]
17:28:53.404 [Forwarding findElement on session 0718abf509a8e91bc340b146db6ec50c to remote] DEBUG org.asynchttpclient.netty.request.NettyRequestSender - Using pooled Channel '[id: 0xf116e471, L:/127.0.0.1:54713 - R:localhost/127.0.0.1:63297]' for 'POST' to 'http://localhost:63297/session/0718abf509a8e91bc340b146db6ec50c/element'
17:28:53.404 [Forwarding findElement on session 0718abf509a8e91bc340b146db6ec50c to remote] DEBUG org.asynchttpclient.netty.request.NettyRequestSender - Using open Channel [id: 0xf116e471, L:/127.0.0.1:54713 - R:localhost/127.0.0.1:63297] for POST '/session/0718abf509a8e91bc340b146db6ec50c/element'
17:28:53.410 [AsyncHttpClient-1-2] DEBUG org.asynchttpclient.netty.handler.HttpHandler - 

Request DefaultHttpRequest(decodeResult: success, version: HTTP/1.1)
POST /session/0718abf509a8e91bc340b146db6ec50c/element HTTP/1.1
User-Agent: selenium/4.1.2 (java windows)
Content-Length: 89
Content-Type: application/json; charset=utf-8
host: localhost:63297
accept: */*

Response DefaultHttpResponse(decodeResult: success, version: HTTP/1.1)
HTTP/1.1 200 OK
Content-Type: application/json; charset=utf-8
cache-control: no-cache
content-length: 88

17:28:53.411 [AsyncHttpClient-1-2] DEBUG org.asynchttpclient.netty.channel.ChannelManager - Adding key: http://localhost:63297 for channel [id: 0xf116e471, L:/127.0.0.1:54713 - R:localhost/127.0.0.1:63297]
17:28:53.412 [Forwarding clickElement on session 0718abf509a8e91bc340b146db6ec50c to remote] DEBUG org.asynchttpclient.netty.request.NettyRequestSender - Using pooled Channel '[id: 0xf116e471, L:/127.0.0.1:54713 - R:localhost/127.0.0.1:63297]' for 'POST' to 'http://localhost:63297/session/0718abf509a8e91bc340b146db6ec50c/element/9f7fd9b2-9a08-492d-8683-f2e0b62756fa/click'
17:28:53.412 [Forwarding clickElement on session 0718abf509a8e91bc340b146db6ec50c to remote] DEBUG org.asynchttpclient.netty.request.NettyRequestSender - Using open Channel [id: 0xf116e471, L:/127.0.0.1:54713 - R:localhost/127.0.0.1:63297] for POST '/session/0718abf509a8e91bc340b146db6ec50c/element/9f7fd9b2-9a08-492d-8683-f2e0b62756fa/click'
17:28:53.542 [AsyncHttpClient-1-2] DEBUG org.asynchttpclient.netty.handler.HttpHandler - 

Request DefaultHttpRequest(decodeResult: success, version: HTTP/1.1)
POST /session/0718abf509a8e91bc340b146db6ec50c/element/9f7fd9b2-9a08-492d-8683-f2e0b62756fa/click HTTP/1.1
User-Agent: selenium/4.1.2 (java windows)
Content-Length: 50
Content-Type: application/json; charset=utf-8
host: localhost:63297
accept: */*

Response DefaultHttpResponse(decodeResult: success, version: HTTP/1.1)
HTTP/1.1 200 OK
Content-Type: application/json; charset=utf-8
cache-control: no-cache
content-length: 14

17:28:53.542 [AsyncHttpClient-1-2] DEBUG org.asynchttpclient.netty.channel.ChannelManager - Adding key: http://localhost:63297 for channel [id: 0xf116e471, L:/127.0.0.1:54713 - R:localhost/127.0.0.1:63297]
17:28:53.577 [Forwarding screenshot on session 0718abf509a8e91bc340b146db6ec50c to remote] DEBUG org.asynchttpclient.netty.request.NettyRequestSender - Using pooled Channel '[id: 0xf116e471, L:/127.0.0.1:54713 - R:localhost/127.0.0.1:63297]' for 'GET' to 'http://localhost:63297/session/0718abf509a8e91bc340b146db6ec50c/screenshot'
17:28:53.578 [Forwarding screenshot on session 0718abf509a8e91bc340b146db6ec50c to remote] DEBUG org.asynchttpclient.netty.request.NettyRequestSender - Using open Channel [id: 0xf116e471, L:/127.0.0.1:54713 - R:localhost/127.0.0.1:63297] for GET '/session/0718abf509a8e91bc340b146db6ec50c/screenshot'
17:28:53.726 [AsyncHttpClient-1-2] DEBUG org.asynchttpclient.netty.handler.HttpHandler - 

Request DefaultFullHttpRequest(decodeResult: success, version: HTTP/1.1, content: EmptyByteBufBE)
GET /session/0718abf509a8e91bc340b146db6ec50c/screenshot HTTP/1.1
User-Agent: selenium/4.1.2 (java windows)
Cache-Control: no-cache
Content-Type: application/json; charset=utf-8
host: localhost:63297
accept: */*

Response DefaultHttpResponse(decodeResult: success, version: HTTP/1.1)
HTTP/1.1 200 OK
Content-Type: application/json; charset=utf-8
cache-control: no-cache
content-length: 105092

17:28:53.727 [AsyncHttpClient-1-2] DEBUG org.asynchttpclient.netty.channel.ChannelManager - Adding key: http://localhost:63297 for channel [id: 0xf116e471, L:/127.0.0.1:54713 - R:localhost/127.0.0.1:63297]
17:28:53.734 [Test worker] DEBUG net.serenitybdd.core.photography.Darkroom - Send negative for processing for C:\Users\johan\OneDrive\Documentos\KONEX\Pruebas automatizadas\automatizacion_login_backoffice_1v\target\site\serenity\81510cc9496071b849dccef472b432ca5b8c0d54e59311d586bd6c1a0fcad976.png
17:28:53.735 [Darkroom Processing Line] DEBUG net.serenitybdd.core.photography.DarkroomProcessingLine - Processing screenshot image in /var/screenshots/screenshot-4014871115395699915
17:28:53.735 [Darkroom Processing Line] DEBUG net.serenitybdd.core.photography.DarkroomProcessingLine - Saving screenshot to C:\Users\johan\OneDrive\Documentos\KONEX\Pruebas automatizadas\automatizacion_login_backoffice_1v\target\site\serenity\81510cc9496071b849dccef472b432ca5b8c0d54e59311d586bd6c1a0fcad976.png
17:28:53.757 [Test worker] DEBUG net.thucydides.core.steps.StepInterceptor - STEP DONE: {0} clicks on #target
17:28:53.787 [Forwarding screenshot on session 0718abf509a8e91bc340b146db6ec50c to remote] DEBUG org.asynchttpclient.netty.request.NettyRequestSender - Using pooled Channel '[id: 0xf116e471, L:/127.0.0.1:54713 - R:localhost/127.0.0.1:63297]' for 'GET' to 'http://localhost:63297/session/0718abf509a8e91bc340b146db6ec50c/screenshot'
17:28:53.787 [Forwarding screenshot on session 0718abf509a8e91bc340b146db6ec50c to remote] DEBUG org.asynchttpclient.netty.request.NettyRequestSender - Using open Channel [id: 0xf116e471, L:/127.0.0.1:54713 - R:localhost/127.0.0.1:63297] for GET '/session/0718abf509a8e91bc340b146db6ec50c/screenshot'
17:28:53.934 [AsyncHttpClient-1-2] DEBUG org.asynchttpclient.netty.handler.HttpHandler - 

Request DefaultFullHttpRequest(decodeResult: success, version: HTTP/1.1, content: EmptyByteBufBE)
GET /session/0718abf509a8e91bc340b146db6ec50c/screenshot HTTP/1.1
User-Agent: selenium/4.1.2 (java windows)
Cache-Control: no-cache
Content-Type: application/json; charset=utf-8
host: localhost:63297
accept: */*

Response DefaultHttpResponse(decodeResult: success, version: HTTP/1.1)
HTTP/1.1 200 OK
Content-Type: application/json; charset=utf-8
cache-control: no-cache
content-length: 106688

17:28:53.935 [AsyncHttpClient-1-2] DEBUG org.asynchttpclient.netty.channel.ChannelManager - Adding key: http://localhost:63297 for channel [id: 0xf116e471, L:/127.0.0.1:54713 - R:localhost/127.0.0.1:63297]
17:28:53.940 [Test worker] DEBUG net.serenitybdd.core.photography.Darkroom - Send negative for processing for C:\Users\johan\OneDrive\Documentos\KONEX\Pruebas automatizadas\automatizacion_login_backoffice_1v\target\site\serenity\d56e993e009a2ead683f163c3c157b5181c3d69f5a9049a67990931631a315e2.png
17:28:53.940 [Test worker] DEBUG net.thucydides.core.steps.StepInterceptor - STEP DONE: performAs
17:28:53.940 [Darkroom Processing Line] DEBUG net.serenitybdd.core.photography.DarkroomProcessingLine - Processing screenshot image in /var/screenshots/screenshot-1686243050734543097
17:28:53.940 [Darkroom Processing Line] DEBUG net.serenitybdd.core.photography.DarkroomProcessingLine - Saving screenshot to C:\Users\johan\OneDrive\Documentos\KONEX\Pruebas automatizadas\automatizacion_login_backoffice_1v\target\site\serenity\d56e993e009a2ead683f163c3c157b5181c3d69f5a9049a67990931631a315e2.png
17:28:54.007 [Forwarding screenshot on session 0718abf509a8e91bc340b146db6ec50c to remote] DEBUG org.asynchttpclient.netty.request.NettyRequestSender - Using pooled Channel '[id: 0xf116e471, L:/127.0.0.1:54713 - R:localhost/127.0.0.1:63297]' for 'GET' to 'http://localhost:63297/session/0718abf509a8e91bc340b146db6ec50c/screenshot'
17:28:54.007 [Forwarding screenshot on session 0718abf509a8e91bc340b146db6ec50c to remote] DEBUG org.asynchttpclient.netty.request.NettyRequestSender - Using open Channel [id: 0xf116e471, L:/127.0.0.1:54713 - R:localhost/127.0.0.1:63297] for GET '/session/0718abf509a8e91bc340b146db6ec50c/screenshot'
17:28:54.088 [AsyncHttpClient-1-2] DEBUG org.asynchttpclient.netty.handler.HttpHandler - 

Request DefaultFullHttpRequest(decodeResult: success, version: HTTP/1.1, content: EmptyByteBufBE)
GET /session/0718abf509a8e91bc340b146db6ec50c/screenshot HTTP/1.1
User-Agent: selenium/4.1.2 (java windows)
Cache-Control: no-cache
Content-Type: application/json; charset=utf-8
host: localhost:63297
accept: */*

Response DefaultHttpResponse(decodeResult: success, version: HTTP/1.1)
HTTP/1.1 200 OK
Content-Type: application/json; charset=utf-8
cache-control: no-cache
content-length: 106688

17:28:54.089 [AsyncHttpClient-1-2] DEBUG org.asynchttpclient.netty.channel.ChannelManager - Adding key: http://localhost:63297 for channel [id: 0xf116e471, L:/127.0.0.1:54713 - R:localhost/127.0.0.1:63297]
17:28:54.094 [Test worker] DEBUG net.serenitybdd.core.photography.Darkroom - Send negative for processing for C:\Users\johan\OneDrive\Documentos\KONEX\Pruebas automatizadas\automatizacion_login_backoffice_1v\target\site\serenity\d56e993e009a2ead683f163c3c157b5181c3d69f5a9049a67990931631a315e2.png
17:28:54.094 [Test worker] DEBUG net.thucydides.core.steps.StepInterceptor - STARTING STEP: AdminLoteriaStepdefinitions.ingreseAlModuloEscrutinioYSubmoduloLoteria - performAs
17:28:54.116 [Test worker] DEBUG net.thucydides.core.steps.StepInterceptor - STARTING STEP: Presionar.performAs - {0} clicks on #target
17:28:54.116 [Test worker] DEBUG net.serenitybdd.screenplay.targets.IFrameSwitcher - default content already selected for Modulo de escrutinio
17:28:54.174 [Forwarding findElement on session 0718abf509a8e91bc340b146db6ec50c to remote] DEBUG org.asynchttpclient.netty.request.NettyRequestSender - Using pooled Channel '[id: 0xf116e471, L:/127.0.0.1:54713 - R:localhost/127.0.0.1:63297]' for 'POST' to 'http://localhost:63297/session/0718abf509a8e91bc340b146db6ec50c/element'
17:28:54.174 [Forwarding findElement on session 0718abf509a8e91bc340b146db6ec50c to remote] DEBUG org.asynchttpclient.netty.request.NettyRequestSender - Using open Channel [id: 0xf116e471, L:/127.0.0.1:54713 - R:localhost/127.0.0.1:63297] for POST '/session/0718abf509a8e91bc340b146db6ec50c/element'
17:28:54.185 [AsyncHttpClient-1-2] DEBUG org.asynchttpclient.netty.handler.HttpHandler - 

Request DefaultHttpRequest(decodeResult: success, version: HTTP/1.1)
POST /session/0718abf509a8e91bc340b146db6ec50c/element HTTP/1.1
User-Agent: selenium/4.1.2 (java windows)
Content-Length: 83
Content-Type: application/json; charset=utf-8
host: localhost:63297
accept: */*

Response DefaultHttpResponse(decodeResult: success, version: HTTP/1.1)
HTTP/1.1 200 OK
Content-Type: application/json; charset=utf-8
cache-control: no-cache
content-length: 88

17:28:54.185 [AsyncHttpClient-1-2] DEBUG org.asynchttpclient.netty.channel.ChannelManager - Adding key: http://localhost:63297 for channel [id: 0xf116e471, L:/127.0.0.1:54713 - R:localhost/127.0.0.1:63297]
17:28:54.197 [Forwarding isElementDisplayed on session 0718abf509a8e91bc340b146db6ec50c to remote] DEBUG org.asynchttpclient.netty.request.NettyRequestSender - Using pooled Channel '[id: 0xf116e471, L:/127.0.0.1:54713 - R:localhost/127.0.0.1:63297]' for 'POST' to 'http://localhost:63297/session/0718abf509a8e91bc340b146db6ec50c/execute/sync'
17:28:54.198 [Forwarding isElementDisplayed on session 0718abf509a8e91bc340b146db6ec50c to remote] DEBUG org.asynchttpclient.netty.request.NettyRequestSender - Using open Channel [id: 0xf116e471, L:/127.0.0.1:54713 - R:localhost/127.0.0.1:63297] for POST '/session/0718abf509a8e91bc340b146db6ec50c/execute/sync'
17:28:54.207 [AsyncHttpClient-1-2] DEBUG org.asynchttpclient.netty.handler.HttpHandler - 

Request DefaultHttpRequest(decodeResult: success, version: HTTP/1.1)
POST /session/0718abf509a8e91bc340b146db6ec50c/execute/sync HTTP/1.1
User-Agent: selenium/4.1.2 (java windows)
Content-Length: 48780
Content-Type: application/json; charset=utf-8
host: localhost:63297
accept: */*

Response DefaultHttpResponse(decodeResult: success, version: HTTP/1.1)
HTTP/1.1 200 OK
Content-Type: application/json; charset=utf-8
cache-control: no-cache
content-length: 14

17:28:54.207 [AsyncHttpClient-1-2] DEBUG org.asynchttpclient.netty.channel.ChannelManager - Adding key: http://localhost:63297 for channel [id: 0xf116e471, L:/127.0.0.1:54713 - R:localhost/127.0.0.1:63297]
17:28:54.227 [Forwarding findElement on session 0718abf509a8e91bc340b146db6ec50c to remote] DEBUG org.asynchttpclient.netty.request.NettyRequestSender - Using pooled Channel '[id: 0xf116e471, L:/127.0.0.1:54713 - R:localhost/127.0.0.1:63297]' for 'POST' to 'http://localhost:63297/session/0718abf509a8e91bc340b146db6ec50c/element'
17:28:54.227 [Forwarding findElement on session 0718abf509a8e91bc340b146db6ec50c to remote] DEBUG org.asynchttpclient.netty.request.NettyRequestSender - Using open Channel [id: 0xf116e471, L:/127.0.0.1:54713 - R:localhost/127.0.0.1:63297] for POST '/session/0718abf509a8e91bc340b146db6ec50c/element'
17:28:54.235 [AsyncHttpClient-1-2] DEBUG org.asynchttpclient.netty.handler.HttpHandler - 

Request DefaultHttpRequest(decodeResult: success, version: HTTP/1.1)
POST /session/0718abf509a8e91bc340b146db6ec50c/element HTTP/1.1
User-Agent: selenium/4.1.2 (java windows)
Content-Length: 83
Content-Type: application/json; charset=utf-8
host: localhost:63297
accept: */*

Response DefaultHttpResponse(decodeResult: success, version: HTTP/1.1)
HTTP/1.1 200 OK
Content-Type: application/json; charset=utf-8
cache-control: no-cache
content-length: 88

17:28:54.235 [AsyncHttpClient-1-2] DEBUG org.asynchttpclient.netty.channel.ChannelManager - Adding key: http://localhost:63297 for channel [id: 0xf116e471, L:/127.0.0.1:54713 - R:localhost/127.0.0.1:63297]
17:28:54.236 [Forwarding clickElement on session 0718abf509a8e91bc340b146db6ec50c to remote] DEBUG org.asynchttpclient.netty.request.NettyRequestSender - Using pooled Channel '[id: 0xf116e471, L:/127.0.0.1:54713 - R:localhost/127.0.0.1:63297]' for 'POST' to 'http://localhost:63297/session/0718abf509a8e91bc340b146db6ec50c/element/4c1fcfeb-f97d-4562-861d-0a511832170f/click'
17:28:54.236 [Forwarding clickElement on session 0718abf509a8e91bc340b146db6ec50c to remote] DEBUG org.asynchttpclient.netty.request.NettyRequestSender - Using open Channel [id: 0xf116e471, L:/127.0.0.1:54713 - R:localhost/127.0.0.1:63297] for POST '/session/0718abf509a8e91bc340b146db6ec50c/element/4c1fcfeb-f97d-4562-861d-0a511832170f/click'
17:28:54.259 [AsyncHttpClient-1-1] DEBUG org.asynchttpclient.netty.channel.DefaultChannelPool - Entry count for : http://localhost:54715 : 1
17:28:54.270 [AsyncHttpClient-1-2] DEBUG org.asynchttpclient.netty.handler.HttpHandler - 

Request DefaultHttpRequest(decodeResult: success, version: HTTP/1.1)
POST /session/0718abf509a8e91bc340b146db6ec50c/element/4c1fcfeb-f97d-4562-861d-0a511832170f/click HTTP/1.1
User-Agent: selenium/4.1.2 (java windows)
Content-Length: 50
Content-Type: application/json; charset=utf-8
host: localhost:63297
accept: */*

Response DefaultHttpResponse(decodeResult: success, version: HTTP/1.1)
HTTP/1.1 200 OK
Content-Type: application/json; charset=utf-8
cache-control: no-cache
content-length: 14

17:28:54.270 [AsyncHttpClient-1-2] DEBUG org.asynchttpclient.netty.channel.ChannelManager - Adding key: http://localhost:63297 for channel [id: 0xf116e471, L:/127.0.0.1:54713 - R:localhost/127.0.0.1:63297]
17:28:54.287 [Forwarding screenshot on session 0718abf509a8e91bc340b146db6ec50c to remote] DEBUG org.asynchttpclient.netty.request.NettyRequestSender - Using pooled Channel '[id: 0xf116e471, L:/127.0.0.1:54713 - R:localhost/127.0.0.1:63297]' for 'GET' to 'http://localhost:63297/session/0718abf509a8e91bc340b146db6ec50c/screenshot'
17:28:54.287 [Forwarding screenshot on session 0718abf509a8e91bc340b146db6ec50c to remote] DEBUG org.asynchttpclient.netty.request.NettyRequestSender - Using open Channel [id: 0xf116e471, L:/127.0.0.1:54713 - R:localhost/127.0.0.1:63297] for GET '/session/0718abf509a8e91bc340b146db6ec50c/screenshot'
17:28:54.494 [AsyncHttpClient-1-2] DEBUG org.asynchttpclient.netty.handler.HttpHandler - 

Request DefaultFullHttpRequest(decodeResult: success, version: HTTP/1.1, content: EmptyByteBufBE)
GET /session/0718abf509a8e91bc340b146db6ec50c/screenshot HTTP/1.1
User-Agent: selenium/4.1.2 (java windows)
Cache-Control: no-cache
Content-Type: application/json; charset=utf-8
host: localhost:63297
accept: */*

Response DefaultHttpResponse(decodeResult: success, version: HTTP/1.1)
HTTP/1.1 200 OK
Content-Type: application/json; charset=utf-8
cache-control: no-cache
content-length: 116660

17:28:54.495 [AsyncHttpClient-1-2] DEBUG org.asynchttpclient.netty.channel.ChannelManager - Adding key: http://localhost:63297 for channel [id: 0xf116e471, L:/127.0.0.1:54713 - R:localhost/127.0.0.1:63297]
17:28:54.510 [Test worker] DEBUG net.serenitybdd.core.photography.Darkroom - Send negative for processing for C:\Users\johan\OneDrive\Documentos\KONEX\Pruebas automatizadas\automatizacion_login_backoffice_1v\target\site\serenity\dc01627665e3acafefa39128e3b1c42df57b0bcbc3b8fcf4b20afd6ee79a8d93.png
17:28:54.511 [Darkroom Processing Line] DEBUG net.serenitybdd.core.photography.DarkroomProcessingLine - Processing screenshot image in /var/screenshots/screenshot-350783515510734916
17:28:54.511 [Darkroom Processing Line] DEBUG net.serenitybdd.core.photography.DarkroomProcessingLine - Saving screenshot to C:\Users\johan\OneDrive\Documentos\KONEX\Pruebas automatizadas\automatizacion_login_backoffice_1v\target\site\serenity\dc01627665e3acafefa39128e3b1c42df57b0bcbc3b8fcf4b20afd6ee79a8d93.png
17:28:54.555 [Test worker] DEBUG net.thucydides.core.steps.StepInterceptor - STEP DONE: {0} clicks on #target
17:28:54.595 [Forwarding screenshot on session 0718abf509a8e91bc340b146db6ec50c to remote] DEBUG org.asynchttpclient.netty.request.NettyRequestSender - Using pooled Channel '[id: 0xf116e471, L:/127.0.0.1:54713 - R:localhost/127.0.0.1:63297]' for 'GET' to 'http://localhost:63297/session/0718abf509a8e91bc340b146db6ec50c/screenshot'
17:28:54.595 [Forwarding screenshot on session 0718abf509a8e91bc340b146db6ec50c to remote] DEBUG org.asynchttpclient.netty.request.NettyRequestSender - Using open Channel [id: 0xf116e471, L:/127.0.0.1:54713 - R:localhost/127.0.0.1:63297] for GET '/session/0718abf509a8e91bc340b146db6ec50c/screenshot'
17:28:54.790 [AsyncHttpClient-1-2] DEBUG org.asynchttpclient.netty.handler.HttpHandler - 

Request DefaultFullHttpRequest(decodeResult: success, version: HTTP/1.1, content: EmptyByteBufBE)
GET /session/0718abf509a8e91bc340b146db6ec50c/screenshot HTTP/1.1
User-Agent: selenium/4.1.2 (java windows)
Cache-Control: no-cache
Content-Type: application/json; charset=utf-8
host: localhost:63297
accept: */*

Response DefaultHttpResponse(decodeResult: success, version: HTTP/1.1)
HTTP/1.1 200 OK
Content-Type: application/json; charset=utf-8
cache-control: no-cache
content-length: 129312

17:28:54.792 [AsyncHttpClient-1-2] DEBUG org.asynchttpclient.netty.channel.ChannelManager - Adding key: http://localhost:63297 for channel [id: 0xf116e471, L:/127.0.0.1:54713 - R:localhost/127.0.0.1:63297]
17:28:54.802 [Test worker] DEBUG net.serenitybdd.core.photography.Darkroom - Send negative for processing for C:\Users\johan\OneDrive\Documentos\KONEX\Pruebas automatizadas\automatizacion_login_backoffice_1v\target\site\serenity\7b2f5bea3f409dc4bae59893745c97c34ade4e8f3d916c1631c11d2e24e75d79.png
17:28:54.802 [Test worker] DEBUG net.thucydides.core.steps.StepInterceptor - STARTING STEP: Presionar.performAs - {0} clicks on #target
17:28:54.803 [Darkroom Processing Line] DEBUG net.serenitybdd.core.photography.DarkroomProcessingLine - Processing screenshot image in /var/screenshots/screenshot-4155469561273266535
17:28:54.803 [Darkroom Processing Line] DEBUG net.serenitybdd.core.photography.DarkroomProcessingLine - Saving screenshot to C:\Users\johan\OneDrive\Documentos\KONEX\Pruebas automatizadas\automatizacion_login_backoffice_1v\target\site\serenity\7b2f5bea3f409dc4bae59893745c97c34ade4e8f3d916c1631c11d2e24e75d79.png
17:28:54.803 [Test worker] DEBUG net.serenitybdd.screenplay.targets.IFrameSwitcher - default content already selected for Submodulo loterias
17:28:54.945 [Forwarding findElement on session 0718abf509a8e91bc340b146db6ec50c to remote] DEBUG org.asynchttpclient.netty.request.NettyRequestSender - Using pooled Channel '[id: 0xf116e471, L:/127.0.0.1:54713 - R:localhost/127.0.0.1:63297]' for 'POST' to 'http://localhost:63297/session/0718abf509a8e91bc340b146db6ec50c/element'
17:28:54.945 [Forwarding findElement on session 0718abf509a8e91bc340b146db6ec50c to remote] DEBUG org.asynchttpclient.netty.request.NettyRequestSender - Using open Channel [id: 0xf116e471, L:/127.0.0.1:54713 - R:localhost/127.0.0.1:63297] for POST '/session/0718abf509a8e91bc340b146db6ec50c/element'
17:28:54.966 [AsyncHttpClient-1-2] DEBUG org.asynchttpclient.netty.handler.HttpHandler - 

Request DefaultHttpRequest(decodeResult: success, version: HTTP/1.1)
POST /session/0718abf509a8e91bc340b146db6ec50c/element HTTP/1.1
User-Agent: selenium/4.1.2 (java windows)
Content-Length: 108
Content-Type: application/json; charset=utf-8
host: localhost:63297
accept: */*

Response DefaultHttpResponse(decodeResult: success, version: HTTP/1.1)
HTTP/1.1 200 OK
Content-Type: application/json; charset=utf-8
cache-control: no-cache
content-length: 88

17:28:54.967 [AsyncHttpClient-1-2] DEBUG org.asynchttpclient.netty.channel.ChannelManager - Adding key: http://localhost:63297 for channel [id: 0xf116e471, L:/127.0.0.1:54713 - R:localhost/127.0.0.1:63297]
17:28:54.993 [Forwarding isElementDisplayed on session 0718abf509a8e91bc340b146db6ec50c to remote] DEBUG org.asynchttpclient.netty.request.NettyRequestSender - Using pooled Channel '[id: 0xf116e471, L:/127.0.0.1:54713 - R:localhost/127.0.0.1:63297]' for 'POST' to 'http://localhost:63297/session/0718abf509a8e91bc340b146db6ec50c/execute/sync'
17:28:54.994 [Forwarding isElementDisplayed on session 0718abf509a8e91bc340b146db6ec50c to remote] DEBUG org.asynchttpclient.netty.request.NettyRequestSender - Using open Channel [id: 0xf116e471, L:/127.0.0.1:54713 - R:localhost/127.0.0.1:63297] for POST '/session/0718abf509a8e91bc340b146db6ec50c/execute/sync'
17:28:55.011 [AsyncHttpClient-1-2] DEBUG org.asynchttpclient.netty.handler.HttpHandler - 

Request DefaultHttpRequest(decodeResult: success, version: HTTP/1.1)
POST /session/0718abf509a8e91bc340b146db6ec50c/execute/sync HTTP/1.1
User-Agent: selenium/4.1.2 (java windows)
Content-Length: 48780
Content-Type: application/json; charset=utf-8
host: localhost:63297
accept: */*

Response DefaultHttpResponse(decodeResult: success, version: HTTP/1.1)
HTTP/1.1 200 OK
Content-Type: application/json; charset=utf-8
cache-control: no-cache
content-length: 14

17:28:55.012 [AsyncHttpClient-1-2] DEBUG org.asynchttpclient.netty.channel.ChannelManager - Adding key: http://localhost:63297 for channel [id: 0xf116e471, L:/127.0.0.1:54713 - R:localhost/127.0.0.1:63297]
17:28:55.054 [Forwarding findElement on session 0718abf509a8e91bc340b146db6ec50c to remote] DEBUG org.asynchttpclient.netty.request.NettyRequestSender - Using pooled Channel '[id: 0xf116e471, L:/127.0.0.1:54713 - R:localhost/127.0.0.1:63297]' for 'POST' to 'http://localhost:63297/session/0718abf509a8e91bc340b146db6ec50c/element'
17:28:55.054 [Forwarding findElement on session 0718abf509a8e91bc340b146db6ec50c to remote] DEBUG org.asynchttpclient.netty.request.NettyRequestSender - Using open Channel [id: 0xf116e471, L:/127.0.0.1:54713 - R:localhost/127.0.0.1:63297] for POST '/session/0718abf509a8e91bc340b146db6ec50c/element'
17:28:55.068 [AsyncHttpClient-1-2] DEBUG org.asynchttpclient.netty.handler.HttpHandler - 

Request DefaultHttpRequest(decodeResult: success, version: HTTP/1.1)
POST /session/0718abf509a8e91bc340b146db6ec50c/element HTTP/1.1
User-Agent: selenium/4.1.2 (java windows)
Content-Length: 108
Content-Type: application/json; charset=utf-8
host: localhost:63297
accept: */*

Response DefaultHttpResponse(decodeResult: success, version: HTTP/1.1)
HTTP/1.1 200 OK
Content-Type: application/json; charset=utf-8
cache-control: no-cache
content-length: 88

17:28:55.069 [AsyncHttpClient-1-2] DEBUG org.asynchttpclient.netty.channel.ChannelManager - Adding key: http://localhost:63297 for channel [id: 0xf116e471, L:/127.0.0.1:54713 - R:localhost/127.0.0.1:63297]
17:28:55.072 [Forwarding clickElement on session 0718abf509a8e91bc340b146db6ec50c to remote] DEBUG org.asynchttpclient.netty.request.NettyRequestSender - Using pooled Channel '[id: 0xf116e471, L:/127.0.0.1:54713 - R:localhost/127.0.0.1:63297]' for 'POST' to 'http://localhost:63297/session/0718abf509a8e91bc340b146db6ec50c/element/5f8bc32b-beaf-4370-8dc8-0db3e42da7fe/click'
17:28:55.072 [Forwarding clickElement on session 0718abf509a8e91bc340b146db6ec50c to remote] DEBUG org.asynchttpclient.netty.request.NettyRequestSender - Using open Channel [id: 0xf116e471, L:/127.0.0.1:54713 - R:localhost/127.0.0.1:63297] for POST '/session/0718abf509a8e91bc340b146db6ec50c/element/5f8bc32b-beaf-4370-8dc8-0db3e42da7fe/click'
17:28:55.188 [AsyncHttpClient-1-2] DEBUG org.asynchttpclient.netty.handler.HttpHandler - 

Request DefaultHttpRequest(decodeResult: success, version: HTTP/1.1)
POST /session/0718abf509a8e91bc340b146db6ec50c/element/5f8bc32b-beaf-4370-8dc8-0db3e42da7fe/click HTTP/1.1
User-Agent: selenium/4.1.2 (java windows)
Content-Length: 50
Content-Type: application/json; charset=utf-8
host: localhost:63297
accept: */*

Response DefaultHttpResponse(decodeResult: success, version: HTTP/1.1)
HTTP/1.1 200 OK
Content-Type: application/json; charset=utf-8
cache-control: no-cache
content-length: 14

17:28:55.188 [AsyncHttpClient-1-2] DEBUG org.asynchttpclient.netty.channel.ChannelManager - Adding key: http://localhost:63297 for channel [id: 0xf116e471, L:/127.0.0.1:54713 - R:localhost/127.0.0.1:63297]
17:28:55.236 [Forwarding screenshot on session 0718abf509a8e91bc340b146db6ec50c to remote] DEBUG org.asynchttpclient.netty.request.NettyRequestSender - Using pooled Channel '[id: 0xf116e471, L:/127.0.0.1:54713 - R:localhost/127.0.0.1:63297]' for 'GET' to 'http://localhost:63297/session/0718abf509a8e91bc340b146db6ec50c/screenshot'
17:28:55.236 [Forwarding screenshot on session 0718abf509a8e91bc340b146db6ec50c to remote] DEBUG org.asynchttpclient.netty.request.NettyRequestSender - Using open Channel [id: 0xf116e471, L:/127.0.0.1:54713 - R:localhost/127.0.0.1:63297] for GET '/session/0718abf509a8e91bc340b146db6ec50c/screenshot'
17:28:55.350 [AsyncHttpClient-1-1] DEBUG org.asynchttpclient.netty.channel.DefaultChannelPool - Entry count for : http://localhost:54715 : 1
17:28:55.559 [AsyncHttpClient-1-2] DEBUG org.asynchttpclient.netty.handler.HttpHandler - 

Request DefaultFullHttpRequest(decodeResult: success, version: HTTP/1.1, content: EmptyByteBufBE)
GET /session/0718abf509a8e91bc340b146db6ec50c/screenshot HTTP/1.1
User-Agent: selenium/4.1.2 (java windows)
Cache-Control: no-cache
Content-Type: application/json; charset=utf-8
host: localhost:63297
accept: */*

Response DefaultHttpResponse(decodeResult: success, version: HTTP/1.1)
HTTP/1.1 200 OK
Content-Type: application/json; charset=utf-8
cache-control: no-cache
content-length: 119640

17:28:55.561 [AsyncHttpClient-1-2] DEBUG org.asynchttpclient.netty.channel.ChannelManager - Adding key: http://localhost:63297 for channel [id: 0xf116e471, L:/127.0.0.1:54713 - R:localhost/127.0.0.1:63297]
17:28:55.572 [Test worker] DEBUG net.serenitybdd.core.photography.Darkroom - Send negative for processing for C:\Users\johan\OneDrive\Documentos\KONEX\Pruebas automatizadas\automatizacion_login_backoffice_1v\target\site\serenity\63e125931d44d58c671be8fad27212f1bb40a4b3952d9a0bd83b0af01dcecc87.png
17:28:55.573 [Darkroom Processing Line] DEBUG net.serenitybdd.core.photography.DarkroomProcessingLine - Processing screenshot image in /var/screenshots/screenshot-3802715727950690030
17:28:55.573 [Darkroom Processing Line] DEBUG net.serenitybdd.core.photography.DarkroomProcessingLine - Saving screenshot to C:\Users\johan\OneDrive\Documentos\KONEX\Pruebas automatizadas\automatizacion_login_backoffice_1v\target\site\serenity\63e125931d44d58c671be8fad27212f1bb40a4b3952d9a0bd83b0af01dcecc87.png
17:28:55.608 [Test worker] DEBUG net.thucydides.core.steps.StepInterceptor - STEP DONE: {0} clicks on #target
17:28:55.641 [Forwarding screenshot on session 0718abf509a8e91bc340b146db6ec50c to remote] DEBUG org.asynchttpclient.netty.request.NettyRequestSender - Using pooled Channel '[id: 0xf116e471, L:/127.0.0.1:54713 - R:localhost/127.0.0.1:63297]' for 'GET' to 'http://localhost:63297/session/0718abf509a8e91bc340b146db6ec50c/screenshot'
17:28:55.641 [Forwarding screenshot on session 0718abf509a8e91bc340b146db6ec50c to remote] DEBUG org.asynchttpclient.netty.request.NettyRequestSender - Using open Channel [id: 0xf116e471, L:/127.0.0.1:54713 - R:localhost/127.0.0.1:63297] for GET '/session/0718abf509a8e91bc340b146db6ec50c/screenshot'
17:28:55.879 [AsyncHttpClient-1-2] DEBUG org.asynchttpclient.netty.handler.HttpHandler - 

Request DefaultFullHttpRequest(decodeResult: success, version: HTTP/1.1, content: EmptyByteBufBE)
GET /session/0718abf509a8e91bc340b146db6ec50c/screenshot HTTP/1.1
User-Agent: selenium/4.1.2 (java windows)
Cache-Control: no-cache
Content-Type: application/json; charset=utf-8
host: localhost:63297
accept: */*

Response DefaultHttpResponse(decodeResult: success, version: HTTP/1.1)
HTTP/1.1 200 OK
Content-Type: application/json; charset=utf-8
cache-control: no-cache
content-length: 119708

17:28:55.880 [AsyncHttpClient-1-2] DEBUG org.asynchttpclient.netty.channel.ChannelManager - Adding key: http://localhost:63297 for channel [id: 0xf116e471, L:/127.0.0.1:54713 - R:localhost/127.0.0.1:63297]
17:28:55.893 [Test worker] DEBUG net.serenitybdd.core.photography.Darkroom - Send negative for processing for C:\Users\johan\OneDrive\Documentos\KONEX\Pruebas automatizadas\automatizacion_login_backoffice_1v\target\site\serenity\481f80c490b5be3f5ad7c79e2d065f42fc4815578e1004840856803d2ed1536f.png
17:28:55.894 [Test worker] DEBUG net.thucydides.core.steps.StepInterceptor - STARTING STEP: Presionar.performAs - {0} clicks on #target
17:28:55.894 [Darkroom Processing Line] DEBUG net.serenitybdd.core.photography.DarkroomProcessingLine - Processing screenshot image in /var/screenshots/screenshot-2728583436453810725
17:28:55.894 [Darkroom Processing Line] DEBUG net.serenitybdd.core.photography.DarkroomProcessingLine - Saving screenshot to C:\Users\johan\OneDrive\Documentos\KONEX\Pruebas automatizadas\automatizacion_login_backoffice_1v\target\site\serenity\481f80c490b5be3f5ad7c79e2d065f42fc4815578e1004840856803d2ed1536f.png
17:28:55.905 [Test worker] DEBUG net.serenitybdd.screenplay.targets.IFrameSwitcher - default content already selected for boton para crear loteria
17:28:56.058 [Forwarding findElement on session 0718abf509a8e91bc340b146db6ec50c to remote] DEBUG org.asynchttpclient.netty.request.NettyRequestSender - Using pooled Channel '[id: 0xf116e471, L:/127.0.0.1:54713 - R:localhost/127.0.0.1:63297]' for 'POST' to 'http://localhost:63297/session/0718abf509a8e91bc340b146db6ec50c/element'
17:28:56.058 [Forwarding findElement on session 0718abf509a8e91bc340b146db6ec50c to remote] DEBUG org.asynchttpclient.netty.request.NettyRequestSender - Using open Channel [id: 0xf116e471, L:/127.0.0.1:54713 - R:localhost/127.0.0.1:63297] for POST '/session/0718abf509a8e91bc340b146db6ec50c/element'
17:28:56.080 [AsyncHttpClient-1-2] DEBUG org.asynchttpclient.netty.handler.HttpHandler - 

Request DefaultHttpRequest(decodeResult: success, version: HTTP/1.1)
POST /session/0718abf509a8e91bc340b146db6ec50c/element HTTP/1.1
User-Agent: selenium/4.1.2 (java windows)
Content-Length: 94
Content-Type: application/json; charset=utf-8
host: localhost:63297
accept: */*

Response DefaultHttpResponse(decodeResult: success, version: HTTP/1.1)
HTTP/1.1 200 OK
Content-Type: application/json; charset=utf-8
cache-control: no-cache
content-length: 88

17:28:56.081 [AsyncHttpClient-1-2] DEBUG org.asynchttpclient.netty.channel.ChannelManager - Adding key: http://localhost:63297 for channel [id: 0xf116e471, L:/127.0.0.1:54713 - R:localhost/127.0.0.1:63297]
17:28:56.107 [Forwarding isElementDisplayed on session 0718abf509a8e91bc340b146db6ec50c to remote] DEBUG org.asynchttpclient.netty.request.NettyRequestSender - Using pooled Channel '[id: 0xf116e471, L:/127.0.0.1:54713 - R:localhost/127.0.0.1:63297]' for 'POST' to 'http://localhost:63297/session/0718abf509a8e91bc340b146db6ec50c/execute/sync'
17:28:56.108 [Forwarding isElementDisplayed on session 0718abf509a8e91bc340b146db6ec50c to remote] DEBUG org.asynchttpclient.netty.request.NettyRequestSender - Using open Channel [id: 0xf116e471, L:/127.0.0.1:54713 - R:localhost/127.0.0.1:63297] for POST '/session/0718abf509a8e91bc340b146db6ec50c/execute/sync'
17:28:56.126 [AsyncHttpClient-1-2] DEBUG org.asynchttpclient.netty.handler.HttpHandler - 

Request DefaultHttpRequest(decodeResult: success, version: HTTP/1.1)
POST /session/0718abf509a8e91bc340b146db6ec50c/execute/sync HTTP/1.1
User-Agent: selenium/4.1.2 (java windows)
Content-Length: 48780
Content-Type: application/json; charset=utf-8
host: localhost:63297
accept: */*

Response DefaultHttpResponse(decodeResult: success, version: HTTP/1.1)
HTTP/1.1 200 OK
Content-Type: application/json; charset=utf-8
cache-control: no-cache
content-length: 14

17:28:56.126 [AsyncHttpClient-1-2] DEBUG org.asynchttpclient.netty.channel.ChannelManager - Adding key: http://localhost:63297 for channel [id: 0xf116e471, L:/127.0.0.1:54713 - R:localhost/127.0.0.1:63297]
17:28:56.166 [Forwarding findElement on session 0718abf509a8e91bc340b146db6ec50c to remote] DEBUG org.asynchttpclient.netty.request.NettyRequestSender - Using pooled Channel '[id: 0xf116e471, L:/127.0.0.1:54713 - R:localhost/127.0.0.1:63297]' for 'POST' to 'http://localhost:63297/session/0718abf509a8e91bc340b146db6ec50c/element'
17:28:56.167 [Forwarding findElement on session 0718abf509a8e91bc340b146db6ec50c to remote] DEBUG org.asynchttpclient.netty.request.NettyRequestSender - Using open Channel [id: 0xf116e471, L:/127.0.0.1:54713 - R:localhost/127.0.0.1:63297] for POST '/session/0718abf509a8e91bc340b146db6ec50c/element'
17:28:56.179 [AsyncHttpClient-1-2] DEBUG org.asynchttpclient.netty.handler.HttpHandler - 

Request DefaultHttpRequest(decodeResult: success, version: HTTP/1.1)
POST /session/0718abf509a8e91bc340b146db6ec50c/element HTTP/1.1
User-Agent: selenium/4.1.2 (java windows)
Content-Length: 94
Content-Type: application/json; charset=utf-8
host: localhost:63297
accept: */*

Response DefaultHttpResponse(decodeResult: success, version: HTTP/1.1)
HTTP/1.1 200 OK
Content-Type: application/json; charset=utf-8
cache-control: no-cache
content-length: 88

17:28:56.179 [AsyncHttpClient-1-2] DEBUG org.asynchttpclient.netty.channel.ChannelManager - Adding key: http://localhost:63297 for channel [id: 0xf116e471, L:/127.0.0.1:54713 - R:localhost/127.0.0.1:63297]
17:28:56.182 [Forwarding clickElement on session 0718abf509a8e91bc340b146db6ec50c to remote] DEBUG org.asynchttpclient.netty.request.NettyRequestSender - Using pooled Channel '[id: 0xf116e471, L:/127.0.0.1:54713 - R:localhost/127.0.0.1:63297]' for 'POST' to 'http://localhost:63297/session/0718abf509a8e91bc340b146db6ec50c/element/ac3701de-f723-4cfd-ba7a-170964192c32/click'
17:28:56.182 [Forwarding clickElement on session 0718abf509a8e91bc340b146db6ec50c to remote] DEBUG org.asynchttpclient.netty.request.NettyRequestSender - Using open Channel [id: 0xf116e471, L:/127.0.0.1:54713 - R:localhost/127.0.0.1:63297] for POST '/session/0718abf509a8e91bc340b146db6ec50c/element/ac3701de-f723-4cfd-ba7a-170964192c32/click'
17:28:56.252 [AsyncHttpClient-1-2] DEBUG org.asynchttpclient.netty.handler.HttpHandler - 

Request DefaultHttpRequest(decodeResult: success, version: HTTP/1.1)
POST /session/0718abf509a8e91bc340b146db6ec50c/element/ac3701de-f723-4cfd-ba7a-170964192c32/click HTTP/1.1
User-Agent: selenium/4.1.2 (java windows)
Content-Length: 50
Content-Type: application/json; charset=utf-8
host: localhost:63297
accept: */*

Response DefaultHttpResponse(decodeResult: success, version: HTTP/1.1)
HTTP/1.1 200 OK
Content-Type: application/json; charset=utf-8
cache-control: no-cache
content-length: 14

17:28:56.252 [AsyncHttpClient-1-2] DEBUG org.asynchttpclient.netty.channel.ChannelManager - Adding key: http://localhost:63297 for channel [id: 0xf116e471, L:/127.0.0.1:54713 - R:localhost/127.0.0.1:63297]
17:28:56.302 [Forwarding screenshot on session 0718abf509a8e91bc340b146db6ec50c to remote] DEBUG org.asynchttpclient.netty.request.NettyRequestSender - Using pooled Channel '[id: 0xf116e471, L:/127.0.0.1:54713 - R:localhost/127.0.0.1:63297]' for 'GET' to 'http://localhost:63297/session/0718abf509a8e91bc340b146db6ec50c/screenshot'
17:28:56.302 [Forwarding screenshot on session 0718abf509a8e91bc340b146db6ec50c to remote] DEBUG org.asynchttpclient.netty.request.NettyRequestSender - Using open Channel [id: 0xf116e471, L:/127.0.0.1:54713 - R:localhost/127.0.0.1:63297] for GET '/session/0718abf509a8e91bc340b146db6ec50c/screenshot'
17:28:56.452 [AsyncHttpClient-1-1] DEBUG org.asynchttpclient.netty.channel.DefaultChannelPool - Entry count for : http://localhost:54715 : 1
17:28:56.573 [AsyncHttpClient-1-2] DEBUG org.asynchttpclient.netty.handler.HttpHandler - 

Request DefaultFullHttpRequest(decodeResult: success, version: HTTP/1.1, content: EmptyByteBufBE)
GET /session/0718abf509a8e91bc340b146db6ec50c/screenshot HTTP/1.1
User-Agent: selenium/4.1.2 (java windows)
Cache-Control: no-cache
Content-Type: application/json; charset=utf-8
host: localhost:63297
accept: */*

Response DefaultHttpResponse(decodeResult: success, version: HTTP/1.1)
HTTP/1.1 200 OK
Content-Type: application/json; charset=utf-8
cache-control: no-cache
content-length: 120720

17:28:56.575 [AsyncHttpClient-1-2] DEBUG org.asynchttpclient.netty.channel.ChannelManager - Adding key: http://localhost:63297 for channel [id: 0xf116e471, L:/127.0.0.1:54713 - R:localhost/127.0.0.1:63297]
17:28:56.590 [Test worker] DEBUG net.serenitybdd.core.photography.Darkroom - Send negative for processing for C:\Users\johan\OneDrive\Documentos\KONEX\Pruebas automatizadas\automatizacion_login_backoffice_1v\target\site\serenity\9ff6660f1805a96b1eace40ca59bfaf79b8e26638afbf332ebdea5519604e4e0.png
17:28:56.590 [Darkroom Processing Line] DEBUG net.serenitybdd.core.photography.DarkroomProcessingLine - Processing screenshot image in /var/screenshots/screenshot-3325706406556488412
17:28:56.591 [Darkroom Processing Line] DEBUG net.serenitybdd.core.photography.DarkroomProcessingLine - Saving screenshot to C:\Users\johan\OneDrive\Documentos\KONEX\Pruebas automatizadas\automatizacion_login_backoffice_1v\target\site\serenity\9ff6660f1805a96b1eace40ca59bfaf79b8e26638afbf332ebdea5519604e4e0.png
17:28:56.622 [Test worker] DEBUG net.thucydides.core.steps.StepInterceptor - STEP DONE: {0} clicks on #target
17:28:56.670 [Forwarding screenshot on session 0718abf509a8e91bc340b146db6ec50c to remote] DEBUG org.asynchttpclient.netty.request.NettyRequestSender - Using pooled Channel '[id: 0xf116e471, L:/127.0.0.1:54713 - R:localhost/127.0.0.1:63297]' for 'GET' to 'http://localhost:63297/session/0718abf509a8e91bc340b146db6ec50c/screenshot'
17:28:56.670 [Forwarding screenshot on session 0718abf509a8e91bc340b146db6ec50c to remote] DEBUG org.asynchttpclient.netty.request.NettyRequestSender - Using open Channel [id: 0xf116e471, L:/127.0.0.1:54713 - R:localhost/127.0.0.1:63297] for GET '/session/0718abf509a8e91bc340b146db6ec50c/screenshot'
17:28:57.023 [AsyncHttpClient-1-2] DEBUG org.asynchttpclient.netty.handler.HttpHandler - 

Request DefaultFullHttpRequest(decodeResult: success, version: HTTP/1.1, content: EmptyByteBufBE)
GET /session/0718abf509a8e91bc340b146db6ec50c/screenshot HTTP/1.1
User-Agent: selenium/4.1.2 (java windows)
Cache-Control: no-cache
Content-Type: application/json; charset=utf-8
host: localhost:63297
accept: */*

Response DefaultHttpResponse(decodeResult: success, version: HTTP/1.1)
HTTP/1.1 200 OK
Content-Type: application/json; charset=utf-8
cache-control: no-cache
content-length: 124584

17:28:57.025 [AsyncHttpClient-1-2] DEBUG org.asynchttpclient.netty.channel.ChannelManager - Adding key: http://localhost:63297 for channel [id: 0xf116e471, L:/127.0.0.1:54713 - R:localhost/127.0.0.1:63297]
17:28:57.035 [Test worker] DEBUG net.serenitybdd.core.photography.Darkroom - Send negative for processing for C:\Users\johan\OneDrive\Documentos\KONEX\Pruebas automatizadas\automatizacion_login_backoffice_1v\target\site\serenity\89e92e8b2f24a3b762c0c36760668e0be44214bed05995b615db88ebd0ae7c92.png
17:28:57.036 [Test worker] DEBUG net.thucydides.core.steps.StepInterceptor - STEP DONE: performAs
17:28:57.036 [Darkroom Processing Line] DEBUG net.serenitybdd.core.photography.DarkroomProcessingLine - Processing screenshot image in /var/screenshots/screenshot-6548961274320859048
17:28:57.036 [Darkroom Processing Line] DEBUG net.serenitybdd.core.photography.DarkroomProcessingLine - Saving screenshot to C:\Users\johan\OneDrive\Documentos\KONEX\Pruebas automatizadas\automatizacion_login_backoffice_1v\target\site\serenity\89e92e8b2f24a3b762c0c36760668e0be44214bed05995b615db88ebd0ae7c92.png
17:28:57.094 [Forwarding screenshot on session 0718abf509a8e91bc340b146db6ec50c to remote] DEBUG org.asynchttpclient.netty.request.NettyRequestSender - Using pooled Channel '[id: 0xf116e471, L:/127.0.0.1:54713 - R:localhost/127.0.0.1:63297]' for 'GET' to 'http://localhost:63297/session/0718abf509a8e91bc340b146db6ec50c/screenshot'
17:28:57.094 [Forwarding screenshot on session 0718abf509a8e91bc340b146db6ec50c to remote] DEBUG org.asynchttpclient.netty.request.NettyRequestSender - Using open Channel [id: 0xf116e471, L:/127.0.0.1:54713 - R:localhost/127.0.0.1:63297] for GET '/session/0718abf509a8e91bc340b146db6ec50c/screenshot'
17:28:57.271 [AsyncHttpClient-1-2] DEBUG org.asynchttpclient.netty.handler.HttpHandler - 

Request DefaultFullHttpRequest(decodeResult: success, version: HTTP/1.1, content: EmptyByteBufBE)
GET /session/0718abf509a8e91bc340b146db6ec50c/screenshot HTTP/1.1
User-Agent: selenium/4.1.2 (java windows)
Cache-Control: no-cache
Content-Type: application/json; charset=utf-8
host: localhost:63297
accept: */*

Response DefaultHttpResponse(decodeResult: success, version: HTTP/1.1)
HTTP/1.1 200 OK
Content-Type: application/json; charset=utf-8
cache-control: no-cache
content-length: 131148

17:28:57.272 [AsyncHttpClient-1-2] DEBUG org.asynchttpclient.netty.channel.ChannelManager - Adding key: http://localhost:63297 for channel [id: 0xf116e471, L:/127.0.0.1:54713 - R:localhost/127.0.0.1:63297]
17:28:57.288 [Test worker] DEBUG net.serenitybdd.core.photography.Darkroom - Send negative for processing for C:\Users\johan\OneDrive\Documentos\KONEX\Pruebas automatizadas\automatizacion_login_backoffice_1v\target\site\serenity\420e81ae22ce81839251377351715e415e3416f5e18ec44843504a40513ffd79.png
17:28:57.289 [Darkroom Processing Line] DEBUG net.serenitybdd.core.photography.DarkroomProcessingLine - Processing screenshot image in /var/screenshots/screenshot-110813457664869280
17:28:57.289 [Darkroom Processing Line] DEBUG net.serenitybdd.core.photography.DarkroomProcessingLine - Saving screenshot to C:\Users\johan\OneDrive\Documentos\KONEX\Pruebas automatizadas\automatizacion_login_backoffice_1v\target\site\serenity\420e81ae22ce81839251377351715e415e3416f5e18ec44843504a40513ffd79.png
17:28:57.336 [Test worker] DEBUG net.thucydides.core.steps.StepInterceptor - STARTING STEP: AdminLoteriaStepdefinitions.creeUnaLoteria - performAs
17:28:57.373 [Forwarding screenshot on session 0718abf509a8e91bc340b146db6ec50c to remote] DEBUG org.asynchttpclient.netty.request.NettyRequestSender - Using pooled Channel '[id: 0xf116e471, L:/127.0.0.1:54713 - R:localhost/127.0.0.1:63297]' for 'GET' to 'http://localhost:63297/session/0718abf509a8e91bc340b146db6ec50c/screenshot'
17:28:57.373 [Forwarding screenshot on session 0718abf509a8e91bc340b146db6ec50c to remote] DEBUG org.asynchttpclient.netty.request.NettyRequestSender - Using open Channel [id: 0xf116e471, L:/127.0.0.1:54713 - R:localhost/127.0.0.1:63297] for GET '/session/0718abf509a8e91bc340b146db6ec50c/screenshot'
17:28:57.477 [AsyncHttpClient-1-2] DEBUG org.asynchttpclient.netty.handler.HttpHandler - 

Request DefaultFullHttpRequest(decodeResult: success, version: HTTP/1.1, content: EmptyByteBufBE)
GET /session/0718abf509a8e91bc340b146db6ec50c/screenshot HTTP/1.1
User-Agent: selenium/4.1.2 (java windows)
Cache-Control: no-cache
Content-Type: application/json; charset=utf-8
host: localhost:63297
accept: */*

Response DefaultHttpResponse(decodeResult: success, version: HTTP/1.1)
HTTP/1.1 200 OK
Content-Type: application/json; charset=utf-8
cache-control: no-cache
content-length: 134156

17:28:57.478 [AsyncHttpClient-1-2] DEBUG org.asynchttpclient.netty.channel.ChannelManager - Adding key: http://localhost:63297 for channel [id: 0xf116e471, L:/127.0.0.1:54713 - R:localhost/127.0.0.1:63297]
17:28:57.483 [Test worker] DEBUG net.serenitybdd.core.photography.Darkroom - Send negative for processing for C:\Users\johan\OneDrive\Documentos\KONEX\Pruebas automatizadas\automatizacion_login_backoffice_1v\target\site\serenity\29f13246233594f30fccfdc9c31b069245692ea970acee13b51c2ccc9bdf94e8.png
17:28:57.483 [Darkroom Processing Line] DEBUG net.serenitybdd.core.photography.DarkroomProcessingLine - Processing screenshot image in /var/screenshots/screenshot-4992131034029235561
17:28:57.484 [Darkroom Processing Line] DEBUG net.serenitybdd.core.photography.DarkroomProcessingLine - Saving screenshot to C:\Users\johan\OneDrive\Documentos\KONEX\Pruebas automatizadas\automatizacion_login_backoffice_1v\target\site\serenity\29f13246233594f30fccfdc9c31b069245692ea970acee13b51c2ccc9bdf94e8.png
17:28:57.484 [Test worker] DEBUG net.thucydides.core.steps.StepInterceptor - STARTING STEP: Llenar.performAs - {0} enters #theTextAsAString into #target
17:28:57.495 [Test worker] DEBUG net.serenitybdd.screenplay.targets.IFrameSwitcher - default content already selected for campo codigo
17:28:57.535 [Forwarding findElement on session 0718abf509a8e91bc340b146db6ec50c to remote] DEBUG org.asynchttpclient.netty.request.NettyRequestSender - Using pooled Channel '[id: 0xf116e471, L:/127.0.0.1:54713 - R:localhost/127.0.0.1:63297]' for 'POST' to 'http://localhost:63297/session/0718abf509a8e91bc340b146db6ec50c/element'
17:28:57.535 [Forwarding findElement on session 0718abf509a8e91bc340b146db6ec50c to remote] DEBUG org.asynchttpclient.netty.request.NettyRequestSender - Using open Channel [id: 0xf116e471, L:/127.0.0.1:54713 - R:localhost/127.0.0.1:63297] for POST '/session/0718abf509a8e91bc340b146db6ec50c/element'
17:28:57.545 [AsyncHttpClient-1-2] DEBUG org.asynchttpclient.netty.handler.HttpHandler - 

Request DefaultHttpRequest(decodeResult: success, version: HTTP/1.1)
POST /session/0718abf509a8e91bc340b146db6ec50c/element HTTP/1.1
User-Agent: selenium/4.1.2 (java windows)
Content-Length: 52
Content-Type: application/json; charset=utf-8
host: localhost:63297
accept: */*

Response DefaultHttpResponse(decodeResult: success, version: HTTP/1.1)
HTTP/1.1 200 OK
Content-Type: application/json; charset=utf-8
cache-control: no-cache
content-length: 88

17:28:57.545 [AsyncHttpClient-1-2] DEBUG org.asynchttpclient.netty.channel.ChannelManager - Adding key: http://localhost:63297 for channel [id: 0xf116e471, L:/127.0.0.1:54713 - R:localhost/127.0.0.1:63297]
17:28:57.547 [Forwarding clearElement on session 0718abf509a8e91bc340b146db6ec50c to remote] DEBUG org.asynchttpclient.netty.request.NettyRequestSender - Using pooled Channel '[id: 0xf116e471, L:/127.0.0.1:54713 - R:localhost/127.0.0.1:63297]' for 'POST' to 'http://localhost:63297/session/0718abf509a8e91bc340b146db6ec50c/element/2372786f-8dd9-443f-99a1-e35969562dc4/clear'
17:28:57.547 [Forwarding clearElement on session 0718abf509a8e91bc340b146db6ec50c to remote] DEBUG org.asynchttpclient.netty.request.NettyRequestSender - Using open Channel [id: 0xf116e471, L:/127.0.0.1:54713 - R:localhost/127.0.0.1:63297] for POST '/session/0718abf509a8e91bc340b146db6ec50c/element/2372786f-8dd9-443f-99a1-e35969562dc4/clear'
17:28:57.557 [AsyncHttpClient-1-1] DEBUG org.asynchttpclient.netty.channel.DefaultChannelPool - Entry count for : http://localhost:54715 : 1
17:28:57.577 [AsyncHttpClient-1-2] DEBUG org.asynchttpclient.netty.handler.HttpHandler - 

Request DefaultHttpRequest(decodeResult: success, version: HTTP/1.1)
POST /session/0718abf509a8e91bc340b146db6ec50c/element/2372786f-8dd9-443f-99a1-e35969562dc4/clear HTTP/1.1
User-Agent: selenium/4.1.2 (java windows)
Content-Length: 50
Content-Type: application/json; charset=utf-8
host: localhost:63297
accept: */*

Response DefaultHttpResponse(decodeResult: success, version: HTTP/1.1)
HTTP/1.1 200 OK
Content-Type: application/json; charset=utf-8
cache-control: no-cache
content-length: 14

17:28:57.578 [AsyncHttpClient-1-2] DEBUG org.asynchttpclient.netty.channel.ChannelManager - Adding key: http://localhost:63297 for channel [id: 0xf116e471, L:/127.0.0.1:54713 - R:localhost/127.0.0.1:63297]
17:28:57.591 [Forwarding sendKeysToElement on session 0718abf509a8e91bc340b146db6ec50c to remote] DEBUG org.asynchttpclient.netty.request.NettyRequestSender - Using pooled Channel '[id: 0xf116e471, L:/127.0.0.1:54713 - R:localhost/127.0.0.1:63297]' for 'POST' to 'http://localhost:63297/session/0718abf509a8e91bc340b146db6ec50c/element/2372786f-8dd9-443f-99a1-e35969562dc4/value'
17:28:57.591 [Forwarding sendKeysToElement on session 0718abf509a8e91bc340b146db6ec50c to remote] DEBUG org.asynchttpclient.netty.request.NettyRequestSender - Using open Channel [id: 0xf116e471, L:/127.0.0.1:54713 - R:localhost/127.0.0.1:63297] for POST '/session/0718abf509a8e91bc340b146db6ec50c/element/2372786f-8dd9-443f-99a1-e35969562dc4/value'
17:28:57.621 [AsyncHttpClient-1-2] DEBUG org.asynchttpclient.netty.handler.HttpHandler - 

Request DefaultHttpRequest(decodeResult: success, version: HTTP/1.1)
POST /session/0718abf509a8e91bc340b146db6ec50c/element/2372786f-8dd9-443f-99a1-e35969562dc4/value HTTP/1.1
User-Agent: selenium/4.1.2 (java windows)
Content-Length: 101
Content-Type: application/json; charset=utf-8
host: localhost:63297
accept: */*

Response DefaultHttpResponse(decodeResult: success, version: HTTP/1.1)
HTTP/1.1 200 OK
Content-Type: application/json; charset=utf-8
cache-control: no-cache
content-length: 14

17:28:57.621 [AsyncHttpClient-1-2] DEBUG org.asynchttpclient.netty.channel.ChannelManager - Adding key: http://localhost:63297 for channel [id: 0xf116e471, L:/127.0.0.1:54713 - R:localhost/127.0.0.1:63297]
17:28:57.641 [Forwarding screenshot on session 0718abf509a8e91bc340b146db6ec50c to remote] DEBUG org.asynchttpclient.netty.request.NettyRequestSender - Using pooled Channel '[id: 0xf116e471, L:/127.0.0.1:54713 - R:localhost/127.0.0.1:63297]' for 'GET' to 'http://localhost:63297/session/0718abf509a8e91bc340b146db6ec50c/screenshot'
17:28:57.641 [Forwarding screenshot on session 0718abf509a8e91bc340b146db6ec50c to remote] DEBUG org.asynchttpclient.netty.request.NettyRequestSender - Using open Channel [id: 0xf116e471, L:/127.0.0.1:54713 - R:localhost/127.0.0.1:63297] for GET '/session/0718abf509a8e91bc340b146db6ec50c/screenshot'
17:28:57.744 [AsyncHttpClient-1-2] DEBUG org.asynchttpclient.netty.handler.HttpHandler - 

Request DefaultFullHttpRequest(decodeResult: success, version: HTTP/1.1, content: EmptyByteBufBE)
GET /session/0718abf509a8e91bc340b146db6ec50c/screenshot HTTP/1.1
User-Agent: selenium/4.1.2 (java windows)
Cache-Control: no-cache
Content-Type: application/json; charset=utf-8
host: localhost:63297
accept: */*

Response DefaultHttpResponse(decodeResult: success, version: HTTP/1.1)
HTTP/1.1 200 OK
Content-Type: application/json; charset=utf-8
cache-control: no-cache
content-length: 134596

17:28:57.745 [AsyncHttpClient-1-2] DEBUG org.asynchttpclient.netty.channel.ChannelManager - Adding key: http://localhost:63297 for channel [id: 0xf116e471, L:/127.0.0.1:54713 - R:localhost/127.0.0.1:63297]
17:28:57.750 [Test worker] DEBUG net.serenitybdd.core.photography.Darkroom - Send negative for processing for C:\Users\johan\OneDrive\Documentos\KONEX\Pruebas automatizadas\automatizacion_login_backoffice_1v\target\site\serenity\a5c4989e88862fa313d4c7674ece0c2d4e392652783eeb6bf0e7415debc61d01.png
17:28:57.751 [Darkroom Processing Line] DEBUG net.serenitybdd.core.photography.DarkroomProcessingLine - Processing screenshot image in /var/screenshots/screenshot-9181551370488292910
17:28:57.751 [Darkroom Processing Line] DEBUG net.serenitybdd.core.photography.DarkroomProcessingLine - Saving screenshot to C:\Users\johan\OneDrive\Documentos\KONEX\Pruebas automatizadas\automatizacion_login_backoffice_1v\target\site\serenity\a5c4989e88862fa313d4c7674ece0c2d4e392652783eeb6bf0e7415debc61d01.png
17:28:57.781 [Test worker] DEBUG net.thucydides.core.steps.StepInterceptor - STEP DONE: {0} enters #theTextAsAString into #target
17:28:57.801 [Forwarding screenshot on session 0718abf509a8e91bc340b146db6ec50c to remote] DEBUG org.asynchttpclient.netty.request.NettyRequestSender - Using pooled Channel '[id: 0xf116e471, L:/127.0.0.1:54713 - R:localhost/127.0.0.1:63297]' for 'GET' to 'http://localhost:63297/session/0718abf509a8e91bc340b146db6ec50c/screenshot'
17:28:57.801 [Forwarding screenshot on session 0718abf509a8e91bc340b146db6ec50c to remote] DEBUG org.asynchttpclient.netty.request.NettyRequestSender - Using open Channel [id: 0xf116e471, L:/127.0.0.1:54713 - R:localhost/127.0.0.1:63297] for GET '/session/0718abf509a8e91bc340b146db6ec50c/screenshot'
17:28:57.911 [AsyncHttpClient-1-2] DEBUG org.asynchttpclient.netty.handler.HttpHandler - 

Request DefaultFullHttpRequest(decodeResult: success, version: HTTP/1.1, content: EmptyByteBufBE)
GET /session/0718abf509a8e91bc340b146db6ec50c/screenshot HTTP/1.1
User-Agent: selenium/4.1.2 (java windows)
Cache-Control: no-cache
Content-Type: application/json; charset=utf-8
host: localhost:63297
accept: */*

Response DefaultHttpResponse(decodeResult: success, version: HTTP/1.1)
HTTP/1.1 200 OK
Content-Type: application/json; charset=utf-8
cache-control: no-cache
content-length: 134596

17:28:57.912 [AsyncHttpClient-1-2] DEBUG org.asynchttpclient.netty.channel.ChannelManager - Adding key: http://localhost:63297 for channel [id: 0xf116e471, L:/127.0.0.1:54713 - R:localhost/127.0.0.1:63297]
17:28:57.917 [Test worker] DEBUG net.serenitybdd.core.photography.Darkroom - Send negative for processing for C:\Users\johan\OneDrive\Documentos\KONEX\Pruebas automatizadas\automatizacion_login_backoffice_1v\target\site\serenity\a5c4989e88862fa313d4c7674ece0c2d4e392652783eeb6bf0e7415debc61d01.png
17:28:57.918 [Test worker] DEBUG net.thucydides.core.steps.StepInterceptor - STARTING STEP: Llenar.performAs - {0} enters #theTextAsAString into #target
17:28:57.926 [Test worker] DEBUG net.serenitybdd.screenplay.targets.IFrameSwitcher - default content already selected for campo nombre largo
17:28:57.966 [Forwarding findElement on session 0718abf509a8e91bc340b146db6ec50c to remote] DEBUG org.asynchttpclient.netty.request.NettyRequestSender - Using pooled Channel '[id: 0xf116e471, L:/127.0.0.1:54713 - R:localhost/127.0.0.1:63297]' for 'POST' to 'http://localhost:63297/session/0718abf509a8e91bc340b146db6ec50c/element'
17:28:57.966 [Forwarding findElement on session 0718abf509a8e91bc340b146db6ec50c to remote] DEBUG org.asynchttpclient.netty.request.NettyRequestSender - Using open Channel [id: 0xf116e471, L:/127.0.0.1:54713 - R:localhost/127.0.0.1:63297] for POST '/session/0718abf509a8e91bc340b146db6ec50c/element'
17:28:57.977 [AsyncHttpClient-1-2] DEBUG org.asynchttpclient.netty.handler.HttpHandler - 

Request DefaultHttpRequest(decodeResult: success, version: HTTP/1.1)
POST /session/0718abf509a8e91bc340b146db6ec50c/element HTTP/1.1
User-Agent: selenium/4.1.2 (java windows)
Content-Length: 50
Content-Type: application/json; charset=utf-8
host: localhost:63297
accept: */*

Response DefaultHttpResponse(decodeResult: success, version: HTTP/1.1)
HTTP/1.1 200 OK
Content-Type: application/json; charset=utf-8
cache-control: no-cache
content-length: 88

17:28:57.977 [AsyncHttpClient-1-2] DEBUG org.asynchttpclient.netty.channel.ChannelManager - Adding key: http://localhost:63297 for channel [id: 0xf116e471, L:/127.0.0.1:54713 - R:localhost/127.0.0.1:63297]
17:28:57.978 [Forwarding clearElement on session 0718abf509a8e91bc340b146db6ec50c to remote] DEBUG org.asynchttpclient.netty.request.NettyRequestSender - Using pooled Channel '[id: 0xf116e471, L:/127.0.0.1:54713 - R:localhost/127.0.0.1:63297]' for 'POST' to 'http://localhost:63297/session/0718abf509a8e91bc340b146db6ec50c/element/7c81aa7d-7d3f-4a3f-8518-b13a6706ef4c/clear'
17:28:57.978 [Forwarding clearElement on session 0718abf509a8e91bc340b146db6ec50c to remote] DEBUG org.asynchttpclient.netty.request.NettyRequestSender - Using open Channel [id: 0xf116e471, L:/127.0.0.1:54713 - R:localhost/127.0.0.1:63297] for POST '/session/0718abf509a8e91bc340b146db6ec50c/element/7c81aa7d-7d3f-4a3f-8518-b13a6706ef4c/clear'
17:28:58.010 [AsyncHttpClient-1-2] DEBUG org.asynchttpclient.netty.handler.HttpHandler - 

Request DefaultHttpRequest(decodeResult: success, version: HTTP/1.1)
POST /session/0718abf509a8e91bc340b146db6ec50c/element/7c81aa7d-7d3f-4a3f-8518-b13a6706ef4c/clear HTTP/1.1
User-Agent: selenium/4.1.2 (java windows)
Content-Length: 50
Content-Type: application/json; charset=utf-8
host: localhost:63297
accept: */*

Response DefaultHttpResponse(decodeResult: success, version: HTTP/1.1)
HTTP/1.1 200 OK
Content-Type: application/json; charset=utf-8
cache-control: no-cache
content-length: 14

17:28:58.010 [AsyncHttpClient-1-2] DEBUG org.asynchttpclient.netty.channel.ChannelManager - Adding key: http://localhost:63297 for channel [id: 0xf116e471, L:/127.0.0.1:54713 - R:localhost/127.0.0.1:63297]
17:28:58.024 [Forwarding sendKeysToElement on session 0718abf509a8e91bc340b146db6ec50c to remote] DEBUG org.asynchttpclient.netty.request.NettyRequestSender - Using pooled Channel '[id: 0xf116e471, L:/127.0.0.1:54713 - R:localhost/127.0.0.1:63297]' for 'POST' to 'http://localhost:63297/session/0718abf509a8e91bc340b146db6ec50c/element/7c81aa7d-7d3f-4a3f-8518-b13a6706ef4c/value'
17:28:58.024 [Forwarding sendKeysToElement on session 0718abf509a8e91bc340b146db6ec50c to remote] DEBUG org.asynchttpclient.netty.request.NettyRequestSender - Using open Channel [id: 0xf116e471, L:/127.0.0.1:54713 - R:localhost/127.0.0.1:63297] for POST '/session/0718abf509a8e91bc340b146db6ec50c/element/7c81aa7d-7d3f-4a3f-8518-b13a6706ef4c/value'
17:28:58.105 [AsyncHttpClient-1-2] DEBUG org.asynchttpclient.netty.handler.HttpHandler - 

Request DefaultHttpRequest(decodeResult: success, version: HTTP/1.1)
POST /session/0718abf509a8e91bc340b146db6ec50c/element/7c81aa7d-7d3f-4a3f-8518-b13a6706ef4c/value HTTP/1.1
User-Agent: selenium/4.1.2 (java windows)
Content-Length: 211
Content-Type: application/json; charset=utf-8
host: localhost:63297
accept: */*

Response DefaultHttpResponse(decodeResult: success, version: HTTP/1.1)
HTTP/1.1 200 OK
Content-Type: application/json; charset=utf-8
cache-control: no-cache
content-length: 14

17:28:58.105 [AsyncHttpClient-1-2] DEBUG org.asynchttpclient.netty.channel.ChannelManager - Adding key: http://localhost:63297 for channel [id: 0xf116e471, L:/127.0.0.1:54713 - R:localhost/127.0.0.1:63297]
17:28:58.126 [Forwarding screenshot on session 0718abf509a8e91bc340b146db6ec50c to remote] DEBUG org.asynchttpclient.netty.request.NettyRequestSender - Using pooled Channel '[id: 0xf116e471, L:/127.0.0.1:54713 - R:localhost/127.0.0.1:63297]' for 'GET' to 'http://localhost:63297/session/0718abf509a8e91bc340b146db6ec50c/screenshot'
17:28:58.126 [Forwarding screenshot on session 0718abf509a8e91bc340b146db6ec50c to remote] DEBUG org.asynchttpclient.netty.request.NettyRequestSender - Using open Channel [id: 0xf116e471, L:/127.0.0.1:54713 - R:localhost/127.0.0.1:63297] for GET '/session/0718abf509a8e91bc340b146db6ec50c/screenshot'
17:28:58.231 [AsyncHttpClient-1-2] DEBUG org.asynchttpclient.netty.handler.HttpHandler - 

Request DefaultFullHttpRequest(decodeResult: success, version: HTTP/1.1, content: EmptyByteBufBE)
GET /session/0718abf509a8e91bc340b146db6ec50c/screenshot HTTP/1.1
User-Agent: selenium/4.1.2 (java windows)
Cache-Control: no-cache
Content-Type: application/json; charset=utf-8
host: localhost:63297
accept: */*

Response DefaultHttpResponse(decodeResult: success, version: HTTP/1.1)
HTTP/1.1 200 OK
Content-Type: application/json; charset=utf-8
cache-control: no-cache
content-length: 136604

17:28:58.232 [AsyncHttpClient-1-2] DEBUG org.asynchttpclient.netty.channel.ChannelManager - Adding key: http://localhost:63297 for channel [id: 0xf116e471, L:/127.0.0.1:54713 - R:localhost/127.0.0.1:63297]
17:28:58.237 [Test worker] DEBUG net.serenitybdd.core.photography.Darkroom - Send negative for processing for C:\Users\johan\OneDrive\Documentos\KONEX\Pruebas automatizadas\automatizacion_login_backoffice_1v\target\site\serenity\2be52620c9a1d1f1477b9a99b80643d5059854a1795cd4394d2e581d1361613b.png
17:28:58.238 [Darkroom Processing Line] DEBUG net.serenitybdd.core.photography.DarkroomProcessingLine - Processing screenshot image in /var/screenshots/screenshot-6831210446115287978
17:28:58.238 [Darkroom Processing Line] DEBUG net.serenitybdd.core.photography.DarkroomProcessingLine - Saving screenshot to C:\Users\johan\OneDrive\Documentos\KONEX\Pruebas automatizadas\automatizacion_login_backoffice_1v\target\site\serenity\2be52620c9a1d1f1477b9a99b80643d5059854a1795cd4394d2e581d1361613b.png
17:28:58.260 [Test worker] DEBUG net.thucydides.core.steps.StepInterceptor - STEP DONE: {0} enters #theTextAsAString into #target
17:28:58.279 [Test worker] DEBUG net.thucydides.core.steps.StepInterceptor - STARTING STEP: Llenar.performAs - {0} enters #theTextAsAString into #target
17:28:58.289 [Test worker] DEBUG net.serenitybdd.screenplay.targets.IFrameSwitcher - default content already selected for campo nombre corto
17:28:58.326 [Forwarding findElement on session 0718abf509a8e91bc340b146db6ec50c to remote] DEBUG org.asynchttpclient.netty.request.NettyRequestSender - Using pooled Channel '[id: 0xf116e471, L:/127.0.0.1:54713 - R:localhost/127.0.0.1:63297]' for 'POST' to 'http://localhost:63297/session/0718abf509a8e91bc340b146db6ec50c/element'
17:28:58.326 [Forwarding findElement on session 0718abf509a8e91bc340b146db6ec50c to remote] DEBUG org.asynchttpclient.netty.request.NettyRequestSender - Using open Channel [id: 0xf116e471, L:/127.0.0.1:54713 - R:localhost/127.0.0.1:63297] for POST '/session/0718abf509a8e91bc340b146db6ec50c/element'
17:28:58.336 [AsyncHttpClient-1-2] DEBUG org.asynchttpclient.netty.handler.HttpHandler - 

Request DefaultHttpRequest(decodeResult: success, version: HTTP/1.1)
POST /session/0718abf509a8e91bc340b146db6ec50c/element HTTP/1.1
User-Agent: selenium/4.1.2 (java windows)
Content-Length: 50
Content-Type: application/json; charset=utf-8
host: localhost:63297
accept: */*

Response DefaultHttpResponse(decodeResult: success, version: HTTP/1.1)
HTTP/1.1 200 OK
Content-Type: application/json; charset=utf-8
cache-control: no-cache
content-length: 88

17:28:58.336 [AsyncHttpClient-1-2] DEBUG org.asynchttpclient.netty.channel.ChannelManager - Adding key: http://localhost:63297 for channel [id: 0xf116e471, L:/127.0.0.1:54713 - R:localhost/127.0.0.1:63297]
17:28:58.338 [Forwarding clearElement on session 0718abf509a8e91bc340b146db6ec50c to remote] DEBUG org.asynchttpclient.netty.request.NettyRequestSender - Using pooled Channel '[id: 0xf116e471, L:/127.0.0.1:54713 - R:localhost/127.0.0.1:63297]' for 'POST' to 'http://localhost:63297/session/0718abf509a8e91bc340b146db6ec50c/element/e70bbddc-470d-4859-a339-6b48211a7417/clear'
17:28:58.338 [Forwarding clearElement on session 0718abf509a8e91bc340b146db6ec50c to remote] DEBUG org.asynchttpclient.netty.request.NettyRequestSender - Using open Channel [id: 0xf116e471, L:/127.0.0.1:54713 - R:localhost/127.0.0.1:63297] for POST '/session/0718abf509a8e91bc340b146db6ec50c/element/e70bbddc-470d-4859-a339-6b48211a7417/clear'
17:28:58.367 [AsyncHttpClient-1-2] DEBUG org.asynchttpclient.netty.handler.HttpHandler - 

Request DefaultHttpRequest(decodeResult: success, version: HTTP/1.1)
POST /session/0718abf509a8e91bc340b146db6ec50c/element/e70bbddc-470d-4859-a339-6b48211a7417/clear HTTP/1.1
User-Agent: selenium/4.1.2 (java windows)
Content-Length: 50
Content-Type: application/json; charset=utf-8
host: localhost:63297
accept: */*

Response DefaultHttpResponse(decodeResult: success, version: HTTP/1.1)
HTTP/1.1 200 OK
Content-Type: application/json; charset=utf-8
cache-control: no-cache
content-length: 14

17:28:58.367 [AsyncHttpClient-1-2] DEBUG org.asynchttpclient.netty.channel.ChannelManager - Adding key: http://localhost:63297 for channel [id: 0xf116e471, L:/127.0.0.1:54713 - R:localhost/127.0.0.1:63297]
17:28:58.378 [Forwarding sendKeysToElement on session 0718abf509a8e91bc340b146db6ec50c to remote] DEBUG org.asynchttpclient.netty.request.NettyRequestSender - Using pooled Channel '[id: 0xf116e471, L:/127.0.0.1:54713 - R:localhost/127.0.0.1:63297]' for 'POST' to 'http://localhost:63297/session/0718abf509a8e91bc340b146db6ec50c/element/e70bbddc-470d-4859-a339-6b48211a7417/value'
17:28:58.378 [Forwarding sendKeysToElement on session 0718abf509a8e91bc340b146db6ec50c to remote] DEBUG org.asynchttpclient.netty.request.NettyRequestSender - Using open Channel [id: 0xf116e471, L:/127.0.0.1:54713 - R:localhost/127.0.0.1:63297] for POST '/session/0718abf509a8e91bc340b146db6ec50c/element/e70bbddc-470d-4859-a339-6b48211a7417/value'
17:28:58.447 [AsyncHttpClient-1-2] DEBUG org.asynchttpclient.netty.handler.HttpHandler - 

Request DefaultHttpRequest(decodeResult: success, version: HTTP/1.1)
POST /session/0718abf509a8e91bc340b146db6ec50c/element/e70bbddc-470d-4859-a339-6b48211a7417/value HTTP/1.1
User-Agent: selenium/4.1.2 (java windows)
Content-Length: 181
Content-Type: application/json; charset=utf-8
host: localhost:63297
accept: */*

Response DefaultHttpResponse(decodeResult: success, version: HTTP/1.1)
HTTP/1.1 200 OK
Content-Type: application/json; charset=utf-8
cache-control: no-cache
content-length: 14

17:28:58.448 [AsyncHttpClient-1-2] DEBUG org.asynchttpclient.netty.channel.ChannelManager - Adding key: http://localhost:63297 for channel [id: 0xf116e471, L:/127.0.0.1:54713 - R:localhost/127.0.0.1:63297]
17:28:58.465 [Forwarding screenshot on session 0718abf509a8e91bc340b146db6ec50c to remote] DEBUG org.asynchttpclient.netty.request.NettyRequestSender - Using pooled Channel '[id: 0xf116e471, L:/127.0.0.1:54713 - R:localhost/127.0.0.1:63297]' for 'GET' to 'http://localhost:63297/session/0718abf509a8e91bc340b146db6ec50c/screenshot'
17:28:58.465 [Forwarding screenshot on session 0718abf509a8e91bc340b146db6ec50c to remote] DEBUG org.asynchttpclient.netty.request.NettyRequestSender - Using open Channel [id: 0xf116e471, L:/127.0.0.1:54713 - R:localhost/127.0.0.1:63297] for GET '/session/0718abf509a8e91bc340b146db6ec50c/screenshot'
17:28:58.576 [AsyncHttpClient-1-2] DEBUG org.asynchttpclient.netty.handler.HttpHandler - 

Request DefaultFullHttpRequest(decodeResult: success, version: HTTP/1.1, content: EmptyByteBufBE)
GET /session/0718abf509a8e91bc340b146db6ec50c/screenshot HTTP/1.1
User-Agent: selenium/4.1.2 (java windows)
Cache-Control: no-cache
Content-Type: application/json; charset=utf-8
host: localhost:63297
accept: */*

Response DefaultHttpResponse(decodeResult: success, version: HTTP/1.1)
HTTP/1.1 200 OK
Content-Type: application/json; charset=utf-8
cache-control: no-cache
content-length: 137200

17:28:58.577 [AsyncHttpClient-1-2] DEBUG org.asynchttpclient.netty.channel.ChannelManager - Adding key: http://localhost:63297 for channel [id: 0xf116e471, L:/127.0.0.1:54713 - R:localhost/127.0.0.1:63297]
17:28:58.582 [Test worker] DEBUG net.serenitybdd.core.photography.Darkroom - Send negative for processing for C:\Users\johan\OneDrive\Documentos\KONEX\Pruebas automatizadas\automatizacion_login_backoffice_1v\target\site\serenity\886ab687f8b2c79aac3ae4c272a342aefab2789378c490552175867e3b5d80df.png
17:28:58.582 [Darkroom Processing Line] DEBUG net.serenitybdd.core.photography.DarkroomProcessingLine - Processing screenshot image in /var/screenshots/screenshot-538069811392002412
17:28:58.582 [Darkroom Processing Line] DEBUG net.serenitybdd.core.photography.DarkroomProcessingLine - Saving screenshot to C:\Users\johan\OneDrive\Documentos\KONEX\Pruebas automatizadas\automatizacion_login_backoffice_1v\target\site\serenity\886ab687f8b2c79aac3ae4c272a342aefab2789378c490552175867e3b5d80df.png
17:28:58.606 [Test worker] DEBUG net.thucydides.core.steps.StepInterceptor - STEP DONE: {0} enters #theTextAsAString into #target
17:28:58.620 [Test worker] DEBUG net.thucydides.core.steps.StepInterceptor - STARTING STEP: Llenar.performAs - {0} enters #theTextAsAString into #target
17:28:58.629 [Test worker] DEBUG net.serenitybdd.screenplay.targets.IFrameSwitcher - default content already selected for campo telefono loteria
17:28:58.655 [AsyncHttpClient-1-1] DEBUG org.asynchttpclient.netty.channel.DefaultChannelPool - Entry count for : http://localhost:54715 : 1
17:28:58.655 [AsyncHttpClient-1-1] DEBUG org.asynchttpclient.netty.channel.DefaultChannelPool - Entry count for : http://localhost:63297 : 1
17:28:58.664 [Forwarding findElement on session 0718abf509a8e91bc340b146db6ec50c to remote] DEBUG org.asynchttpclient.netty.request.NettyRequestSender - Using pooled Channel '[id: 0xf116e471, L:/127.0.0.1:54713 - R:localhost/127.0.0.1:63297]' for 'POST' to 'http://localhost:63297/session/0718abf509a8e91bc340b146db6ec50c/element'
17:28:58.664 [Forwarding findElement on session 0718abf509a8e91bc340b146db6ec50c to remote] DEBUG org.asynchttpclient.netty.request.NettyRequestSender - Using open Channel [id: 0xf116e471, L:/127.0.0.1:54713 - R:localhost/127.0.0.1:63297] for POST '/session/0718abf509a8e91bc340b146db6ec50c/element'
17:28:58.673 [AsyncHttpClient-1-2] DEBUG org.asynchttpclient.netty.handler.HttpHandler - 

Request DefaultHttpRequest(decodeResult: success, version: HTTP/1.1)
POST /session/0718abf509a8e91bc340b146db6ec50c/element HTTP/1.1
User-Agent: selenium/4.1.2 (java windows)
Content-Length: 53
Content-Type: application/json; charset=utf-8
host: localhost:63297
accept: */*

Response DefaultHttpResponse(decodeResult: success, version: HTTP/1.1)
HTTP/1.1 200 OK
Content-Type: application/json; charset=utf-8
cache-control: no-cache
content-length: 88

17:28:58.673 [AsyncHttpClient-1-2] DEBUG org.asynchttpclient.netty.channel.ChannelManager - Adding key: http://localhost:63297 for channel [id: 0xf116e471, L:/127.0.0.1:54713 - R:localhost/127.0.0.1:63297]
17:28:58.674 [Forwarding clearElement on session 0718abf509a8e91bc340b146db6ec50c to remote] DEBUG org.asynchttpclient.netty.request.NettyRequestSender - Using pooled Channel '[id: 0xf116e471, L:/127.0.0.1:54713 - R:localhost/127.0.0.1:63297]' for 'POST' to 'http://localhost:63297/session/0718abf509a8e91bc340b146db6ec50c/element/26c2bcc4-de0f-485f-b0b7-7a5489612b5b/clear'
17:28:58.674 [Forwarding clearElement on session 0718abf509a8e91bc340b146db6ec50c to remote] DEBUG org.asynchttpclient.netty.request.NettyRequestSender - Using open Channel [id: 0xf116e471, L:/127.0.0.1:54713 - R:localhost/127.0.0.1:63297] for POST '/session/0718abf509a8e91bc340b146db6ec50c/element/26c2bcc4-de0f-485f-b0b7-7a5489612b5b/clear'
17:28:58.703 [AsyncHttpClient-1-2] DEBUG org.asynchttpclient.netty.handler.HttpHandler - 

Request DefaultHttpRequest(decodeResult: success, version: HTTP/1.1)
POST /session/0718abf509a8e91bc340b146db6ec50c/element/26c2bcc4-de0f-485f-b0b7-7a5489612b5b/clear HTTP/1.1
User-Agent: selenium/4.1.2 (java windows)
Content-Length: 50
Content-Type: application/json; charset=utf-8
host: localhost:63297
accept: */*

Response DefaultHttpResponse(decodeResult: success, version: HTTP/1.1)
HTTP/1.1 200 OK
Content-Type: application/json; charset=utf-8
cache-control: no-cache
content-length: 14

17:28:58.703 [AsyncHttpClient-1-2] DEBUG org.asynchttpclient.netty.channel.ChannelManager - Adding key: http://localhost:63297 for channel [id: 0xf116e471, L:/127.0.0.1:54713 - R:localhost/127.0.0.1:63297]
17:28:58.712 [Forwarding sendKeysToElement on session 0718abf509a8e91bc340b146db6ec50c to remote] DEBUG org.asynchttpclient.netty.request.NettyRequestSender - Using pooled Channel '[id: 0xf116e471, L:/127.0.0.1:54713 - R:localhost/127.0.0.1:63297]' for 'POST' to 'http://localhost:63297/session/0718abf509a8e91bc340b146db6ec50c/element/26c2bcc4-de0f-485f-b0b7-7a5489612b5b/value'
17:28:58.712 [Forwarding sendKeysToElement on session 0718abf509a8e91bc340b146db6ec50c to remote] DEBUG org.asynchttpclient.netty.request.NettyRequestSender - Using open Channel [id: 0xf116e471, L:/127.0.0.1:54713 - R:localhost/127.0.0.1:63297] for POST '/session/0718abf509a8e91bc340b146db6ec50c/element/26c2bcc4-de0f-485f-b0b7-7a5489612b5b/value'
17:28:58.771 [AsyncHttpClient-1-2] DEBUG org.asynchttpclient.netty.handler.HttpHandler - 

Request DefaultHttpRequest(decodeResult: success, version: HTTP/1.1)
POST /session/0718abf509a8e91bc340b146db6ec50c/element/26c2bcc4-de0f-485f-b0b7-7a5489612b5b/value HTTP/1.1
User-Agent: selenium/4.1.2 (java windows)
Content-Length: 181
Content-Type: application/json; charset=utf-8
host: localhost:63297
accept: */*

Response DefaultHttpResponse(decodeResult: success, version: HTTP/1.1)
HTTP/1.1 200 OK
Content-Type: application/json; charset=utf-8
cache-control: no-cache
content-length: 14

17:28:58.771 [AsyncHttpClient-1-2] DEBUG org.asynchttpclient.netty.channel.ChannelManager - Adding key: http://localhost:63297 for channel [id: 0xf116e471, L:/127.0.0.1:54713 - R:localhost/127.0.0.1:63297]
17:28:58.785 [Forwarding screenshot on session 0718abf509a8e91bc340b146db6ec50c to remote] DEBUG org.asynchttpclient.netty.request.NettyRequestSender - Using pooled Channel '[id: 0xf116e471, L:/127.0.0.1:54713 - R:localhost/127.0.0.1:63297]' for 'GET' to 'http://localhost:63297/session/0718abf509a8e91bc340b146db6ec50c/screenshot'
17:28:58.785 [Forwarding screenshot on session 0718abf509a8e91bc340b146db6ec50c to remote] DEBUG org.asynchttpclient.netty.request.NettyRequestSender - Using open Channel [id: 0xf116e471, L:/127.0.0.1:54713 - R:localhost/127.0.0.1:63297] for GET '/session/0718abf509a8e91bc340b146db6ec50c/screenshot'
17:28:58.874 [AsyncHttpClient-1-2] DEBUG org.asynchttpclient.netty.handler.HttpHandler - 

Request DefaultFullHttpRequest(decodeResult: success, version: HTTP/1.1, content: EmptyByteBufBE)
GET /session/0718abf509a8e91bc340b146db6ec50c/screenshot HTTP/1.1
User-Agent: selenium/4.1.2 (java windows)
Cache-Control: no-cache
Content-Type: application/json; charset=utf-8
host: localhost:63297
accept: */*

Response DefaultHttpResponse(decodeResult: success, version: HTTP/1.1)
HTTP/1.1 200 OK
Content-Type: application/json; charset=utf-8
cache-control: no-cache
content-length: 143288

17:28:58.875 [AsyncHttpClient-1-2] DEBUG org.asynchttpclient.netty.channel.ChannelManager - Adding key: http://localhost:63297 for channel [id: 0xf116e471, L:/127.0.0.1:54713 - R:localhost/127.0.0.1:63297]
17:28:58.884 [Test worker] DEBUG net.serenitybdd.core.photography.Darkroom - Send negative for processing for C:\Users\johan\OneDrive\Documentos\KONEX\Pruebas automatizadas\automatizacion_login_backoffice_1v\target\site\serenity\e308cf6250cb63589e49d3b909c9cc4696df3e76ee5dd6deee36340d109c64c6.png
17:28:58.884 [Darkroom Processing Line] DEBUG net.serenitybdd.core.photography.DarkroomProcessingLine - Processing screenshot image in /var/screenshots/screenshot-7043191501796917509
17:28:58.884 [Darkroom Processing Line] DEBUG net.serenitybdd.core.photography.DarkroomProcessingLine - Saving screenshot to C:\Users\johan\OneDrive\Documentos\KONEX\Pruebas automatizadas\automatizacion_login_backoffice_1v\target\site\serenity\e308cf6250cb63589e49d3b909c9cc4696df3e76ee5dd6deee36340d109c64c6.png
17:28:58.907 [Test worker] DEBUG net.thucydides.core.steps.StepInterceptor - STEP DONE: {0} enters #theTextAsAString into #target
17:28:58.922 [Test worker] DEBUG net.thucydides.core.steps.StepInterceptor - STARTING STEP: Llenar.performAs - {0} clicks on #target
17:28:58.922 [Test worker] DEBUG net.serenitybdd.screenplay.targets.IFrameSwitcher - default content already selected for check producto chance
17:28:59.013 [Forwarding findElement on session 0718abf509a8e91bc340b146db6ec50c to remote] DEBUG org.asynchttpclient.netty.request.NettyRequestSender - Using pooled Channel '[id: 0xf116e471, L:/127.0.0.1:54713 - R:localhost/127.0.0.1:63297]' for 'POST' to 'http://localhost:63297/session/0718abf509a8e91bc340b146db6ec50c/element'
17:28:59.013 [Forwarding findElement on session 0718abf509a8e91bc340b146db6ec50c to remote] DEBUG org.asynchttpclient.netty.request.NettyRequestSender - Using open Channel [id: 0xf116e471, L:/127.0.0.1:54713 - R:localhost/127.0.0.1:63297] for POST '/session/0718abf509a8e91bc340b146db6ec50c/element'
17:28:59.024 [AsyncHttpClient-1-2] DEBUG org.asynchttpclient.netty.handler.HttpHandler - 

Request DefaultHttpRequest(decodeResult: success, version: HTTP/1.1)
POST /session/0718abf509a8e91bc340b146db6ec50c/element HTTP/1.1
User-Agent: selenium/4.1.2 (java windows)
Content-Length: 86
Content-Type: application/json; charset=utf-8
host: localhost:63297
accept: */*

Response DefaultHttpResponse(decodeResult: success, version: HTTP/1.1)
HTTP/1.1 200 OK
Content-Type: application/json; charset=utf-8
cache-control: no-cache
content-length: 88

17:28:59.024 [AsyncHttpClient-1-2] DEBUG org.asynchttpclient.netty.channel.ChannelManager - Adding key: http://localhost:63297 for channel [id: 0xf116e471, L:/127.0.0.1:54713 - R:localhost/127.0.0.1:63297]
17:28:59.035 [Forwarding isElementDisplayed on session 0718abf509a8e91bc340b146db6ec50c to remote] DEBUG org.asynchttpclient.netty.request.NettyRequestSender - Using pooled Channel '[id: 0xf116e471, L:/127.0.0.1:54713 - R:localhost/127.0.0.1:63297]' for 'POST' to 'http://localhost:63297/session/0718abf509a8e91bc340b146db6ec50c/execute/sync'
17:28:59.035 [Forwarding isElementDisplayed on session 0718abf509a8e91bc340b146db6ec50c to remote] DEBUG org.asynchttpclient.netty.request.NettyRequestSender - Using open Channel [id: 0xf116e471, L:/127.0.0.1:54713 - R:localhost/127.0.0.1:63297] for POST '/session/0718abf509a8e91bc340b146db6ec50c/execute/sync'
17:28:59.044 [AsyncHttpClient-1-2] DEBUG org.asynchttpclient.netty.handler.HttpHandler - 

Request DefaultHttpRequest(decodeResult: success, version: HTTP/1.1)
POST /session/0718abf509a8e91bc340b146db6ec50c/execute/sync HTTP/1.1
User-Agent: selenium/4.1.2 (java windows)
Content-Length: 48780
Content-Type: application/json; charset=utf-8
host: localhost:63297
accept: */*

Response DefaultHttpResponse(decodeResult: success, version: HTTP/1.1)
HTTP/1.1 200 OK
Content-Type: application/json; charset=utf-8
cache-control: no-cache
content-length: 14

17:28:59.044 [AsyncHttpClient-1-2] DEBUG org.asynchttpclient.netty.channel.ChannelManager - Adding key: http://localhost:63297 for channel [id: 0xf116e471, L:/127.0.0.1:54713 - R:localhost/127.0.0.1:63297]
17:28:59.062 [Forwarding findElement on session 0718abf509a8e91bc340b146db6ec50c to remote] DEBUG org.asynchttpclient.netty.request.NettyRequestSender - Using pooled Channel '[id: 0xf116e471, L:/127.0.0.1:54713 - R:localhost/127.0.0.1:63297]' for 'POST' to 'http://localhost:63297/session/0718abf509a8e91bc340b146db6ec50c/element'
17:28:59.062 [Forwarding findElement on session 0718abf509a8e91bc340b146db6ec50c to remote] DEBUG org.asynchttpclient.netty.request.NettyRequestSender - Using open Channel [id: 0xf116e471, L:/127.0.0.1:54713 - R:localhost/127.0.0.1:63297] for POST '/session/0718abf509a8e91bc340b146db6ec50c/element'
17:28:59.070 [AsyncHttpClient-1-2] DEBUG org.asynchttpclient.netty.handler.HttpHandler - 

Request DefaultHttpRequest(decodeResult: success, version: HTTP/1.1)
POST /session/0718abf509a8e91bc340b146db6ec50c/element HTTP/1.1
User-Agent: selenium/4.1.2 (java windows)
Content-Length: 86
Content-Type: application/json; charset=utf-8
host: localhost:63297
accept: */*

Response DefaultHttpResponse(decodeResult: success, version: HTTP/1.1)
HTTP/1.1 200 OK
Content-Type: application/json; charset=utf-8
cache-control: no-cache
content-length: 88

17:28:59.070 [AsyncHttpClient-1-2] DEBUG org.asynchttpclient.netty.channel.ChannelManager - Adding key: http://localhost:63297 for channel [id: 0xf116e471, L:/127.0.0.1:54713 - R:localhost/127.0.0.1:63297]
17:28:59.071 [Forwarding clickElement on session 0718abf509a8e91bc340b146db6ec50c to remote] DEBUG org.asynchttpclient.netty.request.NettyRequestSender - Using pooled Channel '[id: 0xf116e471, L:/127.0.0.1:54713 - R:localhost/127.0.0.1:63297]' for 'POST' to 'http://localhost:63297/session/0718abf509a8e91bc340b146db6ec50c/element/d9e4e1a6-706f-426e-a27a-bc64f1a0c4c2/click'
17:28:59.071 [Forwarding clickElement on session 0718abf509a8e91bc340b146db6ec50c to remote] DEBUG org.asynchttpclient.netty.request.NettyRequestSender - Using open Channel [id: 0xf116e471, L:/127.0.0.1:54713 - R:localhost/127.0.0.1:63297] for POST '/session/0718abf509a8e91bc340b146db6ec50c/element/d9e4e1a6-706f-426e-a27a-bc64f1a0c4c2/click'
17:28:59.104 [AsyncHttpClient-1-2] DEBUG org.asynchttpclient.netty.handler.HttpHandler - 

Request DefaultHttpRequest(decodeResult: success, version: HTTP/1.1)
POST /session/0718abf509a8e91bc340b146db6ec50c/element/d9e4e1a6-706f-426e-a27a-bc64f1a0c4c2/click HTTP/1.1
User-Agent: selenium/4.1.2 (java windows)
Content-Length: 50
Content-Type: application/json; charset=utf-8
host: localhost:63297
accept: */*

Response DefaultHttpResponse(decodeResult: success, version: HTTP/1.1)
HTTP/1.1 200 OK
Content-Type: application/json; charset=utf-8
cache-control: no-cache
content-length: 14

17:28:59.104 [AsyncHttpClient-1-2] DEBUG org.asynchttpclient.netty.channel.ChannelManager - Adding key: http://localhost:63297 for channel [id: 0xf116e471, L:/127.0.0.1:54713 - R:localhost/127.0.0.1:63297]
17:28:59.119 [Forwarding screenshot on session 0718abf509a8e91bc340b146db6ec50c to remote] DEBUG org.asynchttpclient.netty.request.NettyRequestSender - Using pooled Channel '[id: 0xf116e471, L:/127.0.0.1:54713 - R:localhost/127.0.0.1:63297]' for 'GET' to 'http://localhost:63297/session/0718abf509a8e91bc340b146db6ec50c/screenshot'
17:28:59.119 [Forwarding screenshot on session 0718abf509a8e91bc340b146db6ec50c to remote] DEBUG org.asynchttpclient.netty.request.NettyRequestSender - Using open Channel [id: 0xf116e471, L:/127.0.0.1:54713 - R:localhost/127.0.0.1:63297] for GET '/session/0718abf509a8e91bc340b146db6ec50c/screenshot'
17:28:59.255 [AsyncHttpClient-1-2] DEBUG org.asynchttpclient.netty.handler.HttpHandler - 

Request DefaultFullHttpRequest(decodeResult: success, version: HTTP/1.1, content: EmptyByteBufBE)
GET /session/0718abf509a8e91bc340b146db6ec50c/screenshot HTTP/1.1
User-Agent: selenium/4.1.2 (java windows)
Cache-Control: no-cache
Content-Type: application/json; charset=utf-8
host: localhost:63297
accept: */*

Response DefaultHttpResponse(decodeResult: success, version: HTTP/1.1)
HTTP/1.1 200 OK
Content-Type: application/json; charset=utf-8
cache-control: no-cache
content-length: 139208

17:28:59.256 [AsyncHttpClient-1-2] DEBUG org.asynchttpclient.netty.channel.ChannelManager - Adding key: http://localhost:63297 for channel [id: 0xf116e471, L:/127.0.0.1:54713 - R:localhost/127.0.0.1:63297]
17:28:59.261 [Test worker] DEBUG net.serenitybdd.core.photography.Darkroom - Send negative for processing for C:\Users\johan\OneDrive\Documentos\KONEX\Pruebas automatizadas\automatizacion_login_backoffice_1v\target\site\serenity\14ce38190e675d9c071cad1bed3af63590488956c3b30b659819569cfeaa1461.png
17:28:59.261 [Darkroom Processing Line] DEBUG net.serenitybdd.core.photography.DarkroomProcessingLine - Processing screenshot image in /var/screenshots/screenshot-3144846270924343347
17:28:59.261 [Darkroom Processing Line] DEBUG net.serenitybdd.core.photography.DarkroomProcessingLine - Saving screenshot to C:\Users\johan\OneDrive\Documentos\KONEX\Pruebas automatizadas\automatizacion_login_backoffice_1v\target\site\serenity\14ce38190e675d9c071cad1bed3af63590488956c3b30b659819569cfeaa1461.png
17:28:59.277 [Test worker] DEBUG net.thucydides.core.steps.StepInterceptor - STEP DONE: {0} clicks on #target
17:28:59.278 [Test worker] DEBUG net.serenitybdd.screenplay.targets.IFrameSwitcher - default content already selected for Imagen de la loteria
17:28:59.298 [Forwarding getCurrentUrl on session 0718abf509a8e91bc340b146db6ec50c to remote] DEBUG org.asynchttpclient.netty.request.NettyRequestSender - Using pooled Channel '[id: 0xf116e471, L:/127.0.0.1:54713 - R:localhost/127.0.0.1:63297]' for 'GET' to 'http://localhost:63297/session/0718abf509a8e91bc340b146db6ec50c/url'
17:28:59.298 [Forwarding getCurrentUrl on session 0718abf509a8e91bc340b146db6ec50c to remote] DEBUG org.asynchttpclient.netty.request.NettyRequestSender - Using open Channel [id: 0xf116e471, L:/127.0.0.1:54713 - R:localhost/127.0.0.1:63297] for GET '/session/0718abf509a8e91bc340b146db6ec50c/url'
17:28:59.306 [AsyncHttpClient-1-2] DEBUG org.asynchttpclient.netty.handler.HttpHandler - 

Request DefaultFullHttpRequest(decodeResult: success, version: HTTP/1.1, content: EmptyByteBufBE)
GET /session/0718abf509a8e91bc340b146db6ec50c/url HTTP/1.1
User-Agent: selenium/4.1.2 (java windows)
Cache-Control: no-cache
Content-Type: application/json; charset=utf-8
host: localhost:63297
accept: */*

Response DefaultHttpResponse(decodeResult: success, version: HTTP/1.1)
HTTP/1.1 200 OK
Content-Type: application/json; charset=utf-8
cache-control: no-cache
content-length: 83

17:28:59.306 [AsyncHttpClient-1-2] DEBUG org.asynchttpclient.netty.channel.ChannelManager - Adding key: http://localhost:63297 for channel [id: 0xf116e471, L:/127.0.0.1:54713 - R:localhost/127.0.0.1:63297]
17:28:59.353 [Forwarding findElement on session 0718abf509a8e91bc340b146db6ec50c to remote] DEBUG org.asynchttpclient.netty.request.NettyRequestSender - Using pooled Channel '[id: 0xf116e471, L:/127.0.0.1:54713 - R:localhost/127.0.0.1:63297]' for 'POST' to 'http://localhost:63297/session/0718abf509a8e91bc340b146db6ec50c/element'
17:28:59.353 [Forwarding findElement on session 0718abf509a8e91bc340b146db6ec50c to remote] DEBUG org.asynchttpclient.netty.request.NettyRequestSender - Using open Channel [id: 0xf116e471, L:/127.0.0.1:54713 - R:localhost/127.0.0.1:63297] for POST '/session/0718abf509a8e91bc340b146db6ec50c/element'
17:28:59.373 [AsyncHttpClient-1-2] DEBUG org.asynchttpclient.netty.handler.HttpHandler - 

Request DefaultHttpRequest(decodeResult: success, version: HTTP/1.1)
POST /session/0718abf509a8e91bc340b146db6ec50c/element HTTP/1.1
User-Agent: selenium/4.1.2 (java windows)
Content-Length: 89
Content-Type: application/json; charset=utf-8
host: localhost:63297
accept: */*

Response DefaultHttpResponse(decodeResult: success, version: HTTP/1.1)
HTTP/1.1 200 OK
Content-Type: application/json; charset=utf-8
cache-control: no-cache
content-length: 88

17:28:59.374 [AsyncHttpClient-1-2] DEBUG org.asynchttpclient.netty.channel.ChannelManager - Adding key: http://localhost:63297 for channel [id: 0xf116e471, L:/127.0.0.1:54713 - R:localhost/127.0.0.1:63297]
17:28:59.395 [Forwarding executeScript on session 0718abf509a8e91bc340b146db6ec50c to remote] DEBUG org.asynchttpclient.netty.request.NettyRequestSender - Using pooled Channel '[id: 0xf116e471, L:/127.0.0.1:54713 - R:localhost/127.0.0.1:63297]' for 'POST' to 'http://localhost:63297/session/0718abf509a8e91bc340b146db6ec50c/execute/sync'
17:28:59.395 [Forwarding executeScript on session 0718abf509a8e91bc340b146db6ec50c to remote] DEBUG org.asynchttpclient.netty.request.NettyRequestSender - Using open Channel [id: 0xf116e471, L:/127.0.0.1:54713 - R:localhost/127.0.0.1:63297] for POST '/session/0718abf509a8e91bc340b146db6ec50c/execute/sync'
17:28:59.405 [AsyncHttpClient-1-2] DEBUG org.asynchttpclient.netty.handler.HttpHandler - 

Request DefaultHttpRequest(decodeResult: success, version: HTTP/1.1)
POST /session/0718abf509a8e91bc340b146db6ec50c/execute/sync HTTP/1.1
User-Agent: selenium/4.1.2 (java windows)
Content-Length: 240
Content-Type: application/json; charset=utf-8
host: localhost:63297
accept: */*

Response DefaultHttpResponse(decodeResult: success, version: HTTP/1.1)
HTTP/1.1 200 OK
Content-Type: application/json; charset=utf-8
cache-control: no-cache
content-length: 14

17:28:59.405 [AsyncHttpClient-1-2] DEBUG org.asynchttpclient.netty.channel.ChannelManager - Adding key: http://localhost:63297 for channel [id: 0xf116e471, L:/127.0.0.1:54713 - R:localhost/127.0.0.1:63297]
17:28:59.440 [Forwarding screenshot on session 0718abf509a8e91bc340b146db6ec50c to remote] DEBUG org.asynchttpclient.netty.request.NettyRequestSender - Using pooled Channel '[id: 0xf116e471, L:/127.0.0.1:54713 - R:localhost/127.0.0.1:63297]' for 'GET' to 'http://localhost:63297/session/0718abf509a8e91bc340b146db6ec50c/screenshot'
17:28:59.441 [Forwarding screenshot on session 0718abf509a8e91bc340b146db6ec50c to remote] DEBUG org.asynchttpclient.netty.request.NettyRequestSender - Using open Channel [id: 0xf116e471, L:/127.0.0.1:54713 - R:localhost/127.0.0.1:63297] for GET '/session/0718abf509a8e91bc340b146db6ec50c/screenshot'
17:28:59.624 [AsyncHttpClient-1-2] DEBUG org.asynchttpclient.netty.handler.HttpHandler - 

Request DefaultFullHttpRequest(decodeResult: success, version: HTTP/1.1, content: EmptyByteBufBE)
GET /session/0718abf509a8e91bc340b146db6ec50c/screenshot HTTP/1.1
User-Agent: selenium/4.1.2 (java windows)
Cache-Control: no-cache
Content-Type: application/json; charset=utf-8
host: localhost:63297
accept: */*

Response DefaultHttpResponse(decodeResult: success, version: HTTP/1.1)
HTTP/1.1 200 OK
Content-Type: application/json; charset=utf-8
cache-control: no-cache
content-length: 132664

17:28:59.625 [AsyncHttpClient-1-2] DEBUG org.asynchttpclient.netty.channel.ChannelManager - Adding key: http://localhost:63297 for channel [id: 0xf116e471, L:/127.0.0.1:54713 - R:localhost/127.0.0.1:63297]
17:28:59.637 [Test worker] DEBUG net.serenitybdd.core.photography.Darkroom - Send negative for processing for C:\Users\johan\OneDrive\Documentos\KONEX\Pruebas automatizadas\automatizacion_login_backoffice_1v\target\site\serenity\7b6f2573f8139bedba4684efe18a3853aa59218fe5fe38bc19aedd3d58a9411b.png
17:28:59.637 [Darkroom Processing Line] DEBUG net.serenitybdd.core.photography.DarkroomProcessingLine - Processing screenshot image in /var/screenshots/screenshot-8905322043422757392
17:28:59.637 [Darkroom Processing Line] DEBUG net.serenitybdd.core.photography.DarkroomProcessingLine - Saving screenshot to C:\Users\johan\OneDrive\Documentos\KONEX\Pruebas automatizadas\automatizacion_login_backoffice_1v\target\site\serenity\7b6f2573f8139bedba4684efe18a3853aa59218fe5fe38bc19aedd3d58a9411b.png
17:28:59.638 [Test worker] DEBUG net.thucydides.core.steps.StepInterceptor - STARTING STEP: Llenar.performAs - {0} clicks on #target
17:28:59.639 [Test worker] DEBUG net.serenitybdd.screenplay.targets.IFrameSwitcher - default content already selected for Imagen de la loteria
17:28:59.752 [AsyncHttpClient-1-1] DEBUG org.asynchttpclient.netty.channel.DefaultChannelPool - Entry count for : http://localhost:54715 : 1
17:28:59.752 [AsyncHttpClient-1-1] DEBUG org.asynchttpclient.netty.channel.DefaultChannelPool - Entry count for : http://localhost:63297 : 1
17:28:59.770 [Forwarding findElement on session 0718abf509a8e91bc340b146db6ec50c to remote] DEBUG org.asynchttpclient.netty.request.NettyRequestSender - Using pooled Channel '[id: 0xf116e471, L:/127.0.0.1:54713 - R:localhost/127.0.0.1:63297]' for 'POST' to 'http://localhost:63297/session/0718abf509a8e91bc340b146db6ec50c/element'
17:28:59.770 [Forwarding findElement on session 0718abf509a8e91bc340b146db6ec50c to remote] DEBUG org.asynchttpclient.netty.request.NettyRequestSender - Using open Channel [id: 0xf116e471, L:/127.0.0.1:54713 - R:localhost/127.0.0.1:63297] for POST '/session/0718abf509a8e91bc340b146db6ec50c/element'
17:28:59.783 [AsyncHttpClient-1-2] DEBUG org.asynchttpclient.netty.handler.HttpHandler - 

Request DefaultHttpRequest(decodeResult: success, version: HTTP/1.1)
POST /session/0718abf509a8e91bc340b146db6ec50c/element HTTP/1.1
User-Agent: selenium/4.1.2 (java windows)
Content-Length: 89
Content-Type: application/json; charset=utf-8
host: localhost:63297
accept: */*

Response DefaultHttpResponse(decodeResult: success, version: HTTP/1.1)
HTTP/1.1 200 OK
Content-Type: application/json; charset=utf-8
cache-control: no-cache
content-length: 88

17:28:59.783 [AsyncHttpClient-1-2] DEBUG org.asynchttpclient.netty.channel.ChannelManager - Adding key: http://localhost:63297 for channel [id: 0xf116e471, L:/127.0.0.1:54713 - R:localhost/127.0.0.1:63297]
17:28:59.809 [Forwarding isElementDisplayed on session 0718abf509a8e91bc340b146db6ec50c to remote] DEBUG org.asynchttpclient.netty.request.NettyRequestSender - Using pooled Channel '[id: 0xf116e471, L:/127.0.0.1:54713 - R:localhost/127.0.0.1:63297]' for 'POST' to 'http://localhost:63297/session/0718abf509a8e91bc340b146db6ec50c/execute/sync'
17:28:59.809 [Forwarding isElementDisplayed on session 0718abf509a8e91bc340b146db6ec50c to remote] DEBUG org.asynchttpclient.netty.request.NettyRequestSender - Using open Channel [id: 0xf116e471, L:/127.0.0.1:54713 - R:localhost/127.0.0.1:63297] for POST '/session/0718abf509a8e91bc340b146db6ec50c/execute/sync'
17:28:59.828 [AsyncHttpClient-1-2] DEBUG org.asynchttpclient.netty.handler.HttpHandler - 

Request DefaultHttpRequest(decodeResult: success, version: HTTP/1.1)
POST /session/0718abf509a8e91bc340b146db6ec50c/execute/sync HTTP/1.1
User-Agent: selenium/4.1.2 (java windows)
Content-Length: 48780
Content-Type: application/json; charset=utf-8
host: localhost:63297
accept: */*

Response DefaultHttpResponse(decodeResult: success, version: HTTP/1.1)
HTTP/1.1 200 OK
Content-Type: application/json; charset=utf-8
cache-control: no-cache
content-length: 14

17:28:59.828 [AsyncHttpClient-1-2] DEBUG org.asynchttpclient.netty.channel.ChannelManager - Adding key: http://localhost:63297 for channel [id: 0xf116e471, L:/127.0.0.1:54713 - R:localhost/127.0.0.1:63297]
17:28:59.871 [Forwarding findElement on session 0718abf509a8e91bc340b146db6ec50c to remote] DEBUG org.asynchttpclient.netty.request.NettyRequestSender - Using pooled Channel '[id: 0xf116e471, L:/127.0.0.1:54713 - R:localhost/127.0.0.1:63297]' for 'POST' to 'http://localhost:63297/session/0718abf509a8e91bc340b146db6ec50c/element'
17:28:59.871 [Forwarding findElement on session 0718abf509a8e91bc340b146db6ec50c to remote] DEBUG org.asynchttpclient.netty.request.NettyRequestSender - Using open Channel [id: 0xf116e471, L:/127.0.0.1:54713 - R:localhost/127.0.0.1:63297] for POST '/session/0718abf509a8e91bc340b146db6ec50c/element'
17:28:59.884 [AsyncHttpClient-1-2] DEBUG org.asynchttpclient.netty.handler.HttpHandler - 

Request DefaultHttpRequest(decodeResult: success, version: HTTP/1.1)
POST /session/0718abf509a8e91bc340b146db6ec50c/element HTTP/1.1
User-Agent: selenium/4.1.2 (java windows)
Content-Length: 89
Content-Type: application/json; charset=utf-8
host: localhost:63297
accept: */*

Response DefaultHttpResponse(decodeResult: success, version: HTTP/1.1)
HTTP/1.1 200 OK
Content-Type: application/json; charset=utf-8
cache-control: no-cache
content-length: 88

17:28:59.884 [AsyncHttpClient-1-2] DEBUG org.asynchttpclient.netty.channel.ChannelManager - Adding key: http://localhost:63297 for channel [id: 0xf116e471, L:/127.0.0.1:54713 - R:localhost/127.0.0.1:63297]
17:28:59.886 [Forwarding clickElement on session 0718abf509a8e91bc340b146db6ec50c to remote] DEBUG org.asynchttpclient.netty.request.NettyRequestSender - Using pooled Channel '[id: 0xf116e471, L:/127.0.0.1:54713 - R:localhost/127.0.0.1:63297]' for 'POST' to 'http://localhost:63297/session/0718abf509a8e91bc340b146db6ec50c/element/8ce90999-1303-41e0-b494-64f90ec0734b/click'
17:28:59.887 [Forwarding clickElement on session 0718abf509a8e91bc340b146db6ec50c to remote] DEBUG org.asynchttpclient.netty.request.NettyRequestSender - Using open Channel [id: 0xf116e471, L:/127.0.0.1:54713 - R:localhost/127.0.0.1:63297] for POST '/session/0718abf509a8e91bc340b146db6ec50c/element/8ce90999-1303-41e0-b494-64f90ec0734b/click'
17:28:59.951 [AsyncHttpClient-1-2] DEBUG org.asynchttpclient.netty.handler.HttpHandler - 

Request DefaultHttpRequest(decodeResult: success, version: HTTP/1.1)
POST /session/0718abf509a8e91bc340b146db6ec50c/element/8ce90999-1303-41e0-b494-64f90ec0734b/click HTTP/1.1
User-Agent: selenium/4.1.2 (java windows)
Content-Length: 50
Content-Type: application/json; charset=utf-8
host: localhost:63297
accept: */*

Response DefaultHttpResponse(decodeResult: success, version: HTTP/1.1)
HTTP/1.1 200 OK
Content-Type: application/json; charset=utf-8
cache-control: no-cache
content-length: 14

17:28:59.951 [AsyncHttpClient-1-2] DEBUG org.asynchttpclient.netty.channel.ChannelManager - Adding key: http://localhost:63297 for channel [id: 0xf116e471, L:/127.0.0.1:54713 - R:localhost/127.0.0.1:63297]
17:28:59.994 [Forwarding screenshot on session 0718abf509a8e91bc340b146db6ec50c to remote] DEBUG org.asynchttpclient.netty.request.NettyRequestSender - Using pooled Channel '[id: 0xf116e471, L:/127.0.0.1:54713 - R:localhost/127.0.0.1:63297]' for 'GET' to 'http://localhost:63297/session/0718abf509a8e91bc340b146db6ec50c/screenshot'
17:28:59.994 [Forwarding screenshot on session 0718abf509a8e91bc340b146db6ec50c to remote] DEBUG org.asynchttpclient.netty.request.NettyRequestSender - Using open Channel [id: 0xf116e471, L:/127.0.0.1:54713 - R:localhost/127.0.0.1:63297] for GET '/session/0718abf509a8e91bc340b146db6ec50c/screenshot'
17:29:00.247 [AsyncHttpClient-1-2] DEBUG org.asynchttpclient.netty.handler.HttpHandler - 

Request DefaultFullHttpRequest(decodeResult: success, version: HTTP/1.1, content: EmptyByteBufBE)
GET /session/0718abf509a8e91bc340b146db6ec50c/screenshot HTTP/1.1
User-Agent: selenium/4.1.2 (java windows)
Cache-Control: no-cache
Content-Type: application/json; charset=utf-8
host: localhost:63297
accept: */*

Response DefaultHttpResponse(decodeResult: success, version: HTTP/1.1)
HTTP/1.1 200 OK
Content-Type: application/json; charset=utf-8
cache-control: no-cache
content-length: 132372

17:29:00.248 [AsyncHttpClient-1-2] DEBUG org.asynchttpclient.netty.channel.ChannelManager - Adding key: http://localhost:63297 for channel [id: 0xf116e471, L:/127.0.0.1:54713 - R:localhost/127.0.0.1:63297]
17:29:00.257 [Test worker] DEBUG net.serenitybdd.core.photography.Darkroom - Send negative for processing for C:\Users\johan\OneDrive\Documentos\KONEX\Pruebas automatizadas\automatizacion_login_backoffice_1v\target\site\serenity\440f782afa28d7476ecfffe99bc1f35dbed26ff7bd6e1aaa44ff00b173f5b5a7.png
17:29:00.258 [Darkroom Processing Line] DEBUG net.serenitybdd.core.photography.DarkroomProcessingLine - Processing screenshot image in /var/screenshots/screenshot-3691764108170990137
17:29:00.258 [Darkroom Processing Line] DEBUG net.serenitybdd.core.photography.DarkroomProcessingLine - Saving screenshot to C:\Users\johan\OneDrive\Documentos\KONEX\Pruebas automatizadas\automatizacion_login_backoffice_1v\target\site\serenity\440f782afa28d7476ecfffe99bc1f35dbed26ff7bd6e1aaa44ff00b173f5b5a7.png
17:29:00.291 [Test worker] DEBUG net.thucydides.core.steps.StepInterceptor - STEP DONE: {0} clicks on #target
17:29:00.323 [Forwarding screenshot on session 0718abf509a8e91bc340b146db6ec50c to remote] DEBUG org.asynchttpclient.netty.request.NettyRequestSender - Using pooled Channel '[id: 0xf116e471, L:/127.0.0.1:54713 - R:localhost/127.0.0.1:63297]' for 'GET' to 'http://localhost:63297/session/0718abf509a8e91bc340b146db6ec50c/screenshot'
17:29:00.323 [Forwarding screenshot on session 0718abf509a8e91bc340b146db6ec50c to remote] DEBUG org.asynchttpclient.netty.request.NettyRequestSender - Using open Channel [id: 0xf116e471, L:/127.0.0.1:54713 - R:localhost/127.0.0.1:63297] for GET '/session/0718abf509a8e91bc340b146db6ec50c/screenshot'
17:29:00.472 [AsyncHttpClient-1-2] DEBUG org.asynchttpclient.netty.handler.HttpHandler - 

Request DefaultFullHttpRequest(decodeResult: success, version: HTTP/1.1, content: EmptyByteBufBE)
GET /session/0718abf509a8e91bc340b146db6ec50c/screenshot HTTP/1.1
User-Agent: selenium/4.1.2 (java windows)
Cache-Control: no-cache
Content-Type: application/json; charset=utf-8
host: localhost:63297
accept: */*

Response DefaultHttpResponse(decodeResult: success, version: HTTP/1.1)
HTTP/1.1 200 OK
Content-Type: application/json; charset=utf-8
cache-control: no-cache
content-length: 132364

17:29:00.473 [AsyncHttpClient-1-2] DEBUG org.asynchttpclient.netty.channel.ChannelManager - Adding key: http://localhost:63297 for channel [id: 0xf116e471, L:/127.0.0.1:54713 - R:localhost/127.0.0.1:63297]
17:29:00.485 [Test worker] DEBUG net.serenitybdd.core.photography.Darkroom - Send negative for processing for C:\Users\johan\OneDrive\Documentos\KONEX\Pruebas automatizadas\automatizacion_login_backoffice_1v\target\site\serenity\fdccaff825002c28bf687ce03515688f137be531a384e76dd336b414643b3599.png
17:29:00.485 [Test worker] DEBUG net.thucydides.core.steps.StepInterceptor - STARTING STEP: Llenar.performAs - {0} clicks on #target
17:29:00.487 [Test worker] DEBUG net.serenitybdd.screenplay.targets.IFrameSwitcher - default content already selected for estado de la loteria
17:29:00.487 [Darkroom Processing Line] DEBUG net.serenitybdd.core.photography.DarkroomProcessingLine - Processing screenshot image in /var/screenshots/screenshot-327778145812844978
17:29:00.487 [Darkroom Processing Line] DEBUG net.serenitybdd.core.photography.DarkroomProcessingLine - Saving screenshot to C:\Users\johan\OneDrive\Documentos\KONEX\Pruebas automatizadas\automatizacion_login_backoffice_1v\target\site\serenity\fdccaff825002c28bf687ce03515688f137be531a384e76dd336b414643b3599.png
17:29:00.658 [Forwarding findElement on session 0718abf509a8e91bc340b146db6ec50c to remote] DEBUG org.asynchttpclient.netty.request.NettyRequestSender - Using pooled Channel '[id: 0xf116e471, L:/127.0.0.1:54713 - R:localhost/127.0.0.1:63297]' for 'POST' to 'http://localhost:63297/session/0718abf509a8e91bc340b146db6ec50c/element'
17:29:00.658 [Forwarding findElement on session 0718abf509a8e91bc340b146db6ec50c to remote] DEBUG org.asynchttpclient.netty.request.NettyRequestSender - Using open Channel [id: 0xf116e471, L:/127.0.0.1:54713 - R:localhost/127.0.0.1:63297] for POST '/session/0718abf509a8e91bc340b146db6ec50c/element'
17:29:00.680 [AsyncHttpClient-1-2] DEBUG org.asynchttpclient.netty.handler.HttpHandler - 

Request DefaultHttpRequest(decodeResult: success, version: HTTP/1.1)
POST /session/0718abf509a8e91bc340b146db6ec50c/element HTTP/1.1
User-Agent: selenium/4.1.2 (java windows)
Content-Length: 117
Content-Type: application/json; charset=utf-8
host: localhost:63297
accept: */*

Response DefaultHttpResponse(decodeResult: success, version: HTTP/1.1)
HTTP/1.1 200 OK
Content-Type: application/json; charset=utf-8
cache-control: no-cache
content-length: 88

17:29:00.680 [AsyncHttpClient-1-2] DEBUG org.asynchttpclient.netty.channel.ChannelManager - Adding key: http://localhost:63297 for channel [id: 0xf116e471, L:/127.0.0.1:54713 - R:localhost/127.0.0.1:63297]
17:29:00.713 [Forwarding isElementDisplayed on session 0718abf509a8e91bc340b146db6ec50c to remote] DEBUG org.asynchttpclient.netty.request.NettyRequestSender - Using pooled Channel '[id: 0xf116e471, L:/127.0.0.1:54713 - R:localhost/127.0.0.1:63297]' for 'POST' to 'http://localhost:63297/session/0718abf509a8e91bc340b146db6ec50c/execute/sync'
17:29:00.713 [Forwarding isElementDisplayed on session 0718abf509a8e91bc340b146db6ec50c to remote] DEBUG org.asynchttpclient.netty.request.NettyRequestSender - Using open Channel [id: 0xf116e471, L:/127.0.0.1:54713 - R:localhost/127.0.0.1:63297] for POST '/session/0718abf509a8e91bc340b146db6ec50c/execute/sync'
17:29:00.747 [AsyncHttpClient-1-2] DEBUG org.asynchttpclient.netty.handler.HttpHandler - 

Request DefaultHttpRequest(decodeResult: success, version: HTTP/1.1)
POST /session/0718abf509a8e91bc340b146db6ec50c/execute/sync HTTP/1.1
User-Agent: selenium/4.1.2 (java windows)
Content-Length: 48780
Content-Type: application/json; charset=utf-8
host: localhost:63297
accept: */*

Response DefaultHttpResponse(decodeResult: success, version: HTTP/1.1)
HTTP/1.1 200 OK
Content-Type: application/json; charset=utf-8
cache-control: no-cache
content-length: 14

17:29:00.747 [AsyncHttpClient-1-2] DEBUG org.asynchttpclient.netty.channel.ChannelManager - Adding key: http://localhost:63297 for channel [id: 0xf116e471, L:/127.0.0.1:54713 - R:localhost/127.0.0.1:63297]
17:29:00.792 [Forwarding findElement on session 0718abf509a8e91bc340b146db6ec50c to remote] DEBUG org.asynchttpclient.netty.request.NettyRequestSender - Using pooled Channel '[id: 0xf116e471, L:/127.0.0.1:54713 - R:localhost/127.0.0.1:63297]' for 'POST' to 'http://localhost:63297/session/0718abf509a8e91bc340b146db6ec50c/element'
17:29:00.792 [Forwarding findElement on session 0718abf509a8e91bc340b146db6ec50c to remote] DEBUG org.asynchttpclient.netty.request.NettyRequestSender - Using open Channel [id: 0xf116e471, L:/127.0.0.1:54713 - R:localhost/127.0.0.1:63297] for POST '/session/0718abf509a8e91bc340b146db6ec50c/element'
17:29:00.807 [AsyncHttpClient-1-2] DEBUG org.asynchttpclient.netty.handler.HttpHandler - 

Request DefaultHttpRequest(decodeResult: success, version: HTTP/1.1)
POST /session/0718abf509a8e91bc340b146db6ec50c/element HTTP/1.1
User-Agent: selenium/4.1.2 (java windows)
Content-Length: 117
Content-Type: application/json; charset=utf-8
host: localhost:63297
accept: */*

Response DefaultHttpResponse(decodeResult: success, version: HTTP/1.1)
HTTP/1.1 200 OK
Content-Type: application/json; charset=utf-8
cache-control: no-cache
content-length: 88

17:29:00.807 [AsyncHttpClient-1-2] DEBUG org.asynchttpclient.netty.channel.ChannelManager - Adding key: http://localhost:63297 for channel [id: 0xf116e471, L:/127.0.0.1:54713 - R:localhost/127.0.0.1:63297]
17:29:00.809 [Forwarding clickElement on session 0718abf509a8e91bc340b146db6ec50c to remote] DEBUG org.asynchttpclient.netty.request.NettyRequestSender - Using pooled Channel '[id: 0xf116e471, L:/127.0.0.1:54713 - R:localhost/127.0.0.1:63297]' for 'POST' to 'http://localhost:63297/session/0718abf509a8e91bc340b146db6ec50c/element/7b84eb34-152c-4653-839d-c2f31d73cc63/click'
17:29:00.810 [Forwarding clickElement on session 0718abf509a8e91bc340b146db6ec50c to remote] DEBUG org.asynchttpclient.netty.request.NettyRequestSender - Using open Channel [id: 0xf116e471, L:/127.0.0.1:54713 - R:localhost/127.0.0.1:63297] for POST '/session/0718abf509a8e91bc340b146db6ec50c/element/7b84eb34-152c-4653-839d-c2f31d73cc63/click'
17:29:00.851 [AsyncHttpClient-1-1] DEBUG org.asynchttpclient.netty.channel.DefaultChannelPool - Entry count for : http://localhost:54715 : 1
17:29:00.881 [AsyncHttpClient-1-2] DEBUG org.asynchttpclient.netty.handler.HttpHandler - 

Request DefaultHttpRequest(decodeResult: success, version: HTTP/1.1)
POST /session/0718abf509a8e91bc340b146db6ec50c/element/7b84eb34-152c-4653-839d-c2f31d73cc63/click HTTP/1.1
User-Agent: selenium/4.1.2 (java windows)
Content-Length: 50
Content-Type: application/json; charset=utf-8
host: localhost:63297
accept: */*

Response DefaultHttpResponse(decodeResult: success, version: HTTP/1.1)
HTTP/1.1 200 OK
Content-Type: application/json; charset=utf-8
cache-control: no-cache
content-length: 14

17:29:00.882 [AsyncHttpClient-1-2] DEBUG org.asynchttpclient.netty.channel.ChannelManager - Adding key: http://localhost:63297 for channel [id: 0xf116e471, L:/127.0.0.1:54713 - R:localhost/127.0.0.1:63297]
17:29:00.922 [Forwarding screenshot on session 0718abf509a8e91bc340b146db6ec50c to remote] DEBUG org.asynchttpclient.netty.request.NettyRequestSender - Using pooled Channel '[id: 0xf116e471, L:/127.0.0.1:54713 - R:localhost/127.0.0.1:63297]' for 'GET' to 'http://localhost:63297/session/0718abf509a8e91bc340b146db6ec50c/screenshot'
17:29:00.922 [Forwarding screenshot on session 0718abf509a8e91bc340b146db6ec50c to remote] DEBUG org.asynchttpclient.netty.request.NettyRequestSender - Using open Channel [id: 0xf116e471, L:/127.0.0.1:54713 - R:localhost/127.0.0.1:63297] for GET '/session/0718abf509a8e91bc340b146db6ec50c/screenshot'
17:29:01.161 [AsyncHttpClient-1-2] DEBUG org.asynchttpclient.netty.handler.HttpHandler - 

Request DefaultFullHttpRequest(decodeResult: success, version: HTTP/1.1, content: EmptyByteBufBE)
GET /session/0718abf509a8e91bc340b146db6ec50c/screenshot HTTP/1.1
User-Agent: selenium/4.1.2 (java windows)
Cache-Control: no-cache
Content-Type: application/json; charset=utf-8
host: localhost:63297
accept: */*

Response DefaultHttpResponse(decodeResult: success, version: HTTP/1.1)
HTTP/1.1 200 OK
Content-Type: application/json; charset=utf-8
cache-control: no-cache
content-length: 132744

17:29:01.162 [AsyncHttpClient-1-2] DEBUG org.asynchttpclient.netty.channel.ChannelManager - Adding key: http://localhost:63297 for channel [id: 0xf116e471, L:/127.0.0.1:54713 - R:localhost/127.0.0.1:63297]
17:29:01.177 [Test worker] DEBUG net.serenitybdd.core.photography.Darkroom - Send negative for processing for C:\Users\johan\OneDrive\Documentos\KONEX\Pruebas automatizadas\automatizacion_login_backoffice_1v\target\site\serenity\7123437687f2b0763180f40d9c506cd8ec1ed7d4ed2c114cf9afe583f9f5d02e.png
17:29:01.178 [Darkroom Processing Line] DEBUG net.serenitybdd.core.photography.DarkroomProcessingLine - Processing screenshot image in /var/screenshots/screenshot-4521628908445148281
17:29:01.178 [Darkroom Processing Line] DEBUG net.serenitybdd.core.photography.DarkroomProcessingLine - Saving screenshot to C:\Users\johan\OneDrive\Documentos\KONEX\Pruebas automatizadas\automatizacion_login_backoffice_1v\target\site\serenity\7123437687f2b0763180f40d9c506cd8ec1ed7d4ed2c114cf9afe583f9f5d02e.png
17:29:01.222 [Test worker] DEBUG net.thucydides.core.steps.StepInterceptor - STEP DONE: {0} clicks on #target
17:29:01.276 [Forwarding screenshot on session 0718abf509a8e91bc340b146db6ec50c to remote] DEBUG org.asynchttpclient.netty.request.NettyRequestSender - Using pooled Channel '[id: 0xf116e471, L:/127.0.0.1:54713 - R:localhost/127.0.0.1:63297]' for 'GET' to 'http://localhost:63297/session/0718abf509a8e91bc340b146db6ec50c/screenshot'
17:29:01.276 [Forwarding screenshot on session 0718abf509a8e91bc340b146db6ec50c to remote] DEBUG org.asynchttpclient.netty.request.NettyRequestSender - Using open Channel [id: 0xf116e471, L:/127.0.0.1:54713 - R:localhost/127.0.0.1:63297] for GET '/session/0718abf509a8e91bc340b146db6ec50c/screenshot'
17:29:01.448 [AsyncHttpClient-1-2] DEBUG org.asynchttpclient.netty.handler.HttpHandler - 

Request DefaultFullHttpRequest(decodeResult: success, version: HTTP/1.1, content: EmptyByteBufBE)
GET /session/0718abf509a8e91bc340b146db6ec50c/screenshot HTTP/1.1
User-Agent: selenium/4.1.2 (java windows)
Cache-Control: no-cache
Content-Type: application/json; charset=utf-8
host: localhost:63297
accept: */*

Response DefaultHttpResponse(decodeResult: success, version: HTTP/1.1)
HTTP/1.1 200 OK
Content-Type: application/json; charset=utf-8
cache-control: no-cache
content-length: 132516

17:29:01.449 [AsyncHttpClient-1-2] DEBUG org.asynchttpclient.netty.channel.ChannelManager - Adding key: http://localhost:63297 for channel [id: 0xf116e471, L:/127.0.0.1:54713 - R:localhost/127.0.0.1:63297]
17:29:01.460 [Test worker] DEBUG net.serenitybdd.core.photography.Darkroom - Send negative for processing for C:\Users\johan\OneDrive\Documentos\KONEX\Pruebas automatizadas\automatizacion_login_backoffice_1v\target\site\serenity\2b6430bb538f7fc8e12c7e62f9e76c8c679f6f7df9fc3d05abd8317b2aa87e19.png
17:29:01.460 [Darkroom Processing Line] DEBUG net.serenitybdd.core.photography.DarkroomProcessingLine - Processing screenshot image in /var/screenshots/screenshot-6925515463346021751
17:29:01.461 [Darkroom Processing Line] DEBUG net.serenitybdd.core.photography.DarkroomProcessingLine - Saving screenshot to C:\Users\johan\OneDrive\Documentos\KONEX\Pruebas automatizadas\automatizacion_login_backoffice_1v\target\site\serenity\2b6430bb538f7fc8e12c7e62f9e76c8c679f6f7df9fc3d05abd8317b2aa87e19.png
17:29:01.461 [Test worker] DEBUG net.thucydides.core.steps.StepInterceptor - STARTING STEP: Llenar.performAs - {0} clicks on #target
17:29:01.462 [Test worker] DEBUG net.serenitybdd.screenplay.targets.IFrameSwitcher - default content already selected for boton guardar loteria
17:29:01.622 [Forwarding findElement on session 0718abf509a8e91bc340b146db6ec50c to remote] DEBUG org.asynchttpclient.netty.request.NettyRequestSender - Using pooled Channel '[id: 0xf116e471, L:/127.0.0.1:54713 - R:localhost/127.0.0.1:63297]' for 'POST' to 'http://localhost:63297/session/0718abf509a8e91bc340b146db6ec50c/element'
17:29:01.622 [Forwarding findElement on session 0718abf509a8e91bc340b146db6ec50c to remote] DEBUG org.asynchttpclient.netty.request.NettyRequestSender - Using open Channel [id: 0xf116e471, L:/127.0.0.1:54713 - R:localhost/127.0.0.1:63297] for POST '/session/0718abf509a8e91bc340b146db6ec50c/element'
17:29:01.648 [AsyncHttpClient-1-2] DEBUG org.asynchttpclient.netty.handler.HttpHandler - 

Request DefaultHttpRequest(decodeResult: success, version: HTTP/1.1)
POST /session/0718abf509a8e91bc340b146db6ec50c/element HTTP/1.1
User-Agent: selenium/4.1.2 (java windows)
Content-Length: 94
Content-Type: application/json; charset=utf-8
host: localhost:63297
accept: */*

Response DefaultHttpResponse(decodeResult: success, version: HTTP/1.1)
HTTP/1.1 200 OK
Content-Type: application/json; charset=utf-8
cache-control: no-cache
content-length: 88

17:29:01.648 [AsyncHttpClient-1-2] DEBUG org.asynchttpclient.netty.channel.ChannelManager - Adding key: http://localhost:63297 for channel [id: 0xf116e471, L:/127.0.0.1:54713 - R:localhost/127.0.0.1:63297]
17:29:01.680 [Forwarding isElementDisplayed on session 0718abf509a8e91bc340b146db6ec50c to remote] DEBUG org.asynchttpclient.netty.request.NettyRequestSender - Using pooled Channel '[id: 0xf116e471, L:/127.0.0.1:54713 - R:localhost/127.0.0.1:63297]' for 'POST' to 'http://localhost:63297/session/0718abf509a8e91bc340b146db6ec50c/execute/sync'
17:29:01.680 [Forwarding isElementDisplayed on session 0718abf509a8e91bc340b146db6ec50c to remote] DEBUG org.asynchttpclient.netty.request.NettyRequestSender - Using open Channel [id: 0xf116e471, L:/127.0.0.1:54713 - R:localhost/127.0.0.1:63297] for POST '/session/0718abf509a8e91bc340b146db6ec50c/execute/sync'
17:29:01.702 [AsyncHttpClient-1-2] DEBUG org.asynchttpclient.netty.handler.HttpHandler - 

Request DefaultHttpRequest(decodeResult: success, version: HTTP/1.1)
POST /session/0718abf509a8e91bc340b146db6ec50c/execute/sync HTTP/1.1
User-Agent: selenium/4.1.2 (java windows)
Content-Length: 48780
Content-Type: application/json; charset=utf-8
host: localhost:63297
accept: */*

Response DefaultHttpResponse(decodeResult: success, version: HTTP/1.1)
HTTP/1.1 200 OK
Content-Type: application/json; charset=utf-8
cache-control: no-cache
content-length: 14

17:29:01.703 [AsyncHttpClient-1-2] DEBUG org.asynchttpclient.netty.channel.ChannelManager - Adding key: http://localhost:63297 for channel [id: 0xf116e471, L:/127.0.0.1:54713 - R:localhost/127.0.0.1:63297]
17:29:01.762 [Forwarding findElement on session 0718abf509a8e91bc340b146db6ec50c to remote] DEBUG org.asynchttpclient.netty.request.NettyRequestSender - Using pooled Channel '[id: 0xf116e471, L:/127.0.0.1:54713 - R:localhost/127.0.0.1:63297]' for 'POST' to 'http://localhost:63297/session/0718abf509a8e91bc340b146db6ec50c/element'
17:29:01.763 [Forwarding findElement on session 0718abf509a8e91bc340b146db6ec50c to remote] DEBUG org.asynchttpclient.netty.request.NettyRequestSender - Using open Channel [id: 0xf116e471, L:/127.0.0.1:54713 - R:localhost/127.0.0.1:63297] for POST '/session/0718abf509a8e91bc340b146db6ec50c/element'
17:29:01.777 [AsyncHttpClient-1-2] DEBUG org.asynchttpclient.netty.handler.HttpHandler - 

Request DefaultHttpRequest(decodeResult: success, version: HTTP/1.1)
POST /session/0718abf509a8e91bc340b146db6ec50c/element HTTP/1.1
User-Agent: selenium/4.1.2 (java windows)
Content-Length: 94
Content-Type: application/json; charset=utf-8
host: localhost:63297
accept: */*

Response DefaultHttpResponse(decodeResult: success, version: HTTP/1.1)
HTTP/1.1 200 OK
Content-Type: application/json; charset=utf-8
cache-control: no-cache
content-length: 88

17:29:01.778 [AsyncHttpClient-1-2] DEBUG org.asynchttpclient.netty.channel.ChannelManager - Adding key: http://localhost:63297 for channel [id: 0xf116e471, L:/127.0.0.1:54713 - R:localhost/127.0.0.1:63297]
17:29:01.780 [Forwarding clickElement on session 0718abf509a8e91bc340b146db6ec50c to remote] DEBUG org.asynchttpclient.netty.request.NettyRequestSender - Using pooled Channel '[id: 0xf116e471, L:/127.0.0.1:54713 - R:localhost/127.0.0.1:63297]' for 'POST' to 'http://localhost:63297/session/0718abf509a8e91bc340b146db6ec50c/element/20e27d59-19de-49e5-bdb5-89916d43092e/click'
17:29:01.780 [Forwarding clickElement on session 0718abf509a8e91bc340b146db6ec50c to remote] DEBUG org.asynchttpclient.netty.request.NettyRequestSender - Using open Channel [id: 0xf116e471, L:/127.0.0.1:54713 - R:localhost/127.0.0.1:63297] for POST '/session/0718abf509a8e91bc340b146db6ec50c/element/20e27d59-19de-49e5-bdb5-89916d43092e/click'
17:29:01.868 [AsyncHttpClient-1-2] DEBUG org.asynchttpclient.netty.handler.HttpHandler - 

Request DefaultHttpRequest(decodeResult: success, version: HTTP/1.1)
POST /session/0718abf509a8e91bc340b146db6ec50c/element/20e27d59-19de-49e5-bdb5-89916d43092e/click HTTP/1.1
User-Agent: selenium/4.1.2 (java windows)
Content-Length: 50
Content-Type: application/json; charset=utf-8
host: localhost:63297
accept: */*

Response DefaultHttpResponse(decodeResult: success, version: HTTP/1.1)
HTTP/1.1 200 OK
Content-Type: application/json; charset=utf-8
cache-control: no-cache
content-length: 14

17:29:01.869 [AsyncHttpClient-1-2] DEBUG org.asynchttpclient.netty.channel.ChannelManager - Adding key: http://localhost:63297 for channel [id: 0xf116e471, L:/127.0.0.1:54713 - R:localhost/127.0.0.1:63297]
17:29:01.929 [Forwarding screenshot on session 0718abf509a8e91bc340b146db6ec50c to remote] DEBUG org.asynchttpclient.netty.request.NettyRequestSender - Using pooled Channel '[id: 0xf116e471, L:/127.0.0.1:54713 - R:localhost/127.0.0.1:63297]' for 'GET' to 'http://localhost:63297/session/0718abf509a8e91bc340b146db6ec50c/screenshot'
17:29:01.929 [Forwarding screenshot on session 0718abf509a8e91bc340b146db6ec50c to remote] DEBUG org.asynchttpclient.netty.request.NettyRequestSender - Using open Channel [id: 0xf116e471, L:/127.0.0.1:54713 - R:localhost/127.0.0.1:63297] for GET '/session/0718abf509a8e91bc340b146db6ec50c/screenshot'
17:29:01.953 [AsyncHttpClient-1-1] DEBUG org.asynchttpclient.netty.channel.DefaultChannelPool - Entry count for : http://localhost:54715 : 1
17:29:02.157 [AsyncHttpClient-1-2] DEBUG org.asynchttpclient.netty.handler.HttpHandler - 

Request DefaultFullHttpRequest(decodeResult: success, version: HTTP/1.1, content: EmptyByteBufBE)
GET /session/0718abf509a8e91bc340b146db6ec50c/screenshot HTTP/1.1
User-Agent: selenium/4.1.2 (java windows)
Cache-Control: no-cache
Content-Type: application/json; charset=utf-8
host: localhost:63297
accept: */*

Response DefaultHttpResponse(decodeResult: success, version: HTTP/1.1)
HTTP/1.1 200 OK
Content-Type: application/json; charset=utf-8
cache-control: no-cache
content-length: 134472

17:29:02.157 [AsyncHttpClient-1-2] DEBUG org.asynchttpclient.netty.channel.ChannelManager - Adding key: http://localhost:63297 for channel [id: 0xf116e471, L:/127.0.0.1:54713 - R:localhost/127.0.0.1:63297]
17:29:02.170 [Test worker] DEBUG net.serenitybdd.core.photography.Darkroom - Send negative for processing for C:\Users\johan\OneDrive\Documentos\KONEX\Pruebas automatizadas\automatizacion_login_backoffice_1v\target\site\serenity\1adb83ff94a134e3fec9b335cc0f1480825ee06b7decee298648b5293a030b2a.png
17:29:02.171 [Darkroom Processing Line] DEBUG net.serenitybdd.core.photography.DarkroomProcessingLine - Processing screenshot image in /var/screenshots/screenshot-9004239128255107877
17:29:02.171 [Darkroom Processing Line] DEBUG net.serenitybdd.core.photography.DarkroomProcessingLine - Saving screenshot to C:\Users\johan\OneDrive\Documentos\KONEX\Pruebas automatizadas\automatizacion_login_backoffice_1v\target\site\serenity\1adb83ff94a134e3fec9b335cc0f1480825ee06b7decee298648b5293a030b2a.png
17:29:02.227 [Forwarding screenshot on session 0718abf509a8e91bc340b146db6ec50c to remote] DEBUG org.asynchttpclient.netty.request.NettyRequestSender - Using pooled Channel '[id: 0xf116e471, L:/127.0.0.1:54713 - R:localhost/127.0.0.1:63297]' for 'GET' to 'http://localhost:63297/session/0718abf509a8e91bc340b146db6ec50c/screenshot'
17:29:02.228 [Forwarding screenshot on session 0718abf509a8e91bc340b146db6ec50c to remote] DEBUG org.asynchttpclient.netty.request.NettyRequestSender - Using open Channel [id: 0xf116e471, L:/127.0.0.1:54713 - R:localhost/127.0.0.1:63297] for GET '/session/0718abf509a8e91bc340b146db6ec50c/screenshot'
17:29:02.366 [AsyncHttpClient-1-2] DEBUG org.asynchttpclient.netty.handler.HttpHandler - 

Request DefaultFullHttpRequest(decodeResult: success, version: HTTP/1.1, content: EmptyByteBufBE)
GET /session/0718abf509a8e91bc340b146db6ec50c/screenshot HTTP/1.1
User-Agent: selenium/4.1.2 (java windows)
Cache-Control: no-cache
Content-Type: application/json; charset=utf-8
host: localhost:63297
accept: */*

Response DefaultHttpResponse(decodeResult: success, version: HTTP/1.1)
HTTP/1.1 200 OK
Content-Type: application/json; charset=utf-8
cache-control: no-cache
content-length: 134324

17:29:02.367 [AsyncHttpClient-1-2] DEBUG org.asynchttpclient.netty.channel.ChannelManager - Adding key: http://localhost:63297 for channel [id: 0xf116e471, L:/127.0.0.1:54713 - R:localhost/127.0.0.1:63297]
17:29:02.373 [Test worker] DEBUG net.serenitybdd.core.photography.Darkroom - Send negative for processing for C:\Users\johan\OneDrive\Documentos\KONEX\Pruebas automatizadas\automatizacion_login_backoffice_1v\target\site\serenity\fb3eaf84d6ddcb36fa7a65bcf391cddee000f4943220fb6b69dfb5b29afd6bcf.png
17:29:02.373 [Test worker] DEBUG net.thucydides.core.steps.StepInterceptor - STEP DONE: {0} clicks on #target
17:29:02.373 [Darkroom Processing Line] DEBUG net.serenitybdd.core.photography.DarkroomProcessingLine - Processing screenshot image in /var/screenshots/screenshot-8287426033563986412
17:29:02.373 [Darkroom Processing Line] DEBUG net.serenitybdd.core.photography.DarkroomProcessingLine - Saving screenshot to C:\Users\johan\OneDrive\Documentos\KONEX\Pruebas automatizadas\automatizacion_login_backoffice_1v\target\site\serenity\fb3eaf84d6ddcb36fa7a65bcf391cddee000f4943220fb6b69dfb5b29afd6bcf.png
17:29:02.400 [Test worker] DEBUG net.thucydides.core.steps.StepInterceptor - STEP DONE: performAs
17:29:02.424 [Forwarding screenshot on session 0718abf509a8e91bc340b146db6ec50c to remote] DEBUG org.asynchttpclient.netty.request.NettyRequestSender - Using pooled Channel '[id: 0xf116e471, L:/127.0.0.1:54713 - R:localhost/127.0.0.1:63297]' for 'GET' to 'http://localhost:63297/session/0718abf509a8e91bc340b146db6ec50c/screenshot'
17:29:02.424 [Forwarding screenshot on session 0718abf509a8e91bc340b146db6ec50c to remote] DEBUG org.asynchttpclient.netty.request.NettyRequestSender - Using open Channel [id: 0xf116e471, L:/127.0.0.1:54713 - R:localhost/127.0.0.1:63297] for GET '/session/0718abf509a8e91bc340b146db6ec50c/screenshot'
17:29:02.568 [AsyncHttpClient-1-2] DEBUG org.asynchttpclient.netty.handler.HttpHandler - 

Request DefaultFullHttpRequest(decodeResult: success, version: HTTP/1.1, content: EmptyByteBufBE)
GET /session/0718abf509a8e91bc340b146db6ec50c/screenshot HTTP/1.1
User-Agent: selenium/4.1.2 (java windows)
Cache-Control: no-cache
Content-Type: application/json; charset=utf-8
host: localhost:63297
accept: */*

Response DefaultHttpResponse(decodeResult: success, version: HTTP/1.1)
HTTP/1.1 200 OK
Content-Type: application/json; charset=utf-8
cache-control: no-cache
content-length: 133596

17:29:02.570 [AsyncHttpClient-1-2] DEBUG org.asynchttpclient.netty.channel.ChannelManager - Adding key: http://localhost:63297 for channel [id: 0xf116e471, L:/127.0.0.1:54713 - R:localhost/127.0.0.1:63297]
17:29:02.575 [Test worker] DEBUG net.serenitybdd.core.photography.Darkroom - Send negative for processing for C:\Users\johan\OneDrive\Documentos\KONEX\Pruebas automatizadas\automatizacion_login_backoffice_1v\target\site\serenity\0545b63ca94b0a15955625e418fd37d8117e7fd0a418000065c63c872a38c840.png
17:29:02.576 [Darkroom Processing Line] DEBUG net.serenitybdd.core.photography.DarkroomProcessingLine - Processing screenshot image in /var/screenshots/screenshot-3132173056739590881
17:29:02.576 [Darkroom Processing Line] DEBUG net.serenitybdd.core.photography.DarkroomProcessingLine - Saving screenshot to C:\Users\johan\OneDrive\Documentos\KONEX\Pruebas automatizadas\automatizacion_login_backoffice_1v\target\site\serenity\0545b63ca94b0a15955625e418fd37d8117e7fd0a418000065c63c872a38c840.png
17:29:02.603 [Test worker] INFO  - 
  _____   ___   ___   _____     ___     _     ___   ___   ___   ___  
 |_   _| | __| / __| |_   _|   | _ \   /_\   / __| / __| | __| |   \ 
   | |   | _|  \__ \   | |     |  _/  / _ \  \__ \ \__ \ | _|  | |) |
   |_|   |___| |___/   |_|     |_|   /_/ \_\ |___/ |___/ |___| |___/ 

Creacion de loteria
----------------------------------------------------------------------
17:29:02.700 [Driver Command Executor] DEBUG org.asynchttpclient.netty.request.NettyRequestSender - Using pooled Channel '[id: 0xf116e471, L:/127.0.0.1:54713 - R:localhost/127.0.0.1:63297]' for 'DELETE' to 'http://localhost:63297/session/0718abf509a8e91bc340b146db6ec50c'
17:29:02.700 [Driver Command Executor] DEBUG org.asynchttpclient.netty.request.NettyRequestSender - Using open Channel [id: 0xf116e471, L:/127.0.0.1:54713 - R:localhost/127.0.0.1:63297] for DELETE '/session/0718abf509a8e91bc340b146db6ec50c'
17:29:02.703 [AsyncHttpClient-1-4] DEBUG org.asynchttpclient.netty.handler.WebSocketHandler - Channel Closed: [id: 0xee062921, L:/127.0.0.1:54723 ! R:localhost/127.0.0.1:54715] with attribute NettyResponseFuture{currentRetry=5,
	isDone=1,
	isCancelled=0,
	asyncHandler=org.asynchttpclient.ws.WebSocketUpgradeHandler@415d5f02,
	nettyRequest=org.asynchttpclient.netty.request.NettyRequest@68ac1317,
	future=java.util.concurrent.CompletableFuture@6ebe817[Completed normally],
	uri=ws://localhost:54715/devtools/browser/451e7f30-d848-48a0-bf44-2fd73cf50dff,
	keepAlive=true,
	redirectCount=0,
	timeoutsHolder=null,
	inAuth=0,
	touch=1681424923633}
17:29:02.704 [AsyncHttpClient-1-4] DEBUG org.asynchttpclient.netty.channel.ChannelManager - Closing Channel [id: 0xee062921, L:/127.0.0.1:54723 ! R:localhost/127.0.0.1:54715] 
17:29:02.740 [AsyncHttpClient-1-3] DEBUG org.asynchttpclient.netty.handler.HttpHandler - Unexpected I/O exception on channel [id: 0x0d07f3cb, L:/127.0.0.1:54722 - R:localhost/127.0.0.1:54715]
java.io.IOException: Se ha forzado la interrupción de una conexión existente por el host remoto
	at sun.nio.ch.SocketDispatcher.read0(Native Method)
	at sun.nio.ch.SocketDispatcher.read(SocketDispatcher.java:43)
	at sun.nio.ch.IOUtil.readIntoNativeBuffer(IOUtil.java:223)
	at sun.nio.ch.IOUtil.read(IOUtil.java:192)
	at sun.nio.ch.SocketChannelImpl.read(SocketChannelImpl.java:380)
	at io.netty.buffer.PooledByteBuf.setBytes(PooledByteBuf.java:258)
	at io.netty.buffer.AbstractByteBuf.writeBytes(AbstractByteBuf.java:1132)
	at io.netty.channel.socket.nio.NioSocketChannel.doReadBytes(NioSocketChannel.java:350)
	at io.netty.channel.nio.AbstractNioByteChannel$NioByteUnsafe.read(AbstractNioByteChannel.java:151)
	at io.netty.channel.nio.NioEventLoop.processSelectedKey(NioEventLoop.java:722)
	at io.netty.channel.nio.NioEventLoop.processSelectedKeysOptimized(NioEventLoop.java:658)
	at io.netty.channel.nio.NioEventLoop.processSelectedKeys(NioEventLoop.java:584)
	at io.netty.channel.nio.NioEventLoop.run(NioEventLoop.java:496)
	at io.netty.util.concurrent.SingleThreadEventExecutor$4.run(SingleThreadEventExecutor.java:986)
	at io.netty.util.internal.ThreadExecutorMap$2.run(ThreadExecutorMap.java:74)
	at io.netty.util.concurrent.FastThreadLocalRunnable.run(FastThreadLocalRunnable.java:30)
	at java.lang.Thread.run(Thread.java:748)
17:29:02.740 [AsyncHttpClient-1-3] DEBUG org.asynchttpclient.netty.channel.ChannelManager - Closing Channel [id: 0x0d07f3cb, L:/127.0.0.1:54722 - R:localhost/127.0.0.1:54715] 
17:29:02.744 [AsyncHttpClient-1-3] DEBUG org.asynchttpclient.netty.handler.HttpHandler - Channel Closed: [id: 0x0d07f3cb, L:/127.0.0.1:54722 ! R:localhost/127.0.0.1:54715] with attribute DISCARD
17:29:02.757 [AsyncHttpClient-1-2] DEBUG org.asynchttpclient.netty.handler.HttpHandler - 

Request DefaultFullHttpRequest(decodeResult: success, version: HTTP/1.1, content: EmptyByteBufBE)
DELETE /session/0718abf509a8e91bc340b146db6ec50c HTTP/1.1
User-Agent: selenium/4.1.2 (java windows)
Content-Type: application/json; charset=utf-8
host: localhost:63297
accept: */*

Response DefaultHttpResponse(decodeResult: success, version: HTTP/1.1)
HTTP/1.1 200 OK
Content-Type: application/json; charset=utf-8
cache-control: no-cache
content-length: 14

17:29:02.758 [AsyncHttpClient-1-2] DEBUG org.asynchttpclient.netty.channel.ChannelManager - Adding key: http://localhost:63297 for channel [id: 0xf116e471, L:/127.0.0.1:54713 - R:localhost/127.0.0.1:63297]
17:29:02.840 [AsyncHttpClient-1-2] DEBUG org.asynchttpclient.netty.handler.HttpHandler - Channel Closed: [id: 0xf116e471, L:/127.0.0.1:54713 ! R:localhost/127.0.0.1:63297] with attribute DISCARD
17:29:03.055 [AsyncHttpClient-1-1] DEBUG org.asynchttpclient.netty.channel.DefaultChannelPool - Entry count for : http://localhost:54715 : 1
17:29:03.055 [AsyncHttpClient-1-1] DEBUG org.asynchttpclient.netty.channel.DefaultChannelPool - Entry count for : http://localhost:63297 : 1
17:29:03.055 [AsyncHttpClient-1-1] DEBUG org.asynchttpclient.netty.channel.DefaultChannelPool - Adding Candidate expired Channel [id: 0x0d07f3cb, L:/127.0.0.1:54722 ! R:localhost/127.0.0.1:54715] isIdleTimeoutExpired=false isRemotelyClosed=true isTtlExpired=false
17:29:03.055 [AsyncHttpClient-1-1] DEBUG org.asynchttpclient.netty.channel.DefaultChannelPool - Closing Idle Channel [id: 0x0d07f3cb, L:/127.0.0.1:54722 ! R:localhost/127.0.0.1:54715]
17:29:03.055 [AsyncHttpClient-1-1] DEBUG org.asynchttpclient.netty.channel.DefaultChannelPool - Adding Candidate expired Channel [id: 0xf116e471, L:/127.0.0.1:54713 ! R:localhost/127.0.0.1:63297] isIdleTimeoutExpired=false isRemotelyClosed=true isTtlExpired=false
17:29:03.055 [AsyncHttpClient-1-1] DEBUG org.asynchttpclient.netty.channel.DefaultChannelPool - Closing Idle Channel [id: 0xf116e471, L:/127.0.0.1:54713 ! R:localhost/127.0.0.1:63297]
17:29:03.055 [AsyncHttpClient-1-1] DEBUG org.asynchttpclient.netty.channel.DefaultChannelPool - Closed 2 connections out of 2 in 0 ms
17:29:03.396 [Test worker] DEBUG net.thucydides.core.reports.ReportService - Reporting formats: [JSON, HTML]
17:29:03.868 [Test worker] DEBUG net.thucydides.core.reports.ReportService - Reporting formats: [JSON, HTML]
17:29:03.965 [Test worker] DEBUG net.thucydides.core.reports.ReportService - Generating reports for 1 test outcomes using: net.thucydides.core.reports.json.JSONTestOutcomeReporter@786ff0ea
17:29:03.972 [pool-1-thread-1] DEBUG net.thucydides.core.reports.ReportService - Processing test outcome Administracion de loterias:Creacion de loteria
17:29:03.972 [pool-1-thread-1] DEBUG net.thucydides.core.reports.ReportService - net.thucydides.core.reports.json.JSONTestOutcomeReporter@786ff0ea: Generating report for test outcome: Administracion de loterias:Creacion de loteria
17:29:03.981 [pool-1-thread-1] DEBUG net.thucydides.core.reports.json.JSONTestOutcomeReporter - Generating JSON report for Creacion de loteria to file C:\Users\johan\OneDrive\Documentos\KONEX\Pruebas automatizadas\automatizacion_login_backoffice_1v\target\site\serenity\3ad5caf17b098d7b35c063840d3ade85b6633dbbdb4ba9db3009083ee8d92111.json (using temp file C:\Users\johan\OneDrive\Documentos\KONEX\Pruebas automatizadas\automatizacion_login_backoffice_1v\target\site\serenity\3ad5caf17b098d7b35c063840d3ade85b6633dbbdb4ba9db3009083ee8d92111.json34f647c9-9988-4dfc-8986-3b8d2524ea17)
17:29:04.110 [pool-1-thread-1] DEBUG net.thucydides.core.reports.ReportService - Processing test outcome Administracion de loterias:Creacion de loteria done
17:29:04.111 [Test worker] DEBUG net.thucydides.core.reports.ReportService - Shutting down executor service
17:29:04.111 [Test worker] DEBUG net.thucydides.core.reports.ReportService - Reports generated in: 146 ms
17:29:04.111 [Test worker] DEBUG net.thucydides.core.reports.ReportService - Generating reports for 1 test outcomes using: net.thucydides.core.reports.html.HtmlAcceptanceTestReporter@7019d619
17:29:04.116 [pool-2-thread-1] DEBUG net.thucydides.core.reports.ReportService - Processing test outcome Administracion de loterias:Creacion de loteria
17:29:04.117 [pool-2-thread-1] DEBUG net.thucydides.core.reports.ReportService - net.thucydides.core.reports.html.HtmlAcceptanceTestReporter@7019d619: Generating report for test outcome: Administracion de loterias:Creacion de loteria
17:29:07.235 [pool-2-thread-1] DEBUG net.thucydides.core.reports.ReportService - Processing test outcome Administracion de loterias:Creacion de loteria done
17:29:07.235 [Test worker] DEBUG net.thucydides.core.reports.ReportService - Shutting down executor service
17:29:07.235 [Test worker] DEBUG net.thucydides.core.reports.ReportService - Reports generated in: 3124 ms
17:29:07.504 [Test worker] DEBUG net.serenitybdd.core.photography.Darkroom - Closing darkroom
17:29:07.505 [Darkroom Processing Line] DEBUG net.serenitybdd.core.photography.DarkroomProcessingLine - Darkroom processing line shutting down
17:29:07.508 [Test worker] DEBUG net.serenitybdd.core.photography.Darkroom - Closing darkroom
]]></system-out>
  <system-err><![CDATA[Starting ChromeDriver 112.0.5615.49 (bd2a7bcb881c11e8cfe3078709382934e3916914-refs/branch-heads/5615@{#936}) on port 63297
Only local connections are allowed.
Please see https://chromedriver.chromium.org/security-considerations for suggestions on keeping ChromeDriver safe.
ChromeDriver was started successfully.
abr 13, 2023 5:28:43 PM org.openqa.selenium.remote.ProtocolHandshake createSession
INFORMACIÓN: Detected dialect: W3C
abr 13, 2023 5:28:43 PM org.openqa.selenium.devtools.CdpVersionFinder findNearestMatch
ADVERTENCIA: Unable to find an exact match for CDP version 112, so returning the closest version found: a no-op implementation
abr 13, 2023 5:28:43 PM org.openqa.selenium.devtools.CdpVersionFinder findNearestMatch
INFORMACIÓN: Unable to find CDP implementation matching 112.
abr 13, 2023 5:28:43 PM org.openqa.selenium.chromium.ChromiumDriver lambda$new$3
ADVERTENCIA: Unable to find version of CDP to use for . You may need to include a dependency on a specific version of the CDP using something similar to `org.seleniumhq.selenium:selenium-devtools-v86:4.1.2` where the version ("v86") matches the version of the chromium-based browser you're using and the version number of the artifact is the same as Selenium's.
]]></system-err>
</testsuite>
