<?xml version="1.0" encoding="UTF-8"?>
<testsuite name="co.com.konex.certification.login.backoffice.runners.RunnerTags" tests="9" skipped="0" failures="0" errors="0" timestamp="2023-04-20T21:03:33" hostname="DESKTOP-SECB7O7" time="134.909">
  <properties/>
  <testcase name="Verificar el ingreso correcto con uno o diferentes usuarios #1" classname="co.com.konex.certification.login.backoffice.runners.RunnerTags" time="27.358"/>
  <testcase name="Verificar el ingreso correcto con uno o diferentes usuarios #2" classname="co.com.konex.certification.login.backoffice.runners.RunnerTags" time="16.968"/>
  <testcase name="Verificar el ingreso correcto con uno o diferentes usuarios #3" classname="co.com.konex.certification.login.backoffice.runners.RunnerTags" time="16.181"/>
  <testcase name="Verificar el ingreso de un usuario de manera erronea #1" classname="co.com.konex.certification.login.backoffice.runners.RunnerTags" time="12.945"/>
  <testcase name="Verificar el ingreso de un usuario de manera erronea #2" classname="co.com.konex.certification.login.backoffice.runners.RunnerTags" time="12.278"/>
  <testcase name="Verificar el ingreso de un usuario de manera erronea #3" classname="co.com.konex.certification.login.backoffice.runners.RunnerTags" time="12.578"/>
  <testcase name="Verificar el ingreso de un usuario de manera erronea #4" classname="co.com.konex.certification.login.backoffice.runners.RunnerTags" time="11.973"/>
  <testcase name="Verificar el ingreso de un usuario de manera erronea #5" classname="co.com.konex.certification.login.backoffice.runners.RunnerTags" time="12.897"/>
  <testcase name="Verificar el ingreso de un usuario de manera erronea #6" classname="co.com.konex.certification.login.backoffice.runners.RunnerTags" time="11.722"/>
  <system-out><![CDATA[16:03:33.384 [Test worker] INFO io.cucumber.core.plugin.SerenityReporter - Running feature from file:///C:/Users/johan/OneDrive/Documentos/KONEX/Pruebas%20automatizadas/automatizacion_login_backoffice_1v/src/test/resources/features/login_backoffice.feature
16:03:33.568 [Test worker] INFO  - ?[96m

-------------------------------------------------------------------------------------
     _______. _______ .______       _______ .__   __.  __  .___________.____    ____ 
    /       ||   ____||   _  \     |   ____||  \ |  | |  | |           |\   \  /   / 
   |   (----`|  |__   |  |_)  |    |  |__   |   \|  | |  | `---|  |----` \   \/   /  
    \   \    |   __|  |      /     |   __|  |  . `  | |  |     |  |       \_    _/   
.----)   |   |  |____ |  |\  \----.|  |____ |  |\   | |  |     |  |         |  |     
|_______/    |_______|| _| `._____||_______||__| \__| |__|     |__|         |__|    
                                                                                     
 News and tutorials at http://www.serenity-bdd.info                                  
 Documentation at https://wakaleo.gitbooks.io/the-serenity-book/content/             
 Join the Serenity Community on Gitter: https://gitter.im/serenity-bdd/serenity-core 
 Serenity BDD Support and Training at http://serenity-bdd.info/#/trainingandsupport  
-------------------------------------------------------------------------------------
?[0m
16:03:33.578 [Test worker] DEBUG net.thucydides.core.steps.StepEventBus - Test suite started for story net.thucydides.core.model.Story@128aecad
16:03:33.585 [Test worker] INFO  - Test Suite Started: verificar el login con diferentes usuarios
16:03:33.639 [Test worker] INFO io.cucumber.core.plugin.SerenityReporter - Running feature from file:///C:/Users/johan/OneDrive/Documentos/KONEX/Pruebas%20automatizadas/automatizacion_login_backoffice_1v/src/test/resources/features/login_backoffice.feature
16:03:33.645 [Test worker] DEBUG net.thucydides.core.steps.StepEventBus - Test suite started for story net.thucydides.core.model.Story@128aecad
16:03:33.647 [Test worker] INFO  - Test Suite Started: verificar el login con diferentes usuarios
16:03:33.843 [Test worker] INFO io.cucumber.core.plugin.SerenityReporter - Running feature from file:///C:/Users/johan/OneDrive/Documentos/KONEX/Pruebas%20automatizadas/automatizacion_login_backoffice_1v/src/test/resources/features/login_backoffice.feature
16:03:33.902 [Test worker] INFO  - 
  _____   ___   ___   _____     ___   _____     _     ___   _____   ___   ___  
 |_   _| | __| / __| |_   _|   / __| |_   _|   /_\   | _ \ |_   _| | __| |   \ 
   | |   | _|  \__ \   | |     \__ \   | |    / _ \  |   /   | |   | _|  | |) |
   |_|   |___| |___/   |_|     |___/   |_|   /_/ \_\ |_|_\   |_|   |___| |___/ 

Verificar el ingreso correcto con uno o diferentes usuarios(verificar-el-login-con-diferentes-usuarios;verificar-el-ingreso-correcto-con-uno-o-diferentes-usuarios)
--------------------------------------------------------------------------------
16:03:35.095 [Test worker] DEBUG net.thucydides.core.steps.StepInterceptor - STARTING STEP: MyStepdefinitions.queElUsuarioIngresaAlBackoffice - performAs
16:03:35.135 [Test worker] DEBUG net.thucydides.core.steps.StepInterceptor - STARTING STEP: AbrirPag.performAs - {0} opens the #targetPage
16:03:35.267 [Test worker] INFO net.serenitybdd.core.webdriver.driverproviders.ChromeDriverProvider - Using automatically driver download
16:03:36.835 [Test worker] DEBUG io.github.bonigarcia.wdm.cache.ResolutionCache - Resolution chrome=112 in cache (valid until 16:37:15 20/04/2023 COT)
16:03:36.836 [Test worker] DEBUG io.github.bonigarcia.wdm.cache.ResolutionCache - Resolution chrome112=112.0.5615.49 in cache (valid until 15:46:23 21/04/2023 COT)
16:03:36.837 [Test worker] INFO io.github.bonigarcia.wdm.WebDriverManager - Using chromedriver 112.0.5615.49 (resolved driver for Chrome 112)
16:03:36.843 [Test worker] DEBUG io.github.bonigarcia.wdm.WebDriverManager - Driver chromedriver 112.0.5615.49 found in cache
16:03:36.843 [Test worker] INFO io.github.bonigarcia.wdm.WebDriverManager - Exporting webdriver.chrome.driver as C:\Users\johan\.cache\selenium\chromedriver\win32\112.0.5615.49\chromedriver.exe
16:03:36.990 [Test worker] DEBUG net.thucydides.core.reflection.ClassFinder - Could not load class .co.com.konex.certification.login.backoffice.runners.RunnerTags
16:03:36.990 [Test worker] DEBUG net.thucydides.core.reflection.ClassFinder - Could not load class .co.com.konex.certification.login.backoffice.stepdefinitions.MyStepdefinitions
16:03:36.990 [Test worker] DEBUG net.thucydides.core.reflection.ClassFinder - Could not load class .co.com.konex.cetificacion.login.backoffice.Main
16:03:36.990 [Test worker] DEBUG net.thucydides.core.reflection.ClassFinder - Could not load class .co.com.konex.cetificacion.login.backoffice.models.TablaUsuarios
16:03:36.991 [Test worker] DEBUG net.thucydides.core.reflection.ClassFinder - Could not load class .co.com.konex.cetificacion.login.backoffice.questions.Validar
16:03:36.991 [Test worker] DEBUG net.thucydides.core.reflection.ClassFinder - Could not load class .co.com.konex.cetificacion.login.backoffice.questions.Verificar
16:03:36.991 [Test worker] DEBUG net.thucydides.core.reflection.ClassFinder - Could not load class .co.com.konex.cetificacion.login.backoffice.tasks.AbrirPag
16:03:36.991 [Test worker] DEBUG net.thucydides.core.reflection.ClassFinder - Could not load class .co.com.konex.cetificacion.login.backoffice.tasks.IngresarBack
16:03:36.991 [Test worker] DEBUG net.thucydides.core.reflection.ClassFinder - Could not load class .co.com.konex.cetificacion.login.backoffice.tasks.Seleccionarem
16:03:36.991 [Test worker] DEBUG net.thucydides.core.reflection.ClassFinder - Could not load class .co.com.konex.cetificacion.login.backoffice.userinterfaces.ContenedorDeObjetosLogin
16:03:36.991 [Test worker] DEBUG net.thucydides.core.reflection.ClassFinder - Could not load class .co.com.konex.cetificacion.login.backoffice.userinterfaces.PaginaBackoffice
16:03:36.992 [Test worker] DEBUG net.thucydides.core.reflection.ClassFinder - Could not load class .co.com.konex.cetificacion.login.backoffice.util.MetodosFuncionales
16:03:37.093 [Test worker] DEBUG net.serenitybdd.core.webdriver.driverproviders.ProvideNewDriver - Instantiating driver
16:03:37.093 [Test worker] DEBUG net.serenitybdd.core.webdriver.driverproviders.ProvideNewDriver - Driver capabilities: Capabilities {acceptInsecureCerts: false, autodownload: true, browserName: chrome, chrome.silentOutput: true, driver: chrome, goog:chromeOptions: {args: [--start-maximized --disable...], extensions: []}}
16:03:37.202 [Test worker] DEBUG io.netty.util.internal.logging.InternalLoggerFactory - Using SLF4J as the default logging framework
16:03:37.208 [Test worker] DEBUG io.netty.util.ResourceLeakDetector - -Dio.netty.leakDetection.level: simple
16:03:37.208 [Test worker] DEBUG io.netty.util.ResourceLeakDetector - -Dio.netty.leakDetection.targetRecords: 4
16:03:37.215 [Test worker] DEBUG io.netty.util.ResourceLeakDetectorFactory - Loaded default ResourceLeakDetector: io.netty.util.ResourceLeakDetector@6588b715
16:03:37.243 [Test worker] DEBUG io.netty.util.internal.PlatformDependent0 - -Dio.netty.noUnsafe: false
16:03:37.243 [Test worker] DEBUG io.netty.util.internal.PlatformDependent0 - Java version: 8
16:03:37.244 [Test worker] DEBUG io.netty.util.internal.PlatformDependent0 - sun.misc.Unsafe.theUnsafe: available
16:03:37.245 [Test worker] DEBUG io.netty.util.internal.PlatformDependent0 - sun.misc.Unsafe.copyMemory: available
16:03:37.246 [Test worker] DEBUG io.netty.util.internal.PlatformDependent0 - java.nio.Buffer.address: available
16:03:37.246 [Test worker] DEBUG io.netty.util.internal.PlatformDependent0 - direct buffer constructor: available
16:03:37.247 [Test worker] DEBUG io.netty.util.internal.PlatformDependent0 - java.nio.Bits.unaligned: available, true
16:03:37.247 [Test worker] DEBUG io.netty.util.internal.PlatformDependent0 - jdk.internal.misc.Unsafe.allocateUninitializedArray(int): unavailable prior to Java9
16:03:37.247 [Test worker] DEBUG io.netty.util.internal.PlatformDependent0 - java.nio.DirectByteBuffer.<init>(long, int): available
16:03:37.247 [Test worker] DEBUG io.netty.util.internal.PlatformDependent - sun.misc.Unsafe: available
16:03:37.248 [Test worker] DEBUG io.netty.util.internal.PlatformDependent - -Dio.netty.tmpdir: C:\Users\johan\AppData\Local\Temp (java.io.tmpdir)
16:03:37.248 [Test worker] DEBUG io.netty.util.internal.PlatformDependent - -Dio.netty.bitMode: 64 (sun.arch.data.model)
16:03:37.248 [Test worker] DEBUG io.netty.util.internal.PlatformDependent - Platform: Windows
16:03:37.249 [Test worker] DEBUG io.netty.util.internal.PlatformDependent - -Dio.netty.maxDirectMemory: 477626368 bytes
16:03:37.249 [Test worker] DEBUG io.netty.util.internal.PlatformDependent - -Dio.netty.uninitializedArrayAllocationThreshold: -1
16:03:37.251 [Test worker] DEBUG io.netty.util.internal.CleanerJava6 - java.nio.ByteBuffer.cleaner(): available
16:03:37.251 [Test worker] DEBUG io.netty.util.internal.PlatformDependent - -Dio.netty.noPreferDirect: false
16:03:37.263 [Test worker] DEBUG io.netty.util.internal.PlatformDependent - org.jctools-core.MpscChunkedArrayQueue: available
16:03:37.295 [Test worker] DEBUG io.netty.util.internal.InternalThreadLocalMap - -Dio.netty.threadLocalMap.stringBuilder.initialSize: 1024
16:03:37.295 [Test worker] DEBUG io.netty.util.internal.InternalThreadLocalMap - -Dio.netty.threadLocalMap.stringBuilder.maxSize: 4096
16:03:37.340 [Test worker] DEBUG io.netty.handler.ssl.JdkSslContext - Default protocols (JDK): [TLSv1.2, TLSv1.1, TLSv1] 
16:03:37.340 [Test worker] DEBUG io.netty.handler.ssl.JdkSslContext - Default cipher suites (JDK): [TLS_ECDHE_ECDSA_WITH_AES_256_GCM_SHA384, TLS_ECDHE_ECDSA_WITH_AES_128_GCM_SHA256, TLS_ECDHE_RSA_WITH_AES_128_GCM_SHA256, TLS_ECDHE_RSA_WITH_AES_256_GCM_SHA384, TLS_ECDHE_RSA_WITH_AES_128_CBC_SHA, TLS_ECDHE_RSA_WITH_AES_256_CBC_SHA, TLS_RSA_WITH_AES_128_GCM_SHA256, TLS_RSA_WITH_AES_128_CBC_SHA, TLS_RSA_WITH_AES_256_CBC_SHA]
16:03:37.387 [Test worker] DEBUG io.netty.channel.MultithreadEventLoopGroup - -Dio.netty.eventLoopThreads: 16
16:03:37.402 [Test worker] DEBUG io.netty.channel.nio.NioEventLoop - -Dio.netty.noKeySetOptimization: false
16:03:37.403 [Test worker] DEBUG io.netty.channel.nio.NioEventLoop - -Dio.netty.selectorAutoRebuildThreshold: 512
16:03:37.470 [Test worker] DEBUG io.netty.buffer.PooledByteBufAllocator - -Dio.netty.allocator.numHeapArenas: 1
16:03:37.470 [Test worker] DEBUG io.netty.buffer.PooledByteBufAllocator - -Dio.netty.allocator.numDirectArenas: 1
16:03:37.470 [Test worker] DEBUG io.netty.buffer.PooledByteBufAllocator - -Dio.netty.allocator.pageSize: 8192
16:03:37.470 [Test worker] DEBUG io.netty.buffer.PooledByteBufAllocator - -Dio.netty.allocator.maxOrder: 11
16:03:37.470 [Test worker] DEBUG io.netty.buffer.PooledByteBufAllocator - -Dio.netty.allocator.chunkSize: 16777216
16:03:37.471 [Test worker] DEBUG io.netty.buffer.PooledByteBufAllocator - -Dio.netty.allocator.smallCacheSize: 256
16:03:37.471 [Test worker] DEBUG io.netty.buffer.PooledByteBufAllocator - -Dio.netty.allocator.normalCacheSize: 64
16:03:37.471 [Test worker] DEBUG io.netty.buffer.PooledByteBufAllocator - -Dio.netty.allocator.maxCachedBufferCapacity: 32768
16:03:37.471 [Test worker] DEBUG io.netty.buffer.PooledByteBufAllocator - -Dio.netty.allocator.cacheTrimInterval: 8192
16:03:37.472 [Test worker] DEBUG io.netty.buffer.PooledByteBufAllocator - -Dio.netty.allocator.cacheTrimIntervalMillis: 600000
16:03:37.472 [Test worker] DEBUG io.netty.buffer.PooledByteBufAllocator - -Dio.netty.allocator.useCacheForAllThreads: false
16:03:37.472 [Test worker] DEBUG io.netty.buffer.PooledByteBufAllocator - -Dio.netty.allocator.maxCachedByteBuffersPerChunk: 1023
16:03:37.496 [Test worker] DEBUG io.netty.buffer.ByteBufUtil - -Dio.netty.allocator.type: pooled
16:03:37.496 [Test worker] DEBUG io.netty.buffer.ByteBufUtil - -Dio.netty.threadLocalDirectBufferSize: 0
16:03:37.496 [Test worker] DEBUG io.netty.buffer.ByteBufUtil - -Dio.netty.maxThreadLocalCharBufferSize: 16384
16:03:38.664 [Forwarding newSession on session null to remote] DEBUG io.netty.channel.DefaultChannelId - -Dio.netty.processId: 39460 (user-set)
16:03:38.667 [Forwarding newSession on session null to remote] DEBUG io.netty.channel.DefaultChannelId - -Dio.netty.machineId: 28:f0:76:ff:fe:16:65:0e (user-set)
16:03:38.861 [AsyncHttpClient-1-2] DEBUG io.netty.buffer.AbstractByteBuf - -Dio.netty.buffer.checkAccessible: true
16:03:38.861 [AsyncHttpClient-1-2] DEBUG io.netty.buffer.AbstractByteBuf - -Dio.netty.buffer.checkBounds: true
16:03:38.861 [AsyncHttpClient-1-2] DEBUG io.netty.util.ResourceLeakDetectorFactory - Loaded default ResourceLeakDetector: io.netty.util.ResourceLeakDetector@7c46cb7b
16:03:38.900 [AsyncHttpClient-1-2] DEBUG org.asynchttpclient.netty.channel.NettyConnectListener - Using new Channel '[id: 0x7d8f5a2d, L:/127.0.0.1:53408 - R:localhost/127.0.0.1:56023]' for 'POST' to '/session'
16:03:38.953 [AsyncHttpClient-1-2] DEBUG io.netty.util.Recycler - -Dio.netty.recycler.maxCapacityPerThread: 4096
16:03:38.953 [AsyncHttpClient-1-2] DEBUG io.netty.util.Recycler - -Dio.netty.recycler.ratio: 8
16:03:38.953 [AsyncHttpClient-1-2] DEBUG io.netty.util.Recycler - -Dio.netty.recycler.chunkSize: 32
16:03:38.953 [AsyncHttpClient-1-2] DEBUG io.netty.util.Recycler - -Dio.netty.recycler.blocking: false
16:03:41.923 [AsyncHttpClient-1-2] DEBUG io.netty.handler.codec.compression.Brotli - brotli4j not in the classpath; Brotli support will be unavailable.
16:03:41.923 [AsyncHttpClient-1-2] DEBUG org.asynchttpclient.netty.handler.HttpHandler - 

Request DefaultHttpRequest(decodeResult: success, version: HTTP/1.1)
POST /session HTTP/1.1
User-Agent: selenium/4.1.2 (java windows)
Content-Length: 776
Content-Type: application/json; charset=utf-8
host: localhost:56023
accept: */*

Response DefaultHttpResponse(decodeResult: success, version: HTTP/1.1)
HTTP/1.1 200 OK
Content-Type: application/json; charset=utf-8
cache-control: no-cache
content-length: 859

16:03:41.942 [AsyncHttpClient-1-2] DEBUG org.asynchttpclient.netty.channel.ChannelManager - Adding key: http://localhost:56023 for channel [id: 0x7d8f5a2d, L:/127.0.0.1:53408 - R:localhost/127.0.0.1:56023]
16:03:42.104 [AsyncHttpClient-1-3] DEBUG org.asynchttpclient.netty.channel.NettyConnectListener - Using new Channel '[id: 0xe0eb4dbc, L:/127.0.0.1:53418 - R:localhost/127.0.0.1:53411]' for 'GET' to '/json/version'
16:03:42.107 [AsyncHttpClient-1-3] DEBUG org.asynchttpclient.netty.handler.HttpHandler - 

Request DefaultFullHttpRequest(decodeResult: success, version: HTTP/1.1, content: EmptyByteBufBE)
GET /json/version HTTP/1.1
User-Agent: selenium/4.1.2 (java windows)
host: localhost:53411
accept: */*

Response DefaultHttpResponse(decodeResult: success, version: HTTP/1.1)
HTTP/1.1 200 OK
Content-Security-Policy: frame-ancestors 'none'
Content-Type: application/json; charset=UTF-8
content-length: 424

16:03:42.108 [AsyncHttpClient-1-3] DEBUG org.asynchttpclient.netty.channel.ChannelManager - Adding key: http://localhost:53411 for channel [id: 0xe0eb4dbc, L:/127.0.0.1:53418 - R:localhost/127.0.0.1:53411]
16:03:42.122 [Test worker] DEBUG io.netty.util.internal.ThreadLocalRandom - -Dio.netty.initialSeedUniquifier: 0x6c398ac2de3d5c80
16:03:42.128 [AsyncHttpClient-1-4] DEBUG org.asynchttpclient.netty.channel.NettyConnectListener - Using new Channel '[id: 0x4a24ef5e, L:/127.0.0.1:53419 - R:localhost/127.0.0.1:53411]' for 'GET' to '/devtools/browser/2ab86b79-e749-4ca8-84a5-50d4d155d680'
16:03:42.130 [AsyncHttpClient-1-4] DEBUG org.asynchttpclient.netty.handler.WebSocketHandler - 

Request DefaultFullHttpRequest(decodeResult: success, version: HTTP/1.1, content: EmptyByteBufBE)
GET /devtools/browser/2ab86b79-e749-4ca8-84a5-50d4d155d680 HTTP/1.1
upgrade: websocket
connection: upgrade
sec-websocket-key: Msna2PUY9kbjFF46O0L9Ug==
sec-websocket-version: 13
origin: http://localhost:53411
host: localhost:53411
accept: */*
user-agent: AHC/2.1

Response DefaultHttpResponse(decodeResult: success, version: HTTP/1.1)
HTTP/1.1 101 WebSocket Protocol Handshake
Upgrade: WebSocket
Connection: Upgrade
Sec-WebSocket-Accept: vrUWoWsIoLSwLT5SSgteFJ4DG4w=

16:03:42.398 [Test worker] DEBUG net.thucydides.core.reflection.ClassFinder - Could not load class .co.com.konex.certification.login.backoffice.runners.RunnerTags
16:03:42.399 [Test worker] DEBUG net.thucydides.core.reflection.ClassFinder - Could not load class .co.com.konex.certification.login.backoffice.stepdefinitions.MyStepdefinitions
16:03:42.399 [Test worker] DEBUG net.thucydides.core.reflection.ClassFinder - Could not load class .co.com.konex.cetificacion.login.backoffice.Main
16:03:42.399 [Test worker] DEBUG net.thucydides.core.reflection.ClassFinder - Could not load class .co.com.konex.cetificacion.login.backoffice.models.TablaUsuarios
16:03:42.399 [Test worker] DEBUG net.thucydides.core.reflection.ClassFinder - Could not load class .co.com.konex.cetificacion.login.backoffice.questions.Validar
16:03:42.399 [Test worker] DEBUG net.thucydides.core.reflection.ClassFinder - Could not load class .co.com.konex.cetificacion.login.backoffice.questions.Verificar
16:03:42.399 [Test worker] DEBUG net.thucydides.core.reflection.ClassFinder - Could not load class .co.com.konex.cetificacion.login.backoffice.tasks.AbrirPag
16:03:42.400 [Test worker] DEBUG net.thucydides.core.reflection.ClassFinder - Could not load class .co.com.konex.cetificacion.login.backoffice.tasks.IngresarBack
16:03:42.400 [Test worker] DEBUG net.thucydides.core.reflection.ClassFinder - Could not load class .co.com.konex.cetificacion.login.backoffice.tasks.Seleccionarem
16:03:42.400 [Test worker] DEBUG net.thucydides.core.reflection.ClassFinder - Could not load class .co.com.konex.cetificacion.login.backoffice.userinterfaces.ContenedorDeObjetosLogin
16:03:42.400 [Test worker] DEBUG net.thucydides.core.reflection.ClassFinder - Could not load class .co.com.konex.cetificacion.login.backoffice.userinterfaces.PaginaBackoffice
16:03:42.400 [Test worker] DEBUG net.thucydides.core.reflection.ClassFinder - Could not load class .co.com.konex.cetificacion.login.backoffice.util.MetodosFuncionales
16:03:42.413 [Forwarding get on session 7a76c51b001f256e46736fc78fb96381 to remote] DEBUG org.asynchttpclient.netty.request.NettyRequestSender - Using pooled Channel '[id: 0x7d8f5a2d, L:/127.0.0.1:53408 - R:localhost/127.0.0.1:56023]' for 'POST' to 'http://localhost:56023/session/7a76c51b001f256e46736fc78fb96381/url'
16:03:42.414 [Forwarding get on session 7a76c51b001f256e46736fc78fb96381 to remote] DEBUG org.asynchttpclient.netty.request.NettyRequestSender - Using open Channel [id: 0x7d8f5a2d, L:/127.0.0.1:53408 - R:localhost/127.0.0.1:56023] for POST '/session/7a76c51b001f256e46736fc78fb96381/url'
16:03:42.770 [AsyncHttpClient-1-1] DEBUG org.asynchttpclient.netty.channel.DefaultChannelPool - Entry count for : http://localhost:53411 : 1
16:03:43.873 [AsyncHttpClient-1-1] DEBUG org.asynchttpclient.netty.channel.DefaultChannelPool - Entry count for : http://localhost:53411 : 1
16:03:44.978 [AsyncHttpClient-1-1] DEBUG org.asynchttpclient.netty.channel.DefaultChannelPool - Entry count for : http://localhost:53411 : 1
16:03:46.069 [AsyncHttpClient-1-1] DEBUG org.asynchttpclient.netty.channel.DefaultChannelPool - Entry count for : http://localhost:53411 : 1
16:03:47.172 [AsyncHttpClient-1-1] DEBUG org.asynchttpclient.netty.channel.DefaultChannelPool - Entry count for : http://localhost:53411 : 1
16:03:48.276 [AsyncHttpClient-1-1] DEBUG org.asynchttpclient.netty.channel.DefaultChannelPool - Entry count for : http://localhost:53411 : 1
16:03:48.462 [AsyncHttpClient-1-2] DEBUG org.asynchttpclient.netty.handler.HttpHandler - 

Request DefaultHttpRequest(decodeResult: success, version: HTTP/1.1)
POST /session/7a76c51b001f256e46736fc78fb96381/url HTTP/1.1
User-Agent: selenium/4.1.2 (java windows)
Content-Length: 80
Content-Type: application/json; charset=utf-8
host: localhost:56023
accept: */*

Response DefaultHttpResponse(decodeResult: success, version: HTTP/1.1)
HTTP/1.1 200 OK
Content-Type: application/json; charset=utf-8
cache-control: no-cache
content-length: 14

16:03:48.463 [AsyncHttpClient-1-2] DEBUG org.asynchttpclient.netty.channel.ChannelManager - Adding key: http://localhost:56023 for channel [id: 0x7d8f5a2d, L:/127.0.0.1:53408 - R:localhost/127.0.0.1:56023]
16:03:48.470 [Forwarding setTimeout on session 7a76c51b001f256e46736fc78fb96381 to remote] DEBUG org.asynchttpclient.netty.request.NettyRequestSender - Using pooled Channel '[id: 0x7d8f5a2d, L:/127.0.0.1:53408 - R:localhost/127.0.0.1:56023]' for 'POST' to 'http://localhost:56023/session/7a76c51b001f256e46736fc78fb96381/timeouts'
16:03:48.470 [Forwarding setTimeout on session 7a76c51b001f256e46736fc78fb96381 to remote] DEBUG org.asynchttpclient.netty.request.NettyRequestSender - Using open Channel [id: 0x7d8f5a2d, L:/127.0.0.1:53408 - R:localhost/127.0.0.1:56023] for POST '/session/7a76c51b001f256e46736fc78fb96381/timeouts'
16:03:48.472 [AsyncHttpClient-1-2] DEBUG org.asynchttpclient.netty.handler.HttpHandler - 

Request DefaultHttpRequest(decodeResult: success, version: HTTP/1.1)
POST /session/7a76c51b001f256e46736fc78fb96381/timeouts HTTP/1.1
User-Agent: selenium/4.1.2 (java windows)
Content-Length: 22
Content-Type: application/json; charset=utf-8
host: localhost:56023
accept: */*

Response DefaultHttpResponse(decodeResult: success, version: HTTP/1.1)
HTTP/1.1 200 OK
Content-Type: application/json; charset=utf-8
cache-control: no-cache
content-length: 14

16:03:48.472 [AsyncHttpClient-1-2] DEBUG org.asynchttpclient.netty.channel.ChannelManager - Adding key: http://localhost:56023 for channel [id: 0x7d8f5a2d, L:/127.0.0.1:53408 - R:localhost/127.0.0.1:56023]
16:03:48.495 [Forwarding getCurrentUrl on session 7a76c51b001f256e46736fc78fb96381 to remote] DEBUG org.asynchttpclient.netty.request.NettyRequestSender - Using pooled Channel '[id: 0x7d8f5a2d, L:/127.0.0.1:53408 - R:localhost/127.0.0.1:56023]' for 'GET' to 'http://localhost:56023/session/7a76c51b001f256e46736fc78fb96381/url'
16:03:48.495 [Forwarding getCurrentUrl on session 7a76c51b001f256e46736fc78fb96381 to remote] DEBUG org.asynchttpclient.netty.request.NettyRequestSender - Using open Channel [id: 0x7d8f5a2d, L:/127.0.0.1:53408 - R:localhost/127.0.0.1:56023] for GET '/session/7a76c51b001f256e46736fc78fb96381/url'
16:03:48.502 [AsyncHttpClient-1-2] DEBUG org.asynchttpclient.netty.handler.HttpHandler - 

Request DefaultFullHttpRequest(decodeResult: success, version: HTTP/1.1, content: EmptyByteBufBE)
GET /session/7a76c51b001f256e46736fc78fb96381/url HTTP/1.1
User-Agent: selenium/4.1.2 (java windows)
Cache-Control: no-cache
Content-Type: application/json; charset=utf-8
host: localhost:56023
accept: */*

Response DefaultHttpResponse(decodeResult: success, version: HTTP/1.1)
HTTP/1.1 200 OK
Content-Type: application/json; charset=utf-8
cache-control: no-cache
content-length: 57

16:03:48.502 [AsyncHttpClient-1-2] DEBUG org.asynchttpclient.netty.channel.ChannelManager - Adding key: http://localhost:56023 for channel [id: 0x7d8f5a2d, L:/127.0.0.1:53408 - R:localhost/127.0.0.1:56023]
16:03:48.523 [Forwarding getCurrentUrl on session 7a76c51b001f256e46736fc78fb96381 to remote] DEBUG org.asynchttpclient.netty.request.NettyRequestSender - Using pooled Channel '[id: 0x7d8f5a2d, L:/127.0.0.1:53408 - R:localhost/127.0.0.1:56023]' for 'GET' to 'http://localhost:56023/session/7a76c51b001f256e46736fc78fb96381/url'
16:03:48.523 [Forwarding getCurrentUrl on session 7a76c51b001f256e46736fc78fb96381 to remote] DEBUG org.asynchttpclient.netty.request.NettyRequestSender - Using open Channel [id: 0x7d8f5a2d, L:/127.0.0.1:53408 - R:localhost/127.0.0.1:56023] for GET '/session/7a76c51b001f256e46736fc78fb96381/url'
16:03:48.528 [AsyncHttpClient-1-2] DEBUG org.asynchttpclient.netty.handler.HttpHandler - 

Request DefaultFullHttpRequest(decodeResult: success, version: HTTP/1.1, content: EmptyByteBufBE)
GET /session/7a76c51b001f256e46736fc78fb96381/url HTTP/1.1
User-Agent: selenium/4.1.2 (java windows)
Cache-Control: no-cache
Content-Type: application/json; charset=utf-8
host: localhost:56023
accept: */*

Response DefaultHttpResponse(decodeResult: success, version: HTTP/1.1)
HTTP/1.1 200 OK
Content-Type: application/json; charset=utf-8
cache-control: no-cache
content-length: 57

16:03:48.528 [AsyncHttpClient-1-2] DEBUG org.asynchttpclient.netty.channel.ChannelManager - Adding key: http://localhost:56023 for channel [id: 0x7d8f5a2d, L:/127.0.0.1:53408 - R:localhost/127.0.0.1:56023]
16:03:48.563 [Test worker] DEBUG net.serenitybdd.core.photography.Darkroom - Opening darkroom
16:03:48.564 [Darkroom Processing Line] DEBUG net.serenitybdd.core.photography.DarkroomProcessingLine - Darkroom processing line starting up
16:03:48.567 [Forwarding screenshot on session 7a76c51b001f256e46736fc78fb96381 to remote] DEBUG org.asynchttpclient.netty.request.NettyRequestSender - Using pooled Channel '[id: 0x7d8f5a2d, L:/127.0.0.1:53408 - R:localhost/127.0.0.1:56023]' for 'GET' to 'http://localhost:56023/session/7a76c51b001f256e46736fc78fb96381/screenshot'
16:03:48.567 [Forwarding screenshot on session 7a76c51b001f256e46736fc78fb96381 to remote] DEBUG org.asynchttpclient.netty.request.NettyRequestSender - Using open Channel [id: 0x7d8f5a2d, L:/127.0.0.1:53408 - R:localhost/127.0.0.1:56023] for GET '/session/7a76c51b001f256e46736fc78fb96381/screenshot'
16:03:48.773 [AsyncHttpClient-1-2] DEBUG org.asynchttpclient.netty.handler.HttpHandler - 

Request DefaultFullHttpRequest(decodeResult: success, version: HTTP/1.1, content: EmptyByteBufBE)
GET /session/7a76c51b001f256e46736fc78fb96381/screenshot HTTP/1.1
User-Agent: selenium/4.1.2 (java windows)
Cache-Control: no-cache
Content-Type: application/json; charset=utf-8
host: localhost:56023
accept: */*

Response DefaultHttpResponse(decodeResult: success, version: HTTP/1.1)
HTTP/1.1 200 OK
Content-Type: application/json; charset=utf-8
cache-control: no-cache
content-length: 379772

16:03:48.780 [AsyncHttpClient-1-2] DEBUG org.asynchttpclient.netty.channel.ChannelManager - Adding key: http://localhost:56023 for channel [id: 0x7d8f5a2d, L:/127.0.0.1:53408 - R:localhost/127.0.0.1:56023]
16:03:48.920 [Test worker] DEBUG net.serenitybdd.core.photography.Darkroom - Send negative for processing for C:\Users\johan\OneDrive\Documentos\KONEX\Pruebas automatizadas\automatizacion_login_backoffice_1v\target\827eba772fc8c0a7b9dfb33684fbbfab2dbf1f790c8339d229e180e243a6dda7.png
16:03:49.041 [Test worker] DEBUG net.thucydides.core.steps.StepInterceptor - STEP DONE: {0} opens the #targetPage
16:03:49.161 [Forwarding screenshot on session 7a76c51b001f256e46736fc78fb96381 to remote] DEBUG org.asynchttpclient.netty.request.NettyRequestSender - Using pooled Channel '[id: 0x7d8f5a2d, L:/127.0.0.1:53408 - R:localhost/127.0.0.1:56023]' for 'GET' to 'http://localhost:56023/session/7a76c51b001f256e46736fc78fb96381/screenshot'
16:03:49.161 [Forwarding screenshot on session 7a76c51b001f256e46736fc78fb96381 to remote] DEBUG org.asynchttpclient.netty.request.NettyRequestSender - Using open Channel [id: 0x7d8f5a2d, L:/127.0.0.1:53408 - R:localhost/127.0.0.1:56023] for GET '/session/7a76c51b001f256e46736fc78fb96381/screenshot'
16:03:49.358 [AsyncHttpClient-1-2] DEBUG org.asynchttpclient.netty.handler.HttpHandler - 

Request DefaultFullHttpRequest(decodeResult: success, version: HTTP/1.1, content: EmptyByteBufBE)
GET /session/7a76c51b001f256e46736fc78fb96381/screenshot HTTP/1.1
User-Agent: selenium/4.1.2 (java windows)
Cache-Control: no-cache
Content-Type: application/json; charset=utf-8
host: localhost:56023
accept: */*

Response DefaultHttpResponse(decodeResult: success, version: HTTP/1.1)
HTTP/1.1 200 OK
Content-Type: application/json; charset=utf-8
cache-control: no-cache
content-length: 379740

16:03:49.362 [AsyncHttpClient-1-2] DEBUG org.asynchttpclient.netty.channel.ChannelManager - Adding key: http://localhost:56023 for channel [id: 0x7d8f5a2d, L:/127.0.0.1:53408 - R:localhost/127.0.0.1:56023]
16:03:49.375 [AsyncHttpClient-1-1] DEBUG org.asynchttpclient.netty.channel.DefaultChannelPool - Entry count for : http://localhost:56023 : 1
16:03:49.375 [AsyncHttpClient-1-1] DEBUG org.asynchttpclient.netty.channel.DefaultChannelPool - Entry count for : http://localhost:53411 : 1
16:03:49.381 [Test worker] DEBUG net.serenitybdd.core.photography.Darkroom - Send negative for processing for C:\Users\johan\OneDrive\Documentos\KONEX\Pruebas automatizadas\automatizacion_login_backoffice_1v\target\2906e0e514c90d11ffaf03067b12110de544ee879fa76ed63b517fad1e2e3380.png
16:03:49.484 [Test worker] DEBUG net.thucydides.core.steps.StepInterceptor - STEP DONE: performAs
16:03:49.543 [Forwarding screenshot on session 7a76c51b001f256e46736fc78fb96381 to remote] DEBUG org.asynchttpclient.netty.request.NettyRequestSender - Using pooled Channel '[id: 0x7d8f5a2d, L:/127.0.0.1:53408 - R:localhost/127.0.0.1:56023]' for 'GET' to 'http://localhost:56023/session/7a76c51b001f256e46736fc78fb96381/screenshot'
16:03:49.543 [Forwarding screenshot on session 7a76c51b001f256e46736fc78fb96381 to remote] DEBUG org.asynchttpclient.netty.request.NettyRequestSender - Using open Channel [id: 0x7d8f5a2d, L:/127.0.0.1:53408 - R:localhost/127.0.0.1:56023] for GET '/session/7a76c51b001f256e46736fc78fb96381/screenshot'
16:03:49.735 [AsyncHttpClient-1-2] DEBUG org.asynchttpclient.netty.handler.HttpHandler - 

Request DefaultFullHttpRequest(decodeResult: success, version: HTTP/1.1, content: EmptyByteBufBE)
GET /session/7a76c51b001f256e46736fc78fb96381/screenshot HTTP/1.1
User-Agent: selenium/4.1.2 (java windows)
Cache-Control: no-cache
Content-Type: application/json; charset=utf-8
host: localhost:56023
accept: */*

Response DefaultHttpResponse(decodeResult: success, version: HTTP/1.1)
HTTP/1.1 200 OK
Content-Type: application/json; charset=utf-8
cache-control: no-cache
content-length: 379740

16:03:49.738 [AsyncHttpClient-1-2] DEBUG org.asynchttpclient.netty.channel.ChannelManager - Adding key: http://localhost:56023 for channel [id: 0x7d8f5a2d, L:/127.0.0.1:53408 - R:localhost/127.0.0.1:56023]
16:03:49.752 [Test worker] DEBUG net.serenitybdd.core.photography.Darkroom - Send negative for processing for C:\Users\johan\OneDrive\Documentos\KONEX\Pruebas automatizadas\automatizacion_login_backoffice_1v\target\2906e0e514c90d11ffaf03067b12110de544ee879fa76ed63b517fad1e2e3380.png
16:03:49.875 [Forwarding screenshot on session 7a76c51b001f256e46736fc78fb96381 to remote] DEBUG org.asynchttpclient.netty.request.NettyRequestSender - Using pooled Channel '[id: 0x7d8f5a2d, L:/127.0.0.1:53408 - R:localhost/127.0.0.1:56023]' for 'GET' to 'http://localhost:56023/session/7a76c51b001f256e46736fc78fb96381/screenshot'
16:03:49.875 [Forwarding screenshot on session 7a76c51b001f256e46736fc78fb96381 to remote] DEBUG org.asynchttpclient.netty.request.NettyRequestSender - Using open Channel [id: 0x7d8f5a2d, L:/127.0.0.1:53408 - R:localhost/127.0.0.1:56023] for GET '/session/7a76c51b001f256e46736fc78fb96381/screenshot'
16:03:50.090 [AsyncHttpClient-1-2] DEBUG org.asynchttpclient.netty.handler.HttpHandler - 

Request DefaultFullHttpRequest(decodeResult: success, version: HTTP/1.1, content: EmptyByteBufBE)
GET /session/7a76c51b001f256e46736fc78fb96381/screenshot HTTP/1.1
User-Agent: selenium/4.1.2 (java windows)
Cache-Control: no-cache
Content-Type: application/json; charset=utf-8
host: localhost:56023
accept: */*

Response DefaultHttpResponse(decodeResult: success, version: HTTP/1.1)
HTTP/1.1 200 OK
Content-Type: application/json; charset=utf-8
cache-control: no-cache
content-length: 379772

16:03:50.094 [AsyncHttpClient-1-2] DEBUG org.asynchttpclient.netty.channel.ChannelManager - Adding key: http://localhost:56023 for channel [id: 0x7d8f5a2d, L:/127.0.0.1:53408 - R:localhost/127.0.0.1:56023]
16:03:50.137 [Test worker] DEBUG net.serenitybdd.core.photography.Darkroom - Send negative for processing for C:\Users\johan\OneDrive\Documentos\KONEX\Pruebas automatizadas\automatizacion_login_backoffice_1v\target\827eba772fc8c0a7b9dfb33684fbbfab2dbf1f790c8339d229e180e243a6dda7.png
16:03:50.180 [Test worker] DEBUG net.thucydides.core.steps.StepInterceptor - STARTING STEP: MyStepdefinitions.digitaUsuarioYContrasennaDelUsuario - performAs
16:03:50.244 [Forwarding screenshot on session 7a76c51b001f256e46736fc78fb96381 to remote] DEBUG org.asynchttpclient.netty.request.NettyRequestSender - Using pooled Channel '[id: 0x7d8f5a2d, L:/127.0.0.1:53408 - R:localhost/127.0.0.1:56023]' for 'GET' to 'http://localhost:56023/session/7a76c51b001f256e46736fc78fb96381/screenshot'
16:03:50.244 [Forwarding screenshot on session 7a76c51b001f256e46736fc78fb96381 to remote] DEBUG org.asynchttpclient.netty.request.NettyRequestSender - Using open Channel [id: 0x7d8f5a2d, L:/127.0.0.1:53408 - R:localhost/127.0.0.1:56023] for GET '/session/7a76c51b001f256e46736fc78fb96381/screenshot'
16:03:50.440 [AsyncHttpClient-1-2] DEBUG org.asynchttpclient.netty.handler.HttpHandler - 

Request DefaultFullHttpRequest(decodeResult: success, version: HTTP/1.1, content: EmptyByteBufBE)
GET /session/7a76c51b001f256e46736fc78fb96381/screenshot HTTP/1.1
User-Agent: selenium/4.1.2 (java windows)
Cache-Control: no-cache
Content-Type: application/json; charset=utf-8
host: localhost:56023
accept: */*

Response DefaultHttpResponse(decodeResult: success, version: HTTP/1.1)
HTTP/1.1 200 OK
Content-Type: application/json; charset=utf-8
cache-control: no-cache
content-length: 379740

16:03:50.444 [AsyncHttpClient-1-2] DEBUG org.asynchttpclient.netty.channel.ChannelManager - Adding key: http://localhost:56023 for channel [id: 0x7d8f5a2d, L:/127.0.0.1:53408 - R:localhost/127.0.0.1:56023]
16:03:50.460 [Test worker] DEBUG net.serenitybdd.core.photography.Darkroom - Send negative for processing for C:\Users\johan\OneDrive\Documentos\KONEX\Pruebas automatizadas\automatizacion_login_backoffice_1v\target\2906e0e514c90d11ffaf03067b12110de544ee879fa76ed63b517fad1e2e3380.png
16:03:50.461 [Test worker] DEBUG net.thucydides.core.steps.StepInterceptor - STARTING STEP: IngresarBack.performAs - {0} enters #theTextAsAString into #target
16:03:50.477 [AsyncHttpClient-1-1] DEBUG org.asynchttpclient.netty.channel.DefaultChannelPool - Entry count for : http://localhost:56023 : 1
16:03:50.477 [AsyncHttpClient-1-1] DEBUG org.asynchttpclient.netty.channel.DefaultChannelPool - Entry count for : http://localhost:53411 : 1
16:03:50.932 [Test worker] DEBUG net.serenitybdd.screenplay.targets.IFrameSwitcher - default content already selected for Datos para campo de usuario
16:03:50.932 [Test worker] DEBUG net.serenitybdd.core.pages.WebElementFacadeImpl - Type '[Ljava.lang.CharSequence;@27358a19' : By.id: username
16:03:51.009 [Forwarding findElement on session 7a76c51b001f256e46736fc78fb96381 to remote] DEBUG org.asynchttpclient.netty.request.NettyRequestSender - Using pooled Channel '[id: 0x7d8f5a2d, L:/127.0.0.1:53408 - R:localhost/127.0.0.1:56023]' for 'POST' to 'http://localhost:56023/session/7a76c51b001f256e46736fc78fb96381/element'
16:03:51.009 [Forwarding findElement on session 7a76c51b001f256e46736fc78fb96381 to remote] DEBUG org.asynchttpclient.netty.request.NettyRequestSender - Using open Channel [id: 0x7d8f5a2d, L:/127.0.0.1:53408 - R:localhost/127.0.0.1:56023] for POST '/session/7a76c51b001f256e46736fc78fb96381/element'
16:03:51.034 [AsyncHttpClient-1-2] DEBUG org.asynchttpclient.netty.handler.HttpHandler - 

Request DefaultHttpRequest(decodeResult: success, version: HTTP/1.1)
POST /session/7a76c51b001f256e46736fc78fb96381/element HTTP/1.1
User-Agent: selenium/4.1.2 (java windows)
Content-Length: 53
Content-Type: application/json; charset=utf-8
host: localhost:56023
accept: */*

Response DefaultHttpResponse(decodeResult: success, version: HTTP/1.1)
HTTP/1.1 200 OK
Content-Type: application/json; charset=utf-8
cache-control: no-cache
content-length: 88

16:03:51.035 [AsyncHttpClient-1-2] DEBUG org.asynchttpclient.netty.channel.ChannelManager - Adding key: http://localhost:56023 for channel [id: 0x7d8f5a2d, L:/127.0.0.1:53408 - R:localhost/127.0.0.1:56023]
16:03:51.042 [Forwarding clearElement on session 7a76c51b001f256e46736fc78fb96381 to remote] DEBUG org.asynchttpclient.netty.request.NettyRequestSender - Using pooled Channel '[id: 0x7d8f5a2d, L:/127.0.0.1:53408 - R:localhost/127.0.0.1:56023]' for 'POST' to 'http://localhost:56023/session/7a76c51b001f256e46736fc78fb96381/element/75dcab8d-0d60-494d-be69-a04394dd69cb/clear'
16:03:51.043 [Forwarding clearElement on session 7a76c51b001f256e46736fc78fb96381 to remote] DEBUG org.asynchttpclient.netty.request.NettyRequestSender - Using open Channel [id: 0x7d8f5a2d, L:/127.0.0.1:53408 - R:localhost/127.0.0.1:56023] for POST '/session/7a76c51b001f256e46736fc78fb96381/element/75dcab8d-0d60-494d-be69-a04394dd69cb/clear'
16:03:51.114 [AsyncHttpClient-1-2] DEBUG org.asynchttpclient.netty.handler.HttpHandler - 

Request DefaultHttpRequest(decodeResult: success, version: HTTP/1.1)
POST /session/7a76c51b001f256e46736fc78fb96381/element/75dcab8d-0d60-494d-be69-a04394dd69cb/clear HTTP/1.1
User-Agent: selenium/4.1.2 (java windows)
Content-Length: 50
Content-Type: application/json; charset=utf-8
host: localhost:56023
accept: */*

Response DefaultHttpResponse(decodeResult: success, version: HTTP/1.1)
HTTP/1.1 200 OK
Content-Type: application/json; charset=utf-8
cache-control: no-cache
content-length: 14

16:03:51.115 [AsyncHttpClient-1-2] DEBUG org.asynchttpclient.netty.channel.ChannelManager - Adding key: http://localhost:56023 for channel [id: 0x7d8f5a2d, L:/127.0.0.1:53408 - R:localhost/127.0.0.1:56023]
16:03:51.146 [Forwarding sendKeysToElement on session 7a76c51b001f256e46736fc78fb96381 to remote] DEBUG org.asynchttpclient.netty.request.NettyRequestSender - Using pooled Channel '[id: 0x7d8f5a2d, L:/127.0.0.1:53408 - R:localhost/127.0.0.1:56023]' for 'POST' to 'http://localhost:56023/session/7a76c51b001f256e46736fc78fb96381/element/75dcab8d-0d60-494d-be69-a04394dd69cb/value'
16:03:51.147 [Forwarding sendKeysToElement on session 7a76c51b001f256e46736fc78fb96381 to remote] DEBUG org.asynchttpclient.netty.request.NettyRequestSender - Using open Channel [id: 0x7d8f5a2d, L:/127.0.0.1:53408 - R:localhost/127.0.0.1:56023] for POST '/session/7a76c51b001f256e46736fc78fb96381/element/75dcab8d-0d60-494d-be69-a04394dd69cb/value'
16:03:51.231 [AsyncHttpClient-1-2] DEBUG org.asynchttpclient.netty.handler.HttpHandler - 

Request DefaultHttpRequest(decodeResult: success, version: HTTP/1.1)
POST /session/7a76c51b001f256e46736fc78fb96381/element/75dcab8d-0d60-494d-be69-a04394dd69cb/value HTTP/1.1
User-Agent: selenium/4.1.2 (java windows)
Content-Length: 191
Content-Type: application/json; charset=utf-8
host: localhost:56023
accept: */*

Response DefaultHttpResponse(decodeResult: success, version: HTTP/1.1)
HTTP/1.1 200 OK
Content-Type: application/json; charset=utf-8
cache-control: no-cache
content-length: 14

16:03:51.232 [AsyncHttpClient-1-2] DEBUG org.asynchttpclient.netty.channel.ChannelManager - Adding key: http://localhost:56023 for channel [id: 0x7d8f5a2d, L:/127.0.0.1:53408 - R:localhost/127.0.0.1:56023]
16:03:51.285 [Forwarding screenshot on session 7a76c51b001f256e46736fc78fb96381 to remote] DEBUG org.asynchttpclient.netty.request.NettyRequestSender - Using pooled Channel '[id: 0x7d8f5a2d, L:/127.0.0.1:53408 - R:localhost/127.0.0.1:56023]' for 'GET' to 'http://localhost:56023/session/7a76c51b001f256e46736fc78fb96381/screenshot'
16:03:51.285 [Forwarding screenshot on session 7a76c51b001f256e46736fc78fb96381 to remote] DEBUG org.asynchttpclient.netty.request.NettyRequestSender - Using open Channel [id: 0x7d8f5a2d, L:/127.0.0.1:53408 - R:localhost/127.0.0.1:56023] for GET '/session/7a76c51b001f256e46736fc78fb96381/screenshot'
16:03:51.571 [AsyncHttpClient-1-1] DEBUG org.asynchttpclient.netty.channel.DefaultChannelPool - Entry count for : http://localhost:53411 : 1
16:03:51.703 [AsyncHttpClient-1-2] DEBUG org.asynchttpclient.netty.handler.HttpHandler - 

Request DefaultFullHttpRequest(decodeResult: success, version: HTTP/1.1, content: EmptyByteBufBE)
GET /session/7a76c51b001f256e46736fc78fb96381/screenshot HTTP/1.1
User-Agent: selenium/4.1.2 (java windows)
Cache-Control: no-cache
Content-Type: application/json; charset=utf-8
host: localhost:56023
accept: */*

Response DefaultHttpResponse(decodeResult: success, version: HTTP/1.1)
HTTP/1.1 200 OK
Content-Type: application/json; charset=utf-8
cache-control: no-cache
content-length: 378572

16:03:51.708 [AsyncHttpClient-1-2] DEBUG org.asynchttpclient.netty.channel.ChannelManager - Adding key: http://localhost:56023 for channel [id: 0x7d8f5a2d, L:/127.0.0.1:53408 - R:localhost/127.0.0.1:56023]
16:03:51.737 [Test worker] DEBUG net.serenitybdd.core.photography.Darkroom - Send negative for processing for C:\Users\johan\OneDrive\Documentos\KONEX\Pruebas automatizadas\automatizacion_login_backoffice_1v\target\006b24e5412277c5de3e2de51cd21d98827689b6fa88dab4e7de0ed1afc6cbb1.png
16:03:51.797 [Forwarding screenshot on session 7a76c51b001f256e46736fc78fb96381 to remote] DEBUG org.asynchttpclient.netty.request.NettyRequestSender - Using pooled Channel '[id: 0x7d8f5a2d, L:/127.0.0.1:53408 - R:localhost/127.0.0.1:56023]' for 'GET' to 'http://localhost:56023/session/7a76c51b001f256e46736fc78fb96381/screenshot'
16:03:51.797 [Forwarding screenshot on session 7a76c51b001f256e46736fc78fb96381 to remote] DEBUG org.asynchttpclient.netty.request.NettyRequestSender - Using open Channel [id: 0x7d8f5a2d, L:/127.0.0.1:53408 - R:localhost/127.0.0.1:56023] for GET '/session/7a76c51b001f256e46736fc78fb96381/screenshot'
16:03:52.201 [AsyncHttpClient-1-2] DEBUG org.asynchttpclient.netty.handler.HttpHandler - 

Request DefaultFullHttpRequest(decodeResult: success, version: HTTP/1.1, content: EmptyByteBufBE)
GET /session/7a76c51b001f256e46736fc78fb96381/screenshot HTTP/1.1
User-Agent: selenium/4.1.2 (java windows)
Cache-Control: no-cache
Content-Type: application/json; charset=utf-8
host: localhost:56023
accept: */*

Response DefaultHttpResponse(decodeResult: success, version: HTTP/1.1)
HTTP/1.1 200 OK
Content-Type: application/json; charset=utf-8
cache-control: no-cache
content-length: 378548

16:03:52.205 [AsyncHttpClient-1-2] DEBUG org.asynchttpclient.netty.channel.ChannelManager - Adding key: http://localhost:56023 for channel [id: 0x7d8f5a2d, L:/127.0.0.1:53408 - R:localhost/127.0.0.1:56023]
16:03:52.237 [Test worker] DEBUG net.serenitybdd.core.photography.Darkroom - Send negative for processing for C:\Users\johan\OneDrive\Documentos\KONEX\Pruebas automatizadas\automatizacion_login_backoffice_1v\target\593c02f2b79ab573dd722198271769da9d69a7badc725eaf18bb77823c363d3f.png
16:03:52.339 [Test worker] DEBUG net.thucydides.core.steps.StepInterceptor - STEP DONE: {0} enters #theTextAsAString into #target
16:03:52.385 [Forwarding screenshot on session 7a76c51b001f256e46736fc78fb96381 to remote] DEBUG org.asynchttpclient.netty.request.NettyRequestSender - Using pooled Channel '[id: 0x7d8f5a2d, L:/127.0.0.1:53408 - R:localhost/127.0.0.1:56023]' for 'GET' to 'http://localhost:56023/session/7a76c51b001f256e46736fc78fb96381/screenshot'
16:03:52.385 [Forwarding screenshot on session 7a76c51b001f256e46736fc78fb96381 to remote] DEBUG org.asynchttpclient.netty.request.NettyRequestSender - Using open Channel [id: 0x7d8f5a2d, L:/127.0.0.1:53408 - R:localhost/127.0.0.1:56023] for GET '/session/7a76c51b001f256e46736fc78fb96381/screenshot'
16:03:52.671 [AsyncHttpClient-1-1] DEBUG org.asynchttpclient.netty.channel.DefaultChannelPool - Entry count for : http://localhost:53411 : 1
16:03:52.792 [AsyncHttpClient-1-2] DEBUG org.asynchttpclient.netty.handler.HttpHandler - 

Request DefaultFullHttpRequest(decodeResult: success, version: HTTP/1.1, content: EmptyByteBufBE)
GET /session/7a76c51b001f256e46736fc78fb96381/screenshot HTTP/1.1
User-Agent: selenium/4.1.2 (java windows)
Cache-Control: no-cache
Content-Type: application/json; charset=utf-8
host: localhost:56023
accept: */*

Response DefaultHttpResponse(decodeResult: success, version: HTTP/1.1)
HTTP/1.1 200 OK
Content-Type: application/json; charset=utf-8
cache-control: no-cache
content-length: 378572

16:03:52.796 [AsyncHttpClient-1-2] DEBUG org.asynchttpclient.netty.channel.ChannelManager - Adding key: http://localhost:56023 for channel [id: 0x7d8f5a2d, L:/127.0.0.1:53408 - R:localhost/127.0.0.1:56023]
16:03:52.824 [Test worker] DEBUG net.serenitybdd.core.photography.Darkroom - Send negative for processing for C:\Users\johan\OneDrive\Documentos\KONEX\Pruebas automatizadas\automatizacion_login_backoffice_1v\target\006b24e5412277c5de3e2de51cd21d98827689b6fa88dab4e7de0ed1afc6cbb1.png
16:03:52.826 [Test worker] DEBUG net.thucydides.core.steps.StepInterceptor - STARTING STEP: IngresarBack.performAs - {0} enters #theTextAsAString into #target
16:03:52.849 [Test worker] DEBUG net.serenitybdd.screenplay.targets.IFrameSwitcher - default content already selected for Datos para campo contrasenna
16:03:52.849 [Test worker] DEBUG net.serenitybdd.core.pages.WebElementFacadeImpl - Type '[Ljava.lang.CharSequence;@15994b0b' : By.id: clave
16:03:52.932 [Forwarding findElement on session 7a76c51b001f256e46736fc78fb96381 to remote] DEBUG org.asynchttpclient.netty.request.NettyRequestSender - Using pooled Channel '[id: 0x7d8f5a2d, L:/127.0.0.1:53408 - R:localhost/127.0.0.1:56023]' for 'POST' to 'http://localhost:56023/session/7a76c51b001f256e46736fc78fb96381/element'
16:03:52.932 [Forwarding findElement on session 7a76c51b001f256e46736fc78fb96381 to remote] DEBUG org.asynchttpclient.netty.request.NettyRequestSender - Using open Channel [id: 0x7d8f5a2d, L:/127.0.0.1:53408 - R:localhost/127.0.0.1:56023] for POST '/session/7a76c51b001f256e46736fc78fb96381/element'
16:03:52.952 [AsyncHttpClient-1-2] DEBUG org.asynchttpclient.netty.handler.HttpHandler - 

Request DefaultHttpRequest(decodeResult: success, version: HTTP/1.1)
POST /session/7a76c51b001f256e46736fc78fb96381/element HTTP/1.1
User-Agent: selenium/4.1.2 (java windows)
Content-Length: 50
Content-Type: application/json; charset=utf-8
host: localhost:56023
accept: */*

Response DefaultHttpResponse(decodeResult: success, version: HTTP/1.1)
HTTP/1.1 200 OK
Content-Type: application/json; charset=utf-8
cache-control: no-cache
content-length: 88

16:03:52.952 [AsyncHttpClient-1-2] DEBUG org.asynchttpclient.netty.channel.ChannelManager - Adding key: http://localhost:56023 for channel [id: 0x7d8f5a2d, L:/127.0.0.1:53408 - R:localhost/127.0.0.1:56023]
16:03:52.955 [Forwarding clearElement on session 7a76c51b001f256e46736fc78fb96381 to remote] DEBUG org.asynchttpclient.netty.request.NettyRequestSender - Using pooled Channel '[id: 0x7d8f5a2d, L:/127.0.0.1:53408 - R:localhost/127.0.0.1:56023]' for 'POST' to 'http://localhost:56023/session/7a76c51b001f256e46736fc78fb96381/element/727725ca-1e11-4505-9fa3-9b0f33a44cc6/clear'
16:03:52.955 [Forwarding clearElement on session 7a76c51b001f256e46736fc78fb96381 to remote] DEBUG org.asynchttpclient.netty.request.NettyRequestSender - Using open Channel [id: 0x7d8f5a2d, L:/127.0.0.1:53408 - R:localhost/127.0.0.1:56023] for POST '/session/7a76c51b001f256e46736fc78fb96381/element/727725ca-1e11-4505-9fa3-9b0f33a44cc6/clear'
16:03:52.987 [AsyncHttpClient-1-2] DEBUG org.asynchttpclient.netty.handler.HttpHandler - 

Request DefaultHttpRequest(decodeResult: success, version: HTTP/1.1)
POST /session/7a76c51b001f256e46736fc78fb96381/element/727725ca-1e11-4505-9fa3-9b0f33a44cc6/clear HTTP/1.1
User-Agent: selenium/4.1.2 (java windows)
Content-Length: 50
Content-Type: application/json; charset=utf-8
host: localhost:56023
accept: */*

Response DefaultHttpResponse(decodeResult: success, version: HTTP/1.1)
HTTP/1.1 200 OK
Content-Type: application/json; charset=utf-8
cache-control: no-cache
content-length: 14

16:03:52.988 [AsyncHttpClient-1-2] DEBUG org.asynchttpclient.netty.channel.ChannelManager - Adding key: http://localhost:56023 for channel [id: 0x7d8f5a2d, L:/127.0.0.1:53408 - R:localhost/127.0.0.1:56023]
16:03:53.001 [Forwarding sendKeysToElement on session 7a76c51b001f256e46736fc78fb96381 to remote] DEBUG org.asynchttpclient.netty.request.NettyRequestSender - Using pooled Channel '[id: 0x7d8f5a2d, L:/127.0.0.1:53408 - R:localhost/127.0.0.1:56023]' for 'POST' to 'http://localhost:56023/session/7a76c51b001f256e46736fc78fb96381/element/727725ca-1e11-4505-9fa3-9b0f33a44cc6/value'
16:03:53.001 [Forwarding sendKeysToElement on session 7a76c51b001f256e46736fc78fb96381 to remote] DEBUG org.asynchttpclient.netty.request.NettyRequestSender - Using open Channel [id: 0x7d8f5a2d, L:/127.0.0.1:53408 - R:localhost/127.0.0.1:56023] for POST '/session/7a76c51b001f256e46736fc78fb96381/element/727725ca-1e11-4505-9fa3-9b0f33a44cc6/value'
16:03:53.064 [AsyncHttpClient-1-2] DEBUG org.asynchttpclient.netty.handler.HttpHandler - 

Request DefaultHttpRequest(decodeResult: success, version: HTTP/1.1)
POST /session/7a76c51b001f256e46736fc78fb96381/element/727725ca-1e11-4505-9fa3-9b0f33a44cc6/value HTTP/1.1
User-Agent: selenium/4.1.2 (java windows)
Content-Length: 181
Content-Type: application/json; charset=utf-8
host: localhost:56023
accept: */*

Response DefaultHttpResponse(decodeResult: success, version: HTTP/1.1)
HTTP/1.1 200 OK
Content-Type: application/json; charset=utf-8
cache-control: no-cache
content-length: 14

16:03:53.064 [AsyncHttpClient-1-2] DEBUG org.asynchttpclient.netty.channel.ChannelManager - Adding key: http://localhost:56023 for channel [id: 0x7d8f5a2d, L:/127.0.0.1:53408 - R:localhost/127.0.0.1:56023]
16:03:53.086 [Forwarding screenshot on session 7a76c51b001f256e46736fc78fb96381 to remote] DEBUG org.asynchttpclient.netty.request.NettyRequestSender - Using pooled Channel '[id: 0x7d8f5a2d, L:/127.0.0.1:53408 - R:localhost/127.0.0.1:56023]' for 'GET' to 'http://localhost:56023/session/7a76c51b001f256e46736fc78fb96381/screenshot'
16:03:53.086 [Forwarding screenshot on session 7a76c51b001f256e46736fc78fb96381 to remote] DEBUG org.asynchttpclient.netty.request.NettyRequestSender - Using open Channel [id: 0x7d8f5a2d, L:/127.0.0.1:53408 - R:localhost/127.0.0.1:56023] for GET '/session/7a76c51b001f256e46736fc78fb96381/screenshot'
16:03:53.274 [AsyncHttpClient-1-2] DEBUG org.asynchttpclient.netty.handler.HttpHandler - 

Request DefaultFullHttpRequest(decodeResult: success, version: HTTP/1.1, content: EmptyByteBufBE)
GET /session/7a76c51b001f256e46736fc78fb96381/screenshot HTTP/1.1
User-Agent: selenium/4.1.2 (java windows)
Cache-Control: no-cache
Content-Type: application/json; charset=utf-8
host: localhost:56023
accept: */*

Response DefaultHttpResponse(decodeResult: success, version: HTTP/1.1)
HTTP/1.1 200 OK
Content-Type: application/json; charset=utf-8
cache-control: no-cache
content-length: 376452

16:03:53.276 [AsyncHttpClient-1-2] DEBUG org.asynchttpclient.netty.channel.ChannelManager - Adding key: http://localhost:56023 for channel [id: 0x7d8f5a2d, L:/127.0.0.1:53408 - R:localhost/127.0.0.1:56023]
16:03:53.301 [Test worker] DEBUG net.serenitybdd.core.photography.Darkroom - Send negative for processing for C:\Users\johan\OneDrive\Documentos\KONEX\Pruebas automatizadas\automatizacion_login_backoffice_1v\target\6409296d25c248aedb7da1477f84c275db0599f87c2e3eeb6f484850a149a03f.png
16:03:53.437 [Test worker] DEBUG net.thucydides.core.steps.StepInterceptor - STEP DONE: {0} enters #theTextAsAString into #target
16:03:53.452 [Forwarding screenshot on session 7a76c51b001f256e46736fc78fb96381 to remote] DEBUG org.asynchttpclient.netty.request.NettyRequestSender - Using pooled Channel '[id: 0x7d8f5a2d, L:/127.0.0.1:53408 - R:localhost/127.0.0.1:56023]' for 'GET' to 'http://localhost:56023/session/7a76c51b001f256e46736fc78fb96381/screenshot'
16:03:53.452 [Forwarding screenshot on session 7a76c51b001f256e46736fc78fb96381 to remote] DEBUG org.asynchttpclient.netty.request.NettyRequestSender - Using open Channel [id: 0x7d8f5a2d, L:/127.0.0.1:53408 - R:localhost/127.0.0.1:56023] for GET '/session/7a76c51b001f256e46736fc78fb96381/screenshot'
16:03:53.637 [AsyncHttpClient-1-2] DEBUG org.asynchttpclient.netty.handler.HttpHandler - 

Request DefaultFullHttpRequest(decodeResult: success, version: HTTP/1.1, content: EmptyByteBufBE)
GET /session/7a76c51b001f256e46736fc78fb96381/screenshot HTTP/1.1
User-Agent: selenium/4.1.2 (java windows)
Cache-Control: no-cache
Content-Type: application/json; charset=utf-8
host: localhost:56023
accept: */*

Response DefaultHttpResponse(decodeResult: success, version: HTTP/1.1)
HTTP/1.1 200 OK
Content-Type: application/json; charset=utf-8
cache-control: no-cache
content-length: 376452

16:03:53.639 [AsyncHttpClient-1-2] DEBUG org.asynchttpclient.netty.channel.ChannelManager - Adding key: http://localhost:56023 for channel [id: 0x7d8f5a2d, L:/127.0.0.1:53408 - R:localhost/127.0.0.1:56023]
16:03:53.656 [Test worker] DEBUG net.serenitybdd.core.photography.Darkroom - Send negative for processing for C:\Users\johan\OneDrive\Documentos\KONEX\Pruebas automatizadas\automatizacion_login_backoffice_1v\target\6409296d25c248aedb7da1477f84c275db0599f87c2e3eeb6f484850a149a03f.png
16:03:53.657 [Test worker] DEBUG net.thucydides.core.steps.StepInterceptor - STARTING STEP: IngresarBack.performAs - {0} clicks on #target
16:03:53.658 [Test worker] DEBUG net.serenitybdd.screenplay.targets.IFrameSwitcher - default content already selected for Boton iniciar sesion
16:03:53.721 [Forwarding findElement on session 7a76c51b001f256e46736fc78fb96381 to remote] DEBUG org.asynchttpclient.netty.request.NettyRequestSender - Using pooled Channel '[id: 0x7d8f5a2d, L:/127.0.0.1:53408 - R:localhost/127.0.0.1:56023]' for 'POST' to 'http://localhost:56023/session/7a76c51b001f256e46736fc78fb96381/element'
16:03:53.721 [Forwarding findElement on session 7a76c51b001f256e46736fc78fb96381 to remote] DEBUG org.asynchttpclient.netty.request.NettyRequestSender - Using open Channel [id: 0x7d8f5a2d, L:/127.0.0.1:53408 - R:localhost/127.0.0.1:56023] for POST '/session/7a76c51b001f256e46736fc78fb96381/element'
16:03:53.743 [AsyncHttpClient-1-2] DEBUG org.asynchttpclient.netty.handler.HttpHandler - 

Request DefaultHttpRequest(decodeResult: success, version: HTTP/1.1)
POST /session/7a76c51b001f256e46736fc78fb96381/element HTTP/1.1
User-Agent: selenium/4.1.2 (java windows)
Content-Length: 89
Content-Type: application/json; charset=utf-8
host: localhost:56023
accept: */*

Response DefaultHttpResponse(decodeResult: success, version: HTTP/1.1)
HTTP/1.1 200 OK
Content-Type: application/json; charset=utf-8
cache-control: no-cache
content-length: 88

16:03:53.744 [AsyncHttpClient-1-2] DEBUG org.asynchttpclient.netty.channel.ChannelManager - Adding key: http://localhost:56023 for channel [id: 0x7d8f5a2d, L:/127.0.0.1:53408 - R:localhost/127.0.0.1:56023]
16:03:53.769 [Forwarding isElementDisplayed on session 7a76c51b001f256e46736fc78fb96381 to remote] DEBUG org.asynchttpclient.netty.request.NettyRequestSender - Using pooled Channel '[id: 0x7d8f5a2d, L:/127.0.0.1:53408 - R:localhost/127.0.0.1:56023]' for 'POST' to 'http://localhost:56023/session/7a76c51b001f256e46736fc78fb96381/execute/sync'
16:03:53.769 [Forwarding isElementDisplayed on session 7a76c51b001f256e46736fc78fb96381 to remote] DEBUG org.asynchttpclient.netty.request.NettyRequestSender - Using open Channel [id: 0x7d8f5a2d, L:/127.0.0.1:53408 - R:localhost/127.0.0.1:56023] for POST '/session/7a76c51b001f256e46736fc78fb96381/execute/sync'
16:03:53.771 [AsyncHttpClient-1-1] DEBUG org.asynchttpclient.netty.channel.DefaultChannelPool - Entry count for : http://localhost:53411 : 1
16:03:53.787 [AsyncHttpClient-1-2] DEBUG org.asynchttpclient.netty.handler.HttpHandler - 

Request DefaultHttpRequest(decodeResult: success, version: HTTP/1.1)
POST /session/7a76c51b001f256e46736fc78fb96381/execute/sync HTTP/1.1
User-Agent: selenium/4.1.2 (java windows)
Content-Length: 48780
Content-Type: application/json; charset=utf-8
host: localhost:56023
accept: */*

Response DefaultHttpResponse(decodeResult: success, version: HTTP/1.1)
HTTP/1.1 200 OK
Content-Type: application/json; charset=utf-8
cache-control: no-cache
content-length: 14

16:03:53.788 [AsyncHttpClient-1-2] DEBUG org.asynchttpclient.netty.channel.ChannelManager - Adding key: http://localhost:56023 for channel [id: 0x7d8f5a2d, L:/127.0.0.1:53408 - R:localhost/127.0.0.1:56023]
16:03:53.789 [Test worker] DEBUG net.serenitybdd.core.pages.WebElementFacadeImpl - click : By.xpath: //span[contains(text(),'INICIAR SESIÓN')]
16:03:53.808 [Forwarding findElement on session 7a76c51b001f256e46736fc78fb96381 to remote] DEBUG org.asynchttpclient.netty.request.NettyRequestSender - Using pooled Channel '[id: 0x7d8f5a2d, L:/127.0.0.1:53408 - R:localhost/127.0.0.1:56023]' for 'POST' to 'http://localhost:56023/session/7a76c51b001f256e46736fc78fb96381/element'
16:03:53.808 [Forwarding findElement on session 7a76c51b001f256e46736fc78fb96381 to remote] DEBUG org.asynchttpclient.netty.request.NettyRequestSender - Using open Channel [id: 0x7d8f5a2d, L:/127.0.0.1:53408 - R:localhost/127.0.0.1:56023] for POST '/session/7a76c51b001f256e46736fc78fb96381/element'
16:03:53.816 [AsyncHttpClient-1-2] DEBUG org.asynchttpclient.netty.handler.HttpHandler - 

Request DefaultHttpRequest(decodeResult: success, version: HTTP/1.1)
POST /session/7a76c51b001f256e46736fc78fb96381/element HTTP/1.1
User-Agent: selenium/4.1.2 (java windows)
Content-Length: 89
Content-Type: application/json; charset=utf-8
host: localhost:56023
accept: */*

Response DefaultHttpResponse(decodeResult: success, version: HTTP/1.1)
HTTP/1.1 200 OK
Content-Type: application/json; charset=utf-8
cache-control: no-cache
content-length: 88

16:03:53.816 [AsyncHttpClient-1-2] DEBUG org.asynchttpclient.netty.channel.ChannelManager - Adding key: http://localhost:56023 for channel [id: 0x7d8f5a2d, L:/127.0.0.1:53408 - R:localhost/127.0.0.1:56023]
16:03:53.818 [Forwarding clickElement on session 7a76c51b001f256e46736fc78fb96381 to remote] DEBUG org.asynchttpclient.netty.request.NettyRequestSender - Using pooled Channel '[id: 0x7d8f5a2d, L:/127.0.0.1:53408 - R:localhost/127.0.0.1:56023]' for 'POST' to 'http://localhost:56023/session/7a76c51b001f256e46736fc78fb96381/element/77547189-8541-4bc0-89e2-47a6cdbebb09/click'
16:03:53.818 [Forwarding clickElement on session 7a76c51b001f256e46736fc78fb96381 to remote] DEBUG org.asynchttpclient.netty.request.NettyRequestSender - Using open Channel [id: 0x7d8f5a2d, L:/127.0.0.1:53408 - R:localhost/127.0.0.1:56023] for POST '/session/7a76c51b001f256e46736fc78fb96381/element/77547189-8541-4bc0-89e2-47a6cdbebb09/click'
16:03:53.882 [AsyncHttpClient-1-2] DEBUG org.asynchttpclient.netty.handler.HttpHandler - 

Request DefaultHttpRequest(decodeResult: success, version: HTTP/1.1)
POST /session/7a76c51b001f256e46736fc78fb96381/element/77547189-8541-4bc0-89e2-47a6cdbebb09/click HTTP/1.1
User-Agent: selenium/4.1.2 (java windows)
Content-Length: 50
Content-Type: application/json; charset=utf-8
host: localhost:56023
accept: */*

Response DefaultHttpResponse(decodeResult: success, version: HTTP/1.1)
HTTP/1.1 200 OK
Content-Type: application/json; charset=utf-8
cache-control: no-cache
content-length: 14

16:03:53.883 [AsyncHttpClient-1-2] DEBUG org.asynchttpclient.netty.channel.ChannelManager - Adding key: http://localhost:56023 for channel [id: 0x7d8f5a2d, L:/127.0.0.1:53408 - R:localhost/127.0.0.1:56023]
16:03:53.906 [Forwarding screenshot on session 7a76c51b001f256e46736fc78fb96381 to remote] DEBUG org.asynchttpclient.netty.request.NettyRequestSender - Using pooled Channel '[id: 0x7d8f5a2d, L:/127.0.0.1:53408 - R:localhost/127.0.0.1:56023]' for 'GET' to 'http://localhost:56023/session/7a76c51b001f256e46736fc78fb96381/screenshot'
16:03:53.906 [Forwarding screenshot on session 7a76c51b001f256e46736fc78fb96381 to remote] DEBUG org.asynchttpclient.netty.request.NettyRequestSender - Using open Channel [id: 0x7d8f5a2d, L:/127.0.0.1:53408 - R:localhost/127.0.0.1:56023] for GET '/session/7a76c51b001f256e46736fc78fb96381/screenshot'
16:03:54.103 [AsyncHttpClient-1-2] DEBUG org.asynchttpclient.netty.handler.HttpHandler - 

Request DefaultFullHttpRequest(decodeResult: success, version: HTTP/1.1, content: EmptyByteBufBE)
GET /session/7a76c51b001f256e46736fc78fb96381/screenshot HTTP/1.1
User-Agent: selenium/4.1.2 (java windows)
Cache-Control: no-cache
Content-Type: application/json; charset=utf-8
host: localhost:56023
accept: */*

Response DefaultHttpResponse(decodeResult: success, version: HTTP/1.1)
HTTP/1.1 200 OK
Content-Type: application/json; charset=utf-8
cache-control: no-cache
content-length: 356264

16:03:54.105 [AsyncHttpClient-1-2] DEBUG org.asynchttpclient.netty.channel.ChannelManager - Adding key: http://localhost:56023 for channel [id: 0x7d8f5a2d, L:/127.0.0.1:53408 - R:localhost/127.0.0.1:56023]
16:03:54.121 [Test worker] DEBUG net.serenitybdd.core.photography.Darkroom - Send negative for processing for C:\Users\johan\OneDrive\Documentos\KONEX\Pruebas automatizadas\automatizacion_login_backoffice_1v\target\58276f190b06a2962d702a4637088e2509617d7eeb30630cab12d97019bf3d19.png
16:03:54.122 [Darkroom Processing Line] DEBUG net.serenitybdd.core.photography.DarkroomProcessingLine - Processing screenshot image in /var/screenshots/screenshot-5428599551845782643
16:03:54.122 [Darkroom Processing Line] DEBUG net.serenitybdd.core.photography.DarkroomProcessingLine - Saving screenshot to C:\Users\johan\OneDrive\Documentos\KONEX\Pruebas automatizadas\automatizacion_login_backoffice_1v\target\58276f190b06a2962d702a4637088e2509617d7eeb30630cab12d97019bf3d19.png
16:03:54.255 [Test worker] DEBUG net.thucydides.core.steps.StepInterceptor - STEP DONE: {0} clicks on #target
16:03:54.279 [Forwarding screenshot on session 7a76c51b001f256e46736fc78fb96381 to remote] DEBUG org.asynchttpclient.netty.request.NettyRequestSender - Using pooled Channel '[id: 0x7d8f5a2d, L:/127.0.0.1:53408 - R:localhost/127.0.0.1:56023]' for 'GET' to 'http://localhost:56023/session/7a76c51b001f256e46736fc78fb96381/screenshot'
16:03:54.279 [Forwarding screenshot on session 7a76c51b001f256e46736fc78fb96381 to remote] DEBUG org.asynchttpclient.netty.request.NettyRequestSender - Using open Channel [id: 0x7d8f5a2d, L:/127.0.0.1:53408 - R:localhost/127.0.0.1:56023] for GET '/session/7a76c51b001f256e46736fc78fb96381/screenshot'
16:03:54.504 [AsyncHttpClient-1-2] DEBUG org.asynchttpclient.netty.handler.HttpHandler - 

Request DefaultFullHttpRequest(decodeResult: success, version: HTTP/1.1, content: EmptyByteBufBE)
GET /session/7a76c51b001f256e46736fc78fb96381/screenshot HTTP/1.1
User-Agent: selenium/4.1.2 (java windows)
Cache-Control: no-cache
Content-Type: application/json; charset=utf-8
host: localhost:56023
accept: */*

Response DefaultHttpResponse(decodeResult: success, version: HTTP/1.1)
HTTP/1.1 200 OK
Content-Type: application/json; charset=utf-8
cache-control: no-cache
content-length: 356156

16:03:54.505 [AsyncHttpClient-1-2] DEBUG org.asynchttpclient.netty.channel.ChannelManager - Adding key: http://localhost:56023 for channel [id: 0x7d8f5a2d, L:/127.0.0.1:53408 - R:localhost/127.0.0.1:56023]
16:03:54.517 [Test worker] DEBUG net.serenitybdd.core.photography.Darkroom - Send negative for processing for C:\Users\johan\OneDrive\Documentos\KONEX\Pruebas automatizadas\automatizacion_login_backoffice_1v\target\a59b4a2ea93bf9c0728d9e4c1f4f670931107897a17d7b96b5cf23d5c9028917.png
16:03:54.517 [Darkroom Processing Line] DEBUG net.serenitybdd.core.photography.DarkroomProcessingLine - Processing screenshot image in /var/screenshots/screenshot-2864715095178579316
16:03:54.517 [Darkroom Processing Line] DEBUG net.serenitybdd.core.photography.DarkroomProcessingLine - Saving screenshot to C:\Users\johan\OneDrive\Documentos\KONEX\Pruebas automatizadas\automatizacion_login_backoffice_1v\target\a59b4a2ea93bf9c0728d9e4c1f4f670931107897a17d7b96b5cf23d5c9028917.png
16:03:54.620 [Test worker] DEBUG net.thucydides.core.steps.StepInterceptor - STEP DONE: performAs
16:03:54.646 [Forwarding screenshot on session 7a76c51b001f256e46736fc78fb96381 to remote] DEBUG org.asynchttpclient.netty.request.NettyRequestSender - Using pooled Channel '[id: 0x7d8f5a2d, L:/127.0.0.1:53408 - R:localhost/127.0.0.1:56023]' for 'GET' to 'http://localhost:56023/session/7a76c51b001f256e46736fc78fb96381/screenshot'
16:03:54.646 [Forwarding screenshot on session 7a76c51b001f256e46736fc78fb96381 to remote] DEBUG org.asynchttpclient.netty.request.NettyRequestSender - Using open Channel [id: 0x7d8f5a2d, L:/127.0.0.1:53408 - R:localhost/127.0.0.1:56023] for GET '/session/7a76c51b001f256e46736fc78fb96381/screenshot'
16:03:54.866 [AsyncHttpClient-1-2] DEBUG org.asynchttpclient.netty.handler.HttpHandler - 

Request DefaultFullHttpRequest(decodeResult: success, version: HTTP/1.1, content: EmptyByteBufBE)
GET /session/7a76c51b001f256e46736fc78fb96381/screenshot HTTP/1.1
User-Agent: selenium/4.1.2 (java windows)
Cache-Control: no-cache
Content-Type: application/json; charset=utf-8
host: localhost:56023
accept: */*

Response DefaultHttpResponse(decodeResult: success, version: HTTP/1.1)
HTTP/1.1 200 OK
Content-Type: application/json; charset=utf-8
cache-control: no-cache
content-length: 356236

16:03:54.868 [AsyncHttpClient-1-2] DEBUG org.asynchttpclient.netty.channel.ChannelManager - Adding key: http://localhost:56023 for channel [id: 0x7d8f5a2d, L:/127.0.0.1:53408 - R:localhost/127.0.0.1:56023]
16:03:54.870 [AsyncHttpClient-1-1] DEBUG org.asynchttpclient.netty.channel.DefaultChannelPool - Entry count for : http://localhost:56023 : 1
16:03:54.870 [AsyncHttpClient-1-1] DEBUG org.asynchttpclient.netty.channel.DefaultChannelPool - Entry count for : http://localhost:53411 : 1
16:03:54.880 [Test worker] DEBUG net.serenitybdd.core.photography.Darkroom - Send negative for processing for C:\Users\johan\OneDrive\Documentos\KONEX\Pruebas automatizadas\automatizacion_login_backoffice_1v\target\2b37641ec0af2d473b33fee027baabfdda0b3e6a5fdd068828185db50d162633.png
16:03:54.881 [Darkroom Processing Line] DEBUG net.serenitybdd.core.photography.DarkroomProcessingLine - Processing screenshot image in /var/screenshots/screenshot-1912804201899521145
16:03:54.881 [Darkroom Processing Line] DEBUG net.serenitybdd.core.photography.DarkroomProcessingLine - Saving screenshot to C:\Users\johan\OneDrive\Documentos\KONEX\Pruebas automatizadas\automatizacion_login_backoffice_1v\target\2b37641ec0af2d473b33fee027baabfdda0b3e6a5fdd068828185db50d162633.png
16:03:55.012 [Forwarding screenshot on session 7a76c51b001f256e46736fc78fb96381 to remote] DEBUG org.asynchttpclient.netty.request.NettyRequestSender - Using pooled Channel '[id: 0x7d8f5a2d, L:/127.0.0.1:53408 - R:localhost/127.0.0.1:56023]' for 'GET' to 'http://localhost:56023/session/7a76c51b001f256e46736fc78fb96381/screenshot'
16:03:55.012 [Forwarding screenshot on session 7a76c51b001f256e46736fc78fb96381 to remote] DEBUG org.asynchttpclient.netty.request.NettyRequestSender - Using open Channel [id: 0x7d8f5a2d, L:/127.0.0.1:53408 - R:localhost/127.0.0.1:56023] for GET '/session/7a76c51b001f256e46736fc78fb96381/screenshot'
16:03:55.444 [AsyncHttpClient-1-2] DEBUG org.asynchttpclient.netty.handler.HttpHandler - 

Request DefaultFullHttpRequest(decodeResult: success, version: HTTP/1.1, content: EmptyByteBufBE)
GET /session/7a76c51b001f256e46736fc78fb96381/screenshot HTTP/1.1
User-Agent: selenium/4.1.2 (java windows)
Cache-Control: no-cache
Content-Type: application/json; charset=utf-8
host: localhost:56023
accept: */*

Response DefaultHttpResponse(decodeResult: success, version: HTTP/1.1)
HTTP/1.1 200 OK
Content-Type: application/json; charset=utf-8
cache-control: no-cache
content-length: 356144

16:03:55.449 [AsyncHttpClient-1-2] DEBUG org.asynchttpclient.netty.channel.ChannelManager - Adding key: http://localhost:56023 for channel [id: 0x7d8f5a2d, L:/127.0.0.1:53408 - R:localhost/127.0.0.1:56023]
16:03:55.476 [Test worker] DEBUG net.serenitybdd.core.photography.Darkroom - Send negative for processing for C:\Users\johan\OneDrive\Documentos\KONEX\Pruebas automatizadas\automatizacion_login_backoffice_1v\target\0826aededb55ed2dc63494841c1c24e2d1acccd233b19c89e0745bdd17db117c.png
16:03:55.477 [Darkroom Processing Line] DEBUG net.serenitybdd.core.photography.DarkroomProcessingLine - Processing screenshot image in /var/screenshots/screenshot-5247414128553090238
16:03:55.477 [Darkroom Processing Line] DEBUG net.serenitybdd.core.photography.DarkroomProcessingLine - Saving screenshot to C:\Users\johan\OneDrive\Documentos\KONEX\Pruebas automatizadas\automatizacion_login_backoffice_1v\target\0826aededb55ed2dc63494841c1c24e2d1acccd233b19c89e0745bdd17db117c.png
16:03:55.566 [Forwarding screenshot on session 7a76c51b001f256e46736fc78fb96381 to remote] DEBUG org.asynchttpclient.netty.request.NettyRequestSender - Using pooled Channel '[id: 0x7d8f5a2d, L:/127.0.0.1:53408 - R:localhost/127.0.0.1:56023]' for 'GET' to 'http://localhost:56023/session/7a76c51b001f256e46736fc78fb96381/screenshot'
16:03:55.567 [Forwarding screenshot on session 7a76c51b001f256e46736fc78fb96381 to remote] DEBUG org.asynchttpclient.netty.request.NettyRequestSender - Using open Channel [id: 0x7d8f5a2d, L:/127.0.0.1:53408 - R:localhost/127.0.0.1:56023] for GET '/session/7a76c51b001f256e46736fc78fb96381/screenshot'
16:03:55.960 [AsyncHttpClient-1-2] DEBUG org.asynchttpclient.netty.handler.HttpHandler - 

Request DefaultFullHttpRequest(decodeResult: success, version: HTTP/1.1, content: EmptyByteBufBE)
GET /session/7a76c51b001f256e46736fc78fb96381/screenshot HTTP/1.1
User-Agent: selenium/4.1.2 (java windows)
Cache-Control: no-cache
Content-Type: application/json; charset=utf-8
host: localhost:56023
accept: */*

Response DefaultHttpResponse(decodeResult: success, version: HTTP/1.1)
HTTP/1.1 200 OK
Content-Type: application/json; charset=utf-8
cache-control: no-cache
content-length: 357748

16:03:55.964 [AsyncHttpClient-1-2] DEBUG org.asynchttpclient.netty.channel.ChannelManager - Adding key: http://localhost:56023 for channel [id: 0x7d8f5a2d, L:/127.0.0.1:53408 - R:localhost/127.0.0.1:56023]
16:03:55.971 [AsyncHttpClient-1-1] DEBUG org.asynchttpclient.netty.channel.DefaultChannelPool - Entry count for : http://localhost:56023 : 1
16:03:55.971 [AsyncHttpClient-1-1] DEBUG org.asynchttpclient.netty.channel.DefaultChannelPool - Entry count for : http://localhost:53411 : 1
16:03:55.990 [Test worker] DEBUG net.serenitybdd.core.photography.Darkroom - Send negative for processing for C:\Users\johan\OneDrive\Documentos\KONEX\Pruebas automatizadas\automatizacion_login_backoffice_1v\target\ade7105eaaa65009ff90a10db17f3ce0d4eaab753793b532cca190ba5a0964ad.png
16:03:55.991 [Test worker] DEBUG net.thucydides.core.steps.StepInterceptor - STARTING STEP: MyStepdefinitions.seleccionaEmpresa - performAs
16:03:56.033 [Test worker] DEBUG net.thucydides.core.steps.StepInterceptor - STARTING STEP: Seleccionarem.performAs - {0} clicks on #target
16:03:56.034 [Test worker] DEBUG net.serenitybdd.screenplay.targets.IFrameSwitcher - default content already selected for empresa
16:03:56.182 [Forwarding findElement on session 7a76c51b001f256e46736fc78fb96381 to remote] DEBUG org.asynchttpclient.netty.request.NettyRequestSender - Using pooled Channel '[id: 0x7d8f5a2d, L:/127.0.0.1:53408 - R:localhost/127.0.0.1:56023]' for 'POST' to 'http://localhost:56023/session/7a76c51b001f256e46736fc78fb96381/element'
16:03:56.182 [Forwarding findElement on session 7a76c51b001f256e46736fc78fb96381 to remote] DEBUG org.asynchttpclient.netty.request.NettyRequestSender - Using open Channel [id: 0x7d8f5a2d, L:/127.0.0.1:53408 - R:localhost/127.0.0.1:56023] for POST '/session/7a76c51b001f256e46736fc78fb96381/element'
16:03:56.202 [AsyncHttpClient-1-2] DEBUG org.asynchttpclient.netty.handler.HttpHandler - 

Request DefaultHttpRequest(decodeResult: success, version: HTTP/1.1)
POST /session/7a76c51b001f256e46736fc78fb96381/element HTTP/1.1
User-Agent: selenium/4.1.2 (java windows)
Content-Length: 84
Content-Type: application/json; charset=utf-8
host: localhost:56023
accept: */*

Response DefaultHttpResponse(decodeResult: success, version: HTTP/1.1)
HTTP/1.1 200 OK
Content-Type: application/json; charset=utf-8
cache-control: no-cache
content-length: 88

16:03:56.202 [AsyncHttpClient-1-2] DEBUG org.asynchttpclient.netty.channel.ChannelManager - Adding key: http://localhost:56023 for channel [id: 0x7d8f5a2d, L:/127.0.0.1:53408 - R:localhost/127.0.0.1:56023]
16:03:56.235 [Forwarding isElementDisplayed on session 7a76c51b001f256e46736fc78fb96381 to remote] DEBUG org.asynchttpclient.netty.request.NettyRequestSender - Using pooled Channel '[id: 0x7d8f5a2d, L:/127.0.0.1:53408 - R:localhost/127.0.0.1:56023]' for 'POST' to 'http://localhost:56023/session/7a76c51b001f256e46736fc78fb96381/execute/sync'
16:03:56.235 [Forwarding isElementDisplayed on session 7a76c51b001f256e46736fc78fb96381 to remote] DEBUG org.asynchttpclient.netty.request.NettyRequestSender - Using open Channel [id: 0x7d8f5a2d, L:/127.0.0.1:53408 - R:localhost/127.0.0.1:56023] for POST '/session/7a76c51b001f256e46736fc78fb96381/execute/sync'
16:03:56.267 [AsyncHttpClient-1-2] DEBUG org.asynchttpclient.netty.handler.HttpHandler - 

Request DefaultHttpRequest(decodeResult: success, version: HTTP/1.1)
POST /session/7a76c51b001f256e46736fc78fb96381/execute/sync HTTP/1.1
User-Agent: selenium/4.1.2 (java windows)
Content-Length: 48780
Content-Type: application/json; charset=utf-8
host: localhost:56023
accept: */*

Response DefaultHttpResponse(decodeResult: success, version: HTTP/1.1)
HTTP/1.1 200 OK
Content-Type: application/json; charset=utf-8
cache-control: no-cache
content-length: 14

16:03:56.267 [AsyncHttpClient-1-2] DEBUG org.asynchttpclient.netty.channel.ChannelManager - Adding key: http://localhost:56023 for channel [id: 0x7d8f5a2d, L:/127.0.0.1:53408 - R:localhost/127.0.0.1:56023]
16:03:56.269 [Test worker] DEBUG net.serenitybdd.core.pages.WebElementFacadeImpl - click : By.xpath: //span[contains(text(),'11601 - GO')]
16:03:56.320 [Forwarding findElement on session 7a76c51b001f256e46736fc78fb96381 to remote] DEBUG org.asynchttpclient.netty.request.NettyRequestSender - Using pooled Channel '[id: 0x7d8f5a2d, L:/127.0.0.1:53408 - R:localhost/127.0.0.1:56023]' for 'POST' to 'http://localhost:56023/session/7a76c51b001f256e46736fc78fb96381/element'
16:03:56.320 [Forwarding findElement on session 7a76c51b001f256e46736fc78fb96381 to remote] DEBUG org.asynchttpclient.netty.request.NettyRequestSender - Using open Channel [id: 0x7d8f5a2d, L:/127.0.0.1:53408 - R:localhost/127.0.0.1:56023] for POST '/session/7a76c51b001f256e46736fc78fb96381/element'
16:03:56.334 [AsyncHttpClient-1-2] DEBUG org.asynchttpclient.netty.handler.HttpHandler - 

Request DefaultHttpRequest(decodeResult: success, version: HTTP/1.1)
POST /session/7a76c51b001f256e46736fc78fb96381/element HTTP/1.1
User-Agent: selenium/4.1.2 (java windows)
Content-Length: 84
Content-Type: application/json; charset=utf-8
host: localhost:56023
accept: */*

Response DefaultHttpResponse(decodeResult: success, version: HTTP/1.1)
HTTP/1.1 200 OK
Content-Type: application/json; charset=utf-8
cache-control: no-cache
content-length: 88

16:03:56.335 [AsyncHttpClient-1-2] DEBUG org.asynchttpclient.netty.channel.ChannelManager - Adding key: http://localhost:56023 for channel [id: 0x7d8f5a2d, L:/127.0.0.1:53408 - R:localhost/127.0.0.1:56023]
16:03:56.339 [Forwarding clickElement on session 7a76c51b001f256e46736fc78fb96381 to remote] DEBUG org.asynchttpclient.netty.request.NettyRequestSender - Using pooled Channel '[id: 0x7d8f5a2d, L:/127.0.0.1:53408 - R:localhost/127.0.0.1:56023]' for 'POST' to 'http://localhost:56023/session/7a76c51b001f256e46736fc78fb96381/element/a06cd5dc-c78f-4027-a3cb-667a728e03f0/click'
16:03:56.340 [Forwarding clickElement on session 7a76c51b001f256e46736fc78fb96381 to remote] DEBUG org.asynchttpclient.netty.request.NettyRequestSender - Using open Channel [id: 0x7d8f5a2d, L:/127.0.0.1:53408 - R:localhost/127.0.0.1:56023] for POST '/session/7a76c51b001f256e46736fc78fb96381/element/a06cd5dc-c78f-4027-a3cb-667a728e03f0/click'
16:03:56.416 [AsyncHttpClient-1-2] DEBUG org.asynchttpclient.netty.handler.HttpHandler - 

Request DefaultHttpRequest(decodeResult: success, version: HTTP/1.1)
POST /session/7a76c51b001f256e46736fc78fb96381/element/a06cd5dc-c78f-4027-a3cb-667a728e03f0/click HTTP/1.1
User-Agent: selenium/4.1.2 (java windows)
Content-Length: 50
Content-Type: application/json; charset=utf-8
host: localhost:56023
accept: */*

Response DefaultHttpResponse(decodeResult: success, version: HTTP/1.1)
HTTP/1.1 200 OK
Content-Type: application/json; charset=utf-8
cache-control: no-cache
content-length: 14

16:03:56.416 [AsyncHttpClient-1-2] DEBUG org.asynchttpclient.netty.channel.ChannelManager - Adding key: http://localhost:56023 for channel [id: 0x7d8f5a2d, L:/127.0.0.1:53408 - R:localhost/127.0.0.1:56023]
16:03:56.473 [Forwarding screenshot on session 7a76c51b001f256e46736fc78fb96381 to remote] DEBUG org.asynchttpclient.netty.request.NettyRequestSender - Using pooled Channel '[id: 0x7d8f5a2d, L:/127.0.0.1:53408 - R:localhost/127.0.0.1:56023]' for 'GET' to 'http://localhost:56023/session/7a76c51b001f256e46736fc78fb96381/screenshot'
16:03:56.474 [Forwarding screenshot on session 7a76c51b001f256e46736fc78fb96381 to remote] DEBUG org.asynchttpclient.netty.request.NettyRequestSender - Using open Channel [id: 0x7d8f5a2d, L:/127.0.0.1:53408 - R:localhost/127.0.0.1:56023] for GET '/session/7a76c51b001f256e46736fc78fb96381/screenshot'
16:03:56.896 [AsyncHttpClient-1-2] DEBUG org.asynchttpclient.netty.handler.HttpHandler - 

Request DefaultFullHttpRequest(decodeResult: success, version: HTTP/1.1, content: EmptyByteBufBE)
GET /session/7a76c51b001f256e46736fc78fb96381/screenshot HTTP/1.1
User-Agent: selenium/4.1.2 (java windows)
Cache-Control: no-cache
Content-Type: application/json; charset=utf-8
host: localhost:56023
accept: */*

Response DefaultHttpResponse(decodeResult: success, version: HTTP/1.1)
HTTP/1.1 200 OK
Content-Type: application/json; charset=utf-8
cache-control: no-cache
content-length: 357780

16:03:56.899 [AsyncHttpClient-1-2] DEBUG org.asynchttpclient.netty.channel.ChannelManager - Adding key: http://localhost:56023 for channel [id: 0x7d8f5a2d, L:/127.0.0.1:53408 - R:localhost/127.0.0.1:56023]
16:03:56.928 [Test worker] DEBUG net.serenitybdd.core.photography.Darkroom - Send negative for processing for C:\Users\johan\OneDrive\Documentos\KONEX\Pruebas automatizadas\automatizacion_login_backoffice_1v\target\9c022d68cccc6bf16f8f387ef313c533d9ff6b48c8b1660750298df8a324807f.png
16:03:57.064 [Test worker] DEBUG net.thucydides.core.steps.StepInterceptor - STEP DONE: {0} clicks on #target
16:03:57.080 [AsyncHttpClient-1-1] DEBUG org.asynchttpclient.netty.channel.DefaultChannelPool - Entry count for : http://localhost:56023 : 1
16:03:57.080 [AsyncHttpClient-1-1] DEBUG org.asynchttpclient.netty.channel.DefaultChannelPool - Entry count for : http://localhost:53411 : 1
16:03:57.098 [Forwarding screenshot on session 7a76c51b001f256e46736fc78fb96381 to remote] DEBUG org.asynchttpclient.netty.request.NettyRequestSender - Using pooled Channel '[id: 0x7d8f5a2d, L:/127.0.0.1:53408 - R:localhost/127.0.0.1:56023]' for 'GET' to 'http://localhost:56023/session/7a76c51b001f256e46736fc78fb96381/screenshot'
16:03:57.098 [Forwarding screenshot on session 7a76c51b001f256e46736fc78fb96381 to remote] DEBUG org.asynchttpclient.netty.request.NettyRequestSender - Using open Channel [id: 0x7d8f5a2d, L:/127.0.0.1:53408 - R:localhost/127.0.0.1:56023] for GET '/session/7a76c51b001f256e46736fc78fb96381/screenshot'
16:03:57.475 [AsyncHttpClient-1-2] DEBUG org.asynchttpclient.netty.handler.HttpHandler - 

Request DefaultFullHttpRequest(decodeResult: success, version: HTTP/1.1, content: EmptyByteBufBE)
GET /session/7a76c51b001f256e46736fc78fb96381/screenshot HTTP/1.1
User-Agent: selenium/4.1.2 (java windows)
Cache-Control: no-cache
Content-Type: application/json; charset=utf-8
host: localhost:56023
accept: */*

Response DefaultHttpResponse(decodeResult: success, version: HTTP/1.1)
HTTP/1.1 200 OK
Content-Type: application/json; charset=utf-8
cache-control: no-cache
content-length: 357780

16:03:57.479 [AsyncHttpClient-1-2] DEBUG org.asynchttpclient.netty.channel.ChannelManager - Adding key: http://localhost:56023 for channel [id: 0x7d8f5a2d, L:/127.0.0.1:53408 - R:localhost/127.0.0.1:56023]
16:03:57.506 [Test worker] DEBUG net.serenitybdd.core.photography.Darkroom - Send negative for processing for C:\Users\johan\OneDrive\Documentos\KONEX\Pruebas automatizadas\automatizacion_login_backoffice_1v\target\9c022d68cccc6bf16f8f387ef313c533d9ff6b48c8b1660750298df8a324807f.png
16:03:57.507 [Test worker] DEBUG net.thucydides.core.steps.StepInterceptor - STARTING STEP: Seleccionarem.performAs - {0} clicks on #target
16:03:57.509 [Test worker] DEBUG net.serenitybdd.screenplay.targets.IFrameSwitcher - default content already selected for Boton Aceptar
16:03:57.650 [Forwarding findElement on session 7a76c51b001f256e46736fc78fb96381 to remote] DEBUG org.asynchttpclient.netty.request.NettyRequestSender - Using pooled Channel '[id: 0x7d8f5a2d, L:/127.0.0.1:53408 - R:localhost/127.0.0.1:56023]' for 'POST' to 'http://localhost:56023/session/7a76c51b001f256e46736fc78fb96381/element'
16:03:57.650 [Forwarding findElement on session 7a76c51b001f256e46736fc78fb96381 to remote] DEBUG org.asynchttpclient.netty.request.NettyRequestSender - Using open Channel [id: 0x7d8f5a2d, L:/127.0.0.1:53408 - R:localhost/127.0.0.1:56023] for POST '/session/7a76c51b001f256e46736fc78fb96381/element'
16:03:57.673 [AsyncHttpClient-1-2] DEBUG org.asynchttpclient.netty.handler.HttpHandler - 

Request DefaultHttpRequest(decodeResult: success, version: HTTP/1.1)
POST /session/7a76c51b001f256e46736fc78fb96381/element HTTP/1.1
User-Agent: selenium/4.1.2 (java windows)
Content-Length: 89
Content-Type: application/json; charset=utf-8
host: localhost:56023
accept: */*

Response DefaultHttpResponse(decodeResult: success, version: HTTP/1.1)
HTTP/1.1 200 OK
Content-Type: application/json; charset=utf-8
cache-control: no-cache
content-length: 88

16:03:57.674 [AsyncHttpClient-1-2] DEBUG org.asynchttpclient.netty.channel.ChannelManager - Adding key: http://localhost:56023 for channel [id: 0x7d8f5a2d, L:/127.0.0.1:53408 - R:localhost/127.0.0.1:56023]
16:03:57.701 [Forwarding isElementDisplayed on session 7a76c51b001f256e46736fc78fb96381 to remote] DEBUG org.asynchttpclient.netty.request.NettyRequestSender - Using pooled Channel '[id: 0x7d8f5a2d, L:/127.0.0.1:53408 - R:localhost/127.0.0.1:56023]' for 'POST' to 'http://localhost:56023/session/7a76c51b001f256e46736fc78fb96381/execute/sync'
16:03:57.702 [Forwarding isElementDisplayed on session 7a76c51b001f256e46736fc78fb96381 to remote] DEBUG org.asynchttpclient.netty.request.NettyRequestSender - Using open Channel [id: 0x7d8f5a2d, L:/127.0.0.1:53408 - R:localhost/127.0.0.1:56023] for POST '/session/7a76c51b001f256e46736fc78fb96381/execute/sync'
16:03:57.723 [AsyncHttpClient-1-2] DEBUG org.asynchttpclient.netty.handler.HttpHandler - 

Request DefaultHttpRequest(decodeResult: success, version: HTTP/1.1)
POST /session/7a76c51b001f256e46736fc78fb96381/execute/sync HTTP/1.1
User-Agent: selenium/4.1.2 (java windows)
Content-Length: 48780
Content-Type: application/json; charset=utf-8
host: localhost:56023
accept: */*

Response DefaultHttpResponse(decodeResult: success, version: HTTP/1.1)
HTTP/1.1 200 OK
Content-Type: application/json; charset=utf-8
cache-control: no-cache
content-length: 14

16:03:57.724 [AsyncHttpClient-1-2] DEBUG org.asynchttpclient.netty.channel.ChannelManager - Adding key: http://localhost:56023 for channel [id: 0x7d8f5a2d, L:/127.0.0.1:53408 - R:localhost/127.0.0.1:56023]
16:03:57.725 [Test worker] DEBUG net.serenitybdd.core.pages.WebElementFacadeImpl - click : By.xpath: //button[@class = 'w-120-px btn-aceptar2']
16:03:57.788 [Forwarding findElement on session 7a76c51b001f256e46736fc78fb96381 to remote] DEBUG org.asynchttpclient.netty.request.NettyRequestSender - Using pooled Channel '[id: 0x7d8f5a2d, L:/127.0.0.1:53408 - R:localhost/127.0.0.1:56023]' for 'POST' to 'http://localhost:56023/session/7a76c51b001f256e46736fc78fb96381/element'
16:03:57.788 [Forwarding findElement on session 7a76c51b001f256e46736fc78fb96381 to remote] DEBUG org.asynchttpclient.netty.request.NettyRequestSender - Using open Channel [id: 0x7d8f5a2d, L:/127.0.0.1:53408 - R:localhost/127.0.0.1:56023] for POST '/session/7a76c51b001f256e46736fc78fb96381/element'
16:03:57.804 [AsyncHttpClient-1-2] DEBUG org.asynchttpclient.netty.handler.HttpHandler - 

Request DefaultHttpRequest(decodeResult: success, version: HTTP/1.1)
POST /session/7a76c51b001f256e46736fc78fb96381/element HTTP/1.1
User-Agent: selenium/4.1.2 (java windows)
Content-Length: 89
Content-Type: application/json; charset=utf-8
host: localhost:56023
accept: */*

Response DefaultHttpResponse(decodeResult: success, version: HTTP/1.1)
HTTP/1.1 200 OK
Content-Type: application/json; charset=utf-8
cache-control: no-cache
content-length: 88

16:03:57.805 [AsyncHttpClient-1-2] DEBUG org.asynchttpclient.netty.channel.ChannelManager - Adding key: http://localhost:56023 for channel [id: 0x7d8f5a2d, L:/127.0.0.1:53408 - R:localhost/127.0.0.1:56023]
16:03:57.809 [Forwarding clickElement on session 7a76c51b001f256e46736fc78fb96381 to remote] DEBUG org.asynchttpclient.netty.request.NettyRequestSender - Using pooled Channel '[id: 0x7d8f5a2d, L:/127.0.0.1:53408 - R:localhost/127.0.0.1:56023]' for 'POST' to 'http://localhost:56023/session/7a76c51b001f256e46736fc78fb96381/element/8473f0e4-3682-43f9-8e7a-52b8a5180ea9/click'
16:03:57.810 [Forwarding clickElement on session 7a76c51b001f256e46736fc78fb96381 to remote] DEBUG org.asynchttpclient.netty.request.NettyRequestSender - Using open Channel [id: 0x7d8f5a2d, L:/127.0.0.1:53408 - R:localhost/127.0.0.1:56023] for POST '/session/7a76c51b001f256e46736fc78fb96381/element/8473f0e4-3682-43f9-8e7a-52b8a5180ea9/click'
16:03:58.020 [AsyncHttpClient-1-2] DEBUG org.asynchttpclient.netty.handler.HttpHandler - 

Request DefaultHttpRequest(decodeResult: success, version: HTTP/1.1)
POST /session/7a76c51b001f256e46736fc78fb96381/element/8473f0e4-3682-43f9-8e7a-52b8a5180ea9/click HTTP/1.1
User-Agent: selenium/4.1.2 (java windows)
Content-Length: 50
Content-Type: application/json; charset=utf-8
host: localhost:56023
accept: */*

Response DefaultHttpResponse(decodeResult: success, version: HTTP/1.1)
HTTP/1.1 200 OK
Content-Type: application/json; charset=utf-8
cache-control: no-cache
content-length: 14

16:03:58.021 [AsyncHttpClient-1-2] DEBUG org.asynchttpclient.netty.channel.ChannelManager - Adding key: http://localhost:56023 for channel [id: 0x7d8f5a2d, L:/127.0.0.1:53408 - R:localhost/127.0.0.1:56023]
16:03:58.059 [Forwarding screenshot on session 7a76c51b001f256e46736fc78fb96381 to remote] DEBUG org.asynchttpclient.netty.request.NettyRequestSender - Using pooled Channel '[id: 0x7d8f5a2d, L:/127.0.0.1:53408 - R:localhost/127.0.0.1:56023]' for 'GET' to 'http://localhost:56023/session/7a76c51b001f256e46736fc78fb96381/screenshot'
16:03:58.059 [Forwarding screenshot on session 7a76c51b001f256e46736fc78fb96381 to remote] DEBUG org.asynchttpclient.netty.request.NettyRequestSender - Using open Channel [id: 0x7d8f5a2d, L:/127.0.0.1:53408 - R:localhost/127.0.0.1:56023] for GET '/session/7a76c51b001f256e46736fc78fb96381/screenshot'
16:03:58.171 [AsyncHttpClient-1-1] DEBUG org.asynchttpclient.netty.channel.DefaultChannelPool - Entry count for : http://localhost:53411 : 1
16:03:58.227 [AsyncHttpClient-1-2] DEBUG org.asynchttpclient.netty.handler.HttpHandler - 

Request DefaultFullHttpRequest(decodeResult: success, version: HTTP/1.1, content: EmptyByteBufBE)
GET /session/7a76c51b001f256e46736fc78fb96381/screenshot HTTP/1.1
User-Agent: selenium/4.1.2 (java windows)
Cache-Control: no-cache
Content-Type: application/json; charset=utf-8
host: localhost:56023
accept: */*

Response DefaultHttpResponse(decodeResult: success, version: HTTP/1.1)
HTTP/1.1 200 OK
Content-Type: application/json; charset=utf-8
cache-control: no-cache
content-length: 108664

16:03:58.228 [AsyncHttpClient-1-2] DEBUG org.asynchttpclient.netty.channel.ChannelManager - Adding key: http://localhost:56023 for channel [id: 0x7d8f5a2d, L:/127.0.0.1:53408 - R:localhost/127.0.0.1:56023]
16:03:58.235 [Test worker] DEBUG net.serenitybdd.core.photography.Darkroom - Send negative for processing for C:\Users\johan\OneDrive\Documentos\KONEX\Pruebas automatizadas\automatizacion_login_backoffice_1v\target\dfc2087e885fdb5060174131f81008a8cb2b85756f77f277705b94ed122a746e.png
16:03:58.235 [Darkroom Processing Line] DEBUG net.serenitybdd.core.photography.DarkroomProcessingLine - Processing screenshot image in /var/screenshots/screenshot-1067873968562976737
16:03:58.236 [Darkroom Processing Line] DEBUG net.serenitybdd.core.photography.DarkroomProcessingLine - Saving screenshot to C:\Users\johan\OneDrive\Documentos\KONEX\Pruebas automatizadas\automatizacion_login_backoffice_1v\target\dfc2087e885fdb5060174131f81008a8cb2b85756f77f277705b94ed122a746e.png
16:03:58.371 [Test worker] DEBUG net.thucydides.core.steps.StepInterceptor - STEP DONE: {0} clicks on #target
16:03:58.398 [Forwarding screenshot on session 7a76c51b001f256e46736fc78fb96381 to remote] DEBUG org.asynchttpclient.netty.request.NettyRequestSender - Using pooled Channel '[id: 0x7d8f5a2d, L:/127.0.0.1:53408 - R:localhost/127.0.0.1:56023]' for 'GET' to 'http://localhost:56023/session/7a76c51b001f256e46736fc78fb96381/screenshot'
16:03:58.398 [Forwarding screenshot on session 7a76c51b001f256e46736fc78fb96381 to remote] DEBUG org.asynchttpclient.netty.request.NettyRequestSender - Using open Channel [id: 0x7d8f5a2d, L:/127.0.0.1:53408 - R:localhost/127.0.0.1:56023] for GET '/session/7a76c51b001f256e46736fc78fb96381/screenshot'
16:03:58.544 [AsyncHttpClient-1-2] DEBUG org.asynchttpclient.netty.handler.HttpHandler - 

Request DefaultFullHttpRequest(decodeResult: success, version: HTTP/1.1, content: EmptyByteBufBE)
GET /session/7a76c51b001f256e46736fc78fb96381/screenshot HTTP/1.1
User-Agent: selenium/4.1.2 (java windows)
Cache-Control: no-cache
Content-Type: application/json; charset=utf-8
host: localhost:56023
accept: */*

Response DefaultHttpResponse(decodeResult: success, version: HTTP/1.1)
HTTP/1.1 200 OK
Content-Type: application/json; charset=utf-8
cache-control: no-cache
content-length: 106772

16:03:58.544 [AsyncHttpClient-1-2] DEBUG org.asynchttpclient.netty.channel.ChannelManager - Adding key: http://localhost:56023 for channel [id: 0x7d8f5a2d, L:/127.0.0.1:53408 - R:localhost/127.0.0.1:56023]
16:03:58.550 [Test worker] DEBUG net.serenitybdd.core.photography.Darkroom - Send negative for processing for C:\Users\johan\OneDrive\Documentos\KONEX\Pruebas automatizadas\automatizacion_login_backoffice_1v\target\9993c47315535408fb5911b9af751bad3f0221f4f3043229c02122cf962b7f00.png
16:03:58.550 [Darkroom Processing Line] DEBUG net.serenitybdd.core.photography.DarkroomProcessingLine - Processing screenshot image in /var/screenshots/screenshot-6410516795746912337
16:03:58.550 [Darkroom Processing Line] DEBUG net.serenitybdd.core.photography.DarkroomProcessingLine - Saving screenshot to C:\Users\johan\OneDrive\Documentos\KONEX\Pruebas automatizadas\automatizacion_login_backoffice_1v\target\9993c47315535408fb5911b9af751bad3f0221f4f3043229c02122cf962b7f00.png
16:03:58.665 [Test worker] DEBUG net.thucydides.core.steps.StepInterceptor - STEP DONE: performAs
16:03:58.686 [Forwarding screenshot on session 7a76c51b001f256e46736fc78fb96381 to remote] DEBUG org.asynchttpclient.netty.request.NettyRequestSender - Using pooled Channel '[id: 0x7d8f5a2d, L:/127.0.0.1:53408 - R:localhost/127.0.0.1:56023]' for 'GET' to 'http://localhost:56023/session/7a76c51b001f256e46736fc78fb96381/screenshot'
16:03:58.686 [Forwarding screenshot on session 7a76c51b001f256e46736fc78fb96381 to remote] DEBUG org.asynchttpclient.netty.request.NettyRequestSender - Using open Channel [id: 0x7d8f5a2d, L:/127.0.0.1:53408 - R:localhost/127.0.0.1:56023] for GET '/session/7a76c51b001f256e46736fc78fb96381/screenshot'
16:03:58.772 [AsyncHttpClient-1-2] DEBUG org.asynchttpclient.netty.handler.HttpHandler - 

Request DefaultFullHttpRequest(decodeResult: success, version: HTTP/1.1, content: EmptyByteBufBE)
GET /session/7a76c51b001f256e46736fc78fb96381/screenshot HTTP/1.1
User-Agent: selenium/4.1.2 (java windows)
Cache-Control: no-cache
Content-Type: application/json; charset=utf-8
host: localhost:56023
accept: */*

Response DefaultHttpResponse(decodeResult: success, version: HTTP/1.1)
HTTP/1.1 200 OK
Content-Type: application/json; charset=utf-8
cache-control: no-cache
content-length: 106772

16:03:58.773 [AsyncHttpClient-1-2] DEBUG org.asynchttpclient.netty.channel.ChannelManager - Adding key: http://localhost:56023 for channel [id: 0x7d8f5a2d, L:/127.0.0.1:53408 - R:localhost/127.0.0.1:56023]
16:03:58.779 [Test worker] DEBUG net.serenitybdd.core.photography.Darkroom - Send negative for processing for C:\Users\johan\OneDrive\Documentos\KONEX\Pruebas automatizadas\automatizacion_login_backoffice_1v\target\9993c47315535408fb5911b9af751bad3f0221f4f3043229c02122cf962b7f00.png
16:03:58.902 [Forwarding screenshot on session 7a76c51b001f256e46736fc78fb96381 to remote] DEBUG org.asynchttpclient.netty.request.NettyRequestSender - Using pooled Channel '[id: 0x7d8f5a2d, L:/127.0.0.1:53408 - R:localhost/127.0.0.1:56023]' for 'GET' to 'http://localhost:56023/session/7a76c51b001f256e46736fc78fb96381/screenshot'
16:03:58.902 [Forwarding screenshot on session 7a76c51b001f256e46736fc78fb96381 to remote] DEBUG org.asynchttpclient.netty.request.NettyRequestSender - Using open Channel [id: 0x7d8f5a2d, L:/127.0.0.1:53408 - R:localhost/127.0.0.1:56023] for GET '/session/7a76c51b001f256e46736fc78fb96381/screenshot'
16:03:58.989 [AsyncHttpClient-1-2] DEBUG org.asynchttpclient.netty.handler.HttpHandler - 

Request DefaultFullHttpRequest(decodeResult: success, version: HTTP/1.1, content: EmptyByteBufBE)
GET /session/7a76c51b001f256e46736fc78fb96381/screenshot HTTP/1.1
User-Agent: selenium/4.1.2 (java windows)
Cache-Control: no-cache
Content-Type: application/json; charset=utf-8
host: localhost:56023
accept: */*

Response DefaultHttpResponse(decodeResult: success, version: HTTP/1.1)
HTTP/1.1 200 OK
Content-Type: application/json; charset=utf-8
cache-control: no-cache
content-length: 106772

16:03:58.989 [AsyncHttpClient-1-2] DEBUG org.asynchttpclient.netty.channel.ChannelManager - Adding key: http://localhost:56023 for channel [id: 0x7d8f5a2d, L:/127.0.0.1:53408 - R:localhost/127.0.0.1:56023]
16:03:58.995 [Test worker] DEBUG net.serenitybdd.core.photography.Darkroom - Send negative for processing for C:\Users\johan\OneDrive\Documentos\KONEX\Pruebas automatizadas\automatizacion_login_backoffice_1v\target\9993c47315535408fb5911b9af751bad3f0221f4f3043229c02122cf962b7f00.png
16:03:59.170 [Forwarding screenshot on session 7a76c51b001f256e46736fc78fb96381 to remote] DEBUG org.asynchttpclient.netty.request.NettyRequestSender - Using pooled Channel '[id: 0x7d8f5a2d, L:/127.0.0.1:53408 - R:localhost/127.0.0.1:56023]' for 'GET' to 'http://localhost:56023/session/7a76c51b001f256e46736fc78fb96381/screenshot'
16:03:59.171 [Forwarding screenshot on session 7a76c51b001f256e46736fc78fb96381 to remote] DEBUG org.asynchttpclient.netty.request.NettyRequestSender - Using open Channel [id: 0x7d8f5a2d, L:/127.0.0.1:53408 - R:localhost/127.0.0.1:56023] for GET '/session/7a76c51b001f256e46736fc78fb96381/screenshot'
16:03:59.257 [AsyncHttpClient-1-2] DEBUG org.asynchttpclient.netty.handler.HttpHandler - 

Request DefaultFullHttpRequest(decodeResult: success, version: HTTP/1.1, content: EmptyByteBufBE)
GET /session/7a76c51b001f256e46736fc78fb96381/screenshot HTTP/1.1
User-Agent: selenium/4.1.2 (java windows)
Cache-Control: no-cache
Content-Type: application/json; charset=utf-8
host: localhost:56023
accept: */*

Response DefaultHttpResponse(decodeResult: success, version: HTTP/1.1)
HTTP/1.1 200 OK
Content-Type: application/json; charset=utf-8
cache-control: no-cache
content-length: 106432

16:03:59.258 [AsyncHttpClient-1-2] DEBUG org.asynchttpclient.netty.channel.ChannelManager - Adding key: http://localhost:56023 for channel [id: 0x7d8f5a2d, L:/127.0.0.1:53408 - R:localhost/127.0.0.1:56023]
16:03:59.262 [Test worker] DEBUG net.serenitybdd.core.photography.Darkroom - Send negative for processing for C:\Users\johan\OneDrive\Documentos\KONEX\Pruebas automatizadas\automatizacion_login_backoffice_1v\target\eb51d8c20a5f0f36c79edcb4e038dd70bdcdbc4a6228b43f2584606ddb0218cf.png
16:03:59.263 [Darkroom Processing Line] DEBUG net.serenitybdd.core.photography.DarkroomProcessingLine - Processing screenshot image in /var/screenshots/screenshot-4486657207128765900
16:03:59.263 [Darkroom Processing Line] DEBUG net.serenitybdd.core.photography.DarkroomProcessingLine - Saving screenshot to C:\Users\johan\OneDrive\Documentos\KONEX\Pruebas automatizadas\automatizacion_login_backoffice_1v\target\eb51d8c20a5f0f36c79edcb4e038dd70bdcdbc4a6228b43f2584606ddb0218cf.png
16:03:59.275 [AsyncHttpClient-1-1] DEBUG org.asynchttpclient.netty.channel.DefaultChannelPool - Entry count for : http://localhost:56023 : 1
16:03:59.275 [AsyncHttpClient-1-1] DEBUG org.asynchttpclient.netty.channel.DefaultChannelPool - Entry count for : http://localhost:53411 : 1
16:03:59.282 [Test worker] DEBUG net.serenitybdd.screenplay.targets.IFrameSwitcher - default content already selected for Verificar ingreso
16:03:59.295 [Forwarding findElements on session 7a76c51b001f256e46736fc78fb96381 to remote] DEBUG org.asynchttpclient.netty.request.NettyRequestSender - Using pooled Channel '[id: 0x7d8f5a2d, L:/127.0.0.1:53408 - R:localhost/127.0.0.1:56023]' for 'POST' to 'http://localhost:56023/session/7a76c51b001f256e46736fc78fb96381/elements'
16:03:59.295 [Forwarding findElements on session 7a76c51b001f256e46736fc78fb96381 to remote] DEBUG org.asynchttpclient.netty.request.NettyRequestSender - Using open Channel [id: 0x7d8f5a2d, L:/127.0.0.1:53408 - R:localhost/127.0.0.1:56023] for POST '/session/7a76c51b001f256e46736fc78fb96381/elements'
16:03:59.311 [AsyncHttpClient-1-2] DEBUG org.asynchttpclient.netty.handler.HttpHandler - 

Request DefaultHttpRequest(decodeResult: success, version: HTTP/1.1)
POST /session/7a76c51b001f256e46736fc78fb96381/elements HTTP/1.1
User-Agent: selenium/4.1.2 (java windows)
Content-Length: 80
Content-Type: application/json; charset=utf-8
host: localhost:56023
accept: */*

Response DefaultHttpResponse(decodeResult: success, version: HTTP/1.1)
HTTP/1.1 200 OK
Content-Type: application/json; charset=utf-8
cache-control: no-cache
content-length: 169

16:03:59.312 [AsyncHttpClient-1-2] DEBUG org.asynchttpclient.netty.channel.ChannelManager - Adding key: http://localhost:56023 for channel [id: 0x7d8f5a2d, L:/127.0.0.1:53408 - R:localhost/127.0.0.1:56023]
16:03:59.331 [Forwarding getElementText on session 7a76c51b001f256e46736fc78fb96381 to remote] DEBUG org.asynchttpclient.netty.request.NettyRequestSender - Using pooled Channel '[id: 0x7d8f5a2d, L:/127.0.0.1:53408 - R:localhost/127.0.0.1:56023]' for 'GET' to 'http://localhost:56023/session/7a76c51b001f256e46736fc78fb96381/element/f6fb9167-e671-4a71-bc5d-0334b7e1f5b5/text'
16:03:59.331 [Forwarding getElementText on session 7a76c51b001f256e46736fc78fb96381 to remote] DEBUG org.asynchttpclient.netty.request.NettyRequestSender - Using open Channel [id: 0x7d8f5a2d, L:/127.0.0.1:53408 - R:localhost/127.0.0.1:56023] for GET '/session/7a76c51b001f256e46736fc78fb96381/element/f6fb9167-e671-4a71-bc5d-0334b7e1f5b5/text'
16:03:59.349 [AsyncHttpClient-1-2] DEBUG org.asynchttpclient.netty.handler.HttpHandler - 

Request DefaultFullHttpRequest(decodeResult: success, version: HTTP/1.1, content: EmptyByteBufBE)
GET /session/7a76c51b001f256e46736fc78fb96381/element/f6fb9167-e671-4a71-bc5d-0334b7e1f5b5/text HTTP/1.1
User-Agent: selenium/4.1.2 (java windows)
Cache-Control: no-cache
Content-Type: application/json; charset=utf-8
host: localhost:56023
accept: */*

Response DefaultHttpResponse(decodeResult: success, version: HTTP/1.1)
HTTP/1.1 200 OK
Content-Type: application/json; charset=utf-8
cache-control: no-cache
content-length: 18

16:03:59.350 [AsyncHttpClient-1-2] DEBUG org.asynchttpclient.netty.channel.ChannelManager - Adding key: http://localhost:56023 for channel [id: 0x7d8f5a2d, L:/127.0.0.1:53408 - R:localhost/127.0.0.1:56023]
16:03:59.363 [Forwarding screenshot on session 7a76c51b001f256e46736fc78fb96381 to remote] DEBUG org.asynchttpclient.netty.request.NettyRequestSender - Using pooled Channel '[id: 0x7d8f5a2d, L:/127.0.0.1:53408 - R:localhost/127.0.0.1:56023]' for 'GET' to 'http://localhost:56023/session/7a76c51b001f256e46736fc78fb96381/screenshot'
16:03:59.363 [Forwarding screenshot on session 7a76c51b001f256e46736fc78fb96381 to remote] DEBUG org.asynchttpclient.netty.request.NettyRequestSender - Using open Channel [id: 0x7d8f5a2d, L:/127.0.0.1:53408 - R:localhost/127.0.0.1:56023] for GET '/session/7a76c51b001f256e46736fc78fb96381/screenshot'
16:03:59.454 [AsyncHttpClient-1-2] DEBUG org.asynchttpclient.netty.handler.HttpHandler - 

Request DefaultFullHttpRequest(decodeResult: success, version: HTTP/1.1, content: EmptyByteBufBE)
GET /session/7a76c51b001f256e46736fc78fb96381/screenshot HTTP/1.1
User-Agent: selenium/4.1.2 (java windows)
Cache-Control: no-cache
Content-Type: application/json; charset=utf-8
host: localhost:56023
accept: */*

Response DefaultHttpResponse(decodeResult: success, version: HTTP/1.1)
HTTP/1.1 200 OK
Content-Type: application/json; charset=utf-8
cache-control: no-cache
content-length: 106432

16:03:59.454 [AsyncHttpClient-1-2] DEBUG org.asynchttpclient.netty.channel.ChannelManager - Adding key: http://localhost:56023 for channel [id: 0x7d8f5a2d, L:/127.0.0.1:53408 - R:localhost/127.0.0.1:56023]
16:03:59.459 [Test worker] DEBUG net.serenitybdd.core.photography.Darkroom - Send negative for processing for C:\Users\johan\OneDrive\Documentos\KONEX\Pruebas automatizadas\automatizacion_login_backoffice_1v\target\eb51d8c20a5f0f36c79edcb4e038dd70bdcdbc4a6228b43f2584606ddb0218cf.png
16:03:59.582 [Forwarding screenshot on session 7a76c51b001f256e46736fc78fb96381 to remote] DEBUG org.asynchttpclient.netty.request.NettyRequestSender - Using pooled Channel '[id: 0x7d8f5a2d, L:/127.0.0.1:53408 - R:localhost/127.0.0.1:56023]' for 'GET' to 'http://localhost:56023/session/7a76c51b001f256e46736fc78fb96381/screenshot'
16:03:59.582 [Forwarding screenshot on session 7a76c51b001f256e46736fc78fb96381 to remote] DEBUG org.asynchttpclient.netty.request.NettyRequestSender - Using open Channel [id: 0x7d8f5a2d, L:/127.0.0.1:53408 - R:localhost/127.0.0.1:56023] for GET '/session/7a76c51b001f256e46736fc78fb96381/screenshot'
16:03:59.673 [AsyncHttpClient-1-2] DEBUG org.asynchttpclient.netty.handler.HttpHandler - 

Request DefaultFullHttpRequest(decodeResult: success, version: HTTP/1.1, content: EmptyByteBufBE)
GET /session/7a76c51b001f256e46736fc78fb96381/screenshot HTTP/1.1
User-Agent: selenium/4.1.2 (java windows)
Cache-Control: no-cache
Content-Type: application/json; charset=utf-8
host: localhost:56023
accept: */*

Response DefaultHttpResponse(decodeResult: success, version: HTTP/1.1)
HTTP/1.1 200 OK
Content-Type: application/json; charset=utf-8
cache-control: no-cache
content-length: 106432

16:03:59.673 [AsyncHttpClient-1-2] DEBUG org.asynchttpclient.netty.channel.ChannelManager - Adding key: http://localhost:56023 for channel [id: 0x7d8f5a2d, L:/127.0.0.1:53408 - R:localhost/127.0.0.1:56023]
16:03:59.678 [Test worker] DEBUG net.serenitybdd.core.photography.Darkroom - Send negative for processing for C:\Users\johan\OneDrive\Documentos\KONEX\Pruebas automatizadas\automatizacion_login_backoffice_1v\target\eb51d8c20a5f0f36c79edcb4e038dd70bdcdbc4a6228b43f2584606ddb0218cf.png
16:03:59.795 [Forwarding screenshot on session 7a76c51b001f256e46736fc78fb96381 to remote] DEBUG org.asynchttpclient.netty.request.NettyRequestSender - Using pooled Channel '[id: 0x7d8f5a2d, L:/127.0.0.1:53408 - R:localhost/127.0.0.1:56023]' for 'GET' to 'http://localhost:56023/session/7a76c51b001f256e46736fc78fb96381/screenshot'
16:03:59.795 [Forwarding screenshot on session 7a76c51b001f256e46736fc78fb96381 to remote] DEBUG org.asynchttpclient.netty.request.NettyRequestSender - Using open Channel [id: 0x7d8f5a2d, L:/127.0.0.1:53408 - R:localhost/127.0.0.1:56023] for GET '/session/7a76c51b001f256e46736fc78fb96381/screenshot'
16:03:59.889 [AsyncHttpClient-1-2] DEBUG org.asynchttpclient.netty.handler.HttpHandler - 

Request DefaultFullHttpRequest(decodeResult: success, version: HTTP/1.1, content: EmptyByteBufBE)
GET /session/7a76c51b001f256e46736fc78fb96381/screenshot HTTP/1.1
User-Agent: selenium/4.1.2 (java windows)
Cache-Control: no-cache
Content-Type: application/json; charset=utf-8
host: localhost:56023
accept: */*

Response DefaultHttpResponse(decodeResult: success, version: HTTP/1.1)
HTTP/1.1 200 OK
Content-Type: application/json; charset=utf-8
cache-control: no-cache
content-length: 106432

16:03:59.889 [AsyncHttpClient-1-2] DEBUG org.asynchttpclient.netty.channel.ChannelManager - Adding key: http://localhost:56023 for channel [id: 0x7d8f5a2d, L:/127.0.0.1:53408 - R:localhost/127.0.0.1:56023]
16:03:59.894 [Test worker] DEBUG net.serenitybdd.core.photography.Darkroom - Send negative for processing for C:\Users\johan\OneDrive\Documentos\KONEX\Pruebas automatizadas\automatizacion_login_backoffice_1v\target\eb51d8c20a5f0f36c79edcb4e038dd70bdcdbc4a6228b43f2584606ddb0218cf.png
16:04:00.221 [Driver Command Executor] DEBUG org.asynchttpclient.netty.request.NettyRequestSender - Using pooled Channel '[id: 0x7d8f5a2d, L:/127.0.0.1:53408 - R:localhost/127.0.0.1:56023]' for 'DELETE' to 'http://localhost:56023/session/7a76c51b001f256e46736fc78fb96381'
16:04:00.221 [Driver Command Executor] DEBUG org.asynchttpclient.netty.request.NettyRequestSender - Using open Channel [id: 0x7d8f5a2d, L:/127.0.0.1:53408 - R:localhost/127.0.0.1:56023] for DELETE '/session/7a76c51b001f256e46736fc78fb96381'
16:04:00.226 [AsyncHttpClient-1-4] DEBUG org.asynchttpclient.netty.handler.WebSocketHandler - Channel Closed: [id: 0x4a24ef5e, L:/127.0.0.1:53419 ! R:localhost/127.0.0.1:53411] with attribute NettyResponseFuture{currentRetry=5,
	isDone=1,
	isCancelled=0,
	asyncHandler=org.asynchttpclient.ws.WebSocketUpgradeHandler@1d376901,
	nettyRequest=org.asynchttpclient.netty.request.NettyRequest@1bda1543,
	future=java.util.concurrent.CompletableFuture@4f7cc922[Completed normally],
	uri=ws://localhost:53411/devtools/browser/2ab86b79-e749-4ca8-84a5-50d4d155d680,
	keepAlive=true,
	redirectCount=0,
	timeoutsHolder=null,
	inAuth=0,
	touch=1682024622148}
16:04:00.227 [AsyncHttpClient-1-4] DEBUG org.asynchttpclient.netty.channel.ChannelManager - Closing Channel [id: 0x4a24ef5e, L:/127.0.0.1:53419 ! R:localhost/127.0.0.1:53411] 
16:04:00.303 [AsyncHttpClient-1-3] DEBUG org.asynchttpclient.netty.handler.HttpHandler - Unexpected I/O exception on channel [id: 0xe0eb4dbc, L:/127.0.0.1:53418 - R:localhost/127.0.0.1:53411]
java.io.IOException: Se ha forzado la interrupción de una conexión existente por el host remoto
	at sun.nio.ch.SocketDispatcher.read0(Native Method)
	at sun.nio.ch.SocketDispatcher.read(SocketDispatcher.java:43)
	at sun.nio.ch.IOUtil.readIntoNativeBuffer(IOUtil.java:223)
	at sun.nio.ch.IOUtil.read(IOUtil.java:192)
	at sun.nio.ch.SocketChannelImpl.read(SocketChannelImpl.java:380)
	at io.netty.buffer.PooledByteBuf.setBytes(PooledByteBuf.java:258)
	at io.netty.buffer.AbstractByteBuf.writeBytes(AbstractByteBuf.java:1132)
	at io.netty.channel.socket.nio.NioSocketChannel.doReadBytes(NioSocketChannel.java:350)
	at io.netty.channel.nio.AbstractNioByteChannel$NioByteUnsafe.read(AbstractNioByteChannel.java:151)
	at io.netty.channel.nio.NioEventLoop.processSelectedKey(NioEventLoop.java:722)
	at io.netty.channel.nio.NioEventLoop.processSelectedKeysOptimized(NioEventLoop.java:658)
	at io.netty.channel.nio.NioEventLoop.processSelectedKeys(NioEventLoop.java:584)
	at io.netty.channel.nio.NioEventLoop.run(NioEventLoop.java:496)
	at io.netty.util.concurrent.SingleThreadEventExecutor$4.run(SingleThreadEventExecutor.java:986)
	at io.netty.util.internal.ThreadExecutorMap$2.run(ThreadExecutorMap.java:74)
	at io.netty.util.concurrent.FastThreadLocalRunnable.run(FastThreadLocalRunnable.java:30)
	at java.lang.Thread.run(Thread.java:748)
16:04:00.304 [AsyncHttpClient-1-3] DEBUG org.asynchttpclient.netty.channel.ChannelManager - Closing Channel [id: 0xe0eb4dbc, L:/127.0.0.1:53418 - R:localhost/127.0.0.1:53411] 
16:04:00.309 [AsyncHttpClient-1-3] DEBUG org.asynchttpclient.netty.handler.HttpHandler - Channel Closed: [id: 0xe0eb4dbc, L:/127.0.0.1:53418 ! R:localhost/127.0.0.1:53411] with attribute DISCARD
16:04:00.329 [AsyncHttpClient-1-2] DEBUG org.asynchttpclient.netty.handler.HttpHandler - 

Request DefaultFullHttpRequest(decodeResult: success, version: HTTP/1.1, content: EmptyByteBufBE)
DELETE /session/7a76c51b001f256e46736fc78fb96381 HTTP/1.1
User-Agent: selenium/4.1.2 (java windows)
Content-Type: application/json; charset=utf-8
host: localhost:56023
accept: */*

Response DefaultHttpResponse(decodeResult: success, version: HTTP/1.1)
HTTP/1.1 200 OK
Content-Type: application/json; charset=utf-8
cache-control: no-cache
content-length: 14

16:04:00.329 [AsyncHttpClient-1-2] DEBUG org.asynchttpclient.netty.channel.ChannelManager - Adding key: http://localhost:56023 for channel [id: 0x7d8f5a2d, L:/127.0.0.1:53408 - R:localhost/127.0.0.1:56023]
16:04:00.380 [AsyncHttpClient-1-1] DEBUG org.asynchttpclient.netty.channel.DefaultChannelPool - Entry count for : http://localhost:56023 : 1
16:04:00.380 [AsyncHttpClient-1-1] DEBUG org.asynchttpclient.netty.channel.DefaultChannelPool - Entry count for : http://localhost:53411 : 1
16:04:00.380 [AsyncHttpClient-1-1] DEBUG org.asynchttpclient.netty.channel.DefaultChannelPool - Adding Candidate expired Channel [id: 0xe0eb4dbc, L:/127.0.0.1:53418 ! R:localhost/127.0.0.1:53411] isIdleTimeoutExpired=false isRemotelyClosed=true isTtlExpired=false
16:04:00.381 [AsyncHttpClient-1-1] DEBUG org.asynchttpclient.netty.channel.DefaultChannelPool - Closing Idle Channel [id: 0xe0eb4dbc, L:/127.0.0.1:53418 ! R:localhost/127.0.0.1:53411]
16:04:00.381 [AsyncHttpClient-1-1] DEBUG org.asynchttpclient.netty.channel.DefaultChannelPool - Closed 1 connections out of 2 in 1 ms
16:04:00.477 [AsyncHttpClient-1-2] DEBUG org.asynchttpclient.netty.handler.HttpHandler - Channel Closed: [id: 0x7d8f5a2d, L:/127.0.0.1:53408 ! R:localhost/127.0.0.1:56023] with attribute DISCARD
16:04:01.001 [Test worker] INFO  - ?[92m
  _____   ___   ___   _____     ___     _     ___   ___   ___   ___  
 |_   _| | __| / __| |_   _|   | _ \   /_\   / __| / __| | __| |   \ 
   | |   | _|  \__ \   | |     |  _/  / _ \  \__ \ \__ \ | _|  | |) |
   |_|   |___| |___/   |_|     |_|   /_/ \_\ |___/ |___/ |___| |___/ 

Verificar el ingreso correcto con uno o diferentes usuarios
----------------------------------------------------------------------?[0m
16:04:01.027 [Test worker] INFO io.cucumber.core.plugin.SerenityReporter - Running feature from file:///C:/Users/johan/OneDrive/Documentos/KONEX/Pruebas%20automatizadas/automatizacion_login_backoffice_1v/src/test/resources/features/login_backoffice.feature
16:04:01.050 [Test worker] DEBUG net.thucydides.core.steps.StepInterceptor - STARTING STEP: MyStepdefinitions.queElUsuarioIngresaAlBackoffice - performAs
16:04:01.057 [Test worker] DEBUG net.thucydides.core.steps.StepInterceptor - STARTING STEP: AbrirPag.performAs - {0} opens the #targetPage
16:04:01.105 [Test worker] INFO net.serenitybdd.core.webdriver.driverproviders.ChromeDriverProvider - Using automatically driver download
16:04:01.478 [AsyncHttpClient-1-1] DEBUG org.asynchttpclient.netty.channel.DefaultChannelPool - Entry count for : http://localhost:56023 : 1
16:04:01.479 [AsyncHttpClient-1-1] DEBUG org.asynchttpclient.netty.channel.DefaultChannelPool - Adding Candidate expired Channel [id: 0x7d8f5a2d, L:/127.0.0.1:53408 ! R:localhost/127.0.0.1:56023] isIdleTimeoutExpired=false isRemotelyClosed=true isTtlExpired=false
16:04:01.481 [AsyncHttpClient-1-1] DEBUG org.asynchttpclient.netty.channel.DefaultChannelPool - Closing Idle Channel [id: 0x7d8f5a2d, L:/127.0.0.1:53408 ! R:localhost/127.0.0.1:56023]
16:04:01.482 [AsyncHttpClient-1-1] DEBUG org.asynchttpclient.netty.channel.DefaultChannelPool - Closed 1 connections out of 1 in 3 ms
16:04:01.628 [Test worker] DEBUG io.github.bonigarcia.wdm.cache.ResolutionCache - Resolution chrome=112 in cache (valid until 16:37:15 20/04/2023 COT)
16:04:01.629 [Test worker] DEBUG io.github.bonigarcia.wdm.cache.ResolutionCache - Resolution chrome112=112.0.5615.49 in cache (valid until 15:46:23 21/04/2023 COT)
16:04:01.629 [Test worker] INFO io.github.bonigarcia.wdm.WebDriverManager - Using chromedriver 112.0.5615.49 (resolved driver for Chrome 112)
16:04:01.639 [Test worker] DEBUG io.github.bonigarcia.wdm.WebDriverManager - Driver chromedriver 112.0.5615.49 found in cache
16:04:01.640 [Test worker] INFO io.github.bonigarcia.wdm.WebDriverManager - Exporting webdriver.chrome.driver as C:\Users\johan\.cache\selenium\chromedriver\win32\112.0.5615.49\chromedriver.exe
16:04:01.920 [Test worker] DEBUG net.serenitybdd.core.webdriver.driverproviders.ProvideNewDriver - Instantiating driver
16:04:01.920 [Test worker] DEBUG net.serenitybdd.core.webdriver.driverproviders.ProvideNewDriver - Driver capabilities: Capabilities {acceptInsecureCerts: false, autodownload: true, browserName: chrome, chrome.silentOutput: true, driver: chrome, goog:chromeOptions: {args: [--start-maximized --disable...], extensions: []}}
16:04:02.485 [AsyncHttpClient-1-5] DEBUG org.asynchttpclient.netty.channel.NettyConnectListener - Using new Channel '[id: 0xaa68652b, L:/127.0.0.1:53450 - R:localhost/127.0.0.1:54993]' for 'POST' to '/session'
16:04:03.567 [AsyncHttpClient-1-5] DEBUG org.asynchttpclient.netty.handler.HttpHandler - 

Request DefaultHttpRequest(decodeResult: success, version: HTTP/1.1)
POST /session HTTP/1.1
User-Agent: selenium/4.1.2 (java windows)
Content-Length: 776
Content-Type: application/json; charset=utf-8
host: localhost:54993
accept: */*

Response DefaultHttpResponse(decodeResult: success, version: HTTP/1.1)
HTTP/1.1 200 OK
Content-Type: application/json; charset=utf-8
cache-control: no-cache
content-length: 860

16:04:03.568 [AsyncHttpClient-1-5] DEBUG org.asynchttpclient.netty.channel.ChannelManager - Adding key: http://localhost:54993 for channel [id: 0xaa68652b, L:/127.0.0.1:53450 - R:localhost/127.0.0.1:54993]
16:04:03.591 [AsyncHttpClient-1-6] DEBUG org.asynchttpclient.netty.channel.NettyConnectListener - Using new Channel '[id: 0x29e95179, L:/127.0.0.1:53458 - R:localhost/127.0.0.1:53451]' for 'GET' to '/json/version'
16:04:03.595 [AsyncHttpClient-1-6] DEBUG org.asynchttpclient.netty.handler.HttpHandler - 

Request DefaultFullHttpRequest(decodeResult: success, version: HTTP/1.1, content: EmptyByteBufBE)
GET /json/version HTTP/1.1
User-Agent: selenium/4.1.2 (java windows)
host: localhost:53451
accept: */*

Response DefaultHttpResponse(decodeResult: success, version: HTTP/1.1)
HTTP/1.1 200 OK
Content-Security-Policy: frame-ancestors 'none'
Content-Type: application/json; charset=UTF-8
content-length: 424

16:04:03.595 [AsyncHttpClient-1-6] DEBUG org.asynchttpclient.netty.channel.ChannelManager - Adding key: http://localhost:53451 for channel [id: 0x29e95179, L:/127.0.0.1:53458 - R:localhost/127.0.0.1:53451]
16:04:03.608 [AsyncHttpClient-1-7] DEBUG org.asynchttpclient.netty.channel.NettyConnectListener - Using new Channel '[id: 0x18a24370, L:/127.0.0.1:53459 - R:localhost/127.0.0.1:53451]' for 'GET' to '/devtools/browser/3c40b8f2-9edb-415c-b990-8e4107955f42'
16:04:03.610 [AsyncHttpClient-1-7] DEBUG org.asynchttpclient.netty.handler.WebSocketHandler - 

Request DefaultFullHttpRequest(decodeResult: success, version: HTTP/1.1, content: EmptyByteBufBE)
GET /devtools/browser/3c40b8f2-9edb-415c-b990-8e4107955f42 HTTP/1.1
upgrade: websocket
connection: upgrade
sec-websocket-key: NEWRh4WkYP2WmkrJJF+BJQ==
sec-websocket-version: 13
origin: http://localhost:53451
host: localhost:53451
accept: */*
user-agent: AHC/2.1

Response DefaultHttpResponse(decodeResult: success, version: HTTP/1.1)
HTTP/1.1 101 WebSocket Protocol Handshake
Upgrade: WebSocket
Connection: Upgrade
Sec-WebSocket-Accept: VeMFmDmtScMGEtK7PRAEeaoyyek=

16:04:03.619 [Forwarding get on session f794bd4feb0e6c2e83b407b84a1df4a7 to remote] DEBUG org.asynchttpclient.netty.request.NettyRequestSender - Using pooled Channel '[id: 0xaa68652b, L:/127.0.0.1:53450 - R:localhost/127.0.0.1:54993]' for 'POST' to 'http://localhost:54993/session/f794bd4feb0e6c2e83b407b84a1df4a7/url'
16:04:03.619 [Forwarding get on session f794bd4feb0e6c2e83b407b84a1df4a7 to remote] DEBUG org.asynchttpclient.netty.request.NettyRequestSender - Using open Channel [id: 0xaa68652b, L:/127.0.0.1:53450 - R:localhost/127.0.0.1:54993] for POST '/session/f794bd4feb0e6c2e83b407b84a1df4a7/url'
16:04:03.670 [AsyncHttpClient-1-1] DEBUG org.asynchttpclient.netty.channel.DefaultChannelPool - Entry count for : http://localhost:53451 : 1
16:04:04.770 [AsyncHttpClient-1-1] DEBUG org.asynchttpclient.netty.channel.DefaultChannelPool - Entry count for : http://localhost:53451 : 1
16:04:05.872 [AsyncHttpClient-1-1] DEBUG org.asynchttpclient.netty.channel.DefaultChannelPool - Entry count for : http://localhost:53451 : 1
16:04:06.977 [AsyncHttpClient-1-1] DEBUG org.asynchttpclient.netty.channel.DefaultChannelPool - Entry count for : http://localhost:53451 : 1
16:04:07.577 [AsyncHttpClient-1-5] DEBUG org.asynchttpclient.netty.handler.HttpHandler - 

Request DefaultHttpRequest(decodeResult: success, version: HTTP/1.1)
POST /session/f794bd4feb0e6c2e83b407b84a1df4a7/url HTTP/1.1
User-Agent: selenium/4.1.2 (java windows)
Content-Length: 80
Content-Type: application/json; charset=utf-8
host: localhost:54993
accept: */*

Response DefaultHttpResponse(decodeResult: success, version: HTTP/1.1)
HTTP/1.1 200 OK
Content-Type: application/json; charset=utf-8
cache-control: no-cache
content-length: 14

16:04:07.577 [AsyncHttpClient-1-5] DEBUG org.asynchttpclient.netty.channel.ChannelManager - Adding key: http://localhost:54993 for channel [id: 0xaa68652b, L:/127.0.0.1:53450 - R:localhost/127.0.0.1:54993]
16:04:07.579 [Forwarding setTimeout on session f794bd4feb0e6c2e83b407b84a1df4a7 to remote] DEBUG org.asynchttpclient.netty.request.NettyRequestSender - Using pooled Channel '[id: 0xaa68652b, L:/127.0.0.1:53450 - R:localhost/127.0.0.1:54993]' for 'POST' to 'http://localhost:54993/session/f794bd4feb0e6c2e83b407b84a1df4a7/timeouts'
16:04:07.579 [Forwarding setTimeout on session f794bd4feb0e6c2e83b407b84a1df4a7 to remote] DEBUG org.asynchttpclient.netty.request.NettyRequestSender - Using open Channel [id: 0xaa68652b, L:/127.0.0.1:53450 - R:localhost/127.0.0.1:54993] for POST '/session/f794bd4feb0e6c2e83b407b84a1df4a7/timeouts'
16:04:07.581 [AsyncHttpClient-1-5] DEBUG org.asynchttpclient.netty.handler.HttpHandler - 

Request DefaultHttpRequest(decodeResult: success, version: HTTP/1.1)
POST /session/f794bd4feb0e6c2e83b407b84a1df4a7/timeouts HTTP/1.1
User-Agent: selenium/4.1.2 (java windows)
Content-Length: 22
Content-Type: application/json; charset=utf-8
host: localhost:54993
accept: */*

Response DefaultHttpResponse(decodeResult: success, version: HTTP/1.1)
HTTP/1.1 200 OK
Content-Type: application/json; charset=utf-8
cache-control: no-cache
content-length: 14

16:04:07.581 [AsyncHttpClient-1-5] DEBUG org.asynchttpclient.netty.channel.ChannelManager - Adding key: http://localhost:54993 for channel [id: 0xaa68652b, L:/127.0.0.1:53450 - R:localhost/127.0.0.1:54993]
16:04:07.602 [Forwarding getCurrentUrl on session f794bd4feb0e6c2e83b407b84a1df4a7 to remote] DEBUG org.asynchttpclient.netty.request.NettyRequestSender - Using pooled Channel '[id: 0xaa68652b, L:/127.0.0.1:53450 - R:localhost/127.0.0.1:54993]' for 'GET' to 'http://localhost:54993/session/f794bd4feb0e6c2e83b407b84a1df4a7/url'
16:04:07.602 [Forwarding getCurrentUrl on session f794bd4feb0e6c2e83b407b84a1df4a7 to remote] DEBUG org.asynchttpclient.netty.request.NettyRequestSender - Using open Channel [id: 0xaa68652b, L:/127.0.0.1:53450 - R:localhost/127.0.0.1:54993] for GET '/session/f794bd4feb0e6c2e83b407b84a1df4a7/url'
16:04:07.607 [AsyncHttpClient-1-5] DEBUG org.asynchttpclient.netty.handler.HttpHandler - 

Request DefaultFullHttpRequest(decodeResult: success, version: HTTP/1.1, content: EmptyByteBufBE)
GET /session/f794bd4feb0e6c2e83b407b84a1df4a7/url HTTP/1.1
User-Agent: selenium/4.1.2 (java windows)
Cache-Control: no-cache
Content-Type: application/json; charset=utf-8
host: localhost:54993
accept: */*

Response DefaultHttpResponse(decodeResult: success, version: HTTP/1.1)
HTTP/1.1 200 OK
Content-Type: application/json; charset=utf-8
cache-control: no-cache
content-length: 57

16:04:07.607 [AsyncHttpClient-1-5] DEBUG org.asynchttpclient.netty.channel.ChannelManager - Adding key: http://localhost:54993 for channel [id: 0xaa68652b, L:/127.0.0.1:53450 - R:localhost/127.0.0.1:54993]
16:04:07.626 [Forwarding getCurrentUrl on session f794bd4feb0e6c2e83b407b84a1df4a7 to remote] DEBUG org.asynchttpclient.netty.request.NettyRequestSender - Using pooled Channel '[id: 0xaa68652b, L:/127.0.0.1:53450 - R:localhost/127.0.0.1:54993]' for 'GET' to 'http://localhost:54993/session/f794bd4feb0e6c2e83b407b84a1df4a7/url'
16:04:07.626 [Forwarding getCurrentUrl on session f794bd4feb0e6c2e83b407b84a1df4a7 to remote] DEBUG org.asynchttpclient.netty.request.NettyRequestSender - Using open Channel [id: 0xaa68652b, L:/127.0.0.1:53450 - R:localhost/127.0.0.1:54993] for GET '/session/f794bd4feb0e6c2e83b407b84a1df4a7/url'
16:04:07.630 [AsyncHttpClient-1-5] DEBUG org.asynchttpclient.netty.handler.HttpHandler - 

Request DefaultFullHttpRequest(decodeResult: success, version: HTTP/1.1, content: EmptyByteBufBE)
GET /session/f794bd4feb0e6c2e83b407b84a1df4a7/url HTTP/1.1
User-Agent: selenium/4.1.2 (java windows)
Cache-Control: no-cache
Content-Type: application/json; charset=utf-8
host: localhost:54993
accept: */*

Response DefaultHttpResponse(decodeResult: success, version: HTTP/1.1)
HTTP/1.1 200 OK
Content-Type: application/json; charset=utf-8
cache-control: no-cache
content-length: 57

16:04:07.630 [AsyncHttpClient-1-5] DEBUG org.asynchttpclient.netty.channel.ChannelManager - Adding key: http://localhost:54993 for channel [id: 0xaa68652b, L:/127.0.0.1:53450 - R:localhost/127.0.0.1:54993]
16:04:07.646 [Forwarding screenshot on session f794bd4feb0e6c2e83b407b84a1df4a7 to remote] DEBUG org.asynchttpclient.netty.request.NettyRequestSender - Using pooled Channel '[id: 0xaa68652b, L:/127.0.0.1:53450 - R:localhost/127.0.0.1:54993]' for 'GET' to 'http://localhost:54993/session/f794bd4feb0e6c2e83b407b84a1df4a7/screenshot'
16:04:07.646 [Forwarding screenshot on session f794bd4feb0e6c2e83b407b84a1df4a7 to remote] DEBUG org.asynchttpclient.netty.request.NettyRequestSender - Using open Channel [id: 0xaa68652b, L:/127.0.0.1:53450 - R:localhost/127.0.0.1:54993] for GET '/session/f794bd4feb0e6c2e83b407b84a1df4a7/screenshot'
16:04:07.841 [AsyncHttpClient-1-5] DEBUG org.asynchttpclient.netty.handler.HttpHandler - 

Request DefaultFullHttpRequest(decodeResult: success, version: HTTP/1.1, content: EmptyByteBufBE)
GET /session/f794bd4feb0e6c2e83b407b84a1df4a7/screenshot HTTP/1.1
User-Agent: selenium/4.1.2 (java windows)
Cache-Control: no-cache
Content-Type: application/json; charset=utf-8
host: localhost:54993
accept: */*

Response DefaultHttpResponse(decodeResult: success, version: HTTP/1.1)
HTTP/1.1 200 OK
Content-Type: application/json; charset=utf-8
cache-control: no-cache
content-length: 379740

16:04:07.843 [AsyncHttpClient-1-5] DEBUG org.asynchttpclient.netty.channel.ChannelManager - Adding key: http://localhost:54993 for channel [id: 0xaa68652b, L:/127.0.0.1:53450 - R:localhost/127.0.0.1:54993]
16:04:07.854 [Test worker] DEBUG net.serenitybdd.core.photography.Darkroom - Send negative for processing for C:\Users\johan\OneDrive\Documentos\KONEX\Pruebas automatizadas\automatizacion_login_backoffice_1v\target\2906e0e514c90d11ffaf03067b12110de544ee879fa76ed63b517fad1e2e3380.png
16:04:07.962 [Test worker] DEBUG net.thucydides.core.steps.StepInterceptor - STEP DONE: {0} opens the #targetPage
16:04:07.984 [Forwarding screenshot on session f794bd4feb0e6c2e83b407b84a1df4a7 to remote] DEBUG org.asynchttpclient.netty.request.NettyRequestSender - Using pooled Channel '[id: 0xaa68652b, L:/127.0.0.1:53450 - R:localhost/127.0.0.1:54993]' for 'GET' to 'http://localhost:54993/session/f794bd4feb0e6c2e83b407b84a1df4a7/screenshot'
16:04:07.984 [Forwarding screenshot on session f794bd4feb0e6c2e83b407b84a1df4a7 to remote] DEBUG org.asynchttpclient.netty.request.NettyRequestSender - Using open Channel [id: 0xaa68652b, L:/127.0.0.1:53450 - R:localhost/127.0.0.1:54993] for GET '/session/f794bd4feb0e6c2e83b407b84a1df4a7/screenshot'
16:04:08.071 [AsyncHttpClient-1-1] DEBUG org.asynchttpclient.netty.channel.DefaultChannelPool - Entry count for : http://localhost:53451 : 1
16:04:08.204 [AsyncHttpClient-1-5] DEBUG org.asynchttpclient.netty.handler.HttpHandler - 

Request DefaultFullHttpRequest(decodeResult: success, version: HTTP/1.1, content: EmptyByteBufBE)
GET /session/f794bd4feb0e6c2e83b407b84a1df4a7/screenshot HTTP/1.1
User-Agent: selenium/4.1.2 (java windows)
Cache-Control: no-cache
Content-Type: application/json; charset=utf-8
host: localhost:54993
accept: */*

Response DefaultHttpResponse(decodeResult: success, version: HTTP/1.1)
HTTP/1.1 200 OK
Content-Type: application/json; charset=utf-8
cache-control: no-cache
content-length: 379740

16:04:08.206 [AsyncHttpClient-1-5] DEBUG org.asynchttpclient.netty.channel.ChannelManager - Adding key: http://localhost:54993 for channel [id: 0xaa68652b, L:/127.0.0.1:53450 - R:localhost/127.0.0.1:54993]
16:04:08.218 [Test worker] DEBUG net.serenitybdd.core.photography.Darkroom - Send negative for processing for C:\Users\johan\OneDrive\Documentos\KONEX\Pruebas automatizadas\automatizacion_login_backoffice_1v\target\2906e0e514c90d11ffaf03067b12110de544ee879fa76ed63b517fad1e2e3380.png
16:04:08.320 [Test worker] DEBUG net.thucydides.core.steps.StepInterceptor - STEP DONE: performAs
16:04:08.364 [Forwarding screenshot on session f794bd4feb0e6c2e83b407b84a1df4a7 to remote] DEBUG org.asynchttpclient.netty.request.NettyRequestSender - Using pooled Channel '[id: 0xaa68652b, L:/127.0.0.1:53450 - R:localhost/127.0.0.1:54993]' for 'GET' to 'http://localhost:54993/session/f794bd4feb0e6c2e83b407b84a1df4a7/screenshot'
16:04:08.364 [Forwarding screenshot on session f794bd4feb0e6c2e83b407b84a1df4a7 to remote] DEBUG org.asynchttpclient.netty.request.NettyRequestSender - Using open Channel [id: 0xaa68652b, L:/127.0.0.1:53450 - R:localhost/127.0.0.1:54993] for GET '/session/f794bd4feb0e6c2e83b407b84a1df4a7/screenshot'
16:04:08.556 [AsyncHttpClient-1-5] DEBUG org.asynchttpclient.netty.handler.HttpHandler - 

Request DefaultFullHttpRequest(decodeResult: success, version: HTTP/1.1, content: EmptyByteBufBE)
GET /session/f794bd4feb0e6c2e83b407b84a1df4a7/screenshot HTTP/1.1
User-Agent: selenium/4.1.2 (java windows)
Cache-Control: no-cache
Content-Type: application/json; charset=utf-8
host: localhost:54993
accept: */*

Response DefaultHttpResponse(decodeResult: success, version: HTTP/1.1)
HTTP/1.1 200 OK
Content-Type: application/json; charset=utf-8
cache-control: no-cache
content-length: 379772

16:04:08.557 [AsyncHttpClient-1-5] DEBUG org.asynchttpclient.netty.channel.ChannelManager - Adding key: http://localhost:54993 for channel [id: 0xaa68652b, L:/127.0.0.1:53450 - R:localhost/127.0.0.1:54993]
16:04:08.568 [Test worker] DEBUG net.serenitybdd.core.photography.Darkroom - Send negative for processing for C:\Users\johan\OneDrive\Documentos\KONEX\Pruebas automatizadas\automatizacion_login_backoffice_1v\target\827eba772fc8c0a7b9dfb33684fbbfab2dbf1f790c8339d229e180e243a6dda7.png
16:04:08.713 [Forwarding screenshot on session f794bd4feb0e6c2e83b407b84a1df4a7 to remote] DEBUG org.asynchttpclient.netty.request.NettyRequestSender - Using pooled Channel '[id: 0xaa68652b, L:/127.0.0.1:53450 - R:localhost/127.0.0.1:54993]' for 'GET' to 'http://localhost:54993/session/f794bd4feb0e6c2e83b407b84a1df4a7/screenshot'
16:04:08.713 [Forwarding screenshot on session f794bd4feb0e6c2e83b407b84a1df4a7 to remote] DEBUG org.asynchttpclient.netty.request.NettyRequestSender - Using open Channel [id: 0xaa68652b, L:/127.0.0.1:53450 - R:localhost/127.0.0.1:54993] for GET '/session/f794bd4feb0e6c2e83b407b84a1df4a7/screenshot'
16:04:08.985 [AsyncHttpClient-1-5] DEBUG org.asynchttpclient.netty.handler.HttpHandler - 

Request DefaultFullHttpRequest(decodeResult: success, version: HTTP/1.1, content: EmptyByteBufBE)
GET /session/f794bd4feb0e6c2e83b407b84a1df4a7/screenshot HTTP/1.1
User-Agent: selenium/4.1.2 (java windows)
Cache-Control: no-cache
Content-Type: application/json; charset=utf-8
host: localhost:54993
accept: */*

Response DefaultHttpResponse(decodeResult: success, version: HTTP/1.1)
HTTP/1.1 200 OK
Content-Type: application/json; charset=utf-8
cache-control: no-cache
content-length: 379740

16:04:08.986 [AsyncHttpClient-1-5] DEBUG org.asynchttpclient.netty.channel.ChannelManager - Adding key: http://localhost:54993 for channel [id: 0xaa68652b, L:/127.0.0.1:53450 - R:localhost/127.0.0.1:54993]
16:04:08.998 [Test worker] DEBUG net.serenitybdd.core.photography.Darkroom - Send negative for processing for C:\Users\johan\OneDrive\Documentos\KONEX\Pruebas automatizadas\automatizacion_login_backoffice_1v\target\2906e0e514c90d11ffaf03067b12110de544ee879fa76ed63b517fad1e2e3380.png
16:04:09.021 [Test worker] DEBUG net.thucydides.core.steps.StepInterceptor - STARTING STEP: MyStepdefinitions.digitaUsuarioYContrasennaDelUsuario - performAs
16:04:09.042 [Test worker] DEBUG net.thucydides.core.steps.StepInterceptor - STARTING STEP: IngresarBack.performAs - {0} enters #theTextAsAString into #target
16:04:09.051 [Test worker] DEBUG net.serenitybdd.screenplay.targets.IFrameSwitcher - default content already selected for Datos para campo de usuario
16:04:09.051 [Test worker] DEBUG net.serenitybdd.core.pages.WebElementFacadeImpl - Type '[Ljava.lang.CharSequence;@2913ca3e' : By.id: username
16:04:09.085 [Forwarding findElement on session f794bd4feb0e6c2e83b407b84a1df4a7 to remote] DEBUG org.asynchttpclient.netty.request.NettyRequestSender - Using pooled Channel '[id: 0xaa68652b, L:/127.0.0.1:53450 - R:localhost/127.0.0.1:54993]' for 'POST' to 'http://localhost:54993/session/f794bd4feb0e6c2e83b407b84a1df4a7/element'
16:04:09.085 [Forwarding findElement on session f794bd4feb0e6c2e83b407b84a1df4a7 to remote] DEBUG org.asynchttpclient.netty.request.NettyRequestSender - Using open Channel [id: 0xaa68652b, L:/127.0.0.1:53450 - R:localhost/127.0.0.1:54993] for POST '/session/f794bd4feb0e6c2e83b407b84a1df4a7/element'
16:04:09.095 [AsyncHttpClient-1-5] DEBUG org.asynchttpclient.netty.handler.HttpHandler - 

Request DefaultHttpRequest(decodeResult: success, version: HTTP/1.1)
POST /session/f794bd4feb0e6c2e83b407b84a1df4a7/element HTTP/1.1
User-Agent: selenium/4.1.2 (java windows)
Content-Length: 53
Content-Type: application/json; charset=utf-8
host: localhost:54993
accept: */*

Response DefaultHttpResponse(decodeResult: success, version: HTTP/1.1)
HTTP/1.1 200 OK
Content-Type: application/json; charset=utf-8
cache-control: no-cache
content-length: 88

16:04:09.095 [AsyncHttpClient-1-5] DEBUG org.asynchttpclient.netty.channel.ChannelManager - Adding key: http://localhost:54993 for channel [id: 0xaa68652b, L:/127.0.0.1:53450 - R:localhost/127.0.0.1:54993]
16:04:09.096 [Forwarding clearElement on session f794bd4feb0e6c2e83b407b84a1df4a7 to remote] DEBUG org.asynchttpclient.netty.request.NettyRequestSender - Using pooled Channel '[id: 0xaa68652b, L:/127.0.0.1:53450 - R:localhost/127.0.0.1:54993]' for 'POST' to 'http://localhost:54993/session/f794bd4feb0e6c2e83b407b84a1df4a7/element/ad785d59-3762-4e4d-9306-51313e7957cc/clear'
16:04:09.096 [Forwarding clearElement on session f794bd4feb0e6c2e83b407b84a1df4a7 to remote] DEBUG org.asynchttpclient.netty.request.NettyRequestSender - Using open Channel [id: 0xaa68652b, L:/127.0.0.1:53450 - R:localhost/127.0.0.1:54993] for POST '/session/f794bd4feb0e6c2e83b407b84a1df4a7/element/ad785d59-3762-4e4d-9306-51313e7957cc/clear'
16:04:09.124 [AsyncHttpClient-1-5] DEBUG org.asynchttpclient.netty.handler.HttpHandler - 

Request DefaultHttpRequest(decodeResult: success, version: HTTP/1.1)
POST /session/f794bd4feb0e6c2e83b407b84a1df4a7/element/ad785d59-3762-4e4d-9306-51313e7957cc/clear HTTP/1.1
User-Agent: selenium/4.1.2 (java windows)
Content-Length: 50
Content-Type: application/json; charset=utf-8
host: localhost:54993
accept: */*

Response DefaultHttpResponse(decodeResult: success, version: HTTP/1.1)
HTTP/1.1 200 OK
Content-Type: application/json; charset=utf-8
cache-control: no-cache
content-length: 14

16:04:09.124 [AsyncHttpClient-1-5] DEBUG org.asynchttpclient.netty.channel.ChannelManager - Adding key: http://localhost:54993 for channel [id: 0xaa68652b, L:/127.0.0.1:53450 - R:localhost/127.0.0.1:54993]
16:04:09.140 [Forwarding sendKeysToElement on session f794bd4feb0e6c2e83b407b84a1df4a7 to remote] DEBUG org.asynchttpclient.netty.request.NettyRequestSender - Using pooled Channel '[id: 0xaa68652b, L:/127.0.0.1:53450 - R:localhost/127.0.0.1:54993]' for 'POST' to 'http://localhost:54993/session/f794bd4feb0e6c2e83b407b84a1df4a7/element/ad785d59-3762-4e4d-9306-51313e7957cc/value'
16:04:09.140 [Forwarding sendKeysToElement on session f794bd4feb0e6c2e83b407b84a1df4a7 to remote] DEBUG org.asynchttpclient.netty.request.NettyRequestSender - Using open Channel [id: 0xaa68652b, L:/127.0.0.1:53450 - R:localhost/127.0.0.1:54993] for POST '/session/f794bd4feb0e6c2e83b407b84a1df4a7/element/ad785d59-3762-4e4d-9306-51313e7957cc/value'
16:04:09.170 [AsyncHttpClient-1-5] DEBUG org.asynchttpclient.netty.handler.HttpHandler - 

Request DefaultHttpRequest(decodeResult: success, version: HTTP/1.1)
POST /session/f794bd4feb0e6c2e83b407b84a1df4a7/element/ad785d59-3762-4e4d-9306-51313e7957cc/value HTTP/1.1
User-Agent: selenium/4.1.2 (java windows)
Content-Length: 161
Content-Type: application/json; charset=utf-8
host: localhost:54993
accept: */*

Response DefaultHttpResponse(decodeResult: success, version: HTTP/1.1)
HTTP/1.1 200 OK
Content-Type: application/json; charset=utf-8
cache-control: no-cache
content-length: 14

16:04:09.170 [AsyncHttpClient-1-1] DEBUG org.asynchttpclient.netty.channel.DefaultChannelPool - Entry count for : http://localhost:53451 : 1
16:04:09.170 [AsyncHttpClient-1-5] DEBUG org.asynchttpclient.netty.channel.ChannelManager - Adding key: http://localhost:54993 for channel [id: 0xaa68652b, L:/127.0.0.1:53450 - R:localhost/127.0.0.1:54993]
16:04:09.184 [Forwarding screenshot on session f794bd4feb0e6c2e83b407b84a1df4a7 to remote] DEBUG org.asynchttpclient.netty.request.NettyRequestSender - Using pooled Channel '[id: 0xaa68652b, L:/127.0.0.1:53450 - R:localhost/127.0.0.1:54993]' for 'GET' to 'http://localhost:54993/session/f794bd4feb0e6c2e83b407b84a1df4a7/screenshot'
16:04:09.184 [Forwarding screenshot on session f794bd4feb0e6c2e83b407b84a1df4a7 to remote] DEBUG org.asynchttpclient.netty.request.NettyRequestSender - Using open Channel [id: 0xaa68652b, L:/127.0.0.1:53450 - R:localhost/127.0.0.1:54993] for GET '/session/f794bd4feb0e6c2e83b407b84a1df4a7/screenshot'
16:04:09.403 [AsyncHttpClient-1-5] DEBUG org.asynchttpclient.netty.handler.HttpHandler - 

Request DefaultFullHttpRequest(decodeResult: success, version: HTTP/1.1, content: EmptyByteBufBE)
GET /session/f794bd4feb0e6c2e83b407b84a1df4a7/screenshot HTTP/1.1
User-Agent: selenium/4.1.2 (java windows)
Cache-Control: no-cache
Content-Type: application/json; charset=utf-8
host: localhost:54993
accept: */*

Response DefaultHttpResponse(decodeResult: success, version: HTTP/1.1)
HTTP/1.1 200 OK
Content-Type: application/json; charset=utf-8
cache-control: no-cache
content-length: 377968

16:04:09.404 [AsyncHttpClient-1-5] DEBUG org.asynchttpclient.netty.channel.ChannelManager - Adding key: http://localhost:54993 for channel [id: 0xaa68652b, L:/127.0.0.1:53450 - R:localhost/127.0.0.1:54993]
16:04:09.417 [Test worker] DEBUG net.serenitybdd.core.photography.Darkroom - Send negative for processing for C:\Users\johan\OneDrive\Documentos\KONEX\Pruebas automatizadas\automatizacion_login_backoffice_1v\target\2905d66b9e30ffb13942f5fea1a95d5f85da8755d6ea48163c0b463bd6018cea.png
16:04:09.546 [Test worker] DEBUG net.thucydides.core.steps.StepInterceptor - STEP DONE: {0} enters #theTextAsAString into #target
16:04:09.564 [Forwarding screenshot on session f794bd4feb0e6c2e83b407b84a1df4a7 to remote] DEBUG org.asynchttpclient.netty.request.NettyRequestSender - Using pooled Channel '[id: 0xaa68652b, L:/127.0.0.1:53450 - R:localhost/127.0.0.1:54993]' for 'GET' to 'http://localhost:54993/session/f794bd4feb0e6c2e83b407b84a1df4a7/screenshot'
16:04:09.564 [Forwarding screenshot on session f794bd4feb0e6c2e83b407b84a1df4a7 to remote] DEBUG org.asynchttpclient.netty.request.NettyRequestSender - Using open Channel [id: 0xaa68652b, L:/127.0.0.1:53450 - R:localhost/127.0.0.1:54993] for GET '/session/f794bd4feb0e6c2e83b407b84a1df4a7/screenshot'
16:04:09.763 [AsyncHttpClient-1-5] DEBUG org.asynchttpclient.netty.handler.HttpHandler - 

Request DefaultFullHttpRequest(decodeResult: success, version: HTTP/1.1, content: EmptyByteBufBE)
GET /session/f794bd4feb0e6c2e83b407b84a1df4a7/screenshot HTTP/1.1
User-Agent: selenium/4.1.2 (java windows)
Cache-Control: no-cache
Content-Type: application/json; charset=utf-8
host: localhost:54993
accept: */*

Response DefaultHttpResponse(decodeResult: success, version: HTTP/1.1)
HTTP/1.1 200 OK
Content-Type: application/json; charset=utf-8
cache-control: no-cache
content-length: 377968

16:04:09.764 [AsyncHttpClient-1-5] DEBUG org.asynchttpclient.netty.channel.ChannelManager - Adding key: http://localhost:54993 for channel [id: 0xaa68652b, L:/127.0.0.1:53450 - R:localhost/127.0.0.1:54993]
16:04:09.776 [Test worker] DEBUG net.serenitybdd.core.photography.Darkroom - Send negative for processing for C:\Users\johan\OneDrive\Documentos\KONEX\Pruebas automatizadas\automatizacion_login_backoffice_1v\target\2905d66b9e30ffb13942f5fea1a95d5f85da8755d6ea48163c0b463bd6018cea.png
16:04:09.776 [Test worker] DEBUG net.thucydides.core.steps.StepInterceptor - STARTING STEP: IngresarBack.performAs - {0} enters #theTextAsAString into #target
16:04:09.786 [Test worker] DEBUG net.serenitybdd.screenplay.targets.IFrameSwitcher - default content already selected for Datos para campo contrasenna
16:04:09.786 [Test worker] DEBUG net.serenitybdd.core.pages.WebElementFacadeImpl - Type '[Ljava.lang.CharSequence;@601d295' : By.id: clave
16:04:09.820 [Forwarding findElement on session f794bd4feb0e6c2e83b407b84a1df4a7 to remote] DEBUG org.asynchttpclient.netty.request.NettyRequestSender - Using pooled Channel '[id: 0xaa68652b, L:/127.0.0.1:53450 - R:localhost/127.0.0.1:54993]' for 'POST' to 'http://localhost:54993/session/f794bd4feb0e6c2e83b407b84a1df4a7/element'
16:04:09.820 [Forwarding findElement on session f794bd4feb0e6c2e83b407b84a1df4a7 to remote] DEBUG org.asynchttpclient.netty.request.NettyRequestSender - Using open Channel [id: 0xaa68652b, L:/127.0.0.1:53450 - R:localhost/127.0.0.1:54993] for POST '/session/f794bd4feb0e6c2e83b407b84a1df4a7/element'
16:04:09.830 [AsyncHttpClient-1-5] DEBUG org.asynchttpclient.netty.handler.HttpHandler - 

Request DefaultHttpRequest(decodeResult: success, version: HTTP/1.1)
POST /session/f794bd4feb0e6c2e83b407b84a1df4a7/element HTTP/1.1
User-Agent: selenium/4.1.2 (java windows)
Content-Length: 50
Content-Type: application/json; charset=utf-8
host: localhost:54993
accept: */*

Response DefaultHttpResponse(decodeResult: success, version: HTTP/1.1)
HTTP/1.1 200 OK
Content-Type: application/json; charset=utf-8
cache-control: no-cache
content-length: 88

16:04:09.830 [AsyncHttpClient-1-5] DEBUG org.asynchttpclient.netty.channel.ChannelManager - Adding key: http://localhost:54993 for channel [id: 0xaa68652b, L:/127.0.0.1:53450 - R:localhost/127.0.0.1:54993]
16:04:09.832 [Forwarding clearElement on session f794bd4feb0e6c2e83b407b84a1df4a7 to remote] DEBUG org.asynchttpclient.netty.request.NettyRequestSender - Using pooled Channel '[id: 0xaa68652b, L:/127.0.0.1:53450 - R:localhost/127.0.0.1:54993]' for 'POST' to 'http://localhost:54993/session/f794bd4feb0e6c2e83b407b84a1df4a7/element/91734cc6-1e0a-4cf3-9eb5-60df30b1cf06/clear'
16:04:09.832 [Forwarding clearElement on session f794bd4feb0e6c2e83b407b84a1df4a7 to remote] DEBUG org.asynchttpclient.netty.request.NettyRequestSender - Using open Channel [id: 0xaa68652b, L:/127.0.0.1:53450 - R:localhost/127.0.0.1:54993] for POST '/session/f794bd4feb0e6c2e83b407b84a1df4a7/element/91734cc6-1e0a-4cf3-9eb5-60df30b1cf06/clear'
16:04:09.861 [AsyncHttpClient-1-5] DEBUG org.asynchttpclient.netty.handler.HttpHandler - 

Request DefaultHttpRequest(decodeResult: success, version: HTTP/1.1)
POST /session/f794bd4feb0e6c2e83b407b84a1df4a7/element/91734cc6-1e0a-4cf3-9eb5-60df30b1cf06/clear HTTP/1.1
User-Agent: selenium/4.1.2 (java windows)
Content-Length: 50
Content-Type: application/json; charset=utf-8
host: localhost:54993
accept: */*

Response DefaultHttpResponse(decodeResult: success, version: HTTP/1.1)
HTTP/1.1 200 OK
Content-Type: application/json; charset=utf-8
cache-control: no-cache
content-length: 14

16:04:09.862 [AsyncHttpClient-1-5] DEBUG org.asynchttpclient.netty.channel.ChannelManager - Adding key: http://localhost:54993 for channel [id: 0xaa68652b, L:/127.0.0.1:53450 - R:localhost/127.0.0.1:54993]
16:04:09.875 [Forwarding sendKeysToElement on session f794bd4feb0e6c2e83b407b84a1df4a7 to remote] DEBUG org.asynchttpclient.netty.request.NettyRequestSender - Using pooled Channel '[id: 0xaa68652b, L:/127.0.0.1:53450 - R:localhost/127.0.0.1:54993]' for 'POST' to 'http://localhost:54993/session/f794bd4feb0e6c2e83b407b84a1df4a7/element/91734cc6-1e0a-4cf3-9eb5-60df30b1cf06/value'
16:04:09.875 [Forwarding sendKeysToElement on session f794bd4feb0e6c2e83b407b84a1df4a7 to remote] DEBUG org.asynchttpclient.netty.request.NettyRequestSender - Using open Channel [id: 0xaa68652b, L:/127.0.0.1:53450 - R:localhost/127.0.0.1:54993] for POST '/session/f794bd4feb0e6c2e83b407b84a1df4a7/element/91734cc6-1e0a-4cf3-9eb5-60df30b1cf06/value'
16:04:09.934 [AsyncHttpClient-1-5] DEBUG org.asynchttpclient.netty.handler.HttpHandler - 

Request DefaultHttpRequest(decodeResult: success, version: HTTP/1.1)
POST /session/f794bd4feb0e6c2e83b407b84a1df4a7/element/91734cc6-1e0a-4cf3-9eb5-60df30b1cf06/value HTTP/1.1
User-Agent: selenium/4.1.2 (java windows)
Content-Length: 211
Content-Type: application/json; charset=utf-8
host: localhost:54993
accept: */*

Response DefaultHttpResponse(decodeResult: success, version: HTTP/1.1)
HTTP/1.1 200 OK
Content-Type: application/json; charset=utf-8
cache-control: no-cache
content-length: 14

16:04:09.934 [AsyncHttpClient-1-5] DEBUG org.asynchttpclient.netty.channel.ChannelManager - Adding key: http://localhost:54993 for channel [id: 0xaa68652b, L:/127.0.0.1:53450 - R:localhost/127.0.0.1:54993]
16:04:09.951 [Forwarding screenshot on session f794bd4feb0e6c2e83b407b84a1df4a7 to remote] DEBUG org.asynchttpclient.netty.request.NettyRequestSender - Using pooled Channel '[id: 0xaa68652b, L:/127.0.0.1:53450 - R:localhost/127.0.0.1:54993]' for 'GET' to 'http://localhost:54993/session/f794bd4feb0e6c2e83b407b84a1df4a7/screenshot'
16:04:09.952 [Forwarding screenshot on session f794bd4feb0e6c2e83b407b84a1df4a7 to remote] DEBUG org.asynchttpclient.netty.request.NettyRequestSender - Using open Channel [id: 0xaa68652b, L:/127.0.0.1:53450 - R:localhost/127.0.0.1:54993] for GET '/session/f794bd4feb0e6c2e83b407b84a1df4a7/screenshot'
16:04:10.270 [AsyncHttpClient-1-1] DEBUG org.asynchttpclient.netty.channel.DefaultChannelPool - Entry count for : http://localhost:53451 : 1
16:04:10.382 [AsyncHttpClient-1-5] DEBUG org.asynchttpclient.netty.handler.HttpHandler - 

Request DefaultFullHttpRequest(decodeResult: success, version: HTTP/1.1, content: EmptyByteBufBE)
GET /session/f794bd4feb0e6c2e83b407b84a1df4a7/screenshot HTTP/1.1
User-Agent: selenium/4.1.2 (java windows)
Cache-Control: no-cache
Content-Type: application/json; charset=utf-8
host: localhost:54993
accept: */*

Response DefaultHttpResponse(decodeResult: success, version: HTTP/1.1)
HTTP/1.1 200 OK
Content-Type: application/json; charset=utf-8
cache-control: no-cache
content-length: 375764

16:04:10.384 [AsyncHttpClient-1-5] DEBUG org.asynchttpclient.netty.channel.ChannelManager - Adding key: http://localhost:54993 for channel [id: 0xaa68652b, L:/127.0.0.1:53450 - R:localhost/127.0.0.1:54993]
16:04:10.412 [Test worker] DEBUG net.serenitybdd.core.photography.Darkroom - Send negative for processing for C:\Users\johan\OneDrive\Documentos\KONEX\Pruebas automatizadas\automatizacion_login_backoffice_1v\target\82545303172ec662d67636c7b6b8ee996814779f9d6f8bd3a496bd9458605ac5.png
16:04:10.471 [Forwarding screenshot on session f794bd4feb0e6c2e83b407b84a1df4a7 to remote] DEBUG org.asynchttpclient.netty.request.NettyRequestSender - Using pooled Channel '[id: 0xaa68652b, L:/127.0.0.1:53450 - R:localhost/127.0.0.1:54993]' for 'GET' to 'http://localhost:54993/session/f794bd4feb0e6c2e83b407b84a1df4a7/screenshot'
16:04:10.471 [Forwarding screenshot on session f794bd4feb0e6c2e83b407b84a1df4a7 to remote] DEBUG org.asynchttpclient.netty.request.NettyRequestSender - Using open Channel [id: 0xaa68652b, L:/127.0.0.1:53450 - R:localhost/127.0.0.1:54993] for GET '/session/f794bd4feb0e6c2e83b407b84a1df4a7/screenshot'
16:04:10.878 [AsyncHttpClient-1-5] DEBUG org.asynchttpclient.netty.handler.HttpHandler - 

Request DefaultFullHttpRequest(decodeResult: success, version: HTTP/1.1, content: EmptyByteBufBE)
GET /session/f794bd4feb0e6c2e83b407b84a1df4a7/screenshot HTTP/1.1
User-Agent: selenium/4.1.2 (java windows)
Cache-Control: no-cache
Content-Type: application/json; charset=utf-8
host: localhost:54993
accept: */*

Response DefaultHttpResponse(decodeResult: success, version: HTTP/1.1)
HTTP/1.1 200 OK
Content-Type: application/json; charset=utf-8
cache-control: no-cache
content-length: 375712

16:04:10.881 [AsyncHttpClient-1-5] DEBUG org.asynchttpclient.netty.channel.ChannelManager - Adding key: http://localhost:54993 for channel [id: 0xaa68652b, L:/127.0.0.1:53450 - R:localhost/127.0.0.1:54993]
16:04:10.919 [Test worker] DEBUG net.serenitybdd.core.photography.Darkroom - Send negative for processing for C:\Users\johan\OneDrive\Documentos\KONEX\Pruebas automatizadas\automatizacion_login_backoffice_1v\target\9208d94f02107595102d184f7f04725f12a9d18e33879a6d4028a934f6528f91.png
16:04:11.024 [Test worker] DEBUG net.thucydides.core.steps.StepInterceptor - STEP DONE: {0} enters #theTextAsAString into #target
16:04:11.064 [Forwarding screenshot on session f794bd4feb0e6c2e83b407b84a1df4a7 to remote] DEBUG org.asynchttpclient.netty.request.NettyRequestSender - Using pooled Channel '[id: 0xaa68652b, L:/127.0.0.1:53450 - R:localhost/127.0.0.1:54993]' for 'GET' to 'http://localhost:54993/session/f794bd4feb0e6c2e83b407b84a1df4a7/screenshot'
16:04:11.064 [Forwarding screenshot on session f794bd4feb0e6c2e83b407b84a1df4a7 to remote] DEBUG org.asynchttpclient.netty.request.NettyRequestSender - Using open Channel [id: 0xaa68652b, L:/127.0.0.1:53450 - R:localhost/127.0.0.1:54993] for GET '/session/f794bd4feb0e6c2e83b407b84a1df4a7/screenshot'
16:04:11.370 [AsyncHttpClient-1-1] DEBUG org.asynchttpclient.netty.channel.DefaultChannelPool - Entry count for : http://localhost:53451 : 1
16:04:11.469 [AsyncHttpClient-1-5] DEBUG org.asynchttpclient.netty.handler.HttpHandler - 

Request DefaultFullHttpRequest(decodeResult: success, version: HTTP/1.1, content: EmptyByteBufBE)
GET /session/f794bd4feb0e6c2e83b407b84a1df4a7/screenshot HTTP/1.1
User-Agent: selenium/4.1.2 (java windows)
Cache-Control: no-cache
Content-Type: application/json; charset=utf-8
host: localhost:54993
accept: */*

Response DefaultHttpResponse(decodeResult: success, version: HTTP/1.1)
HTTP/1.1 200 OK
Content-Type: application/json; charset=utf-8
cache-control: no-cache
content-length: 375764

16:04:11.471 [AsyncHttpClient-1-5] DEBUG org.asynchttpclient.netty.channel.ChannelManager - Adding key: http://localhost:54993 for channel [id: 0xaa68652b, L:/127.0.0.1:53450 - R:localhost/127.0.0.1:54993]
16:04:11.498 [Test worker] DEBUG net.serenitybdd.core.photography.Darkroom - Send negative for processing for C:\Users\johan\OneDrive\Documentos\KONEX\Pruebas automatizadas\automatizacion_login_backoffice_1v\target\82545303172ec662d67636c7b6b8ee996814779f9d6f8bd3a496bd9458605ac5.png
16:04:11.499 [Test worker] DEBUG net.thucydides.core.steps.StepInterceptor - STARTING STEP: IngresarBack.performAs - {0} clicks on #target
16:04:11.500 [Test worker] DEBUG net.serenitybdd.screenplay.targets.IFrameSwitcher - default content already selected for Boton iniciar sesion
16:04:11.684 [Forwarding findElement on session f794bd4feb0e6c2e83b407b84a1df4a7 to remote] DEBUG org.asynchttpclient.netty.request.NettyRequestSender - Using pooled Channel '[id: 0xaa68652b, L:/127.0.0.1:53450 - R:localhost/127.0.0.1:54993]' for 'POST' to 'http://localhost:54993/session/f794bd4feb0e6c2e83b407b84a1df4a7/element'
16:04:11.684 [Forwarding findElement on session f794bd4feb0e6c2e83b407b84a1df4a7 to remote] DEBUG org.asynchttpclient.netty.request.NettyRequestSender - Using open Channel [id: 0xaa68652b, L:/127.0.0.1:53450 - R:localhost/127.0.0.1:54993] for POST '/session/f794bd4feb0e6c2e83b407b84a1df4a7/element'
16:04:11.715 [AsyncHttpClient-1-5] DEBUG org.asynchttpclient.netty.handler.HttpHandler - 

Request DefaultHttpRequest(decodeResult: success, version: HTTP/1.1)
POST /session/f794bd4feb0e6c2e83b407b84a1df4a7/element HTTP/1.1
User-Agent: selenium/4.1.2 (java windows)
Content-Length: 89
Content-Type: application/json; charset=utf-8
host: localhost:54993
accept: */*

Response DefaultHttpResponse(decodeResult: success, version: HTTP/1.1)
HTTP/1.1 200 OK
Content-Type: application/json; charset=utf-8
cache-control: no-cache
content-length: 88

16:04:11.715 [AsyncHttpClient-1-5] DEBUG org.asynchttpclient.netty.channel.ChannelManager - Adding key: http://localhost:54993 for channel [id: 0xaa68652b, L:/127.0.0.1:53450 - R:localhost/127.0.0.1:54993]
16:04:11.760 [Forwarding isElementDisplayed on session f794bd4feb0e6c2e83b407b84a1df4a7 to remote] DEBUG org.asynchttpclient.netty.request.NettyRequestSender - Using pooled Channel '[id: 0xaa68652b, L:/127.0.0.1:53450 - R:localhost/127.0.0.1:54993]' for 'POST' to 'http://localhost:54993/session/f794bd4feb0e6c2e83b407b84a1df4a7/execute/sync'
16:04:11.760 [Forwarding isElementDisplayed on session f794bd4feb0e6c2e83b407b84a1df4a7 to remote] DEBUG org.asynchttpclient.netty.request.NettyRequestSender - Using open Channel [id: 0xaa68652b, L:/127.0.0.1:53450 - R:localhost/127.0.0.1:54993] for POST '/session/f794bd4feb0e6c2e83b407b84a1df4a7/execute/sync'
16:04:11.790 [AsyncHttpClient-1-5] DEBUG org.asynchttpclient.netty.handler.HttpHandler - 

Request DefaultHttpRequest(decodeResult: success, version: HTTP/1.1)
POST /session/f794bd4feb0e6c2e83b407b84a1df4a7/execute/sync HTTP/1.1
User-Agent: selenium/4.1.2 (java windows)
Content-Length: 48780
Content-Type: application/json; charset=utf-8
host: localhost:54993
accept: */*

Response DefaultHttpResponse(decodeResult: success, version: HTTP/1.1)
HTTP/1.1 200 OK
Content-Type: application/json; charset=utf-8
cache-control: no-cache
content-length: 14

16:04:11.791 [AsyncHttpClient-1-5] DEBUG org.asynchttpclient.netty.channel.ChannelManager - Adding key: http://localhost:54993 for channel [id: 0xaa68652b, L:/127.0.0.1:53450 - R:localhost/127.0.0.1:54993]
16:04:11.792 [Test worker] DEBUG net.serenitybdd.core.pages.WebElementFacadeImpl - click : By.xpath: //span[contains(text(),'INICIAR SESIÓN')]
16:04:11.844 [Forwarding findElement on session f794bd4feb0e6c2e83b407b84a1df4a7 to remote] DEBUG org.asynchttpclient.netty.request.NettyRequestSender - Using pooled Channel '[id: 0xaa68652b, L:/127.0.0.1:53450 - R:localhost/127.0.0.1:54993]' for 'POST' to 'http://localhost:54993/session/f794bd4feb0e6c2e83b407b84a1df4a7/element'
16:04:11.845 [Forwarding findElement on session f794bd4feb0e6c2e83b407b84a1df4a7 to remote] DEBUG org.asynchttpclient.netty.request.NettyRequestSender - Using open Channel [id: 0xaa68652b, L:/127.0.0.1:53450 - R:localhost/127.0.0.1:54993] for POST '/session/f794bd4feb0e6c2e83b407b84a1df4a7/element'
16:04:11.860 [AsyncHttpClient-1-5] DEBUG org.asynchttpclient.netty.handler.HttpHandler - 

Request DefaultHttpRequest(decodeResult: success, version: HTTP/1.1)
POST /session/f794bd4feb0e6c2e83b407b84a1df4a7/element HTTP/1.1
User-Agent: selenium/4.1.2 (java windows)
Content-Length: 89
Content-Type: application/json; charset=utf-8
host: localhost:54993
accept: */*

Response DefaultHttpResponse(decodeResult: success, version: HTTP/1.1)
HTTP/1.1 200 OK
Content-Type: application/json; charset=utf-8
cache-control: no-cache
content-length: 88

16:04:11.860 [AsyncHttpClient-1-5] DEBUG org.asynchttpclient.netty.channel.ChannelManager - Adding key: http://localhost:54993 for channel [id: 0xaa68652b, L:/127.0.0.1:53450 - R:localhost/127.0.0.1:54993]
16:04:11.863 [Forwarding clickElement on session f794bd4feb0e6c2e83b407b84a1df4a7 to remote] DEBUG org.asynchttpclient.netty.request.NettyRequestSender - Using pooled Channel '[id: 0xaa68652b, L:/127.0.0.1:53450 - R:localhost/127.0.0.1:54993]' for 'POST' to 'http://localhost:54993/session/f794bd4feb0e6c2e83b407b84a1df4a7/element/de796569-e7b3-46eb-b43b-4933b6b83b74/click'
16:04:11.864 [Forwarding clickElement on session f794bd4feb0e6c2e83b407b84a1df4a7 to remote] DEBUG org.asynchttpclient.netty.request.NettyRequestSender - Using open Channel [id: 0xaa68652b, L:/127.0.0.1:53450 - R:localhost/127.0.0.1:54993] for POST '/session/f794bd4feb0e6c2e83b407b84a1df4a7/element/de796569-e7b3-46eb-b43b-4933b6b83b74/click'
16:04:11.944 [AsyncHttpClient-1-5] DEBUG org.asynchttpclient.netty.handler.HttpHandler - 

Request DefaultHttpRequest(decodeResult: success, version: HTTP/1.1)
POST /session/f794bd4feb0e6c2e83b407b84a1df4a7/element/de796569-e7b3-46eb-b43b-4933b6b83b74/click HTTP/1.1
User-Agent: selenium/4.1.2 (java windows)
Content-Length: 50
Content-Type: application/json; charset=utf-8
host: localhost:54993
accept: */*

Response DefaultHttpResponse(decodeResult: success, version: HTTP/1.1)
HTTP/1.1 200 OK
Content-Type: application/json; charset=utf-8
cache-control: no-cache
content-length: 14

16:04:11.945 [AsyncHttpClient-1-5] DEBUG org.asynchttpclient.netty.channel.ChannelManager - Adding key: http://localhost:54993 for channel [id: 0xaa68652b, L:/127.0.0.1:53450 - R:localhost/127.0.0.1:54993]
16:04:12.000 [Forwarding screenshot on session f794bd4feb0e6c2e83b407b84a1df4a7 to remote] DEBUG org.asynchttpclient.netty.request.NettyRequestSender - Using pooled Channel '[id: 0xaa68652b, L:/127.0.0.1:53450 - R:localhost/127.0.0.1:54993]' for 'GET' to 'http://localhost:54993/session/f794bd4feb0e6c2e83b407b84a1df4a7/screenshot'
16:04:12.000 [Forwarding screenshot on session f794bd4feb0e6c2e83b407b84a1df4a7 to remote] DEBUG org.asynchttpclient.netty.request.NettyRequestSender - Using open Channel [id: 0xaa68652b, L:/127.0.0.1:53450 - R:localhost/127.0.0.1:54993] for GET '/session/f794bd4feb0e6c2e83b407b84a1df4a7/screenshot'
16:04:12.427 [AsyncHttpClient-1-5] DEBUG org.asynchttpclient.netty.handler.HttpHandler - 

Request DefaultFullHttpRequest(decodeResult: success, version: HTTP/1.1, content: EmptyByteBufBE)
GET /session/f794bd4feb0e6c2e83b407b84a1df4a7/screenshot HTTP/1.1
User-Agent: selenium/4.1.2 (java windows)
Cache-Control: no-cache
Content-Type: application/json; charset=utf-8
host: localhost:54993
accept: */*

Response DefaultHttpResponse(decodeResult: success, version: HTTP/1.1)
HTTP/1.1 200 OK
Content-Type: application/json; charset=utf-8
cache-control: no-cache
content-length: 355420

16:04:12.429 [AsyncHttpClient-1-5] DEBUG org.asynchttpclient.netty.channel.ChannelManager - Adding key: http://localhost:54993 for channel [id: 0xaa68652b, L:/127.0.0.1:53450 - R:localhost/127.0.0.1:54993]
16:04:12.455 [Test worker] DEBUG net.serenitybdd.core.photography.Darkroom - Send negative for processing for C:\Users\johan\OneDrive\Documentos\KONEX\Pruebas automatizadas\automatizacion_login_backoffice_1v\target\47c371c73b0fdf2c3359138df5b243ea47714badeef1729c80f2cb4283d99adf.png
16:04:12.456 [Darkroom Processing Line] DEBUG net.serenitybdd.core.photography.DarkroomProcessingLine - Processing screenshot image in /var/screenshots/screenshot-1236751728774349741
16:04:12.456 [Darkroom Processing Line] DEBUG net.serenitybdd.core.photography.DarkroomProcessingLine - Saving screenshot to C:\Users\johan\OneDrive\Documentos\KONEX\Pruebas automatizadas\automatizacion_login_backoffice_1v\target\47c371c73b0fdf2c3359138df5b243ea47714badeef1729c80f2cb4283d99adf.png
16:04:12.476 [AsyncHttpClient-1-1] DEBUG org.asynchttpclient.netty.channel.DefaultChannelPool - Entry count for : http://localhost:53451 : 1
16:04:12.476 [AsyncHttpClient-1-1] DEBUG org.asynchttpclient.netty.channel.DefaultChannelPool - Entry count for : http://localhost:54993 : 1
16:04:12.603 [Test worker] DEBUG net.thucydides.core.steps.StepInterceptor - STEP DONE: {0} clicks on #target
16:04:12.651 [Forwarding screenshot on session f794bd4feb0e6c2e83b407b84a1df4a7 to remote] DEBUG org.asynchttpclient.netty.request.NettyRequestSender - Using pooled Channel '[id: 0xaa68652b, L:/127.0.0.1:53450 - R:localhost/127.0.0.1:54993]' for 'GET' to 'http://localhost:54993/session/f794bd4feb0e6c2e83b407b84a1df4a7/screenshot'
16:04:12.652 [Forwarding screenshot on session f794bd4feb0e6c2e83b407b84a1df4a7 to remote] DEBUG org.asynchttpclient.netty.request.NettyRequestSender - Using open Channel [id: 0xaa68652b, L:/127.0.0.1:53450 - R:localhost/127.0.0.1:54993] for GET '/session/f794bd4feb0e6c2e83b407b84a1df4a7/screenshot'
16:04:13.023 [AsyncHttpClient-1-5] DEBUG org.asynchttpclient.netty.handler.HttpHandler - 

Request DefaultFullHttpRequest(decodeResult: success, version: HTTP/1.1, content: EmptyByteBufBE)
GET /session/f794bd4feb0e6c2e83b407b84a1df4a7/screenshot HTTP/1.1
User-Agent: selenium/4.1.2 (java windows)
Cache-Control: no-cache
Content-Type: application/json; charset=utf-8
host: localhost:54993
accept: */*

Response DefaultHttpResponse(decodeResult: success, version: HTTP/1.1)
HTTP/1.1 200 OK
Content-Type: application/json; charset=utf-8
cache-control: no-cache
content-length: 355336

16:04:13.024 [AsyncHttpClient-1-5] DEBUG org.asynchttpclient.netty.channel.ChannelManager - Adding key: http://localhost:54993 for channel [id: 0xaa68652b, L:/127.0.0.1:53450 - R:localhost/127.0.0.1:54993]
16:04:13.035 [Test worker] DEBUG net.serenitybdd.core.photography.Darkroom - Send negative for processing for C:\Users\johan\OneDrive\Documentos\KONEX\Pruebas automatizadas\automatizacion_login_backoffice_1v\target\8a729f2da9e9ca79d706a5c922dfbad846c7cb299df5ac744e8ee7b0bb1ae34e.png
16:04:13.036 [Darkroom Processing Line] DEBUG net.serenitybdd.core.photography.DarkroomProcessingLine - Processing screenshot image in /var/screenshots/screenshot-1378465545063819317
16:04:13.036 [Darkroom Processing Line] DEBUG net.serenitybdd.core.photography.DarkroomProcessingLine - Saving screenshot to C:\Users\johan\OneDrive\Documentos\KONEX\Pruebas automatizadas\automatizacion_login_backoffice_1v\target\8a729f2da9e9ca79d706a5c922dfbad846c7cb299df5ac744e8ee7b0bb1ae34e.png
16:04:13.137 [Test worker] DEBUG net.thucydides.core.steps.StepInterceptor - STEP DONE: performAs
16:04:13.162 [Forwarding screenshot on session f794bd4feb0e6c2e83b407b84a1df4a7 to remote] DEBUG org.asynchttpclient.netty.request.NettyRequestSender - Using pooled Channel '[id: 0xaa68652b, L:/127.0.0.1:53450 - R:localhost/127.0.0.1:54993]' for 'GET' to 'http://localhost:54993/session/f794bd4feb0e6c2e83b407b84a1df4a7/screenshot'
16:04:13.162 [Forwarding screenshot on session f794bd4feb0e6c2e83b407b84a1df4a7 to remote] DEBUG org.asynchttpclient.netty.request.NettyRequestSender - Using open Channel [id: 0xaa68652b, L:/127.0.0.1:53450 - R:localhost/127.0.0.1:54993] for GET '/session/f794bd4feb0e6c2e83b407b84a1df4a7/screenshot'
16:04:13.381 [AsyncHttpClient-1-5] DEBUG org.asynchttpclient.netty.handler.HttpHandler - 

Request DefaultFullHttpRequest(decodeResult: success, version: HTTP/1.1, content: EmptyByteBufBE)
GET /session/f794bd4feb0e6c2e83b407b84a1df4a7/screenshot HTTP/1.1
User-Agent: selenium/4.1.2 (java windows)
Cache-Control: no-cache
Content-Type: application/json; charset=utf-8
host: localhost:54993
accept: */*

Response DefaultHttpResponse(decodeResult: success, version: HTTP/1.1)
HTTP/1.1 200 OK
Content-Type: application/json; charset=utf-8
cache-control: no-cache
content-length: 355588

16:04:13.382 [AsyncHttpClient-1-5] DEBUG org.asynchttpclient.netty.channel.ChannelManager - Adding key: http://localhost:54993 for channel [id: 0xaa68652b, L:/127.0.0.1:53450 - R:localhost/127.0.0.1:54993]
16:04:13.400 [Test worker] DEBUG net.serenitybdd.core.photography.Darkroom - Send negative for processing for C:\Users\johan\OneDrive\Documentos\KONEX\Pruebas automatizadas\automatizacion_login_backoffice_1v\target\0ebceca89a498d9f5589097b594cbddbec4d5e645ff4ec2ad431470cad808cdd.png
16:04:13.400 [Darkroom Processing Line] DEBUG net.serenitybdd.core.photography.DarkroomProcessingLine - Processing screenshot image in /var/screenshots/screenshot-2673410598701006274
16:04:13.400 [Darkroom Processing Line] DEBUG net.serenitybdd.core.photography.DarkroomProcessingLine - Saving screenshot to C:\Users\johan\OneDrive\Documentos\KONEX\Pruebas automatizadas\automatizacion_login_backoffice_1v\target\0ebceca89a498d9f5589097b594cbddbec4d5e645ff4ec2ad431470cad808cdd.png
16:04:13.527 [Forwarding screenshot on session f794bd4feb0e6c2e83b407b84a1df4a7 to remote] DEBUG org.asynchttpclient.netty.request.NettyRequestSender - Using pooled Channel '[id: 0xaa68652b, L:/127.0.0.1:53450 - R:localhost/127.0.0.1:54993]' for 'GET' to 'http://localhost:54993/session/f794bd4feb0e6c2e83b407b84a1df4a7/screenshot'
16:04:13.527 [Forwarding screenshot on session f794bd4feb0e6c2e83b407b84a1df4a7 to remote] DEBUG org.asynchttpclient.netty.request.NettyRequestSender - Using open Channel [id: 0xaa68652b, L:/127.0.0.1:53450 - R:localhost/127.0.0.1:54993] for GET '/session/f794bd4feb0e6c2e83b407b84a1df4a7/screenshot'
16:04:13.571 [AsyncHttpClient-1-1] DEBUG org.asynchttpclient.netty.channel.DefaultChannelPool - Entry count for : http://localhost:53451 : 1
16:04:13.720 [AsyncHttpClient-1-5] DEBUG org.asynchttpclient.netty.handler.HttpHandler - 

Request DefaultFullHttpRequest(decodeResult: success, version: HTTP/1.1, content: EmptyByteBufBE)
GET /session/f794bd4feb0e6c2e83b407b84a1df4a7/screenshot HTTP/1.1
User-Agent: selenium/4.1.2 (java windows)
Cache-Control: no-cache
Content-Type: application/json; charset=utf-8
host: localhost:54993
accept: */*

Response DefaultHttpResponse(decodeResult: success, version: HTTP/1.1)
HTTP/1.1 200 OK
Content-Type: application/json; charset=utf-8
cache-control: no-cache
content-length: 356224

16:04:13.721 [AsyncHttpClient-1-5] DEBUG org.asynchttpclient.netty.channel.ChannelManager - Adding key: http://localhost:54993 for channel [id: 0xaa68652b, L:/127.0.0.1:53450 - R:localhost/127.0.0.1:54993]
16:04:13.734 [Test worker] DEBUG net.serenitybdd.core.photography.Darkroom - Send negative for processing for C:\Users\johan\OneDrive\Documentos\KONEX\Pruebas automatizadas\automatizacion_login_backoffice_1v\target\9bd115b64f6a8b63194969e90cc95868ec5269463a6eb76c7fcef7cced5b655c.png
16:04:13.758 [Test worker] DEBUG net.thucydides.core.steps.StepInterceptor - STARTING STEP: MyStepdefinitions.seleccionaEmpresa - performAs
16:04:13.775 [Test worker] DEBUG net.thucydides.core.steps.StepInterceptor - STARTING STEP: Seleccionarem.performAs - {0} clicks on #target
16:04:13.775 [Test worker] DEBUG net.serenitybdd.screenplay.targets.IFrameSwitcher - default content already selected for empresa
16:04:13.841 [Forwarding findElement on session f794bd4feb0e6c2e83b407b84a1df4a7 to remote] DEBUG org.asynchttpclient.netty.request.NettyRequestSender - Using pooled Channel '[id: 0xaa68652b, L:/127.0.0.1:53450 - R:localhost/127.0.0.1:54993]' for 'POST' to 'http://localhost:54993/session/f794bd4feb0e6c2e83b407b84a1df4a7/element'
16:04:13.841 [Forwarding findElement on session f794bd4feb0e6c2e83b407b84a1df4a7 to remote] DEBUG org.asynchttpclient.netty.request.NettyRequestSender - Using open Channel [id: 0xaa68652b, L:/127.0.0.1:53450 - R:localhost/127.0.0.1:54993] for POST '/session/f794bd4feb0e6c2e83b407b84a1df4a7/element'
16:04:13.851 [AsyncHttpClient-1-5] DEBUG org.asynchttpclient.netty.handler.HttpHandler - 

Request DefaultHttpRequest(decodeResult: success, version: HTTP/1.1)
POST /session/f794bd4feb0e6c2e83b407b84a1df4a7/element HTTP/1.1
User-Agent: selenium/4.1.2 (java windows)
Content-Length: 84
Content-Type: application/json; charset=utf-8
host: localhost:54993
accept: */*

Response DefaultHttpResponse(decodeResult: success, version: HTTP/1.1)
HTTP/1.1 200 OK
Content-Type: application/json; charset=utf-8
cache-control: no-cache
content-length: 88

16:04:13.852 [AsyncHttpClient-1-5] DEBUG org.asynchttpclient.netty.channel.ChannelManager - Adding key: http://localhost:54993 for channel [id: 0xaa68652b, L:/127.0.0.1:53450 - R:localhost/127.0.0.1:54993]
16:04:13.866 [Forwarding isElementDisplayed on session f794bd4feb0e6c2e83b407b84a1df4a7 to remote] DEBUG org.asynchttpclient.netty.request.NettyRequestSender - Using pooled Channel '[id: 0xaa68652b, L:/127.0.0.1:53450 - R:localhost/127.0.0.1:54993]' for 'POST' to 'http://localhost:54993/session/f794bd4feb0e6c2e83b407b84a1df4a7/execute/sync'
16:04:13.866 [Forwarding isElementDisplayed on session f794bd4feb0e6c2e83b407b84a1df4a7 to remote] DEBUG org.asynchttpclient.netty.request.NettyRequestSender - Using open Channel [id: 0xaa68652b, L:/127.0.0.1:53450 - R:localhost/127.0.0.1:54993] for POST '/session/f794bd4feb0e6c2e83b407b84a1df4a7/execute/sync'
16:04:13.880 [AsyncHttpClient-1-5] DEBUG org.asynchttpclient.netty.handler.HttpHandler - 

Request DefaultHttpRequest(decodeResult: success, version: HTTP/1.1)
POST /session/f794bd4feb0e6c2e83b407b84a1df4a7/execute/sync HTTP/1.1
User-Agent: selenium/4.1.2 (java windows)
Content-Length: 48780
Content-Type: application/json; charset=utf-8
host: localhost:54993
accept: */*

Response DefaultHttpResponse(decodeResult: success, version: HTTP/1.1)
HTTP/1.1 200 OK
Content-Type: application/json; charset=utf-8
cache-control: no-cache
content-length: 14

16:04:13.880 [AsyncHttpClient-1-5] DEBUG org.asynchttpclient.netty.channel.ChannelManager - Adding key: http://localhost:54993 for channel [id: 0xaa68652b, L:/127.0.0.1:53450 - R:localhost/127.0.0.1:54993]
16:04:13.880 [Test worker] DEBUG net.serenitybdd.core.pages.WebElementFacadeImpl - click : By.xpath: //span[contains(text(),'11601 - GO')]
16:04:13.897 [Forwarding findElement on session f794bd4feb0e6c2e83b407b84a1df4a7 to remote] DEBUG org.asynchttpclient.netty.request.NettyRequestSender - Using pooled Channel '[id: 0xaa68652b, L:/127.0.0.1:53450 - R:localhost/127.0.0.1:54993]' for 'POST' to 'http://localhost:54993/session/f794bd4feb0e6c2e83b407b84a1df4a7/element'
16:04:13.897 [Forwarding findElement on session f794bd4feb0e6c2e83b407b84a1df4a7 to remote] DEBUG org.asynchttpclient.netty.request.NettyRequestSender - Using open Channel [id: 0xaa68652b, L:/127.0.0.1:53450 - R:localhost/127.0.0.1:54993] for POST '/session/f794bd4feb0e6c2e83b407b84a1df4a7/element'
16:04:13.904 [AsyncHttpClient-1-5] DEBUG org.asynchttpclient.netty.handler.HttpHandler - 

Request DefaultHttpRequest(decodeResult: success, version: HTTP/1.1)
POST /session/f794bd4feb0e6c2e83b407b84a1df4a7/element HTTP/1.1
User-Agent: selenium/4.1.2 (java windows)
Content-Length: 84
Content-Type: application/json; charset=utf-8
host: localhost:54993
accept: */*

Response DefaultHttpResponse(decodeResult: success, version: HTTP/1.1)
HTTP/1.1 200 OK
Content-Type: application/json; charset=utf-8
cache-control: no-cache
content-length: 88

16:04:13.905 [AsyncHttpClient-1-5] DEBUG org.asynchttpclient.netty.channel.ChannelManager - Adding key: http://localhost:54993 for channel [id: 0xaa68652b, L:/127.0.0.1:53450 - R:localhost/127.0.0.1:54993]
16:04:13.906 [Forwarding clickElement on session f794bd4feb0e6c2e83b407b84a1df4a7 to remote] DEBUG org.asynchttpclient.netty.request.NettyRequestSender - Using pooled Channel '[id: 0xaa68652b, L:/127.0.0.1:53450 - R:localhost/127.0.0.1:54993]' for 'POST' to 'http://localhost:54993/session/f794bd4feb0e6c2e83b407b84a1df4a7/element/2ba2a5d2-8c78-4a93-a0f6-ab853f183ffb/click'
16:04:13.906 [Forwarding clickElement on session f794bd4feb0e6c2e83b407b84a1df4a7 to remote] DEBUG org.asynchttpclient.netty.request.NettyRequestSender - Using open Channel [id: 0xaa68652b, L:/127.0.0.1:53450 - R:localhost/127.0.0.1:54993] for POST '/session/f794bd4feb0e6c2e83b407b84a1df4a7/element/2ba2a5d2-8c78-4a93-a0f6-ab853f183ffb/click'
16:04:13.937 [AsyncHttpClient-1-5] DEBUG org.asynchttpclient.netty.handler.HttpHandler - 

Request DefaultHttpRequest(decodeResult: success, version: HTTP/1.1)
POST /session/f794bd4feb0e6c2e83b407b84a1df4a7/element/2ba2a5d2-8c78-4a93-a0f6-ab853f183ffb/click HTTP/1.1
User-Agent: selenium/4.1.2 (java windows)
Content-Length: 50
Content-Type: application/json; charset=utf-8
host: localhost:54993
accept: */*

Response DefaultHttpResponse(decodeResult: success, version: HTTP/1.1)
HTTP/1.1 200 OK
Content-Type: application/json; charset=utf-8
cache-control: no-cache
content-length: 14

16:04:13.937 [AsyncHttpClient-1-5] DEBUG org.asynchttpclient.netty.channel.ChannelManager - Adding key: http://localhost:54993 for channel [id: 0xaa68652b, L:/127.0.0.1:53450 - R:localhost/127.0.0.1:54993]
16:04:13.961 [Forwarding screenshot on session f794bd4feb0e6c2e83b407b84a1df4a7 to remote] DEBUG org.asynchttpclient.netty.request.NettyRequestSender - Using pooled Channel '[id: 0xaa68652b, L:/127.0.0.1:53450 - R:localhost/127.0.0.1:54993]' for 'GET' to 'http://localhost:54993/session/f794bd4feb0e6c2e83b407b84a1df4a7/screenshot'
16:04:13.962 [Forwarding screenshot on session f794bd4feb0e6c2e83b407b84a1df4a7 to remote] DEBUG org.asynchttpclient.netty.request.NettyRequestSender - Using open Channel [id: 0xaa68652b, L:/127.0.0.1:53450 - R:localhost/127.0.0.1:54993] for GET '/session/f794bd4feb0e6c2e83b407b84a1df4a7/screenshot'
16:04:14.351 [AsyncHttpClient-1-5] DEBUG org.asynchttpclient.netty.handler.HttpHandler - 

Request DefaultFullHttpRequest(decodeResult: success, version: HTTP/1.1, content: EmptyByteBufBE)
GET /session/f794bd4feb0e6c2e83b407b84a1df4a7/screenshot HTTP/1.1
User-Agent: selenium/4.1.2 (java windows)
Cache-Control: no-cache
Content-Type: application/json; charset=utf-8
host: localhost:54993
accept: */*

Response DefaultHttpResponse(decodeResult: success, version: HTTP/1.1)
HTTP/1.1 200 OK
Content-Type: application/json; charset=utf-8
cache-control: no-cache
content-length: 338232

16:04:14.353 [AsyncHttpClient-1-5] DEBUG org.asynchttpclient.netty.channel.ChannelManager - Adding key: http://localhost:54993 for channel [id: 0xaa68652b, L:/127.0.0.1:53450 - R:localhost/127.0.0.1:54993]
16:04:14.376 [Test worker] DEBUG net.serenitybdd.core.photography.Darkroom - Send negative for processing for C:\Users\johan\OneDrive\Documentos\KONEX\Pruebas automatizadas\automatizacion_login_backoffice_1v\target\12970f2ba6e64b84f712c2cf63d9467e78140f6e92857caec0c403fc49b9e1b7.png
16:04:14.507 [Test worker] DEBUG net.thucydides.core.steps.StepInterceptor - STEP DONE: {0} clicks on #target
16:04:14.544 [Forwarding screenshot on session f794bd4feb0e6c2e83b407b84a1df4a7 to remote] DEBUG org.asynchttpclient.netty.request.NettyRequestSender - Using pooled Channel '[id: 0xaa68652b, L:/127.0.0.1:53450 - R:localhost/127.0.0.1:54993]' for 'GET' to 'http://localhost:54993/session/f794bd4feb0e6c2e83b407b84a1df4a7/screenshot'
16:04:14.544 [Forwarding screenshot on session f794bd4feb0e6c2e83b407b84a1df4a7 to remote] DEBUG org.asynchttpclient.netty.request.NettyRequestSender - Using open Channel [id: 0xaa68652b, L:/127.0.0.1:53450 - R:localhost/127.0.0.1:54993] for GET '/session/f794bd4feb0e6c2e83b407b84a1df4a7/screenshot'
16:04:14.680 [AsyncHttpClient-1-1] DEBUG org.asynchttpclient.netty.channel.DefaultChannelPool - Entry count for : http://localhost:53451 : 1
16:04:14.968 [AsyncHttpClient-1-5] DEBUG org.asynchttpclient.netty.handler.HttpHandler - 

Request DefaultFullHttpRequest(decodeResult: success, version: HTTP/1.1, content: EmptyByteBufBE)
GET /session/f794bd4feb0e6c2e83b407b84a1df4a7/screenshot HTTP/1.1
User-Agent: selenium/4.1.2 (java windows)
Cache-Control: no-cache
Content-Type: application/json; charset=utf-8
host: localhost:54993
accept: */*

Response DefaultHttpResponse(decodeResult: success, version: HTTP/1.1)
HTTP/1.1 200 OK
Content-Type: application/json; charset=utf-8
cache-control: no-cache
content-length: 357748

16:04:14.970 [AsyncHttpClient-1-5] DEBUG org.asynchttpclient.netty.channel.ChannelManager - Adding key: http://localhost:54993 for channel [id: 0xaa68652b, L:/127.0.0.1:53450 - R:localhost/127.0.0.1:54993]
16:04:15.006 [Test worker] DEBUG net.serenitybdd.core.photography.Darkroom - Send negative for processing for C:\Users\johan\OneDrive\Documentos\KONEX\Pruebas automatizadas\automatizacion_login_backoffice_1v\target\9d2def69b3430ce64276d2a22e544f433fca7d501063dba956aed6399d846ee4.png
16:04:15.006 [Test worker] DEBUG net.thucydides.core.steps.StepInterceptor - STARTING STEP: Seleccionarem.performAs - {0} clicks on #target
16:04:15.008 [Test worker] DEBUG net.serenitybdd.screenplay.targets.IFrameSwitcher - default content already selected for Boton Aceptar
16:04:15.136 [Forwarding findElement on session f794bd4feb0e6c2e83b407b84a1df4a7 to remote] DEBUG org.asynchttpclient.netty.request.NettyRequestSender - Using pooled Channel '[id: 0xaa68652b, L:/127.0.0.1:53450 - R:localhost/127.0.0.1:54993]' for 'POST' to 'http://localhost:54993/session/f794bd4feb0e6c2e83b407b84a1df4a7/element'
16:04:15.136 [Forwarding findElement on session f794bd4feb0e6c2e83b407b84a1df4a7 to remote] DEBUG org.asynchttpclient.netty.request.NettyRequestSender - Using open Channel [id: 0xaa68652b, L:/127.0.0.1:53450 - R:localhost/127.0.0.1:54993] for POST '/session/f794bd4feb0e6c2e83b407b84a1df4a7/element'
16:04:15.156 [AsyncHttpClient-1-5] DEBUG org.asynchttpclient.netty.handler.HttpHandler - 

Request DefaultHttpRequest(decodeResult: success, version: HTTP/1.1)
POST /session/f794bd4feb0e6c2e83b407b84a1df4a7/element HTTP/1.1
User-Agent: selenium/4.1.2 (java windows)
Content-Length: 89
Content-Type: application/json; charset=utf-8
host: localhost:54993
accept: */*

Response DefaultHttpResponse(decodeResult: success, version: HTTP/1.1)
HTTP/1.1 200 OK
Content-Type: application/json; charset=utf-8
cache-control: no-cache
content-length: 88

16:04:15.156 [AsyncHttpClient-1-5] DEBUG org.asynchttpclient.netty.channel.ChannelManager - Adding key: http://localhost:54993 for channel [id: 0xaa68652b, L:/127.0.0.1:53450 - R:localhost/127.0.0.1:54993]
16:04:15.179 [Forwarding isElementDisplayed on session f794bd4feb0e6c2e83b407b84a1df4a7 to remote] DEBUG org.asynchttpclient.netty.request.NettyRequestSender - Using pooled Channel '[id: 0xaa68652b, L:/127.0.0.1:53450 - R:localhost/127.0.0.1:54993]' for 'POST' to 'http://localhost:54993/session/f794bd4feb0e6c2e83b407b84a1df4a7/execute/sync'
16:04:15.179 [Forwarding isElementDisplayed on session f794bd4feb0e6c2e83b407b84a1df4a7 to remote] DEBUG org.asynchttpclient.netty.request.NettyRequestSender - Using open Channel [id: 0xaa68652b, L:/127.0.0.1:53450 - R:localhost/127.0.0.1:54993] for POST '/session/f794bd4feb0e6c2e83b407b84a1df4a7/execute/sync'
16:04:15.196 [AsyncHttpClient-1-5] DEBUG org.asynchttpclient.netty.handler.HttpHandler - 

Request DefaultHttpRequest(decodeResult: success, version: HTTP/1.1)
POST /session/f794bd4feb0e6c2e83b407b84a1df4a7/execute/sync HTTP/1.1
User-Agent: selenium/4.1.2 (java windows)
Content-Length: 48780
Content-Type: application/json; charset=utf-8
host: localhost:54993
accept: */*

Response DefaultHttpResponse(decodeResult: success, version: HTTP/1.1)
HTTP/1.1 200 OK
Content-Type: application/json; charset=utf-8
cache-control: no-cache
content-length: 14

16:04:15.196 [AsyncHttpClient-1-5] DEBUG org.asynchttpclient.netty.channel.ChannelManager - Adding key: http://localhost:54993 for channel [id: 0xaa68652b, L:/127.0.0.1:53450 - R:localhost/127.0.0.1:54993]
16:04:15.197 [Test worker] DEBUG net.serenitybdd.core.pages.WebElementFacadeImpl - click : By.xpath: //button[@class = 'w-120-px btn-aceptar2']
16:04:15.234 [Forwarding findElement on session f794bd4feb0e6c2e83b407b84a1df4a7 to remote] DEBUG org.asynchttpclient.netty.request.NettyRequestSender - Using pooled Channel '[id: 0xaa68652b, L:/127.0.0.1:53450 - R:localhost/127.0.0.1:54993]' for 'POST' to 'http://localhost:54993/session/f794bd4feb0e6c2e83b407b84a1df4a7/element'
16:04:15.234 [Forwarding findElement on session f794bd4feb0e6c2e83b407b84a1df4a7 to remote] DEBUG org.asynchttpclient.netty.request.NettyRequestSender - Using open Channel [id: 0xaa68652b, L:/127.0.0.1:53450 - R:localhost/127.0.0.1:54993] for POST '/session/f794bd4feb0e6c2e83b407b84a1df4a7/element'
16:04:15.246 [AsyncHttpClient-1-5] DEBUG org.asynchttpclient.netty.handler.HttpHandler - 

Request DefaultHttpRequest(decodeResult: success, version: HTTP/1.1)
POST /session/f794bd4feb0e6c2e83b407b84a1df4a7/element HTTP/1.1
User-Agent: selenium/4.1.2 (java windows)
Content-Length: 89
Content-Type: application/json; charset=utf-8
host: localhost:54993
accept: */*

Response DefaultHttpResponse(decodeResult: success, version: HTTP/1.1)
HTTP/1.1 200 OK
Content-Type: application/json; charset=utf-8
cache-control: no-cache
content-length: 88

16:04:15.247 [AsyncHttpClient-1-5] DEBUG org.asynchttpclient.netty.channel.ChannelManager - Adding key: http://localhost:54993 for channel [id: 0xaa68652b, L:/127.0.0.1:53450 - R:localhost/127.0.0.1:54993]
16:04:15.249 [Forwarding clickElement on session f794bd4feb0e6c2e83b407b84a1df4a7 to remote] DEBUG org.asynchttpclient.netty.request.NettyRequestSender - Using pooled Channel '[id: 0xaa68652b, L:/127.0.0.1:53450 - R:localhost/127.0.0.1:54993]' for 'POST' to 'http://localhost:54993/session/f794bd4feb0e6c2e83b407b84a1df4a7/element/16d8882b-fcb3-4f87-b524-64f5213b9b9e/click'
16:04:15.249 [Forwarding clickElement on session f794bd4feb0e6c2e83b407b84a1df4a7 to remote] DEBUG org.asynchttpclient.netty.request.NettyRequestSender - Using open Channel [id: 0xaa68652b, L:/127.0.0.1:53450 - R:localhost/127.0.0.1:54993] for POST '/session/f794bd4feb0e6c2e83b407b84a1df4a7/element/16d8882b-fcb3-4f87-b524-64f5213b9b9e/click'
16:04:15.456 [AsyncHttpClient-1-5] DEBUG org.asynchttpclient.netty.handler.HttpHandler - 

Request DefaultHttpRequest(decodeResult: success, version: HTTP/1.1)
POST /session/f794bd4feb0e6c2e83b407b84a1df4a7/element/16d8882b-fcb3-4f87-b524-64f5213b9b9e/click HTTP/1.1
User-Agent: selenium/4.1.2 (java windows)
Content-Length: 50
Content-Type: application/json; charset=utf-8
host: localhost:54993
accept: */*

Response DefaultHttpResponse(decodeResult: success, version: HTTP/1.1)
HTTP/1.1 200 OK
Content-Type: application/json; charset=utf-8
cache-control: no-cache
content-length: 14

16:04:15.457 [AsyncHttpClient-1-5] DEBUG org.asynchttpclient.netty.channel.ChannelManager - Adding key: http://localhost:54993 for channel [id: 0xaa68652b, L:/127.0.0.1:53450 - R:localhost/127.0.0.1:54993]
16:04:15.511 [Forwarding screenshot on session f794bd4feb0e6c2e83b407b84a1df4a7 to remote] DEBUG org.asynchttpclient.netty.request.NettyRequestSender - Using pooled Channel '[id: 0xaa68652b, L:/127.0.0.1:53450 - R:localhost/127.0.0.1:54993]' for 'GET' to 'http://localhost:54993/session/f794bd4feb0e6c2e83b407b84a1df4a7/screenshot'
16:04:15.511 [Forwarding screenshot on session f794bd4feb0e6c2e83b407b84a1df4a7 to remote] DEBUG org.asynchttpclient.netty.request.NettyRequestSender - Using open Channel [id: 0xaa68652b, L:/127.0.0.1:53450 - R:localhost/127.0.0.1:54993] for GET '/session/f794bd4feb0e6c2e83b407b84a1df4a7/screenshot'
16:04:15.771 [AsyncHttpClient-1-1] DEBUG org.asynchttpclient.netty.channel.DefaultChannelPool - Entry count for : http://localhost:53451 : 1
16:04:15.845 [AsyncHttpClient-1-5] DEBUG org.asynchttpclient.netty.handler.HttpHandler - 

Request DefaultFullHttpRequest(decodeResult: success, version: HTTP/1.1, content: EmptyByteBufBE)
GET /session/f794bd4feb0e6c2e83b407b84a1df4a7/screenshot HTTP/1.1
User-Agent: selenium/4.1.2 (java windows)
Cache-Control: no-cache
Content-Type: application/json; charset=utf-8
host: localhost:54993
accept: */*

Response DefaultHttpResponse(decodeResult: success, version: HTTP/1.1)
HTTP/1.1 200 OK
Content-Type: application/json; charset=utf-8
cache-control: no-cache
content-length: 98076

16:04:15.846 [AsyncHttpClient-1-5] DEBUG org.asynchttpclient.netty.channel.ChannelManager - Adding key: http://localhost:54993 for channel [id: 0xaa68652b, L:/127.0.0.1:53450 - R:localhost/127.0.0.1:54993]
16:04:15.856 [Test worker] DEBUG net.serenitybdd.core.photography.Darkroom - Send negative for processing for C:\Users\johan\OneDrive\Documentos\KONEX\Pruebas automatizadas\automatizacion_login_backoffice_1v\target\7e6b80b7ac022ecedfd191bf403d03ff6daf819345e6cc018054af2d89420371.png
16:04:15.857 [Darkroom Processing Line] DEBUG net.serenitybdd.core.photography.DarkroomProcessingLine - Processing screenshot image in /var/screenshots/screenshot-611346382043595234
16:04:15.857 [Darkroom Processing Line] DEBUG net.serenitybdd.core.photography.DarkroomProcessingLine - Saving screenshot to C:\Users\johan\OneDrive\Documentos\KONEX\Pruebas automatizadas\automatizacion_login_backoffice_1v\target\7e6b80b7ac022ecedfd191bf403d03ff6daf819345e6cc018054af2d89420371.png
16:04:16.000 [Test worker] DEBUG net.thucydides.core.steps.StepInterceptor - STEP DONE: {0} clicks on #target
16:04:16.023 [Forwarding screenshot on session f794bd4feb0e6c2e83b407b84a1df4a7 to remote] DEBUG org.asynchttpclient.netty.request.NettyRequestSender - Using pooled Channel '[id: 0xaa68652b, L:/127.0.0.1:53450 - R:localhost/127.0.0.1:54993]' for 'GET' to 'http://localhost:54993/session/f794bd4feb0e6c2e83b407b84a1df4a7/screenshot'
16:04:16.023 [Forwarding screenshot on session f794bd4feb0e6c2e83b407b84a1df4a7 to remote] DEBUG org.asynchttpclient.netty.request.NettyRequestSender - Using open Channel [id: 0xaa68652b, L:/127.0.0.1:53450 - R:localhost/127.0.0.1:54993] for GET '/session/f794bd4feb0e6c2e83b407b84a1df4a7/screenshot'
16:04:16.111 [AsyncHttpClient-1-5] DEBUG org.asynchttpclient.netty.handler.HttpHandler - 

Request DefaultFullHttpRequest(decodeResult: success, version: HTTP/1.1, content: EmptyByteBufBE)
GET /session/f794bd4feb0e6c2e83b407b84a1df4a7/screenshot HTTP/1.1
User-Agent: selenium/4.1.2 (java windows)
Cache-Control: no-cache
Content-Type: application/json; charset=utf-8
host: localhost:54993
accept: */*

Response DefaultHttpResponse(decodeResult: success, version: HTTP/1.1)
HTTP/1.1 200 OK
Content-Type: application/json; charset=utf-8
cache-control: no-cache
content-length: 98700

16:04:16.111 [AsyncHttpClient-1-5] DEBUG org.asynchttpclient.netty.channel.ChannelManager - Adding key: http://localhost:54993 for channel [id: 0xaa68652b, L:/127.0.0.1:53450 - R:localhost/127.0.0.1:54993]
16:04:16.116 [Test worker] DEBUG net.serenitybdd.core.photography.Darkroom - Send negative for processing for C:\Users\johan\OneDrive\Documentos\KONEX\Pruebas automatizadas\automatizacion_login_backoffice_1v\target\2b40d310a805fd06ff5aa17984b1762a2f0630319450b8196531526e005e7a14.png
16:04:16.116 [Darkroom Processing Line] DEBUG net.serenitybdd.core.photography.DarkroomProcessingLine - Processing screenshot image in /var/screenshots/screenshot-4876188037001350438
16:04:16.116 [Darkroom Processing Line] DEBUG net.serenitybdd.core.photography.DarkroomProcessingLine - Saving screenshot to C:\Users\johan\OneDrive\Documentos\KONEX\Pruebas automatizadas\automatizacion_login_backoffice_1v\target\2b40d310a805fd06ff5aa17984b1762a2f0630319450b8196531526e005e7a14.png
16:04:16.218 [Test worker] DEBUG net.thucydides.core.steps.StepInterceptor - STEP DONE: performAs
16:04:16.238 [Forwarding screenshot on session f794bd4feb0e6c2e83b407b84a1df4a7 to remote] DEBUG org.asynchttpclient.netty.request.NettyRequestSender - Using pooled Channel '[id: 0xaa68652b, L:/127.0.0.1:53450 - R:localhost/127.0.0.1:54993]' for 'GET' to 'http://localhost:54993/session/f794bd4feb0e6c2e83b407b84a1df4a7/screenshot'
16:04:16.238 [Forwarding screenshot on session f794bd4feb0e6c2e83b407b84a1df4a7 to remote] DEBUG org.asynchttpclient.netty.request.NettyRequestSender - Using open Channel [id: 0xaa68652b, L:/127.0.0.1:53450 - R:localhost/127.0.0.1:54993] for GET '/session/f794bd4feb0e6c2e83b407b84a1df4a7/screenshot'
16:04:16.325 [AsyncHttpClient-1-5] DEBUG org.asynchttpclient.netty.handler.HttpHandler - 

Request DefaultFullHttpRequest(decodeResult: success, version: HTTP/1.1, content: EmptyByteBufBE)
GET /session/f794bd4feb0e6c2e83b407b84a1df4a7/screenshot HTTP/1.1
User-Agent: selenium/4.1.2 (java windows)
Cache-Control: no-cache
Content-Type: application/json; charset=utf-8
host: localhost:54993
accept: */*

Response DefaultHttpResponse(decodeResult: success, version: HTTP/1.1)
HTTP/1.1 200 OK
Content-Type: application/json; charset=utf-8
cache-control: no-cache
content-length: 99068

16:04:16.325 [AsyncHttpClient-1-5] DEBUG org.asynchttpclient.netty.channel.ChannelManager - Adding key: http://localhost:54993 for channel [id: 0xaa68652b, L:/127.0.0.1:53450 - R:localhost/127.0.0.1:54993]
16:04:16.330 [Test worker] DEBUG net.serenitybdd.core.photography.Darkroom - Send negative for processing for C:\Users\johan\OneDrive\Documentos\KONEX\Pruebas automatizadas\automatizacion_login_backoffice_1v\target\24cde7ffa677e19c83b094b5669901b67f77cdbcea3fa684995b4df8da8c7317.png
16:04:16.330 [Darkroom Processing Line] DEBUG net.serenitybdd.core.photography.DarkroomProcessingLine - Processing screenshot image in /var/screenshots/screenshot-6882382170636765052
16:04:16.330 [Darkroom Processing Line] DEBUG net.serenitybdd.core.photography.DarkroomProcessingLine - Saving screenshot to C:\Users\johan\OneDrive\Documentos\KONEX\Pruebas automatizadas\automatizacion_login_backoffice_1v\target\24cde7ffa677e19c83b094b5669901b67f77cdbcea3fa684995b4df8da8c7317.png
16:04:16.450 [Forwarding screenshot on session f794bd4feb0e6c2e83b407b84a1df4a7 to remote] DEBUG org.asynchttpclient.netty.request.NettyRequestSender - Using pooled Channel '[id: 0xaa68652b, L:/127.0.0.1:53450 - R:localhost/127.0.0.1:54993]' for 'GET' to 'http://localhost:54993/session/f794bd4feb0e6c2e83b407b84a1df4a7/screenshot'
16:04:16.450 [Forwarding screenshot on session f794bd4feb0e6c2e83b407b84a1df4a7 to remote] DEBUG org.asynchttpclient.netty.request.NettyRequestSender - Using open Channel [id: 0xaa68652b, L:/127.0.0.1:53450 - R:localhost/127.0.0.1:54993] for GET '/session/f794bd4feb0e6c2e83b407b84a1df4a7/screenshot'
16:04:16.543 [AsyncHttpClient-1-5] DEBUG org.asynchttpclient.netty.handler.HttpHandler - 

Request DefaultFullHttpRequest(decodeResult: success, version: HTTP/1.1, content: EmptyByteBufBE)
GET /session/f794bd4feb0e6c2e83b407b84a1df4a7/screenshot HTTP/1.1
User-Agent: selenium/4.1.2 (java windows)
Cache-Control: no-cache
Content-Type: application/json; charset=utf-8
host: localhost:54993
accept: */*

Response DefaultHttpResponse(decodeResult: success, version: HTTP/1.1)
HTTP/1.1 200 OK
Content-Type: application/json; charset=utf-8
cache-control: no-cache
content-length: 99068

16:04:16.543 [AsyncHttpClient-1-5] DEBUG org.asynchttpclient.netty.channel.ChannelManager - Adding key: http://localhost:54993 for channel [id: 0xaa68652b, L:/127.0.0.1:53450 - R:localhost/127.0.0.1:54993]
16:04:16.547 [Test worker] DEBUG net.serenitybdd.core.photography.Darkroom - Send negative for processing for C:\Users\johan\OneDrive\Documentos\KONEX\Pruebas automatizadas\automatizacion_login_backoffice_1v\target\24cde7ffa677e19c83b094b5669901b67f77cdbcea3fa684995b4df8da8c7317.png
16:04:16.577 [Test worker] DEBUG net.serenitybdd.screenplay.targets.IFrameSwitcher - default content already selected for Verificar ingreso
16:04:16.585 [Forwarding findElements on session f794bd4feb0e6c2e83b407b84a1df4a7 to remote] DEBUG org.asynchttpclient.netty.request.NettyRequestSender - Using pooled Channel '[id: 0xaa68652b, L:/127.0.0.1:53450 - R:localhost/127.0.0.1:54993]' for 'POST' to 'http://localhost:54993/session/f794bd4feb0e6c2e83b407b84a1df4a7/elements'
16:04:16.585 [Forwarding findElements on session f794bd4feb0e6c2e83b407b84a1df4a7 to remote] DEBUG org.asynchttpclient.netty.request.NettyRequestSender - Using open Channel [id: 0xaa68652b, L:/127.0.0.1:53450 - R:localhost/127.0.0.1:54993] for POST '/session/f794bd4feb0e6c2e83b407b84a1df4a7/elements'
16:04:16.596 [AsyncHttpClient-1-5] DEBUG org.asynchttpclient.netty.handler.HttpHandler - 

Request DefaultHttpRequest(decodeResult: success, version: HTTP/1.1)
POST /session/f794bd4feb0e6c2e83b407b84a1df4a7/elements HTTP/1.1
User-Agent: selenium/4.1.2 (java windows)
Content-Length: 80
Content-Type: application/json; charset=utf-8
host: localhost:54993
accept: */*

Response DefaultHttpResponse(decodeResult: success, version: HTTP/1.1)
HTTP/1.1 200 OK
Content-Type: application/json; charset=utf-8
cache-control: no-cache
content-length: 169

16:04:16.596 [AsyncHttpClient-1-5] DEBUG org.asynchttpclient.netty.channel.ChannelManager - Adding key: http://localhost:54993 for channel [id: 0xaa68652b, L:/127.0.0.1:53450 - R:localhost/127.0.0.1:54993]
16:04:16.613 [Forwarding getElementText on session f794bd4feb0e6c2e83b407b84a1df4a7 to remote] DEBUG org.asynchttpclient.netty.request.NettyRequestSender - Using pooled Channel '[id: 0xaa68652b, L:/127.0.0.1:53450 - R:localhost/127.0.0.1:54993]' for 'GET' to 'http://localhost:54993/session/f794bd4feb0e6c2e83b407b84a1df4a7/element/dbcd1ae0-5705-4cca-ba14-ff0602d36fd4/text'
16:04:16.613 [Forwarding getElementText on session f794bd4feb0e6c2e83b407b84a1df4a7 to remote] DEBUG org.asynchttpclient.netty.request.NettyRequestSender - Using open Channel [id: 0xaa68652b, L:/127.0.0.1:53450 - R:localhost/127.0.0.1:54993] for GET '/session/f794bd4feb0e6c2e83b407b84a1df4a7/element/dbcd1ae0-5705-4cca-ba14-ff0602d36fd4/text'
16:04:16.634 [AsyncHttpClient-1-5] DEBUG org.asynchttpclient.netty.handler.HttpHandler - 

Request DefaultFullHttpRequest(decodeResult: success, version: HTTP/1.1, content: EmptyByteBufBE)
GET /session/f794bd4feb0e6c2e83b407b84a1df4a7/element/dbcd1ae0-5705-4cca-ba14-ff0602d36fd4/text HTTP/1.1
User-Agent: selenium/4.1.2 (java windows)
Cache-Control: no-cache
Content-Type: application/json; charset=utf-8
host: localhost:54993
accept: */*

Response DefaultHttpResponse(decodeResult: success, version: HTTP/1.1)
HTTP/1.1 200 OK
Content-Type: application/json; charset=utf-8
cache-control: no-cache
content-length: 18

16:04:16.635 [AsyncHttpClient-1-5] DEBUG org.asynchttpclient.netty.channel.ChannelManager - Adding key: http://localhost:54993 for channel [id: 0xaa68652b, L:/127.0.0.1:53450 - R:localhost/127.0.0.1:54993]
16:04:16.652 [Forwarding screenshot on session f794bd4feb0e6c2e83b407b84a1df4a7 to remote] DEBUG org.asynchttpclient.netty.request.NettyRequestSender - Using pooled Channel '[id: 0xaa68652b, L:/127.0.0.1:53450 - R:localhost/127.0.0.1:54993]' for 'GET' to 'http://localhost:54993/session/f794bd4feb0e6c2e83b407b84a1df4a7/screenshot'
16:04:16.652 [Forwarding screenshot on session f794bd4feb0e6c2e83b407b84a1df4a7 to remote] DEBUG org.asynchttpclient.netty.request.NettyRequestSender - Using open Channel [id: 0xaa68652b, L:/127.0.0.1:53450 - R:localhost/127.0.0.1:54993] for GET '/session/f794bd4feb0e6c2e83b407b84a1df4a7/screenshot'
16:04:16.741 [AsyncHttpClient-1-5] DEBUG org.asynchttpclient.netty.handler.HttpHandler - 

Request DefaultFullHttpRequest(decodeResult: success, version: HTTP/1.1, content: EmptyByteBufBE)
GET /session/f794bd4feb0e6c2e83b407b84a1df4a7/screenshot HTTP/1.1
User-Agent: selenium/4.1.2 (java windows)
Cache-Control: no-cache
Content-Type: application/json; charset=utf-8
host: localhost:54993
accept: */*

Response DefaultHttpResponse(decodeResult: success, version: HTTP/1.1)
HTTP/1.1 200 OK
Content-Type: application/json; charset=utf-8
cache-control: no-cache
content-length: 99068

16:04:16.742 [AsyncHttpClient-1-5] DEBUG org.asynchttpclient.netty.channel.ChannelManager - Adding key: http://localhost:54993 for channel [id: 0xaa68652b, L:/127.0.0.1:53450 - R:localhost/127.0.0.1:54993]
16:04:16.745 [Test worker] DEBUG net.serenitybdd.core.photography.Darkroom - Send negative for processing for C:\Users\johan\OneDrive\Documentos\KONEX\Pruebas automatizadas\automatizacion_login_backoffice_1v\target\24cde7ffa677e19c83b094b5669901b67f77cdbcea3fa684995b4df8da8c7317.png
16:04:16.877 [AsyncHttpClient-1-1] DEBUG org.asynchttpclient.netty.channel.DefaultChannelPool - Entry count for : http://localhost:53451 : 1
16:04:16.877 [AsyncHttpClient-1-1] DEBUG org.asynchttpclient.netty.channel.DefaultChannelPool - Entry count for : http://localhost:54993 : 1
16:04:16.881 [Forwarding screenshot on session f794bd4feb0e6c2e83b407b84a1df4a7 to remote] DEBUG org.asynchttpclient.netty.request.NettyRequestSender - Using pooled Channel '[id: 0xaa68652b, L:/127.0.0.1:53450 - R:localhost/127.0.0.1:54993]' for 'GET' to 'http://localhost:54993/session/f794bd4feb0e6c2e83b407b84a1df4a7/screenshot'
16:04:16.881 [Forwarding screenshot on session f794bd4feb0e6c2e83b407b84a1df4a7 to remote] DEBUG org.asynchttpclient.netty.request.NettyRequestSender - Using open Channel [id: 0xaa68652b, L:/127.0.0.1:53450 - R:localhost/127.0.0.1:54993] for GET '/session/f794bd4feb0e6c2e83b407b84a1df4a7/screenshot'
16:04:16.976 [AsyncHttpClient-1-5] DEBUG org.asynchttpclient.netty.handler.HttpHandler - 

Request DefaultFullHttpRequest(decodeResult: success, version: HTTP/1.1, content: EmptyByteBufBE)
GET /session/f794bd4feb0e6c2e83b407b84a1df4a7/screenshot HTTP/1.1
User-Agent: selenium/4.1.2 (java windows)
Cache-Control: no-cache
Content-Type: application/json; charset=utf-8
host: localhost:54993
accept: */*

Response DefaultHttpResponse(decodeResult: success, version: HTTP/1.1)
HTTP/1.1 200 OK
Content-Type: application/json; charset=utf-8
cache-control: no-cache
content-length: 99068

16:04:16.976 [AsyncHttpClient-1-5] DEBUG org.asynchttpclient.netty.channel.ChannelManager - Adding key: http://localhost:54993 for channel [id: 0xaa68652b, L:/127.0.0.1:53450 - R:localhost/127.0.0.1:54993]
16:04:16.980 [Test worker] DEBUG net.serenitybdd.core.photography.Darkroom - Send negative for processing for C:\Users\johan\OneDrive\Documentos\KONEX\Pruebas automatizadas\automatizacion_login_backoffice_1v\target\24cde7ffa677e19c83b094b5669901b67f77cdbcea3fa684995b4df8da8c7317.png
16:04:17.109 [Forwarding screenshot on session f794bd4feb0e6c2e83b407b84a1df4a7 to remote] DEBUG org.asynchttpclient.netty.request.NettyRequestSender - Using pooled Channel '[id: 0xaa68652b, L:/127.0.0.1:53450 - R:localhost/127.0.0.1:54993]' for 'GET' to 'http://localhost:54993/session/f794bd4feb0e6c2e83b407b84a1df4a7/screenshot'
16:04:17.109 [Forwarding screenshot on session f794bd4feb0e6c2e83b407b84a1df4a7 to remote] DEBUG org.asynchttpclient.netty.request.NettyRequestSender - Using open Channel [id: 0xaa68652b, L:/127.0.0.1:53450 - R:localhost/127.0.0.1:54993] for GET '/session/f794bd4feb0e6c2e83b407b84a1df4a7/screenshot'
16:04:17.198 [AsyncHttpClient-1-5] DEBUG org.asynchttpclient.netty.handler.HttpHandler - 

Request DefaultFullHttpRequest(decodeResult: success, version: HTTP/1.1, content: EmptyByteBufBE)
GET /session/f794bd4feb0e6c2e83b407b84a1df4a7/screenshot HTTP/1.1
User-Agent: selenium/4.1.2 (java windows)
Cache-Control: no-cache
Content-Type: application/json; charset=utf-8
host: localhost:54993
accept: */*

Response DefaultHttpResponse(decodeResult: success, version: HTTP/1.1)
HTTP/1.1 200 OK
Content-Type: application/json; charset=utf-8
cache-control: no-cache
content-length: 98912

16:04:17.198 [AsyncHttpClient-1-5] DEBUG org.asynchttpclient.netty.channel.ChannelManager - Adding key: http://localhost:54993 for channel [id: 0xaa68652b, L:/127.0.0.1:53450 - R:localhost/127.0.0.1:54993]
16:04:17.202 [Test worker] DEBUG net.serenitybdd.core.photography.Darkroom - Send negative for processing for C:\Users\johan\OneDrive\Documentos\KONEX\Pruebas automatizadas\automatizacion_login_backoffice_1v\target\707d8a2821a9717e93c96ed967bbf87fe4eb372839ad0848e19cb990a1f66b05.png
16:04:17.203 [Darkroom Processing Line] DEBUG net.serenitybdd.core.photography.DarkroomProcessingLine - Processing screenshot image in /var/screenshots/screenshot-3484011183998739207
16:04:17.203 [Darkroom Processing Line] DEBUG net.serenitybdd.core.photography.DarkroomProcessingLine - Saving screenshot to C:\Users\johan\OneDrive\Documentos\KONEX\Pruebas automatizadas\automatizacion_login_backoffice_1v\target\707d8a2821a9717e93c96ed967bbf87fe4eb372839ad0848e19cb990a1f66b05.png
16:04:17.318 [AsyncHttpClient-1-7] DEBUG org.asynchttpclient.netty.handler.WebSocketHandler - Channel Closed: [id: 0x18a24370, L:/127.0.0.1:53459 ! R:localhost/127.0.0.1:53451] with attribute NettyResponseFuture{currentRetry=5,
	isDone=1,
	isCancelled=0,
	asyncHandler=org.asynchttpclient.ws.WebSocketUpgradeHandler@2c969924,
	nettyRequest=org.asynchttpclient.netty.request.NettyRequest@699402d2,
	future=java.util.concurrent.CompletableFuture@3839b1e6[Completed normally],
	uri=ws://localhost:53451/devtools/browser/3c40b8f2-9edb-415c-b990-8e4107955f42,
	keepAlive=true,
	redirectCount=0,
	timeoutsHolder=null,
	inAuth=0,
	touch=1682024643610}
16:04:17.318 [AsyncHttpClient-1-7] DEBUG org.asynchttpclient.netty.channel.ChannelManager - Closing Channel [id: 0x18a24370, L:/127.0.0.1:53459 ! R:localhost/127.0.0.1:53451] 
16:04:17.318 [Driver Command Executor] DEBUG org.asynchttpclient.netty.request.NettyRequestSender - Using pooled Channel '[id: 0xaa68652b, L:/127.0.0.1:53450 - R:localhost/127.0.0.1:54993]' for 'DELETE' to 'http://localhost:54993/session/f794bd4feb0e6c2e83b407b84a1df4a7'
16:04:17.318 [Driver Command Executor] DEBUG org.asynchttpclient.netty.request.NettyRequestSender - Using open Channel [id: 0xaa68652b, L:/127.0.0.1:53450 - R:localhost/127.0.0.1:54993] for DELETE '/session/f794bd4feb0e6c2e83b407b84a1df4a7'
16:04:17.360 [AsyncHttpClient-1-6] DEBUG org.asynchttpclient.netty.handler.HttpHandler - Unexpected I/O exception on channel [id: 0x29e95179, L:/127.0.0.1:53458 - R:localhost/127.0.0.1:53451]
java.io.IOException: Se ha forzado la interrupción de una conexión existente por el host remoto
	at sun.nio.ch.SocketDispatcher.read0(Native Method)
	at sun.nio.ch.SocketDispatcher.read(SocketDispatcher.java:43)
	at sun.nio.ch.IOUtil.readIntoNativeBuffer(IOUtil.java:223)
	at sun.nio.ch.IOUtil.read(IOUtil.java:192)
	at sun.nio.ch.SocketChannelImpl.read(SocketChannelImpl.java:380)
	at io.netty.buffer.PooledByteBuf.setBytes(PooledByteBuf.java:258)
	at io.netty.buffer.AbstractByteBuf.writeBytes(AbstractByteBuf.java:1132)
	at io.netty.channel.socket.nio.NioSocketChannel.doReadBytes(NioSocketChannel.java:350)
	at io.netty.channel.nio.AbstractNioByteChannel$NioByteUnsafe.read(AbstractNioByteChannel.java:151)
	at io.netty.channel.nio.NioEventLoop.processSelectedKey(NioEventLoop.java:722)
	at io.netty.channel.nio.NioEventLoop.processSelectedKeysOptimized(NioEventLoop.java:658)
	at io.netty.channel.nio.NioEventLoop.processSelectedKeys(NioEventLoop.java:584)
	at io.netty.channel.nio.NioEventLoop.run(NioEventLoop.java:496)
	at io.netty.util.concurrent.SingleThreadEventExecutor$4.run(SingleThreadEventExecutor.java:986)
	at io.netty.util.internal.ThreadExecutorMap$2.run(ThreadExecutorMap.java:74)
	at io.netty.util.concurrent.FastThreadLocalRunnable.run(FastThreadLocalRunnable.java:30)
	at java.lang.Thread.run(Thread.java:748)
16:04:17.361 [AsyncHttpClient-1-6] DEBUG org.asynchttpclient.netty.channel.ChannelManager - Closing Channel [id: 0x29e95179, L:/127.0.0.1:53458 - R:localhost/127.0.0.1:53451] 
16:04:17.361 [AsyncHttpClient-1-6] DEBUG org.asynchttpclient.netty.handler.HttpHandler - Channel Closed: [id: 0x29e95179, L:/127.0.0.1:53458 ! R:localhost/127.0.0.1:53451] with attribute DISCARD
16:04:17.379 [AsyncHttpClient-1-5] DEBUG org.asynchttpclient.netty.handler.HttpHandler - 

Request DefaultFullHttpRequest(decodeResult: success, version: HTTP/1.1, content: EmptyByteBufBE)
DELETE /session/f794bd4feb0e6c2e83b407b84a1df4a7 HTTP/1.1
User-Agent: selenium/4.1.2 (java windows)
Content-Type: application/json; charset=utf-8
host: localhost:54993
accept: */*

Response DefaultHttpResponse(decodeResult: success, version: HTTP/1.1)
HTTP/1.1 200 OK
Content-Type: application/json; charset=utf-8
cache-control: no-cache
content-length: 14

16:04:17.379 [AsyncHttpClient-1-5] DEBUG org.asynchttpclient.netty.channel.ChannelManager - Adding key: http://localhost:54993 for channel [id: 0xaa68652b, L:/127.0.0.1:53450 - R:localhost/127.0.0.1:54993]
16:04:17.462 [AsyncHttpClient-1-5] DEBUG org.asynchttpclient.netty.handler.HttpHandler - Channel Closed: [id: 0xaa68652b, L:/127.0.0.1:53450 ! R:localhost/127.0.0.1:54993] with attribute DISCARD
16:04:17.979 [AsyncHttpClient-1-1] DEBUG org.asynchttpclient.netty.channel.DefaultChannelPool - Entry count for : http://localhost:53451 : 1
16:04:17.979 [AsyncHttpClient-1-1] DEBUG org.asynchttpclient.netty.channel.DefaultChannelPool - Entry count for : http://localhost:54993 : 1
16:04:17.979 [AsyncHttpClient-1-1] DEBUG org.asynchttpclient.netty.channel.DefaultChannelPool - Adding Candidate expired Channel [id: 0x29e95179, L:/127.0.0.1:53458 ! R:localhost/127.0.0.1:53451] isIdleTimeoutExpired=false isRemotelyClosed=true isTtlExpired=false
16:04:17.979 [AsyncHttpClient-1-1] DEBUG org.asynchttpclient.netty.channel.DefaultChannelPool - Closing Idle Channel [id: 0x29e95179, L:/127.0.0.1:53458 ! R:localhost/127.0.0.1:53451]
16:04:17.979 [AsyncHttpClient-1-1] DEBUG org.asynchttpclient.netty.channel.DefaultChannelPool - Adding Candidate expired Channel [id: 0xaa68652b, L:/127.0.0.1:53450 ! R:localhost/127.0.0.1:54993] isIdleTimeoutExpired=false isRemotelyClosed=true isTtlExpired=false
16:04:17.979 [AsyncHttpClient-1-1] DEBUG org.asynchttpclient.netty.channel.DefaultChannelPool - Closing Idle Channel [id: 0xaa68652b, L:/127.0.0.1:53450 ! R:localhost/127.0.0.1:54993]
16:04:17.980 [AsyncHttpClient-1-1] DEBUG org.asynchttpclient.netty.channel.DefaultChannelPool - Closed 2 connections out of 2 in 1 ms
16:04:17.981 [Test worker] INFO  - ?[92m
  _____   ___   ___   _____     ___     _     ___   ___   ___   ___  
 |_   _| | __| / __| |_   _|   | _ \   /_\   / __| / __| | __| |   \ 
   | |   | _|  \__ \   | |     |  _/  / _ \  \__ \ \__ \ | _|  | |) |
   |_|   |___| |___/   |_|     |_|   /_/ \_\ |___/ |___/ |___| |___/ 

Verificar el ingreso correcto con uno o diferentes usuarios
----------------------------------------------------------------------?[0m
16:04:17.991 [Test worker] INFO io.cucumber.core.plugin.SerenityReporter - Running feature from file:///C:/Users/johan/OneDrive/Documentos/KONEX/Pruebas%20automatizadas/automatizacion_login_backoffice_1v/src/test/resources/features/login_backoffice.feature
16:04:18.014 [Test worker] DEBUG net.thucydides.core.steps.StepInterceptor - STARTING STEP: MyStepdefinitions.queElUsuarioIngresaAlBackoffice - performAs
16:04:18.027 [Test worker] DEBUG net.thucydides.core.steps.StepInterceptor - STARTING STEP: AbrirPag.performAs - {0} opens the #targetPage
16:04:18.080 [Test worker] INFO net.serenitybdd.core.webdriver.driverproviders.ChromeDriverProvider - Using automatically driver download
16:04:18.490 [Test worker] DEBUG io.github.bonigarcia.wdm.cache.ResolutionCache - Resolution chrome=112 in cache (valid until 16:37:15 20/04/2023 COT)
16:04:18.491 [Test worker] DEBUG io.github.bonigarcia.wdm.cache.ResolutionCache - Resolution chrome112=112.0.5615.49 in cache (valid until 15:46:23 21/04/2023 COT)
16:04:18.491 [Test worker] INFO io.github.bonigarcia.wdm.WebDriverManager - Using chromedriver 112.0.5615.49 (resolved driver for Chrome 112)
16:04:18.503 [Test worker] DEBUG io.github.bonigarcia.wdm.WebDriverManager - Driver chromedriver 112.0.5615.49 found in cache
16:04:18.505 [Test worker] INFO io.github.bonigarcia.wdm.WebDriverManager - Exporting webdriver.chrome.driver as C:\Users\johan\.cache\selenium\chromedriver\win32\112.0.5615.49\chromedriver.exe
16:04:18.738 [Test worker] DEBUG net.serenitybdd.core.webdriver.driverproviders.ProvideNewDriver - Instantiating driver
16:04:18.738 [Test worker] DEBUG net.serenitybdd.core.webdriver.driverproviders.ProvideNewDriver - Driver capabilities: Capabilities {acceptInsecureCerts: false, autodownload: true, browserName: chrome, chrome.silentOutput: true, driver: chrome, goog:chromeOptions: {args: [--start-maximized --disable...], extensions: []}}
16:04:19.295 [AsyncHttpClient-1-8] DEBUG org.asynchttpclient.netty.channel.NettyConnectListener - Using new Channel '[id: 0xe36acfab, L:/127.0.0.1:53488 - R:localhost/127.0.0.1:57737]' for 'POST' to '/session'
16:04:20.657 [AsyncHttpClient-1-8] DEBUG org.asynchttpclient.netty.handler.HttpHandler - 

Request DefaultHttpRequest(decodeResult: success, version: HTTP/1.1)
POST /session HTTP/1.1
User-Agent: selenium/4.1.2 (java windows)
Content-Length: 776
Content-Type: application/json; charset=utf-8
host: localhost:57737
accept: */*

Response DefaultHttpResponse(decodeResult: success, version: HTTP/1.1)
HTTP/1.1 200 OK
Content-Type: application/json; charset=utf-8
cache-control: no-cache
content-length: 859

16:04:20.658 [AsyncHttpClient-1-8] DEBUG org.asynchttpclient.netty.channel.ChannelManager - Adding key: http://localhost:57737 for channel [id: 0xe36acfab, L:/127.0.0.1:53488 - R:localhost/127.0.0.1:57737]
16:04:20.685 [AsyncHttpClient-1-9] DEBUG org.asynchttpclient.netty.channel.NettyConnectListener - Using new Channel '[id: 0xbe4ad7a2, L:/127.0.0.1:53496 - R:localhost/127.0.0.1:53490]' for 'GET' to '/json/version'
16:04:20.687 [AsyncHttpClient-1-9] DEBUG org.asynchttpclient.netty.handler.HttpHandler - 

Request DefaultFullHttpRequest(decodeResult: success, version: HTTP/1.1, content: EmptyByteBufBE)
GET /json/version HTTP/1.1
User-Agent: selenium/4.1.2 (java windows)
host: localhost:53490
accept: */*

Response DefaultHttpResponse(decodeResult: success, version: HTTP/1.1)
HTTP/1.1 200 OK
Content-Security-Policy: frame-ancestors 'none'
Content-Type: application/json; charset=UTF-8
content-length: 424

16:04:20.687 [AsyncHttpClient-1-9] DEBUG org.asynchttpclient.netty.channel.ChannelManager - Adding key: http://localhost:53490 for channel [id: 0xbe4ad7a2, L:/127.0.0.1:53496 - R:localhost/127.0.0.1:53490]
16:04:20.696 [AsyncHttpClient-1-10] DEBUG org.asynchttpclient.netty.channel.NettyConnectListener - Using new Channel '[id: 0xdf366d5c, L:/127.0.0.1:53498 - R:localhost/127.0.0.1:53490]' for 'GET' to '/devtools/browser/6073e799-d65d-48a6-9f38-312810a9ce2f'
16:04:20.698 [AsyncHttpClient-1-10] DEBUG org.asynchttpclient.netty.handler.WebSocketHandler - 

Request DefaultFullHttpRequest(decodeResult: success, version: HTTP/1.1, content: EmptyByteBufBE)
GET /devtools/browser/6073e799-d65d-48a6-9f38-312810a9ce2f HTTP/1.1
upgrade: websocket
connection: upgrade
sec-websocket-key: oTRBmIV2+UxPkZ6fgBzpOQ==
sec-websocket-version: 13
origin: http://localhost:53490
host: localhost:53490
accept: */*
user-agent: AHC/2.1

Response DefaultHttpResponse(decodeResult: success, version: HTTP/1.1)
HTTP/1.1 101 WebSocket Protocol Handshake
Upgrade: WebSocket
Connection: Upgrade
Sec-WebSocket-Accept: 8wgCb99YsdMcj7ltbRRULmT34P4=

16:04:20.719 [Forwarding get on session 1227fd2447815cfceb562f21163e8099 to remote] DEBUG org.asynchttpclient.netty.request.NettyRequestSender - Using pooled Channel '[id: 0xe36acfab, L:/127.0.0.1:53488 - R:localhost/127.0.0.1:57737]' for 'POST' to 'http://localhost:57737/session/1227fd2447815cfceb562f21163e8099/url'
16:04:20.719 [Forwarding get on session 1227fd2447815cfceb562f21163e8099 to remote] DEBUG org.asynchttpclient.netty.request.NettyRequestSender - Using open Channel [id: 0xe36acfab, L:/127.0.0.1:53488 - R:localhost/127.0.0.1:57737] for POST '/session/1227fd2447815cfceb562f21163e8099/url'
16:04:21.270 [AsyncHttpClient-1-1] DEBUG org.asynchttpclient.netty.channel.DefaultChannelPool - Entry count for : http://localhost:53490 : 1
16:04:22.369 [AsyncHttpClient-1-1] DEBUG org.asynchttpclient.netty.channel.DefaultChannelPool - Entry count for : http://localhost:53490 : 1
16:04:23.303 [AsyncHttpClient-1-8] DEBUG org.asynchttpclient.netty.handler.HttpHandler - 

Request DefaultHttpRequest(decodeResult: success, version: HTTP/1.1)
POST /session/1227fd2447815cfceb562f21163e8099/url HTTP/1.1
User-Agent: selenium/4.1.2 (java windows)
Content-Length: 80
Content-Type: application/json; charset=utf-8
host: localhost:57737
accept: */*

Response DefaultHttpResponse(decodeResult: success, version: HTTP/1.1)
HTTP/1.1 200 OK
Content-Type: application/json; charset=utf-8
cache-control: no-cache
content-length: 14

16:04:23.303 [AsyncHttpClient-1-8] DEBUG org.asynchttpclient.netty.channel.ChannelManager - Adding key: http://localhost:57737 for channel [id: 0xe36acfab, L:/127.0.0.1:53488 - R:localhost/127.0.0.1:57737]
16:04:23.304 [Forwarding setTimeout on session 1227fd2447815cfceb562f21163e8099 to remote] DEBUG org.asynchttpclient.netty.request.NettyRequestSender - Using pooled Channel '[id: 0xe36acfab, L:/127.0.0.1:53488 - R:localhost/127.0.0.1:57737]' for 'POST' to 'http://localhost:57737/session/1227fd2447815cfceb562f21163e8099/timeouts'
16:04:23.304 [Forwarding setTimeout on session 1227fd2447815cfceb562f21163e8099 to remote] DEBUG org.asynchttpclient.netty.request.NettyRequestSender - Using open Channel [id: 0xe36acfab, L:/127.0.0.1:53488 - R:localhost/127.0.0.1:57737] for POST '/session/1227fd2447815cfceb562f21163e8099/timeouts'
16:04:23.305 [AsyncHttpClient-1-8] DEBUG org.asynchttpclient.netty.handler.HttpHandler - 

Request DefaultHttpRequest(decodeResult: success, version: HTTP/1.1)
POST /session/1227fd2447815cfceb562f21163e8099/timeouts HTTP/1.1
User-Agent: selenium/4.1.2 (java windows)
Content-Length: 22
Content-Type: application/json; charset=utf-8
host: localhost:57737
accept: */*

Response DefaultHttpResponse(decodeResult: success, version: HTTP/1.1)
HTTP/1.1 200 OK
Content-Type: application/json; charset=utf-8
cache-control: no-cache
content-length: 14

16:04:23.305 [AsyncHttpClient-1-8] DEBUG org.asynchttpclient.netty.channel.ChannelManager - Adding key: http://localhost:57737 for channel [id: 0xe36acfab, L:/127.0.0.1:53488 - R:localhost/127.0.0.1:57737]
16:04:23.324 [Forwarding getCurrentUrl on session 1227fd2447815cfceb562f21163e8099 to remote] DEBUG org.asynchttpclient.netty.request.NettyRequestSender - Using pooled Channel '[id: 0xe36acfab, L:/127.0.0.1:53488 - R:localhost/127.0.0.1:57737]' for 'GET' to 'http://localhost:57737/session/1227fd2447815cfceb562f21163e8099/url'
16:04:23.325 [Forwarding getCurrentUrl on session 1227fd2447815cfceb562f21163e8099 to remote] DEBUG org.asynchttpclient.netty.request.NettyRequestSender - Using open Channel [id: 0xe36acfab, L:/127.0.0.1:53488 - R:localhost/127.0.0.1:57737] for GET '/session/1227fd2447815cfceb562f21163e8099/url'
16:04:23.332 [AsyncHttpClient-1-8] DEBUG org.asynchttpclient.netty.handler.HttpHandler - 

Request DefaultFullHttpRequest(decodeResult: success, version: HTTP/1.1, content: EmptyByteBufBE)
GET /session/1227fd2447815cfceb562f21163e8099/url HTTP/1.1
User-Agent: selenium/4.1.2 (java windows)
Cache-Control: no-cache
Content-Type: application/json; charset=utf-8
host: localhost:57737
accept: */*

Response DefaultHttpResponse(decodeResult: success, version: HTTP/1.1)
HTTP/1.1 200 OK
Content-Type: application/json; charset=utf-8
cache-control: no-cache
content-length: 57

16:04:23.332 [AsyncHttpClient-1-8] DEBUG org.asynchttpclient.netty.channel.ChannelManager - Adding key: http://localhost:57737 for channel [id: 0xe36acfab, L:/127.0.0.1:53488 - R:localhost/127.0.0.1:57737]
16:04:23.349 [Forwarding getCurrentUrl on session 1227fd2447815cfceb562f21163e8099 to remote] DEBUG org.asynchttpclient.netty.request.NettyRequestSender - Using pooled Channel '[id: 0xe36acfab, L:/127.0.0.1:53488 - R:localhost/127.0.0.1:57737]' for 'GET' to 'http://localhost:57737/session/1227fd2447815cfceb562f21163e8099/url'
16:04:23.349 [Forwarding getCurrentUrl on session 1227fd2447815cfceb562f21163e8099 to remote] DEBUG org.asynchttpclient.netty.request.NettyRequestSender - Using open Channel [id: 0xe36acfab, L:/127.0.0.1:53488 - R:localhost/127.0.0.1:57737] for GET '/session/1227fd2447815cfceb562f21163e8099/url'
16:04:23.353 [AsyncHttpClient-1-8] DEBUG org.asynchttpclient.netty.handler.HttpHandler - 

Request DefaultFullHttpRequest(decodeResult: success, version: HTTP/1.1, content: EmptyByteBufBE)
GET /session/1227fd2447815cfceb562f21163e8099/url HTTP/1.1
User-Agent: selenium/4.1.2 (java windows)
Cache-Control: no-cache
Content-Type: application/json; charset=utf-8
host: localhost:57737
accept: */*

Response DefaultHttpResponse(decodeResult: success, version: HTTP/1.1)
HTTP/1.1 200 OK
Content-Type: application/json; charset=utf-8
cache-control: no-cache
content-length: 57

16:04:23.353 [AsyncHttpClient-1-8] DEBUG org.asynchttpclient.netty.channel.ChannelManager - Adding key: http://localhost:57737 for channel [id: 0xe36acfab, L:/127.0.0.1:53488 - R:localhost/127.0.0.1:57737]
16:04:23.367 [Forwarding screenshot on session 1227fd2447815cfceb562f21163e8099 to remote] DEBUG org.asynchttpclient.netty.request.NettyRequestSender - Using pooled Channel '[id: 0xe36acfab, L:/127.0.0.1:53488 - R:localhost/127.0.0.1:57737]' for 'GET' to 'http://localhost:57737/session/1227fd2447815cfceb562f21163e8099/screenshot'
16:04:23.368 [Forwarding screenshot on session 1227fd2447815cfceb562f21163e8099 to remote] DEBUG org.asynchttpclient.netty.request.NettyRequestSender - Using open Channel [id: 0xe36acfab, L:/127.0.0.1:53488 - R:localhost/127.0.0.1:57737] for GET '/session/1227fd2447815cfceb562f21163e8099/screenshot'
16:04:23.471 [AsyncHttpClient-1-1] DEBUG org.asynchttpclient.netty.channel.DefaultChannelPool - Entry count for : http://localhost:53490 : 1
16:04:23.575 [AsyncHttpClient-1-8] DEBUG org.asynchttpclient.netty.handler.HttpHandler - 

Request DefaultFullHttpRequest(decodeResult: success, version: HTTP/1.1, content: EmptyByteBufBE)
GET /session/1227fd2447815cfceb562f21163e8099/screenshot HTTP/1.1
User-Agent: selenium/4.1.2 (java windows)
Cache-Control: no-cache
Content-Type: application/json; charset=utf-8
host: localhost:57737
accept: */*

Response DefaultHttpResponse(decodeResult: success, version: HTTP/1.1)
HTTP/1.1 200 OK
Content-Type: application/json; charset=utf-8
cache-control: no-cache
content-length: 379740

16:04:23.577 [AsyncHttpClient-1-8] DEBUG org.asynchttpclient.netty.channel.ChannelManager - Adding key: http://localhost:57737 for channel [id: 0xe36acfab, L:/127.0.0.1:53488 - R:localhost/127.0.0.1:57737]
16:04:23.593 [Test worker] DEBUG net.serenitybdd.core.photography.Darkroom - Send negative for processing for C:\Users\johan\OneDrive\Documentos\KONEX\Pruebas automatizadas\automatizacion_login_backoffice_1v\target\2906e0e514c90d11ffaf03067b12110de544ee879fa76ed63b517fad1e2e3380.png
16:04:23.693 [Test worker] DEBUG net.thucydides.core.steps.StepInterceptor - STEP DONE: {0} opens the #targetPage
16:04:23.719 [Forwarding screenshot on session 1227fd2447815cfceb562f21163e8099 to remote] DEBUG org.asynchttpclient.netty.request.NettyRequestSender - Using pooled Channel '[id: 0xe36acfab, L:/127.0.0.1:53488 - R:localhost/127.0.0.1:57737]' for 'GET' to 'http://localhost:57737/session/1227fd2447815cfceb562f21163e8099/screenshot'
16:04:23.719 [Forwarding screenshot on session 1227fd2447815cfceb562f21163e8099 to remote] DEBUG org.asynchttpclient.netty.request.NettyRequestSender - Using open Channel [id: 0xe36acfab, L:/127.0.0.1:53488 - R:localhost/127.0.0.1:57737] for GET '/session/1227fd2447815cfceb562f21163e8099/screenshot'
16:04:23.912 [AsyncHttpClient-1-8] DEBUG org.asynchttpclient.netty.handler.HttpHandler - 

Request DefaultFullHttpRequest(decodeResult: success, version: HTTP/1.1, content: EmptyByteBufBE)
GET /session/1227fd2447815cfceb562f21163e8099/screenshot HTTP/1.1
User-Agent: selenium/4.1.2 (java windows)
Cache-Control: no-cache
Content-Type: application/json; charset=utf-8
host: localhost:57737
accept: */*

Response DefaultHttpResponse(decodeResult: success, version: HTTP/1.1)
HTTP/1.1 200 OK
Content-Type: application/json; charset=utf-8
cache-control: no-cache
content-length: 379740

16:04:23.913 [AsyncHttpClient-1-8] DEBUG org.asynchttpclient.netty.channel.ChannelManager - Adding key: http://localhost:57737 for channel [id: 0xe36acfab, L:/127.0.0.1:53488 - R:localhost/127.0.0.1:57737]
16:04:23.925 [Test worker] DEBUG net.serenitybdd.core.photography.Darkroom - Send negative for processing for C:\Users\johan\OneDrive\Documentos\KONEX\Pruebas automatizadas\automatizacion_login_backoffice_1v\target\2906e0e514c90d11ffaf03067b12110de544ee879fa76ed63b517fad1e2e3380.png
16:04:24.038 [Test worker] DEBUG net.thucydides.core.steps.StepInterceptor - STEP DONE: performAs
16:04:24.092 [Forwarding screenshot on session 1227fd2447815cfceb562f21163e8099 to remote] DEBUG org.asynchttpclient.netty.request.NettyRequestSender - Using pooled Channel '[id: 0xe36acfab, L:/127.0.0.1:53488 - R:localhost/127.0.0.1:57737]' for 'GET' to 'http://localhost:57737/session/1227fd2447815cfceb562f21163e8099/screenshot'
16:04:24.092 [Forwarding screenshot on session 1227fd2447815cfceb562f21163e8099 to remote] DEBUG org.asynchttpclient.netty.request.NettyRequestSender - Using open Channel [id: 0xe36acfab, L:/127.0.0.1:53488 - R:localhost/127.0.0.1:57737] for GET '/session/1227fd2447815cfceb562f21163e8099/screenshot'
16:04:24.293 [AsyncHttpClient-1-8] DEBUG org.asynchttpclient.netty.handler.HttpHandler - 

Request DefaultFullHttpRequest(decodeResult: success, version: HTTP/1.1, content: EmptyByteBufBE)
GET /session/1227fd2447815cfceb562f21163e8099/screenshot HTTP/1.1
User-Agent: selenium/4.1.2 (java windows)
Cache-Control: no-cache
Content-Type: application/json; charset=utf-8
host: localhost:57737
accept: */*

Response DefaultHttpResponse(decodeResult: success, version: HTTP/1.1)
HTTP/1.1 200 OK
Content-Type: application/json; charset=utf-8
cache-control: no-cache
content-length: 379772

16:04:24.294 [AsyncHttpClient-1-8] DEBUG org.asynchttpclient.netty.channel.ChannelManager - Adding key: http://localhost:57737 for channel [id: 0xe36acfab, L:/127.0.0.1:53488 - R:localhost/127.0.0.1:57737]
16:04:24.306 [Test worker] DEBUG net.serenitybdd.core.photography.Darkroom - Send negative for processing for C:\Users\johan\OneDrive\Documentos\KONEX\Pruebas automatizadas\automatizacion_login_backoffice_1v\target\827eba772fc8c0a7b9dfb33684fbbfab2dbf1f790c8339d229e180e243a6dda7.png
16:04:24.439 [Forwarding screenshot on session 1227fd2447815cfceb562f21163e8099 to remote] DEBUG org.asynchttpclient.netty.request.NettyRequestSender - Using pooled Channel '[id: 0xe36acfab, L:/127.0.0.1:53488 - R:localhost/127.0.0.1:57737]' for 'GET' to 'http://localhost:57737/session/1227fd2447815cfceb562f21163e8099/screenshot'
16:04:24.439 [Forwarding screenshot on session 1227fd2447815cfceb562f21163e8099 to remote] DEBUG org.asynchttpclient.netty.request.NettyRequestSender - Using open Channel [id: 0xe36acfab, L:/127.0.0.1:53488 - R:localhost/127.0.0.1:57737] for GET '/session/1227fd2447815cfceb562f21163e8099/screenshot'
16:04:24.571 [AsyncHttpClient-1-1] DEBUG org.asynchttpclient.netty.channel.DefaultChannelPool - Entry count for : http://localhost:53490 : 1
16:04:24.656 [AsyncHttpClient-1-8] DEBUG org.asynchttpclient.netty.handler.HttpHandler - 

Request DefaultFullHttpRequest(decodeResult: success, version: HTTP/1.1, content: EmptyByteBufBE)
GET /session/1227fd2447815cfceb562f21163e8099/screenshot HTTP/1.1
User-Agent: selenium/4.1.2 (java windows)
Cache-Control: no-cache
Content-Type: application/json; charset=utf-8
host: localhost:57737
accept: */*

Response DefaultHttpResponse(decodeResult: success, version: HTTP/1.1)
HTTP/1.1 200 OK
Content-Type: application/json; charset=utf-8
cache-control: no-cache
content-length: 379740

16:04:24.657 [AsyncHttpClient-1-8] DEBUG org.asynchttpclient.netty.channel.ChannelManager - Adding key: http://localhost:57737 for channel [id: 0xe36acfab, L:/127.0.0.1:53488 - R:localhost/127.0.0.1:57737]
16:04:24.674 [Test worker] DEBUG net.serenitybdd.core.photography.Darkroom - Send negative for processing for C:\Users\johan\OneDrive\Documentos\KONEX\Pruebas automatizadas\automatizacion_login_backoffice_1v\target\2906e0e514c90d11ffaf03067b12110de544ee879fa76ed63b517fad1e2e3380.png
16:04:24.688 [Test worker] DEBUG net.thucydides.core.steps.StepInterceptor - STARTING STEP: MyStepdefinitions.digitaUsuarioYContrasennaDelUsuario - performAs
16:04:24.704 [Test worker] DEBUG net.thucydides.core.steps.StepInterceptor - STARTING STEP: IngresarBack.performAs - {0} enters #theTextAsAString into #target
16:04:24.713 [Test worker] DEBUG net.serenitybdd.screenplay.targets.IFrameSwitcher - default content already selected for Datos para campo de usuario
16:04:24.713 [Test worker] DEBUG net.serenitybdd.core.pages.WebElementFacadeImpl - Type '[Ljava.lang.CharSequence;@17d816b3' : By.id: username
16:04:24.746 [Forwarding findElement on session 1227fd2447815cfceb562f21163e8099 to remote] DEBUG org.asynchttpclient.netty.request.NettyRequestSender - Using pooled Channel '[id: 0xe36acfab, L:/127.0.0.1:53488 - R:localhost/127.0.0.1:57737]' for 'POST' to 'http://localhost:57737/session/1227fd2447815cfceb562f21163e8099/element'
16:04:24.746 [Forwarding findElement on session 1227fd2447815cfceb562f21163e8099 to remote] DEBUG org.asynchttpclient.netty.request.NettyRequestSender - Using open Channel [id: 0xe36acfab, L:/127.0.0.1:53488 - R:localhost/127.0.0.1:57737] for POST '/session/1227fd2447815cfceb562f21163e8099/element'
16:04:24.824 [AsyncHttpClient-1-8] DEBUG org.asynchttpclient.netty.handler.HttpHandler - 

Request DefaultHttpRequest(decodeResult: success, version: HTTP/1.1)
POST /session/1227fd2447815cfceb562f21163e8099/element HTTP/1.1
User-Agent: selenium/4.1.2 (java windows)
Content-Length: 53
Content-Type: application/json; charset=utf-8
host: localhost:57737
accept: */*

Response DefaultHttpResponse(decodeResult: success, version: HTTP/1.1)
HTTP/1.1 200 OK
Content-Type: application/json; charset=utf-8
cache-control: no-cache
content-length: 88

16:04:24.824 [AsyncHttpClient-1-8] DEBUG org.asynchttpclient.netty.channel.ChannelManager - Adding key: http://localhost:57737 for channel [id: 0xe36acfab, L:/127.0.0.1:53488 - R:localhost/127.0.0.1:57737]
16:04:24.826 [Forwarding clearElement on session 1227fd2447815cfceb562f21163e8099 to remote] DEBUG org.asynchttpclient.netty.request.NettyRequestSender - Using pooled Channel '[id: 0xe36acfab, L:/127.0.0.1:53488 - R:localhost/127.0.0.1:57737]' for 'POST' to 'http://localhost:57737/session/1227fd2447815cfceb562f21163e8099/element/0b190743-d89a-4f7c-aef8-6ac91acfd124/clear'
16:04:24.826 [Forwarding clearElement on session 1227fd2447815cfceb562f21163e8099 to remote] DEBUG org.asynchttpclient.netty.request.NettyRequestSender - Using open Channel [id: 0xe36acfab, L:/127.0.0.1:53488 - R:localhost/127.0.0.1:57737] for POST '/session/1227fd2447815cfceb562f21163e8099/element/0b190743-d89a-4f7c-aef8-6ac91acfd124/clear'
16:04:24.865 [AsyncHttpClient-1-8] DEBUG org.asynchttpclient.netty.handler.HttpHandler - 

Request DefaultHttpRequest(decodeResult: success, version: HTTP/1.1)
POST /session/1227fd2447815cfceb562f21163e8099/element/0b190743-d89a-4f7c-aef8-6ac91acfd124/clear HTTP/1.1
User-Agent: selenium/4.1.2 (java windows)
Content-Length: 50
Content-Type: application/json; charset=utf-8
host: localhost:57737
accept: */*

Response DefaultHttpResponse(decodeResult: success, version: HTTP/1.1)
HTTP/1.1 200 OK
Content-Type: application/json; charset=utf-8
cache-control: no-cache
content-length: 14

16:04:24.865 [AsyncHttpClient-1-8] DEBUG org.asynchttpclient.netty.channel.ChannelManager - Adding key: http://localhost:57737 for channel [id: 0xe36acfab, L:/127.0.0.1:53488 - R:localhost/127.0.0.1:57737]
16:04:24.885 [Forwarding sendKeysToElement on session 1227fd2447815cfceb562f21163e8099 to remote] DEBUG org.asynchttpclient.netty.request.NettyRequestSender - Using pooled Channel '[id: 0xe36acfab, L:/127.0.0.1:53488 - R:localhost/127.0.0.1:57737]' for 'POST' to 'http://localhost:57737/session/1227fd2447815cfceb562f21163e8099/element/0b190743-d89a-4f7c-aef8-6ac91acfd124/value'
16:04:24.885 [Forwarding sendKeysToElement on session 1227fd2447815cfceb562f21163e8099 to remote] DEBUG org.asynchttpclient.netty.request.NettyRequestSender - Using open Channel [id: 0xe36acfab, L:/127.0.0.1:53488 - R:localhost/127.0.0.1:57737] for POST '/session/1227fd2447815cfceb562f21163e8099/element/0b190743-d89a-4f7c-aef8-6ac91acfd124/value'
16:04:24.956 [AsyncHttpClient-1-8] DEBUG org.asynchttpclient.netty.handler.HttpHandler - 

Request DefaultHttpRequest(decodeResult: success, version: HTTP/1.1)
POST /session/1227fd2447815cfceb562f21163e8099/element/0b190743-d89a-4f7c-aef8-6ac91acfd124/value HTTP/1.1
User-Agent: selenium/4.1.2 (java windows)
Content-Length: 141
Content-Type: application/json; charset=utf-8
host: localhost:57737
accept: */*

Response DefaultHttpResponse(decodeResult: success, version: HTTP/1.1)
HTTP/1.1 200 OK
Content-Type: application/json; charset=utf-8
cache-control: no-cache
content-length: 14

16:04:24.956 [AsyncHttpClient-1-8] DEBUG org.asynchttpclient.netty.channel.ChannelManager - Adding key: http://localhost:57737 for channel [id: 0xe36acfab, L:/127.0.0.1:53488 - R:localhost/127.0.0.1:57737]
16:04:24.970 [Forwarding screenshot on session 1227fd2447815cfceb562f21163e8099 to remote] DEBUG org.asynchttpclient.netty.request.NettyRequestSender - Using pooled Channel '[id: 0xe36acfab, L:/127.0.0.1:53488 - R:localhost/127.0.0.1:57737]' for 'GET' to 'http://localhost:57737/session/1227fd2447815cfceb562f21163e8099/screenshot'
16:04:24.970 [Forwarding screenshot on session 1227fd2447815cfceb562f21163e8099 to remote] DEBUG org.asynchttpclient.netty.request.NettyRequestSender - Using open Channel [id: 0xe36acfab, L:/127.0.0.1:53488 - R:localhost/127.0.0.1:57737] for GET '/session/1227fd2447815cfceb562f21163e8099/screenshot'
16:04:25.360 [AsyncHttpClient-1-8] DEBUG org.asynchttpclient.netty.handler.HttpHandler - 

Request DefaultFullHttpRequest(decodeResult: success, version: HTTP/1.1, content: EmptyByteBufBE)
GET /session/1227fd2447815cfceb562f21163e8099/screenshot HTTP/1.1
User-Agent: selenium/4.1.2 (java windows)
Cache-Control: no-cache
Content-Type: application/json; charset=utf-8
host: localhost:57737
accept: */*

Response DefaultHttpResponse(decodeResult: success, version: HTTP/1.1)
HTTP/1.1 200 OK
Content-Type: application/json; charset=utf-8
cache-control: no-cache
content-length: 377868

16:04:25.362 [AsyncHttpClient-1-8] DEBUG org.asynchttpclient.netty.channel.ChannelManager - Adding key: http://localhost:57737 for channel [id: 0xe36acfab, L:/127.0.0.1:53488 - R:localhost/127.0.0.1:57737]
16:04:25.392 [Test worker] DEBUG net.serenitybdd.core.photography.Darkroom - Send negative for processing for C:\Users\johan\OneDrive\Documentos\KONEX\Pruebas automatizadas\automatizacion_login_backoffice_1v\target\825f2ae2c631046121817d59f320f30889686e0c620761d9f0cb0250c8d64e5d.png
16:04:25.444 [Forwarding screenshot on session 1227fd2447815cfceb562f21163e8099 to remote] DEBUG org.asynchttpclient.netty.request.NettyRequestSender - Using pooled Channel '[id: 0xe36acfab, L:/127.0.0.1:53488 - R:localhost/127.0.0.1:57737]' for 'GET' to 'http://localhost:57737/session/1227fd2447815cfceb562f21163e8099/screenshot'
16:04:25.445 [Forwarding screenshot on session 1227fd2447815cfceb562f21163e8099 to remote] DEBUG org.asynchttpclient.netty.request.NettyRequestSender - Using open Channel [id: 0xe36acfab, L:/127.0.0.1:53488 - R:localhost/127.0.0.1:57737] for GET '/session/1227fd2447815cfceb562f21163e8099/screenshot'
16:04:25.673 [AsyncHttpClient-1-1] DEBUG org.asynchttpclient.netty.channel.DefaultChannelPool - Entry count for : http://localhost:53490 : 1
16:04:25.831 [AsyncHttpClient-1-8] DEBUG org.asynchttpclient.netty.handler.HttpHandler - 

Request DefaultFullHttpRequest(decodeResult: success, version: HTTP/1.1, content: EmptyByteBufBE)
GET /session/1227fd2447815cfceb562f21163e8099/screenshot HTTP/1.1
User-Agent: selenium/4.1.2 (java windows)
Cache-Control: no-cache
Content-Type: application/json; charset=utf-8
host: localhost:57737
accept: */*

Response DefaultHttpResponse(decodeResult: success, version: HTTP/1.1)
HTTP/1.1 200 OK
Content-Type: application/json; charset=utf-8
cache-control: no-cache
content-length: 377856

16:04:25.833 [AsyncHttpClient-1-8] DEBUG org.asynchttpclient.netty.channel.ChannelManager - Adding key: http://localhost:57737 for channel [id: 0xe36acfab, L:/127.0.0.1:53488 - R:localhost/127.0.0.1:57737]
16:04:25.857 [Test worker] DEBUG net.serenitybdd.core.photography.Darkroom - Send negative for processing for C:\Users\johan\OneDrive\Documentos\KONEX\Pruebas automatizadas\automatizacion_login_backoffice_1v\target\df9bb6a917b4455964e7eb569f1c012a07e9c5c7f7e4178f480809f5c1d96ed0.png
16:04:25.974 [Test worker] DEBUG net.thucydides.core.steps.StepInterceptor - STEP DONE: {0} enters #theTextAsAString into #target
16:04:26.011 [Forwarding screenshot on session 1227fd2447815cfceb562f21163e8099 to remote] DEBUG org.asynchttpclient.netty.request.NettyRequestSender - Using pooled Channel '[id: 0xe36acfab, L:/127.0.0.1:53488 - R:localhost/127.0.0.1:57737]' for 'GET' to 'http://localhost:57737/session/1227fd2447815cfceb562f21163e8099/screenshot'
16:04:26.011 [Forwarding screenshot on session 1227fd2447815cfceb562f21163e8099 to remote] DEBUG org.asynchttpclient.netty.request.NettyRequestSender - Using open Channel [id: 0xe36acfab, L:/127.0.0.1:53488 - R:localhost/127.0.0.1:57737] for GET '/session/1227fd2447815cfceb562f21163e8099/screenshot'
16:04:26.402 [AsyncHttpClient-1-8] DEBUG org.asynchttpclient.netty.handler.HttpHandler - 

Request DefaultFullHttpRequest(decodeResult: success, version: HTTP/1.1, content: EmptyByteBufBE)
GET /session/1227fd2447815cfceb562f21163e8099/screenshot HTTP/1.1
User-Agent: selenium/4.1.2 (java windows)
Cache-Control: no-cache
Content-Type: application/json; charset=utf-8
host: localhost:57737
accept: */*

Response DefaultHttpResponse(decodeResult: success, version: HTTP/1.1)
HTTP/1.1 200 OK
Content-Type: application/json; charset=utf-8
cache-control: no-cache
content-length: 377868

16:04:26.404 [AsyncHttpClient-1-8] DEBUG org.asynchttpclient.netty.channel.ChannelManager - Adding key: http://localhost:57737 for channel [id: 0xe36acfab, L:/127.0.0.1:53488 - R:localhost/127.0.0.1:57737]
16:04:26.432 [Test worker] DEBUG net.serenitybdd.core.photography.Darkroom - Send negative for processing for C:\Users\johan\OneDrive\Documentos\KONEX\Pruebas automatizadas\automatizacion_login_backoffice_1v\target\825f2ae2c631046121817d59f320f30889686e0c620761d9f0cb0250c8d64e5d.png
16:04:26.433 [Test worker] DEBUG net.thucydides.core.steps.StepInterceptor - STARTING STEP: IngresarBack.performAs - {0} enters #theTextAsAString into #target
16:04:26.453 [Test worker] DEBUG net.serenitybdd.screenplay.targets.IFrameSwitcher - default content already selected for Datos para campo contrasenna
16:04:26.453 [Test worker] DEBUG net.serenitybdd.core.pages.WebElementFacadeImpl - Type '[Ljava.lang.CharSequence;@11cadb32' : By.id: clave
16:04:26.532 [Forwarding findElement on session 1227fd2447815cfceb562f21163e8099 to remote] DEBUG org.asynchttpclient.netty.request.NettyRequestSender - Using pooled Channel '[id: 0xe36acfab, L:/127.0.0.1:53488 - R:localhost/127.0.0.1:57737]' for 'POST' to 'http://localhost:57737/session/1227fd2447815cfceb562f21163e8099/element'
16:04:26.532 [Forwarding findElement on session 1227fd2447815cfceb562f21163e8099 to remote] DEBUG org.asynchttpclient.netty.request.NettyRequestSender - Using open Channel [id: 0xe36acfab, L:/127.0.0.1:53488 - R:localhost/127.0.0.1:57737] for POST '/session/1227fd2447815cfceb562f21163e8099/element'
16:04:26.553 [AsyncHttpClient-1-8] DEBUG org.asynchttpclient.netty.handler.HttpHandler - 

Request DefaultHttpRequest(decodeResult: success, version: HTTP/1.1)
POST /session/1227fd2447815cfceb562f21163e8099/element HTTP/1.1
User-Agent: selenium/4.1.2 (java windows)
Content-Length: 50
Content-Type: application/json; charset=utf-8
host: localhost:57737
accept: */*

Response DefaultHttpResponse(decodeResult: success, version: HTTP/1.1)
HTTP/1.1 200 OK
Content-Type: application/json; charset=utf-8
cache-control: no-cache
content-length: 88

16:04:26.553 [AsyncHttpClient-1-8] DEBUG org.asynchttpclient.netty.channel.ChannelManager - Adding key: http://localhost:57737 for channel [id: 0xe36acfab, L:/127.0.0.1:53488 - R:localhost/127.0.0.1:57737]
16:04:26.556 [Forwarding clearElement on session 1227fd2447815cfceb562f21163e8099 to remote] DEBUG org.asynchttpclient.netty.request.NettyRequestSender - Using pooled Channel '[id: 0xe36acfab, L:/127.0.0.1:53488 - R:localhost/127.0.0.1:57737]' for 'POST' to 'http://localhost:57737/session/1227fd2447815cfceb562f21163e8099/element/b5bd0b47-b4a1-44db-a7cd-146f5913afa5/clear'
16:04:26.557 [Forwarding clearElement on session 1227fd2447815cfceb562f21163e8099 to remote] DEBUG org.asynchttpclient.netty.request.NettyRequestSender - Using open Channel [id: 0xe36acfab, L:/127.0.0.1:53488 - R:localhost/127.0.0.1:57737] for POST '/session/1227fd2447815cfceb562f21163e8099/element/b5bd0b47-b4a1-44db-a7cd-146f5913afa5/clear'
16:04:26.623 [AsyncHttpClient-1-8] DEBUG org.asynchttpclient.netty.handler.HttpHandler - 

Request DefaultHttpRequest(decodeResult: success, version: HTTP/1.1)
POST /session/1227fd2447815cfceb562f21163e8099/element/b5bd0b47-b4a1-44db-a7cd-146f5913afa5/clear HTTP/1.1
User-Agent: selenium/4.1.2 (java windows)
Content-Length: 50
Content-Type: application/json; charset=utf-8
host: localhost:57737
accept: */*

Response DefaultHttpResponse(decodeResult: success, version: HTTP/1.1)
HTTP/1.1 200 OK
Content-Type: application/json; charset=utf-8
cache-control: no-cache
content-length: 14

16:04:26.623 [AsyncHttpClient-1-8] DEBUG org.asynchttpclient.netty.channel.ChannelManager - Adding key: http://localhost:57737 for channel [id: 0xe36acfab, L:/127.0.0.1:53488 - R:localhost/127.0.0.1:57737]
16:04:26.645 [Forwarding sendKeysToElement on session 1227fd2447815cfceb562f21163e8099 to remote] DEBUG org.asynchttpclient.netty.request.NettyRequestSender - Using pooled Channel '[id: 0xe36acfab, L:/127.0.0.1:53488 - R:localhost/127.0.0.1:57737]' for 'POST' to 'http://localhost:57737/session/1227fd2447815cfceb562f21163e8099/element/b5bd0b47-b4a1-44db-a7cd-146f5913afa5/value'
16:04:26.645 [Forwarding sendKeysToElement on session 1227fd2447815cfceb562f21163e8099 to remote] DEBUG org.asynchttpclient.netty.request.NettyRequestSender - Using open Channel [id: 0xe36acfab, L:/127.0.0.1:53488 - R:localhost/127.0.0.1:57737] for POST '/session/1227fd2447815cfceb562f21163e8099/element/b5bd0b47-b4a1-44db-a7cd-146f5913afa5/value'
16:04:26.740 [AsyncHttpClient-1-8] DEBUG org.asynchttpclient.netty.handler.HttpHandler - 

Request DefaultHttpRequest(decodeResult: success, version: HTTP/1.1)
POST /session/1227fd2447815cfceb562f21163e8099/element/b5bd0b47-b4a1-44db-a7cd-146f5913afa5/value HTTP/1.1
User-Agent: selenium/4.1.2 (java windows)
Content-Length: 151
Content-Type: application/json; charset=utf-8
host: localhost:57737
accept: */*

Response DefaultHttpResponse(decodeResult: success, version: HTTP/1.1)
HTTP/1.1 200 OK
Content-Type: application/json; charset=utf-8
cache-control: no-cache
content-length: 14

16:04:26.740 [AsyncHttpClient-1-8] DEBUG org.asynchttpclient.netty.channel.ChannelManager - Adding key: http://localhost:57737 for channel [id: 0xe36acfab, L:/127.0.0.1:53488 - R:localhost/127.0.0.1:57737]
16:04:26.770 [AsyncHttpClient-1-1] DEBUG org.asynchttpclient.netty.channel.DefaultChannelPool - Entry count for : http://localhost:57737 : 1
16:04:26.770 [AsyncHttpClient-1-1] DEBUG org.asynchttpclient.netty.channel.DefaultChannelPool - Entry count for : http://localhost:53490 : 1
16:04:26.777 [Forwarding screenshot on session 1227fd2447815cfceb562f21163e8099 to remote] DEBUG org.asynchttpclient.netty.request.NettyRequestSender - Using pooled Channel '[id: 0xe36acfab, L:/127.0.0.1:53488 - R:localhost/127.0.0.1:57737]' for 'GET' to 'http://localhost:57737/session/1227fd2447815cfceb562f21163e8099/screenshot'
16:04:26.777 [Forwarding screenshot on session 1227fd2447815cfceb562f21163e8099 to remote] DEBUG org.asynchttpclient.netty.request.NettyRequestSender - Using open Channel [id: 0xe36acfab, L:/127.0.0.1:53488 - R:localhost/127.0.0.1:57737] for GET '/session/1227fd2447815cfceb562f21163e8099/screenshot'
16:04:27.099 [AsyncHttpClient-1-8] DEBUG org.asynchttpclient.netty.handler.HttpHandler - 

Request DefaultFullHttpRequest(decodeResult: success, version: HTTP/1.1, content: EmptyByteBufBE)
GET /session/1227fd2447815cfceb562f21163e8099/screenshot HTTP/1.1
User-Agent: selenium/4.1.2 (java windows)
Cache-Control: no-cache
Content-Type: application/json; charset=utf-8
host: localhost:57737
accept: */*

Response DefaultHttpResponse(decodeResult: success, version: HTTP/1.1)
HTTP/1.1 200 OK
Content-Type: application/json; charset=utf-8
cache-control: no-cache
content-length: 375744

16:04:27.100 [AsyncHttpClient-1-8] DEBUG org.asynchttpclient.netty.channel.ChannelManager - Adding key: http://localhost:57737 for channel [id: 0xe36acfab, L:/127.0.0.1:53488 - R:localhost/127.0.0.1:57737]
16:04:27.111 [Test worker] DEBUG net.serenitybdd.core.photography.Darkroom - Send negative for processing for C:\Users\johan\OneDrive\Documentos\KONEX\Pruebas automatizadas\automatizacion_login_backoffice_1v\target\5a7dfe598ddc30ce06cef032f6e62801ff1cc37834782db09365cb1a05b4ffda.png
16:04:27.237 [Test worker] DEBUG net.thucydides.core.steps.StepInterceptor - STEP DONE: {0} enters #theTextAsAString into #target
16:04:27.251 [Forwarding screenshot on session 1227fd2447815cfceb562f21163e8099 to remote] DEBUG org.asynchttpclient.netty.request.NettyRequestSender - Using pooled Channel '[id: 0xe36acfab, L:/127.0.0.1:53488 - R:localhost/127.0.0.1:57737]' for 'GET' to 'http://localhost:57737/session/1227fd2447815cfceb562f21163e8099/screenshot'
16:04:27.251 [Forwarding screenshot on session 1227fd2447815cfceb562f21163e8099 to remote] DEBUG org.asynchttpclient.netty.request.NettyRequestSender - Using open Channel [id: 0xe36acfab, L:/127.0.0.1:53488 - R:localhost/127.0.0.1:57737] for GET '/session/1227fd2447815cfceb562f21163e8099/screenshot'
16:04:27.450 [AsyncHttpClient-1-8] DEBUG org.asynchttpclient.netty.handler.HttpHandler - 

Request DefaultFullHttpRequest(decodeResult: success, version: HTTP/1.1, content: EmptyByteBufBE)
GET /session/1227fd2447815cfceb562f21163e8099/screenshot HTTP/1.1
User-Agent: selenium/4.1.2 (java windows)
Cache-Control: no-cache
Content-Type: application/json; charset=utf-8
host: localhost:57737
accept: */*

Response DefaultHttpResponse(decodeResult: success, version: HTTP/1.1)
HTTP/1.1 200 OK
Content-Type: application/json; charset=utf-8
cache-control: no-cache
content-length: 375688

16:04:27.457 [AsyncHttpClient-1-8] DEBUG org.asynchttpclient.netty.channel.ChannelManager - Adding key: http://localhost:57737 for channel [id: 0xe36acfab, L:/127.0.0.1:53488 - R:localhost/127.0.0.1:57737]
16:04:27.469 [Test worker] DEBUG net.serenitybdd.core.photography.Darkroom - Send negative for processing for C:\Users\johan\OneDrive\Documentos\KONEX\Pruebas automatizadas\automatizacion_login_backoffice_1v\target\03fe24499067f2111504b3b807acea2eea45b230543720cee4cca6098499e9f8.png
16:04:27.469 [Test worker] DEBUG net.thucydides.core.steps.StepInterceptor - STARTING STEP: IngresarBack.performAs - {0} clicks on #target
16:04:27.470 [Test worker] DEBUG net.serenitybdd.screenplay.targets.IFrameSwitcher - default content already selected for Boton iniciar sesion
16:04:27.527 [Forwarding findElement on session 1227fd2447815cfceb562f21163e8099 to remote] DEBUG org.asynchttpclient.netty.request.NettyRequestSender - Using pooled Channel '[id: 0xe36acfab, L:/127.0.0.1:53488 - R:localhost/127.0.0.1:57737]' for 'POST' to 'http://localhost:57737/session/1227fd2447815cfceb562f21163e8099/element'
16:04:27.527 [Forwarding findElement on session 1227fd2447815cfceb562f21163e8099 to remote] DEBUG org.asynchttpclient.netty.request.NettyRequestSender - Using open Channel [id: 0xe36acfab, L:/127.0.0.1:53488 - R:localhost/127.0.0.1:57737] for POST '/session/1227fd2447815cfceb562f21163e8099/element'
16:04:27.539 [AsyncHttpClient-1-8] DEBUG org.asynchttpclient.netty.handler.HttpHandler - 

Request DefaultHttpRequest(decodeResult: success, version: HTTP/1.1)
POST /session/1227fd2447815cfceb562f21163e8099/element HTTP/1.1
User-Agent: selenium/4.1.2 (java windows)
Content-Length: 89
Content-Type: application/json; charset=utf-8
host: localhost:57737
accept: */*

Response DefaultHttpResponse(decodeResult: success, version: HTTP/1.1)
HTTP/1.1 200 OK
Content-Type: application/json; charset=utf-8
cache-control: no-cache
content-length: 88

16:04:27.539 [AsyncHttpClient-1-8] DEBUG org.asynchttpclient.netty.channel.ChannelManager - Adding key: http://localhost:57737 for channel [id: 0xe36acfab, L:/127.0.0.1:53488 - R:localhost/127.0.0.1:57737]
16:04:27.550 [Forwarding isElementDisplayed on session 1227fd2447815cfceb562f21163e8099 to remote] DEBUG org.asynchttpclient.netty.request.NettyRequestSender - Using pooled Channel '[id: 0xe36acfab, L:/127.0.0.1:53488 - R:localhost/127.0.0.1:57737]' for 'POST' to 'http://localhost:57737/session/1227fd2447815cfceb562f21163e8099/execute/sync'
16:04:27.550 [Forwarding isElementDisplayed on session 1227fd2447815cfceb562f21163e8099 to remote] DEBUG org.asynchttpclient.netty.request.NettyRequestSender - Using open Channel [id: 0xe36acfab, L:/127.0.0.1:53488 - R:localhost/127.0.0.1:57737] for POST '/session/1227fd2447815cfceb562f21163e8099/execute/sync'
16:04:27.563 [AsyncHttpClient-1-8] DEBUG org.asynchttpclient.netty.handler.HttpHandler - 

Request DefaultHttpRequest(decodeResult: success, version: HTTP/1.1)
POST /session/1227fd2447815cfceb562f21163e8099/execute/sync HTTP/1.1
User-Agent: selenium/4.1.2 (java windows)
Content-Length: 48780
Content-Type: application/json; charset=utf-8
host: localhost:57737
accept: */*

Response DefaultHttpResponse(decodeResult: success, version: HTTP/1.1)
HTTP/1.1 200 OK
Content-Type: application/json; charset=utf-8
cache-control: no-cache
content-length: 14

16:04:27.563 [AsyncHttpClient-1-8] DEBUG org.asynchttpclient.netty.channel.ChannelManager - Adding key: http://localhost:57737 for channel [id: 0xe36acfab, L:/127.0.0.1:53488 - R:localhost/127.0.0.1:57737]
16:04:27.563 [Test worker] DEBUG net.serenitybdd.core.pages.WebElementFacadeImpl - click : By.xpath: //span[contains(text(),'INICIAR SESIÓN')]
16:04:27.581 [Forwarding findElement on session 1227fd2447815cfceb562f21163e8099 to remote] DEBUG org.asynchttpclient.netty.request.NettyRequestSender - Using pooled Channel '[id: 0xe36acfab, L:/127.0.0.1:53488 - R:localhost/127.0.0.1:57737]' for 'POST' to 'http://localhost:57737/session/1227fd2447815cfceb562f21163e8099/element'
16:04:27.581 [Forwarding findElement on session 1227fd2447815cfceb562f21163e8099 to remote] DEBUG org.asynchttpclient.netty.request.NettyRequestSender - Using open Channel [id: 0xe36acfab, L:/127.0.0.1:53488 - R:localhost/127.0.0.1:57737] for POST '/session/1227fd2447815cfceb562f21163e8099/element'
16:04:27.588 [AsyncHttpClient-1-8] DEBUG org.asynchttpclient.netty.handler.HttpHandler - 

Request DefaultHttpRequest(decodeResult: success, version: HTTP/1.1)
POST /session/1227fd2447815cfceb562f21163e8099/element HTTP/1.1
User-Agent: selenium/4.1.2 (java windows)
Content-Length: 89
Content-Type: application/json; charset=utf-8
host: localhost:57737
accept: */*

Response DefaultHttpResponse(decodeResult: success, version: HTTP/1.1)
HTTP/1.1 200 OK
Content-Type: application/json; charset=utf-8
cache-control: no-cache
content-length: 88

16:04:27.589 [AsyncHttpClient-1-8] DEBUG org.asynchttpclient.netty.channel.ChannelManager - Adding key: http://localhost:57737 for channel [id: 0xe36acfab, L:/127.0.0.1:53488 - R:localhost/127.0.0.1:57737]
16:04:27.590 [Forwarding clickElement on session 1227fd2447815cfceb562f21163e8099 to remote] DEBUG org.asynchttpclient.netty.request.NettyRequestSender - Using pooled Channel '[id: 0xe36acfab, L:/127.0.0.1:53488 - R:localhost/127.0.0.1:57737]' for 'POST' to 'http://localhost:57737/session/1227fd2447815cfceb562f21163e8099/element/12609308-0710-456a-be1f-e6022ccd636f/click'
16:04:27.590 [Forwarding clickElement on session 1227fd2447815cfceb562f21163e8099 to remote] DEBUG org.asynchttpclient.netty.request.NettyRequestSender - Using open Channel [id: 0xe36acfab, L:/127.0.0.1:53488 - R:localhost/127.0.0.1:57737] for POST '/session/1227fd2447815cfceb562f21163e8099/element/12609308-0710-456a-be1f-e6022ccd636f/click'
16:04:27.621 [AsyncHttpClient-1-8] DEBUG org.asynchttpclient.netty.handler.HttpHandler - 

Request DefaultHttpRequest(decodeResult: success, version: HTTP/1.1)
POST /session/1227fd2447815cfceb562f21163e8099/element/12609308-0710-456a-be1f-e6022ccd636f/click HTTP/1.1
User-Agent: selenium/4.1.2 (java windows)
Content-Length: 50
Content-Type: application/json; charset=utf-8
host: localhost:57737
accept: */*

Response DefaultHttpResponse(decodeResult: success, version: HTTP/1.1)
HTTP/1.1 200 OK
Content-Type: application/json; charset=utf-8
cache-control: no-cache
content-length: 14

16:04:27.621 [AsyncHttpClient-1-8] DEBUG org.asynchttpclient.netty.channel.ChannelManager - Adding key: http://localhost:57737 for channel [id: 0xe36acfab, L:/127.0.0.1:53488 - R:localhost/127.0.0.1:57737]
16:04:27.638 [Forwarding screenshot on session 1227fd2447815cfceb562f21163e8099 to remote] DEBUG org.asynchttpclient.netty.request.NettyRequestSender - Using pooled Channel '[id: 0xe36acfab, L:/127.0.0.1:53488 - R:localhost/127.0.0.1:57737]' for 'GET' to 'http://localhost:57737/session/1227fd2447815cfceb562f21163e8099/screenshot'
16:04:27.638 [Forwarding screenshot on session 1227fd2447815cfceb562f21163e8099 to remote] DEBUG org.asynchttpclient.netty.request.NettyRequestSender - Using open Channel [id: 0xe36acfab, L:/127.0.0.1:53488 - R:localhost/127.0.0.1:57737] for GET '/session/1227fd2447815cfceb562f21163e8099/screenshot'
16:04:27.867 [AsyncHttpClient-1-8] DEBUG org.asynchttpclient.netty.handler.HttpHandler - 

Request DefaultFullHttpRequest(decodeResult: success, version: HTTP/1.1, content: EmptyByteBufBE)
GET /session/1227fd2447815cfceb562f21163e8099/screenshot HTTP/1.1
User-Agent: selenium/4.1.2 (java windows)
Cache-Control: no-cache
Content-Type: application/json; charset=utf-8
host: localhost:57737
accept: */*

Response DefaultHttpResponse(decodeResult: success, version: HTTP/1.1)
HTTP/1.1 200 OK
Content-Type: application/json; charset=utf-8
cache-control: no-cache
content-length: 355504

16:04:27.868 [AsyncHttpClient-1-8] DEBUG org.asynchttpclient.netty.channel.ChannelManager - Adding key: http://localhost:57737 for channel [id: 0xe36acfab, L:/127.0.0.1:53488 - R:localhost/127.0.0.1:57737]
16:04:27.870 [AsyncHttpClient-1-1] DEBUG org.asynchttpclient.netty.channel.DefaultChannelPool - Entry count for : http://localhost:57737 : 1
16:04:27.870 [AsyncHttpClient-1-1] DEBUG org.asynchttpclient.netty.channel.DefaultChannelPool - Entry count for : http://localhost:53490 : 1
16:04:27.882 [Test worker] DEBUG net.serenitybdd.core.photography.Darkroom - Send negative for processing for C:\Users\johan\OneDrive\Documentos\KONEX\Pruebas automatizadas\automatizacion_login_backoffice_1v\target\9b488bc50d0132a62d43e86466e90e4d0267f7bbc7179cc4ccab4eb24f2f847c.png
16:04:27.882 [Darkroom Processing Line] DEBUG net.serenitybdd.core.photography.DarkroomProcessingLine - Processing screenshot image in /var/screenshots/screenshot-3420144363305921214
16:04:27.882 [Darkroom Processing Line] DEBUG net.serenitybdd.core.photography.DarkroomProcessingLine - Saving screenshot to C:\Users\johan\OneDrive\Documentos\KONEX\Pruebas automatizadas\automatizacion_login_backoffice_1v\target\9b488bc50d0132a62d43e86466e90e4d0267f7bbc7179cc4ccab4eb24f2f847c.png
16:04:28.003 [Test worker] DEBUG net.thucydides.core.steps.StepInterceptor - STEP DONE: {0} clicks on #target
16:04:28.025 [Forwarding screenshot on session 1227fd2447815cfceb562f21163e8099 to remote] DEBUG org.asynchttpclient.netty.request.NettyRequestSender - Using pooled Channel '[id: 0xe36acfab, L:/127.0.0.1:53488 - R:localhost/127.0.0.1:57737]' for 'GET' to 'http://localhost:57737/session/1227fd2447815cfceb562f21163e8099/screenshot'
16:04:28.025 [Forwarding screenshot on session 1227fd2447815cfceb562f21163e8099 to remote] DEBUG org.asynchttpclient.netty.request.NettyRequestSender - Using open Channel [id: 0xe36acfab, L:/127.0.0.1:53488 - R:localhost/127.0.0.1:57737] for GET '/session/1227fd2447815cfceb562f21163e8099/screenshot'
16:04:28.269 [AsyncHttpClient-1-8] DEBUG org.asynchttpclient.netty.handler.HttpHandler - 

Request DefaultFullHttpRequest(decodeResult: success, version: HTTP/1.1, content: EmptyByteBufBE)
GET /session/1227fd2447815cfceb562f21163e8099/screenshot HTTP/1.1
User-Agent: selenium/4.1.2 (java windows)
Cache-Control: no-cache
Content-Type: application/json; charset=utf-8
host: localhost:57737
accept: */*

Response DefaultHttpResponse(decodeResult: success, version: HTTP/1.1)
HTTP/1.1 200 OK
Content-Type: application/json; charset=utf-8
cache-control: no-cache
content-length: 355304

16:04:28.270 [AsyncHttpClient-1-8] DEBUG org.asynchttpclient.netty.channel.ChannelManager - Adding key: http://localhost:57737 for channel [id: 0xe36acfab, L:/127.0.0.1:53488 - R:localhost/127.0.0.1:57737]
16:04:28.283 [Test worker] DEBUG net.serenitybdd.core.photography.Darkroom - Send negative for processing for C:\Users\johan\OneDrive\Documentos\KONEX\Pruebas automatizadas\automatizacion_login_backoffice_1v\target\a8d3a09345d5483f3aef054d40bef01557448fc1a84b3165d4bfa548d804c1c3.png
16:04:28.284 [Darkroom Processing Line] DEBUG net.serenitybdd.core.photography.DarkroomProcessingLine - Processing screenshot image in /var/screenshots/screenshot-6268200007065372312
16:04:28.284 [Darkroom Processing Line] DEBUG net.serenitybdd.core.photography.DarkroomProcessingLine - Saving screenshot to C:\Users\johan\OneDrive\Documentos\KONEX\Pruebas automatizadas\automatizacion_login_backoffice_1v\target\a8d3a09345d5483f3aef054d40bef01557448fc1a84b3165d4bfa548d804c1c3.png
16:04:28.396 [Test worker] DEBUG net.thucydides.core.steps.StepInterceptor - STEP DONE: performAs
16:04:28.416 [Forwarding screenshot on session 1227fd2447815cfceb562f21163e8099 to remote] DEBUG org.asynchttpclient.netty.request.NettyRequestSender - Using pooled Channel '[id: 0xe36acfab, L:/127.0.0.1:53488 - R:localhost/127.0.0.1:57737]' for 'GET' to 'http://localhost:57737/session/1227fd2447815cfceb562f21163e8099/screenshot'
16:04:28.416 [Forwarding screenshot on session 1227fd2447815cfceb562f21163e8099 to remote] DEBUG org.asynchttpclient.netty.request.NettyRequestSender - Using open Channel [id: 0xe36acfab, L:/127.0.0.1:53488 - R:localhost/127.0.0.1:57737] for GET '/session/1227fd2447815cfceb562f21163e8099/screenshot'
16:04:28.637 [AsyncHttpClient-1-8] DEBUG org.asynchttpclient.netty.handler.HttpHandler - 

Request DefaultFullHttpRequest(decodeResult: success, version: HTTP/1.1, content: EmptyByteBufBE)
GET /session/1227fd2447815cfceb562f21163e8099/screenshot HTTP/1.1
User-Agent: selenium/4.1.2 (java windows)
Cache-Control: no-cache
Content-Type: application/json; charset=utf-8
host: localhost:57737
accept: */*

Response DefaultHttpResponse(decodeResult: success, version: HTTP/1.1)
HTTP/1.1 200 OK
Content-Type: application/json; charset=utf-8
cache-control: no-cache
content-length: 355476

16:04:28.637 [AsyncHttpClient-1-8] DEBUG org.asynchttpclient.netty.channel.ChannelManager - Adding key: http://localhost:57737 for channel [id: 0xe36acfab, L:/127.0.0.1:53488 - R:localhost/127.0.0.1:57737]
16:04:28.650 [Test worker] DEBUG net.serenitybdd.core.photography.Darkroom - Send negative for processing for C:\Users\johan\OneDrive\Documentos\KONEX\Pruebas automatizadas\automatizacion_login_backoffice_1v\target\68adbc9cdfac7cb928b2b71641d09a852e5ad88842246de2e780f4938828fe95.png
16:04:28.650 [Darkroom Processing Line] DEBUG net.serenitybdd.core.photography.DarkroomProcessingLine - Processing screenshot image in /var/screenshots/screenshot-2320740043412143891
16:04:28.650 [Darkroom Processing Line] DEBUG net.serenitybdd.core.photography.DarkroomProcessingLine - Saving screenshot to C:\Users\johan\OneDrive\Documentos\KONEX\Pruebas automatizadas\automatizacion_login_backoffice_1v\target\68adbc9cdfac7cb928b2b71641d09a852e5ad88842246de2e780f4938828fe95.png
16:04:28.769 [Forwarding screenshot on session 1227fd2447815cfceb562f21163e8099 to remote] DEBUG org.asynchttpclient.netty.request.NettyRequestSender - Using pooled Channel '[id: 0xe36acfab, L:/127.0.0.1:53488 - R:localhost/127.0.0.1:57737]' for 'GET' to 'http://localhost:57737/session/1227fd2447815cfceb562f21163e8099/screenshot'
16:04:28.769 [Forwarding screenshot on session 1227fd2447815cfceb562f21163e8099 to remote] DEBUG org.asynchttpclient.netty.request.NettyRequestSender - Using open Channel [id: 0xe36acfab, L:/127.0.0.1:53488 - R:localhost/127.0.0.1:57737] for GET '/session/1227fd2447815cfceb562f21163e8099/screenshot'
16:04:28.975 [AsyncHttpClient-1-1] DEBUG org.asynchttpclient.netty.channel.DefaultChannelPool - Entry count for : http://localhost:53490 : 1
16:04:29.188 [AsyncHttpClient-1-8] DEBUG org.asynchttpclient.netty.handler.HttpHandler - 

Request DefaultFullHttpRequest(decodeResult: success, version: HTTP/1.1, content: EmptyByteBufBE)
GET /session/1227fd2447815cfceb562f21163e8099/screenshot HTTP/1.1
User-Agent: selenium/4.1.2 (java windows)
Cache-Control: no-cache
Content-Type: application/json; charset=utf-8
host: localhost:57737
accept: */*

Response DefaultHttpResponse(decodeResult: success, version: HTTP/1.1)
HTTP/1.1 200 OK
Content-Type: application/json; charset=utf-8
cache-control: no-cache
content-length: 381068

16:04:29.190 [AsyncHttpClient-1-8] DEBUG org.asynchttpclient.netty.channel.ChannelManager - Adding key: http://localhost:57737 for channel [id: 0xe36acfab, L:/127.0.0.1:53488 - R:localhost/127.0.0.1:57737]
16:04:29.220 [Test worker] DEBUG net.serenitybdd.core.photography.Darkroom - Send negative for processing for C:\Users\johan\OneDrive\Documentos\KONEX\Pruebas automatizadas\automatizacion_login_backoffice_1v\target\7aca8539a4474eb3fff19c7668a8a81c6a04eff4e42cd924a866c6ced62d2e74.png
16:04:29.221 [Darkroom Processing Line] DEBUG net.serenitybdd.core.photography.DarkroomProcessingLine - Processing screenshot image in /var/screenshots/screenshot-8853077143372601231
16:04:29.221 [Darkroom Processing Line] DEBUG net.serenitybdd.core.photography.DarkroomProcessingLine - Saving screenshot to C:\Users\johan\OneDrive\Documentos\KONEX\Pruebas automatizadas\automatizacion_login_backoffice_1v\target\7aca8539a4474eb3fff19c7668a8a81c6a04eff4e42cd924a866c6ced62d2e74.png
16:04:29.262 [Test worker] DEBUG net.thucydides.core.steps.StepInterceptor - STARTING STEP: MyStepdefinitions.seleccionaEmpresa - performAs
16:04:29.296 [Forwarding screenshot on session 1227fd2447815cfceb562f21163e8099 to remote] DEBUG org.asynchttpclient.netty.request.NettyRequestSender - Using pooled Channel '[id: 0xe36acfab, L:/127.0.0.1:53488 - R:localhost/127.0.0.1:57737]' for 'GET' to 'http://localhost:57737/session/1227fd2447815cfceb562f21163e8099/screenshot'
16:04:29.296 [Forwarding screenshot on session 1227fd2447815cfceb562f21163e8099 to remote] DEBUG org.asynchttpclient.netty.request.NettyRequestSender - Using open Channel [id: 0xe36acfab, L:/127.0.0.1:53488 - R:localhost/127.0.0.1:57737] for GET '/session/1227fd2447815cfceb562f21163e8099/screenshot'
16:04:29.660 [AsyncHttpClient-1-8] DEBUG org.asynchttpclient.netty.handler.HttpHandler - 

Request DefaultFullHttpRequest(decodeResult: success, version: HTTP/1.1, content: EmptyByteBufBE)
GET /session/1227fd2447815cfceb562f21163e8099/screenshot HTTP/1.1
User-Agent: selenium/4.1.2 (java windows)
Cache-Control: no-cache
Content-Type: application/json; charset=utf-8
host: localhost:57737
accept: */*

Response DefaultHttpResponse(decodeResult: success, version: HTTP/1.1)
HTTP/1.1 200 OK
Content-Type: application/json; charset=utf-8
cache-control: no-cache
content-length: 360440

16:04:29.662 [AsyncHttpClient-1-8] DEBUG org.asynchttpclient.netty.channel.ChannelManager - Adding key: http://localhost:57737 for channel [id: 0xe36acfab, L:/127.0.0.1:53488 - R:localhost/127.0.0.1:57737]
16:04:29.696 [Test worker] DEBUG net.serenitybdd.core.photography.Darkroom - Send negative for processing for C:\Users\johan\OneDrive\Documentos\KONEX\Pruebas automatizadas\automatizacion_login_backoffice_1v\target\e0bac3cb821cefe78b0f8beb5f203770548a2622e0614cb35fa2165a1f4245c8.png
16:04:29.697 [Test worker] DEBUG net.thucydides.core.steps.StepInterceptor - STARTING STEP: Seleccionarem.performAs - {0} clicks on #target
16:04:29.697 [Test worker] DEBUG net.serenitybdd.screenplay.targets.IFrameSwitcher - default content already selected for empresa
16:04:29.823 [Forwarding findElement on session 1227fd2447815cfceb562f21163e8099 to remote] DEBUG org.asynchttpclient.netty.request.NettyRequestSender - Using pooled Channel '[id: 0xe36acfab, L:/127.0.0.1:53488 - R:localhost/127.0.0.1:57737]' for 'POST' to 'http://localhost:57737/session/1227fd2447815cfceb562f21163e8099/element'
16:04:29.823 [Forwarding findElement on session 1227fd2447815cfceb562f21163e8099 to remote] DEBUG org.asynchttpclient.netty.request.NettyRequestSender - Using open Channel [id: 0xe36acfab, L:/127.0.0.1:53488 - R:localhost/127.0.0.1:57737] for POST '/session/1227fd2447815cfceb562f21163e8099/element'
16:04:29.844 [AsyncHttpClient-1-8] DEBUG org.asynchttpclient.netty.handler.HttpHandler - 

Request DefaultHttpRequest(decodeResult: success, version: HTTP/1.1)
POST /session/1227fd2447815cfceb562f21163e8099/element HTTP/1.1
User-Agent: selenium/4.1.2 (java windows)
Content-Length: 104
Content-Type: application/json; charset=utf-8
host: localhost:57737
accept: */*

Response DefaultHttpResponse(decodeResult: success, version: HTTP/1.1)
HTTP/1.1 200 OK
Content-Type: application/json; charset=utf-8
cache-control: no-cache
content-length: 88

16:04:29.844 [AsyncHttpClient-1-8] DEBUG org.asynchttpclient.netty.channel.ChannelManager - Adding key: http://localhost:57737 for channel [id: 0xe36acfab, L:/127.0.0.1:53488 - R:localhost/127.0.0.1:57737]
16:04:29.867 [Forwarding isElementDisplayed on session 1227fd2447815cfceb562f21163e8099 to remote] DEBUG org.asynchttpclient.netty.request.NettyRequestSender - Using pooled Channel '[id: 0xe36acfab, L:/127.0.0.1:53488 - R:localhost/127.0.0.1:57737]' for 'POST' to 'http://localhost:57737/session/1227fd2447815cfceb562f21163e8099/execute/sync'
16:04:29.867 [Forwarding isElementDisplayed on session 1227fd2447815cfceb562f21163e8099 to remote] DEBUG org.asynchttpclient.netty.request.NettyRequestSender - Using open Channel [id: 0xe36acfab, L:/127.0.0.1:53488 - R:localhost/127.0.0.1:57737] for POST '/session/1227fd2447815cfceb562f21163e8099/execute/sync'
16:04:29.891 [AsyncHttpClient-1-8] DEBUG org.asynchttpclient.netty.handler.HttpHandler - 

Request DefaultHttpRequest(decodeResult: success, version: HTTP/1.1)
POST /session/1227fd2447815cfceb562f21163e8099/execute/sync HTTP/1.1
User-Agent: selenium/4.1.2 (java windows)
Content-Length: 48780
Content-Type: application/json; charset=utf-8
host: localhost:57737
accept: */*

Response DefaultHttpResponse(decodeResult: success, version: HTTP/1.1)
HTTP/1.1 200 OK
Content-Type: application/json; charset=utf-8
cache-control: no-cache
content-length: 14

16:04:29.891 [AsyncHttpClient-1-8] DEBUG org.asynchttpclient.netty.channel.ChannelManager - Adding key: http://localhost:57737 for channel [id: 0xe36acfab, L:/127.0.0.1:53488 - R:localhost/127.0.0.1:57737]
16:04:29.892 [Test worker] DEBUG net.serenitybdd.core.pages.WebElementFacadeImpl - click : By.xpath: //span[contains(text(),'3227077412 - Operador Nacional')]
16:04:29.935 [Forwarding findElement on session 1227fd2447815cfceb562f21163e8099 to remote] DEBUG org.asynchttpclient.netty.request.NettyRequestSender - Using pooled Channel '[id: 0xe36acfab, L:/127.0.0.1:53488 - R:localhost/127.0.0.1:57737]' for 'POST' to 'http://localhost:57737/session/1227fd2447815cfceb562f21163e8099/element'
16:04:29.935 [Forwarding findElement on session 1227fd2447815cfceb562f21163e8099 to remote] DEBUG org.asynchttpclient.netty.request.NettyRequestSender - Using open Channel [id: 0xe36acfab, L:/127.0.0.1:53488 - R:localhost/127.0.0.1:57737] for POST '/session/1227fd2447815cfceb562f21163e8099/element'
16:04:29.949 [AsyncHttpClient-1-8] DEBUG org.asynchttpclient.netty.handler.HttpHandler - 

Request DefaultHttpRequest(decodeResult: success, version: HTTP/1.1)
POST /session/1227fd2447815cfceb562f21163e8099/element HTTP/1.1
User-Agent: selenium/4.1.2 (java windows)
Content-Length: 104
Content-Type: application/json; charset=utf-8
host: localhost:57737
accept: */*

Response DefaultHttpResponse(decodeResult: success, version: HTTP/1.1)
HTTP/1.1 200 OK
Content-Type: application/json; charset=utf-8
cache-control: no-cache
content-length: 88

16:04:29.950 [AsyncHttpClient-1-8] DEBUG org.asynchttpclient.netty.channel.ChannelManager - Adding key: http://localhost:57737 for channel [id: 0xe36acfab, L:/127.0.0.1:53488 - R:localhost/127.0.0.1:57737]
16:04:29.952 [Forwarding clickElement on session 1227fd2447815cfceb562f21163e8099 to remote] DEBUG org.asynchttpclient.netty.request.NettyRequestSender - Using pooled Channel '[id: 0xe36acfab, L:/127.0.0.1:53488 - R:localhost/127.0.0.1:57737]' for 'POST' to 'http://localhost:57737/session/1227fd2447815cfceb562f21163e8099/element/a17e9458-3bc2-4083-bc1f-be9d736a6ef3/click'
16:04:29.952 [Forwarding clickElement on session 1227fd2447815cfceb562f21163e8099 to remote] DEBUG org.asynchttpclient.netty.request.NettyRequestSender - Using open Channel [id: 0xe36acfab, L:/127.0.0.1:53488 - R:localhost/127.0.0.1:57737] for POST '/session/1227fd2447815cfceb562f21163e8099/element/a17e9458-3bc2-4083-bc1f-be9d736a6ef3/click'
16:04:30.019 [AsyncHttpClient-1-8] DEBUG org.asynchttpclient.netty.handler.HttpHandler - 

Request DefaultHttpRequest(decodeResult: success, version: HTTP/1.1)
POST /session/1227fd2447815cfceb562f21163e8099/element/a17e9458-3bc2-4083-bc1f-be9d736a6ef3/click HTTP/1.1
User-Agent: selenium/4.1.2 (java windows)
Content-Length: 50
Content-Type: application/json; charset=utf-8
host: localhost:57737
accept: */*

Response DefaultHttpResponse(decodeResult: success, version: HTTP/1.1)
HTTP/1.1 200 OK
Content-Type: application/json; charset=utf-8
cache-control: no-cache
content-length: 14

16:04:30.020 [AsyncHttpClient-1-8] DEBUG org.asynchttpclient.netty.channel.ChannelManager - Adding key: http://localhost:57737 for channel [id: 0xe36acfab, L:/127.0.0.1:53488 - R:localhost/127.0.0.1:57737]
16:04:30.062 [Forwarding screenshot on session 1227fd2447815cfceb562f21163e8099 to remote] DEBUG org.asynchttpclient.netty.request.NettyRequestSender - Using pooled Channel '[id: 0xe36acfab, L:/127.0.0.1:53488 - R:localhost/127.0.0.1:57737]' for 'GET' to 'http://localhost:57737/session/1227fd2447815cfceb562f21163e8099/screenshot'
16:04:30.062 [Forwarding screenshot on session 1227fd2447815cfceb562f21163e8099 to remote] DEBUG org.asynchttpclient.netty.request.NettyRequestSender - Using open Channel [id: 0xe36acfab, L:/127.0.0.1:53488 - R:localhost/127.0.0.1:57737] for GET '/session/1227fd2447815cfceb562f21163e8099/screenshot'
16:04:30.069 [AsyncHttpClient-1-1] DEBUG org.asynchttpclient.netty.channel.DefaultChannelPool - Entry count for : http://localhost:53490 : 1
16:04:30.478 [AsyncHttpClient-1-8] DEBUG org.asynchttpclient.netty.handler.HttpHandler - 

Request DefaultFullHttpRequest(decodeResult: success, version: HTTP/1.1, content: EmptyByteBufBE)
GET /session/1227fd2447815cfceb562f21163e8099/screenshot HTTP/1.1
User-Agent: selenium/4.1.2 (java windows)
Cache-Control: no-cache
Content-Type: application/json; charset=utf-8
host: localhost:57737
accept: */*

Response DefaultHttpResponse(decodeResult: success, version: HTTP/1.1)
HTTP/1.1 200 OK
Content-Type: application/json; charset=utf-8
cache-control: no-cache
content-length: 360636

16:04:30.479 [AsyncHttpClient-1-8] DEBUG org.asynchttpclient.netty.channel.ChannelManager - Adding key: http://localhost:57737 for channel [id: 0xe36acfab, L:/127.0.0.1:53488 - R:localhost/127.0.0.1:57737]
16:04:30.505 [Test worker] DEBUG net.serenitybdd.core.photography.Darkroom - Send negative for processing for C:\Users\johan\OneDrive\Documentos\KONEX\Pruebas automatizadas\automatizacion_login_backoffice_1v\target\0521e52a58dc326ca8877c922dab2e53130bc31734490a032dfd291541e9b518.png
16:04:30.642 [Test worker] DEBUG net.thucydides.core.steps.StepInterceptor - STEP DONE: {0} clicks on #target
16:04:30.671 [Forwarding screenshot on session 1227fd2447815cfceb562f21163e8099 to remote] DEBUG org.asynchttpclient.netty.request.NettyRequestSender - Using pooled Channel '[id: 0xe36acfab, L:/127.0.0.1:53488 - R:localhost/127.0.0.1:57737]' for 'GET' to 'http://localhost:57737/session/1227fd2447815cfceb562f21163e8099/screenshot'
16:04:30.672 [Forwarding screenshot on session 1227fd2447815cfceb562f21163e8099 to remote] DEBUG org.asynchttpclient.netty.request.NettyRequestSender - Using open Channel [id: 0xe36acfab, L:/127.0.0.1:53488 - R:localhost/127.0.0.1:57737] for GET '/session/1227fd2447815cfceb562f21163e8099/screenshot'
16:04:31.052 [AsyncHttpClient-1-8] DEBUG org.asynchttpclient.netty.handler.HttpHandler - 

Request DefaultFullHttpRequest(decodeResult: success, version: HTTP/1.1, content: EmptyByteBufBE)
GET /session/1227fd2447815cfceb562f21163e8099/screenshot HTTP/1.1
User-Agent: selenium/4.1.2 (java windows)
Cache-Control: no-cache
Content-Type: application/json; charset=utf-8
host: localhost:57737
accept: */*

Response DefaultHttpResponse(decodeResult: success, version: HTTP/1.1)
HTTP/1.1 200 OK
Content-Type: application/json; charset=utf-8
cache-control: no-cache
content-length: 360636

16:04:31.054 [AsyncHttpClient-1-8] DEBUG org.asynchttpclient.netty.channel.ChannelManager - Adding key: http://localhost:57737 for channel [id: 0xe36acfab, L:/127.0.0.1:53488 - R:localhost/127.0.0.1:57737]
16:04:31.076 [Test worker] DEBUG net.serenitybdd.core.photography.Darkroom - Send negative for processing for C:\Users\johan\OneDrive\Documentos\KONEX\Pruebas automatizadas\automatizacion_login_backoffice_1v\target\0521e52a58dc326ca8877c922dab2e53130bc31734490a032dfd291541e9b518.png
16:04:31.077 [Test worker] DEBUG net.thucydides.core.steps.StepInterceptor - STARTING STEP: Seleccionarem.performAs - {0} clicks on #target
16:04:31.078 [Test worker] DEBUG net.serenitybdd.screenplay.targets.IFrameSwitcher - default content already selected for Boton Aceptar
16:04:31.179 [AsyncHttpClient-1-1] DEBUG org.asynchttpclient.netty.channel.DefaultChannelPool - Entry count for : http://localhost:57737 : 1
16:04:31.179 [AsyncHttpClient-1-1] DEBUG org.asynchttpclient.netty.channel.DefaultChannelPool - Entry count for : http://localhost:53490 : 1
16:04:31.207 [Forwarding findElement on session 1227fd2447815cfceb562f21163e8099 to remote] DEBUG org.asynchttpclient.netty.request.NettyRequestSender - Using pooled Channel '[id: 0xe36acfab, L:/127.0.0.1:53488 - R:localhost/127.0.0.1:57737]' for 'POST' to 'http://localhost:57737/session/1227fd2447815cfceb562f21163e8099/element'
16:04:31.207 [Forwarding findElement on session 1227fd2447815cfceb562f21163e8099 to remote] DEBUG org.asynchttpclient.netty.request.NettyRequestSender - Using open Channel [id: 0xe36acfab, L:/127.0.0.1:53488 - R:localhost/127.0.0.1:57737] for POST '/session/1227fd2447815cfceb562f21163e8099/element'
16:04:31.226 [AsyncHttpClient-1-8] DEBUG org.asynchttpclient.netty.handler.HttpHandler - 

Request DefaultHttpRequest(decodeResult: success, version: HTTP/1.1)
POST /session/1227fd2447815cfceb562f21163e8099/element HTTP/1.1
User-Agent: selenium/4.1.2 (java windows)
Content-Length: 89
Content-Type: application/json; charset=utf-8
host: localhost:57737
accept: */*

Response DefaultHttpResponse(decodeResult: success, version: HTTP/1.1)
HTTP/1.1 200 OK
Content-Type: application/json; charset=utf-8
cache-control: no-cache
content-length: 88

16:04:31.226 [AsyncHttpClient-1-8] DEBUG org.asynchttpclient.netty.channel.ChannelManager - Adding key: http://localhost:57737 for channel [id: 0xe36acfab, L:/127.0.0.1:53488 - R:localhost/127.0.0.1:57737]
16:04:31.250 [Forwarding isElementDisplayed on session 1227fd2447815cfceb562f21163e8099 to remote] DEBUG org.asynchttpclient.netty.request.NettyRequestSender - Using pooled Channel '[id: 0xe36acfab, L:/127.0.0.1:53488 - R:localhost/127.0.0.1:57737]' for 'POST' to 'http://localhost:57737/session/1227fd2447815cfceb562f21163e8099/execute/sync'
16:04:31.250 [Forwarding isElementDisplayed on session 1227fd2447815cfceb562f21163e8099 to remote] DEBUG org.asynchttpclient.netty.request.NettyRequestSender - Using open Channel [id: 0xe36acfab, L:/127.0.0.1:53488 - R:localhost/127.0.0.1:57737] for POST '/session/1227fd2447815cfceb562f21163e8099/execute/sync'
16:04:31.269 [AsyncHttpClient-1-8] DEBUG org.asynchttpclient.netty.handler.HttpHandler - 

Request DefaultHttpRequest(decodeResult: success, version: HTTP/1.1)
POST /session/1227fd2447815cfceb562f21163e8099/execute/sync HTTP/1.1
User-Agent: selenium/4.1.2 (java windows)
Content-Length: 48780
Content-Type: application/json; charset=utf-8
host: localhost:57737
accept: */*

Response DefaultHttpResponse(decodeResult: success, version: HTTP/1.1)
HTTP/1.1 200 OK
Content-Type: application/json; charset=utf-8
cache-control: no-cache
content-length: 14

16:04:31.269 [AsyncHttpClient-1-8] DEBUG org.asynchttpclient.netty.channel.ChannelManager - Adding key: http://localhost:57737 for channel [id: 0xe36acfab, L:/127.0.0.1:53488 - R:localhost/127.0.0.1:57737]
16:04:31.270 [Test worker] DEBUG net.serenitybdd.core.pages.WebElementFacadeImpl - click : By.xpath: //button[@class = 'w-120-px btn-aceptar2']
16:04:31.314 [Forwarding findElement on session 1227fd2447815cfceb562f21163e8099 to remote] DEBUG org.asynchttpclient.netty.request.NettyRequestSender - Using pooled Channel '[id: 0xe36acfab, L:/127.0.0.1:53488 - R:localhost/127.0.0.1:57737]' for 'POST' to 'http://localhost:57737/session/1227fd2447815cfceb562f21163e8099/element'
16:04:31.314 [Forwarding findElement on session 1227fd2447815cfceb562f21163e8099 to remote] DEBUG org.asynchttpclient.netty.request.NettyRequestSender - Using open Channel [id: 0xe36acfab, L:/127.0.0.1:53488 - R:localhost/127.0.0.1:57737] for POST '/session/1227fd2447815cfceb562f21163e8099/element'
16:04:31.326 [AsyncHttpClient-1-8] DEBUG org.asynchttpclient.netty.handler.HttpHandler - 

Request DefaultHttpRequest(decodeResult: success, version: HTTP/1.1)
POST /session/1227fd2447815cfceb562f21163e8099/element HTTP/1.1
User-Agent: selenium/4.1.2 (java windows)
Content-Length: 89
Content-Type: application/json; charset=utf-8
host: localhost:57737
accept: */*

Response DefaultHttpResponse(decodeResult: success, version: HTTP/1.1)
HTTP/1.1 200 OK
Content-Type: application/json; charset=utf-8
cache-control: no-cache
content-length: 88

16:04:31.327 [AsyncHttpClient-1-8] DEBUG org.asynchttpclient.netty.channel.ChannelManager - Adding key: http://localhost:57737 for channel [id: 0xe36acfab, L:/127.0.0.1:53488 - R:localhost/127.0.0.1:57737]
16:04:31.329 [Forwarding clickElement on session 1227fd2447815cfceb562f21163e8099 to remote] DEBUG org.asynchttpclient.netty.request.NettyRequestSender - Using pooled Channel '[id: 0xe36acfab, L:/127.0.0.1:53488 - R:localhost/127.0.0.1:57737]' for 'POST' to 'http://localhost:57737/session/1227fd2447815cfceb562f21163e8099/element/024c1660-16d3-49f5-8fff-1a12dedfa90e/click'
16:04:31.329 [Forwarding clickElement on session 1227fd2447815cfceb562f21163e8099 to remote] DEBUG org.asynchttpclient.netty.request.NettyRequestSender - Using open Channel [id: 0xe36acfab, L:/127.0.0.1:53488 - R:localhost/127.0.0.1:57737] for POST '/session/1227fd2447815cfceb562f21163e8099/element/024c1660-16d3-49f5-8fff-1a12dedfa90e/click'
16:04:31.576 [AsyncHttpClient-1-8] DEBUG org.asynchttpclient.netty.handler.HttpHandler - 

Request DefaultHttpRequest(decodeResult: success, version: HTTP/1.1)
POST /session/1227fd2447815cfceb562f21163e8099/element/024c1660-16d3-49f5-8fff-1a12dedfa90e/click HTTP/1.1
User-Agent: selenium/4.1.2 (java windows)
Content-Length: 50
Content-Type: application/json; charset=utf-8
host: localhost:57737
accept: */*

Response DefaultHttpResponse(decodeResult: success, version: HTTP/1.1)
HTTP/1.1 200 OK
Content-Type: application/json; charset=utf-8
cache-control: no-cache
content-length: 14

16:04:31.577 [AsyncHttpClient-1-8] DEBUG org.asynchttpclient.netty.channel.ChannelManager - Adding key: http://localhost:57737 for channel [id: 0xe36acfab, L:/127.0.0.1:53488 - R:localhost/127.0.0.1:57737]
16:04:31.613 [Forwarding screenshot on session 1227fd2447815cfceb562f21163e8099 to remote] DEBUG org.asynchttpclient.netty.request.NettyRequestSender - Using pooled Channel '[id: 0xe36acfab, L:/127.0.0.1:53488 - R:localhost/127.0.0.1:57737]' for 'GET' to 'http://localhost:57737/session/1227fd2447815cfceb562f21163e8099/screenshot'
16:04:31.613 [Forwarding screenshot on session 1227fd2447815cfceb562f21163e8099 to remote] DEBUG org.asynchttpclient.netty.request.NettyRequestSender - Using open Channel [id: 0xe36acfab, L:/127.0.0.1:53488 - R:localhost/127.0.0.1:57737] for GET '/session/1227fd2447815cfceb562f21163e8099/screenshot'
16:04:31.962 [AsyncHttpClient-1-8] DEBUG org.asynchttpclient.netty.handler.HttpHandler - 

Request DefaultFullHttpRequest(decodeResult: success, version: HTTP/1.1, content: EmptyByteBufBE)
GET /session/1227fd2447815cfceb562f21163e8099/screenshot HTTP/1.1
User-Agent: selenium/4.1.2 (java windows)
Cache-Control: no-cache
Content-Type: application/json; charset=utf-8
host: localhost:57737
accept: */*

Response DefaultHttpResponse(decodeResult: success, version: HTTP/1.1)
HTTP/1.1 200 OK
Content-Type: application/json; charset=utf-8
cache-control: no-cache
content-length: 118036

16:04:31.963 [AsyncHttpClient-1-8] DEBUG org.asynchttpclient.netty.channel.ChannelManager - Adding key: http://localhost:57737 for channel [id: 0xe36acfab, L:/127.0.0.1:53488 - R:localhost/127.0.0.1:57737]
16:04:31.973 [Test worker] DEBUG net.serenitybdd.core.photography.Darkroom - Send negative for processing for C:\Users\johan\OneDrive\Documentos\KONEX\Pruebas automatizadas\automatizacion_login_backoffice_1v\target\9eb3c809a2d638428b1f8862fecbff04523f67467feb7c6f78a19ae5a68e6798.png
16:04:31.973 [Darkroom Processing Line] DEBUG net.serenitybdd.core.photography.DarkroomProcessingLine - Processing screenshot image in /var/screenshots/screenshot-6594484807870949092
16:04:31.973 [Darkroom Processing Line] DEBUG net.serenitybdd.core.photography.DarkroomProcessingLine - Saving screenshot to C:\Users\johan\OneDrive\Documentos\KONEX\Pruebas automatizadas\automatizacion_login_backoffice_1v\target\9eb3c809a2d638428b1f8862fecbff04523f67467feb7c6f78a19ae5a68e6798.png
16:04:32.128 [Test worker] DEBUG net.thucydides.core.steps.StepInterceptor - STEP DONE: {0} clicks on #target
16:04:32.155 [Forwarding screenshot on session 1227fd2447815cfceb562f21163e8099 to remote] DEBUG org.asynchttpclient.netty.request.NettyRequestSender - Using pooled Channel '[id: 0xe36acfab, L:/127.0.0.1:53488 - R:localhost/127.0.0.1:57737]' for 'GET' to 'http://localhost:57737/session/1227fd2447815cfceb562f21163e8099/screenshot'
16:04:32.155 [Forwarding screenshot on session 1227fd2447815cfceb562f21163e8099 to remote] DEBUG org.asynchttpclient.netty.request.NettyRequestSender - Using open Channel [id: 0xe36acfab, L:/127.0.0.1:53488 - R:localhost/127.0.0.1:57737] for GET '/session/1227fd2447815cfceb562f21163e8099/screenshot'
16:04:32.271 [AsyncHttpClient-1-1] DEBUG org.asynchttpclient.netty.channel.DefaultChannelPool - Entry count for : http://localhost:53490 : 1
16:04:32.285 [AsyncHttpClient-1-8] DEBUG org.asynchttpclient.netty.handler.HttpHandler - 

Request DefaultFullHttpRequest(decodeResult: success, version: HTTP/1.1, content: EmptyByteBufBE)
GET /session/1227fd2447815cfceb562f21163e8099/screenshot HTTP/1.1
User-Agent: selenium/4.1.2 (java windows)
Cache-Control: no-cache
Content-Type: application/json; charset=utf-8
host: localhost:57737
accept: */*

Response DefaultHttpResponse(decodeResult: success, version: HTTP/1.1)
HTTP/1.1 200 OK
Content-Type: application/json; charset=utf-8
cache-control: no-cache
content-length: 112616

16:04:32.285 [AsyncHttpClient-1-8] DEBUG org.asynchttpclient.netty.channel.ChannelManager - Adding key: http://localhost:57737 for channel [id: 0xe36acfab, L:/127.0.0.1:53488 - R:localhost/127.0.0.1:57737]
16:04:32.290 [Test worker] DEBUG net.serenitybdd.core.photography.Darkroom - Send negative for processing for C:\Users\johan\OneDrive\Documentos\KONEX\Pruebas automatizadas\automatizacion_login_backoffice_1v\target\fe1c1766c5c49177fffbda5e383281455043472379e7988497cdf8a7c0213692.png
16:04:32.290 [Darkroom Processing Line] DEBUG net.serenitybdd.core.photography.DarkroomProcessingLine - Processing screenshot image in /var/screenshots/screenshot-2078882815504475730
16:04:32.290 [Darkroom Processing Line] DEBUG net.serenitybdd.core.photography.DarkroomProcessingLine - Saving screenshot to C:\Users\johan\OneDrive\Documentos\KONEX\Pruebas automatizadas\automatizacion_login_backoffice_1v\target\fe1c1766c5c49177fffbda5e383281455043472379e7988497cdf8a7c0213692.png
16:04:32.396 [Test worker] DEBUG net.thucydides.core.steps.StepInterceptor - STEP DONE: performAs
16:04:32.416 [Forwarding screenshot on session 1227fd2447815cfceb562f21163e8099 to remote] DEBUG org.asynchttpclient.netty.request.NettyRequestSender - Using pooled Channel '[id: 0xe36acfab, L:/127.0.0.1:53488 - R:localhost/127.0.0.1:57737]' for 'GET' to 'http://localhost:57737/session/1227fd2447815cfceb562f21163e8099/screenshot'
16:04:32.416 [Forwarding screenshot on session 1227fd2447815cfceb562f21163e8099 to remote] DEBUG org.asynchttpclient.netty.request.NettyRequestSender - Using open Channel [id: 0xe36acfab, L:/127.0.0.1:53488 - R:localhost/127.0.0.1:57737] for GET '/session/1227fd2447815cfceb562f21163e8099/screenshot'
16:04:32.500 [AsyncHttpClient-1-8] DEBUG org.asynchttpclient.netty.handler.HttpHandler - 

Request DefaultFullHttpRequest(decodeResult: success, version: HTTP/1.1, content: EmptyByteBufBE)
GET /session/1227fd2447815cfceb562f21163e8099/screenshot HTTP/1.1
User-Agent: selenium/4.1.2 (java windows)
Cache-Control: no-cache
Content-Type: application/json; charset=utf-8
host: localhost:57737
accept: */*

Response DefaultHttpResponse(decodeResult: success, version: HTTP/1.1)
HTTP/1.1 200 OK
Content-Type: application/json; charset=utf-8
cache-control: no-cache
content-length: 112616

16:04:32.500 [AsyncHttpClient-1-8] DEBUG org.asynchttpclient.netty.channel.ChannelManager - Adding key: http://localhost:57737 for channel [id: 0xe36acfab, L:/127.0.0.1:53488 - R:localhost/127.0.0.1:57737]
16:04:32.504 [Test worker] DEBUG net.serenitybdd.core.photography.Darkroom - Send negative for processing for C:\Users\johan\OneDrive\Documentos\KONEX\Pruebas automatizadas\automatizacion_login_backoffice_1v\target\fe1c1766c5c49177fffbda5e383281455043472379e7988497cdf8a7c0213692.png
16:04:32.627 [Forwarding screenshot on session 1227fd2447815cfceb562f21163e8099 to remote] DEBUG org.asynchttpclient.netty.request.NettyRequestSender - Using pooled Channel '[id: 0xe36acfab, L:/127.0.0.1:53488 - R:localhost/127.0.0.1:57737]' for 'GET' to 'http://localhost:57737/session/1227fd2447815cfceb562f21163e8099/screenshot'
16:04:32.627 [Forwarding screenshot on session 1227fd2447815cfceb562f21163e8099 to remote] DEBUG org.asynchttpclient.netty.request.NettyRequestSender - Using open Channel [id: 0xe36acfab, L:/127.0.0.1:53488 - R:localhost/127.0.0.1:57737] for GET '/session/1227fd2447815cfceb562f21163e8099/screenshot'
16:04:32.719 [AsyncHttpClient-1-8] DEBUG org.asynchttpclient.netty.handler.HttpHandler - 

Request DefaultFullHttpRequest(decodeResult: success, version: HTTP/1.1, content: EmptyByteBufBE)
GET /session/1227fd2447815cfceb562f21163e8099/screenshot HTTP/1.1
User-Agent: selenium/4.1.2 (java windows)
Cache-Control: no-cache
Content-Type: application/json; charset=utf-8
host: localhost:57737
accept: */*

Response DefaultHttpResponse(decodeResult: success, version: HTTP/1.1)
HTTP/1.1 200 OK
Content-Type: application/json; charset=utf-8
cache-control: no-cache
content-length: 112616

16:04:32.719 [AsyncHttpClient-1-8] DEBUG org.asynchttpclient.netty.channel.ChannelManager - Adding key: http://localhost:57737 for channel [id: 0xe36acfab, L:/127.0.0.1:53488 - R:localhost/127.0.0.1:57737]
16:04:32.723 [Test worker] DEBUG net.serenitybdd.core.photography.Darkroom - Send negative for processing for C:\Users\johan\OneDrive\Documentos\KONEX\Pruebas automatizadas\automatizacion_login_backoffice_1v\target\fe1c1766c5c49177fffbda5e383281455043472379e7988497cdf8a7c0213692.png
16:04:32.755 [Test worker] DEBUG net.serenitybdd.screenplay.targets.IFrameSwitcher - default content already selected for Verificar ingreso
16:04:32.764 [Forwarding findElements on session 1227fd2447815cfceb562f21163e8099 to remote] DEBUG org.asynchttpclient.netty.request.NettyRequestSender - Using pooled Channel '[id: 0xe36acfab, L:/127.0.0.1:53488 - R:localhost/127.0.0.1:57737]' for 'POST' to 'http://localhost:57737/session/1227fd2447815cfceb562f21163e8099/elements'
16:04:32.764 [Forwarding findElements on session 1227fd2447815cfceb562f21163e8099 to remote] DEBUG org.asynchttpclient.netty.request.NettyRequestSender - Using open Channel [id: 0xe36acfab, L:/127.0.0.1:53488 - R:localhost/127.0.0.1:57737] for POST '/session/1227fd2447815cfceb562f21163e8099/elements'
16:04:32.776 [AsyncHttpClient-1-8] DEBUG org.asynchttpclient.netty.handler.HttpHandler - 

Request DefaultHttpRequest(decodeResult: success, version: HTTP/1.1)
POST /session/1227fd2447815cfceb562f21163e8099/elements HTTP/1.1
User-Agent: selenium/4.1.2 (java windows)
Content-Length: 80
Content-Type: application/json; charset=utf-8
host: localhost:57737
accept: */*

Response DefaultHttpResponse(decodeResult: success, version: HTTP/1.1)
HTTP/1.1 200 OK
Content-Type: application/json; charset=utf-8
cache-control: no-cache
content-length: 169

16:04:32.776 [AsyncHttpClient-1-8] DEBUG org.asynchttpclient.netty.channel.ChannelManager - Adding key: http://localhost:57737 for channel [id: 0xe36acfab, L:/127.0.0.1:53488 - R:localhost/127.0.0.1:57737]
16:04:32.792 [Forwarding getElementText on session 1227fd2447815cfceb562f21163e8099 to remote] DEBUG org.asynchttpclient.netty.request.NettyRequestSender - Using pooled Channel '[id: 0xe36acfab, L:/127.0.0.1:53488 - R:localhost/127.0.0.1:57737]' for 'GET' to 'http://localhost:57737/session/1227fd2447815cfceb562f21163e8099/element/41b0b9a8-0eea-43af-ba26-b64a16864e01/text'
16:04:32.793 [Forwarding getElementText on session 1227fd2447815cfceb562f21163e8099 to remote] DEBUG org.asynchttpclient.netty.request.NettyRequestSender - Using open Channel [id: 0xe36acfab, L:/127.0.0.1:53488 - R:localhost/127.0.0.1:57737] for GET '/session/1227fd2447815cfceb562f21163e8099/element/41b0b9a8-0eea-43af-ba26-b64a16864e01/text'
16:04:32.806 [AsyncHttpClient-1-8] DEBUG org.asynchttpclient.netty.handler.HttpHandler - 

Request DefaultFullHttpRequest(decodeResult: success, version: HTTP/1.1, content: EmptyByteBufBE)
GET /session/1227fd2447815cfceb562f21163e8099/element/41b0b9a8-0eea-43af-ba26-b64a16864e01/text HTTP/1.1
User-Agent: selenium/4.1.2 (java windows)
Cache-Control: no-cache
Content-Type: application/json; charset=utf-8
host: localhost:57737
accept: */*

Response DefaultHttpResponse(decodeResult: success, version: HTTP/1.1)
HTTP/1.1 200 OK
Content-Type: application/json; charset=utf-8
cache-control: no-cache
content-length: 18

16:04:32.806 [AsyncHttpClient-1-8] DEBUG org.asynchttpclient.netty.channel.ChannelManager - Adding key: http://localhost:57737 for channel [id: 0xe36acfab, L:/127.0.0.1:53488 - R:localhost/127.0.0.1:57737]
16:04:32.818 [Forwarding screenshot on session 1227fd2447815cfceb562f21163e8099 to remote] DEBUG org.asynchttpclient.netty.request.NettyRequestSender - Using pooled Channel '[id: 0xe36acfab, L:/127.0.0.1:53488 - R:localhost/127.0.0.1:57737]' for 'GET' to 'http://localhost:57737/session/1227fd2447815cfceb562f21163e8099/screenshot'
16:04:32.818 [Forwarding screenshot on session 1227fd2447815cfceb562f21163e8099 to remote] DEBUG org.asynchttpclient.netty.request.NettyRequestSender - Using open Channel [id: 0xe36acfab, L:/127.0.0.1:53488 - R:localhost/127.0.0.1:57737] for GET '/session/1227fd2447815cfceb562f21163e8099/screenshot'
16:04:32.910 [AsyncHttpClient-1-8] DEBUG org.asynchttpclient.netty.handler.HttpHandler - 

Request DefaultFullHttpRequest(decodeResult: success, version: HTTP/1.1, content: EmptyByteBufBE)
GET /session/1227fd2447815cfceb562f21163e8099/screenshot HTTP/1.1
User-Agent: selenium/4.1.2 (java windows)
Cache-Control: no-cache
Content-Type: application/json; charset=utf-8
host: localhost:57737
accept: */*

Response DefaultHttpResponse(decodeResult: success, version: HTTP/1.1)
HTTP/1.1 200 OK
Content-Type: application/json; charset=utf-8
cache-control: no-cache
content-length: 112616

16:04:32.910 [AsyncHttpClient-1-8] DEBUG org.asynchttpclient.netty.channel.ChannelManager - Adding key: http://localhost:57737 for channel [id: 0xe36acfab, L:/127.0.0.1:53488 - R:localhost/127.0.0.1:57737]
16:04:32.915 [Test worker] DEBUG net.serenitybdd.core.photography.Darkroom - Send negative for processing for C:\Users\johan\OneDrive\Documentos\KONEX\Pruebas automatizadas\automatizacion_login_backoffice_1v\target\fe1c1766c5c49177fffbda5e383281455043472379e7988497cdf8a7c0213692.png
16:04:33.049 [Forwarding screenshot on session 1227fd2447815cfceb562f21163e8099 to remote] DEBUG org.asynchttpclient.netty.request.NettyRequestSender - Using pooled Channel '[id: 0xe36acfab, L:/127.0.0.1:53488 - R:localhost/127.0.0.1:57737]' for 'GET' to 'http://localhost:57737/session/1227fd2447815cfceb562f21163e8099/screenshot'
16:04:33.049 [Forwarding screenshot on session 1227fd2447815cfceb562f21163e8099 to remote] DEBUG org.asynchttpclient.netty.request.NettyRequestSender - Using open Channel [id: 0xe36acfab, L:/127.0.0.1:53488 - R:localhost/127.0.0.1:57737] for GET '/session/1227fd2447815cfceb562f21163e8099/screenshot'
16:04:33.174 [AsyncHttpClient-1-8] DEBUG org.asynchttpclient.netty.handler.HttpHandler - 

Request DefaultFullHttpRequest(decodeResult: success, version: HTTP/1.1, content: EmptyByteBufBE)
GET /session/1227fd2447815cfceb562f21163e8099/screenshot HTTP/1.1
User-Agent: selenium/4.1.2 (java windows)
Cache-Control: no-cache
Content-Type: application/json; charset=utf-8
host: localhost:57737
accept: */*

Response DefaultHttpResponse(decodeResult: success, version: HTTP/1.1)
HTTP/1.1 200 OK
Content-Type: application/json; charset=utf-8
cache-control: no-cache
content-length: 112756

16:04:33.174 [AsyncHttpClient-1-8] DEBUG org.asynchttpclient.netty.channel.ChannelManager - Adding key: http://localhost:57737 for channel [id: 0xe36acfab, L:/127.0.0.1:53488 - R:localhost/127.0.0.1:57737]
16:04:33.179 [Test worker] DEBUG net.serenitybdd.core.photography.Darkroom - Send negative for processing for C:\Users\johan\OneDrive\Documentos\KONEX\Pruebas automatizadas\automatizacion_login_backoffice_1v\target\941201df802e4b13fc5ef52e410315b4599881f76b70808404689bc3272409a5.png
16:04:33.179 [Darkroom Processing Line] DEBUG net.serenitybdd.core.photography.DarkroomProcessingLine - Processing screenshot image in /var/screenshots/screenshot-2457496123780992425
16:04:33.179 [Darkroom Processing Line] DEBUG net.serenitybdd.core.photography.DarkroomProcessingLine - Saving screenshot to C:\Users\johan\OneDrive\Documentos\KONEX\Pruebas automatizadas\automatizacion_login_backoffice_1v\target\941201df802e4b13fc5ef52e410315b4599881f76b70808404689bc3272409a5.png
16:04:33.309 [Forwarding screenshot on session 1227fd2447815cfceb562f21163e8099 to remote] DEBUG org.asynchttpclient.netty.request.NettyRequestSender - Using pooled Channel '[id: 0xe36acfab, L:/127.0.0.1:53488 - R:localhost/127.0.0.1:57737]' for 'GET' to 'http://localhost:57737/session/1227fd2447815cfceb562f21163e8099/screenshot'
16:04:33.309 [Forwarding screenshot on session 1227fd2447815cfceb562f21163e8099 to remote] DEBUG org.asynchttpclient.netty.request.NettyRequestSender - Using open Channel [id: 0xe36acfab, L:/127.0.0.1:53488 - R:localhost/127.0.0.1:57737] for GET '/session/1227fd2447815cfceb562f21163e8099/screenshot'
16:04:33.370 [AsyncHttpClient-1-1] DEBUG org.asynchttpclient.netty.channel.DefaultChannelPool - Entry count for : http://localhost:53490 : 1
16:04:33.399 [AsyncHttpClient-1-8] DEBUG org.asynchttpclient.netty.handler.HttpHandler - 

Request DefaultFullHttpRequest(decodeResult: success, version: HTTP/1.1, content: EmptyByteBufBE)
GET /session/1227fd2447815cfceb562f21163e8099/screenshot HTTP/1.1
User-Agent: selenium/4.1.2 (java windows)
Cache-Control: no-cache
Content-Type: application/json; charset=utf-8
host: localhost:57737
accept: */*

Response DefaultHttpResponse(decodeResult: success, version: HTTP/1.1)
HTTP/1.1 200 OK
Content-Type: application/json; charset=utf-8
cache-control: no-cache
content-length: 112756

16:04:33.399 [AsyncHttpClient-1-8] DEBUG org.asynchttpclient.netty.channel.ChannelManager - Adding key: http://localhost:57737 for channel [id: 0xe36acfab, L:/127.0.0.1:53488 - R:localhost/127.0.0.1:57737]
16:04:33.403 [Test worker] DEBUG net.serenitybdd.core.photography.Darkroom - Send negative for processing for C:\Users\johan\OneDrive\Documentos\KONEX\Pruebas automatizadas\automatizacion_login_backoffice_1v\target\941201df802e4b13fc5ef52e410315b4599881f76b70808404689bc3272409a5.png
16:04:33.512 [AsyncHttpClient-1-10] DEBUG org.asynchttpclient.netty.handler.WebSocketHandler - Channel Closed: [id: 0xdf366d5c, L:/127.0.0.1:53498 ! R:localhost/127.0.0.1:53490] with attribute NettyResponseFuture{currentRetry=5,
	isDone=1,
	isCancelled=0,
	asyncHandler=org.asynchttpclient.ws.WebSocketUpgradeHandler@1571fa5,
	nettyRequest=org.asynchttpclient.netty.request.NettyRequest@445591eb,
	future=java.util.concurrent.CompletableFuture@34ac4c68[Completed normally],
	uri=ws://localhost:53490/devtools/browser/6073e799-d65d-48a6-9f38-312810a9ce2f,
	keepAlive=true,
	redirectCount=0,
	timeoutsHolder=null,
	inAuth=0,
	touch=1682024660699}
16:04:33.512 [AsyncHttpClient-1-10] DEBUG org.asynchttpclient.netty.channel.ChannelManager - Closing Channel [id: 0xdf366d5c, L:/127.0.0.1:53498 ! R:localhost/127.0.0.1:53490] 
16:04:33.512 [Driver Command Executor] DEBUG org.asynchttpclient.netty.request.NettyRequestSender - Using pooled Channel '[id: 0xe36acfab, L:/127.0.0.1:53488 - R:localhost/127.0.0.1:57737]' for 'DELETE' to 'http://localhost:57737/session/1227fd2447815cfceb562f21163e8099'
16:04:33.512 [Driver Command Executor] DEBUG org.asynchttpclient.netty.request.NettyRequestSender - Using open Channel [id: 0xe36acfab, L:/127.0.0.1:53488 - R:localhost/127.0.0.1:57737] for DELETE '/session/1227fd2447815cfceb562f21163e8099'
16:04:33.538 [AsyncHttpClient-1-9] DEBUG org.asynchttpclient.netty.handler.HttpHandler - Unexpected I/O exception on channel [id: 0xbe4ad7a2, L:/127.0.0.1:53496 - R:localhost/127.0.0.1:53490]
java.io.IOException: Se ha forzado la interrupción de una conexión existente por el host remoto
	at sun.nio.ch.SocketDispatcher.read0(Native Method)
	at sun.nio.ch.SocketDispatcher.read(SocketDispatcher.java:43)
	at sun.nio.ch.IOUtil.readIntoNativeBuffer(IOUtil.java:223)
	at sun.nio.ch.IOUtil.read(IOUtil.java:192)
	at sun.nio.ch.SocketChannelImpl.read(SocketChannelImpl.java:380)
	at io.netty.buffer.PooledByteBuf.setBytes(PooledByteBuf.java:258)
	at io.netty.buffer.AbstractByteBuf.writeBytes(AbstractByteBuf.java:1132)
	at io.netty.channel.socket.nio.NioSocketChannel.doReadBytes(NioSocketChannel.java:350)
	at io.netty.channel.nio.AbstractNioByteChannel$NioByteUnsafe.read(AbstractNioByteChannel.java:151)
	at io.netty.channel.nio.NioEventLoop.processSelectedKey(NioEventLoop.java:722)
	at io.netty.channel.nio.NioEventLoop.processSelectedKeysOptimized(NioEventLoop.java:658)
	at io.netty.channel.nio.NioEventLoop.processSelectedKeys(NioEventLoop.java:584)
	at io.netty.channel.nio.NioEventLoop.run(NioEventLoop.java:496)
	at io.netty.util.concurrent.SingleThreadEventExecutor$4.run(SingleThreadEventExecutor.java:986)
	at io.netty.util.internal.ThreadExecutorMap$2.run(ThreadExecutorMap.java:74)
	at io.netty.util.concurrent.FastThreadLocalRunnable.run(FastThreadLocalRunnable.java:30)
	at java.lang.Thread.run(Thread.java:748)
16:04:33.539 [AsyncHttpClient-1-9] DEBUG org.asynchttpclient.netty.channel.ChannelManager - Closing Channel [id: 0xbe4ad7a2, L:/127.0.0.1:53496 - R:localhost/127.0.0.1:53490] 
16:04:33.539 [AsyncHttpClient-1-9] DEBUG org.asynchttpclient.netty.handler.HttpHandler - Channel Closed: [id: 0xbe4ad7a2, L:/127.0.0.1:53496 ! R:localhost/127.0.0.1:53490] with attribute DISCARD
16:04:33.557 [AsyncHttpClient-1-8] DEBUG org.asynchttpclient.netty.handler.HttpHandler - 

Request DefaultFullHttpRequest(decodeResult: success, version: HTTP/1.1, content: EmptyByteBufBE)
DELETE /session/1227fd2447815cfceb562f21163e8099 HTTP/1.1
User-Agent: selenium/4.1.2 (java windows)
Content-Type: application/json; charset=utf-8
host: localhost:57737
accept: */*

Response DefaultHttpResponse(decodeResult: success, version: HTTP/1.1)
HTTP/1.1 200 OK
Content-Type: application/json; charset=utf-8
cache-control: no-cache
content-length: 14

16:04:33.557 [AsyncHttpClient-1-8] DEBUG org.asynchttpclient.netty.channel.ChannelManager - Adding key: http://localhost:57737 for channel [id: 0xe36acfab, L:/127.0.0.1:53488 - R:localhost/127.0.0.1:57737]
16:04:33.639 [AsyncHttpClient-1-8] DEBUG org.asynchttpclient.netty.handler.HttpHandler - Channel Closed: [id: 0xe36acfab, L:/127.0.0.1:53488 ! R:localhost/127.0.0.1:57737] with attribute DISCARD
16:04:34.183 [Test worker] INFO io.cucumber.core.plugin.SerenityReporter - Running feature from file:///C:/Users/johan/OneDrive/Documentos/KONEX/Pruebas%20automatizadas/automatizacion_login_backoffice_1v/src/test/resources/features/login_backoffice.feature
16:04:34.189 [Test worker] INFO  - 
  _____   ___   ___   _____     ___   _____     _     ___   _____   ___   ___  
 |_   _| | __| / __| |_   _|   / __| |_   _|   /_\   | _ \ |_   _| | __| |   \ 
   | |   | _|  \__ \   | |     \__ \   | |    / _ \  |   /   | |   | _|  | |) |
   |_|   |___| |___/   |_|     |___/   |_|   /_/ \_\ |_|_\   |_|   |___| |___/ 

Verificar el ingreso de un usuario de manera erronea(verificar-el-login-con-diferentes-usuarios;verificar-el-ingreso-de-un-usuario-de-manera-erronea)
--------------------------------------------------------------------------------
16:04:34.220 [Test worker] DEBUG net.thucydides.core.steps.StepInterceptor - STARTING STEP: MyStepdefinitions.queElUsuarioIngresaAlBackoffice - performAs
16:04:34.228 [Test worker] DEBUG net.thucydides.core.steps.StepInterceptor - STARTING STEP: AbrirPag.performAs - {0} opens the #targetPage
16:04:34.297 [Test worker] INFO net.serenitybdd.core.webdriver.driverproviders.ChromeDriverProvider - Using automatically driver download
16:04:34.475 [AsyncHttpClient-1-1] DEBUG org.asynchttpclient.netty.channel.DefaultChannelPool - Entry count for : http://localhost:57737 : 1
16:04:34.475 [AsyncHttpClient-1-1] DEBUG org.asynchttpclient.netty.channel.DefaultChannelPool - Entry count for : http://localhost:53490 : 1
16:04:34.475 [AsyncHttpClient-1-1] DEBUG org.asynchttpclient.netty.channel.DefaultChannelPool - Adding Candidate expired Channel [id: 0xe36acfab, L:/127.0.0.1:53488 ! R:localhost/127.0.0.1:57737] isIdleTimeoutExpired=false isRemotelyClosed=true isTtlExpired=false
16:04:34.475 [AsyncHttpClient-1-1] DEBUG org.asynchttpclient.netty.channel.DefaultChannelPool - Closing Idle Channel [id: 0xe36acfab, L:/127.0.0.1:53488 ! R:localhost/127.0.0.1:57737]
16:04:34.476 [AsyncHttpClient-1-1] DEBUG org.asynchttpclient.netty.channel.DefaultChannelPool - Adding Candidate expired Channel [id: 0xbe4ad7a2, L:/127.0.0.1:53496 ! R:localhost/127.0.0.1:53490] isIdleTimeoutExpired=false isRemotelyClosed=true isTtlExpired=false
16:04:34.476 [AsyncHttpClient-1-1] DEBUG org.asynchttpclient.netty.channel.DefaultChannelPool - Closing Idle Channel [id: 0xbe4ad7a2, L:/127.0.0.1:53496 ! R:localhost/127.0.0.1:53490]
16:04:34.476 [AsyncHttpClient-1-1] DEBUG org.asynchttpclient.netty.channel.DefaultChannelPool - Closed 2 connections out of 2 in 1 ms
16:04:34.761 [Test worker] DEBUG io.github.bonigarcia.wdm.cache.ResolutionCache - Resolution chrome=112 in cache (valid until 16:37:15 20/04/2023 COT)
16:04:34.762 [Test worker] DEBUG io.github.bonigarcia.wdm.cache.ResolutionCache - Resolution chrome112=112.0.5615.49 in cache (valid until 15:46:23 21/04/2023 COT)
16:04:34.762 [Test worker] INFO io.github.bonigarcia.wdm.WebDriverManager - Using chromedriver 112.0.5615.49 (resolved driver for Chrome 112)
16:04:34.771 [Test worker] DEBUG io.github.bonigarcia.wdm.WebDriverManager - Driver chromedriver 112.0.5615.49 found in cache
16:04:34.772 [Test worker] INFO io.github.bonigarcia.wdm.WebDriverManager - Exporting webdriver.chrome.driver as C:\Users\johan\.cache\selenium\chromedriver\win32\112.0.5615.49\chromedriver.exe
16:04:34.998 [Test worker] DEBUG net.serenitybdd.core.webdriver.driverproviders.ProvideNewDriver - Instantiating driver
16:04:34.998 [Test worker] DEBUG net.serenitybdd.core.webdriver.driverproviders.ProvideNewDriver - Driver capabilities: Capabilities {acceptInsecureCerts: false, autodownload: true, browserName: chrome, chrome.silentOutput: true, driver: chrome, goog:chromeOptions: {args: [--start-maximized --disable...], extensions: []}}
16:04:35.557 [AsyncHttpClient-1-11] DEBUG org.asynchttpclient.netty.channel.NettyConnectListener - Using new Channel '[id: 0x3437d858, L:/127.0.0.1:53525 - R:localhost/127.0.0.1:53200]' for 'POST' to '/session'
16:04:37.075 [AsyncHttpClient-1-11] DEBUG org.asynchttpclient.netty.handler.HttpHandler - 

Request DefaultHttpRequest(decodeResult: success, version: HTTP/1.1)
POST /session HTTP/1.1
User-Agent: selenium/4.1.2 (java windows)
Content-Length: 776
Content-Type: application/json; charset=utf-8
host: localhost:53200
accept: */*

Response DefaultHttpResponse(decodeResult: success, version: HTTP/1.1)
HTTP/1.1 200 OK
Content-Type: application/json; charset=utf-8
cache-control: no-cache
content-length: 860

16:04:37.076 [AsyncHttpClient-1-11] DEBUG org.asynchttpclient.netty.channel.ChannelManager - Adding key: http://localhost:53200 for channel [id: 0x3437d858, L:/127.0.0.1:53525 - R:localhost/127.0.0.1:53200]
16:04:37.088 [AsyncHttpClient-1-12] DEBUG org.asynchttpclient.netty.channel.NettyConnectListener - Using new Channel '[id: 0x10621401, L:/127.0.0.1:53533 - R:localhost/127.0.0.1:53527]' for 'GET' to '/json/version'
16:04:37.090 [AsyncHttpClient-1-12] DEBUG org.asynchttpclient.netty.handler.HttpHandler - 

Request DefaultFullHttpRequest(decodeResult: success, version: HTTP/1.1, content: EmptyByteBufBE)
GET /json/version HTTP/1.1
User-Agent: selenium/4.1.2 (java windows)
host: localhost:53527
accept: */*

Response DefaultHttpResponse(decodeResult: success, version: HTTP/1.1)
HTTP/1.1 200 OK
Content-Security-Policy: frame-ancestors 'none'
Content-Type: application/json; charset=UTF-8
content-length: 424

16:04:37.091 [AsyncHttpClient-1-12] DEBUG org.asynchttpclient.netty.channel.ChannelManager - Adding key: http://localhost:53527 for channel [id: 0x10621401, L:/127.0.0.1:53533 - R:localhost/127.0.0.1:53527]
16:04:37.105 [AsyncHttpClient-1-13] DEBUG org.asynchttpclient.netty.channel.NettyConnectListener - Using new Channel '[id: 0xfa465627, L:/127.0.0.1:53534 - R:localhost/127.0.0.1:53527]' for 'GET' to '/devtools/browser/0b24adb6-f64b-4552-8faa-92bed29d34ba'
16:04:37.106 [AsyncHttpClient-1-13] DEBUG org.asynchttpclient.netty.handler.WebSocketHandler - 

Request DefaultFullHttpRequest(decodeResult: success, version: HTTP/1.1, content: EmptyByteBufBE)
GET /devtools/browser/0b24adb6-f64b-4552-8faa-92bed29d34ba HTTP/1.1
upgrade: websocket
connection: upgrade
sec-websocket-key: nUkj8eMTqfnK2SnljvC+qg==
sec-websocket-version: 13
origin: http://localhost:53527
host: localhost:53527
accept: */*
user-agent: AHC/2.1

Response DefaultHttpResponse(decodeResult: success, version: HTTP/1.1)
HTTP/1.1 101 WebSocket Protocol Handshake
Upgrade: WebSocket
Connection: Upgrade
Sec-WebSocket-Accept: cAOU7m6RGuZGx0L1njk/FsAsNjA=

16:04:37.115 [Forwarding get on session 298a1ee96b6b50182dd18a3b8d048d9f to remote] DEBUG org.asynchttpclient.netty.request.NettyRequestSender - Using pooled Channel '[id: 0x3437d858, L:/127.0.0.1:53525 - R:localhost/127.0.0.1:53200]' for 'POST' to 'http://localhost:53200/session/298a1ee96b6b50182dd18a3b8d048d9f/url'
16:04:37.115 [Forwarding get on session 298a1ee96b6b50182dd18a3b8d048d9f to remote] DEBUG org.asynchttpclient.netty.request.NettyRequestSender - Using open Channel [id: 0x3437d858, L:/127.0.0.1:53525 - R:localhost/127.0.0.1:53200] for POST '/session/298a1ee96b6b50182dd18a3b8d048d9f/url'
16:04:37.773 [AsyncHttpClient-1-1] DEBUG org.asynchttpclient.netty.channel.DefaultChannelPool - Entry count for : http://localhost:53527 : 1
16:04:38.878 [AsyncHttpClient-1-1] DEBUG org.asynchttpclient.netty.channel.DefaultChannelPool - Entry count for : http://localhost:53527 : 1
16:04:39.111 [AsyncHttpClient-1-11] DEBUG org.asynchttpclient.netty.handler.HttpHandler - 

Request DefaultHttpRequest(decodeResult: success, version: HTTP/1.1)
POST /session/298a1ee96b6b50182dd18a3b8d048d9f/url HTTP/1.1
User-Agent: selenium/4.1.2 (java windows)
Content-Length: 80
Content-Type: application/json; charset=utf-8
host: localhost:53200
accept: */*

Response DefaultHttpResponse(decodeResult: success, version: HTTP/1.1)
HTTP/1.1 200 OK
Content-Type: application/json; charset=utf-8
cache-control: no-cache
content-length: 14

16:04:39.111 [AsyncHttpClient-1-11] DEBUG org.asynchttpclient.netty.channel.ChannelManager - Adding key: http://localhost:53200 for channel [id: 0x3437d858, L:/127.0.0.1:53525 - R:localhost/127.0.0.1:53200]
16:04:39.113 [Forwarding setTimeout on session 298a1ee96b6b50182dd18a3b8d048d9f to remote] DEBUG org.asynchttpclient.netty.request.NettyRequestSender - Using pooled Channel '[id: 0x3437d858, L:/127.0.0.1:53525 - R:localhost/127.0.0.1:53200]' for 'POST' to 'http://localhost:53200/session/298a1ee96b6b50182dd18a3b8d048d9f/timeouts'
16:04:39.113 [Forwarding setTimeout on session 298a1ee96b6b50182dd18a3b8d048d9f to remote] DEBUG org.asynchttpclient.netty.request.NettyRequestSender - Using open Channel [id: 0x3437d858, L:/127.0.0.1:53525 - R:localhost/127.0.0.1:53200] for POST '/session/298a1ee96b6b50182dd18a3b8d048d9f/timeouts'
16:04:39.116 [AsyncHttpClient-1-11] DEBUG org.asynchttpclient.netty.handler.HttpHandler - 

Request DefaultHttpRequest(decodeResult: success, version: HTTP/1.1)
POST /session/298a1ee96b6b50182dd18a3b8d048d9f/timeouts HTTP/1.1
User-Agent: selenium/4.1.2 (java windows)
Content-Length: 22
Content-Type: application/json; charset=utf-8
host: localhost:53200
accept: */*

Response DefaultHttpResponse(decodeResult: success, version: HTTP/1.1)
HTTP/1.1 200 OK
Content-Type: application/json; charset=utf-8
cache-control: no-cache
content-length: 14

16:04:39.116 [AsyncHttpClient-1-11] DEBUG org.asynchttpclient.netty.channel.ChannelManager - Adding key: http://localhost:53200 for channel [id: 0x3437d858, L:/127.0.0.1:53525 - R:localhost/127.0.0.1:53200]
16:04:39.134 [Forwarding getCurrentUrl on session 298a1ee96b6b50182dd18a3b8d048d9f to remote] DEBUG org.asynchttpclient.netty.request.NettyRequestSender - Using pooled Channel '[id: 0x3437d858, L:/127.0.0.1:53525 - R:localhost/127.0.0.1:53200]' for 'GET' to 'http://localhost:53200/session/298a1ee96b6b50182dd18a3b8d048d9f/url'
16:04:39.134 [Forwarding getCurrentUrl on session 298a1ee96b6b50182dd18a3b8d048d9f to remote] DEBUG org.asynchttpclient.netty.request.NettyRequestSender - Using open Channel [id: 0x3437d858, L:/127.0.0.1:53525 - R:localhost/127.0.0.1:53200] for GET '/session/298a1ee96b6b50182dd18a3b8d048d9f/url'
16:04:39.141 [AsyncHttpClient-1-11] DEBUG org.asynchttpclient.netty.handler.HttpHandler - 

Request DefaultFullHttpRequest(decodeResult: success, version: HTTP/1.1, content: EmptyByteBufBE)
GET /session/298a1ee96b6b50182dd18a3b8d048d9f/url HTTP/1.1
User-Agent: selenium/4.1.2 (java windows)
Cache-Control: no-cache
Content-Type: application/json; charset=utf-8
host: localhost:53200
accept: */*

Response DefaultHttpResponse(decodeResult: success, version: HTTP/1.1)
HTTP/1.1 200 OK
Content-Type: application/json; charset=utf-8
cache-control: no-cache
content-length: 57

16:04:39.141 [AsyncHttpClient-1-11] DEBUG org.asynchttpclient.netty.channel.ChannelManager - Adding key: http://localhost:53200 for channel [id: 0x3437d858, L:/127.0.0.1:53525 - R:localhost/127.0.0.1:53200]
16:04:39.166 [Forwarding getCurrentUrl on session 298a1ee96b6b50182dd18a3b8d048d9f to remote] DEBUG org.asynchttpclient.netty.request.NettyRequestSender - Using pooled Channel '[id: 0x3437d858, L:/127.0.0.1:53525 - R:localhost/127.0.0.1:53200]' for 'GET' to 'http://localhost:53200/session/298a1ee96b6b50182dd18a3b8d048d9f/url'
16:04:39.166 [Forwarding getCurrentUrl on session 298a1ee96b6b50182dd18a3b8d048d9f to remote] DEBUG org.asynchttpclient.netty.request.NettyRequestSender - Using open Channel [id: 0x3437d858, L:/127.0.0.1:53525 - R:localhost/127.0.0.1:53200] for GET '/session/298a1ee96b6b50182dd18a3b8d048d9f/url'
16:04:39.172 [AsyncHttpClient-1-11] DEBUG org.asynchttpclient.netty.handler.HttpHandler - 

Request DefaultFullHttpRequest(decodeResult: success, version: HTTP/1.1, content: EmptyByteBufBE)
GET /session/298a1ee96b6b50182dd18a3b8d048d9f/url HTTP/1.1
User-Agent: selenium/4.1.2 (java windows)
Cache-Control: no-cache
Content-Type: application/json; charset=utf-8
host: localhost:53200
accept: */*

Response DefaultHttpResponse(decodeResult: success, version: HTTP/1.1)
HTTP/1.1 200 OK
Content-Type: application/json; charset=utf-8
cache-control: no-cache
content-length: 57

16:04:39.172 [AsyncHttpClient-1-11] DEBUG org.asynchttpclient.netty.channel.ChannelManager - Adding key: http://localhost:53200 for channel [id: 0x3437d858, L:/127.0.0.1:53525 - R:localhost/127.0.0.1:53200]
16:04:39.188 [Forwarding screenshot on session 298a1ee96b6b50182dd18a3b8d048d9f to remote] DEBUG org.asynchttpclient.netty.request.NettyRequestSender - Using pooled Channel '[id: 0x3437d858, L:/127.0.0.1:53525 - R:localhost/127.0.0.1:53200]' for 'GET' to 'http://localhost:53200/session/298a1ee96b6b50182dd18a3b8d048d9f/screenshot'
16:04:39.188 [Forwarding screenshot on session 298a1ee96b6b50182dd18a3b8d048d9f to remote] DEBUG org.asynchttpclient.netty.request.NettyRequestSender - Using open Channel [id: 0x3437d858, L:/127.0.0.1:53525 - R:localhost/127.0.0.1:53200] for GET '/session/298a1ee96b6b50182dd18a3b8d048d9f/screenshot'
16:04:39.414 [AsyncHttpClient-1-11] DEBUG org.asynchttpclient.netty.handler.HttpHandler - 

Request DefaultFullHttpRequest(decodeResult: success, version: HTTP/1.1, content: EmptyByteBufBE)
GET /session/298a1ee96b6b50182dd18a3b8d048d9f/screenshot HTTP/1.1
User-Agent: selenium/4.1.2 (java windows)
Cache-Control: no-cache
Content-Type: application/json; charset=utf-8
host: localhost:53200
accept: */*

Response DefaultHttpResponse(decodeResult: success, version: HTTP/1.1)
HTTP/1.1 200 OK
Content-Type: application/json; charset=utf-8
cache-control: no-cache
content-length: 379740

16:04:39.415 [AsyncHttpClient-1-11] DEBUG org.asynchttpclient.netty.channel.ChannelManager - Adding key: http://localhost:53200 for channel [id: 0x3437d858, L:/127.0.0.1:53525 - R:localhost/127.0.0.1:53200]
16:04:39.428 [Test worker] DEBUG net.serenitybdd.core.photography.Darkroom - Send negative for processing for C:\Users\johan\OneDrive\Documentos\KONEX\Pruebas automatizadas\automatizacion_login_backoffice_1v\target\2906e0e514c90d11ffaf03067b12110de544ee879fa76ed63b517fad1e2e3380.png
16:04:39.537 [Test worker] DEBUG net.thucydides.core.steps.StepInterceptor - STEP DONE: {0} opens the #targetPage
16:04:39.568 [Forwarding screenshot on session 298a1ee96b6b50182dd18a3b8d048d9f to remote] DEBUG org.asynchttpclient.netty.request.NettyRequestSender - Using pooled Channel '[id: 0x3437d858, L:/127.0.0.1:53525 - R:localhost/127.0.0.1:53200]' for 'GET' to 'http://localhost:53200/session/298a1ee96b6b50182dd18a3b8d048d9f/screenshot'
16:04:39.568 [Forwarding screenshot on session 298a1ee96b6b50182dd18a3b8d048d9f to remote] DEBUG org.asynchttpclient.netty.request.NettyRequestSender - Using open Channel [id: 0x3437d858, L:/127.0.0.1:53525 - R:localhost/127.0.0.1:53200] for GET '/session/298a1ee96b6b50182dd18a3b8d048d9f/screenshot'
16:04:39.774 [AsyncHttpClient-1-11] DEBUG org.asynchttpclient.netty.handler.HttpHandler - 

Request DefaultFullHttpRequest(decodeResult: success, version: HTTP/1.1, content: EmptyByteBufBE)
GET /session/298a1ee96b6b50182dd18a3b8d048d9f/screenshot HTTP/1.1
User-Agent: selenium/4.1.2 (java windows)
Cache-Control: no-cache
Content-Type: application/json; charset=utf-8
host: localhost:53200
accept: */*

Response DefaultHttpResponse(decodeResult: success, version: HTTP/1.1)
HTTP/1.1 200 OK
Content-Type: application/json; charset=utf-8
cache-control: no-cache
content-length: 379740

16:04:39.775 [AsyncHttpClient-1-11] DEBUG org.asynchttpclient.netty.channel.ChannelManager - Adding key: http://localhost:53200 for channel [id: 0x3437d858, L:/127.0.0.1:53525 - R:localhost/127.0.0.1:53200]
16:04:39.787 [Test worker] DEBUG net.serenitybdd.core.photography.Darkroom - Send negative for processing for C:\Users\johan\OneDrive\Documentos\KONEX\Pruebas automatizadas\automatizacion_login_backoffice_1v\target\2906e0e514c90d11ffaf03067b12110de544ee879fa76ed63b517fad1e2e3380.png
16:04:39.900 [Test worker] DEBUG net.thucydides.core.steps.StepInterceptor - STEP DONE: performAs
16:04:39.952 [Forwarding screenshot on session 298a1ee96b6b50182dd18a3b8d048d9f to remote] DEBUG org.asynchttpclient.netty.request.NettyRequestSender - Using pooled Channel '[id: 0x3437d858, L:/127.0.0.1:53525 - R:localhost/127.0.0.1:53200]' for 'GET' to 'http://localhost:53200/session/298a1ee96b6b50182dd18a3b8d048d9f/screenshot'
16:04:39.952 [Forwarding screenshot on session 298a1ee96b6b50182dd18a3b8d048d9f to remote] DEBUG org.asynchttpclient.netty.request.NettyRequestSender - Using open Channel [id: 0x3437d858, L:/127.0.0.1:53525 - R:localhost/127.0.0.1:53200] for GET '/session/298a1ee96b6b50182dd18a3b8d048d9f/screenshot'
16:04:39.970 [AsyncHttpClient-1-1] DEBUG org.asynchttpclient.netty.channel.DefaultChannelPool - Entry count for : http://localhost:53527 : 1
16:04:40.135 [AsyncHttpClient-1-11] DEBUG org.asynchttpclient.netty.handler.HttpHandler - 

Request DefaultFullHttpRequest(decodeResult: success, version: HTTP/1.1, content: EmptyByteBufBE)
GET /session/298a1ee96b6b50182dd18a3b8d048d9f/screenshot HTTP/1.1
User-Agent: selenium/4.1.2 (java windows)
Cache-Control: no-cache
Content-Type: application/json; charset=utf-8
host: localhost:53200
accept: */*

Response DefaultHttpResponse(decodeResult: success, version: HTTP/1.1)
HTTP/1.1 200 OK
Content-Type: application/json; charset=utf-8
cache-control: no-cache
content-length: 379772

16:04:40.136 [AsyncHttpClient-1-11] DEBUG org.asynchttpclient.netty.channel.ChannelManager - Adding key: http://localhost:53200 for channel [id: 0x3437d858, L:/127.0.0.1:53525 - R:localhost/127.0.0.1:53200]
16:04:40.148 [Test worker] DEBUG net.serenitybdd.core.photography.Darkroom - Send negative for processing for C:\Users\johan\OneDrive\Documentos\KONEX\Pruebas automatizadas\automatizacion_login_backoffice_1v\target\827eba772fc8c0a7b9dfb33684fbbfab2dbf1f790c8339d229e180e243a6dda7.png
16:04:40.307 [Forwarding screenshot on session 298a1ee96b6b50182dd18a3b8d048d9f to remote] DEBUG org.asynchttpclient.netty.request.NettyRequestSender - Using pooled Channel '[id: 0x3437d858, L:/127.0.0.1:53525 - R:localhost/127.0.0.1:53200]' for 'GET' to 'http://localhost:53200/session/298a1ee96b6b50182dd18a3b8d048d9f/screenshot'
16:04:40.307 [Forwarding screenshot on session 298a1ee96b6b50182dd18a3b8d048d9f to remote] DEBUG org.asynchttpclient.netty.request.NettyRequestSender - Using open Channel [id: 0x3437d858, L:/127.0.0.1:53525 - R:localhost/127.0.0.1:53200] for GET '/session/298a1ee96b6b50182dd18a3b8d048d9f/screenshot'
16:04:40.518 [AsyncHttpClient-1-11] DEBUG org.asynchttpclient.netty.handler.HttpHandler - 

Request DefaultFullHttpRequest(decodeResult: success, version: HTTP/1.1, content: EmptyByteBufBE)
GET /session/298a1ee96b6b50182dd18a3b8d048d9f/screenshot HTTP/1.1
User-Agent: selenium/4.1.2 (java windows)
Cache-Control: no-cache
Content-Type: application/json; charset=utf-8
host: localhost:53200
accept: */*

Response DefaultHttpResponse(decodeResult: success, version: HTTP/1.1)
HTTP/1.1 200 OK
Content-Type: application/json; charset=utf-8
cache-control: no-cache
content-length: 379740

16:04:40.519 [AsyncHttpClient-1-11] DEBUG org.asynchttpclient.netty.channel.ChannelManager - Adding key: http://localhost:53200 for channel [id: 0x3437d858, L:/127.0.0.1:53525 - R:localhost/127.0.0.1:53200]
16:04:40.532 [Test worker] DEBUG net.serenitybdd.core.photography.Darkroom - Send negative for processing for C:\Users\johan\OneDrive\Documentos\KONEX\Pruebas automatizadas\automatizacion_login_backoffice_1v\target\2906e0e514c90d11ffaf03067b12110de544ee879fa76ed63b517fad1e2e3380.png
16:04:40.549 [Test worker] DEBUG net.thucydides.core.steps.StepInterceptor - STARTING STEP: MyStepdefinitions.digitaUsuarioYContrasennaDelUsuario - performAs
16:04:40.568 [Test worker] DEBUG net.thucydides.core.steps.StepInterceptor - STARTING STEP: IngresarBack.performAs - {0} enters #theTextAsAString into #target
16:04:40.578 [Test worker] DEBUG net.serenitybdd.screenplay.targets.IFrameSwitcher - default content already selected for Datos para campo de usuario
16:04:40.578 [Test worker] DEBUG net.serenitybdd.core.pages.WebElementFacadeImpl - Type '[Ljava.lang.CharSequence;@32328dc4' : By.id: username
16:04:40.612 [Forwarding findElement on session 298a1ee96b6b50182dd18a3b8d048d9f to remote] DEBUG org.asynchttpclient.netty.request.NettyRequestSender - Using pooled Channel '[id: 0x3437d858, L:/127.0.0.1:53525 - R:localhost/127.0.0.1:53200]' for 'POST' to 'http://localhost:53200/session/298a1ee96b6b50182dd18a3b8d048d9f/element'
16:04:40.612 [Forwarding findElement on session 298a1ee96b6b50182dd18a3b8d048d9f to remote] DEBUG org.asynchttpclient.netty.request.NettyRequestSender - Using open Channel [id: 0x3437d858, L:/127.0.0.1:53525 - R:localhost/127.0.0.1:53200] for POST '/session/298a1ee96b6b50182dd18a3b8d048d9f/element'
16:04:40.628 [AsyncHttpClient-1-11] DEBUG org.asynchttpclient.netty.handler.HttpHandler - 

Request DefaultHttpRequest(decodeResult: success, version: HTTP/1.1)
POST /session/298a1ee96b6b50182dd18a3b8d048d9f/element HTTP/1.1
User-Agent: selenium/4.1.2 (java windows)
Content-Length: 53
Content-Type: application/json; charset=utf-8
host: localhost:53200
accept: */*

Response DefaultHttpResponse(decodeResult: success, version: HTTP/1.1)
HTTP/1.1 200 OK
Content-Type: application/json; charset=utf-8
cache-control: no-cache
content-length: 88

16:04:40.628 [AsyncHttpClient-1-11] DEBUG org.asynchttpclient.netty.channel.ChannelManager - Adding key: http://localhost:53200 for channel [id: 0x3437d858, L:/127.0.0.1:53525 - R:localhost/127.0.0.1:53200]
16:04:40.629 [Forwarding clearElement on session 298a1ee96b6b50182dd18a3b8d048d9f to remote] DEBUG org.asynchttpclient.netty.request.NettyRequestSender - Using pooled Channel '[id: 0x3437d858, L:/127.0.0.1:53525 - R:localhost/127.0.0.1:53200]' for 'POST' to 'http://localhost:53200/session/298a1ee96b6b50182dd18a3b8d048d9f/element/b95eb196-a018-4be1-bc00-1991bb38b598/clear'
16:04:40.629 [Forwarding clearElement on session 298a1ee96b6b50182dd18a3b8d048d9f to remote] DEBUG org.asynchttpclient.netty.request.NettyRequestSender - Using open Channel [id: 0x3437d858, L:/127.0.0.1:53525 - R:localhost/127.0.0.1:53200] for POST '/session/298a1ee96b6b50182dd18a3b8d048d9f/element/b95eb196-a018-4be1-bc00-1991bb38b598/clear'
16:04:40.665 [AsyncHttpClient-1-11] DEBUG org.asynchttpclient.netty.handler.HttpHandler - 

Request DefaultHttpRequest(decodeResult: success, version: HTTP/1.1)
POST /session/298a1ee96b6b50182dd18a3b8d048d9f/element/b95eb196-a018-4be1-bc00-1991bb38b598/clear HTTP/1.1
User-Agent: selenium/4.1.2 (java windows)
Content-Length: 50
Content-Type: application/json; charset=utf-8
host: localhost:53200
accept: */*

Response DefaultHttpResponse(decodeResult: success, version: HTTP/1.1)
HTTP/1.1 200 OK
Content-Type: application/json; charset=utf-8
cache-control: no-cache
content-length: 14

16:04:40.665 [AsyncHttpClient-1-11] DEBUG org.asynchttpclient.netty.channel.ChannelManager - Adding key: http://localhost:53200 for channel [id: 0x3437d858, L:/127.0.0.1:53525 - R:localhost/127.0.0.1:53200]
16:04:40.675 [Forwarding sendKeysToElement on session 298a1ee96b6b50182dd18a3b8d048d9f to remote] DEBUG org.asynchttpclient.netty.request.NettyRequestSender - Using pooled Channel '[id: 0x3437d858, L:/127.0.0.1:53525 - R:localhost/127.0.0.1:53200]' for 'POST' to 'http://localhost:53200/session/298a1ee96b6b50182dd18a3b8d048d9f/element/b95eb196-a018-4be1-bc00-1991bb38b598/value'
16:04:40.675 [Forwarding sendKeysToElement on session 298a1ee96b6b50182dd18a3b8d048d9f to remote] DEBUG org.asynchttpclient.netty.request.NettyRequestSender - Using open Channel [id: 0x3437d858, L:/127.0.0.1:53525 - R:localhost/127.0.0.1:53200] for POST '/session/298a1ee96b6b50182dd18a3b8d048d9f/element/b95eb196-a018-4be1-bc00-1991bb38b598/value'
16:04:40.726 [AsyncHttpClient-1-11] DEBUG org.asynchttpclient.netty.handler.HttpHandler - 

Request DefaultHttpRequest(decodeResult: success, version: HTTP/1.1)
POST /session/298a1ee96b6b50182dd18a3b8d048d9f/element/b95eb196-a018-4be1-bc00-1991bb38b598/value HTTP/1.1
User-Agent: selenium/4.1.2 (java windows)
Content-Length: 191
Content-Type: application/json; charset=utf-8
host: localhost:53200
accept: */*

Response DefaultHttpResponse(decodeResult: success, version: HTTP/1.1)
HTTP/1.1 200 OK
Content-Type: application/json; charset=utf-8
cache-control: no-cache
content-length: 14

16:04:40.726 [AsyncHttpClient-1-11] DEBUG org.asynchttpclient.netty.channel.ChannelManager - Adding key: http://localhost:53200 for channel [id: 0x3437d858, L:/127.0.0.1:53525 - R:localhost/127.0.0.1:53200]
16:04:40.741 [Forwarding screenshot on session 298a1ee96b6b50182dd18a3b8d048d9f to remote] DEBUG org.asynchttpclient.netty.request.NettyRequestSender - Using pooled Channel '[id: 0x3437d858, L:/127.0.0.1:53525 - R:localhost/127.0.0.1:53200]' for 'GET' to 'http://localhost:53200/session/298a1ee96b6b50182dd18a3b8d048d9f/screenshot'
16:04:40.741 [Forwarding screenshot on session 298a1ee96b6b50182dd18a3b8d048d9f to remote] DEBUG org.asynchttpclient.netty.request.NettyRequestSender - Using open Channel [id: 0x3437d858, L:/127.0.0.1:53525 - R:localhost/127.0.0.1:53200] for GET '/session/298a1ee96b6b50182dd18a3b8d048d9f/screenshot'
16:04:40.941 [AsyncHttpClient-1-11] DEBUG org.asynchttpclient.netty.handler.HttpHandler - 

Request DefaultFullHttpRequest(decodeResult: success, version: HTTP/1.1, content: EmptyByteBufBE)
GET /session/298a1ee96b6b50182dd18a3b8d048d9f/screenshot HTTP/1.1
User-Agent: selenium/4.1.2 (java windows)
Cache-Control: no-cache
Content-Type: application/json; charset=utf-8
host: localhost:53200
accept: */*

Response DefaultHttpResponse(decodeResult: success, version: HTTP/1.1)
HTTP/1.1 200 OK
Content-Type: application/json; charset=utf-8
cache-control: no-cache
content-length: 378572

16:04:40.942 [AsyncHttpClient-1-11] DEBUG org.asynchttpclient.netty.channel.ChannelManager - Adding key: http://localhost:53200 for channel [id: 0x3437d858, L:/127.0.0.1:53525 - R:localhost/127.0.0.1:53200]
16:04:40.954 [Test worker] DEBUG net.serenitybdd.core.photography.Darkroom - Send negative for processing for C:\Users\johan\OneDrive\Documentos\KONEX\Pruebas automatizadas\automatizacion_login_backoffice_1v\target\006b24e5412277c5de3e2de51cd21d98827689b6fa88dab4e7de0ed1afc6cbb1.png
16:04:41.077 [AsyncHttpClient-1-1] DEBUG org.asynchttpclient.netty.channel.DefaultChannelPool - Entry count for : http://localhost:53527 : 1
16:04:41.077 [AsyncHttpClient-1-1] DEBUG org.asynchttpclient.netty.channel.DefaultChannelPool - Entry count for : http://localhost:53200 : 1
16:04:41.091 [Test worker] DEBUG net.thucydides.core.steps.StepInterceptor - STEP DONE: {0} enters #theTextAsAString into #target
16:04:41.146 [Forwarding screenshot on session 298a1ee96b6b50182dd18a3b8d048d9f to remote] DEBUG org.asynchttpclient.netty.request.NettyRequestSender - Using pooled Channel '[id: 0x3437d858, L:/127.0.0.1:53525 - R:localhost/127.0.0.1:53200]' for 'GET' to 'http://localhost:53200/session/298a1ee96b6b50182dd18a3b8d048d9f/screenshot'
16:04:41.146 [Forwarding screenshot on session 298a1ee96b6b50182dd18a3b8d048d9f to remote] DEBUG org.asynchttpclient.netty.request.NettyRequestSender - Using open Channel [id: 0x3437d858, L:/127.0.0.1:53525 - R:localhost/127.0.0.1:53200] for GET '/session/298a1ee96b6b50182dd18a3b8d048d9f/screenshot'
16:04:41.540 [AsyncHttpClient-1-11] DEBUG org.asynchttpclient.netty.handler.HttpHandler - 

Request DefaultFullHttpRequest(decodeResult: success, version: HTTP/1.1, content: EmptyByteBufBE)
GET /session/298a1ee96b6b50182dd18a3b8d048d9f/screenshot HTTP/1.1
User-Agent: selenium/4.1.2 (java windows)
Cache-Control: no-cache
Content-Type: application/json; charset=utf-8
host: localhost:53200
accept: */*

Response DefaultHttpResponse(decodeResult: success, version: HTTP/1.1)
HTTP/1.1 200 OK
Content-Type: application/json; charset=utf-8
cache-control: no-cache
content-length: 378572

16:04:41.541 [AsyncHttpClient-1-11] DEBUG org.asynchttpclient.netty.channel.ChannelManager - Adding key: http://localhost:53200 for channel [id: 0x3437d858, L:/127.0.0.1:53525 - R:localhost/127.0.0.1:53200]
16:04:41.569 [Test worker] DEBUG net.serenitybdd.core.photography.Darkroom - Send negative for processing for C:\Users\johan\OneDrive\Documentos\KONEX\Pruebas automatizadas\automatizacion_login_backoffice_1v\target\006b24e5412277c5de3e2de51cd21d98827689b6fa88dab4e7de0ed1afc6cbb1.png
16:04:41.570 [Test worker] DEBUG net.thucydides.core.steps.StepInterceptor - STARTING STEP: IngresarBack.performAs - {0} enters #theTextAsAString into #target
16:04:41.593 [Test worker] DEBUG net.serenitybdd.screenplay.targets.IFrameSwitcher - default content already selected for Datos para campo contrasenna
16:04:41.593 [Test worker] DEBUG net.serenitybdd.core.pages.WebElementFacadeImpl - Type '[Ljava.lang.CharSequence;@2acb1264' : By.id: clave
16:04:41.671 [Forwarding findElement on session 298a1ee96b6b50182dd18a3b8d048d9f to remote] DEBUG org.asynchttpclient.netty.request.NettyRequestSender - Using pooled Channel '[id: 0x3437d858, L:/127.0.0.1:53525 - R:localhost/127.0.0.1:53200]' for 'POST' to 'http://localhost:53200/session/298a1ee96b6b50182dd18a3b8d048d9f/element'
16:04:41.672 [Forwarding findElement on session 298a1ee96b6b50182dd18a3b8d048d9f to remote] DEBUG org.asynchttpclient.netty.request.NettyRequestSender - Using open Channel [id: 0x3437d858, L:/127.0.0.1:53525 - R:localhost/127.0.0.1:53200] for POST '/session/298a1ee96b6b50182dd18a3b8d048d9f/element'
16:04:41.692 [AsyncHttpClient-1-11] DEBUG org.asynchttpclient.netty.handler.HttpHandler - 

Request DefaultHttpRequest(decodeResult: success, version: HTTP/1.1)
POST /session/298a1ee96b6b50182dd18a3b8d048d9f/element HTTP/1.1
User-Agent: selenium/4.1.2 (java windows)
Content-Length: 50
Content-Type: application/json; charset=utf-8
host: localhost:53200
accept: */*

Response DefaultHttpResponse(decodeResult: success, version: HTTP/1.1)
HTTP/1.1 200 OK
Content-Type: application/json; charset=utf-8
cache-control: no-cache
content-length: 88

16:04:41.692 [AsyncHttpClient-1-11] DEBUG org.asynchttpclient.netty.channel.ChannelManager - Adding key: http://localhost:53200 for channel [id: 0x3437d858, L:/127.0.0.1:53525 - R:localhost/127.0.0.1:53200]
16:04:41.694 [Forwarding clearElement on session 298a1ee96b6b50182dd18a3b8d048d9f to remote] DEBUG org.asynchttpclient.netty.request.NettyRequestSender - Using pooled Channel '[id: 0x3437d858, L:/127.0.0.1:53525 - R:localhost/127.0.0.1:53200]' for 'POST' to 'http://localhost:53200/session/298a1ee96b6b50182dd18a3b8d048d9f/element/9f3eda82-891f-4199-a322-bdc0ad4b7d38/clear'
16:04:41.694 [Forwarding clearElement on session 298a1ee96b6b50182dd18a3b8d048d9f to remote] DEBUG org.asynchttpclient.netty.request.NettyRequestSender - Using open Channel [id: 0x3437d858, L:/127.0.0.1:53525 - R:localhost/127.0.0.1:53200] for POST '/session/298a1ee96b6b50182dd18a3b8d048d9f/element/9f3eda82-891f-4199-a322-bdc0ad4b7d38/clear'
16:04:41.749 [AsyncHttpClient-1-11] DEBUG org.asynchttpclient.netty.handler.HttpHandler - 

Request DefaultHttpRequest(decodeResult: success, version: HTTP/1.1)
POST /session/298a1ee96b6b50182dd18a3b8d048d9f/element/9f3eda82-891f-4199-a322-bdc0ad4b7d38/clear HTTP/1.1
User-Agent: selenium/4.1.2 (java windows)
Content-Length: 50
Content-Type: application/json; charset=utf-8
host: localhost:53200
accept: */*

Response DefaultHttpResponse(decodeResult: success, version: HTTP/1.1)
HTTP/1.1 200 OK
Content-Type: application/json; charset=utf-8
cache-control: no-cache
content-length: 14

16:04:41.749 [AsyncHttpClient-1-11] DEBUG org.asynchttpclient.netty.channel.ChannelManager - Adding key: http://localhost:53200 for channel [id: 0x3437d858, L:/127.0.0.1:53525 - R:localhost/127.0.0.1:53200]
16:04:41.769 [Forwarding sendKeysToElement on session 298a1ee96b6b50182dd18a3b8d048d9f to remote] DEBUG org.asynchttpclient.netty.request.NettyRequestSender - Using pooled Channel '[id: 0x3437d858, L:/127.0.0.1:53525 - R:localhost/127.0.0.1:53200]' for 'POST' to 'http://localhost:53200/session/298a1ee96b6b50182dd18a3b8d048d9f/element/9f3eda82-891f-4199-a322-bdc0ad4b7d38/value'
16:04:41.769 [Forwarding sendKeysToElement on session 298a1ee96b6b50182dd18a3b8d048d9f to remote] DEBUG org.asynchttpclient.netty.request.NettyRequestSender - Using open Channel [id: 0x3437d858, L:/127.0.0.1:53525 - R:localhost/127.0.0.1:53200] for POST '/session/298a1ee96b6b50182dd18a3b8d048d9f/element/9f3eda82-891f-4199-a322-bdc0ad4b7d38/value'
16:04:41.875 [AsyncHttpClient-1-11] DEBUG org.asynchttpclient.netty.handler.HttpHandler - 

Request DefaultHttpRequest(decodeResult: success, version: HTTP/1.1)
POST /session/298a1ee96b6b50182dd18a3b8d048d9f/element/9f3eda82-891f-4199-a322-bdc0ad4b7d38/value HTTP/1.1
User-Agent: selenium/4.1.2 (java windows)
Content-Length: 211
Content-Type: application/json; charset=utf-8
host: localhost:53200
accept: */*

Response DefaultHttpResponse(decodeResult: success, version: HTTP/1.1)
HTTP/1.1 200 OK
Content-Type: application/json; charset=utf-8
cache-control: no-cache
content-length: 14

16:04:41.875 [AsyncHttpClient-1-11] DEBUG org.asynchttpclient.netty.channel.ChannelManager - Adding key: http://localhost:53200 for channel [id: 0x3437d858, L:/127.0.0.1:53525 - R:localhost/127.0.0.1:53200]
16:04:41.913 [Forwarding screenshot on session 298a1ee96b6b50182dd18a3b8d048d9f to remote] DEBUG org.asynchttpclient.netty.request.NettyRequestSender - Using pooled Channel '[id: 0x3437d858, L:/127.0.0.1:53525 - R:localhost/127.0.0.1:53200]' for 'GET' to 'http://localhost:53200/session/298a1ee96b6b50182dd18a3b8d048d9f/screenshot'
16:04:41.913 [Forwarding screenshot on session 298a1ee96b6b50182dd18a3b8d048d9f to remote] DEBUG org.asynchttpclient.netty.request.NettyRequestSender - Using open Channel [id: 0x3437d858, L:/127.0.0.1:53525 - R:localhost/127.0.0.1:53200] for GET '/session/298a1ee96b6b50182dd18a3b8d048d9f/screenshot'
16:04:42.178 [AsyncHttpClient-1-1] DEBUG org.asynchttpclient.netty.channel.DefaultChannelPool - Entry count for : http://localhost:53527 : 1
16:04:42.314 [AsyncHttpClient-1-11] DEBUG org.asynchttpclient.netty.handler.HttpHandler - 

Request DefaultFullHttpRequest(decodeResult: success, version: HTTP/1.1, content: EmptyByteBufBE)
GET /session/298a1ee96b6b50182dd18a3b8d048d9f/screenshot HTTP/1.1
User-Agent: selenium/4.1.2 (java windows)
Cache-Control: no-cache
Content-Type: application/json; charset=utf-8
host: localhost:53200
accept: */*

Response DefaultHttpResponse(decodeResult: success, version: HTTP/1.1)
HTTP/1.1 200 OK
Content-Type: application/json; charset=utf-8
cache-control: no-cache
content-length: 376356

16:04:42.316 [AsyncHttpClient-1-11] DEBUG org.asynchttpclient.netty.channel.ChannelManager - Adding key: http://localhost:53200 for channel [id: 0x3437d858, L:/127.0.0.1:53525 - R:localhost/127.0.0.1:53200]
16:04:42.341 [Test worker] DEBUG net.serenitybdd.core.photography.Darkroom - Send negative for processing for C:\Users\johan\OneDrive\Documentos\KONEX\Pruebas automatizadas\automatizacion_login_backoffice_1v\target\8f3b4680d4bc987a2e7421df2b03819e3633c37d3a313f1528eec2b60bbcf637.png
16:04:42.494 [Test worker] DEBUG net.thucydides.core.steps.StepInterceptor - STEP DONE: {0} enters #theTextAsAString into #target
16:04:42.530 [Forwarding screenshot on session 298a1ee96b6b50182dd18a3b8d048d9f to remote] DEBUG org.asynchttpclient.netty.request.NettyRequestSender - Using pooled Channel '[id: 0x3437d858, L:/127.0.0.1:53525 - R:localhost/127.0.0.1:53200]' for 'GET' to 'http://localhost:53200/session/298a1ee96b6b50182dd18a3b8d048d9f/screenshot'
16:04:42.530 [Forwarding screenshot on session 298a1ee96b6b50182dd18a3b8d048d9f to remote] DEBUG org.asynchttpclient.netty.request.NettyRequestSender - Using open Channel [id: 0x3437d858, L:/127.0.0.1:53525 - R:localhost/127.0.0.1:53200] for GET '/session/298a1ee96b6b50182dd18a3b8d048d9f/screenshot'
16:04:42.914 [AsyncHttpClient-1-11] DEBUG org.asynchttpclient.netty.handler.HttpHandler - 

Request DefaultFullHttpRequest(decodeResult: success, version: HTTP/1.1, content: EmptyByteBufBE)
GET /session/298a1ee96b6b50182dd18a3b8d048d9f/screenshot HTTP/1.1
User-Agent: selenium/4.1.2 (java windows)
Cache-Control: no-cache
Content-Type: application/json; charset=utf-8
host: localhost:53200
accept: */*

Response DefaultHttpResponse(decodeResult: success, version: HTTP/1.1)
HTTP/1.1 200 OK
Content-Type: application/json; charset=utf-8
cache-control: no-cache
content-length: 376304

16:04:42.915 [AsyncHttpClient-1-11] DEBUG org.asynchttpclient.netty.channel.ChannelManager - Adding key: http://localhost:53200 for channel [id: 0x3437d858, L:/127.0.0.1:53525 - R:localhost/127.0.0.1:53200]
16:04:42.947 [Test worker] DEBUG net.serenitybdd.core.photography.Darkroom - Send negative for processing for C:\Users\johan\OneDrive\Documentos\KONEX\Pruebas automatizadas\automatizacion_login_backoffice_1v\target\57f13a3b963fce0199c55083d3851bc181233f1870f6572733782e3a7a672bad.png
16:04:42.948 [Test worker] DEBUG net.thucydides.core.steps.StepInterceptor - STARTING STEP: IngresarBack.performAs - {0} clicks on #target
16:04:42.949 [Test worker] DEBUG net.serenitybdd.screenplay.targets.IFrameSwitcher - default content already selected for Boton iniciar sesion
16:04:43.068 [Forwarding findElement on session 298a1ee96b6b50182dd18a3b8d048d9f to remote] DEBUG org.asynchttpclient.netty.request.NettyRequestSender - Using pooled Channel '[id: 0x3437d858, L:/127.0.0.1:53525 - R:localhost/127.0.0.1:53200]' for 'POST' to 'http://localhost:53200/session/298a1ee96b6b50182dd18a3b8d048d9f/element'
16:04:43.068 [Forwarding findElement on session 298a1ee96b6b50182dd18a3b8d048d9f to remote] DEBUG org.asynchttpclient.netty.request.NettyRequestSender - Using open Channel [id: 0x3437d858, L:/127.0.0.1:53525 - R:localhost/127.0.0.1:53200] for POST '/session/298a1ee96b6b50182dd18a3b8d048d9f/element'
16:04:43.080 [AsyncHttpClient-1-11] DEBUG org.asynchttpclient.netty.handler.HttpHandler - 

Request DefaultHttpRequest(decodeResult: success, version: HTTP/1.1)
POST /session/298a1ee96b6b50182dd18a3b8d048d9f/element HTTP/1.1
User-Agent: selenium/4.1.2 (java windows)
Content-Length: 89
Content-Type: application/json; charset=utf-8
host: localhost:53200
accept: */*

Response DefaultHttpResponse(decodeResult: success, version: HTTP/1.1)
HTTP/1.1 200 OK
Content-Type: application/json; charset=utf-8
cache-control: no-cache
content-length: 88

16:04:43.080 [AsyncHttpClient-1-11] DEBUG org.asynchttpclient.netty.channel.ChannelManager - Adding key: http://localhost:53200 for channel [id: 0x3437d858, L:/127.0.0.1:53525 - R:localhost/127.0.0.1:53200]
16:04:43.091 [Forwarding isElementDisplayed on session 298a1ee96b6b50182dd18a3b8d048d9f to remote] DEBUG org.asynchttpclient.netty.request.NettyRequestSender - Using pooled Channel '[id: 0x3437d858, L:/127.0.0.1:53525 - R:localhost/127.0.0.1:53200]' for 'POST' to 'http://localhost:53200/session/298a1ee96b6b50182dd18a3b8d048d9f/execute/sync'
16:04:43.091 [Forwarding isElementDisplayed on session 298a1ee96b6b50182dd18a3b8d048d9f to remote] DEBUG org.asynchttpclient.netty.request.NettyRequestSender - Using open Channel [id: 0x3437d858, L:/127.0.0.1:53525 - R:localhost/127.0.0.1:53200] for POST '/session/298a1ee96b6b50182dd18a3b8d048d9f/execute/sync'
16:04:43.105 [AsyncHttpClient-1-11] DEBUG org.asynchttpclient.netty.handler.HttpHandler - 

Request DefaultHttpRequest(decodeResult: success, version: HTTP/1.1)
POST /session/298a1ee96b6b50182dd18a3b8d048d9f/execute/sync HTTP/1.1
User-Agent: selenium/4.1.2 (java windows)
Content-Length: 48780
Content-Type: application/json; charset=utf-8
host: localhost:53200
accept: */*

Response DefaultHttpResponse(decodeResult: success, version: HTTP/1.1)
HTTP/1.1 200 OK
Content-Type: application/json; charset=utf-8
cache-control: no-cache
content-length: 14

16:04:43.105 [AsyncHttpClient-1-11] DEBUG org.asynchttpclient.netty.channel.ChannelManager - Adding key: http://localhost:53200 for channel [id: 0x3437d858, L:/127.0.0.1:53525 - R:localhost/127.0.0.1:53200]
16:04:43.105 [Test worker] DEBUG net.serenitybdd.core.pages.WebElementFacadeImpl - click : By.xpath: //span[contains(text(),'INICIAR SESIÓN')]
16:04:43.125 [Forwarding findElement on session 298a1ee96b6b50182dd18a3b8d048d9f to remote] DEBUG org.asynchttpclient.netty.request.NettyRequestSender - Using pooled Channel '[id: 0x3437d858, L:/127.0.0.1:53525 - R:localhost/127.0.0.1:53200]' for 'POST' to 'http://localhost:53200/session/298a1ee96b6b50182dd18a3b8d048d9f/element'
16:04:43.126 [Forwarding findElement on session 298a1ee96b6b50182dd18a3b8d048d9f to remote] DEBUG org.asynchttpclient.netty.request.NettyRequestSender - Using open Channel [id: 0x3437d858, L:/127.0.0.1:53525 - R:localhost/127.0.0.1:53200] for POST '/session/298a1ee96b6b50182dd18a3b8d048d9f/element'
16:04:43.133 [AsyncHttpClient-1-11] DEBUG org.asynchttpclient.netty.handler.HttpHandler - 

Request DefaultHttpRequest(decodeResult: success, version: HTTP/1.1)
POST /session/298a1ee96b6b50182dd18a3b8d048d9f/element HTTP/1.1
User-Agent: selenium/4.1.2 (java windows)
Content-Length: 89
Content-Type: application/json; charset=utf-8
host: localhost:53200
accept: */*

Response DefaultHttpResponse(decodeResult: success, version: HTTP/1.1)
HTTP/1.1 200 OK
Content-Type: application/json; charset=utf-8
cache-control: no-cache
content-length: 88

16:04:43.133 [AsyncHttpClient-1-11] DEBUG org.asynchttpclient.netty.channel.ChannelManager - Adding key: http://localhost:53200 for channel [id: 0x3437d858, L:/127.0.0.1:53525 - R:localhost/127.0.0.1:53200]
16:04:43.134 [Forwarding clickElement on session 298a1ee96b6b50182dd18a3b8d048d9f to remote] DEBUG org.asynchttpclient.netty.request.NettyRequestSender - Using pooled Channel '[id: 0x3437d858, L:/127.0.0.1:53525 - R:localhost/127.0.0.1:53200]' for 'POST' to 'http://localhost:53200/session/298a1ee96b6b50182dd18a3b8d048d9f/element/aeffee83-b578-452d-9195-fedc22313d1b/click'
16:04:43.134 [Forwarding clickElement on session 298a1ee96b6b50182dd18a3b8d048d9f to remote] DEBUG org.asynchttpclient.netty.request.NettyRequestSender - Using open Channel [id: 0x3437d858, L:/127.0.0.1:53525 - R:localhost/127.0.0.1:53200] for POST '/session/298a1ee96b6b50182dd18a3b8d048d9f/element/aeffee83-b578-452d-9195-fedc22313d1b/click'
16:04:43.170 [AsyncHttpClient-1-11] DEBUG org.asynchttpclient.netty.handler.HttpHandler - 

Request DefaultHttpRequest(decodeResult: success, version: HTTP/1.1)
POST /session/298a1ee96b6b50182dd18a3b8d048d9f/element/aeffee83-b578-452d-9195-fedc22313d1b/click HTTP/1.1
User-Agent: selenium/4.1.2 (java windows)
Content-Length: 50
Content-Type: application/json; charset=utf-8
host: localhost:53200
accept: */*

Response DefaultHttpResponse(decodeResult: success, version: HTTP/1.1)
HTTP/1.1 200 OK
Content-Type: application/json; charset=utf-8
cache-control: no-cache
content-length: 14

16:04:43.170 [AsyncHttpClient-1-11] DEBUG org.asynchttpclient.netty.channel.ChannelManager - Adding key: http://localhost:53200 for channel [id: 0x3437d858, L:/127.0.0.1:53525 - R:localhost/127.0.0.1:53200]
16:04:43.186 [Forwarding screenshot on session 298a1ee96b6b50182dd18a3b8d048d9f to remote] DEBUG org.asynchttpclient.netty.request.NettyRequestSender - Using pooled Channel '[id: 0x3437d858, L:/127.0.0.1:53525 - R:localhost/127.0.0.1:53200]' for 'GET' to 'http://localhost:53200/session/298a1ee96b6b50182dd18a3b8d048d9f/screenshot'
16:04:43.186 [Forwarding screenshot on session 298a1ee96b6b50182dd18a3b8d048d9f to remote] DEBUG org.asynchttpclient.netty.request.NettyRequestSender - Using open Channel [id: 0x3437d858, L:/127.0.0.1:53525 - R:localhost/127.0.0.1:53200] for GET '/session/298a1ee96b6b50182dd18a3b8d048d9f/screenshot'
16:04:43.281 [AsyncHttpClient-1-1] DEBUG org.asynchttpclient.netty.channel.DefaultChannelPool - Entry count for : http://localhost:53527 : 1
16:04:43.411 [AsyncHttpClient-1-11] DEBUG org.asynchttpclient.netty.handler.HttpHandler - 

Request DefaultFullHttpRequest(decodeResult: success, version: HTTP/1.1, content: EmptyByteBufBE)
GET /session/298a1ee96b6b50182dd18a3b8d048d9f/screenshot HTTP/1.1
User-Agent: selenium/4.1.2 (java windows)
Cache-Control: no-cache
Content-Type: application/json; charset=utf-8
host: localhost:53200
accept: */*

Response DefaultHttpResponse(decodeResult: success, version: HTTP/1.1)
HTTP/1.1 200 OK
Content-Type: application/json; charset=utf-8
cache-control: no-cache
content-length: 356204

16:04:43.411 [AsyncHttpClient-1-11] DEBUG org.asynchttpclient.netty.channel.ChannelManager - Adding key: http://localhost:53200 for channel [id: 0x3437d858, L:/127.0.0.1:53525 - R:localhost/127.0.0.1:53200]
16:04:43.431 [Test worker] DEBUG net.serenitybdd.core.photography.Darkroom - Send negative for processing for C:\Users\johan\OneDrive\Documentos\KONEX\Pruebas automatizadas\automatizacion_login_backoffice_1v\target\a8332b6a782a9e134a134971ae0021226806891fbf3f34c5cb35cc604f7357ae.png
16:04:43.432 [Darkroom Processing Line] DEBUG net.serenitybdd.core.photography.DarkroomProcessingLine - Processing screenshot image in /var/screenshots/screenshot-6936908275508884206
16:04:43.432 [Darkroom Processing Line] DEBUG net.serenitybdd.core.photography.DarkroomProcessingLine - Saving screenshot to C:\Users\johan\OneDrive\Documentos\KONEX\Pruebas automatizadas\automatizacion_login_backoffice_1v\target\a8332b6a782a9e134a134971ae0021226806891fbf3f34c5cb35cc604f7357ae.png
16:04:43.563 [Test worker] DEBUG net.thucydides.core.steps.StepInterceptor - STEP DONE: {0} clicks on #target
16:04:43.586 [Forwarding screenshot on session 298a1ee96b6b50182dd18a3b8d048d9f to remote] DEBUG org.asynchttpclient.netty.request.NettyRequestSender - Using pooled Channel '[id: 0x3437d858, L:/127.0.0.1:53525 - R:localhost/127.0.0.1:53200]' for 'GET' to 'http://localhost:53200/session/298a1ee96b6b50182dd18a3b8d048d9f/screenshot'
16:04:43.586 [Forwarding screenshot on session 298a1ee96b6b50182dd18a3b8d048d9f to remote] DEBUG org.asynchttpclient.netty.request.NettyRequestSender - Using open Channel [id: 0x3437d858, L:/127.0.0.1:53525 - R:localhost/127.0.0.1:53200] for GET '/session/298a1ee96b6b50182dd18a3b8d048d9f/screenshot'
16:04:43.801 [AsyncHttpClient-1-11] DEBUG org.asynchttpclient.netty.handler.HttpHandler - 

Request DefaultFullHttpRequest(decodeResult: success, version: HTTP/1.1, content: EmptyByteBufBE)
GET /session/298a1ee96b6b50182dd18a3b8d048d9f/screenshot HTTP/1.1
User-Agent: selenium/4.1.2 (java windows)
Cache-Control: no-cache
Content-Type: application/json; charset=utf-8
host: localhost:53200
accept: */*

Response DefaultHttpResponse(decodeResult: success, version: HTTP/1.1)
HTTP/1.1 200 OK
Content-Type: application/json; charset=utf-8
cache-control: no-cache
content-length: 356128

16:04:43.802 [AsyncHttpClient-1-11] DEBUG org.asynchttpclient.netty.channel.ChannelManager - Adding key: http://localhost:53200 for channel [id: 0x3437d858, L:/127.0.0.1:53525 - R:localhost/127.0.0.1:53200]
16:04:43.814 [Test worker] DEBUG net.serenitybdd.core.photography.Darkroom - Send negative for processing for C:\Users\johan\OneDrive\Documentos\KONEX\Pruebas automatizadas\automatizacion_login_backoffice_1v\target\c17d13bb4493585b54d223a50815d64e07cebaa517d70027441cea74869cfceb.png
16:04:43.814 [Darkroom Processing Line] DEBUG net.serenitybdd.core.photography.DarkroomProcessingLine - Processing screenshot image in /var/screenshots/screenshot-8933615626710422823
16:04:43.814 [Darkroom Processing Line] DEBUG net.serenitybdd.core.photography.DarkroomProcessingLine - Saving screenshot to C:\Users\johan\OneDrive\Documentos\KONEX\Pruebas automatizadas\automatizacion_login_backoffice_1v\target\c17d13bb4493585b54d223a50815d64e07cebaa517d70027441cea74869cfceb.png
16:04:43.923 [Test worker] DEBUG net.thucydides.core.steps.StepInterceptor - STEP DONE: performAs
16:04:43.943 [Forwarding screenshot on session 298a1ee96b6b50182dd18a3b8d048d9f to remote] DEBUG org.asynchttpclient.netty.request.NettyRequestSender - Using pooled Channel '[id: 0x3437d858, L:/127.0.0.1:53525 - R:localhost/127.0.0.1:53200]' for 'GET' to 'http://localhost:53200/session/298a1ee96b6b50182dd18a3b8d048d9f/screenshot'
16:04:43.944 [Forwarding screenshot on session 298a1ee96b6b50182dd18a3b8d048d9f to remote] DEBUG org.asynchttpclient.netty.request.NettyRequestSender - Using open Channel [id: 0x3437d858, L:/127.0.0.1:53525 - R:localhost/127.0.0.1:53200] for GET '/session/298a1ee96b6b50182dd18a3b8d048d9f/screenshot'
16:04:44.178 [AsyncHttpClient-1-11] DEBUG org.asynchttpclient.netty.handler.HttpHandler - 

Request DefaultFullHttpRequest(decodeResult: success, version: HTTP/1.1, content: EmptyByteBufBE)
GET /session/298a1ee96b6b50182dd18a3b8d048d9f/screenshot HTTP/1.1
User-Agent: selenium/4.1.2 (java windows)
Cache-Control: no-cache
Content-Type: application/json; charset=utf-8
host: localhost:53200
accept: */*

Response DefaultHttpResponse(decodeResult: success, version: HTTP/1.1)
HTTP/1.1 200 OK
Content-Type: application/json; charset=utf-8
cache-control: no-cache
content-length: 356212

16:04:44.179 [AsyncHttpClient-1-11] DEBUG org.asynchttpclient.netty.channel.ChannelManager - Adding key: http://localhost:53200 for channel [id: 0x3437d858, L:/127.0.0.1:53525 - R:localhost/127.0.0.1:53200]
16:04:44.192 [Test worker] DEBUG net.serenitybdd.core.photography.Darkroom - Send negative for processing for C:\Users\johan\OneDrive\Documentos\KONEX\Pruebas automatizadas\automatizacion_login_backoffice_1v\target\95711415237ef8bf13b2ae36e9c1fa1ed284329a7de26f1cc8e2a40395375088.png
16:04:44.193 [Darkroom Processing Line] DEBUG net.serenitybdd.core.photography.DarkroomProcessingLine - Processing screenshot image in /var/screenshots/screenshot-6958756325611347118
16:04:44.193 [Darkroom Processing Line] DEBUG net.serenitybdd.core.photography.DarkroomProcessingLine - Saving screenshot to C:\Users\johan\OneDrive\Documentos\KONEX\Pruebas automatizadas\automatizacion_login_backoffice_1v\target\95711415237ef8bf13b2ae36e9c1fa1ed284329a7de26f1cc8e2a40395375088.png
16:04:44.312 [Forwarding screenshot on session 298a1ee96b6b50182dd18a3b8d048d9f to remote] DEBUG org.asynchttpclient.netty.request.NettyRequestSender - Using pooled Channel '[id: 0x3437d858, L:/127.0.0.1:53525 - R:localhost/127.0.0.1:53200]' for 'GET' to 'http://localhost:53200/session/298a1ee96b6b50182dd18a3b8d048d9f/screenshot'
16:04:44.312 [Forwarding screenshot on session 298a1ee96b6b50182dd18a3b8d048d9f to remote] DEBUG org.asynchttpclient.netty.request.NettyRequestSender - Using open Channel [id: 0x3437d858, L:/127.0.0.1:53525 - R:localhost/127.0.0.1:53200] for GET '/session/298a1ee96b6b50182dd18a3b8d048d9f/screenshot'
16:04:44.379 [AsyncHttpClient-1-1] DEBUG org.asynchttpclient.netty.channel.DefaultChannelPool - Entry count for : http://localhost:53527 : 1
16:04:44.501 [AsyncHttpClient-1-11] DEBUG org.asynchttpclient.netty.handler.HttpHandler - 

Request DefaultFullHttpRequest(decodeResult: success, version: HTTP/1.1, content: EmptyByteBufBE)
GET /session/298a1ee96b6b50182dd18a3b8d048d9f/screenshot HTTP/1.1
User-Agent: selenium/4.1.2 (java windows)
Cache-Control: no-cache
Content-Type: application/json; charset=utf-8
host: localhost:53200
accept: */*

Response DefaultHttpResponse(decodeResult: success, version: HTTP/1.1)
HTTP/1.1 200 OK
Content-Type: application/json; charset=utf-8
cache-control: no-cache
content-length: 385116

16:04:44.501 [AsyncHttpClient-1-11] DEBUG org.asynchttpclient.netty.channel.ChannelManager - Adding key: http://localhost:53200 for channel [id: 0x3437d858, L:/127.0.0.1:53525 - R:localhost/127.0.0.1:53200]
16:04:44.514 [Test worker] DEBUG net.serenitybdd.core.photography.Darkroom - Send negative for processing for C:\Users\johan\OneDrive\Documentos\KONEX\Pruebas automatizadas\automatizacion_login_backoffice_1v\target\be2a37469233a3a39bfdfc5546492067574fd59a77365059884495b26f0b1565.png
16:04:44.551 [Test worker] DEBUG net.serenitybdd.screenplay.targets.IFrameSwitcher - default content already selected for Mensaje error credenciales
16:04:44.560 [Forwarding findElements on session 298a1ee96b6b50182dd18a3b8d048d9f to remote] DEBUG org.asynchttpclient.netty.request.NettyRequestSender - Using pooled Channel '[id: 0x3437d858, L:/127.0.0.1:53525 - R:localhost/127.0.0.1:53200]' for 'POST' to 'http://localhost:53200/session/298a1ee96b6b50182dd18a3b8d048d9f/elements'
16:04:44.560 [Forwarding findElements on session 298a1ee96b6b50182dd18a3b8d048d9f to remote] DEBUG org.asynchttpclient.netty.request.NettyRequestSender - Using open Channel [id: 0x3437d858, L:/127.0.0.1:53525 - R:localhost/127.0.0.1:53200] for POST '/session/298a1ee96b6b50182dd18a3b8d048d9f/elements'
16:04:44.571 [AsyncHttpClient-1-11] DEBUG org.asynchttpclient.netty.handler.HttpHandler - 

Request DefaultHttpRequest(decodeResult: success, version: HTTP/1.1)
POST /session/298a1ee96b6b50182dd18a3b8d048d9f/elements HTTP/1.1
User-Agent: selenium/4.1.2 (java windows)
Content-Length: 160
Content-Type: application/json; charset=utf-8
host: localhost:53200
accept: */*

Response DefaultHttpResponse(decodeResult: success, version: HTTP/1.1)
HTTP/1.1 200 OK
Content-Type: application/json; charset=utf-8
cache-control: no-cache
content-length: 90

16:04:44.571 [AsyncHttpClient-1-11] DEBUG org.asynchttpclient.netty.channel.ChannelManager - Adding key: http://localhost:53200 for channel [id: 0x3437d858, L:/127.0.0.1:53525 - R:localhost/127.0.0.1:53200]
16:04:44.588 [Forwarding getElementText on session 298a1ee96b6b50182dd18a3b8d048d9f to remote] DEBUG org.asynchttpclient.netty.request.NettyRequestSender - Using pooled Channel '[id: 0x3437d858, L:/127.0.0.1:53525 - R:localhost/127.0.0.1:53200]' for 'GET' to 'http://localhost:53200/session/298a1ee96b6b50182dd18a3b8d048d9f/element/471a2632-4b1a-40d6-a6ff-f2398b671fb2/text'
16:04:44.588 [Forwarding getElementText on session 298a1ee96b6b50182dd18a3b8d048d9f to remote] DEBUG org.asynchttpclient.netty.request.NettyRequestSender - Using open Channel [id: 0x3437d858, L:/127.0.0.1:53525 - R:localhost/127.0.0.1:53200] for GET '/session/298a1ee96b6b50182dd18a3b8d048d9f/element/471a2632-4b1a-40d6-a6ff-f2398b671fb2/text'
16:04:44.600 [AsyncHttpClient-1-11] DEBUG org.asynchttpclient.netty.handler.HttpHandler - 

Request DefaultFullHttpRequest(decodeResult: success, version: HTTP/1.1, content: EmptyByteBufBE)
GET /session/298a1ee96b6b50182dd18a3b8d048d9f/element/471a2632-4b1a-40d6-a6ff-f2398b671fb2/text HTTP/1.1
User-Agent: selenium/4.1.2 (java windows)
Cache-Control: no-cache
Content-Type: application/json; charset=utf-8
host: localhost:53200
accept: */*

Response DefaultHttpResponse(decodeResult: success, version: HTTP/1.1)
HTTP/1.1 200 OK
Content-Type: application/json; charset=utf-8
cache-control: no-cache
content-length: 58

16:04:44.600 [AsyncHttpClient-1-11] DEBUG org.asynchttpclient.netty.channel.ChannelManager - Adding key: http://localhost:53200 for channel [id: 0x3437d858, L:/127.0.0.1:53525 - R:localhost/127.0.0.1:53200]
16:04:44.612 [Forwarding screenshot on session 298a1ee96b6b50182dd18a3b8d048d9f to remote] DEBUG org.asynchttpclient.netty.request.NettyRequestSender - Using pooled Channel '[id: 0x3437d858, L:/127.0.0.1:53525 - R:localhost/127.0.0.1:53200]' for 'GET' to 'http://localhost:53200/session/298a1ee96b6b50182dd18a3b8d048d9f/screenshot'
16:04:44.612 [Forwarding screenshot on session 298a1ee96b6b50182dd18a3b8d048d9f to remote] DEBUG org.asynchttpclient.netty.request.NettyRequestSender - Using open Channel [id: 0x3437d858, L:/127.0.0.1:53525 - R:localhost/127.0.0.1:53200] for GET '/session/298a1ee96b6b50182dd18a3b8d048d9f/screenshot'
16:04:44.807 [AsyncHttpClient-1-11] DEBUG org.asynchttpclient.netty.handler.HttpHandler - 

Request DefaultFullHttpRequest(decodeResult: success, version: HTTP/1.1, content: EmptyByteBufBE)
GET /session/298a1ee96b6b50182dd18a3b8d048d9f/screenshot HTTP/1.1
User-Agent: selenium/4.1.2 (java windows)
Cache-Control: no-cache
Content-Type: application/json; charset=utf-8
host: localhost:53200
accept: */*

Response DefaultHttpResponse(decodeResult: success, version: HTTP/1.1)
HTTP/1.1 200 OK
Content-Type: application/json; charset=utf-8
cache-control: no-cache
content-length: 385116

16:04:44.808 [AsyncHttpClient-1-11] DEBUG org.asynchttpclient.netty.channel.ChannelManager - Adding key: http://localhost:53200 for channel [id: 0x3437d858, L:/127.0.0.1:53525 - R:localhost/127.0.0.1:53200]
16:04:44.823 [Test worker] DEBUG net.serenitybdd.core.photography.Darkroom - Send negative for processing for C:\Users\johan\OneDrive\Documentos\KONEX\Pruebas automatizadas\automatizacion_login_backoffice_1v\target\be2a37469233a3a39bfdfc5546492067574fd59a77365059884495b26f0b1565.png
16:04:44.950 [Forwarding screenshot on session 298a1ee96b6b50182dd18a3b8d048d9f to remote] DEBUG org.asynchttpclient.netty.request.NettyRequestSender - Using pooled Channel '[id: 0x3437d858, L:/127.0.0.1:53525 - R:localhost/127.0.0.1:53200]' for 'GET' to 'http://localhost:53200/session/298a1ee96b6b50182dd18a3b8d048d9f/screenshot'
16:04:44.950 [Forwarding screenshot on session 298a1ee96b6b50182dd18a3b8d048d9f to remote] DEBUG org.asynchttpclient.netty.request.NettyRequestSender - Using open Channel [id: 0x3437d858, L:/127.0.0.1:53525 - R:localhost/127.0.0.1:53200] for GET '/session/298a1ee96b6b50182dd18a3b8d048d9f/screenshot'
16:04:45.242 [AsyncHttpClient-1-11] DEBUG org.asynchttpclient.netty.handler.HttpHandler - 

Request DefaultFullHttpRequest(decodeResult: success, version: HTTP/1.1, content: EmptyByteBufBE)
GET /session/298a1ee96b6b50182dd18a3b8d048d9f/screenshot HTTP/1.1
User-Agent: selenium/4.1.2 (java windows)
Cache-Control: no-cache
Content-Type: application/json; charset=utf-8
host: localhost:53200
accept: */*

Response DefaultHttpResponse(decodeResult: success, version: HTTP/1.1)
HTTP/1.1 200 OK
Content-Type: application/json; charset=utf-8
cache-control: no-cache
content-length: 385116

16:04:45.243 [AsyncHttpClient-1-11] DEBUG org.asynchttpclient.netty.channel.ChannelManager - Adding key: http://localhost:53200 for channel [id: 0x3437d858, L:/127.0.0.1:53525 - R:localhost/127.0.0.1:53200]
16:04:45.269 [Test worker] DEBUG net.serenitybdd.core.photography.Darkroom - Send negative for processing for C:\Users\johan\OneDrive\Documentos\KONEX\Pruebas automatizadas\automatizacion_login_backoffice_1v\target\be2a37469233a3a39bfdfc5546492067574fd59a77365059884495b26f0b1565.png
16:04:45.401 [Forwarding screenshot on session 298a1ee96b6b50182dd18a3b8d048d9f to remote] DEBUG org.asynchttpclient.netty.request.NettyRequestSender - Using pooled Channel '[id: 0x3437d858, L:/127.0.0.1:53525 - R:localhost/127.0.0.1:53200]' for 'GET' to 'http://localhost:53200/session/298a1ee96b6b50182dd18a3b8d048d9f/screenshot'
16:04:45.401 [Forwarding screenshot on session 298a1ee96b6b50182dd18a3b8d048d9f to remote] DEBUG org.asynchttpclient.netty.request.NettyRequestSender - Using open Channel [id: 0x3437d858, L:/127.0.0.1:53525 - R:localhost/127.0.0.1:53200] for GET '/session/298a1ee96b6b50182dd18a3b8d048d9f/screenshot'
16:04:45.471 [AsyncHttpClient-1-1] DEBUG org.asynchttpclient.netty.channel.DefaultChannelPool - Entry count for : http://localhost:53527 : 1
16:04:45.790 [AsyncHttpClient-1-11] DEBUG org.asynchttpclient.netty.handler.HttpHandler - 

Request DefaultFullHttpRequest(decodeResult: success, version: HTTP/1.1, content: EmptyByteBufBE)
GET /session/298a1ee96b6b50182dd18a3b8d048d9f/screenshot HTTP/1.1
User-Agent: selenium/4.1.2 (java windows)
Cache-Control: no-cache
Content-Type: application/json; charset=utf-8
host: localhost:53200
accept: */*

Response DefaultHttpResponse(decodeResult: success, version: HTTP/1.1)
HTTP/1.1 200 OK
Content-Type: application/json; charset=utf-8
cache-control: no-cache
content-length: 385116

16:04:45.791 [AsyncHttpClient-1-11] DEBUG org.asynchttpclient.netty.channel.ChannelManager - Adding key: http://localhost:53200 for channel [id: 0x3437d858, L:/127.0.0.1:53525 - R:localhost/127.0.0.1:53200]
16:04:45.820 [Test worker] DEBUG net.serenitybdd.core.photography.Darkroom - Send negative for processing for C:\Users\johan\OneDrive\Documentos\KONEX\Pruebas automatizadas\automatizacion_login_backoffice_1v\target\be2a37469233a3a39bfdfc5546492067574fd59a77365059884495b26f0b1565.png
16:04:45.927 [AsyncHttpClient-1-13] DEBUG org.asynchttpclient.netty.handler.WebSocketHandler - Channel Closed: [id: 0xfa465627, L:/127.0.0.1:53534 ! R:localhost/127.0.0.1:53527] with attribute NettyResponseFuture{currentRetry=5,
	isDone=1,
	isCancelled=0,
	asyncHandler=org.asynchttpclient.ws.WebSocketUpgradeHandler@17324cb2,
	nettyRequest=org.asynchttpclient.netty.request.NettyRequest@5230d030,
	future=java.util.concurrent.CompletableFuture@1e880983[Completed normally],
	uri=ws://localhost:53527/devtools/browser/0b24adb6-f64b-4552-8faa-92bed29d34ba,
	keepAlive=true,
	redirectCount=0,
	timeoutsHolder=null,
	inAuth=0,
	touch=1682024677107}
16:04:45.927 [AsyncHttpClient-1-13] DEBUG org.asynchttpclient.netty.channel.ChannelManager - Closing Channel [id: 0xfa465627, L:/127.0.0.1:53534 ! R:localhost/127.0.0.1:53527] 
16:04:45.927 [Driver Command Executor] DEBUG org.asynchttpclient.netty.request.NettyRequestSender - Using pooled Channel '[id: 0x3437d858, L:/127.0.0.1:53525 - R:localhost/127.0.0.1:53200]' for 'DELETE' to 'http://localhost:53200/session/298a1ee96b6b50182dd18a3b8d048d9f'
16:04:45.928 [Driver Command Executor] DEBUG org.asynchttpclient.netty.request.NettyRequestSender - Using open Channel [id: 0x3437d858, L:/127.0.0.1:53525 - R:localhost/127.0.0.1:53200] for DELETE '/session/298a1ee96b6b50182dd18a3b8d048d9f'
16:04:45.986 [AsyncHttpClient-1-12] DEBUG org.asynchttpclient.netty.handler.HttpHandler - Unexpected I/O exception on channel [id: 0x10621401, L:/127.0.0.1:53533 - R:localhost/127.0.0.1:53527]
java.io.IOException: Se ha forzado la interrupción de una conexión existente por el host remoto
	at sun.nio.ch.SocketDispatcher.read0(Native Method)
	at sun.nio.ch.SocketDispatcher.read(SocketDispatcher.java:43)
	at sun.nio.ch.IOUtil.readIntoNativeBuffer(IOUtil.java:223)
	at sun.nio.ch.IOUtil.read(IOUtil.java:192)
	at sun.nio.ch.SocketChannelImpl.read(SocketChannelImpl.java:380)
	at io.netty.buffer.PooledByteBuf.setBytes(PooledByteBuf.java:258)
	at io.netty.buffer.AbstractByteBuf.writeBytes(AbstractByteBuf.java:1132)
	at io.netty.buffer.WrappedByteBuf.writeBytes(WrappedByteBuf.java:821)
	at io.netty.channel.socket.nio.NioSocketChannel.doReadBytes(NioSocketChannel.java:350)
	at io.netty.channel.nio.AbstractNioByteChannel$NioByteUnsafe.read(AbstractNioByteChannel.java:151)
	at io.netty.channel.nio.NioEventLoop.processSelectedKey(NioEventLoop.java:722)
	at io.netty.channel.nio.NioEventLoop.processSelectedKeysOptimized(NioEventLoop.java:658)
	at io.netty.channel.nio.NioEventLoop.processSelectedKeys(NioEventLoop.java:584)
	at io.netty.channel.nio.NioEventLoop.run(NioEventLoop.java:496)
	at io.netty.util.concurrent.SingleThreadEventExecutor$4.run(SingleThreadEventExecutor.java:986)
	at io.netty.util.internal.ThreadExecutorMap$2.run(ThreadExecutorMap.java:74)
	at io.netty.util.concurrent.FastThreadLocalRunnable.run(FastThreadLocalRunnable.java:30)
	at java.lang.Thread.run(Thread.java:748)
16:04:45.987 [AsyncHttpClient-1-12] DEBUG org.asynchttpclient.netty.channel.ChannelManager - Closing Channel [id: 0x10621401, L:/127.0.0.1:53533 - R:localhost/127.0.0.1:53527] 
16:04:45.988 [AsyncHttpClient-1-12] DEBUG org.asynchttpclient.netty.handler.HttpHandler - Channel Closed: [id: 0x10621401, L:/127.0.0.1:53533 ! R:localhost/127.0.0.1:53527] with attribute DISCARD
16:04:46.023 [AsyncHttpClient-1-11] DEBUG org.asynchttpclient.netty.handler.HttpHandler - 

Request DefaultFullHttpRequest(decodeResult: success, version: HTTP/1.1, content: EmptyByteBufBE)
DELETE /session/298a1ee96b6b50182dd18a3b8d048d9f HTTP/1.1
User-Agent: selenium/4.1.2 (java windows)
Content-Type: application/json; charset=utf-8
host: localhost:53200
accept: */*

Response DefaultHttpResponse(decodeResult: success, version: HTTP/1.1)
HTTP/1.1 200 OK
Content-Type: application/json; charset=utf-8
cache-control: no-cache
content-length: 14

16:04:46.023 [AsyncHttpClient-1-11] DEBUG org.asynchttpclient.netty.channel.ChannelManager - Adding key: http://localhost:53200 for channel [id: 0x3437d858, L:/127.0.0.1:53525 - R:localhost/127.0.0.1:53200]
16:04:46.575 [AsyncHttpClient-1-1] DEBUG org.asynchttpclient.netty.channel.DefaultChannelPool - Entry count for : http://localhost:53527 : 1
16:04:46.575 [AsyncHttpClient-1-1] DEBUG org.asynchttpclient.netty.channel.DefaultChannelPool - Entry count for : http://localhost:53200 : 1
16:04:46.575 [AsyncHttpClient-1-1] DEBUG org.asynchttpclient.netty.channel.DefaultChannelPool - Adding Candidate expired Channel [id: 0x10621401, L:/127.0.0.1:53533 ! R:localhost/127.0.0.1:53527] isIdleTimeoutExpired=false isRemotelyClosed=true isTtlExpired=false
16:04:46.575 [AsyncHttpClient-1-1] DEBUG org.asynchttpclient.netty.channel.DefaultChannelPool - Closing Idle Channel [id: 0x10621401, L:/127.0.0.1:53533 ! R:localhost/127.0.0.1:53527]
16:04:46.575 [AsyncHttpClient-1-1] DEBUG org.asynchttpclient.netty.channel.DefaultChannelPool - Closed 1 connections out of 2 in 0 ms
16:04:47.048 [AsyncHttpClient-1-11] DEBUG org.asynchttpclient.netty.handler.HttpHandler - Unexpected I/O exception on channel [id: 0x3437d858, L:/127.0.0.1:53525 - R:localhost/127.0.0.1:53200]
java.io.IOException: Se ha forzado la interrupción de una conexión existente por el host remoto
	at sun.nio.ch.SocketDispatcher.read0(Native Method)
	at sun.nio.ch.SocketDispatcher.read(SocketDispatcher.java:43)
	at sun.nio.ch.IOUtil.readIntoNativeBuffer(IOUtil.java:223)
	at sun.nio.ch.IOUtil.read(IOUtil.java:192)
	at sun.nio.ch.SocketChannelImpl.read(SocketChannelImpl.java:380)
	at io.netty.buffer.PooledByteBuf.setBytes(PooledByteBuf.java:258)
	at io.netty.buffer.AbstractByteBuf.writeBytes(AbstractByteBuf.java:1132)
	at io.netty.channel.socket.nio.NioSocketChannel.doReadBytes(NioSocketChannel.java:350)
	at io.netty.channel.nio.AbstractNioByteChannel$NioByteUnsafe.read(AbstractNioByteChannel.java:151)
	at io.netty.channel.nio.NioEventLoop.processSelectedKey(NioEventLoop.java:722)
	at io.netty.channel.nio.NioEventLoop.processSelectedKeysOptimized(NioEventLoop.java:658)
	at io.netty.channel.nio.NioEventLoop.processSelectedKeys(NioEventLoop.java:584)
	at io.netty.channel.nio.NioEventLoop.run(NioEventLoop.java:496)
	at io.netty.util.concurrent.SingleThreadEventExecutor$4.run(SingleThreadEventExecutor.java:986)
	at io.netty.util.internal.ThreadExecutorMap$2.run(ThreadExecutorMap.java:74)
	at io.netty.util.concurrent.FastThreadLocalRunnable.run(FastThreadLocalRunnable.java:30)
	at java.lang.Thread.run(Thread.java:748)
16:04:47.049 [AsyncHttpClient-1-11] DEBUG org.asynchttpclient.netty.channel.ChannelManager - Closing Channel [id: 0x3437d858, L:/127.0.0.1:53525 - R:localhost/127.0.0.1:53200] 
16:04:47.049 [AsyncHttpClient-1-11] DEBUG org.asynchttpclient.netty.handler.HttpHandler - Channel Closed: [id: 0x3437d858, L:/127.0.0.1:53525 ! R:localhost/127.0.0.1:53200] with attribute DISCARD
16:04:47.110 [Test worker] INFO  - ?[92m
  _____   ___   ___   _____     ___     _     ___   ___   ___   ___  
 |_   _| | __| / __| |_   _|   | _ \   /_\   / __| / __| | __| |   \ 
   | |   | _|  \__ \   | |     |  _/  / _ \  \__ \ \__ \ | _|  | |) |
   |_|   |___| |___/   |_|     |_|   /_/ \_\ |___/ |___/ |___| |___/ 

Verificar el ingreso de un usuario de manera erronea
----------------------------------------------------------------------?[0m
16:04:47.124 [Test worker] INFO io.cucumber.core.plugin.SerenityReporter - Running feature from file:///C:/Users/johan/OneDrive/Documentos/KONEX/Pruebas%20automatizadas/automatizacion_login_backoffice_1v/src/test/resources/features/login_backoffice.feature
16:04:47.147 [Test worker] DEBUG net.thucydides.core.steps.StepInterceptor - STARTING STEP: MyStepdefinitions.queElUsuarioIngresaAlBackoffice - performAs
16:04:47.156 [Test worker] DEBUG net.thucydides.core.steps.StepInterceptor - STARTING STEP: AbrirPag.performAs - {0} opens the #targetPage
16:04:47.202 [Test worker] INFO net.serenitybdd.core.webdriver.driverproviders.ChromeDriverProvider - Using automatically driver download
16:04:47.442 [Test worker] DEBUG io.github.bonigarcia.wdm.cache.ResolutionCache - Resolution chrome=112 in cache (valid until 16:37:15 20/04/2023 COT)
16:04:47.443 [Test worker] DEBUG io.github.bonigarcia.wdm.cache.ResolutionCache - Resolution chrome112=112.0.5615.49 in cache (valid until 15:46:23 21/04/2023 COT)
16:04:47.443 [Test worker] INFO io.github.bonigarcia.wdm.WebDriverManager - Using chromedriver 112.0.5615.49 (resolved driver for Chrome 112)
16:04:47.453 [Test worker] DEBUG io.github.bonigarcia.wdm.WebDriverManager - Driver chromedriver 112.0.5615.49 found in cache
16:04:47.454 [Test worker] INFO io.github.bonigarcia.wdm.WebDriverManager - Exporting webdriver.chrome.driver as C:\Users\johan\.cache\selenium\chromedriver\win32\112.0.5615.49\chromedriver.exe
16:04:47.674 [AsyncHttpClient-1-1] DEBUG org.asynchttpclient.netty.channel.DefaultChannelPool - Entry count for : http://localhost:53200 : 1
16:04:47.674 [AsyncHttpClient-1-1] DEBUG org.asynchttpclient.netty.channel.DefaultChannelPool - Adding Candidate expired Channel [id: 0x3437d858, L:/127.0.0.1:53525 ! R:localhost/127.0.0.1:53200] isIdleTimeoutExpired=false isRemotelyClosed=true isTtlExpired=false
16:04:47.674 [AsyncHttpClient-1-1] DEBUG org.asynchttpclient.netty.channel.DefaultChannelPool - Closing Idle Channel [id: 0x3437d858, L:/127.0.0.1:53525 ! R:localhost/127.0.0.1:53200]
16:04:47.674 [AsyncHttpClient-1-1] DEBUG org.asynchttpclient.netty.channel.DefaultChannelPool - Closed 1 connections out of 1 in 0 ms
16:04:47.692 [Test worker] DEBUG net.serenitybdd.core.webdriver.driverproviders.ProvideNewDriver - Instantiating driver
16:04:47.692 [Test worker] DEBUG net.serenitybdd.core.webdriver.driverproviders.ProvideNewDriver - Driver capabilities: Capabilities {acceptInsecureCerts: false, autodownload: true, browserName: chrome, chrome.silentOutput: true, driver: chrome, goog:chromeOptions: {args: [--start-maximized --disable...], extensions: []}}
16:04:48.251 [AsyncHttpClient-1-14] DEBUG org.asynchttpclient.netty.channel.NettyConnectListener - Using new Channel '[id: 0x56461d4b, L:/127.0.0.1:53561 - R:localhost/127.0.0.1:55061]' for 'POST' to '/session'
16:04:48.976 [AsyncHttpClient-1-14] DEBUG org.asynchttpclient.netty.handler.HttpHandler - 

Request DefaultHttpRequest(decodeResult: success, version: HTTP/1.1)
POST /session HTTP/1.1
User-Agent: selenium/4.1.2 (java windows)
Content-Length: 776
Content-Type: application/json; charset=utf-8
host: localhost:55061
accept: */*

Response DefaultHttpResponse(decodeResult: success, version: HTTP/1.1)
HTTP/1.1 200 OK
Content-Type: application/json; charset=utf-8
cache-control: no-cache
content-length: 859

16:04:48.976 [AsyncHttpClient-1-14] DEBUG org.asynchttpclient.netty.channel.ChannelManager - Adding key: http://localhost:55061 for channel [id: 0x56461d4b, L:/127.0.0.1:53561 - R:localhost/127.0.0.1:55061]
16:04:48.986 [AsyncHttpClient-1-15] DEBUG org.asynchttpclient.netty.channel.NettyConnectListener - Using new Channel '[id: 0x41fd746f, L:/127.0.0.1:53568 - R:localhost/127.0.0.1:53562]' for 'GET' to '/json/version'
16:04:48.987 [AsyncHttpClient-1-15] DEBUG org.asynchttpclient.netty.handler.HttpHandler - 

Request DefaultFullHttpRequest(decodeResult: success, version: HTTP/1.1, content: EmptyByteBufBE)
GET /json/version HTTP/1.1
User-Agent: selenium/4.1.2 (java windows)
host: localhost:53562
accept: */*

Response DefaultHttpResponse(decodeResult: success, version: HTTP/1.1)
HTTP/1.1 200 OK
Content-Security-Policy: frame-ancestors 'none'
Content-Type: application/json; charset=UTF-8
content-length: 424

16:04:48.987 [AsyncHttpClient-1-15] DEBUG org.asynchttpclient.netty.channel.ChannelManager - Adding key: http://localhost:53562 for channel [id: 0x41fd746f, L:/127.0.0.1:53568 - R:localhost/127.0.0.1:53562]
16:04:48.992 [AsyncHttpClient-1-16] DEBUG org.asynchttpclient.netty.channel.NettyConnectListener - Using new Channel '[id: 0x54f39154, L:/127.0.0.1:53569 - R:localhost/127.0.0.1:53562]' for 'GET' to '/devtools/browser/c3cf9f52-827c-40fa-93e8-eb355706ad2b'
16:04:48.993 [AsyncHttpClient-1-16] DEBUG org.asynchttpclient.netty.handler.WebSocketHandler - 

Request DefaultFullHttpRequest(decodeResult: success, version: HTTP/1.1, content: EmptyByteBufBE)
GET /devtools/browser/c3cf9f52-827c-40fa-93e8-eb355706ad2b HTTP/1.1
upgrade: websocket
connection: upgrade
sec-websocket-key: tEUoJNEhJY5yPwVOSdEFFA==
sec-websocket-version: 13
origin: http://localhost:53562
host: localhost:53562
accept: */*
user-agent: AHC/2.1

Response DefaultHttpResponse(decodeResult: success, version: HTTP/1.1)
HTTP/1.1 101 WebSocket Protocol Handshake
Upgrade: WebSocket
Connection: Upgrade
Sec-WebSocket-Accept: I+fTismg3IC197ULMHVjsNrUi9w=

16:04:48.999 [Forwarding get on session c65f907c852d539e391be602cdb563d2 to remote] DEBUG org.asynchttpclient.netty.request.NettyRequestSender - Using pooled Channel '[id: 0x56461d4b, L:/127.0.0.1:53561 - R:localhost/127.0.0.1:55061]' for 'POST' to 'http://localhost:55061/session/c65f907c852d539e391be602cdb563d2/url'
16:04:48.999 [Forwarding get on session c65f907c852d539e391be602cdb563d2 to remote] DEBUG org.asynchttpclient.netty.request.NettyRequestSender - Using open Channel [id: 0x56461d4b, L:/127.0.0.1:53561 - R:localhost/127.0.0.1:55061] for POST '/session/c65f907c852d539e391be602cdb563d2/url'
16:04:49.873 [AsyncHttpClient-1-1] DEBUG org.asynchttpclient.netty.channel.DefaultChannelPool - Entry count for : http://localhost:53562 : 1
16:04:50.972 [AsyncHttpClient-1-1] DEBUG org.asynchttpclient.netty.channel.DefaultChannelPool - Entry count for : http://localhost:53562 : 1
16:04:51.007 [AsyncHttpClient-1-14] DEBUG org.asynchttpclient.netty.handler.HttpHandler - 

Request DefaultHttpRequest(decodeResult: success, version: HTTP/1.1)
POST /session/c65f907c852d539e391be602cdb563d2/url HTTP/1.1
User-Agent: selenium/4.1.2 (java windows)
Content-Length: 80
Content-Type: application/json; charset=utf-8
host: localhost:55061
accept: */*

Response DefaultHttpResponse(decodeResult: success, version: HTTP/1.1)
HTTP/1.1 200 OK
Content-Type: application/json; charset=utf-8
cache-control: no-cache
content-length: 14

16:04:51.008 [AsyncHttpClient-1-14] DEBUG org.asynchttpclient.netty.channel.ChannelManager - Adding key: http://localhost:55061 for channel [id: 0x56461d4b, L:/127.0.0.1:53561 - R:localhost/127.0.0.1:55061]
16:04:51.010 [Forwarding setTimeout on session c65f907c852d539e391be602cdb563d2 to remote] DEBUG org.asynchttpclient.netty.request.NettyRequestSender - Using pooled Channel '[id: 0x56461d4b, L:/127.0.0.1:53561 - R:localhost/127.0.0.1:55061]' for 'POST' to 'http://localhost:55061/session/c65f907c852d539e391be602cdb563d2/timeouts'
16:04:51.010 [Forwarding setTimeout on session c65f907c852d539e391be602cdb563d2 to remote] DEBUG org.asynchttpclient.netty.request.NettyRequestSender - Using open Channel [id: 0x56461d4b, L:/127.0.0.1:53561 - R:localhost/127.0.0.1:55061] for POST '/session/c65f907c852d539e391be602cdb563d2/timeouts'
16:04:51.011 [AsyncHttpClient-1-14] DEBUG org.asynchttpclient.netty.handler.HttpHandler - 

Request DefaultHttpRequest(decodeResult: success, version: HTTP/1.1)
POST /session/c65f907c852d539e391be602cdb563d2/timeouts HTTP/1.1
User-Agent: selenium/4.1.2 (java windows)
Content-Length: 22
Content-Type: application/json; charset=utf-8
host: localhost:55061
accept: */*

Response DefaultHttpResponse(decodeResult: success, version: HTTP/1.1)
HTTP/1.1 200 OK
Content-Type: application/json; charset=utf-8
cache-control: no-cache
content-length: 14

16:04:51.012 [AsyncHttpClient-1-14] DEBUG org.asynchttpclient.netty.channel.ChannelManager - Adding key: http://localhost:55061 for channel [id: 0x56461d4b, L:/127.0.0.1:53561 - R:localhost/127.0.0.1:55061]
16:04:51.053 [Forwarding getCurrentUrl on session c65f907c852d539e391be602cdb563d2 to remote] DEBUG org.asynchttpclient.netty.request.NettyRequestSender - Using pooled Channel '[id: 0x56461d4b, L:/127.0.0.1:53561 - R:localhost/127.0.0.1:55061]' for 'GET' to 'http://localhost:55061/session/c65f907c852d539e391be602cdb563d2/url'
16:04:51.053 [Forwarding getCurrentUrl on session c65f907c852d539e391be602cdb563d2 to remote] DEBUG org.asynchttpclient.netty.request.NettyRequestSender - Using open Channel [id: 0x56461d4b, L:/127.0.0.1:53561 - R:localhost/127.0.0.1:55061] for GET '/session/c65f907c852d539e391be602cdb563d2/url'
16:04:51.060 [AsyncHttpClient-1-14] DEBUG org.asynchttpclient.netty.handler.HttpHandler - 

Request DefaultFullHttpRequest(decodeResult: success, version: HTTP/1.1, content: EmptyByteBufBE)
GET /session/c65f907c852d539e391be602cdb563d2/url HTTP/1.1
User-Agent: selenium/4.1.2 (java windows)
Cache-Control: no-cache
Content-Type: application/json; charset=utf-8
host: localhost:55061
accept: */*

Response DefaultHttpResponse(decodeResult: success, version: HTTP/1.1)
HTTP/1.1 200 OK
Content-Type: application/json; charset=utf-8
cache-control: no-cache
content-length: 57

16:04:51.060 [AsyncHttpClient-1-14] DEBUG org.asynchttpclient.netty.channel.ChannelManager - Adding key: http://localhost:55061 for channel [id: 0x56461d4b, L:/127.0.0.1:53561 - R:localhost/127.0.0.1:55061]
16:04:51.102 [Forwarding getCurrentUrl on session c65f907c852d539e391be602cdb563d2 to remote] DEBUG org.asynchttpclient.netty.request.NettyRequestSender - Using pooled Channel '[id: 0x56461d4b, L:/127.0.0.1:53561 - R:localhost/127.0.0.1:55061]' for 'GET' to 'http://localhost:55061/session/c65f907c852d539e391be602cdb563d2/url'
16:04:51.102 [Forwarding getCurrentUrl on session c65f907c852d539e391be602cdb563d2 to remote] DEBUG org.asynchttpclient.netty.request.NettyRequestSender - Using open Channel [id: 0x56461d4b, L:/127.0.0.1:53561 - R:localhost/127.0.0.1:55061] for GET '/session/c65f907c852d539e391be602cdb563d2/url'
16:04:51.108 [AsyncHttpClient-1-14] DEBUG org.asynchttpclient.netty.handler.HttpHandler - 

Request DefaultFullHttpRequest(decodeResult: success, version: HTTP/1.1, content: EmptyByteBufBE)
GET /session/c65f907c852d539e391be602cdb563d2/url HTTP/1.1
User-Agent: selenium/4.1.2 (java windows)
Cache-Control: no-cache
Content-Type: application/json; charset=utf-8
host: localhost:55061
accept: */*

Response DefaultHttpResponse(decodeResult: success, version: HTTP/1.1)
HTTP/1.1 200 OK
Content-Type: application/json; charset=utf-8
cache-control: no-cache
content-length: 57

16:04:51.109 [AsyncHttpClient-1-14] DEBUG org.asynchttpclient.netty.channel.ChannelManager - Adding key: http://localhost:55061 for channel [id: 0x56461d4b, L:/127.0.0.1:53561 - R:localhost/127.0.0.1:55061]
16:04:51.140 [Forwarding screenshot on session c65f907c852d539e391be602cdb563d2 to remote] DEBUG org.asynchttpclient.netty.request.NettyRequestSender - Using pooled Channel '[id: 0x56461d4b, L:/127.0.0.1:53561 - R:localhost/127.0.0.1:55061]' for 'GET' to 'http://localhost:55061/session/c65f907c852d539e391be602cdb563d2/screenshot'
16:04:51.140 [Forwarding screenshot on session c65f907c852d539e391be602cdb563d2 to remote] DEBUG org.asynchttpclient.netty.request.NettyRequestSender - Using open Channel [id: 0x56461d4b, L:/127.0.0.1:53561 - R:localhost/127.0.0.1:55061] for GET '/session/c65f907c852d539e391be602cdb563d2/screenshot'
16:04:51.553 [AsyncHttpClient-1-14] DEBUG org.asynchttpclient.netty.handler.HttpHandler - 

Request DefaultFullHttpRequest(decodeResult: success, version: HTTP/1.1, content: EmptyByteBufBE)
GET /session/c65f907c852d539e391be602cdb563d2/screenshot HTTP/1.1
User-Agent: selenium/4.1.2 (java windows)
Cache-Control: no-cache
Content-Type: application/json; charset=utf-8
host: localhost:55061
accept: */*

Response DefaultHttpResponse(decodeResult: success, version: HTTP/1.1)
HTTP/1.1 200 OK
Content-Type: application/json; charset=utf-8
cache-control: no-cache
content-length: 379740

16:04:51.554 [AsyncHttpClient-1-14] DEBUG org.asynchttpclient.netty.channel.ChannelManager - Adding key: http://localhost:55061 for channel [id: 0x56461d4b, L:/127.0.0.1:53561 - R:localhost/127.0.0.1:55061]
16:04:51.581 [Test worker] DEBUG net.serenitybdd.core.photography.Darkroom - Send negative for processing for C:\Users\johan\OneDrive\Documentos\KONEX\Pruebas automatizadas\automatizacion_login_backoffice_1v\target\2906e0e514c90d11ffaf03067b12110de544ee879fa76ed63b517fad1e2e3380.png
16:04:51.696 [Test worker] DEBUG net.thucydides.core.steps.StepInterceptor - STEP DONE: {0} opens the #targetPage
16:04:51.764 [Forwarding screenshot on session c65f907c852d539e391be602cdb563d2 to remote] DEBUG org.asynchttpclient.netty.request.NettyRequestSender - Using pooled Channel '[id: 0x56461d4b, L:/127.0.0.1:53561 - R:localhost/127.0.0.1:55061]' for 'GET' to 'http://localhost:55061/session/c65f907c852d539e391be602cdb563d2/screenshot'
16:04:51.764 [Forwarding screenshot on session c65f907c852d539e391be602cdb563d2 to remote] DEBUG org.asynchttpclient.netty.request.NettyRequestSender - Using open Channel [id: 0x56461d4b, L:/127.0.0.1:53561 - R:localhost/127.0.0.1:55061] for GET '/session/c65f907c852d539e391be602cdb563d2/screenshot'
16:04:52.073 [AsyncHttpClient-1-1] DEBUG org.asynchttpclient.netty.channel.DefaultChannelPool - Entry count for : http://localhost:53562 : 1
16:04:52.106 [AsyncHttpClient-1-14] DEBUG org.asynchttpclient.netty.handler.HttpHandler - 

Request DefaultFullHttpRequest(decodeResult: success, version: HTTP/1.1, content: EmptyByteBufBE)
GET /session/c65f907c852d539e391be602cdb563d2/screenshot HTTP/1.1
User-Agent: selenium/4.1.2 (java windows)
Cache-Control: no-cache
Content-Type: application/json; charset=utf-8
host: localhost:55061
accept: */*

Response DefaultHttpResponse(decodeResult: success, version: HTTP/1.1)
HTTP/1.1 200 OK
Content-Type: application/json; charset=utf-8
cache-control: no-cache
content-length: 379772

16:04:52.107 [AsyncHttpClient-1-14] DEBUG org.asynchttpclient.netty.channel.ChannelManager - Adding key: http://localhost:55061 for channel [id: 0x56461d4b, L:/127.0.0.1:53561 - R:localhost/127.0.0.1:55061]
16:04:52.119 [Test worker] DEBUG net.serenitybdd.core.photography.Darkroom - Send negative for processing for C:\Users\johan\OneDrive\Documentos\KONEX\Pruebas automatizadas\automatizacion_login_backoffice_1v\target\827eba772fc8c0a7b9dfb33684fbbfab2dbf1f790c8339d229e180e243a6dda7.png
16:04:52.229 [Test worker] DEBUG net.thucydides.core.steps.StepInterceptor - STEP DONE: performAs
16:04:52.285 [Forwarding screenshot on session c65f907c852d539e391be602cdb563d2 to remote] DEBUG org.asynchttpclient.netty.request.NettyRequestSender - Using pooled Channel '[id: 0x56461d4b, L:/127.0.0.1:53561 - R:localhost/127.0.0.1:55061]' for 'GET' to 'http://localhost:55061/session/c65f907c852d539e391be602cdb563d2/screenshot'
16:04:52.285 [Forwarding screenshot on session c65f907c852d539e391be602cdb563d2 to remote] DEBUG org.asynchttpclient.netty.request.NettyRequestSender - Using open Channel [id: 0x56461d4b, L:/127.0.0.1:53561 - R:localhost/127.0.0.1:55061] for GET '/session/c65f907c852d539e391be602cdb563d2/screenshot'
16:04:52.475 [AsyncHttpClient-1-14] DEBUG org.asynchttpclient.netty.handler.HttpHandler - 

Request DefaultFullHttpRequest(decodeResult: success, version: HTTP/1.1, content: EmptyByteBufBE)
GET /session/c65f907c852d539e391be602cdb563d2/screenshot HTTP/1.1
User-Agent: selenium/4.1.2 (java windows)
Cache-Control: no-cache
Content-Type: application/json; charset=utf-8
host: localhost:55061
accept: */*

Response DefaultHttpResponse(decodeResult: success, version: HTTP/1.1)
HTTP/1.1 200 OK
Content-Type: application/json; charset=utf-8
cache-control: no-cache
content-length: 379740

16:04:52.475 [AsyncHttpClient-1-14] DEBUG org.asynchttpclient.netty.channel.ChannelManager - Adding key: http://localhost:55061 for channel [id: 0x56461d4b, L:/127.0.0.1:53561 - R:localhost/127.0.0.1:55061]
16:04:52.487 [Test worker] DEBUG net.serenitybdd.core.photography.Darkroom - Send negative for processing for C:\Users\johan\OneDrive\Documentos\KONEX\Pruebas automatizadas\automatizacion_login_backoffice_1v\target\2906e0e514c90d11ffaf03067b12110de544ee879fa76ed63b517fad1e2e3380.png
16:04:52.636 [Forwarding screenshot on session c65f907c852d539e391be602cdb563d2 to remote] DEBUG org.asynchttpclient.netty.request.NettyRequestSender - Using pooled Channel '[id: 0x56461d4b, L:/127.0.0.1:53561 - R:localhost/127.0.0.1:55061]' for 'GET' to 'http://localhost:55061/session/c65f907c852d539e391be602cdb563d2/screenshot'
16:04:52.636 [Forwarding screenshot on session c65f907c852d539e391be602cdb563d2 to remote] DEBUG org.asynchttpclient.netty.request.NettyRequestSender - Using open Channel [id: 0x56461d4b, L:/127.0.0.1:53561 - R:localhost/127.0.0.1:55061] for GET '/session/c65f907c852d539e391be602cdb563d2/screenshot'
16:04:52.830 [AsyncHttpClient-1-14] DEBUG org.asynchttpclient.netty.handler.HttpHandler - 

Request DefaultFullHttpRequest(decodeResult: success, version: HTTP/1.1, content: EmptyByteBufBE)
GET /session/c65f907c852d539e391be602cdb563d2/screenshot HTTP/1.1
User-Agent: selenium/4.1.2 (java windows)
Cache-Control: no-cache
Content-Type: application/json; charset=utf-8
host: localhost:55061
accept: */*

Response DefaultHttpResponse(decodeResult: success, version: HTTP/1.1)
HTTP/1.1 200 OK
Content-Type: application/json; charset=utf-8
cache-control: no-cache
content-length: 379772

16:04:52.831 [AsyncHttpClient-1-14] DEBUG org.asynchttpclient.netty.channel.ChannelManager - Adding key: http://localhost:55061 for channel [id: 0x56461d4b, L:/127.0.0.1:53561 - R:localhost/127.0.0.1:55061]
16:04:52.842 [Test worker] DEBUG net.serenitybdd.core.photography.Darkroom - Send negative for processing for C:\Users\johan\OneDrive\Documentos\KONEX\Pruebas automatizadas\automatizacion_login_backoffice_1v\target\827eba772fc8c0a7b9dfb33684fbbfab2dbf1f790c8339d229e180e243a6dda7.png
16:04:52.857 [Test worker] DEBUG net.thucydides.core.steps.StepInterceptor - STARTING STEP: MyStepdefinitions.digitaUsuarioYContrasennaDelUsuario - performAs
16:04:52.880 [Test worker] DEBUG net.thucydides.core.steps.StepInterceptor - STARTING STEP: IngresarBack.performAs - {0} enters #theTextAsAString into #target
16:04:52.889 [Test worker] DEBUG net.serenitybdd.screenplay.targets.IFrameSwitcher - default content already selected for Datos para campo de usuario
16:04:52.889 [Test worker] DEBUG net.serenitybdd.core.pages.WebElementFacadeImpl - Type '[Ljava.lang.CharSequence;@2ecdcfe3' : By.id: username
16:04:52.925 [Forwarding findElement on session c65f907c852d539e391be602cdb563d2 to remote] DEBUG org.asynchttpclient.netty.request.NettyRequestSender - Using pooled Channel '[id: 0x56461d4b, L:/127.0.0.1:53561 - R:localhost/127.0.0.1:55061]' for 'POST' to 'http://localhost:55061/session/c65f907c852d539e391be602cdb563d2/element'
16:04:52.925 [Forwarding findElement on session c65f907c852d539e391be602cdb563d2 to remote] DEBUG org.asynchttpclient.netty.request.NettyRequestSender - Using open Channel [id: 0x56461d4b, L:/127.0.0.1:53561 - R:localhost/127.0.0.1:55061] for POST '/session/c65f907c852d539e391be602cdb563d2/element'
16:04:52.936 [AsyncHttpClient-1-14] DEBUG org.asynchttpclient.netty.handler.HttpHandler - 

Request DefaultHttpRequest(decodeResult: success, version: HTTP/1.1)
POST /session/c65f907c852d539e391be602cdb563d2/element HTTP/1.1
User-Agent: selenium/4.1.2 (java windows)
Content-Length: 53
Content-Type: application/json; charset=utf-8
host: localhost:55061
accept: */*

Response DefaultHttpResponse(decodeResult: success, version: HTTP/1.1)
HTTP/1.1 200 OK
Content-Type: application/json; charset=utf-8
cache-control: no-cache
content-length: 88

16:04:52.937 [AsyncHttpClient-1-14] DEBUG org.asynchttpclient.netty.channel.ChannelManager - Adding key: http://localhost:55061 for channel [id: 0x56461d4b, L:/127.0.0.1:53561 - R:localhost/127.0.0.1:55061]
16:04:52.938 [Forwarding clearElement on session c65f907c852d539e391be602cdb563d2 to remote] DEBUG org.asynchttpclient.netty.request.NettyRequestSender - Using pooled Channel '[id: 0x56461d4b, L:/127.0.0.1:53561 - R:localhost/127.0.0.1:55061]' for 'POST' to 'http://localhost:55061/session/c65f907c852d539e391be602cdb563d2/element/fc4460fa-8330-42cd-908e-790ca0ab6b74/clear'
16:04:52.938 [Forwarding clearElement on session c65f907c852d539e391be602cdb563d2 to remote] DEBUG org.asynchttpclient.netty.request.NettyRequestSender - Using open Channel [id: 0x56461d4b, L:/127.0.0.1:53561 - R:localhost/127.0.0.1:55061] for POST '/session/c65f907c852d539e391be602cdb563d2/element/fc4460fa-8330-42cd-908e-790ca0ab6b74/clear'
16:04:52.967 [AsyncHttpClient-1-14] DEBUG org.asynchttpclient.netty.handler.HttpHandler - 

Request DefaultHttpRequest(decodeResult: success, version: HTTP/1.1)
POST /session/c65f907c852d539e391be602cdb563d2/element/fc4460fa-8330-42cd-908e-790ca0ab6b74/clear HTTP/1.1
User-Agent: selenium/4.1.2 (java windows)
Content-Length: 50
Content-Type: application/json; charset=utf-8
host: localhost:55061
accept: */*

Response DefaultHttpResponse(decodeResult: success, version: HTTP/1.1)
HTTP/1.1 200 OK
Content-Type: application/json; charset=utf-8
cache-control: no-cache
content-length: 14

16:04:52.967 [AsyncHttpClient-1-14] DEBUG org.asynchttpclient.netty.channel.ChannelManager - Adding key: http://localhost:55061 for channel [id: 0x56461d4b, L:/127.0.0.1:53561 - R:localhost/127.0.0.1:55061]
16:04:52.977 [Forwarding sendKeysToElement on session c65f907c852d539e391be602cdb563d2 to remote] DEBUG org.asynchttpclient.netty.request.NettyRequestSender - Using pooled Channel '[id: 0x56461d4b, L:/127.0.0.1:53561 - R:localhost/127.0.0.1:55061]' for 'POST' to 'http://localhost:55061/session/c65f907c852d539e391be602cdb563d2/element/fc4460fa-8330-42cd-908e-790ca0ab6b74/value'
16:04:52.977 [Forwarding sendKeysToElement on session c65f907c852d539e391be602cdb563d2 to remote] DEBUG org.asynchttpclient.netty.request.NettyRequestSender - Using open Channel [id: 0x56461d4b, L:/127.0.0.1:53561 - R:localhost/127.0.0.1:55061] for POST '/session/c65f907c852d539e391be602cdb563d2/element/fc4460fa-8330-42cd-908e-790ca0ab6b74/value'
16:04:53.007 [AsyncHttpClient-1-14] DEBUG org.asynchttpclient.netty.handler.HttpHandler - 

Request DefaultHttpRequest(decodeResult: success, version: HTTP/1.1)
POST /session/c65f907c852d539e391be602cdb563d2/element/fc4460fa-8330-42cd-908e-790ca0ab6b74/value HTTP/1.1
User-Agent: selenium/4.1.2 (java windows)
Content-Length: 161
Content-Type: application/json; charset=utf-8
host: localhost:55061
accept: */*

Response DefaultHttpResponse(decodeResult: success, version: HTTP/1.1)
HTTP/1.1 200 OK
Content-Type: application/json; charset=utf-8
cache-control: no-cache
content-length: 14

16:04:53.007 [AsyncHttpClient-1-14] DEBUG org.asynchttpclient.netty.channel.ChannelManager - Adding key: http://localhost:55061 for channel [id: 0x56461d4b, L:/127.0.0.1:53561 - R:localhost/127.0.0.1:55061]
16:04:53.024 [Forwarding screenshot on session c65f907c852d539e391be602cdb563d2 to remote] DEBUG org.asynchttpclient.netty.request.NettyRequestSender - Using pooled Channel '[id: 0x56461d4b, L:/127.0.0.1:53561 - R:localhost/127.0.0.1:55061]' for 'GET' to 'http://localhost:55061/session/c65f907c852d539e391be602cdb563d2/screenshot'
16:04:53.024 [Forwarding screenshot on session c65f907c852d539e391be602cdb563d2 to remote] DEBUG org.asynchttpclient.netty.request.NettyRequestSender - Using open Channel [id: 0x56461d4b, L:/127.0.0.1:53561 - R:localhost/127.0.0.1:55061] for GET '/session/c65f907c852d539e391be602cdb563d2/screenshot'
16:04:53.173 [AsyncHttpClient-1-1] DEBUG org.asynchttpclient.netty.channel.DefaultChannelPool - Entry count for : http://localhost:53562 : 1
16:04:53.207 [AsyncHttpClient-1-14] DEBUG org.asynchttpclient.netty.handler.HttpHandler - 

Request DefaultFullHttpRequest(decodeResult: success, version: HTTP/1.1, content: EmptyByteBufBE)
GET /session/c65f907c852d539e391be602cdb563d2/screenshot HTTP/1.1
User-Agent: selenium/4.1.2 (java windows)
Cache-Control: no-cache
Content-Type: application/json; charset=utf-8
host: localhost:55061
accept: */*

Response DefaultHttpResponse(decodeResult: success, version: HTTP/1.1)
HTTP/1.1 200 OK
Content-Type: application/json; charset=utf-8
cache-control: no-cache
content-length: 377996

16:04:53.207 [AsyncHttpClient-1-14] DEBUG org.asynchttpclient.netty.channel.ChannelManager - Adding key: http://localhost:55061 for channel [id: 0x56461d4b, L:/127.0.0.1:53561 - R:localhost/127.0.0.1:55061]
16:04:53.219 [Test worker] DEBUG net.serenitybdd.core.photography.Darkroom - Send negative for processing for C:\Users\johan\OneDrive\Documentos\KONEX\Pruebas automatizadas\automatizacion_login_backoffice_1v\target\b0a5d6a1f734387fed02f51cb75c1efb8fc88bf9d7f62f4f541c1765bc1e9d6e.png
16:04:53.344 [Test worker] DEBUG net.thucydides.core.steps.StepInterceptor - STEP DONE: {0} enters #theTextAsAString into #target
16:04:53.357 [Forwarding screenshot on session c65f907c852d539e391be602cdb563d2 to remote] DEBUG org.asynchttpclient.netty.request.NettyRequestSender - Using pooled Channel '[id: 0x56461d4b, L:/127.0.0.1:53561 - R:localhost/127.0.0.1:55061]' for 'GET' to 'http://localhost:55061/session/c65f907c852d539e391be602cdb563d2/screenshot'
16:04:53.357 [Forwarding screenshot on session c65f907c852d539e391be602cdb563d2 to remote] DEBUG org.asynchttpclient.netty.request.NettyRequestSender - Using open Channel [id: 0x56461d4b, L:/127.0.0.1:53561 - R:localhost/127.0.0.1:55061] for GET '/session/c65f907c852d539e391be602cdb563d2/screenshot'
16:04:53.565 [AsyncHttpClient-1-14] DEBUG org.asynchttpclient.netty.handler.HttpHandler - 

Request DefaultFullHttpRequest(decodeResult: success, version: HTTP/1.1, content: EmptyByteBufBE)
GET /session/c65f907c852d539e391be602cdb563d2/screenshot HTTP/1.1
User-Agent: selenium/4.1.2 (java windows)
Cache-Control: no-cache
Content-Type: application/json; charset=utf-8
host: localhost:55061
accept: */*

Response DefaultHttpResponse(decodeResult: success, version: HTTP/1.1)
HTTP/1.1 200 OK
Content-Type: application/json; charset=utf-8
cache-control: no-cache
content-length: 377996

16:04:53.566 [AsyncHttpClient-1-14] DEBUG org.asynchttpclient.netty.channel.ChannelManager - Adding key: http://localhost:55061 for channel [id: 0x56461d4b, L:/127.0.0.1:53561 - R:localhost/127.0.0.1:55061]
16:04:53.578 [Test worker] DEBUG net.serenitybdd.core.photography.Darkroom - Send negative for processing for C:\Users\johan\OneDrive\Documentos\KONEX\Pruebas automatizadas\automatizacion_login_backoffice_1v\target\b0a5d6a1f734387fed02f51cb75c1efb8fc88bf9d7f62f4f541c1765bc1e9d6e.png
16:04:53.578 [Test worker] DEBUG net.thucydides.core.steps.StepInterceptor - STARTING STEP: IngresarBack.performAs - {0} enters #theTextAsAString into #target
16:04:53.587 [Test worker] DEBUG net.serenitybdd.screenplay.targets.IFrameSwitcher - default content already selected for Datos para campo contrasenna
16:04:53.587 [Test worker] DEBUG net.serenitybdd.core.pages.WebElementFacadeImpl - Type '[Ljava.lang.CharSequence;@647ff23e' : By.id: clave
16:04:53.622 [Forwarding findElement on session c65f907c852d539e391be602cdb563d2 to remote] DEBUG org.asynchttpclient.netty.request.NettyRequestSender - Using pooled Channel '[id: 0x56461d4b, L:/127.0.0.1:53561 - R:localhost/127.0.0.1:55061]' for 'POST' to 'http://localhost:55061/session/c65f907c852d539e391be602cdb563d2/element'
16:04:53.622 [Forwarding findElement on session c65f907c852d539e391be602cdb563d2 to remote] DEBUG org.asynchttpclient.netty.request.NettyRequestSender - Using open Channel [id: 0x56461d4b, L:/127.0.0.1:53561 - R:localhost/127.0.0.1:55061] for POST '/session/c65f907c852d539e391be602cdb563d2/element'
16:04:53.635 [AsyncHttpClient-1-14] DEBUG org.asynchttpclient.netty.handler.HttpHandler - 

Request DefaultHttpRequest(decodeResult: success, version: HTTP/1.1)
POST /session/c65f907c852d539e391be602cdb563d2/element HTTP/1.1
User-Agent: selenium/4.1.2 (java windows)
Content-Length: 50
Content-Type: application/json; charset=utf-8
host: localhost:55061
accept: */*

Response DefaultHttpResponse(decodeResult: success, version: HTTP/1.1)
HTTP/1.1 200 OK
Content-Type: application/json; charset=utf-8
cache-control: no-cache
content-length: 88

16:04:53.636 [AsyncHttpClient-1-14] DEBUG org.asynchttpclient.netty.channel.ChannelManager - Adding key: http://localhost:55061 for channel [id: 0x56461d4b, L:/127.0.0.1:53561 - R:localhost/127.0.0.1:55061]
16:04:53.637 [Forwarding clearElement on session c65f907c852d539e391be602cdb563d2 to remote] DEBUG org.asynchttpclient.netty.request.NettyRequestSender - Using pooled Channel '[id: 0x56461d4b, L:/127.0.0.1:53561 - R:localhost/127.0.0.1:55061]' for 'POST' to 'http://localhost:55061/session/c65f907c852d539e391be602cdb563d2/element/4f4aa0b9-c379-4978-9e13-085ad8e7c36a/clear'
16:04:53.637 [Forwarding clearElement on session c65f907c852d539e391be602cdb563d2 to remote] DEBUG org.asynchttpclient.netty.request.NettyRequestSender - Using open Channel [id: 0x56461d4b, L:/127.0.0.1:53561 - R:localhost/127.0.0.1:55061] for POST '/session/c65f907c852d539e391be602cdb563d2/element/4f4aa0b9-c379-4978-9e13-085ad8e7c36a/clear'
16:04:53.667 [AsyncHttpClient-1-14] DEBUG org.asynchttpclient.netty.handler.HttpHandler - 

Request DefaultHttpRequest(decodeResult: success, version: HTTP/1.1)
POST /session/c65f907c852d539e391be602cdb563d2/element/4f4aa0b9-c379-4978-9e13-085ad8e7c36a/clear HTTP/1.1
User-Agent: selenium/4.1.2 (java windows)
Content-Length: 50
Content-Type: application/json; charset=utf-8
host: localhost:55061
accept: */*

Response DefaultHttpResponse(decodeResult: success, version: HTTP/1.1)
HTTP/1.1 200 OK
Content-Type: application/json; charset=utf-8
cache-control: no-cache
content-length: 14

16:04:53.667 [AsyncHttpClient-1-14] DEBUG org.asynchttpclient.netty.channel.ChannelManager - Adding key: http://localhost:55061 for channel [id: 0x56461d4b, L:/127.0.0.1:53561 - R:localhost/127.0.0.1:55061]
16:04:53.677 [Forwarding sendKeysToElement on session c65f907c852d539e391be602cdb563d2 to remote] DEBUG org.asynchttpclient.netty.request.NettyRequestSender - Using pooled Channel '[id: 0x56461d4b, L:/127.0.0.1:53561 - R:localhost/127.0.0.1:55061]' for 'POST' to 'http://localhost:55061/session/c65f907c852d539e391be602cdb563d2/element/4f4aa0b9-c379-4978-9e13-085ad8e7c36a/value'
16:04:53.677 [Forwarding sendKeysToElement on session c65f907c852d539e391be602cdb563d2 to remote] DEBUG org.asynchttpclient.netty.request.NettyRequestSender - Using open Channel [id: 0x56461d4b, L:/127.0.0.1:53561 - R:localhost/127.0.0.1:55061] for POST '/session/c65f907c852d539e391be602cdb563d2/element/4f4aa0b9-c379-4978-9e13-085ad8e7c36a/value'
16:04:53.724 [AsyncHttpClient-1-14] DEBUG org.asynchttpclient.netty.handler.HttpHandler - 

Request DefaultHttpRequest(decodeResult: success, version: HTTP/1.1)
POST /session/c65f907c852d539e391be602cdb563d2/element/4f4aa0b9-c379-4978-9e13-085ad8e7c36a/value HTTP/1.1
User-Agent: selenium/4.1.2 (java windows)
Content-Length: 131
Content-Type: application/json; charset=utf-8
host: localhost:55061
accept: */*

Response DefaultHttpResponse(decodeResult: success, version: HTTP/1.1)
HTTP/1.1 200 OK
Content-Type: application/json; charset=utf-8
cache-control: no-cache
content-length: 14

16:04:53.724 [AsyncHttpClient-1-14] DEBUG org.asynchttpclient.netty.channel.ChannelManager - Adding key: http://localhost:55061 for channel [id: 0x56461d4b, L:/127.0.0.1:53561 - R:localhost/127.0.0.1:55061]
16:04:53.744 [Forwarding screenshot on session c65f907c852d539e391be602cdb563d2 to remote] DEBUG org.asynchttpclient.netty.request.NettyRequestSender - Using pooled Channel '[id: 0x56461d4b, L:/127.0.0.1:53561 - R:localhost/127.0.0.1:55061]' for 'GET' to 'http://localhost:55061/session/c65f907c852d539e391be602cdb563d2/screenshot'
16:04:53.744 [Forwarding screenshot on session c65f907c852d539e391be602cdb563d2 to remote] DEBUG org.asynchttpclient.netty.request.NettyRequestSender - Using open Channel [id: 0x56461d4b, L:/127.0.0.1:53561 - R:localhost/127.0.0.1:55061] for GET '/session/c65f907c852d539e391be602cdb563d2/screenshot'
16:04:53.933 [AsyncHttpClient-1-14] DEBUG org.asynchttpclient.netty.handler.HttpHandler - 

Request DefaultFullHttpRequest(decodeResult: success, version: HTTP/1.1, content: EmptyByteBufBE)
GET /session/c65f907c852d539e391be602cdb563d2/screenshot HTTP/1.1
User-Agent: selenium/4.1.2 (java windows)
Cache-Control: no-cache
Content-Type: application/json; charset=utf-8
host: localhost:55061
accept: */*

Response DefaultHttpResponse(decodeResult: success, version: HTTP/1.1)
HTTP/1.1 200 OK
Content-Type: application/json; charset=utf-8
cache-control: no-cache
content-length: 375784

16:04:53.933 [AsyncHttpClient-1-14] DEBUG org.asynchttpclient.netty.channel.ChannelManager - Adding key: http://localhost:55061 for channel [id: 0x56461d4b, L:/127.0.0.1:53561 - R:localhost/127.0.0.1:55061]
16:04:53.945 [Test worker] DEBUG net.serenitybdd.core.photography.Darkroom - Send negative for processing for C:\Users\johan\OneDrive\Documentos\KONEX\Pruebas automatizadas\automatizacion_login_backoffice_1v\target\29ba0d226d74ba75769fb1c95aeda6bcea365293ae93d3c7134160352b8436ee.png
16:04:54.094 [Test worker] DEBUG net.thucydides.core.steps.StepInterceptor - STEP DONE: {0} enters #theTextAsAString into #target
16:04:54.110 [Forwarding screenshot on session c65f907c852d539e391be602cdb563d2 to remote] DEBUG org.asynchttpclient.netty.request.NettyRequestSender - Using pooled Channel '[id: 0x56461d4b, L:/127.0.0.1:53561 - R:localhost/127.0.0.1:55061]' for 'GET' to 'http://localhost:55061/session/c65f907c852d539e391be602cdb563d2/screenshot'
16:04:54.111 [Forwarding screenshot on session c65f907c852d539e391be602cdb563d2 to remote] DEBUG org.asynchttpclient.netty.request.NettyRequestSender - Using open Channel [id: 0x56461d4b, L:/127.0.0.1:53561 - R:localhost/127.0.0.1:55061] for GET '/session/c65f907c852d539e391be602cdb563d2/screenshot'
16:04:54.271 [AsyncHttpClient-1-1] DEBUG org.asynchttpclient.netty.channel.DefaultChannelPool - Entry count for : http://localhost:53562 : 1
16:04:54.340 [AsyncHttpClient-1-14] DEBUG org.asynchttpclient.netty.handler.HttpHandler - 

Request DefaultFullHttpRequest(decodeResult: success, version: HTTP/1.1, content: EmptyByteBufBE)
GET /session/c65f907c852d539e391be602cdb563d2/screenshot HTTP/1.1
User-Agent: selenium/4.1.2 (java windows)
Cache-Control: no-cache
Content-Type: application/json; charset=utf-8
host: localhost:55061
accept: */*

Response DefaultHttpResponse(decodeResult: success, version: HTTP/1.1)
HTTP/1.1 200 OK
Content-Type: application/json; charset=utf-8
cache-control: no-cache
content-length: 375784

16:04:54.340 [AsyncHttpClient-1-14] DEBUG org.asynchttpclient.netty.channel.ChannelManager - Adding key: http://localhost:55061 for channel [id: 0x56461d4b, L:/127.0.0.1:53561 - R:localhost/127.0.0.1:55061]
16:04:54.354 [Test worker] DEBUG net.serenitybdd.core.photography.Darkroom - Send negative for processing for C:\Users\johan\OneDrive\Documentos\KONEX\Pruebas automatizadas\automatizacion_login_backoffice_1v\target\29ba0d226d74ba75769fb1c95aeda6bcea365293ae93d3c7134160352b8436ee.png
16:04:54.355 [Test worker] DEBUG net.thucydides.core.steps.StepInterceptor - STARTING STEP: IngresarBack.performAs - {0} clicks on #target
16:04:54.355 [Test worker] DEBUG net.serenitybdd.screenplay.targets.IFrameSwitcher - default content already selected for Boton iniciar sesion
16:04:54.416 [Forwarding findElement on session c65f907c852d539e391be602cdb563d2 to remote] DEBUG org.asynchttpclient.netty.request.NettyRequestSender - Using pooled Channel '[id: 0x56461d4b, L:/127.0.0.1:53561 - R:localhost/127.0.0.1:55061]' for 'POST' to 'http://localhost:55061/session/c65f907c852d539e391be602cdb563d2/element'
16:04:54.416 [Forwarding findElement on session c65f907c852d539e391be602cdb563d2 to remote] DEBUG org.asynchttpclient.netty.request.NettyRequestSender - Using open Channel [id: 0x56461d4b, L:/127.0.0.1:53561 - R:localhost/127.0.0.1:55061] for POST '/session/c65f907c852d539e391be602cdb563d2/element'
16:04:54.427 [AsyncHttpClient-1-14] DEBUG org.asynchttpclient.netty.handler.HttpHandler - 

Request DefaultHttpRequest(decodeResult: success, version: HTTP/1.1)
POST /session/c65f907c852d539e391be602cdb563d2/element HTTP/1.1
User-Agent: selenium/4.1.2 (java windows)
Content-Length: 89
Content-Type: application/json; charset=utf-8
host: localhost:55061
accept: */*

Response DefaultHttpResponse(decodeResult: success, version: HTTP/1.1)
HTTP/1.1 200 OK
Content-Type: application/json; charset=utf-8
cache-control: no-cache
content-length: 88

16:04:54.427 [AsyncHttpClient-1-14] DEBUG org.asynchttpclient.netty.channel.ChannelManager - Adding key: http://localhost:55061 for channel [id: 0x56461d4b, L:/127.0.0.1:53561 - R:localhost/127.0.0.1:55061]
16:04:54.440 [Forwarding isElementDisplayed on session c65f907c852d539e391be602cdb563d2 to remote] DEBUG org.asynchttpclient.netty.request.NettyRequestSender - Using pooled Channel '[id: 0x56461d4b, L:/127.0.0.1:53561 - R:localhost/127.0.0.1:55061]' for 'POST' to 'http://localhost:55061/session/c65f907c852d539e391be602cdb563d2/execute/sync'
16:04:54.440 [Forwarding isElementDisplayed on session c65f907c852d539e391be602cdb563d2 to remote] DEBUG org.asynchttpclient.netty.request.NettyRequestSender - Using open Channel [id: 0x56461d4b, L:/127.0.0.1:53561 - R:localhost/127.0.0.1:55061] for POST '/session/c65f907c852d539e391be602cdb563d2/execute/sync'
16:04:54.451 [AsyncHttpClient-1-14] DEBUG org.asynchttpclient.netty.handler.HttpHandler - 

Request DefaultHttpRequest(decodeResult: success, version: HTTP/1.1)
POST /session/c65f907c852d539e391be602cdb563d2/execute/sync HTTP/1.1
User-Agent: selenium/4.1.2 (java windows)
Content-Length: 48780
Content-Type: application/json; charset=utf-8
host: localhost:55061
accept: */*

Response DefaultHttpResponse(decodeResult: success, version: HTTP/1.1)
HTTP/1.1 200 OK
Content-Type: application/json; charset=utf-8
cache-control: no-cache
content-length: 14

16:04:54.452 [AsyncHttpClient-1-14] DEBUG org.asynchttpclient.netty.channel.ChannelManager - Adding key: http://localhost:55061 for channel [id: 0x56461d4b, L:/127.0.0.1:53561 - R:localhost/127.0.0.1:55061]
16:04:54.452 [Test worker] DEBUG net.serenitybdd.core.pages.WebElementFacadeImpl - click : By.xpath: //span[contains(text(),'INICIAR SESIÓN')]
16:04:54.470 [Forwarding findElement on session c65f907c852d539e391be602cdb563d2 to remote] DEBUG org.asynchttpclient.netty.request.NettyRequestSender - Using pooled Channel '[id: 0x56461d4b, L:/127.0.0.1:53561 - R:localhost/127.0.0.1:55061]' for 'POST' to 'http://localhost:55061/session/c65f907c852d539e391be602cdb563d2/element'
16:04:54.470 [Forwarding findElement on session c65f907c852d539e391be602cdb563d2 to remote] DEBUG org.asynchttpclient.netty.request.NettyRequestSender - Using open Channel [id: 0x56461d4b, L:/127.0.0.1:53561 - R:localhost/127.0.0.1:55061] for POST '/session/c65f907c852d539e391be602cdb563d2/element'
16:04:54.478 [AsyncHttpClient-1-14] DEBUG org.asynchttpclient.netty.handler.HttpHandler - 

Request DefaultHttpRequest(decodeResult: success, version: HTTP/1.1)
POST /session/c65f907c852d539e391be602cdb563d2/element HTTP/1.1
User-Agent: selenium/4.1.2 (java windows)
Content-Length: 89
Content-Type: application/json; charset=utf-8
host: localhost:55061
accept: */*

Response DefaultHttpResponse(decodeResult: success, version: HTTP/1.1)
HTTP/1.1 200 OK
Content-Type: application/json; charset=utf-8
cache-control: no-cache
content-length: 88

16:04:54.478 [AsyncHttpClient-1-14] DEBUG org.asynchttpclient.netty.channel.ChannelManager - Adding key: http://localhost:55061 for channel [id: 0x56461d4b, L:/127.0.0.1:53561 - R:localhost/127.0.0.1:55061]
16:04:54.480 [Forwarding clickElement on session c65f907c852d539e391be602cdb563d2 to remote] DEBUG org.asynchttpclient.netty.request.NettyRequestSender - Using pooled Channel '[id: 0x56461d4b, L:/127.0.0.1:53561 - R:localhost/127.0.0.1:55061]' for 'POST' to 'http://localhost:55061/session/c65f907c852d539e391be602cdb563d2/element/d49fa125-50d9-4d86-ad1a-1837d982126e/click'
16:04:54.480 [Forwarding clickElement on session c65f907c852d539e391be602cdb563d2 to remote] DEBUG org.asynchttpclient.netty.request.NettyRequestSender - Using open Channel [id: 0x56461d4b, L:/127.0.0.1:53561 - R:localhost/127.0.0.1:55061] for POST '/session/c65f907c852d539e391be602cdb563d2/element/d49fa125-50d9-4d86-ad1a-1837d982126e/click'
16:04:54.516 [AsyncHttpClient-1-14] DEBUG org.asynchttpclient.netty.handler.HttpHandler - 

Request DefaultHttpRequest(decodeResult: success, version: HTTP/1.1)
POST /session/c65f907c852d539e391be602cdb563d2/element/d49fa125-50d9-4d86-ad1a-1837d982126e/click HTTP/1.1
User-Agent: selenium/4.1.2 (java windows)
Content-Length: 50
Content-Type: application/json; charset=utf-8
host: localhost:55061
accept: */*

Response DefaultHttpResponse(decodeResult: success, version: HTTP/1.1)
HTTP/1.1 200 OK
Content-Type: application/json; charset=utf-8
cache-control: no-cache
content-length: 14

16:04:54.516 [AsyncHttpClient-1-14] DEBUG org.asynchttpclient.netty.channel.ChannelManager - Adding key: http://localhost:55061 for channel [id: 0x56461d4b, L:/127.0.0.1:53561 - R:localhost/127.0.0.1:55061]
16:04:54.535 [Forwarding screenshot on session c65f907c852d539e391be602cdb563d2 to remote] DEBUG org.asynchttpclient.netty.request.NettyRequestSender - Using pooled Channel '[id: 0x56461d4b, L:/127.0.0.1:53561 - R:localhost/127.0.0.1:55061]' for 'GET' to 'http://localhost:55061/session/c65f907c852d539e391be602cdb563d2/screenshot'
16:04:54.535 [Forwarding screenshot on session c65f907c852d539e391be602cdb563d2 to remote] DEBUG org.asynchttpclient.netty.request.NettyRequestSender - Using open Channel [id: 0x56461d4b, L:/127.0.0.1:53561 - R:localhost/127.0.0.1:55061] for GET '/session/c65f907c852d539e391be602cdb563d2/screenshot'
16:04:54.763 [AsyncHttpClient-1-14] DEBUG org.asynchttpclient.netty.handler.HttpHandler - 

Request DefaultFullHttpRequest(decodeResult: success, version: HTTP/1.1, content: EmptyByteBufBE)
GET /session/c65f907c852d539e391be602cdb563d2/screenshot HTTP/1.1
User-Agent: selenium/4.1.2 (java windows)
Cache-Control: no-cache
Content-Type: application/json; charset=utf-8
host: localhost:55061
accept: */*

Response DefaultHttpResponse(decodeResult: success, version: HTTP/1.1)
HTTP/1.1 200 OK
Content-Type: application/json; charset=utf-8
cache-control: no-cache
content-length: 355548

16:04:54.764 [AsyncHttpClient-1-14] DEBUG org.asynchttpclient.netty.channel.ChannelManager - Adding key: http://localhost:55061 for channel [id: 0x56461d4b, L:/127.0.0.1:53561 - R:localhost/127.0.0.1:55061]
16:04:54.776 [Test worker] DEBUG net.serenitybdd.core.photography.Darkroom - Send negative for processing for C:\Users\johan\OneDrive\Documentos\KONEX\Pruebas automatizadas\automatizacion_login_backoffice_1v\target\2aa80e02eb73cb363ead9cd5478f5a7b715b09ab843049c9f9fe9b099356d873.png
16:04:54.777 [Darkroom Processing Line] DEBUG net.serenitybdd.core.photography.DarkroomProcessingLine - Processing screenshot image in /var/screenshots/screenshot-3802984148865003797
16:04:54.777 [Darkroom Processing Line] DEBUG net.serenitybdd.core.photography.DarkroomProcessingLine - Saving screenshot to C:\Users\johan\OneDrive\Documentos\KONEX\Pruebas automatizadas\automatizacion_login_backoffice_1v\target\2aa80e02eb73cb363ead9cd5478f5a7b715b09ab843049c9f9fe9b099356d873.png
16:04:54.904 [Test worker] DEBUG net.thucydides.core.steps.StepInterceptor - STEP DONE: {0} clicks on #target
16:04:54.926 [Forwarding screenshot on session c65f907c852d539e391be602cdb563d2 to remote] DEBUG org.asynchttpclient.netty.request.NettyRequestSender - Using pooled Channel '[id: 0x56461d4b, L:/127.0.0.1:53561 - R:localhost/127.0.0.1:55061]' for 'GET' to 'http://localhost:55061/session/c65f907c852d539e391be602cdb563d2/screenshot'
16:04:54.927 [Forwarding screenshot on session c65f907c852d539e391be602cdb563d2 to remote] DEBUG org.asynchttpclient.netty.request.NettyRequestSender - Using open Channel [id: 0x56461d4b, L:/127.0.0.1:53561 - R:localhost/127.0.0.1:55061] for GET '/session/c65f907c852d539e391be602cdb563d2/screenshot'
16:04:55.215 [AsyncHttpClient-1-14] DEBUG org.asynchttpclient.netty.handler.HttpHandler - 

Request DefaultFullHttpRequest(decodeResult: success, version: HTTP/1.1, content: EmptyByteBufBE)
GET /session/c65f907c852d539e391be602cdb563d2/screenshot HTTP/1.1
User-Agent: selenium/4.1.2 (java windows)
Cache-Control: no-cache
Content-Type: application/json; charset=utf-8
host: localhost:55061
accept: */*

Response DefaultHttpResponse(decodeResult: success, version: HTTP/1.1)
HTTP/1.1 200 OK
Content-Type: application/json; charset=utf-8
cache-control: no-cache
content-length: 355548

16:04:55.216 [AsyncHttpClient-1-14] DEBUG org.asynchttpclient.netty.channel.ChannelManager - Adding key: http://localhost:55061 for channel [id: 0x56461d4b, L:/127.0.0.1:53561 - R:localhost/127.0.0.1:55061]
16:04:55.246 [Test worker] DEBUG net.serenitybdd.core.photography.Darkroom - Send negative for processing for C:\Users\johan\OneDrive\Documentos\KONEX\Pruebas automatizadas\automatizacion_login_backoffice_1v\target\ea8a5dee75c490fdde0dcaa8dce90e2523bea9aba7d688c23eb85033b53b19dd.png
16:04:55.247 [Darkroom Processing Line] DEBUG net.serenitybdd.core.photography.DarkroomProcessingLine - Processing screenshot image in /var/screenshots/screenshot-6078252208656734771
16:04:55.247 [Darkroom Processing Line] DEBUG net.serenitybdd.core.photography.DarkroomProcessingLine - Saving screenshot to C:\Users\johan\OneDrive\Documentos\KONEX\Pruebas automatizadas\automatizacion_login_backoffice_1v\target\ea8a5dee75c490fdde0dcaa8dce90e2523bea9aba7d688c23eb85033b53b19dd.png
16:04:55.357 [Test worker] DEBUG net.thucydides.core.steps.StepInterceptor - STEP DONE: performAs
16:04:55.373 [AsyncHttpClient-1-1] DEBUG org.asynchttpclient.netty.channel.DefaultChannelPool - Entry count for : http://localhost:55061 : 1
16:04:55.373 [AsyncHttpClient-1-1] DEBUG org.asynchttpclient.netty.channel.DefaultChannelPool - Entry count for : http://localhost:53562 : 1
16:04:55.424 [Forwarding screenshot on session c65f907c852d539e391be602cdb563d2 to remote] DEBUG org.asynchttpclient.netty.request.NettyRequestSender - Using pooled Channel '[id: 0x56461d4b, L:/127.0.0.1:53561 - R:localhost/127.0.0.1:55061]' for 'GET' to 'http://localhost:55061/session/c65f907c852d539e391be602cdb563d2/screenshot'
16:04:55.424 [Forwarding screenshot on session c65f907c852d539e391be602cdb563d2 to remote] DEBUG org.asynchttpclient.netty.request.NettyRequestSender - Using open Channel [id: 0x56461d4b, L:/127.0.0.1:53561 - R:localhost/127.0.0.1:55061] for GET '/session/c65f907c852d539e391be602cdb563d2/screenshot'
16:04:55.830 [AsyncHttpClient-1-14] DEBUG org.asynchttpclient.netty.handler.HttpHandler - 

Request DefaultFullHttpRequest(decodeResult: success, version: HTTP/1.1, content: EmptyByteBufBE)
GET /session/c65f907c852d539e391be602cdb563d2/screenshot HTTP/1.1
User-Agent: selenium/4.1.2 (java windows)
Cache-Control: no-cache
Content-Type: application/json; charset=utf-8
host: localhost:55061
accept: */*

Response DefaultHttpResponse(decodeResult: success, version: HTTP/1.1)
HTTP/1.1 200 OK
Content-Type: application/json; charset=utf-8
cache-control: no-cache
content-length: 355476

16:04:55.831 [AsyncHttpClient-1-14] DEBUG org.asynchttpclient.netty.channel.ChannelManager - Adding key: http://localhost:55061 for channel [id: 0x56461d4b, L:/127.0.0.1:53561 - R:localhost/127.0.0.1:55061]
16:04:55.855 [Test worker] DEBUG net.serenitybdd.core.photography.Darkroom - Send negative for processing for C:\Users\johan\OneDrive\Documentos\KONEX\Pruebas automatizadas\automatizacion_login_backoffice_1v\target\57aa32368c4f5f68d310ef52579f519cde8a5d246803f10684b412b823ae138b.png
16:04:55.856 [Darkroom Processing Line] DEBUG net.serenitybdd.core.photography.DarkroomProcessingLine - Processing screenshot image in /var/screenshots/screenshot-1984612844971141572
16:04:55.856 [Darkroom Processing Line] DEBUG net.serenitybdd.core.photography.DarkroomProcessingLine - Saving screenshot to C:\Users\johan\OneDrive\Documentos\KONEX\Pruebas automatizadas\automatizacion_login_backoffice_1v\target\57aa32368c4f5f68d310ef52579f519cde8a5d246803f10684b412b823ae138b.png
16:04:55.997 [Forwarding screenshot on session c65f907c852d539e391be602cdb563d2 to remote] DEBUG org.asynchttpclient.netty.request.NettyRequestSender - Using pooled Channel '[id: 0x56461d4b, L:/127.0.0.1:53561 - R:localhost/127.0.0.1:55061]' for 'GET' to 'http://localhost:55061/session/c65f907c852d539e391be602cdb563d2/screenshot'
16:04:55.997 [Forwarding screenshot on session c65f907c852d539e391be602cdb563d2 to remote] DEBUG org.asynchttpclient.netty.request.NettyRequestSender - Using open Channel [id: 0x56461d4b, L:/127.0.0.1:53561 - R:localhost/127.0.0.1:55061] for GET '/session/c65f907c852d539e391be602cdb563d2/screenshot'
16:04:56.399 [AsyncHttpClient-1-14] DEBUG org.asynchttpclient.netty.handler.HttpHandler - 

Request DefaultFullHttpRequest(decodeResult: success, version: HTTP/1.1, content: EmptyByteBufBE)
GET /session/c65f907c852d539e391be602cdb563d2/screenshot HTTP/1.1
User-Agent: selenium/4.1.2 (java windows)
Cache-Control: no-cache
Content-Type: application/json; charset=utf-8
host: localhost:55061
accept: */*

Response DefaultHttpResponse(decodeResult: success, version: HTTP/1.1)
HTTP/1.1 200 OK
Content-Type: application/json; charset=utf-8
cache-control: no-cache
content-length: 384592

16:04:56.400 [AsyncHttpClient-1-14] DEBUG org.asynchttpclient.netty.channel.ChannelManager - Adding key: http://localhost:55061 for channel [id: 0x56461d4b, L:/127.0.0.1:53561 - R:localhost/127.0.0.1:55061]
16:04:56.426 [Test worker] DEBUG net.serenitybdd.core.photography.Darkroom - Send negative for processing for C:\Users\johan\OneDrive\Documentos\KONEX\Pruebas automatizadas\automatizacion_login_backoffice_1v\target\524292d9b0a2c641e80856de2314e5e47ea468398735302e60abc480391e83e3.png
16:04:56.475 [AsyncHttpClient-1-1] DEBUG org.asynchttpclient.netty.channel.DefaultChannelPool - Entry count for : http://localhost:55061 : 1
16:04:56.475 [AsyncHttpClient-1-1] DEBUG org.asynchttpclient.netty.channel.DefaultChannelPool - Entry count for : http://localhost:53562 : 1
16:04:56.495 [Test worker] DEBUG net.serenitybdd.screenplay.targets.IFrameSwitcher - default content already selected for Mensaje error credenciales
16:04:56.514 [Forwarding findElements on session c65f907c852d539e391be602cdb563d2 to remote] DEBUG org.asynchttpclient.netty.request.NettyRequestSender - Using pooled Channel '[id: 0x56461d4b, L:/127.0.0.1:53561 - R:localhost/127.0.0.1:55061]' for 'POST' to 'http://localhost:55061/session/c65f907c852d539e391be602cdb563d2/elements'
16:04:56.514 [Forwarding findElements on session c65f907c852d539e391be602cdb563d2 to remote] DEBUG org.asynchttpclient.netty.request.NettyRequestSender - Using open Channel [id: 0x56461d4b, L:/127.0.0.1:53561 - R:localhost/127.0.0.1:55061] for POST '/session/c65f907c852d539e391be602cdb563d2/elements'
16:04:56.534 [AsyncHttpClient-1-14] DEBUG org.asynchttpclient.netty.handler.HttpHandler - 

Request DefaultHttpRequest(decodeResult: success, version: HTTP/1.1)
POST /session/c65f907c852d539e391be602cdb563d2/elements HTTP/1.1
User-Agent: selenium/4.1.2 (java windows)
Content-Length: 160
Content-Type: application/json; charset=utf-8
host: localhost:55061
accept: */*

Response DefaultHttpResponse(decodeResult: success, version: HTTP/1.1)
HTTP/1.1 200 OK
Content-Type: application/json; charset=utf-8
cache-control: no-cache
content-length: 90

16:04:56.535 [AsyncHttpClient-1-14] DEBUG org.asynchttpclient.netty.channel.ChannelManager - Adding key: http://localhost:55061 for channel [id: 0x56461d4b, L:/127.0.0.1:53561 - R:localhost/127.0.0.1:55061]
16:04:56.576 [Forwarding getElementText on session c65f907c852d539e391be602cdb563d2 to remote] DEBUG org.asynchttpclient.netty.request.NettyRequestSender - Using pooled Channel '[id: 0x56461d4b, L:/127.0.0.1:53561 - R:localhost/127.0.0.1:55061]' for 'GET' to 'http://localhost:55061/session/c65f907c852d539e391be602cdb563d2/element/55c08cd0-a5ee-4d92-aec9-1547a7da9334/text'
16:04:56.576 [Forwarding getElementText on session c65f907c852d539e391be602cdb563d2 to remote] DEBUG org.asynchttpclient.netty.request.NettyRequestSender - Using open Channel [id: 0x56461d4b, L:/127.0.0.1:53561 - R:localhost/127.0.0.1:55061] for GET '/session/c65f907c852d539e391be602cdb563d2/element/55c08cd0-a5ee-4d92-aec9-1547a7da9334/text'
16:04:56.600 [AsyncHttpClient-1-14] DEBUG org.asynchttpclient.netty.handler.HttpHandler - 

Request DefaultFullHttpRequest(decodeResult: success, version: HTTP/1.1, content: EmptyByteBufBE)
GET /session/c65f907c852d539e391be602cdb563d2/element/55c08cd0-a5ee-4d92-aec9-1547a7da9334/text HTTP/1.1
User-Agent: selenium/4.1.2 (java windows)
Cache-Control: no-cache
Content-Type: application/json; charset=utf-8
host: localhost:55061
accept: */*

Response DefaultHttpResponse(decodeResult: success, version: HTTP/1.1)
HTTP/1.1 200 OK
Content-Type: application/json; charset=utf-8
cache-control: no-cache
content-length: 58

16:04:56.600 [AsyncHttpClient-1-14] DEBUG org.asynchttpclient.netty.channel.ChannelManager - Adding key: http://localhost:55061 for channel [id: 0x56461d4b, L:/127.0.0.1:53561 - R:localhost/127.0.0.1:55061]
16:04:56.628 [Forwarding screenshot on session c65f907c852d539e391be602cdb563d2 to remote] DEBUG org.asynchttpclient.netty.request.NettyRequestSender - Using pooled Channel '[id: 0x56461d4b, L:/127.0.0.1:53561 - R:localhost/127.0.0.1:55061]' for 'GET' to 'http://localhost:55061/session/c65f907c852d539e391be602cdb563d2/screenshot'
16:04:56.628 [Forwarding screenshot on session c65f907c852d539e391be602cdb563d2 to remote] DEBUG org.asynchttpclient.netty.request.NettyRequestSender - Using open Channel [id: 0x56461d4b, L:/127.0.0.1:53561 - R:localhost/127.0.0.1:55061] for GET '/session/c65f907c852d539e391be602cdb563d2/screenshot'
16:04:57.029 [AsyncHttpClient-1-14] DEBUG org.asynchttpclient.netty.handler.HttpHandler - 

Request DefaultFullHttpRequest(decodeResult: success, version: HTTP/1.1, content: EmptyByteBufBE)
GET /session/c65f907c852d539e391be602cdb563d2/screenshot HTTP/1.1
User-Agent: selenium/4.1.2 (java windows)
Cache-Control: no-cache
Content-Type: application/json; charset=utf-8
host: localhost:55061
accept: */*

Response DefaultHttpResponse(decodeResult: success, version: HTTP/1.1)
HTTP/1.1 200 OK
Content-Type: application/json; charset=utf-8
cache-control: no-cache
content-length: 384592

16:04:57.030 [AsyncHttpClient-1-14] DEBUG org.asynchttpclient.netty.channel.ChannelManager - Adding key: http://localhost:55061 for channel [id: 0x56461d4b, L:/127.0.0.1:53561 - R:localhost/127.0.0.1:55061]
16:04:57.061 [Test worker] DEBUG net.serenitybdd.core.photography.Darkroom - Send negative for processing for C:\Users\johan\OneDrive\Documentos\KONEX\Pruebas automatizadas\automatizacion_login_backoffice_1v\target\524292d9b0a2c641e80856de2314e5e47ea468398735302e60abc480391e83e3.png
16:04:57.216 [Forwarding screenshot on session c65f907c852d539e391be602cdb563d2 to remote] DEBUG org.asynchttpclient.netty.request.NettyRequestSender - Using pooled Channel '[id: 0x56461d4b, L:/127.0.0.1:53561 - R:localhost/127.0.0.1:55061]' for 'GET' to 'http://localhost:55061/session/c65f907c852d539e391be602cdb563d2/screenshot'
16:04:57.216 [Forwarding screenshot on session c65f907c852d539e391be602cdb563d2 to remote] DEBUG org.asynchttpclient.netty.request.NettyRequestSender - Using open Channel [id: 0x56461d4b, L:/127.0.0.1:53561 - R:localhost/127.0.0.1:55061] for GET '/session/c65f907c852d539e391be602cdb563d2/screenshot'
16:04:57.570 [AsyncHttpClient-1-1] DEBUG org.asynchttpclient.netty.channel.DefaultChannelPool - Entry count for : http://localhost:53562 : 1
16:04:57.607 [AsyncHttpClient-1-14] DEBUG org.asynchttpclient.netty.handler.HttpHandler - 

Request DefaultFullHttpRequest(decodeResult: success, version: HTTP/1.1, content: EmptyByteBufBE)
GET /session/c65f907c852d539e391be602cdb563d2/screenshot HTTP/1.1
User-Agent: selenium/4.1.2 (java windows)
Cache-Control: no-cache
Content-Type: application/json; charset=utf-8
host: localhost:55061
accept: */*

Response DefaultHttpResponse(decodeResult: success, version: HTTP/1.1)
HTTP/1.1 200 OK
Content-Type: application/json; charset=utf-8
cache-control: no-cache
content-length: 384592

16:04:57.608 [AsyncHttpClient-1-14] DEBUG org.asynchttpclient.netty.channel.ChannelManager - Adding key: http://localhost:55061 for channel [id: 0x56461d4b, L:/127.0.0.1:53561 - R:localhost/127.0.0.1:55061]
16:04:57.634 [Test worker] DEBUG net.serenitybdd.core.photography.Darkroom - Send negative for processing for C:\Users\johan\OneDrive\Documentos\KONEX\Pruebas automatizadas\automatizacion_login_backoffice_1v\target\524292d9b0a2c641e80856de2314e5e47ea468398735302e60abc480391e83e3.png
16:04:57.765 [Forwarding screenshot on session c65f907c852d539e391be602cdb563d2 to remote] DEBUG org.asynchttpclient.netty.request.NettyRequestSender - Using pooled Channel '[id: 0x56461d4b, L:/127.0.0.1:53561 - R:localhost/127.0.0.1:55061]' for 'GET' to 'http://localhost:55061/session/c65f907c852d539e391be602cdb563d2/screenshot'
16:04:57.765 [Forwarding screenshot on session c65f907c852d539e391be602cdb563d2 to remote] DEBUG org.asynchttpclient.netty.request.NettyRequestSender - Using open Channel [id: 0x56461d4b, L:/127.0.0.1:53561 - R:localhost/127.0.0.1:55061] for GET '/session/c65f907c852d539e391be602cdb563d2/screenshot'
16:04:58.122 [AsyncHttpClient-1-14] DEBUG org.asynchttpclient.netty.handler.HttpHandler - 

Request DefaultFullHttpRequest(decodeResult: success, version: HTTP/1.1, content: EmptyByteBufBE)
GET /session/c65f907c852d539e391be602cdb563d2/screenshot HTTP/1.1
User-Agent: selenium/4.1.2 (java windows)
Cache-Control: no-cache
Content-Type: application/json; charset=utf-8
host: localhost:55061
accept: */*

Response DefaultHttpResponse(decodeResult: success, version: HTTP/1.1)
HTTP/1.1 200 OK
Content-Type: application/json; charset=utf-8
cache-control: no-cache
content-length: 384592

16:04:58.123 [AsyncHttpClient-1-14] DEBUG org.asynchttpclient.netty.channel.ChannelManager - Adding key: http://localhost:55061 for channel [id: 0x56461d4b, L:/127.0.0.1:53561 - R:localhost/127.0.0.1:55061]
16:04:58.140 [Test worker] DEBUG net.serenitybdd.core.photography.Darkroom - Send negative for processing for C:\Users\johan\OneDrive\Documentos\KONEX\Pruebas automatizadas\automatizacion_login_backoffice_1v\target\524292d9b0a2c641e80856de2314e5e47ea468398735302e60abc480391e83e3.png
16:04:58.249 [AsyncHttpClient-1-16] DEBUG org.asynchttpclient.netty.handler.WebSocketHandler - Channel Closed: [id: 0x54f39154, L:/127.0.0.1:53569 ! R:localhost/127.0.0.1:53562] with attribute NettyResponseFuture{currentRetry=5,
	isDone=1,
	isCancelled=0,
	asyncHandler=org.asynchttpclient.ws.WebSocketUpgradeHandler@45c24852,
	nettyRequest=org.asynchttpclient.netty.request.NettyRequest@c0ce8e,
	future=java.util.concurrent.CompletableFuture@1efdde87[Completed normally],
	uri=ws://localhost:53562/devtools/browser/c3cf9f52-827c-40fa-93e8-eb355706ad2b,
	keepAlive=true,
	redirectCount=0,
	timeoutsHolder=null,
	inAuth=0,
	touch=1682024688994}
16:04:58.249 [AsyncHttpClient-1-16] DEBUG org.asynchttpclient.netty.channel.ChannelManager - Closing Channel [id: 0x54f39154, L:/127.0.0.1:53569 ! R:localhost/127.0.0.1:53562] 
16:04:58.249 [Driver Command Executor] DEBUG org.asynchttpclient.netty.request.NettyRequestSender - Using pooled Channel '[id: 0x56461d4b, L:/127.0.0.1:53561 - R:localhost/127.0.0.1:55061]' for 'DELETE' to 'http://localhost:55061/session/c65f907c852d539e391be602cdb563d2'
16:04:58.249 [Driver Command Executor] DEBUG org.asynchttpclient.netty.request.NettyRequestSender - Using open Channel [id: 0x56461d4b, L:/127.0.0.1:53561 - R:localhost/127.0.0.1:55061] for DELETE '/session/c65f907c852d539e391be602cdb563d2'
16:04:58.291 [AsyncHttpClient-1-15] DEBUG org.asynchttpclient.netty.handler.HttpHandler - Unexpected I/O exception on channel [id: 0x41fd746f, L:/127.0.0.1:53568 - R:localhost/127.0.0.1:53562]
java.io.IOException: Se ha forzado la interrupción de una conexión existente por el host remoto
	at sun.nio.ch.SocketDispatcher.read0(Native Method)
	at sun.nio.ch.SocketDispatcher.read(SocketDispatcher.java:43)
	at sun.nio.ch.IOUtil.readIntoNativeBuffer(IOUtil.java:223)
	at sun.nio.ch.IOUtil.read(IOUtil.java:192)
	at sun.nio.ch.SocketChannelImpl.read(SocketChannelImpl.java:380)
	at io.netty.buffer.PooledByteBuf.setBytes(PooledByteBuf.java:258)
	at io.netty.buffer.AbstractByteBuf.writeBytes(AbstractByteBuf.java:1132)
	at io.netty.channel.socket.nio.NioSocketChannel.doReadBytes(NioSocketChannel.java:350)
	at io.netty.channel.nio.AbstractNioByteChannel$NioByteUnsafe.read(AbstractNioByteChannel.java:151)
	at io.netty.channel.nio.NioEventLoop.processSelectedKey(NioEventLoop.java:722)
	at io.netty.channel.nio.NioEventLoop.processSelectedKeysOptimized(NioEventLoop.java:658)
	at io.netty.channel.nio.NioEventLoop.processSelectedKeys(NioEventLoop.java:584)
	at io.netty.channel.nio.NioEventLoop.run(NioEventLoop.java:496)
	at io.netty.util.concurrent.SingleThreadEventExecutor$4.run(SingleThreadEventExecutor.java:986)
	at io.netty.util.internal.ThreadExecutorMap$2.run(ThreadExecutorMap.java:74)
	at io.netty.util.concurrent.FastThreadLocalRunnable.run(FastThreadLocalRunnable.java:30)
	at java.lang.Thread.run(Thread.java:748)
16:04:58.292 [AsyncHttpClient-1-15] DEBUG org.asynchttpclient.netty.channel.ChannelManager - Closing Channel [id: 0x41fd746f, L:/127.0.0.1:53568 - R:localhost/127.0.0.1:53562] 
16:04:58.292 [AsyncHttpClient-1-15] DEBUG org.asynchttpclient.netty.handler.HttpHandler - Channel Closed: [id: 0x41fd746f, L:/127.0.0.1:53568 ! R:localhost/127.0.0.1:53562] with attribute DISCARD
16:04:58.308 [AsyncHttpClient-1-14] DEBUG org.asynchttpclient.netty.handler.HttpHandler - 

Request DefaultFullHttpRequest(decodeResult: success, version: HTTP/1.1, content: EmptyByteBufBE)
DELETE /session/c65f907c852d539e391be602cdb563d2 HTTP/1.1
User-Agent: selenium/4.1.2 (java windows)
Content-Type: application/json; charset=utf-8
host: localhost:55061
accept: */*

Response DefaultHttpResponse(decodeResult: success, version: HTTP/1.1)
HTTP/1.1 200 OK
Content-Type: application/json; charset=utf-8
cache-control: no-cache
content-length: 14

16:04:58.309 [AsyncHttpClient-1-14] DEBUG org.asynchttpclient.netty.channel.ChannelManager - Adding key: http://localhost:55061 for channel [id: 0x56461d4b, L:/127.0.0.1:53561 - R:localhost/127.0.0.1:55061]
16:04:58.674 [AsyncHttpClient-1-1] DEBUG org.asynchttpclient.netty.channel.DefaultChannelPool - Entry count for : http://localhost:55061 : 1
16:04:58.674 [AsyncHttpClient-1-1] DEBUG org.asynchttpclient.netty.channel.DefaultChannelPool - Entry count for : http://localhost:53562 : 1
16:04:58.674 [AsyncHttpClient-1-1] DEBUG org.asynchttpclient.netty.channel.DefaultChannelPool - Adding Candidate expired Channel [id: 0x41fd746f, L:/127.0.0.1:53568 ! R:localhost/127.0.0.1:53562] isIdleTimeoutExpired=false isRemotelyClosed=true isTtlExpired=false
16:04:58.674 [AsyncHttpClient-1-1] DEBUG org.asynchttpclient.netty.channel.DefaultChannelPool - Closing Idle Channel [id: 0x41fd746f, L:/127.0.0.1:53568 ! R:localhost/127.0.0.1:53562]
16:04:58.674 [AsyncHttpClient-1-1] DEBUG org.asynchttpclient.netty.channel.DefaultChannelPool - Closed 1 connections out of 2 in 0 ms
16:04:59.331 [AsyncHttpClient-1-14] DEBUG org.asynchttpclient.netty.handler.HttpHandler - Unexpected I/O exception on channel [id: 0x56461d4b, L:/127.0.0.1:53561 - R:localhost/127.0.0.1:55061]
java.io.IOException: Se ha forzado la interrupción de una conexión existente por el host remoto
	at sun.nio.ch.SocketDispatcher.read0(Native Method)
	at sun.nio.ch.SocketDispatcher.read(SocketDispatcher.java:43)
	at sun.nio.ch.IOUtil.readIntoNativeBuffer(IOUtil.java:223)
	at sun.nio.ch.IOUtil.read(IOUtil.java:192)
	at sun.nio.ch.SocketChannelImpl.read(SocketChannelImpl.java:380)
	at io.netty.buffer.PooledByteBuf.setBytes(PooledByteBuf.java:258)
	at io.netty.buffer.AbstractByteBuf.writeBytes(AbstractByteBuf.java:1132)
	at io.netty.channel.socket.nio.NioSocketChannel.doReadBytes(NioSocketChannel.java:350)
	at io.netty.channel.nio.AbstractNioByteChannel$NioByteUnsafe.read(AbstractNioByteChannel.java:151)
	at io.netty.channel.nio.NioEventLoop.processSelectedKey(NioEventLoop.java:722)
	at io.netty.channel.nio.NioEventLoop.processSelectedKeysOptimized(NioEventLoop.java:658)
	at io.netty.channel.nio.NioEventLoop.processSelectedKeys(NioEventLoop.java:584)
	at io.netty.channel.nio.NioEventLoop.run(NioEventLoop.java:496)
	at io.netty.util.concurrent.SingleThreadEventExecutor$4.run(SingleThreadEventExecutor.java:986)
	at io.netty.util.internal.ThreadExecutorMap$2.run(ThreadExecutorMap.java:74)
	at io.netty.util.concurrent.FastThreadLocalRunnable.run(FastThreadLocalRunnable.java:30)
	at java.lang.Thread.run(Thread.java:748)
16:04:59.332 [AsyncHttpClient-1-14] DEBUG org.asynchttpclient.netty.channel.ChannelManager - Closing Channel [id: 0x56461d4b, L:/127.0.0.1:53561 - R:localhost/127.0.0.1:55061] 
16:04:59.332 [AsyncHttpClient-1-14] DEBUG org.asynchttpclient.netty.handler.HttpHandler - Channel Closed: [id: 0x56461d4b, L:/127.0.0.1:53561 ! R:localhost/127.0.0.1:55061] with attribute DISCARD
16:04:59.389 [Test worker] INFO  - ?[92m
  _____   ___   ___   _____     ___     _     ___   ___   ___   ___  
 |_   _| | __| / __| |_   _|   | _ \   /_\   / __| / __| | __| |   \ 
   | |   | _|  \__ \   | |     |  _/  / _ \  \__ \ \__ \ | _|  | |) |
   |_|   |___| |___/   |_|     |_|   /_/ \_\ |___/ |___/ |___| |___/ 

Verificar el ingreso de un usuario de manera erronea
----------------------------------------------------------------------?[0m
16:04:59.402 [Test worker] INFO io.cucumber.core.plugin.SerenityReporter - Running feature from file:///C:/Users/johan/OneDrive/Documentos/KONEX/Pruebas%20automatizadas/automatizacion_login_backoffice_1v/src/test/resources/features/login_backoffice.feature
16:04:59.423 [Test worker] DEBUG net.thucydides.core.steps.StepInterceptor - STARTING STEP: MyStepdefinitions.queElUsuarioIngresaAlBackoffice - performAs
16:04:59.428 [Test worker] DEBUG net.thucydides.core.steps.StepInterceptor - STARTING STEP: AbrirPag.performAs - {0} opens the #targetPage
16:04:59.465 [Test worker] INFO net.serenitybdd.core.webdriver.driverproviders.ChromeDriverProvider - Using automatically driver download
16:04:59.687 [Test worker] DEBUG io.github.bonigarcia.wdm.cache.ResolutionCache - Resolution chrome=112 in cache (valid until 16:37:15 20/04/2023 COT)
16:04:59.688 [Test worker] DEBUG io.github.bonigarcia.wdm.cache.ResolutionCache - Resolution chrome112=112.0.5615.49 in cache (valid until 15:46:23 21/04/2023 COT)
16:04:59.688 [Test worker] INFO io.github.bonigarcia.wdm.WebDriverManager - Using chromedriver 112.0.5615.49 (resolved driver for Chrome 112)
16:04:59.695 [Test worker] DEBUG io.github.bonigarcia.wdm.WebDriverManager - Driver chromedriver 112.0.5615.49 found in cache
16:04:59.696 [Test worker] INFO io.github.bonigarcia.wdm.WebDriverManager - Exporting webdriver.chrome.driver as C:\Users\johan\.cache\selenium\chromedriver\win32\112.0.5615.49\chromedriver.exe
16:04:59.781 [AsyncHttpClient-1-1] DEBUG org.asynchttpclient.netty.channel.DefaultChannelPool - Entry count for : http://localhost:55061 : 1
16:04:59.781 [AsyncHttpClient-1-1] DEBUG org.asynchttpclient.netty.channel.DefaultChannelPool - Adding Candidate expired Channel [id: 0x56461d4b, L:/127.0.0.1:53561 ! R:localhost/127.0.0.1:55061] isIdleTimeoutExpired=false isRemotelyClosed=true isTtlExpired=false
16:04:59.781 [AsyncHttpClient-1-1] DEBUG org.asynchttpclient.netty.channel.DefaultChannelPool - Closing Idle Channel [id: 0x56461d4b, L:/127.0.0.1:53561 ! R:localhost/127.0.0.1:55061]
16:04:59.781 [AsyncHttpClient-1-1] DEBUG org.asynchttpclient.netty.channel.DefaultChannelPool - Closed 1 connections out of 1 in 0 ms
16:04:59.941 [Test worker] DEBUG net.serenitybdd.core.webdriver.driverproviders.ProvideNewDriver - Instantiating driver
16:04:59.941 [Test worker] DEBUG net.serenitybdd.core.webdriver.driverproviders.ProvideNewDriver - Driver capabilities: Capabilities {acceptInsecureCerts: false, autodownload: true, browserName: chrome, chrome.silentOutput: true, driver: chrome, goog:chromeOptions: {args: [--start-maximized --disable...], extensions: []}}
16:05:00.493 [AsyncHttpClient-1-17] DEBUG org.asynchttpclient.netty.channel.NettyConnectListener - Using new Channel '[id: 0xf7bac8a1, L:/127.0.0.1:53595 - R:localhost/127.0.0.1:54513]' for 'POST' to '/session'
16:05:01.504 [AsyncHttpClient-1-17] DEBUG org.asynchttpclient.netty.handler.HttpHandler - 

Request DefaultHttpRequest(decodeResult: success, version: HTTP/1.1)
POST /session HTTP/1.1
User-Agent: selenium/4.1.2 (java windows)
Content-Length: 776
Content-Type: application/json; charset=utf-8
host: localhost:54513
accept: */*

Response DefaultHttpResponse(decodeResult: success, version: HTTP/1.1)
HTTP/1.1 200 OK
Content-Type: application/json; charset=utf-8
cache-control: no-cache
content-length: 859

16:05:01.505 [AsyncHttpClient-1-17] DEBUG org.asynchttpclient.netty.channel.ChannelManager - Adding key: http://localhost:54513 for channel [id: 0xf7bac8a1, L:/127.0.0.1:53595 - R:localhost/127.0.0.1:54513]
16:05:01.544 [AsyncHttpClient-1-2] DEBUG org.asynchttpclient.netty.channel.NettyConnectListener - Using new Channel '[id: 0x0cd27f3c, L:/127.0.0.1:53603 - R:localhost/127.0.0.1:53596]' for 'GET' to '/json/version'
16:05:01.545 [AsyncHttpClient-1-2] DEBUG org.asynchttpclient.netty.handler.HttpHandler - 

Request DefaultFullHttpRequest(decodeResult: success, version: HTTP/1.1, content: EmptyByteBufBE)
GET /json/version HTTP/1.1
User-Agent: selenium/4.1.2 (java windows)
host: localhost:53596
accept: */*

Response DefaultHttpResponse(decodeResult: success, version: HTTP/1.1)
HTTP/1.1 200 OK
Content-Security-Policy: frame-ancestors 'none'
Content-Type: application/json; charset=UTF-8
content-length: 424

16:05:01.545 [AsyncHttpClient-1-2] DEBUG org.asynchttpclient.netty.channel.ChannelManager - Adding key: http://localhost:53596 for channel [id: 0x0cd27f3c, L:/127.0.0.1:53603 - R:localhost/127.0.0.1:53596]
16:05:01.550 [AsyncHttpClient-1-3] DEBUG org.asynchttpclient.netty.channel.NettyConnectListener - Using new Channel '[id: 0x43a1b3a1, L:/127.0.0.1:53604 - R:localhost/127.0.0.1:53596]' for 'GET' to '/devtools/browser/afb9f65a-d8ec-4088-9f88-0299d3898481'
16:05:01.552 [AsyncHttpClient-1-3] DEBUG org.asynchttpclient.netty.handler.WebSocketHandler - 

Request DefaultFullHttpRequest(decodeResult: success, version: HTTP/1.1, content: EmptyByteBufBE)
GET /devtools/browser/afb9f65a-d8ec-4088-9f88-0299d3898481 HTTP/1.1
upgrade: websocket
connection: upgrade
sec-websocket-key: L5vYcYL6LaGWTmn9w6ixqw==
sec-websocket-version: 13
origin: http://localhost:53596
host: localhost:53596
accept: */*
user-agent: AHC/2.1

Response DefaultHttpResponse(decodeResult: success, version: HTTP/1.1)
HTTP/1.1 101 WebSocket Protocol Handshake
Upgrade: WebSocket
Connection: Upgrade
Sec-WebSocket-Accept: DL0puNj73iTgAaJqABsJaA2WzWs=

16:05:01.577 [Forwarding get on session 72d6f42e39f0bd334ad0e12b71208434 to remote] DEBUG org.asynchttpclient.netty.request.NettyRequestSender - Using pooled Channel '[id: 0xf7bac8a1, L:/127.0.0.1:53595 - R:localhost/127.0.0.1:54513]' for 'POST' to 'http://localhost:54513/session/72d6f42e39f0bd334ad0e12b71208434/url'
16:05:01.578 [Forwarding get on session 72d6f42e39f0bd334ad0e12b71208434 to remote] DEBUG org.asynchttpclient.netty.request.NettyRequestSender - Using open Channel [id: 0xf7bac8a1, L:/127.0.0.1:53595 - R:localhost/127.0.0.1:54513] for POST '/session/72d6f42e39f0bd334ad0e12b71208434/url'
16:05:01.972 [AsyncHttpClient-1-1] DEBUG org.asynchttpclient.netty.channel.DefaultChannelPool - Entry count for : http://localhost:53596 : 1
16:05:03.071 [AsyncHttpClient-1-1] DEBUG org.asynchttpclient.netty.channel.DefaultChannelPool - Entry count for : http://localhost:53596 : 1
16:05:04.148 [AsyncHttpClient-1-17] DEBUG org.asynchttpclient.netty.handler.HttpHandler - 

Request DefaultHttpRequest(decodeResult: success, version: HTTP/1.1)
POST /session/72d6f42e39f0bd334ad0e12b71208434/url HTTP/1.1
User-Agent: selenium/4.1.2 (java windows)
Content-Length: 80
Content-Type: application/json; charset=utf-8
host: localhost:54513
accept: */*

Response DefaultHttpResponse(decodeResult: success, version: HTTP/1.1)
HTTP/1.1 200 OK
Content-Type: application/json; charset=utf-8
cache-control: no-cache
content-length: 14

16:05:04.148 [AsyncHttpClient-1-17] DEBUG org.asynchttpclient.netty.channel.ChannelManager - Adding key: http://localhost:54513 for channel [id: 0xf7bac8a1, L:/127.0.0.1:53595 - R:localhost/127.0.0.1:54513]
16:05:04.150 [Forwarding setTimeout on session 72d6f42e39f0bd334ad0e12b71208434 to remote] DEBUG org.asynchttpclient.netty.request.NettyRequestSender - Using pooled Channel '[id: 0xf7bac8a1, L:/127.0.0.1:53595 - R:localhost/127.0.0.1:54513]' for 'POST' to 'http://localhost:54513/session/72d6f42e39f0bd334ad0e12b71208434/timeouts'
16:05:04.150 [Forwarding setTimeout on session 72d6f42e39f0bd334ad0e12b71208434 to remote] DEBUG org.asynchttpclient.netty.request.NettyRequestSender - Using open Channel [id: 0xf7bac8a1, L:/127.0.0.1:53595 - R:localhost/127.0.0.1:54513] for POST '/session/72d6f42e39f0bd334ad0e12b71208434/timeouts'
16:05:04.152 [AsyncHttpClient-1-17] DEBUG org.asynchttpclient.netty.handler.HttpHandler - 

Request DefaultHttpRequest(decodeResult: success, version: HTTP/1.1)
POST /session/72d6f42e39f0bd334ad0e12b71208434/timeouts HTTP/1.1
User-Agent: selenium/4.1.2 (java windows)
Content-Length: 22
Content-Type: application/json; charset=utf-8
host: localhost:54513
accept: */*

Response DefaultHttpResponse(decodeResult: success, version: HTTP/1.1)
HTTP/1.1 200 OK
Content-Type: application/json; charset=utf-8
cache-control: no-cache
content-length: 14

16:05:04.153 [AsyncHttpClient-1-17] DEBUG org.asynchttpclient.netty.channel.ChannelManager - Adding key: http://localhost:54513 for channel [id: 0xf7bac8a1, L:/127.0.0.1:53595 - R:localhost/127.0.0.1:54513]
16:05:04.170 [AsyncHttpClient-1-1] DEBUG org.asynchttpclient.netty.channel.DefaultChannelPool - Entry count for : http://localhost:53596 : 1
16:05:04.170 [AsyncHttpClient-1-1] DEBUG org.asynchttpclient.netty.channel.DefaultChannelPool - Entry count for : http://localhost:54513 : 1
16:05:04.192 [Forwarding getCurrentUrl on session 72d6f42e39f0bd334ad0e12b71208434 to remote] DEBUG org.asynchttpclient.netty.request.NettyRequestSender - Using pooled Channel '[id: 0xf7bac8a1, L:/127.0.0.1:53595 - R:localhost/127.0.0.1:54513]' for 'GET' to 'http://localhost:54513/session/72d6f42e39f0bd334ad0e12b71208434/url'
16:05:04.192 [Forwarding getCurrentUrl on session 72d6f42e39f0bd334ad0e12b71208434 to remote] DEBUG org.asynchttpclient.netty.request.NettyRequestSender - Using open Channel [id: 0xf7bac8a1, L:/127.0.0.1:53595 - R:localhost/127.0.0.1:54513] for GET '/session/72d6f42e39f0bd334ad0e12b71208434/url'
16:05:04.200 [AsyncHttpClient-1-17] DEBUG org.asynchttpclient.netty.handler.HttpHandler - 

Request DefaultFullHttpRequest(decodeResult: success, version: HTTP/1.1, content: EmptyByteBufBE)
GET /session/72d6f42e39f0bd334ad0e12b71208434/url HTTP/1.1
User-Agent: selenium/4.1.2 (java windows)
Cache-Control: no-cache
Content-Type: application/json; charset=utf-8
host: localhost:54513
accept: */*

Response DefaultHttpResponse(decodeResult: success, version: HTTP/1.1)
HTTP/1.1 200 OK
Content-Type: application/json; charset=utf-8
cache-control: no-cache
content-length: 57

16:05:04.200 [AsyncHttpClient-1-17] DEBUG org.asynchttpclient.netty.channel.ChannelManager - Adding key: http://localhost:54513 for channel [id: 0xf7bac8a1, L:/127.0.0.1:53595 - R:localhost/127.0.0.1:54513]
16:05:04.247 [Forwarding getCurrentUrl on session 72d6f42e39f0bd334ad0e12b71208434 to remote] DEBUG org.asynchttpclient.netty.request.NettyRequestSender - Using pooled Channel '[id: 0xf7bac8a1, L:/127.0.0.1:53595 - R:localhost/127.0.0.1:54513]' for 'GET' to 'http://localhost:54513/session/72d6f42e39f0bd334ad0e12b71208434/url'
16:05:04.247 [Forwarding getCurrentUrl on session 72d6f42e39f0bd334ad0e12b71208434 to remote] DEBUG org.asynchttpclient.netty.request.NettyRequestSender - Using open Channel [id: 0xf7bac8a1, L:/127.0.0.1:53595 - R:localhost/127.0.0.1:54513] for GET '/session/72d6f42e39f0bd334ad0e12b71208434/url'
16:05:04.253 [AsyncHttpClient-1-17] DEBUG org.asynchttpclient.netty.handler.HttpHandler - 

Request DefaultFullHttpRequest(decodeResult: success, version: HTTP/1.1, content: EmptyByteBufBE)
GET /session/72d6f42e39f0bd334ad0e12b71208434/url HTTP/1.1
User-Agent: selenium/4.1.2 (java windows)
Cache-Control: no-cache
Content-Type: application/json; charset=utf-8
host: localhost:54513
accept: */*

Response DefaultHttpResponse(decodeResult: success, version: HTTP/1.1)
HTTP/1.1 200 OK
Content-Type: application/json; charset=utf-8
cache-control: no-cache
content-length: 57

16:05:04.254 [AsyncHttpClient-1-17] DEBUG org.asynchttpclient.netty.channel.ChannelManager - Adding key: http://localhost:54513 for channel [id: 0xf7bac8a1, L:/127.0.0.1:53595 - R:localhost/127.0.0.1:54513]
16:05:04.283 [Forwarding screenshot on session 72d6f42e39f0bd334ad0e12b71208434 to remote] DEBUG org.asynchttpclient.netty.request.NettyRequestSender - Using pooled Channel '[id: 0xf7bac8a1, L:/127.0.0.1:53595 - R:localhost/127.0.0.1:54513]' for 'GET' to 'http://localhost:54513/session/72d6f42e39f0bd334ad0e12b71208434/screenshot'
16:05:04.283 [Forwarding screenshot on session 72d6f42e39f0bd334ad0e12b71208434 to remote] DEBUG org.asynchttpclient.netty.request.NettyRequestSender - Using open Channel [id: 0xf7bac8a1, L:/127.0.0.1:53595 - R:localhost/127.0.0.1:54513] for GET '/session/72d6f42e39f0bd334ad0e12b71208434/screenshot'
16:05:04.670 [AsyncHttpClient-1-17] DEBUG org.asynchttpclient.netty.handler.HttpHandler - 

Request DefaultFullHttpRequest(decodeResult: success, version: HTTP/1.1, content: EmptyByteBufBE)
GET /session/72d6f42e39f0bd334ad0e12b71208434/screenshot HTTP/1.1
User-Agent: selenium/4.1.2 (java windows)
Cache-Control: no-cache
Content-Type: application/json; charset=utf-8
host: localhost:54513
accept: */*

Response DefaultHttpResponse(decodeResult: success, version: HTTP/1.1)
HTTP/1.1 200 OK
Content-Type: application/json; charset=utf-8
cache-control: no-cache
content-length: 379772

16:05:04.671 [AsyncHttpClient-1-17] DEBUG org.asynchttpclient.netty.channel.ChannelManager - Adding key: http://localhost:54513 for channel [id: 0xf7bac8a1, L:/127.0.0.1:53595 - R:localhost/127.0.0.1:54513]
16:05:04.697 [Test worker] DEBUG net.serenitybdd.core.photography.Darkroom - Send negative for processing for C:\Users\johan\OneDrive\Documentos\KONEX\Pruebas automatizadas\automatizacion_login_backoffice_1v\target\827eba772fc8c0a7b9dfb33684fbbfab2dbf1f790c8339d229e180e243a6dda7.png
16:05:04.811 [Test worker] DEBUG net.thucydides.core.steps.StepInterceptor - STEP DONE: {0} opens the #targetPage
16:05:04.874 [Forwarding screenshot on session 72d6f42e39f0bd334ad0e12b71208434 to remote] DEBUG org.asynchttpclient.netty.request.NettyRequestSender - Using pooled Channel '[id: 0xf7bac8a1, L:/127.0.0.1:53595 - R:localhost/127.0.0.1:54513]' for 'GET' to 'http://localhost:54513/session/72d6f42e39f0bd334ad0e12b71208434/screenshot'
16:05:04.874 [Forwarding screenshot on session 72d6f42e39f0bd334ad0e12b71208434 to remote] DEBUG org.asynchttpclient.netty.request.NettyRequestSender - Using open Channel [id: 0xf7bac8a1, L:/127.0.0.1:53595 - R:localhost/127.0.0.1:54513] for GET '/session/72d6f42e39f0bd334ad0e12b71208434/screenshot'
16:05:05.174 [AsyncHttpClient-1-17] DEBUG org.asynchttpclient.netty.handler.HttpHandler - 

Request DefaultFullHttpRequest(decodeResult: success, version: HTTP/1.1, content: EmptyByteBufBE)
GET /session/72d6f42e39f0bd334ad0e12b71208434/screenshot HTTP/1.1
User-Agent: selenium/4.1.2 (java windows)
Cache-Control: no-cache
Content-Type: application/json; charset=utf-8
host: localhost:54513
accept: */*

Response DefaultHttpResponse(decodeResult: success, version: HTTP/1.1)
HTTP/1.1 200 OK
Content-Type: application/json; charset=utf-8
cache-control: no-cache
content-length: 379740

16:05:05.174 [AsyncHttpClient-1-17] DEBUG org.asynchttpclient.netty.channel.ChannelManager - Adding key: http://localhost:54513 for channel [id: 0xf7bac8a1, L:/127.0.0.1:53595 - R:localhost/127.0.0.1:54513]
16:05:05.186 [Test worker] DEBUG net.serenitybdd.core.photography.Darkroom - Send negative for processing for C:\Users\johan\OneDrive\Documentos\KONEX\Pruebas automatizadas\automatizacion_login_backoffice_1v\target\2906e0e514c90d11ffaf03067b12110de544ee879fa76ed63b517fad1e2e3380.png
16:05:05.270 [AsyncHttpClient-1-1] DEBUG org.asynchttpclient.netty.channel.DefaultChannelPool - Entry count for : http://localhost:53596 : 1
16:05:05.270 [AsyncHttpClient-1-1] DEBUG org.asynchttpclient.netty.channel.DefaultChannelPool - Entry count for : http://localhost:54513 : 1
16:05:05.298 [Test worker] DEBUG net.thucydides.core.steps.StepInterceptor - STEP DONE: performAs
16:05:05.345 [Forwarding screenshot on session 72d6f42e39f0bd334ad0e12b71208434 to remote] DEBUG org.asynchttpclient.netty.request.NettyRequestSender - Using pooled Channel '[id: 0xf7bac8a1, L:/127.0.0.1:53595 - R:localhost/127.0.0.1:54513]' for 'GET' to 'http://localhost:54513/session/72d6f42e39f0bd334ad0e12b71208434/screenshot'
16:05:05.345 [Forwarding screenshot on session 72d6f42e39f0bd334ad0e12b71208434 to remote] DEBUG org.asynchttpclient.netty.request.NettyRequestSender - Using open Channel [id: 0xf7bac8a1, L:/127.0.0.1:53595 - R:localhost/127.0.0.1:54513] for GET '/session/72d6f42e39f0bd334ad0e12b71208434/screenshot'
16:05:05.527 [AsyncHttpClient-1-17] DEBUG org.asynchttpclient.netty.handler.HttpHandler - 

Request DefaultFullHttpRequest(decodeResult: success, version: HTTP/1.1, content: EmptyByteBufBE)
GET /session/72d6f42e39f0bd334ad0e12b71208434/screenshot HTTP/1.1
User-Agent: selenium/4.1.2 (java windows)
Cache-Control: no-cache
Content-Type: application/json; charset=utf-8
host: localhost:54513
accept: */*

Response DefaultHttpResponse(decodeResult: success, version: HTTP/1.1)
HTTP/1.1 200 OK
Content-Type: application/json; charset=utf-8
cache-control: no-cache
content-length: 379772

16:05:05.528 [AsyncHttpClient-1-17] DEBUG org.asynchttpclient.netty.channel.ChannelManager - Adding key: http://localhost:54513 for channel [id: 0xf7bac8a1, L:/127.0.0.1:53595 - R:localhost/127.0.0.1:54513]
16:05:05.544 [Test worker] DEBUG net.serenitybdd.core.photography.Darkroom - Send negative for processing for C:\Users\johan\OneDrive\Documentos\KONEX\Pruebas automatizadas\automatizacion_login_backoffice_1v\target\827eba772fc8c0a7b9dfb33684fbbfab2dbf1f790c8339d229e180e243a6dda7.png
16:05:05.697 [Forwarding screenshot on session 72d6f42e39f0bd334ad0e12b71208434 to remote] DEBUG org.asynchttpclient.netty.request.NettyRequestSender - Using pooled Channel '[id: 0xf7bac8a1, L:/127.0.0.1:53595 - R:localhost/127.0.0.1:54513]' for 'GET' to 'http://localhost:54513/session/72d6f42e39f0bd334ad0e12b71208434/screenshot'
16:05:05.697 [Forwarding screenshot on session 72d6f42e39f0bd334ad0e12b71208434 to remote] DEBUG org.asynchttpclient.netty.request.NettyRequestSender - Using open Channel [id: 0xf7bac8a1, L:/127.0.0.1:53595 - R:localhost/127.0.0.1:54513] for GET '/session/72d6f42e39f0bd334ad0e12b71208434/screenshot'
16:05:05.878 [AsyncHttpClient-1-17] DEBUG org.asynchttpclient.netty.handler.HttpHandler - 

Request DefaultFullHttpRequest(decodeResult: success, version: HTTP/1.1, content: EmptyByteBufBE)
GET /session/72d6f42e39f0bd334ad0e12b71208434/screenshot HTTP/1.1
User-Agent: selenium/4.1.2 (java windows)
Cache-Control: no-cache
Content-Type: application/json; charset=utf-8
host: localhost:54513
accept: */*

Response DefaultHttpResponse(decodeResult: success, version: HTTP/1.1)
HTTP/1.1 200 OK
Content-Type: application/json; charset=utf-8
cache-control: no-cache
content-length: 379740

16:05:05.879 [AsyncHttpClient-1-17] DEBUG org.asynchttpclient.netty.channel.ChannelManager - Adding key: http://localhost:54513 for channel [id: 0xf7bac8a1, L:/127.0.0.1:53595 - R:localhost/127.0.0.1:54513]
16:05:05.891 [Test worker] DEBUG net.serenitybdd.core.photography.Darkroom - Send negative for processing for C:\Users\johan\OneDrive\Documentos\KONEX\Pruebas automatizadas\automatizacion_login_backoffice_1v\target\2906e0e514c90d11ffaf03067b12110de544ee879fa76ed63b517fad1e2e3380.png
16:05:05.905 [Test worker] DEBUG net.thucydides.core.steps.StepInterceptor - STARTING STEP: MyStepdefinitions.digitaUsuarioYContrasennaDelUsuario - performAs
16:05:05.926 [Test worker] DEBUG net.thucydides.core.steps.StepInterceptor - STARTING STEP: IngresarBack.performAs - {0} enters #theTextAsAString into #target
16:05:05.937 [Test worker] DEBUG net.serenitybdd.screenplay.targets.IFrameSwitcher - default content already selected for Datos para campo de usuario
16:05:05.937 [Test worker] DEBUG net.serenitybdd.core.pages.WebElementFacadeImpl - Type '[Ljava.lang.CharSequence;@7b64bbad' : By.id: username
16:05:05.977 [Forwarding findElement on session 72d6f42e39f0bd334ad0e12b71208434 to remote] DEBUG org.asynchttpclient.netty.request.NettyRequestSender - Using pooled Channel '[id: 0xf7bac8a1, L:/127.0.0.1:53595 - R:localhost/127.0.0.1:54513]' for 'POST' to 'http://localhost:54513/session/72d6f42e39f0bd334ad0e12b71208434/element'
16:05:05.977 [Forwarding findElement on session 72d6f42e39f0bd334ad0e12b71208434 to remote] DEBUG org.asynchttpclient.netty.request.NettyRequestSender - Using open Channel [id: 0xf7bac8a1, L:/127.0.0.1:53595 - R:localhost/127.0.0.1:54513] for POST '/session/72d6f42e39f0bd334ad0e12b71208434/element'
16:05:05.987 [AsyncHttpClient-1-17] DEBUG org.asynchttpclient.netty.handler.HttpHandler - 

Request DefaultHttpRequest(decodeResult: success, version: HTTP/1.1)
POST /session/72d6f42e39f0bd334ad0e12b71208434/element HTTP/1.1
User-Agent: selenium/4.1.2 (java windows)
Content-Length: 53
Content-Type: application/json; charset=utf-8
host: localhost:54513
accept: */*

Response DefaultHttpResponse(decodeResult: success, version: HTTP/1.1)
HTTP/1.1 200 OK
Content-Type: application/json; charset=utf-8
cache-control: no-cache
content-length: 88

16:05:05.987 [AsyncHttpClient-1-17] DEBUG org.asynchttpclient.netty.channel.ChannelManager - Adding key: http://localhost:54513 for channel [id: 0xf7bac8a1, L:/127.0.0.1:53595 - R:localhost/127.0.0.1:54513]
16:05:05.988 [Forwarding clearElement on session 72d6f42e39f0bd334ad0e12b71208434 to remote] DEBUG org.asynchttpclient.netty.request.NettyRequestSender - Using pooled Channel '[id: 0xf7bac8a1, L:/127.0.0.1:53595 - R:localhost/127.0.0.1:54513]' for 'POST' to 'http://localhost:54513/session/72d6f42e39f0bd334ad0e12b71208434/element/58c5c4e2-ef02-4689-8e45-dd25d85fbcf2/clear'
16:05:05.988 [Forwarding clearElement on session 72d6f42e39f0bd334ad0e12b71208434 to remote] DEBUG org.asynchttpclient.netty.request.NettyRequestSender - Using open Channel [id: 0xf7bac8a1, L:/127.0.0.1:53595 - R:localhost/127.0.0.1:54513] for POST '/session/72d6f42e39f0bd334ad0e12b71208434/element/58c5c4e2-ef02-4689-8e45-dd25d85fbcf2/clear'
16:05:06.016 [AsyncHttpClient-1-17] DEBUG org.asynchttpclient.netty.handler.HttpHandler - 

Request DefaultHttpRequest(decodeResult: success, version: HTTP/1.1)
POST /session/72d6f42e39f0bd334ad0e12b71208434/element/58c5c4e2-ef02-4689-8e45-dd25d85fbcf2/clear HTTP/1.1
User-Agent: selenium/4.1.2 (java windows)
Content-Length: 50
Content-Type: application/json; charset=utf-8
host: localhost:54513
accept: */*

Response DefaultHttpResponse(decodeResult: success, version: HTTP/1.1)
HTTP/1.1 200 OK
Content-Type: application/json; charset=utf-8
cache-control: no-cache
content-length: 14

16:05:06.016 [AsyncHttpClient-1-17] DEBUG org.asynchttpclient.netty.channel.ChannelManager - Adding key: http://localhost:54513 for channel [id: 0xf7bac8a1, L:/127.0.0.1:53595 - R:localhost/127.0.0.1:54513]
16:05:06.028 [Forwarding sendKeysToElement on session 72d6f42e39f0bd334ad0e12b71208434 to remote] DEBUG org.asynchttpclient.netty.request.NettyRequestSender - Using pooled Channel '[id: 0xf7bac8a1, L:/127.0.0.1:53595 - R:localhost/127.0.0.1:54513]' for 'POST' to 'http://localhost:54513/session/72d6f42e39f0bd334ad0e12b71208434/element/58c5c4e2-ef02-4689-8e45-dd25d85fbcf2/value'
16:05:06.028 [Forwarding sendKeysToElement on session 72d6f42e39f0bd334ad0e12b71208434 to remote] DEBUG org.asynchttpclient.netty.request.NettyRequestSender - Using open Channel [id: 0xf7bac8a1, L:/127.0.0.1:53595 - R:localhost/127.0.0.1:54513] for POST '/session/72d6f42e39f0bd334ad0e12b71208434/element/58c5c4e2-ef02-4689-8e45-dd25d85fbcf2/value'
16:05:06.055 [AsyncHttpClient-1-17] DEBUG org.asynchttpclient.netty.handler.HttpHandler - 

Request DefaultHttpRequest(decodeResult: success, version: HTTP/1.1)
POST /session/72d6f42e39f0bd334ad0e12b71208434/element/58c5c4e2-ef02-4689-8e45-dd25d85fbcf2/value HTTP/1.1
User-Agent: selenium/4.1.2 (java windows)
Content-Length: 121
Content-Type: application/json; charset=utf-8
host: localhost:54513
accept: */*

Response DefaultHttpResponse(decodeResult: success, version: HTTP/1.1)
HTTP/1.1 200 OK
Content-Type: application/json; charset=utf-8
cache-control: no-cache
content-length: 14

16:05:06.056 [AsyncHttpClient-1-17] DEBUG org.asynchttpclient.netty.channel.ChannelManager - Adding key: http://localhost:54513 for channel [id: 0xf7bac8a1, L:/127.0.0.1:53595 - R:localhost/127.0.0.1:54513]
16:05:06.078 [Forwarding screenshot on session 72d6f42e39f0bd334ad0e12b71208434 to remote] DEBUG org.asynchttpclient.netty.request.NettyRequestSender - Using pooled Channel '[id: 0xf7bac8a1, L:/127.0.0.1:53595 - R:localhost/127.0.0.1:54513]' for 'GET' to 'http://localhost:54513/session/72d6f42e39f0bd334ad0e12b71208434/screenshot'
16:05:06.078 [Forwarding screenshot on session 72d6f42e39f0bd334ad0e12b71208434 to remote] DEBUG org.asynchttpclient.netty.request.NettyRequestSender - Using open Channel [id: 0xf7bac8a1, L:/127.0.0.1:53595 - R:localhost/127.0.0.1:54513] for GET '/session/72d6f42e39f0bd334ad0e12b71208434/screenshot'
16:05:06.270 [AsyncHttpClient-1-17] DEBUG org.asynchttpclient.netty.handler.HttpHandler - 

Request DefaultFullHttpRequest(decodeResult: success, version: HTTP/1.1, content: EmptyByteBufBE)
GET /session/72d6f42e39f0bd334ad0e12b71208434/screenshot HTTP/1.1
User-Agent: selenium/4.1.2 (java windows)
Cache-Control: no-cache
Content-Type: application/json; charset=utf-8
host: localhost:54513
accept: */*

Response DefaultHttpResponse(decodeResult: success, version: HTTP/1.1)
HTTP/1.1 200 OK
Content-Type: application/json; charset=utf-8
cache-control: no-cache
content-length: 377108

16:05:06.272 [AsyncHttpClient-1-17] DEBUG org.asynchttpclient.netty.channel.ChannelManager - Adding key: http://localhost:54513 for channel [id: 0xf7bac8a1, L:/127.0.0.1:53595 - R:localhost/127.0.0.1:54513]
16:05:06.290 [Test worker] DEBUG net.serenitybdd.core.photography.Darkroom - Send negative for processing for C:\Users\johan\OneDrive\Documentos\KONEX\Pruebas automatizadas\automatizacion_login_backoffice_1v\target\6ee518bde31ed9748cbc1bf75e25759204ba5cc7e95cddb292a2cb469132bd94.png
16:05:06.371 [AsyncHttpClient-1-1] DEBUG org.asynchttpclient.netty.channel.DefaultChannelPool - Entry count for : http://localhost:53596 : 1
16:05:06.371 [AsyncHttpClient-1-1] DEBUG org.asynchttpclient.netty.channel.DefaultChannelPool - Entry count for : http://localhost:54513 : 1
16:05:06.418 [Test worker] DEBUG net.thucydides.core.steps.StepInterceptor - STEP DONE: {0} enters #theTextAsAString into #target
16:05:06.433 [Forwarding screenshot on session 72d6f42e39f0bd334ad0e12b71208434 to remote] DEBUG org.asynchttpclient.netty.request.NettyRequestSender - Using pooled Channel '[id: 0xf7bac8a1, L:/127.0.0.1:53595 - R:localhost/127.0.0.1:54513]' for 'GET' to 'http://localhost:54513/session/72d6f42e39f0bd334ad0e12b71208434/screenshot'
16:05:06.433 [Forwarding screenshot on session 72d6f42e39f0bd334ad0e12b71208434 to remote] DEBUG org.asynchttpclient.netty.request.NettyRequestSender - Using open Channel [id: 0xf7bac8a1, L:/127.0.0.1:53595 - R:localhost/127.0.0.1:54513] for GET '/session/72d6f42e39f0bd334ad0e12b71208434/screenshot'
16:05:06.627 [AsyncHttpClient-1-17] DEBUG org.asynchttpclient.netty.handler.HttpHandler - 

Request DefaultFullHttpRequest(decodeResult: success, version: HTTP/1.1, content: EmptyByteBufBE)
GET /session/72d6f42e39f0bd334ad0e12b71208434/screenshot HTTP/1.1
User-Agent: selenium/4.1.2 (java windows)
Cache-Control: no-cache
Content-Type: application/json; charset=utf-8
host: localhost:54513
accept: */*

Response DefaultHttpResponse(decodeResult: success, version: HTTP/1.1)
HTTP/1.1 200 OK
Content-Type: application/json; charset=utf-8
cache-control: no-cache
content-length: 377108

16:05:06.628 [AsyncHttpClient-1-17] DEBUG org.asynchttpclient.netty.channel.ChannelManager - Adding key: http://localhost:54513 for channel [id: 0xf7bac8a1, L:/127.0.0.1:53595 - R:localhost/127.0.0.1:54513]
16:05:06.640 [Test worker] DEBUG net.serenitybdd.core.photography.Darkroom - Send negative for processing for C:\Users\johan\OneDrive\Documentos\KONEX\Pruebas automatizadas\automatizacion_login_backoffice_1v\target\6ee518bde31ed9748cbc1bf75e25759204ba5cc7e95cddb292a2cb469132bd94.png
16:05:06.641 [Test worker] DEBUG net.thucydides.core.steps.StepInterceptor - STARTING STEP: IngresarBack.performAs - {0} enters #theTextAsAString into #target
16:05:06.650 [Test worker] DEBUG net.serenitybdd.screenplay.targets.IFrameSwitcher - default content already selected for Datos para campo contrasenna
16:05:06.650 [Test worker] DEBUG net.serenitybdd.core.pages.WebElementFacadeImpl - Type '[Ljava.lang.CharSequence;@38c55a8a' : By.id: clave
16:05:06.688 [Forwarding findElement on session 72d6f42e39f0bd334ad0e12b71208434 to remote] DEBUG org.asynchttpclient.netty.request.NettyRequestSender - Using pooled Channel '[id: 0xf7bac8a1, L:/127.0.0.1:53595 - R:localhost/127.0.0.1:54513]' for 'POST' to 'http://localhost:54513/session/72d6f42e39f0bd334ad0e12b71208434/element'
16:05:06.688 [Forwarding findElement on session 72d6f42e39f0bd334ad0e12b71208434 to remote] DEBUG org.asynchttpclient.netty.request.NettyRequestSender - Using open Channel [id: 0xf7bac8a1, L:/127.0.0.1:53595 - R:localhost/127.0.0.1:54513] for POST '/session/72d6f42e39f0bd334ad0e12b71208434/element'
16:05:06.698 [AsyncHttpClient-1-17] DEBUG org.asynchttpclient.netty.handler.HttpHandler - 

Request DefaultHttpRequest(decodeResult: success, version: HTTP/1.1)
POST /session/72d6f42e39f0bd334ad0e12b71208434/element HTTP/1.1
User-Agent: selenium/4.1.2 (java windows)
Content-Length: 50
Content-Type: application/json; charset=utf-8
host: localhost:54513
accept: */*

Response DefaultHttpResponse(decodeResult: success, version: HTTP/1.1)
HTTP/1.1 200 OK
Content-Type: application/json; charset=utf-8
cache-control: no-cache
content-length: 88

16:05:06.698 [AsyncHttpClient-1-17] DEBUG org.asynchttpclient.netty.channel.ChannelManager - Adding key: http://localhost:54513 for channel [id: 0xf7bac8a1, L:/127.0.0.1:53595 - R:localhost/127.0.0.1:54513]
16:05:06.699 [Forwarding clearElement on session 72d6f42e39f0bd334ad0e12b71208434 to remote] DEBUG org.asynchttpclient.netty.request.NettyRequestSender - Using pooled Channel '[id: 0xf7bac8a1, L:/127.0.0.1:53595 - R:localhost/127.0.0.1:54513]' for 'POST' to 'http://localhost:54513/session/72d6f42e39f0bd334ad0e12b71208434/element/e13c998c-7b65-4bfe-8caf-104245507123/clear'
16:05:06.699 [Forwarding clearElement on session 72d6f42e39f0bd334ad0e12b71208434 to remote] DEBUG org.asynchttpclient.netty.request.NettyRequestSender - Using open Channel [id: 0xf7bac8a1, L:/127.0.0.1:53595 - R:localhost/127.0.0.1:54513] for POST '/session/72d6f42e39f0bd334ad0e12b71208434/element/e13c998c-7b65-4bfe-8caf-104245507123/clear'
16:05:06.728 [AsyncHttpClient-1-17] DEBUG org.asynchttpclient.netty.handler.HttpHandler - 

Request DefaultHttpRequest(decodeResult: success, version: HTTP/1.1)
POST /session/72d6f42e39f0bd334ad0e12b71208434/element/e13c998c-7b65-4bfe-8caf-104245507123/clear HTTP/1.1
User-Agent: selenium/4.1.2 (java windows)
Content-Length: 50
Content-Type: application/json; charset=utf-8
host: localhost:54513
accept: */*

Response DefaultHttpResponse(decodeResult: success, version: HTTP/1.1)
HTTP/1.1 200 OK
Content-Type: application/json; charset=utf-8
cache-control: no-cache
content-length: 14

16:05:06.728 [AsyncHttpClient-1-17] DEBUG org.asynchttpclient.netty.channel.ChannelManager - Adding key: http://localhost:54513 for channel [id: 0xf7bac8a1, L:/127.0.0.1:53595 - R:localhost/127.0.0.1:54513]
16:05:06.737 [Forwarding sendKeysToElement on session 72d6f42e39f0bd334ad0e12b71208434 to remote] DEBUG org.asynchttpclient.netty.request.NettyRequestSender - Using pooled Channel '[id: 0xf7bac8a1, L:/127.0.0.1:53595 - R:localhost/127.0.0.1:54513]' for 'POST' to 'http://localhost:54513/session/72d6f42e39f0bd334ad0e12b71208434/element/e13c998c-7b65-4bfe-8caf-104245507123/value'
16:05:06.737 [Forwarding sendKeysToElement on session 72d6f42e39f0bd334ad0e12b71208434 to remote] DEBUG org.asynchttpclient.netty.request.NettyRequestSender - Using open Channel [id: 0xf7bac8a1, L:/127.0.0.1:53595 - R:localhost/127.0.0.1:54513] for POST '/session/72d6f42e39f0bd334ad0e12b71208434/element/e13c998c-7b65-4bfe-8caf-104245507123/value'
16:05:06.787 [AsyncHttpClient-1-17] DEBUG org.asynchttpclient.netty.handler.HttpHandler - 

Request DefaultHttpRequest(decodeResult: success, version: HTTP/1.1)
POST /session/72d6f42e39f0bd334ad0e12b71208434/element/e13c998c-7b65-4bfe-8caf-104245507123/value HTTP/1.1
User-Agent: selenium/4.1.2 (java windows)
Content-Length: 191
Content-Type: application/json; charset=utf-8
host: localhost:54513
accept: */*

Response DefaultHttpResponse(decodeResult: success, version: HTTP/1.1)
HTTP/1.1 200 OK
Content-Type: application/json; charset=utf-8
cache-control: no-cache
content-length: 14

16:05:06.787 [AsyncHttpClient-1-17] DEBUG org.asynchttpclient.netty.channel.ChannelManager - Adding key: http://localhost:54513 for channel [id: 0xf7bac8a1, L:/127.0.0.1:53595 - R:localhost/127.0.0.1:54513]
16:05:06.803 [Forwarding screenshot on session 72d6f42e39f0bd334ad0e12b71208434 to remote] DEBUG org.asynchttpclient.netty.request.NettyRequestSender - Using pooled Channel '[id: 0xf7bac8a1, L:/127.0.0.1:53595 - R:localhost/127.0.0.1:54513]' for 'GET' to 'http://localhost:54513/session/72d6f42e39f0bd334ad0e12b71208434/screenshot'
16:05:06.803 [Forwarding screenshot on session 72d6f42e39f0bd334ad0e12b71208434 to remote] DEBUG org.asynchttpclient.netty.request.NettyRequestSender - Using open Channel [id: 0xf7bac8a1, L:/127.0.0.1:53595 - R:localhost/127.0.0.1:54513] for GET '/session/72d6f42e39f0bd334ad0e12b71208434/screenshot'
16:05:07.013 [AsyncHttpClient-1-17] DEBUG org.asynchttpclient.netty.handler.HttpHandler - 

Request DefaultFullHttpRequest(decodeResult: success, version: HTTP/1.1, content: EmptyByteBufBE)
GET /session/72d6f42e39f0bd334ad0e12b71208434/screenshot HTTP/1.1
User-Agent: selenium/4.1.2 (java windows)
Cache-Control: no-cache
Content-Type: application/json; charset=utf-8
host: localhost:54513
accept: */*

Response DefaultHttpResponse(decodeResult: success, version: HTTP/1.1)
HTTP/1.1 200 OK
Content-Type: application/json; charset=utf-8
cache-control: no-cache
content-length: 374868

16:05:07.014 [AsyncHttpClient-1-17] DEBUG org.asynchttpclient.netty.channel.ChannelManager - Adding key: http://localhost:54513 for channel [id: 0xf7bac8a1, L:/127.0.0.1:53595 - R:localhost/127.0.0.1:54513]
16:05:07.027 [Test worker] DEBUG net.serenitybdd.core.photography.Darkroom - Send negative for processing for C:\Users\johan\OneDrive\Documentos\KONEX\Pruebas automatizadas\automatizacion_login_backoffice_1v\target\5c635cea890abb491677e61cc50c8b9ad7e72d57ca385d3871f7b6b598d708d8.png
16:05:07.161 [Test worker] DEBUG net.thucydides.core.steps.StepInterceptor - STEP DONE: {0} enters #theTextAsAString into #target
16:05:07.176 [Forwarding screenshot on session 72d6f42e39f0bd334ad0e12b71208434 to remote] DEBUG org.asynchttpclient.netty.request.NettyRequestSender - Using pooled Channel '[id: 0xf7bac8a1, L:/127.0.0.1:53595 - R:localhost/127.0.0.1:54513]' for 'GET' to 'http://localhost:54513/session/72d6f42e39f0bd334ad0e12b71208434/screenshot'
16:05:07.176 [Forwarding screenshot on session 72d6f42e39f0bd334ad0e12b71208434 to remote] DEBUG org.asynchttpclient.netty.request.NettyRequestSender - Using open Channel [id: 0xf7bac8a1, L:/127.0.0.1:53595 - R:localhost/127.0.0.1:54513] for GET '/session/72d6f42e39f0bd334ad0e12b71208434/screenshot'
16:05:07.370 [AsyncHttpClient-1-17] DEBUG org.asynchttpclient.netty.handler.HttpHandler - 

Request DefaultFullHttpRequest(decodeResult: success, version: HTTP/1.1, content: EmptyByteBufBE)
GET /session/72d6f42e39f0bd334ad0e12b71208434/screenshot HTTP/1.1
User-Agent: selenium/4.1.2 (java windows)
Cache-Control: no-cache
Content-Type: application/json; charset=utf-8
host: localhost:54513
accept: */*

Response DefaultHttpResponse(decodeResult: success, version: HTTP/1.1)
HTTP/1.1 200 OK
Content-Type: application/json; charset=utf-8
cache-control: no-cache
content-length: 374868

16:05:07.371 [AsyncHttpClient-1-17] DEBUG org.asynchttpclient.netty.channel.ChannelManager - Adding key: http://localhost:54513 for channel [id: 0xf7bac8a1, L:/127.0.0.1:53595 - R:localhost/127.0.0.1:54513]
16:05:07.389 [Test worker] DEBUG net.serenitybdd.core.photography.Darkroom - Send negative for processing for C:\Users\johan\OneDrive\Documentos\KONEX\Pruebas automatizadas\automatizacion_login_backoffice_1v\target\5c635cea890abb491677e61cc50c8b9ad7e72d57ca385d3871f7b6b598d708d8.png
16:05:07.390 [Test worker] DEBUG net.thucydides.core.steps.StepInterceptor - STARTING STEP: IngresarBack.performAs - {0} clicks on #target
16:05:07.390 [Test worker] DEBUG net.serenitybdd.screenplay.targets.IFrameSwitcher - default content already selected for Boton iniciar sesion
16:05:07.448 [Forwarding findElement on session 72d6f42e39f0bd334ad0e12b71208434 to remote] DEBUG org.asynchttpclient.netty.request.NettyRequestSender - Using pooled Channel '[id: 0xf7bac8a1, L:/127.0.0.1:53595 - R:localhost/127.0.0.1:54513]' for 'POST' to 'http://localhost:54513/session/72d6f42e39f0bd334ad0e12b71208434/element'
16:05:07.448 [Forwarding findElement on session 72d6f42e39f0bd334ad0e12b71208434 to remote] DEBUG org.asynchttpclient.netty.request.NettyRequestSender - Using open Channel [id: 0xf7bac8a1, L:/127.0.0.1:53595 - R:localhost/127.0.0.1:54513] for POST '/session/72d6f42e39f0bd334ad0e12b71208434/element'
16:05:07.459 [AsyncHttpClient-1-17] DEBUG org.asynchttpclient.netty.handler.HttpHandler - 

Request DefaultHttpRequest(decodeResult: success, version: HTTP/1.1)
POST /session/72d6f42e39f0bd334ad0e12b71208434/element HTTP/1.1
User-Agent: selenium/4.1.2 (java windows)
Content-Length: 89
Content-Type: application/json; charset=utf-8
host: localhost:54513
accept: */*

Response DefaultHttpResponse(decodeResult: success, version: HTTP/1.1)
HTTP/1.1 200 OK
Content-Type: application/json; charset=utf-8
cache-control: no-cache
content-length: 88

16:05:07.460 [AsyncHttpClient-1-17] DEBUG org.asynchttpclient.netty.channel.ChannelManager - Adding key: http://localhost:54513 for channel [id: 0xf7bac8a1, L:/127.0.0.1:53595 - R:localhost/127.0.0.1:54513]
16:05:07.472 [Forwarding isElementDisplayed on session 72d6f42e39f0bd334ad0e12b71208434 to remote] DEBUG org.asynchttpclient.netty.request.NettyRequestSender - Using pooled Channel '[id: 0xf7bac8a1, L:/127.0.0.1:53595 - R:localhost/127.0.0.1:54513]' for 'POST' to 'http://localhost:54513/session/72d6f42e39f0bd334ad0e12b71208434/execute/sync'
16:05:07.472 [Forwarding isElementDisplayed on session 72d6f42e39f0bd334ad0e12b71208434 to remote] DEBUG org.asynchttpclient.netty.request.NettyRequestSender - Using open Channel [id: 0xf7bac8a1, L:/127.0.0.1:53595 - R:localhost/127.0.0.1:54513] for POST '/session/72d6f42e39f0bd334ad0e12b71208434/execute/sync'
16:05:07.477 [AsyncHttpClient-1-1] DEBUG org.asynchttpclient.netty.channel.DefaultChannelPool - Entry count for : http://localhost:53596 : 1
16:05:07.484 [AsyncHttpClient-1-17] DEBUG org.asynchttpclient.netty.handler.HttpHandler - 

Request DefaultHttpRequest(decodeResult: success, version: HTTP/1.1)
POST /session/72d6f42e39f0bd334ad0e12b71208434/execute/sync HTTP/1.1
User-Agent: selenium/4.1.2 (java windows)
Content-Length: 48780
Content-Type: application/json; charset=utf-8
host: localhost:54513
accept: */*

Response DefaultHttpResponse(decodeResult: success, version: HTTP/1.1)
HTTP/1.1 200 OK
Content-Type: application/json; charset=utf-8
cache-control: no-cache
content-length: 14

16:05:07.484 [AsyncHttpClient-1-17] DEBUG org.asynchttpclient.netty.channel.ChannelManager - Adding key: http://localhost:54513 for channel [id: 0xf7bac8a1, L:/127.0.0.1:53595 - R:localhost/127.0.0.1:54513]
16:05:07.485 [Test worker] DEBUG net.serenitybdd.core.pages.WebElementFacadeImpl - click : By.xpath: //span[contains(text(),'INICIAR SESIÓN')]
16:05:07.508 [Forwarding findElement on session 72d6f42e39f0bd334ad0e12b71208434 to remote] DEBUG org.asynchttpclient.netty.request.NettyRequestSender - Using pooled Channel '[id: 0xf7bac8a1, L:/127.0.0.1:53595 - R:localhost/127.0.0.1:54513]' for 'POST' to 'http://localhost:54513/session/72d6f42e39f0bd334ad0e12b71208434/element'
16:05:07.509 [Forwarding findElement on session 72d6f42e39f0bd334ad0e12b71208434 to remote] DEBUG org.asynchttpclient.netty.request.NettyRequestSender - Using open Channel [id: 0xf7bac8a1, L:/127.0.0.1:53595 - R:localhost/127.0.0.1:54513] for POST '/session/72d6f42e39f0bd334ad0e12b71208434/element'
16:05:07.516 [AsyncHttpClient-1-17] DEBUG org.asynchttpclient.netty.handler.HttpHandler - 

Request DefaultHttpRequest(decodeResult: success, version: HTTP/1.1)
POST /session/72d6f42e39f0bd334ad0e12b71208434/element HTTP/1.1
User-Agent: selenium/4.1.2 (java windows)
Content-Length: 89
Content-Type: application/json; charset=utf-8
host: localhost:54513
accept: */*

Response DefaultHttpResponse(decodeResult: success, version: HTTP/1.1)
HTTP/1.1 200 OK
Content-Type: application/json; charset=utf-8
cache-control: no-cache
content-length: 88

16:05:07.516 [AsyncHttpClient-1-17] DEBUG org.asynchttpclient.netty.channel.ChannelManager - Adding key: http://localhost:54513 for channel [id: 0xf7bac8a1, L:/127.0.0.1:53595 - R:localhost/127.0.0.1:54513]
16:05:07.517 [Forwarding clickElement on session 72d6f42e39f0bd334ad0e12b71208434 to remote] DEBUG org.asynchttpclient.netty.request.NettyRequestSender - Using pooled Channel '[id: 0xf7bac8a1, L:/127.0.0.1:53595 - R:localhost/127.0.0.1:54513]' for 'POST' to 'http://localhost:54513/session/72d6f42e39f0bd334ad0e12b71208434/element/4ff2446c-96ae-4a4c-9bc2-37f37f916ec6/click'
16:05:07.517 [Forwarding clickElement on session 72d6f42e39f0bd334ad0e12b71208434 to remote] DEBUG org.asynchttpclient.netty.request.NettyRequestSender - Using open Channel [id: 0xf7bac8a1, L:/127.0.0.1:53595 - R:localhost/127.0.0.1:54513] for POST '/session/72d6f42e39f0bd334ad0e12b71208434/element/4ff2446c-96ae-4a4c-9bc2-37f37f916ec6/click'
16:05:07.550 [AsyncHttpClient-1-17] DEBUG org.asynchttpclient.netty.handler.HttpHandler - 

Request DefaultHttpRequest(decodeResult: success, version: HTTP/1.1)
POST /session/72d6f42e39f0bd334ad0e12b71208434/element/4ff2446c-96ae-4a4c-9bc2-37f37f916ec6/click HTTP/1.1
User-Agent: selenium/4.1.2 (java windows)
Content-Length: 50
Content-Type: application/json; charset=utf-8
host: localhost:54513
accept: */*

Response DefaultHttpResponse(decodeResult: success, version: HTTP/1.1)
HTTP/1.1 200 OK
Content-Type: application/json; charset=utf-8
cache-control: no-cache
content-length: 14

16:05:07.551 [AsyncHttpClient-1-17] DEBUG org.asynchttpclient.netty.channel.ChannelManager - Adding key: http://localhost:54513 for channel [id: 0xf7bac8a1, L:/127.0.0.1:53595 - R:localhost/127.0.0.1:54513]
16:05:07.571 [Forwarding screenshot on session 72d6f42e39f0bd334ad0e12b71208434 to remote] DEBUG org.asynchttpclient.netty.request.NettyRequestSender - Using pooled Channel '[id: 0xf7bac8a1, L:/127.0.0.1:53595 - R:localhost/127.0.0.1:54513]' for 'GET' to 'http://localhost:54513/session/72d6f42e39f0bd334ad0e12b71208434/screenshot'
16:05:07.571 [Forwarding screenshot on session 72d6f42e39f0bd334ad0e12b71208434 to remote] DEBUG org.asynchttpclient.netty.request.NettyRequestSender - Using open Channel [id: 0xf7bac8a1, L:/127.0.0.1:53595 - R:localhost/127.0.0.1:54513] for GET '/session/72d6f42e39f0bd334ad0e12b71208434/screenshot'
16:05:07.791 [AsyncHttpClient-1-17] DEBUG org.asynchttpclient.netty.handler.HttpHandler - 

Request DefaultFullHttpRequest(decodeResult: success, version: HTTP/1.1, content: EmptyByteBufBE)
GET /session/72d6f42e39f0bd334ad0e12b71208434/screenshot HTTP/1.1
User-Agent: selenium/4.1.2 (java windows)
Cache-Control: no-cache
Content-Type: application/json; charset=utf-8
host: localhost:54513
accept: */*

Response DefaultHttpResponse(decodeResult: success, version: HTTP/1.1)
HTTP/1.1 200 OK
Content-Type: application/json; charset=utf-8
cache-control: no-cache
content-length: 354776

16:05:07.792 [AsyncHttpClient-1-17] DEBUG org.asynchttpclient.netty.channel.ChannelManager - Adding key: http://localhost:54513 for channel [id: 0xf7bac8a1, L:/127.0.0.1:53595 - R:localhost/127.0.0.1:54513]
16:05:07.803 [Test worker] DEBUG net.serenitybdd.core.photography.Darkroom - Send negative for processing for C:\Users\johan\OneDrive\Documentos\KONEX\Pruebas automatizadas\automatizacion_login_backoffice_1v\target\7f7b0aa6a3f7da31c029868e1cfbba2eaee0075860961d0fd2261a752aaad891.png
16:05:07.804 [Darkroom Processing Line] DEBUG net.serenitybdd.core.photography.DarkroomProcessingLine - Processing screenshot image in /var/screenshots/screenshot-1255500570514936862
16:05:07.804 [Darkroom Processing Line] DEBUG net.serenitybdd.core.photography.DarkroomProcessingLine - Saving screenshot to C:\Users\johan\OneDrive\Documentos\KONEX\Pruebas automatizadas\automatizacion_login_backoffice_1v\target\7f7b0aa6a3f7da31c029868e1cfbba2eaee0075860961d0fd2261a752aaad891.png
16:05:07.933 [Test worker] DEBUG net.thucydides.core.steps.StepInterceptor - STEP DONE: {0} clicks on #target
16:05:07.953 [Forwarding screenshot on session 72d6f42e39f0bd334ad0e12b71208434 to remote] DEBUG org.asynchttpclient.netty.request.NettyRequestSender - Using pooled Channel '[id: 0xf7bac8a1, L:/127.0.0.1:53595 - R:localhost/127.0.0.1:54513]' for 'GET' to 'http://localhost:54513/session/72d6f42e39f0bd334ad0e12b71208434/screenshot'
16:05:07.953 [Forwarding screenshot on session 72d6f42e39f0bd334ad0e12b71208434 to remote] DEBUG org.asynchttpclient.netty.request.NettyRequestSender - Using open Channel [id: 0xf7bac8a1, L:/127.0.0.1:53595 - R:localhost/127.0.0.1:54513] for GET '/session/72d6f42e39f0bd334ad0e12b71208434/screenshot'
16:05:08.277 [AsyncHttpClient-1-17] DEBUG org.asynchttpclient.netty.handler.HttpHandler - 

Request DefaultFullHttpRequest(decodeResult: success, version: HTTP/1.1, content: EmptyByteBufBE)
GET /session/72d6f42e39f0bd334ad0e12b71208434/screenshot HTTP/1.1
User-Agent: selenium/4.1.2 (java windows)
Cache-Control: no-cache
Content-Type: application/json; charset=utf-8
host: localhost:54513
accept: */*

Response DefaultHttpResponse(decodeResult: success, version: HTTP/1.1)
HTTP/1.1 200 OK
Content-Type: application/json; charset=utf-8
cache-control: no-cache
content-length: 354756

16:05:08.278 [AsyncHttpClient-1-17] DEBUG org.asynchttpclient.netty.channel.ChannelManager - Adding key: http://localhost:54513 for channel [id: 0xf7bac8a1, L:/127.0.0.1:53595 - R:localhost/127.0.0.1:54513]
16:05:08.303 [Test worker] DEBUG net.serenitybdd.core.photography.Darkroom - Send negative for processing for C:\Users\johan\OneDrive\Documentos\KONEX\Pruebas automatizadas\automatizacion_login_backoffice_1v\target\00ea4d8980d62ddad15ef45ff5f6565f4d559fe9f5e32ef40c08cde3425527cc.png
16:05:08.303 [Darkroom Processing Line] DEBUG net.serenitybdd.core.photography.DarkroomProcessingLine - Processing screenshot image in /var/screenshots/screenshot-6303864465212742608
16:05:08.304 [Darkroom Processing Line] DEBUG net.serenitybdd.core.photography.DarkroomProcessingLine - Saving screenshot to C:\Users\johan\OneDrive\Documentos\KONEX\Pruebas automatizadas\automatizacion_login_backoffice_1v\target\00ea4d8980d62ddad15ef45ff5f6565f4d559fe9f5e32ef40c08cde3425527cc.png
16:05:08.408 [Test worker] DEBUG net.thucydides.core.steps.StepInterceptor - STEP DONE: performAs
16:05:08.453 [Forwarding screenshot on session 72d6f42e39f0bd334ad0e12b71208434 to remote] DEBUG org.asynchttpclient.netty.request.NettyRequestSender - Using pooled Channel '[id: 0xf7bac8a1, L:/127.0.0.1:53595 - R:localhost/127.0.0.1:54513]' for 'GET' to 'http://localhost:54513/session/72d6f42e39f0bd334ad0e12b71208434/screenshot'
16:05:08.453 [Forwarding screenshot on session 72d6f42e39f0bd334ad0e12b71208434 to remote] DEBUG org.asynchttpclient.netty.request.NettyRequestSender - Using open Channel [id: 0xf7bac8a1, L:/127.0.0.1:53595 - R:localhost/127.0.0.1:54513] for GET '/session/72d6f42e39f0bd334ad0e12b71208434/screenshot'
16:05:08.570 [AsyncHttpClient-1-1] DEBUG org.asynchttpclient.netty.channel.DefaultChannelPool - Entry count for : http://localhost:53596 : 1
16:05:08.864 [AsyncHttpClient-1-17] DEBUG org.asynchttpclient.netty.handler.HttpHandler - 

Request DefaultFullHttpRequest(decodeResult: success, version: HTTP/1.1, content: EmptyByteBufBE)
GET /session/72d6f42e39f0bd334ad0e12b71208434/screenshot HTTP/1.1
User-Agent: selenium/4.1.2 (java windows)
Cache-Control: no-cache
Content-Type: application/json; charset=utf-8
host: localhost:54513
accept: */*

Response DefaultHttpResponse(decodeResult: success, version: HTTP/1.1)
HTTP/1.1 200 OK
Content-Type: application/json; charset=utf-8
cache-control: no-cache
content-length: 383712

16:05:08.865 [AsyncHttpClient-1-17] DEBUG org.asynchttpclient.netty.channel.ChannelManager - Adding key: http://localhost:54513 for channel [id: 0xf7bac8a1, L:/127.0.0.1:53595 - R:localhost/127.0.0.1:54513]
16:05:08.892 [Test worker] DEBUG net.serenitybdd.core.photography.Darkroom - Send negative for processing for C:\Users\johan\OneDrive\Documentos\KONEX\Pruebas automatizadas\automatizacion_login_backoffice_1v\target\dcdf3ab0929e8ae1dfd07869a2f06a28c53a23cf63ec0b12ab3c4b18a5daa583.png
16:05:09.018 [Forwarding screenshot on session 72d6f42e39f0bd334ad0e12b71208434 to remote] DEBUG org.asynchttpclient.netty.request.NettyRequestSender - Using pooled Channel '[id: 0xf7bac8a1, L:/127.0.0.1:53595 - R:localhost/127.0.0.1:54513]' for 'GET' to 'http://localhost:54513/session/72d6f42e39f0bd334ad0e12b71208434/screenshot'
16:05:09.018 [Forwarding screenshot on session 72d6f42e39f0bd334ad0e12b71208434 to remote] DEBUG org.asynchttpclient.netty.request.NettyRequestSender - Using open Channel [id: 0xf7bac8a1, L:/127.0.0.1:53595 - R:localhost/127.0.0.1:54513] for GET '/session/72d6f42e39f0bd334ad0e12b71208434/screenshot'
16:05:09.420 [AsyncHttpClient-1-17] DEBUG org.asynchttpclient.netty.handler.HttpHandler - 

Request DefaultFullHttpRequest(decodeResult: success, version: HTTP/1.1, content: EmptyByteBufBE)
GET /session/72d6f42e39f0bd334ad0e12b71208434/screenshot HTTP/1.1
User-Agent: selenium/4.1.2 (java windows)
Cache-Control: no-cache
Content-Type: application/json; charset=utf-8
host: localhost:54513
accept: */*

Response DefaultHttpResponse(decodeResult: success, version: HTTP/1.1)
HTTP/1.1 200 OK
Content-Type: application/json; charset=utf-8
cache-control: no-cache
content-length: 383712

16:05:09.421 [AsyncHttpClient-1-17] DEBUG org.asynchttpclient.netty.channel.ChannelManager - Adding key: http://localhost:54513 for channel [id: 0xf7bac8a1, L:/127.0.0.1:53595 - R:localhost/127.0.0.1:54513]
16:05:09.447 [Test worker] DEBUG net.serenitybdd.core.photography.Darkroom - Send negative for processing for C:\Users\johan\OneDrive\Documentos\KONEX\Pruebas automatizadas\automatizacion_login_backoffice_1v\target\dcdf3ab0929e8ae1dfd07869a2f06a28c53a23cf63ec0b12ab3c4b18a5daa583.png
16:05:09.519 [Test worker] DEBUG net.serenitybdd.screenplay.targets.IFrameSwitcher - default content already selected for Mensaje error credenciales
16:05:09.538 [Forwarding findElements on session 72d6f42e39f0bd334ad0e12b71208434 to remote] DEBUG org.asynchttpclient.netty.request.NettyRequestSender - Using pooled Channel '[id: 0xf7bac8a1, L:/127.0.0.1:53595 - R:localhost/127.0.0.1:54513]' for 'POST' to 'http://localhost:54513/session/72d6f42e39f0bd334ad0e12b71208434/elements'
16:05:09.538 [Forwarding findElements on session 72d6f42e39f0bd334ad0e12b71208434 to remote] DEBUG org.asynchttpclient.netty.request.NettyRequestSender - Using open Channel [id: 0xf7bac8a1, L:/127.0.0.1:53595 - R:localhost/127.0.0.1:54513] for POST '/session/72d6f42e39f0bd334ad0e12b71208434/elements'
16:05:09.563 [AsyncHttpClient-1-17] DEBUG org.asynchttpclient.netty.handler.HttpHandler - 

Request DefaultHttpRequest(decodeResult: success, version: HTTP/1.1)
POST /session/72d6f42e39f0bd334ad0e12b71208434/elements HTTP/1.1
User-Agent: selenium/4.1.2 (java windows)
Content-Length: 160
Content-Type: application/json; charset=utf-8
host: localhost:54513
accept: */*

Response DefaultHttpResponse(decodeResult: success, version: HTTP/1.1)
HTTP/1.1 200 OK
Content-Type: application/json; charset=utf-8
cache-control: no-cache
content-length: 90

16:05:09.563 [AsyncHttpClient-1-17] DEBUG org.asynchttpclient.netty.channel.ChannelManager - Adding key: http://localhost:54513 for channel [id: 0xf7bac8a1, L:/127.0.0.1:53595 - R:localhost/127.0.0.1:54513]
16:05:09.611 [Forwarding getElementText on session 72d6f42e39f0bd334ad0e12b71208434 to remote] DEBUG org.asynchttpclient.netty.request.NettyRequestSender - Using pooled Channel '[id: 0xf7bac8a1, L:/127.0.0.1:53595 - R:localhost/127.0.0.1:54513]' for 'GET' to 'http://localhost:54513/session/72d6f42e39f0bd334ad0e12b71208434/element/1a0b3945-039f-4ccf-9722-ada7bd146ad9/text'
16:05:09.611 [Forwarding getElementText on session 72d6f42e39f0bd334ad0e12b71208434 to remote] DEBUG org.asynchttpclient.netty.request.NettyRequestSender - Using open Channel [id: 0xf7bac8a1, L:/127.0.0.1:53595 - R:localhost/127.0.0.1:54513] for GET '/session/72d6f42e39f0bd334ad0e12b71208434/element/1a0b3945-039f-4ccf-9722-ada7bd146ad9/text'
16:05:09.636 [AsyncHttpClient-1-17] DEBUG org.asynchttpclient.netty.handler.HttpHandler - 

Request DefaultFullHttpRequest(decodeResult: success, version: HTTP/1.1, content: EmptyByteBufBE)
GET /session/72d6f42e39f0bd334ad0e12b71208434/element/1a0b3945-039f-4ccf-9722-ada7bd146ad9/text HTTP/1.1
User-Agent: selenium/4.1.2 (java windows)
Cache-Control: no-cache
Content-Type: application/json; charset=utf-8
host: localhost:54513
accept: */*

Response DefaultHttpResponse(decodeResult: success, version: HTTP/1.1)
HTTP/1.1 200 OK
Content-Type: application/json; charset=utf-8
cache-control: no-cache
content-length: 58

16:05:09.636 [AsyncHttpClient-1-17] DEBUG org.asynchttpclient.netty.channel.ChannelManager - Adding key: http://localhost:54513 for channel [id: 0xf7bac8a1, L:/127.0.0.1:53595 - R:localhost/127.0.0.1:54513]
16:05:09.672 [Forwarding screenshot on session 72d6f42e39f0bd334ad0e12b71208434 to remote] DEBUG org.asynchttpclient.netty.request.NettyRequestSender - Using pooled Channel '[id: 0xf7bac8a1, L:/127.0.0.1:53595 - R:localhost/127.0.0.1:54513]' for 'GET' to 'http://localhost:54513/session/72d6f42e39f0bd334ad0e12b71208434/screenshot'
16:05:09.672 [Forwarding screenshot on session 72d6f42e39f0bd334ad0e12b71208434 to remote] DEBUG org.asynchttpclient.netty.request.NettyRequestSender - Using open Channel [id: 0xf7bac8a1, L:/127.0.0.1:53595 - R:localhost/127.0.0.1:54513] for GET '/session/72d6f42e39f0bd334ad0e12b71208434/screenshot'
16:05:09.676 [AsyncHttpClient-1-1] DEBUG org.asynchttpclient.netty.channel.DefaultChannelPool - Entry count for : http://localhost:53596 : 1
16:05:10.072 [AsyncHttpClient-1-17] DEBUG org.asynchttpclient.netty.handler.HttpHandler - 

Request DefaultFullHttpRequest(decodeResult: success, version: HTTP/1.1, content: EmptyByteBufBE)
GET /session/72d6f42e39f0bd334ad0e12b71208434/screenshot HTTP/1.1
User-Agent: selenium/4.1.2 (java windows)
Cache-Control: no-cache
Content-Type: application/json; charset=utf-8
host: localhost:54513
accept: */*

Response DefaultHttpResponse(decodeResult: success, version: HTTP/1.1)
HTTP/1.1 200 OK
Content-Type: application/json; charset=utf-8
cache-control: no-cache
content-length: 383712

16:05:10.073 [AsyncHttpClient-1-17] DEBUG org.asynchttpclient.netty.channel.ChannelManager - Adding key: http://localhost:54513 for channel [id: 0xf7bac8a1, L:/127.0.0.1:53595 - R:localhost/127.0.0.1:54513]
16:05:10.101 [Test worker] DEBUG net.serenitybdd.core.photography.Darkroom - Send negative for processing for C:\Users\johan\OneDrive\Documentos\KONEX\Pruebas automatizadas\automatizacion_login_backoffice_1v\target\dcdf3ab0929e8ae1dfd07869a2f06a28c53a23cf63ec0b12ab3c4b18a5daa583.png
16:05:10.267 [Forwarding screenshot on session 72d6f42e39f0bd334ad0e12b71208434 to remote] DEBUG org.asynchttpclient.netty.request.NettyRequestSender - Using pooled Channel '[id: 0xf7bac8a1, L:/127.0.0.1:53595 - R:localhost/127.0.0.1:54513]' for 'GET' to 'http://localhost:54513/session/72d6f42e39f0bd334ad0e12b71208434/screenshot'
16:05:10.267 [Forwarding screenshot on session 72d6f42e39f0bd334ad0e12b71208434 to remote] DEBUG org.asynchttpclient.netty.request.NettyRequestSender - Using open Channel [id: 0xf7bac8a1, L:/127.0.0.1:53595 - R:localhost/127.0.0.1:54513] for GET '/session/72d6f42e39f0bd334ad0e12b71208434/screenshot'
16:05:10.681 [AsyncHttpClient-1-17] DEBUG org.asynchttpclient.netty.handler.HttpHandler - 

Request DefaultFullHttpRequest(decodeResult: success, version: HTTP/1.1, content: EmptyByteBufBE)
GET /session/72d6f42e39f0bd334ad0e12b71208434/screenshot HTTP/1.1
User-Agent: selenium/4.1.2 (java windows)
Cache-Control: no-cache
Content-Type: application/json; charset=utf-8
host: localhost:54513
accept: */*

Response DefaultHttpResponse(decodeResult: success, version: HTTP/1.1)
HTTP/1.1 200 OK
Content-Type: application/json; charset=utf-8
cache-control: no-cache
content-length: 383712

16:05:10.682 [AsyncHttpClient-1-17] DEBUG org.asynchttpclient.netty.channel.ChannelManager - Adding key: http://localhost:54513 for channel [id: 0xf7bac8a1, L:/127.0.0.1:53595 - R:localhost/127.0.0.1:54513]
16:05:10.709 [Test worker] DEBUG net.serenitybdd.core.photography.Darkroom - Send negative for processing for C:\Users\johan\OneDrive\Documentos\KONEX\Pruebas automatizadas\automatizacion_login_backoffice_1v\target\dcdf3ab0929e8ae1dfd07869a2f06a28c53a23cf63ec0b12ab3c4b18a5daa583.png
16:05:10.771 [AsyncHttpClient-1-1] DEBUG org.asynchttpclient.netty.channel.DefaultChannelPool - Entry count for : http://localhost:53596 : 1
16:05:10.771 [AsyncHttpClient-1-1] DEBUG org.asynchttpclient.netty.channel.DefaultChannelPool - Entry count for : http://localhost:54513 : 1
16:05:10.838 [Forwarding screenshot on session 72d6f42e39f0bd334ad0e12b71208434 to remote] DEBUG org.asynchttpclient.netty.request.NettyRequestSender - Using pooled Channel '[id: 0xf7bac8a1, L:/127.0.0.1:53595 - R:localhost/127.0.0.1:54513]' for 'GET' to 'http://localhost:54513/session/72d6f42e39f0bd334ad0e12b71208434/screenshot'
16:05:10.838 [Forwarding screenshot on session 72d6f42e39f0bd334ad0e12b71208434 to remote] DEBUG org.asynchttpclient.netty.request.NettyRequestSender - Using open Channel [id: 0xf7bac8a1, L:/127.0.0.1:53595 - R:localhost/127.0.0.1:54513] for GET '/session/72d6f42e39f0bd334ad0e12b71208434/screenshot'
16:05:11.186 [AsyncHttpClient-1-17] DEBUG org.asynchttpclient.netty.handler.HttpHandler - 

Request DefaultFullHttpRequest(decodeResult: success, version: HTTP/1.1, content: EmptyByteBufBE)
GET /session/72d6f42e39f0bd334ad0e12b71208434/screenshot HTTP/1.1
User-Agent: selenium/4.1.2 (java windows)
Cache-Control: no-cache
Content-Type: application/json; charset=utf-8
host: localhost:54513
accept: */*

Response DefaultHttpResponse(decodeResult: success, version: HTTP/1.1)
HTTP/1.1 200 OK
Content-Type: application/json; charset=utf-8
cache-control: no-cache
content-length: 383712

16:05:11.186 [AsyncHttpClient-1-17] DEBUG org.asynchttpclient.netty.channel.ChannelManager - Adding key: http://localhost:54513 for channel [id: 0xf7bac8a1, L:/127.0.0.1:53595 - R:localhost/127.0.0.1:54513]
16:05:11.198 [Test worker] DEBUG net.serenitybdd.core.photography.Darkroom - Send negative for processing for C:\Users\johan\OneDrive\Documentos\KONEX\Pruebas automatizadas\automatizacion_login_backoffice_1v\target\dcdf3ab0929e8ae1dfd07869a2f06a28c53a23cf63ec0b12ab3c4b18a5daa583.png
16:05:11.307 [AsyncHttpClient-1-3] DEBUG org.asynchttpclient.netty.handler.WebSocketHandler - Channel Closed: [id: 0x43a1b3a1, L:/127.0.0.1:53604 ! R:localhost/127.0.0.1:53596] with attribute NettyResponseFuture{currentRetry=5,
	isDone=1,
	isCancelled=0,
	asyncHandler=org.asynchttpclient.ws.WebSocketUpgradeHandler@4b94f5fe,
	nettyRequest=org.asynchttpclient.netty.request.NettyRequest@24016aca,
	future=java.util.concurrent.CompletableFuture@5f2cd9f3[Completed normally],
	uri=ws://localhost:53596/devtools/browser/afb9f65a-d8ec-4088-9f88-0299d3898481,
	keepAlive=true,
	redirectCount=0,
	timeoutsHolder=null,
	inAuth=0,
	touch=1682024701553}
16:05:11.307 [AsyncHttpClient-1-3] DEBUG org.asynchttpclient.netty.channel.ChannelManager - Closing Channel [id: 0x43a1b3a1, L:/127.0.0.1:53604 ! R:localhost/127.0.0.1:53596] 
16:05:11.308 [Driver Command Executor] DEBUG org.asynchttpclient.netty.request.NettyRequestSender - Using pooled Channel '[id: 0xf7bac8a1, L:/127.0.0.1:53595 - R:localhost/127.0.0.1:54513]' for 'DELETE' to 'http://localhost:54513/session/72d6f42e39f0bd334ad0e12b71208434'
16:05:11.308 [Driver Command Executor] DEBUG org.asynchttpclient.netty.request.NettyRequestSender - Using open Channel [id: 0xf7bac8a1, L:/127.0.0.1:53595 - R:localhost/127.0.0.1:54513] for DELETE '/session/72d6f42e39f0bd334ad0e12b71208434'
16:05:11.352 [AsyncHttpClient-1-2] DEBUG org.asynchttpclient.netty.handler.HttpHandler - Unexpected I/O exception on channel [id: 0x0cd27f3c, L:/127.0.0.1:53603 - R:localhost/127.0.0.1:53596]
java.io.IOException: Se ha forzado la interrupción de una conexión existente por el host remoto
	at sun.nio.ch.SocketDispatcher.read0(Native Method)
	at sun.nio.ch.SocketDispatcher.read(SocketDispatcher.java:43)
	at sun.nio.ch.IOUtil.readIntoNativeBuffer(IOUtil.java:223)
	at sun.nio.ch.IOUtil.read(IOUtil.java:192)
	at sun.nio.ch.SocketChannelImpl.read(SocketChannelImpl.java:380)
	at io.netty.buffer.PooledByteBuf.setBytes(PooledByteBuf.java:258)
	at io.netty.buffer.AbstractByteBuf.writeBytes(AbstractByteBuf.java:1132)
	at io.netty.channel.socket.nio.NioSocketChannel.doReadBytes(NioSocketChannel.java:350)
	at io.netty.channel.nio.AbstractNioByteChannel$NioByteUnsafe.read(AbstractNioByteChannel.java:151)
	at io.netty.channel.nio.NioEventLoop.processSelectedKey(NioEventLoop.java:722)
	at io.netty.channel.nio.NioEventLoop.processSelectedKeysOptimized(NioEventLoop.java:658)
	at io.netty.channel.nio.NioEventLoop.processSelectedKeys(NioEventLoop.java:584)
	at io.netty.channel.nio.NioEventLoop.run(NioEventLoop.java:496)
	at io.netty.util.concurrent.SingleThreadEventExecutor$4.run(SingleThreadEventExecutor.java:986)
	at io.netty.util.internal.ThreadExecutorMap$2.run(ThreadExecutorMap.java:74)
	at io.netty.util.concurrent.FastThreadLocalRunnable.run(FastThreadLocalRunnable.java:30)
	at java.lang.Thread.run(Thread.java:748)
16:05:11.352 [AsyncHttpClient-1-2] DEBUG org.asynchttpclient.netty.channel.ChannelManager - Closing Channel [id: 0x0cd27f3c, L:/127.0.0.1:53603 - R:localhost/127.0.0.1:53596] 
16:05:11.352 [AsyncHttpClient-1-2] DEBUG org.asynchttpclient.netty.handler.HttpHandler - Channel Closed: [id: 0x0cd27f3c, L:/127.0.0.1:53603 ! R:localhost/127.0.0.1:53596] with attribute DISCARD
16:05:11.370 [AsyncHttpClient-1-17] DEBUG org.asynchttpclient.netty.handler.HttpHandler - 

Request DefaultFullHttpRequest(decodeResult: success, version: HTTP/1.1, content: EmptyByteBufBE)
DELETE /session/72d6f42e39f0bd334ad0e12b71208434 HTTP/1.1
User-Agent: selenium/4.1.2 (java windows)
Content-Type: application/json; charset=utf-8
host: localhost:54513
accept: */*

Response DefaultHttpResponse(decodeResult: success, version: HTTP/1.1)
HTTP/1.1 200 OK
Content-Type: application/json; charset=utf-8
cache-control: no-cache
content-length: 14

16:05:11.370 [AsyncHttpClient-1-17] DEBUG org.asynchttpclient.netty.channel.ChannelManager - Adding key: http://localhost:54513 for channel [id: 0xf7bac8a1, L:/127.0.0.1:53595 - R:localhost/127.0.0.1:54513]
16:05:11.452 [AsyncHttpClient-1-17] DEBUG org.asynchttpclient.netty.handler.HttpHandler - Channel Closed: [id: 0xf7bac8a1, L:/127.0.0.1:53595 ! R:localhost/127.0.0.1:54513] with attribute DISCARD
16:05:11.874 [AsyncHttpClient-1-1] DEBUG org.asynchttpclient.netty.channel.DefaultChannelPool - Entry count for : http://localhost:53596 : 1
16:05:11.874 [AsyncHttpClient-1-1] DEBUG org.asynchttpclient.netty.channel.DefaultChannelPool - Entry count for : http://localhost:54513 : 1
16:05:11.874 [AsyncHttpClient-1-1] DEBUG org.asynchttpclient.netty.channel.DefaultChannelPool - Adding Candidate expired Channel [id: 0x0cd27f3c, L:/127.0.0.1:53603 ! R:localhost/127.0.0.1:53596] isIdleTimeoutExpired=false isRemotelyClosed=true isTtlExpired=false
16:05:11.874 [AsyncHttpClient-1-1] DEBUG org.asynchttpclient.netty.channel.DefaultChannelPool - Closing Idle Channel [id: 0x0cd27f3c, L:/127.0.0.1:53603 ! R:localhost/127.0.0.1:53596]
16:05:11.874 [AsyncHttpClient-1-1] DEBUG org.asynchttpclient.netty.channel.DefaultChannelPool - Adding Candidate expired Channel [id: 0xf7bac8a1, L:/127.0.0.1:53595 ! R:localhost/127.0.0.1:54513] isIdleTimeoutExpired=false isRemotelyClosed=true isTtlExpired=false
16:05:11.874 [AsyncHttpClient-1-1] DEBUG org.asynchttpclient.netty.channel.DefaultChannelPool - Closing Idle Channel [id: 0xf7bac8a1, L:/127.0.0.1:53595 ! R:localhost/127.0.0.1:54513]
16:05:11.874 [AsyncHttpClient-1-1] DEBUG org.asynchttpclient.netty.channel.DefaultChannelPool - Closed 2 connections out of 2 in 0 ms
16:05:11.975 [Test worker] INFO io.cucumber.core.plugin.SerenityReporter - Running feature from file:///C:/Users/johan/OneDrive/Documentos/KONEX/Pruebas%20automatizadas/automatizacion_login_backoffice_1v/src/test/resources/features/login_backoffice.feature
16:05:11.981 [Test worker] DEBUG net.thucydides.core.steps.StepInterceptor - STARTING STEP: MyStepdefinitions.queElUsuarioIngresaAlBackoffice - performAs
16:05:11.983 [Test worker] DEBUG net.thucydides.core.steps.StepInterceptor - STARTING STEP: AbrirPag.performAs - {0} opens the #targetPage
16:05:11.999 [Test worker] INFO net.serenitybdd.core.webdriver.driverproviders.ChromeDriverProvider - Using automatically driver download
16:05:12.151 [Test worker] DEBUG io.github.bonigarcia.wdm.cache.ResolutionCache - Resolution chrome=112 in cache (valid until 16:37:15 20/04/2023 COT)
16:05:12.151 [Test worker] DEBUG io.github.bonigarcia.wdm.cache.ResolutionCache - Resolution chrome112=112.0.5615.49 in cache (valid until 15:46:23 21/04/2023 COT)
16:05:12.151 [Test worker] INFO io.github.bonigarcia.wdm.WebDriverManager - Using chromedriver 112.0.5615.49 (resolved driver for Chrome 112)
16:05:12.157 [Test worker] DEBUG io.github.bonigarcia.wdm.WebDriverManager - Driver chromedriver 112.0.5615.49 found in cache
16:05:12.157 [Test worker] INFO io.github.bonigarcia.wdm.WebDriverManager - Exporting webdriver.chrome.driver as C:\Users\johan\.cache\selenium\chromedriver\win32\112.0.5615.49\chromedriver.exe
16:05:12.283 [Test worker] DEBUG net.serenitybdd.core.webdriver.driverproviders.ProvideNewDriver - Instantiating driver
16:05:12.283 [Test worker] DEBUG net.serenitybdd.core.webdriver.driverproviders.ProvideNewDriver - Driver capabilities: Capabilities {acceptInsecureCerts: false, autodownload: true, browserName: chrome, chrome.silentOutput: true, driver: chrome, goog:chromeOptions: {args: [--start-maximized --disable...], extensions: []}}
16:05:12.829 [AsyncHttpClient-1-4] DEBUG org.asynchttpclient.netty.channel.NettyConnectListener - Using new Channel '[id: 0x163de936, L:/127.0.0.1:53629 - R:localhost/127.0.0.1:49711]' for 'POST' to '/session'
16:05:13.563 [AsyncHttpClient-1-4] DEBUG org.asynchttpclient.netty.handler.HttpHandler - 

Request DefaultHttpRequest(decodeResult: success, version: HTTP/1.1)
POST /session HTTP/1.1
User-Agent: selenium/4.1.2 (java windows)
Content-Length: 776
Content-Type: application/json; charset=utf-8
host: localhost:49711
accept: */*

Response DefaultHttpResponse(decodeResult: success, version: HTTP/1.1)
HTTP/1.1 200 OK
Content-Type: application/json; charset=utf-8
cache-control: no-cache
content-length: 859

16:05:13.564 [AsyncHttpClient-1-4] DEBUG org.asynchttpclient.netty.channel.ChannelManager - Adding key: http://localhost:49711 for channel [id: 0x163de936, L:/127.0.0.1:53629 - R:localhost/127.0.0.1:49711]
16:05:13.577 [AsyncHttpClient-1-5] DEBUG org.asynchttpclient.netty.channel.NettyConnectListener - Using new Channel '[id: 0x9cdbbe4c, L:/127.0.0.1:53636 - R:localhost/127.0.0.1:53630]' for 'GET' to '/json/version'
16:05:13.579 [AsyncHttpClient-1-5] DEBUG org.asynchttpclient.netty.handler.HttpHandler - 

Request DefaultFullHttpRequest(decodeResult: success, version: HTTP/1.1, content: EmptyByteBufBE)
GET /json/version HTTP/1.1
User-Agent: selenium/4.1.2 (java windows)
host: localhost:53630
accept: */*

Response DefaultHttpResponse(decodeResult: success, version: HTTP/1.1)
HTTP/1.1 200 OK
Content-Security-Policy: frame-ancestors 'none'
Content-Type: application/json; charset=UTF-8
content-length: 424

16:05:13.580 [AsyncHttpClient-1-5] DEBUG org.asynchttpclient.netty.channel.ChannelManager - Adding key: http://localhost:53630 for channel [id: 0x9cdbbe4c, L:/127.0.0.1:53636 - R:localhost/127.0.0.1:53630]
16:05:13.586 [AsyncHttpClient-1-6] DEBUG org.asynchttpclient.netty.channel.NettyConnectListener - Using new Channel '[id: 0x08d54e49, L:/127.0.0.1:53637 - R:localhost/127.0.0.1:53630]' for 'GET' to '/devtools/browser/f0ba472e-f1fb-4c69-876f-08ad43631c89'
16:05:13.587 [AsyncHttpClient-1-6] DEBUG org.asynchttpclient.netty.handler.WebSocketHandler - 

Request DefaultFullHttpRequest(decodeResult: success, version: HTTP/1.1, content: EmptyByteBufBE)
GET /devtools/browser/f0ba472e-f1fb-4c69-876f-08ad43631c89 HTTP/1.1
upgrade: websocket
connection: upgrade
sec-websocket-key: YmowmPzWfLqiYlRwaWyfjw==
sec-websocket-version: 13
origin: http://localhost:53630
host: localhost:53630
accept: */*
user-agent: AHC/2.1

Response DefaultHttpResponse(decodeResult: success, version: HTTP/1.1)
HTTP/1.1 101 WebSocket Protocol Handshake
Upgrade: WebSocket
Connection: Upgrade
Sec-WebSocket-Accept: yER7+ZV1ZHm5MFZ0hFMKGUjEIi4=

16:05:13.596 [Forwarding get on session 86e2a13b450d61c2903f3dfd80378c74 to remote] DEBUG org.asynchttpclient.netty.request.NettyRequestSender - Using pooled Channel '[id: 0x163de936, L:/127.0.0.1:53629 - R:localhost/127.0.0.1:49711]' for 'POST' to 'http://localhost:49711/session/86e2a13b450d61c2903f3dfd80378c74/url'
16:05:13.596 [Forwarding get on session 86e2a13b450d61c2903f3dfd80378c74 to remote] DEBUG org.asynchttpclient.netty.request.NettyRequestSender - Using open Channel [id: 0x163de936, L:/127.0.0.1:53629 - R:localhost/127.0.0.1:49711] for POST '/session/86e2a13b450d61c2903f3dfd80378c74/url'
16:05:14.070 [AsyncHttpClient-1-1] DEBUG org.asynchttpclient.netty.channel.DefaultChannelPool - Entry count for : http://localhost:53630 : 1
16:05:15.170 [AsyncHttpClient-1-1] DEBUG org.asynchttpclient.netty.channel.DefaultChannelPool - Entry count for : http://localhost:53630 : 1
16:05:16.000 [AsyncHttpClient-1-4] DEBUG org.asynchttpclient.netty.handler.HttpHandler - 

Request DefaultHttpRequest(decodeResult: success, version: HTTP/1.1)
POST /session/86e2a13b450d61c2903f3dfd80378c74/url HTTP/1.1
User-Agent: selenium/4.1.2 (java windows)
Content-Length: 80
Content-Type: application/json; charset=utf-8
host: localhost:49711
accept: */*

Response DefaultHttpResponse(decodeResult: success, version: HTTP/1.1)
HTTP/1.1 200 OK
Content-Type: application/json; charset=utf-8
cache-control: no-cache
content-length: 14

16:05:16.000 [AsyncHttpClient-1-4] DEBUG org.asynchttpclient.netty.channel.ChannelManager - Adding key: http://localhost:49711 for channel [id: 0x163de936, L:/127.0.0.1:53629 - R:localhost/127.0.0.1:49711]
16:05:16.002 [Forwarding setTimeout on session 86e2a13b450d61c2903f3dfd80378c74 to remote] DEBUG org.asynchttpclient.netty.request.NettyRequestSender - Using pooled Channel '[id: 0x163de936, L:/127.0.0.1:53629 - R:localhost/127.0.0.1:49711]' for 'POST' to 'http://localhost:49711/session/86e2a13b450d61c2903f3dfd80378c74/timeouts'
16:05:16.002 [Forwarding setTimeout on session 86e2a13b450d61c2903f3dfd80378c74 to remote] DEBUG org.asynchttpclient.netty.request.NettyRequestSender - Using open Channel [id: 0x163de936, L:/127.0.0.1:53629 - R:localhost/127.0.0.1:49711] for POST '/session/86e2a13b450d61c2903f3dfd80378c74/timeouts'
16:05:16.003 [AsyncHttpClient-1-4] DEBUG org.asynchttpclient.netty.handler.HttpHandler - 

Request DefaultHttpRequest(decodeResult: success, version: HTTP/1.1)
POST /session/86e2a13b450d61c2903f3dfd80378c74/timeouts HTTP/1.1
User-Agent: selenium/4.1.2 (java windows)
Content-Length: 22
Content-Type: application/json; charset=utf-8
host: localhost:49711
accept: */*

Response DefaultHttpResponse(decodeResult: success, version: HTTP/1.1)
HTTP/1.1 200 OK
Content-Type: application/json; charset=utf-8
cache-control: no-cache
content-length: 14

16:05:16.004 [AsyncHttpClient-1-4] DEBUG org.asynchttpclient.netty.channel.ChannelManager - Adding key: http://localhost:49711 for channel [id: 0x163de936, L:/127.0.0.1:53629 - R:localhost/127.0.0.1:49711]
16:05:16.046 [Forwarding getCurrentUrl on session 86e2a13b450d61c2903f3dfd80378c74 to remote] DEBUG org.asynchttpclient.netty.request.NettyRequestSender - Using pooled Channel '[id: 0x163de936, L:/127.0.0.1:53629 - R:localhost/127.0.0.1:49711]' for 'GET' to 'http://localhost:49711/session/86e2a13b450d61c2903f3dfd80378c74/url'
16:05:16.046 [Forwarding getCurrentUrl on session 86e2a13b450d61c2903f3dfd80378c74 to remote] DEBUG org.asynchttpclient.netty.request.NettyRequestSender - Using open Channel [id: 0x163de936, L:/127.0.0.1:53629 - R:localhost/127.0.0.1:49711] for GET '/session/86e2a13b450d61c2903f3dfd80378c74/url'
16:05:16.054 [AsyncHttpClient-1-4] DEBUG org.asynchttpclient.netty.handler.HttpHandler - 

Request DefaultFullHttpRequest(decodeResult: success, version: HTTP/1.1, content: EmptyByteBufBE)
GET /session/86e2a13b450d61c2903f3dfd80378c74/url HTTP/1.1
User-Agent: selenium/4.1.2 (java windows)
Cache-Control: no-cache
Content-Type: application/json; charset=utf-8
host: localhost:49711
accept: */*

Response DefaultHttpResponse(decodeResult: success, version: HTTP/1.1)
HTTP/1.1 200 OK
Content-Type: application/json; charset=utf-8
cache-control: no-cache
content-length: 57

16:05:16.054 [AsyncHttpClient-1-4] DEBUG org.asynchttpclient.netty.channel.ChannelManager - Adding key: http://localhost:49711 for channel [id: 0x163de936, L:/127.0.0.1:53629 - R:localhost/127.0.0.1:49711]
16:05:16.098 [Forwarding getCurrentUrl on session 86e2a13b450d61c2903f3dfd80378c74 to remote] DEBUG org.asynchttpclient.netty.request.NettyRequestSender - Using pooled Channel '[id: 0x163de936, L:/127.0.0.1:53629 - R:localhost/127.0.0.1:49711]' for 'GET' to 'http://localhost:49711/session/86e2a13b450d61c2903f3dfd80378c74/url'
16:05:16.098 [Forwarding getCurrentUrl on session 86e2a13b450d61c2903f3dfd80378c74 to remote] DEBUG org.asynchttpclient.netty.request.NettyRequestSender - Using open Channel [id: 0x163de936, L:/127.0.0.1:53629 - R:localhost/127.0.0.1:49711] for GET '/session/86e2a13b450d61c2903f3dfd80378c74/url'
16:05:16.104 [AsyncHttpClient-1-4] DEBUG org.asynchttpclient.netty.handler.HttpHandler - 

Request DefaultFullHttpRequest(decodeResult: success, version: HTTP/1.1, content: EmptyByteBufBE)
GET /session/86e2a13b450d61c2903f3dfd80378c74/url HTTP/1.1
User-Agent: selenium/4.1.2 (java windows)
Cache-Control: no-cache
Content-Type: application/json; charset=utf-8
host: localhost:49711
accept: */*

Response DefaultHttpResponse(decodeResult: success, version: HTTP/1.1)
HTTP/1.1 200 OK
Content-Type: application/json; charset=utf-8
cache-control: no-cache
content-length: 57

16:05:16.104 [AsyncHttpClient-1-4] DEBUG org.asynchttpclient.netty.channel.ChannelManager - Adding key: http://localhost:49711 for channel [id: 0x163de936, L:/127.0.0.1:53629 - R:localhost/127.0.0.1:49711]
16:05:16.135 [Forwarding screenshot on session 86e2a13b450d61c2903f3dfd80378c74 to remote] DEBUG org.asynchttpclient.netty.request.NettyRequestSender - Using pooled Channel '[id: 0x163de936, L:/127.0.0.1:53629 - R:localhost/127.0.0.1:49711]' for 'GET' to 'http://localhost:49711/session/86e2a13b450d61c2903f3dfd80378c74/screenshot'
16:05:16.135 [Forwarding screenshot on session 86e2a13b450d61c2903f3dfd80378c74 to remote] DEBUG org.asynchttpclient.netty.request.NettyRequestSender - Using open Channel [id: 0x163de936, L:/127.0.0.1:53629 - R:localhost/127.0.0.1:49711] for GET '/session/86e2a13b450d61c2903f3dfd80378c74/screenshot'
16:05:16.269 [AsyncHttpClient-1-1] DEBUG org.asynchttpclient.netty.channel.DefaultChannelPool - Entry count for : http://localhost:53630 : 1
16:05:16.560 [AsyncHttpClient-1-4] DEBUG org.asynchttpclient.netty.handler.HttpHandler - 

Request DefaultFullHttpRequest(decodeResult: success, version: HTTP/1.1, content: EmptyByteBufBE)
GET /session/86e2a13b450d61c2903f3dfd80378c74/screenshot HTTP/1.1
User-Agent: selenium/4.1.2 (java windows)
Cache-Control: no-cache
Content-Type: application/json; charset=utf-8
host: localhost:49711
accept: */*

Response DefaultHttpResponse(decodeResult: success, version: HTTP/1.1)
HTTP/1.1 200 OK
Content-Type: application/json; charset=utf-8
cache-control: no-cache
content-length: 379740

16:05:16.561 [AsyncHttpClient-1-4] DEBUG org.asynchttpclient.netty.channel.ChannelManager - Adding key: http://localhost:49711 for channel [id: 0x163de936, L:/127.0.0.1:53629 - R:localhost/127.0.0.1:49711]
16:05:16.588 [Test worker] DEBUG net.serenitybdd.core.photography.Darkroom - Send negative for processing for C:\Users\johan\OneDrive\Documentos\KONEX\Pruebas automatizadas\automatizacion_login_backoffice_1v\target\2906e0e514c90d11ffaf03067b12110de544ee879fa76ed63b517fad1e2e3380.png
16:05:16.690 [Test worker] DEBUG net.thucydides.core.steps.StepInterceptor - STEP DONE: {0} opens the #targetPage
16:05:16.755 [Forwarding screenshot on session 86e2a13b450d61c2903f3dfd80378c74 to remote] DEBUG org.asynchttpclient.netty.request.NettyRequestSender - Using pooled Channel '[id: 0x163de936, L:/127.0.0.1:53629 - R:localhost/127.0.0.1:49711]' for 'GET' to 'http://localhost:49711/session/86e2a13b450d61c2903f3dfd80378c74/screenshot'
16:05:16.755 [Forwarding screenshot on session 86e2a13b450d61c2903f3dfd80378c74 to remote] DEBUG org.asynchttpclient.netty.request.NettyRequestSender - Using open Channel [id: 0x163de936, L:/127.0.0.1:53629 - R:localhost/127.0.0.1:49711] for GET '/session/86e2a13b450d61c2903f3dfd80378c74/screenshot'
16:05:17.135 [AsyncHttpClient-1-4] DEBUG org.asynchttpclient.netty.handler.HttpHandler - 

Request DefaultFullHttpRequest(decodeResult: success, version: HTTP/1.1, content: EmptyByteBufBE)
GET /session/86e2a13b450d61c2903f3dfd80378c74/screenshot HTTP/1.1
User-Agent: selenium/4.1.2 (java windows)
Cache-Control: no-cache
Content-Type: application/json; charset=utf-8
host: localhost:49711
accept: */*

Response DefaultHttpResponse(decodeResult: success, version: HTTP/1.1)
HTTP/1.1 200 OK
Content-Type: application/json; charset=utf-8
cache-control: no-cache
content-length: 379772

16:05:17.136 [AsyncHttpClient-1-4] DEBUG org.asynchttpclient.netty.channel.ChannelManager - Adding key: http://localhost:49711 for channel [id: 0x163de936, L:/127.0.0.1:53629 - R:localhost/127.0.0.1:49711]
16:05:17.150 [Test worker] DEBUG net.serenitybdd.core.photography.Darkroom - Send negative for processing for C:\Users\johan\OneDrive\Documentos\KONEX\Pruebas automatizadas\automatizacion_login_backoffice_1v\target\827eba772fc8c0a7b9dfb33684fbbfab2dbf1f790c8339d229e180e243a6dda7.png
16:05:17.257 [Test worker] DEBUG net.thucydides.core.steps.StepInterceptor - STEP DONE: performAs
16:05:17.314 [Forwarding screenshot on session 86e2a13b450d61c2903f3dfd80378c74 to remote] DEBUG org.asynchttpclient.netty.request.NettyRequestSender - Using pooled Channel '[id: 0x163de936, L:/127.0.0.1:53629 - R:localhost/127.0.0.1:49711]' for 'GET' to 'http://localhost:49711/session/86e2a13b450d61c2903f3dfd80378c74/screenshot'
16:05:17.314 [Forwarding screenshot on session 86e2a13b450d61c2903f3dfd80378c74 to remote] DEBUG org.asynchttpclient.netty.request.NettyRequestSender - Using open Channel [id: 0x163de936, L:/127.0.0.1:53629 - R:localhost/127.0.0.1:49711] for GET '/session/86e2a13b450d61c2903f3dfd80378c74/screenshot'
16:05:17.369 [AsyncHttpClient-1-1] DEBUG org.asynchttpclient.netty.channel.DefaultChannelPool - Entry count for : http://localhost:53630 : 1
16:05:17.510 [AsyncHttpClient-1-4] DEBUG org.asynchttpclient.netty.handler.HttpHandler - 

Request DefaultFullHttpRequest(decodeResult: success, version: HTTP/1.1, content: EmptyByteBufBE)
GET /session/86e2a13b450d61c2903f3dfd80378c74/screenshot HTTP/1.1
User-Agent: selenium/4.1.2 (java windows)
Cache-Control: no-cache
Content-Type: application/json; charset=utf-8
host: localhost:49711
accept: */*

Response DefaultHttpResponse(decodeResult: success, version: HTTP/1.1)
HTTP/1.1 200 OK
Content-Type: application/json; charset=utf-8
cache-control: no-cache
content-length: 379740

16:05:17.511 [AsyncHttpClient-1-4] DEBUG org.asynchttpclient.netty.channel.ChannelManager - Adding key: http://localhost:49711 for channel [id: 0x163de936, L:/127.0.0.1:53629 - R:localhost/127.0.0.1:49711]
16:05:17.523 [Test worker] DEBUG net.serenitybdd.core.photography.Darkroom - Send negative for processing for C:\Users\johan\OneDrive\Documentos\KONEX\Pruebas automatizadas\automatizacion_login_backoffice_1v\target\2906e0e514c90d11ffaf03067b12110de544ee879fa76ed63b517fad1e2e3380.png
16:05:17.676 [Forwarding screenshot on session 86e2a13b450d61c2903f3dfd80378c74 to remote] DEBUG org.asynchttpclient.netty.request.NettyRequestSender - Using pooled Channel '[id: 0x163de936, L:/127.0.0.1:53629 - R:localhost/127.0.0.1:49711]' for 'GET' to 'http://localhost:49711/session/86e2a13b450d61c2903f3dfd80378c74/screenshot'
16:05:17.677 [Forwarding screenshot on session 86e2a13b450d61c2903f3dfd80378c74 to remote] DEBUG org.asynchttpclient.netty.request.NettyRequestSender - Using open Channel [id: 0x163de936, L:/127.0.0.1:53629 - R:localhost/127.0.0.1:49711] for GET '/session/86e2a13b450d61c2903f3dfd80378c74/screenshot'
16:05:17.863 [AsyncHttpClient-1-4] DEBUG org.asynchttpclient.netty.handler.HttpHandler - 

Request DefaultFullHttpRequest(decodeResult: success, version: HTTP/1.1, content: EmptyByteBufBE)
GET /session/86e2a13b450d61c2903f3dfd80378c74/screenshot HTTP/1.1
User-Agent: selenium/4.1.2 (java windows)
Cache-Control: no-cache
Content-Type: application/json; charset=utf-8
host: localhost:49711
accept: */*

Response DefaultHttpResponse(decodeResult: success, version: HTTP/1.1)
HTTP/1.1 200 OK
Content-Type: application/json; charset=utf-8
cache-control: no-cache
content-length: 379772

16:05:17.863 [AsyncHttpClient-1-4] DEBUG org.asynchttpclient.netty.channel.ChannelManager - Adding key: http://localhost:49711 for channel [id: 0x163de936, L:/127.0.0.1:53629 - R:localhost/127.0.0.1:49711]
16:05:17.875 [Test worker] DEBUG net.serenitybdd.core.photography.Darkroom - Send negative for processing for C:\Users\johan\OneDrive\Documentos\KONEX\Pruebas automatizadas\automatizacion_login_backoffice_1v\target\827eba772fc8c0a7b9dfb33684fbbfab2dbf1f790c8339d229e180e243a6dda7.png
16:05:17.890 [Test worker] DEBUG net.thucydides.core.steps.StepInterceptor - STARTING STEP: MyStepdefinitions.digitaUsuarioYContrasennaDelUsuario - performAs
16:05:17.910 [Test worker] DEBUG net.thucydides.core.steps.StepInterceptor - STARTING STEP: IngresarBack.performAs - {0} enters #theTextAsAString into #target
16:05:17.924 [Test worker] DEBUG net.serenitybdd.screenplay.targets.IFrameSwitcher - default content already selected for Datos para campo de usuario
16:05:17.924 [Test worker] DEBUG net.serenitybdd.core.pages.WebElementFacadeImpl - Type '[Ljava.lang.CharSequence;@3d8bd881' : By.id: username
16:05:17.964 [Forwarding findElement on session 86e2a13b450d61c2903f3dfd80378c74 to remote] DEBUG org.asynchttpclient.netty.request.NettyRequestSender - Using pooled Channel '[id: 0x163de936, L:/127.0.0.1:53629 - R:localhost/127.0.0.1:49711]' for 'POST' to 'http://localhost:49711/session/86e2a13b450d61c2903f3dfd80378c74/element'
16:05:17.964 [Forwarding findElement on session 86e2a13b450d61c2903f3dfd80378c74 to remote] DEBUG org.asynchttpclient.netty.request.NettyRequestSender - Using open Channel [id: 0x163de936, L:/127.0.0.1:53629 - R:localhost/127.0.0.1:49711] for POST '/session/86e2a13b450d61c2903f3dfd80378c74/element'
16:05:17.977 [AsyncHttpClient-1-4] DEBUG org.asynchttpclient.netty.handler.HttpHandler - 

Request DefaultHttpRequest(decodeResult: success, version: HTTP/1.1)
POST /session/86e2a13b450d61c2903f3dfd80378c74/element HTTP/1.1
User-Agent: selenium/4.1.2 (java windows)
Content-Length: 53
Content-Type: application/json; charset=utf-8
host: localhost:49711
accept: */*

Response DefaultHttpResponse(decodeResult: success, version: HTTP/1.1)
HTTP/1.1 200 OK
Content-Type: application/json; charset=utf-8
cache-control: no-cache
content-length: 88

16:05:17.977 [AsyncHttpClient-1-4] DEBUG org.asynchttpclient.netty.channel.ChannelManager - Adding key: http://localhost:49711 for channel [id: 0x163de936, L:/127.0.0.1:53629 - R:localhost/127.0.0.1:49711]
16:05:17.978 [Forwarding clearElement on session 86e2a13b450d61c2903f3dfd80378c74 to remote] DEBUG org.asynchttpclient.netty.request.NettyRequestSender - Using pooled Channel '[id: 0x163de936, L:/127.0.0.1:53629 - R:localhost/127.0.0.1:49711]' for 'POST' to 'http://localhost:49711/session/86e2a13b450d61c2903f3dfd80378c74/element/c097525e-a33b-4f77-ab32-1d64736c9ef5/clear'
16:05:17.978 [Forwarding clearElement on session 86e2a13b450d61c2903f3dfd80378c74 to remote] DEBUG org.asynchttpclient.netty.request.NettyRequestSender - Using open Channel [id: 0x163de936, L:/127.0.0.1:53629 - R:localhost/127.0.0.1:49711] for POST '/session/86e2a13b450d61c2903f3dfd80378c74/element/c097525e-a33b-4f77-ab32-1d64736c9ef5/clear'
16:05:18.007 [AsyncHttpClient-1-4] DEBUG org.asynchttpclient.netty.handler.HttpHandler - 

Request DefaultHttpRequest(decodeResult: success, version: HTTP/1.1)
POST /session/86e2a13b450d61c2903f3dfd80378c74/element/c097525e-a33b-4f77-ab32-1d64736c9ef5/clear HTTP/1.1
User-Agent: selenium/4.1.2 (java windows)
Content-Length: 50
Content-Type: application/json; charset=utf-8
host: localhost:49711
accept: */*

Response DefaultHttpResponse(decodeResult: success, version: HTTP/1.1)
HTTP/1.1 200 OK
Content-Type: application/json; charset=utf-8
cache-control: no-cache
content-length: 14

16:05:18.007 [AsyncHttpClient-1-4] DEBUG org.asynchttpclient.netty.channel.ChannelManager - Adding key: http://localhost:49711 for channel [id: 0x163de936, L:/127.0.0.1:53629 - R:localhost/127.0.0.1:49711]
16:05:18.016 [Forwarding sendKeysToElement on session 86e2a13b450d61c2903f3dfd80378c74 to remote] DEBUG org.asynchttpclient.netty.request.NettyRequestSender - Using pooled Channel '[id: 0x163de936, L:/127.0.0.1:53629 - R:localhost/127.0.0.1:49711]' for 'POST' to 'http://localhost:49711/session/86e2a13b450d61c2903f3dfd80378c74/element/c097525e-a33b-4f77-ab32-1d64736c9ef5/value'
16:05:18.016 [Forwarding sendKeysToElement on session 86e2a13b450d61c2903f3dfd80378c74 to remote] DEBUG org.asynchttpclient.netty.request.NettyRequestSender - Using open Channel [id: 0x163de936, L:/127.0.0.1:53629 - R:localhost/127.0.0.1:49711] for POST '/session/86e2a13b450d61c2903f3dfd80378c74/element/c097525e-a33b-4f77-ab32-1d64736c9ef5/value'
16:05:18.043 [AsyncHttpClient-1-4] DEBUG org.asynchttpclient.netty.handler.HttpHandler - 

Request DefaultHttpRequest(decodeResult: success, version: HTTP/1.1)
POST /session/86e2a13b450d61c2903f3dfd80378c74/element/c097525e-a33b-4f77-ab32-1d64736c9ef5/value HTTP/1.1
User-Agent: selenium/4.1.2 (java windows)
Content-Length: 161
Content-Type: application/json; charset=utf-8
host: localhost:49711
accept: */*

Response DefaultHttpResponse(decodeResult: success, version: HTTP/1.1)
HTTP/1.1 200 OK
Content-Type: application/json; charset=utf-8
cache-control: no-cache
content-length: 14

16:05:18.043 [AsyncHttpClient-1-4] DEBUG org.asynchttpclient.netty.channel.ChannelManager - Adding key: http://localhost:49711 for channel [id: 0x163de936, L:/127.0.0.1:53629 - R:localhost/127.0.0.1:49711]
16:05:18.057 [Forwarding screenshot on session 86e2a13b450d61c2903f3dfd80378c74 to remote] DEBUG org.asynchttpclient.netty.request.NettyRequestSender - Using pooled Channel '[id: 0x163de936, L:/127.0.0.1:53629 - R:localhost/127.0.0.1:49711]' for 'GET' to 'http://localhost:49711/session/86e2a13b450d61c2903f3dfd80378c74/screenshot'
16:05:18.058 [Forwarding screenshot on session 86e2a13b450d61c2903f3dfd80378c74 to remote] DEBUG org.asynchttpclient.netty.request.NettyRequestSender - Using open Channel [id: 0x163de936, L:/127.0.0.1:53629 - R:localhost/127.0.0.1:49711] for GET '/session/86e2a13b450d61c2903f3dfd80378c74/screenshot'
16:05:18.252 [AsyncHttpClient-1-4] DEBUG org.asynchttpclient.netty.handler.HttpHandler - 

Request DefaultFullHttpRequest(decodeResult: success, version: HTTP/1.1, content: EmptyByteBufBE)
GET /session/86e2a13b450d61c2903f3dfd80378c74/screenshot HTTP/1.1
User-Agent: selenium/4.1.2 (java windows)
Cache-Control: no-cache
Content-Type: application/json; charset=utf-8
host: localhost:49711
accept: */*

Response DefaultHttpResponse(decodeResult: success, version: HTTP/1.1)
HTTP/1.1 200 OK
Content-Type: application/json; charset=utf-8
cache-control: no-cache
content-length: 378144

16:05:18.253 [AsyncHttpClient-1-4] DEBUG org.asynchttpclient.netty.channel.ChannelManager - Adding key: http://localhost:49711 for channel [id: 0x163de936, L:/127.0.0.1:53629 - R:localhost/127.0.0.1:49711]
16:05:18.266 [Test worker] DEBUG net.serenitybdd.core.photography.Darkroom - Send negative for processing for C:\Users\johan\OneDrive\Documentos\KONEX\Pruebas automatizadas\automatizacion_login_backoffice_1v\target\c954786cab3b5f752a81d63f869c5fed84758010029f6d22a809d4de9812e257.png
16:05:18.406 [Test worker] DEBUG net.thucydides.core.steps.StepInterceptor - STEP DONE: {0} enters #theTextAsAString into #target
16:05:18.419 [Forwarding screenshot on session 86e2a13b450d61c2903f3dfd80378c74 to remote] DEBUG org.asynchttpclient.netty.request.NettyRequestSender - Using pooled Channel '[id: 0x163de936, L:/127.0.0.1:53629 - R:localhost/127.0.0.1:49711]' for 'GET' to 'http://localhost:49711/session/86e2a13b450d61c2903f3dfd80378c74/screenshot'
16:05:18.419 [Forwarding screenshot on session 86e2a13b450d61c2903f3dfd80378c74 to remote] DEBUG org.asynchttpclient.netty.request.NettyRequestSender - Using open Channel [id: 0x163de936, L:/127.0.0.1:53629 - R:localhost/127.0.0.1:49711] for GET '/session/86e2a13b450d61c2903f3dfd80378c74/screenshot'
16:05:18.470 [AsyncHttpClient-1-1] DEBUG org.asynchttpclient.netty.channel.DefaultChannelPool - Entry count for : http://localhost:53630 : 1
16:05:18.608 [AsyncHttpClient-1-4] DEBUG org.asynchttpclient.netty.handler.HttpHandler - 

Request DefaultFullHttpRequest(decodeResult: success, version: HTTP/1.1, content: EmptyByteBufBE)
GET /session/86e2a13b450d61c2903f3dfd80378c74/screenshot HTTP/1.1
User-Agent: selenium/4.1.2 (java windows)
Cache-Control: no-cache
Content-Type: application/json; charset=utf-8
host: localhost:49711
accept: */*

Response DefaultHttpResponse(decodeResult: success, version: HTTP/1.1)
HTTP/1.1 200 OK
Content-Type: application/json; charset=utf-8
cache-control: no-cache
content-length: 378144

16:05:18.608 [AsyncHttpClient-1-4] DEBUG org.asynchttpclient.netty.channel.ChannelManager - Adding key: http://localhost:49711 for channel [id: 0x163de936, L:/127.0.0.1:53629 - R:localhost/127.0.0.1:49711]
16:05:18.621 [Test worker] DEBUG net.serenitybdd.core.photography.Darkroom - Send negative for processing for C:\Users\johan\OneDrive\Documentos\KONEX\Pruebas automatizadas\automatizacion_login_backoffice_1v\target\c954786cab3b5f752a81d63f869c5fed84758010029f6d22a809d4de9812e257.png
16:05:18.621 [Test worker] DEBUG net.thucydides.core.steps.StepInterceptor - STARTING STEP: IngresarBack.performAs - {0} enters #theTextAsAString into #target
16:05:18.633 [Test worker] DEBUG net.serenitybdd.screenplay.targets.IFrameSwitcher - default content already selected for Datos para campo contrasenna
16:05:18.633 [Test worker] DEBUG net.serenitybdd.core.pages.WebElementFacadeImpl - Type '[Ljava.lang.CharSequence;@441aa7ae' : By.id: clave
16:05:18.673 [Forwarding findElement on session 86e2a13b450d61c2903f3dfd80378c74 to remote] DEBUG org.asynchttpclient.netty.request.NettyRequestSender - Using pooled Channel '[id: 0x163de936, L:/127.0.0.1:53629 - R:localhost/127.0.0.1:49711]' for 'POST' to 'http://localhost:49711/session/86e2a13b450d61c2903f3dfd80378c74/element'
16:05:18.673 [Forwarding findElement on session 86e2a13b450d61c2903f3dfd80378c74 to remote] DEBUG org.asynchttpclient.netty.request.NettyRequestSender - Using open Channel [id: 0x163de936, L:/127.0.0.1:53629 - R:localhost/127.0.0.1:49711] for POST '/session/86e2a13b450d61c2903f3dfd80378c74/element'
16:05:18.683 [AsyncHttpClient-1-4] DEBUG org.asynchttpclient.netty.handler.HttpHandler - 

Request DefaultHttpRequest(decodeResult: success, version: HTTP/1.1)
POST /session/86e2a13b450d61c2903f3dfd80378c74/element HTTP/1.1
User-Agent: selenium/4.1.2 (java windows)
Content-Length: 50
Content-Type: application/json; charset=utf-8
host: localhost:49711
accept: */*

Response DefaultHttpResponse(decodeResult: success, version: HTTP/1.1)
HTTP/1.1 200 OK
Content-Type: application/json; charset=utf-8
cache-control: no-cache
content-length: 88

16:05:18.683 [AsyncHttpClient-1-4] DEBUG org.asynchttpclient.netty.channel.ChannelManager - Adding key: http://localhost:49711 for channel [id: 0x163de936, L:/127.0.0.1:53629 - R:localhost/127.0.0.1:49711]
16:05:18.684 [Forwarding clearElement on session 86e2a13b450d61c2903f3dfd80378c74 to remote] DEBUG org.asynchttpclient.netty.request.NettyRequestSender - Using pooled Channel '[id: 0x163de936, L:/127.0.0.1:53629 - R:localhost/127.0.0.1:49711]' for 'POST' to 'http://localhost:49711/session/86e2a13b450d61c2903f3dfd80378c74/element/53ffb1fb-9b97-4c95-a4d1-9d00946ffab0/clear'
16:05:18.684 [Forwarding clearElement on session 86e2a13b450d61c2903f3dfd80378c74 to remote] DEBUG org.asynchttpclient.netty.request.NettyRequestSender - Using open Channel [id: 0x163de936, L:/127.0.0.1:53629 - R:localhost/127.0.0.1:49711] for POST '/session/86e2a13b450d61c2903f3dfd80378c74/element/53ffb1fb-9b97-4c95-a4d1-9d00946ffab0/clear'
16:05:18.713 [AsyncHttpClient-1-4] DEBUG org.asynchttpclient.netty.handler.HttpHandler - 

Request DefaultHttpRequest(decodeResult: success, version: HTTP/1.1)
POST /session/86e2a13b450d61c2903f3dfd80378c74/element/53ffb1fb-9b97-4c95-a4d1-9d00946ffab0/clear HTTP/1.1
User-Agent: selenium/4.1.2 (java windows)
Content-Length: 50
Content-Type: application/json; charset=utf-8
host: localhost:49711
accept: */*

Response DefaultHttpResponse(decodeResult: success, version: HTTP/1.1)
HTTP/1.1 200 OK
Content-Type: application/json; charset=utf-8
cache-control: no-cache
content-length: 14

16:05:18.713 [AsyncHttpClient-1-4] DEBUG org.asynchttpclient.netty.channel.ChannelManager - Adding key: http://localhost:49711 for channel [id: 0x163de936, L:/127.0.0.1:53629 - R:localhost/127.0.0.1:49711]
16:05:18.723 [Forwarding sendKeysToElement on session 86e2a13b450d61c2903f3dfd80378c74 to remote] DEBUG org.asynchttpclient.netty.request.NettyRequestSender - Using pooled Channel '[id: 0x163de936, L:/127.0.0.1:53629 - R:localhost/127.0.0.1:49711]' for 'POST' to 'http://localhost:49711/session/86e2a13b450d61c2903f3dfd80378c74/element/53ffb1fb-9b97-4c95-a4d1-9d00946ffab0/value'
16:05:18.724 [Forwarding sendKeysToElement on session 86e2a13b450d61c2903f3dfd80378c74 to remote] DEBUG org.asynchttpclient.netty.request.NettyRequestSender - Using open Channel [id: 0x163de936, L:/127.0.0.1:53629 - R:localhost/127.0.0.1:49711] for POST '/session/86e2a13b450d61c2903f3dfd80378c74/element/53ffb1fb-9b97-4c95-a4d1-9d00946ffab0/value'
16:05:18.767 [AsyncHttpClient-1-4] DEBUG org.asynchttpclient.netty.handler.HttpHandler - 

Request DefaultHttpRequest(decodeResult: success, version: HTTP/1.1)
POST /session/86e2a13b450d61c2903f3dfd80378c74/element/53ffb1fb-9b97-4c95-a4d1-9d00946ffab0/value HTTP/1.1
User-Agent: selenium/4.1.2 (java windows)
Content-Length: 141
Content-Type: application/json; charset=utf-8
host: localhost:49711
accept: */*

Response DefaultHttpResponse(decodeResult: success, version: HTTP/1.1)
HTTP/1.1 200 OK
Content-Type: application/json; charset=utf-8
cache-control: no-cache
content-length: 14

16:05:18.767 [AsyncHttpClient-1-4] DEBUG org.asynchttpclient.netty.channel.ChannelManager - Adding key: http://localhost:49711 for channel [id: 0x163de936, L:/127.0.0.1:53629 - R:localhost/127.0.0.1:49711]
16:05:18.795 [Forwarding screenshot on session 86e2a13b450d61c2903f3dfd80378c74 to remote] DEBUG org.asynchttpclient.netty.request.NettyRequestSender - Using pooled Channel '[id: 0x163de936, L:/127.0.0.1:53629 - R:localhost/127.0.0.1:49711]' for 'GET' to 'http://localhost:49711/session/86e2a13b450d61c2903f3dfd80378c74/screenshot'
16:05:18.795 [Forwarding screenshot on session 86e2a13b450d61c2903f3dfd80378c74 to remote] DEBUG org.asynchttpclient.netty.request.NettyRequestSender - Using open Channel [id: 0x163de936, L:/127.0.0.1:53629 - R:localhost/127.0.0.1:49711] for GET '/session/86e2a13b450d61c2903f3dfd80378c74/screenshot'
16:05:19.010 [AsyncHttpClient-1-4] DEBUG org.asynchttpclient.netty.handler.HttpHandler - 

Request DefaultFullHttpRequest(decodeResult: success, version: HTTP/1.1, content: EmptyByteBufBE)
GET /session/86e2a13b450d61c2903f3dfd80378c74/screenshot HTTP/1.1
User-Agent: selenium/4.1.2 (java windows)
Cache-Control: no-cache
Content-Type: application/json; charset=utf-8
host: localhost:49711
accept: */*

Response DefaultHttpResponse(decodeResult: success, version: HTTP/1.1)
HTTP/1.1 200 OK
Content-Type: application/json; charset=utf-8
cache-control: no-cache
content-length: 376036

16:05:19.011 [AsyncHttpClient-1-4] DEBUG org.asynchttpclient.netty.channel.ChannelManager - Adding key: http://localhost:49711 for channel [id: 0x163de936, L:/127.0.0.1:53629 - R:localhost/127.0.0.1:49711]
16:05:19.023 [Test worker] DEBUG net.serenitybdd.core.photography.Darkroom - Send negative for processing for C:\Users\johan\OneDrive\Documentos\KONEX\Pruebas automatizadas\automatizacion_login_backoffice_1v\target\384ca596bf69cb208ad1f71a3039036e82b32eaf4f01ab25f2dd6dac3d7a099a.png
16:05:19.146 [Test worker] DEBUG net.thucydides.core.steps.StepInterceptor - STEP DONE: {0} enters #theTextAsAString into #target
16:05:19.179 [Forwarding screenshot on session 86e2a13b450d61c2903f3dfd80378c74 to remote] DEBUG org.asynchttpclient.netty.request.NettyRequestSender - Using pooled Channel '[id: 0x163de936, L:/127.0.0.1:53629 - R:localhost/127.0.0.1:49711]' for 'GET' to 'http://localhost:49711/session/86e2a13b450d61c2903f3dfd80378c74/screenshot'
16:05:19.179 [Forwarding screenshot on session 86e2a13b450d61c2903f3dfd80378c74 to remote] DEBUG org.asynchttpclient.netty.request.NettyRequestSender - Using open Channel [id: 0x163de936, L:/127.0.0.1:53629 - R:localhost/127.0.0.1:49711] for GET '/session/86e2a13b450d61c2903f3dfd80378c74/screenshot'
16:05:19.566 [AsyncHttpClient-1-4] DEBUG org.asynchttpclient.netty.handler.HttpHandler - 

Request DefaultFullHttpRequest(decodeResult: success, version: HTTP/1.1, content: EmptyByteBufBE)
GET /session/86e2a13b450d61c2903f3dfd80378c74/screenshot HTTP/1.1
User-Agent: selenium/4.1.2 (java windows)
Cache-Control: no-cache
Content-Type: application/json; charset=utf-8
host: localhost:49711
accept: */*

Response DefaultHttpResponse(decodeResult: success, version: HTTP/1.1)
HTTP/1.1 200 OK
Content-Type: application/json; charset=utf-8
cache-control: no-cache
content-length: 376036

16:05:19.567 [AsyncHttpClient-1-4] DEBUG org.asynchttpclient.netty.channel.ChannelManager - Adding key: http://localhost:49711 for channel [id: 0x163de936, L:/127.0.0.1:53629 - R:localhost/127.0.0.1:49711]
16:05:19.573 [AsyncHttpClient-1-1] DEBUG org.asynchttpclient.netty.channel.DefaultChannelPool - Entry count for : http://localhost:53630 : 1
16:05:19.573 [AsyncHttpClient-1-1] DEBUG org.asynchttpclient.netty.channel.DefaultChannelPool - Entry count for : http://localhost:49711 : 1
16:05:19.593 [Test worker] DEBUG net.serenitybdd.core.photography.Darkroom - Send negative for processing for C:\Users\johan\OneDrive\Documentos\KONEX\Pruebas automatizadas\automatizacion_login_backoffice_1v\target\384ca596bf69cb208ad1f71a3039036e82b32eaf4f01ab25f2dd6dac3d7a099a.png
16:05:19.594 [Test worker] DEBUG net.thucydides.core.steps.StepInterceptor - STARTING STEP: IngresarBack.performAs - {0} clicks on #target
16:05:19.594 [Test worker] DEBUG net.serenitybdd.screenplay.targets.IFrameSwitcher - default content already selected for Boton iniciar sesion
16:05:19.749 [Forwarding findElement on session 86e2a13b450d61c2903f3dfd80378c74 to remote] DEBUG org.asynchttpclient.netty.request.NettyRequestSender - Using pooled Channel '[id: 0x163de936, L:/127.0.0.1:53629 - R:localhost/127.0.0.1:49711]' for 'POST' to 'http://localhost:49711/session/86e2a13b450d61c2903f3dfd80378c74/element'
16:05:19.749 [Forwarding findElement on session 86e2a13b450d61c2903f3dfd80378c74 to remote] DEBUG org.asynchttpclient.netty.request.NettyRequestSender - Using open Channel [id: 0x163de936, L:/127.0.0.1:53629 - R:localhost/127.0.0.1:49711] for POST '/session/86e2a13b450d61c2903f3dfd80378c74/element'
16:05:19.770 [AsyncHttpClient-1-4] DEBUG org.asynchttpclient.netty.handler.HttpHandler - 

Request DefaultHttpRequest(decodeResult: success, version: HTTP/1.1)
POST /session/86e2a13b450d61c2903f3dfd80378c74/element HTTP/1.1
User-Agent: selenium/4.1.2 (java windows)
Content-Length: 89
Content-Type: application/json; charset=utf-8
host: localhost:49711
accept: */*

Response DefaultHttpResponse(decodeResult: success, version: HTTP/1.1)
HTTP/1.1 200 OK
Content-Type: application/json; charset=utf-8
cache-control: no-cache
content-length: 88

16:05:19.771 [AsyncHttpClient-1-4] DEBUG org.asynchttpclient.netty.channel.ChannelManager - Adding key: http://localhost:49711 for channel [id: 0x163de936, L:/127.0.0.1:53629 - R:localhost/127.0.0.1:49711]
16:05:19.794 [Forwarding isElementDisplayed on session 86e2a13b450d61c2903f3dfd80378c74 to remote] DEBUG org.asynchttpclient.netty.request.NettyRequestSender - Using pooled Channel '[id: 0x163de936, L:/127.0.0.1:53629 - R:localhost/127.0.0.1:49711]' for 'POST' to 'http://localhost:49711/session/86e2a13b450d61c2903f3dfd80378c74/execute/sync'
16:05:19.794 [Forwarding isElementDisplayed on session 86e2a13b450d61c2903f3dfd80378c74 to remote] DEBUG org.asynchttpclient.netty.request.NettyRequestSender - Using open Channel [id: 0x163de936, L:/127.0.0.1:53629 - R:localhost/127.0.0.1:49711] for POST '/session/86e2a13b450d61c2903f3dfd80378c74/execute/sync'
16:05:19.817 [AsyncHttpClient-1-4] DEBUG org.asynchttpclient.netty.handler.HttpHandler - 

Request DefaultHttpRequest(decodeResult: success, version: HTTP/1.1)
POST /session/86e2a13b450d61c2903f3dfd80378c74/execute/sync HTTP/1.1
User-Agent: selenium/4.1.2 (java windows)
Content-Length: 48780
Content-Type: application/json; charset=utf-8
host: localhost:49711
accept: */*

Response DefaultHttpResponse(decodeResult: success, version: HTTP/1.1)
HTTP/1.1 200 OK
Content-Type: application/json; charset=utf-8
cache-control: no-cache
content-length: 14

16:05:19.817 [AsyncHttpClient-1-4] DEBUG org.asynchttpclient.netty.channel.ChannelManager - Adding key: http://localhost:49711 for channel [id: 0x163de936, L:/127.0.0.1:53629 - R:localhost/127.0.0.1:49711]
16:05:19.817 [Test worker] DEBUG net.serenitybdd.core.pages.WebElementFacadeImpl - click : By.xpath: //span[contains(text(),'INICIAR SESIÓN')]
16:05:19.857 [Forwarding findElement on session 86e2a13b450d61c2903f3dfd80378c74 to remote] DEBUG org.asynchttpclient.netty.request.NettyRequestSender - Using pooled Channel '[id: 0x163de936, L:/127.0.0.1:53629 - R:localhost/127.0.0.1:49711]' for 'POST' to 'http://localhost:49711/session/86e2a13b450d61c2903f3dfd80378c74/element'
16:05:19.857 [Forwarding findElement on session 86e2a13b450d61c2903f3dfd80378c74 to remote] DEBUG org.asynchttpclient.netty.request.NettyRequestSender - Using open Channel [id: 0x163de936, L:/127.0.0.1:53629 - R:localhost/127.0.0.1:49711] for POST '/session/86e2a13b450d61c2903f3dfd80378c74/element'
16:05:19.871 [AsyncHttpClient-1-4] DEBUG org.asynchttpclient.netty.handler.HttpHandler - 

Request DefaultHttpRequest(decodeResult: success, version: HTTP/1.1)
POST /session/86e2a13b450d61c2903f3dfd80378c74/element HTTP/1.1
User-Agent: selenium/4.1.2 (java windows)
Content-Length: 89
Content-Type: application/json; charset=utf-8
host: localhost:49711
accept: */*

Response DefaultHttpResponse(decodeResult: success, version: HTTP/1.1)
HTTP/1.1 200 OK
Content-Type: application/json; charset=utf-8
cache-control: no-cache
content-length: 88

16:05:19.871 [AsyncHttpClient-1-4] DEBUG org.asynchttpclient.netty.channel.ChannelManager - Adding key: http://localhost:49711 for channel [id: 0x163de936, L:/127.0.0.1:53629 - R:localhost/127.0.0.1:49711]
16:05:19.873 [Forwarding clickElement on session 86e2a13b450d61c2903f3dfd80378c74 to remote] DEBUG org.asynchttpclient.netty.request.NettyRequestSender - Using pooled Channel '[id: 0x163de936, L:/127.0.0.1:53629 - R:localhost/127.0.0.1:49711]' for 'POST' to 'http://localhost:49711/session/86e2a13b450d61c2903f3dfd80378c74/element/1b5cfe55-acff-4186-8936-58bda17c739b/click'
16:05:19.873 [Forwarding clickElement on session 86e2a13b450d61c2903f3dfd80378c74 to remote] DEBUG org.asynchttpclient.netty.request.NettyRequestSender - Using open Channel [id: 0x163de936, L:/127.0.0.1:53629 - R:localhost/127.0.0.1:49711] for POST '/session/86e2a13b450d61c2903f3dfd80378c74/element/1b5cfe55-acff-4186-8936-58bda17c739b/click'
16:05:19.947 [AsyncHttpClient-1-4] DEBUG org.asynchttpclient.netty.handler.HttpHandler - 

Request DefaultHttpRequest(decodeResult: success, version: HTTP/1.1)
POST /session/86e2a13b450d61c2903f3dfd80378c74/element/1b5cfe55-acff-4186-8936-58bda17c739b/click HTTP/1.1
User-Agent: selenium/4.1.2 (java windows)
Content-Length: 50
Content-Type: application/json; charset=utf-8
host: localhost:49711
accept: */*

Response DefaultHttpResponse(decodeResult: success, version: HTTP/1.1)
HTTP/1.1 200 OK
Content-Type: application/json; charset=utf-8
cache-control: no-cache
content-length: 14

16:05:19.948 [AsyncHttpClient-1-4] DEBUG org.asynchttpclient.netty.channel.ChannelManager - Adding key: http://localhost:49711 for channel [id: 0x163de936, L:/127.0.0.1:53629 - R:localhost/127.0.0.1:49711]
16:05:19.999 [Forwarding screenshot on session 86e2a13b450d61c2903f3dfd80378c74 to remote] DEBUG org.asynchttpclient.netty.request.NettyRequestSender - Using pooled Channel '[id: 0x163de936, L:/127.0.0.1:53629 - R:localhost/127.0.0.1:49711]' for 'GET' to 'http://localhost:49711/session/86e2a13b450d61c2903f3dfd80378c74/screenshot'
16:05:19.999 [Forwarding screenshot on session 86e2a13b450d61c2903f3dfd80378c74 to remote] DEBUG org.asynchttpclient.netty.request.NettyRequestSender - Using open Channel [id: 0x163de936, L:/127.0.0.1:53629 - R:localhost/127.0.0.1:49711] for GET '/session/86e2a13b450d61c2903f3dfd80378c74/screenshot'
16:05:20.451 [AsyncHttpClient-1-4] DEBUG org.asynchttpclient.netty.handler.HttpHandler - 

Request DefaultFullHttpRequest(decodeResult: success, version: HTTP/1.1, content: EmptyByteBufBE)
GET /session/86e2a13b450d61c2903f3dfd80378c74/screenshot HTTP/1.1
User-Agent: selenium/4.1.2 (java windows)
Cache-Control: no-cache
Content-Type: application/json; charset=utf-8
host: localhost:49711
accept: */*

Response DefaultHttpResponse(decodeResult: success, version: HTTP/1.1)
HTTP/1.1 200 OK
Content-Type: application/json; charset=utf-8
cache-control: no-cache
content-length: 355612

16:05:20.452 [AsyncHttpClient-1-4] DEBUG org.asynchttpclient.netty.channel.ChannelManager - Adding key: http://localhost:49711 for channel [id: 0x163de936, L:/127.0.0.1:53629 - R:localhost/127.0.0.1:49711]
16:05:20.479 [Test worker] DEBUG net.serenitybdd.core.photography.Darkroom - Send negative for processing for C:\Users\johan\OneDrive\Documentos\KONEX\Pruebas automatizadas\automatizacion_login_backoffice_1v\target\3ed8c1470eff95c5294381ac71df7b0304e5a6ed113ea802a468f2ca30eebed3.png
16:05:20.480 [Darkroom Processing Line] DEBUG net.serenitybdd.core.photography.DarkroomProcessingLine - Processing screenshot image in /var/screenshots/screenshot-8782205067273936346
16:05:20.480 [Darkroom Processing Line] DEBUG net.serenitybdd.core.photography.DarkroomProcessingLine - Saving screenshot to C:\Users\johan\OneDrive\Documentos\KONEX\Pruebas automatizadas\automatizacion_login_backoffice_1v\target\3ed8c1470eff95c5294381ac71df7b0304e5a6ed113ea802a468f2ca30eebed3.png
16:05:20.614 [Test worker] DEBUG net.thucydides.core.steps.StepInterceptor - STEP DONE: {0} clicks on #target
16:05:20.660 [Forwarding screenshot on session 86e2a13b450d61c2903f3dfd80378c74 to remote] DEBUG org.asynchttpclient.netty.request.NettyRequestSender - Using pooled Channel '[id: 0x163de936, L:/127.0.0.1:53629 - R:localhost/127.0.0.1:49711]' for 'GET' to 'http://localhost:49711/session/86e2a13b450d61c2903f3dfd80378c74/screenshot'
16:05:20.660 [Forwarding screenshot on session 86e2a13b450d61c2903f3dfd80378c74 to remote] DEBUG org.asynchttpclient.netty.request.NettyRequestSender - Using open Channel [id: 0x163de936, L:/127.0.0.1:53629 - R:localhost/127.0.0.1:49711] for GET '/session/86e2a13b450d61c2903f3dfd80378c74/screenshot'
16:05:20.677 [AsyncHttpClient-1-1] DEBUG org.asynchttpclient.netty.channel.DefaultChannelPool - Entry count for : http://localhost:53630 : 1
16:05:21.110 [AsyncHttpClient-1-4] DEBUG org.asynchttpclient.netty.handler.HttpHandler - 

Request DefaultFullHttpRequest(decodeResult: success, version: HTTP/1.1, content: EmptyByteBufBE)
GET /session/86e2a13b450d61c2903f3dfd80378c74/screenshot HTTP/1.1
User-Agent: selenium/4.1.2 (java windows)
Cache-Control: no-cache
Content-Type: application/json; charset=utf-8
host: localhost:49711
accept: */*

Response DefaultHttpResponse(decodeResult: success, version: HTTP/1.1)
HTTP/1.1 200 OK
Content-Type: application/json; charset=utf-8
cache-control: no-cache
content-length: 355760

16:05:21.112 [AsyncHttpClient-1-4] DEBUG org.asynchttpclient.netty.channel.ChannelManager - Adding key: http://localhost:49711 for channel [id: 0x163de936, L:/127.0.0.1:53629 - R:localhost/127.0.0.1:49711]
16:05:21.143 [Test worker] DEBUG net.serenitybdd.core.photography.Darkroom - Send negative for processing for C:\Users\johan\OneDrive\Documentos\KONEX\Pruebas automatizadas\automatizacion_login_backoffice_1v\target\d9e5048553d84a14b20330d95b2e0b9aa3a1deef22e8f0325ce8e82d4dca0957.png
16:05:21.144 [Darkroom Processing Line] DEBUG net.serenitybdd.core.photography.DarkroomProcessingLine - Processing screenshot image in /var/screenshots/screenshot-8609488559893527296
16:05:21.144 [Darkroom Processing Line] DEBUG net.serenitybdd.core.photography.DarkroomProcessingLine - Saving screenshot to C:\Users\johan\OneDrive\Documentos\KONEX\Pruebas automatizadas\automatizacion_login_backoffice_1v\target\d9e5048553d84a14b20330d95b2e0b9aa3a1deef22e8f0325ce8e82d4dca0957.png
16:05:21.259 [Test worker] DEBUG net.thucydides.core.steps.StepInterceptor - STEP DONE: performAs
16:05:21.302 [Forwarding screenshot on session 86e2a13b450d61c2903f3dfd80378c74 to remote] DEBUG org.asynchttpclient.netty.request.NettyRequestSender - Using pooled Channel '[id: 0x163de936, L:/127.0.0.1:53629 - R:localhost/127.0.0.1:49711]' for 'GET' to 'http://localhost:49711/session/86e2a13b450d61c2903f3dfd80378c74/screenshot'
16:05:21.303 [Forwarding screenshot on session 86e2a13b450d61c2903f3dfd80378c74 to remote] DEBUG org.asynchttpclient.netty.request.NettyRequestSender - Using open Channel [id: 0x163de936, L:/127.0.0.1:53629 - R:localhost/127.0.0.1:49711] for GET '/session/86e2a13b450d61c2903f3dfd80378c74/screenshot'
16:05:21.676 [AsyncHttpClient-1-4] DEBUG org.asynchttpclient.netty.handler.HttpHandler - 

Request DefaultFullHttpRequest(decodeResult: success, version: HTTP/1.1, content: EmptyByteBufBE)
GET /session/86e2a13b450d61c2903f3dfd80378c74/screenshot HTTP/1.1
User-Agent: selenium/4.1.2 (java windows)
Cache-Control: no-cache
Content-Type: application/json; charset=utf-8
host: localhost:49711
accept: */*

Response DefaultHttpResponse(decodeResult: success, version: HTTP/1.1)
HTTP/1.1 200 OK
Content-Type: application/json; charset=utf-8
cache-control: no-cache
content-length: 384468

16:05:21.677 [AsyncHttpClient-1-4] DEBUG org.asynchttpclient.netty.channel.ChannelManager - Adding key: http://localhost:49711 for channel [id: 0x163de936, L:/127.0.0.1:53629 - R:localhost/127.0.0.1:49711]
16:05:21.712 [Test worker] DEBUG net.serenitybdd.core.photography.Darkroom - Send negative for processing for C:\Users\johan\OneDrive\Documentos\KONEX\Pruebas automatizadas\automatizacion_login_backoffice_1v\target\6a5f8b704fb6f572367a7ca4cc26cda1f38b3abf5a9a17b566d97d4bbae2db4a.png
16:05:21.778 [AsyncHttpClient-1-1] DEBUG org.asynchttpclient.netty.channel.DefaultChannelPool - Entry count for : http://localhost:53630 : 1
16:05:21.778 [AsyncHttpClient-1-1] DEBUG org.asynchttpclient.netty.channel.DefaultChannelPool - Entry count for : http://localhost:49711 : 1
16:05:21.851 [Forwarding screenshot on session 86e2a13b450d61c2903f3dfd80378c74 to remote] DEBUG org.asynchttpclient.netty.request.NettyRequestSender - Using pooled Channel '[id: 0x163de936, L:/127.0.0.1:53629 - R:localhost/127.0.0.1:49711]' for 'GET' to 'http://localhost:49711/session/86e2a13b450d61c2903f3dfd80378c74/screenshot'
16:05:21.851 [Forwarding screenshot on session 86e2a13b450d61c2903f3dfd80378c74 to remote] DEBUG org.asynchttpclient.netty.request.NettyRequestSender - Using open Channel [id: 0x163de936, L:/127.0.0.1:53629 - R:localhost/127.0.0.1:49711] for GET '/session/86e2a13b450d61c2903f3dfd80378c74/screenshot'
16:05:22.196 [AsyncHttpClient-1-4] DEBUG org.asynchttpclient.netty.handler.HttpHandler - 

Request DefaultFullHttpRequest(decodeResult: success, version: HTTP/1.1, content: EmptyByteBufBE)
GET /session/86e2a13b450d61c2903f3dfd80378c74/screenshot HTTP/1.1
User-Agent: selenium/4.1.2 (java windows)
Cache-Control: no-cache
Content-Type: application/json; charset=utf-8
host: localhost:49711
accept: */*

Response DefaultHttpResponse(decodeResult: success, version: HTTP/1.1)
HTTP/1.1 200 OK
Content-Type: application/json; charset=utf-8
cache-control: no-cache
content-length: 384468

16:05:22.196 [AsyncHttpClient-1-4] DEBUG org.asynchttpclient.netty.channel.ChannelManager - Adding key: http://localhost:49711 for channel [id: 0x163de936, L:/127.0.0.1:53629 - R:localhost/127.0.0.1:49711]
16:05:22.213 [Test worker] DEBUG net.serenitybdd.core.photography.Darkroom - Send negative for processing for C:\Users\johan\OneDrive\Documentos\KONEX\Pruebas automatizadas\automatizacion_login_backoffice_1v\target\6a5f8b704fb6f572367a7ca4cc26cda1f38b3abf5a9a17b566d97d4bbae2db4a.png
16:05:22.241 [Test worker] DEBUG net.serenitybdd.screenplay.targets.IFrameSwitcher - default content already selected for Mensaje error credenciales
16:05:22.252 [Forwarding findElements on session 86e2a13b450d61c2903f3dfd80378c74 to remote] DEBUG org.asynchttpclient.netty.request.NettyRequestSender - Using pooled Channel '[id: 0x163de936, L:/127.0.0.1:53629 - R:localhost/127.0.0.1:49711]' for 'POST' to 'http://localhost:49711/session/86e2a13b450d61c2903f3dfd80378c74/elements'
16:05:22.252 [Forwarding findElements on session 86e2a13b450d61c2903f3dfd80378c74 to remote] DEBUG org.asynchttpclient.netty.request.NettyRequestSender - Using open Channel [id: 0x163de936, L:/127.0.0.1:53629 - R:localhost/127.0.0.1:49711] for POST '/session/86e2a13b450d61c2903f3dfd80378c74/elements'
16:05:22.262 [AsyncHttpClient-1-4] DEBUG org.asynchttpclient.netty.handler.HttpHandler - 

Request DefaultHttpRequest(decodeResult: success, version: HTTP/1.1)
POST /session/86e2a13b450d61c2903f3dfd80378c74/elements HTTP/1.1
User-Agent: selenium/4.1.2 (java windows)
Content-Length: 160
Content-Type: application/json; charset=utf-8
host: localhost:49711
accept: */*

Response DefaultHttpResponse(decodeResult: success, version: HTTP/1.1)
HTTP/1.1 200 OK
Content-Type: application/json; charset=utf-8
cache-control: no-cache
content-length: 90

16:05:22.262 [AsyncHttpClient-1-4] DEBUG org.asynchttpclient.netty.channel.ChannelManager - Adding key: http://localhost:49711 for channel [id: 0x163de936, L:/127.0.0.1:53629 - R:localhost/127.0.0.1:49711]
16:05:22.279 [Forwarding getElementText on session 86e2a13b450d61c2903f3dfd80378c74 to remote] DEBUG org.asynchttpclient.netty.request.NettyRequestSender - Using pooled Channel '[id: 0x163de936, L:/127.0.0.1:53629 - R:localhost/127.0.0.1:49711]' for 'GET' to 'http://localhost:49711/session/86e2a13b450d61c2903f3dfd80378c74/element/f2a0300d-21bf-4aa2-be84-5079ecc341d8/text'
16:05:22.279 [Forwarding getElementText on session 86e2a13b450d61c2903f3dfd80378c74 to remote] DEBUG org.asynchttpclient.netty.request.NettyRequestSender - Using open Channel [id: 0x163de936, L:/127.0.0.1:53629 - R:localhost/127.0.0.1:49711] for GET '/session/86e2a13b450d61c2903f3dfd80378c74/element/f2a0300d-21bf-4aa2-be84-5079ecc341d8/text'
16:05:22.290 [AsyncHttpClient-1-4] DEBUG org.asynchttpclient.netty.handler.HttpHandler - 

Request DefaultFullHttpRequest(decodeResult: success, version: HTTP/1.1, content: EmptyByteBufBE)
GET /session/86e2a13b450d61c2903f3dfd80378c74/element/f2a0300d-21bf-4aa2-be84-5079ecc341d8/text HTTP/1.1
User-Agent: selenium/4.1.2 (java windows)
Cache-Control: no-cache
Content-Type: application/json; charset=utf-8
host: localhost:49711
accept: */*

Response DefaultHttpResponse(decodeResult: success, version: HTTP/1.1)
HTTP/1.1 200 OK
Content-Type: application/json; charset=utf-8
cache-control: no-cache
content-length: 60

16:05:22.290 [AsyncHttpClient-1-4] DEBUG org.asynchttpclient.netty.channel.ChannelManager - Adding key: http://localhost:49711 for channel [id: 0x163de936, L:/127.0.0.1:53629 - R:localhost/127.0.0.1:49711]
16:05:22.302 [Forwarding screenshot on session 86e2a13b450d61c2903f3dfd80378c74 to remote] DEBUG org.asynchttpclient.netty.request.NettyRequestSender - Using pooled Channel '[id: 0x163de936, L:/127.0.0.1:53629 - R:localhost/127.0.0.1:49711]' for 'GET' to 'http://localhost:49711/session/86e2a13b450d61c2903f3dfd80378c74/screenshot'
16:05:22.302 [Forwarding screenshot on session 86e2a13b450d61c2903f3dfd80378c74 to remote] DEBUG org.asynchttpclient.netty.request.NettyRequestSender - Using open Channel [id: 0x163de936, L:/127.0.0.1:53629 - R:localhost/127.0.0.1:49711] for GET '/session/86e2a13b450d61c2903f3dfd80378c74/screenshot'
16:05:22.482 [AsyncHttpClient-1-4] DEBUG org.asynchttpclient.netty.handler.HttpHandler - 

Request DefaultFullHttpRequest(decodeResult: success, version: HTTP/1.1, content: EmptyByteBufBE)
GET /session/86e2a13b450d61c2903f3dfd80378c74/screenshot HTTP/1.1
User-Agent: selenium/4.1.2 (java windows)
Cache-Control: no-cache
Content-Type: application/json; charset=utf-8
host: localhost:49711
accept: */*

Response DefaultHttpResponse(decodeResult: success, version: HTTP/1.1)
HTTP/1.1 200 OK
Content-Type: application/json; charset=utf-8
cache-control: no-cache
content-length: 384468

16:05:22.483 [AsyncHttpClient-1-4] DEBUG org.asynchttpclient.netty.channel.ChannelManager - Adding key: http://localhost:49711 for channel [id: 0x163de936, L:/127.0.0.1:53629 - R:localhost/127.0.0.1:49711]
16:05:22.497 [Test worker] DEBUG net.serenitybdd.core.photography.Darkroom - Send negative for processing for C:\Users\johan\OneDrive\Documentos\KONEX\Pruebas automatizadas\automatizacion_login_backoffice_1v\target\6a5f8b704fb6f572367a7ca4cc26cda1f38b3abf5a9a17b566d97d4bbae2db4a.png
16:05:22.618 [Forwarding screenshot on session 86e2a13b450d61c2903f3dfd80378c74 to remote] DEBUG org.asynchttpclient.netty.request.NettyRequestSender - Using pooled Channel '[id: 0x163de936, L:/127.0.0.1:53629 - R:localhost/127.0.0.1:49711]' for 'GET' to 'http://localhost:49711/session/86e2a13b450d61c2903f3dfd80378c74/screenshot'
16:05:22.618 [Forwarding screenshot on session 86e2a13b450d61c2903f3dfd80378c74 to remote] DEBUG org.asynchttpclient.netty.request.NettyRequestSender - Using open Channel [id: 0x163de936, L:/127.0.0.1:53629 - R:localhost/127.0.0.1:49711] for GET '/session/86e2a13b450d61c2903f3dfd80378c74/screenshot'
16:05:22.807 [AsyncHttpClient-1-4] DEBUG org.asynchttpclient.netty.handler.HttpHandler - 

Request DefaultFullHttpRequest(decodeResult: success, version: HTTP/1.1, content: EmptyByteBufBE)
GET /session/86e2a13b450d61c2903f3dfd80378c74/screenshot HTTP/1.1
User-Agent: selenium/4.1.2 (java windows)
Cache-Control: no-cache
Content-Type: application/json; charset=utf-8
host: localhost:49711
accept: */*

Response DefaultHttpResponse(decodeResult: success, version: HTTP/1.1)
HTTP/1.1 200 OK
Content-Type: application/json; charset=utf-8
cache-control: no-cache
content-length: 384468

16:05:22.808 [AsyncHttpClient-1-4] DEBUG org.asynchttpclient.netty.channel.ChannelManager - Adding key: http://localhost:49711 for channel [id: 0x163de936, L:/127.0.0.1:53629 - R:localhost/127.0.0.1:49711]
16:05:22.823 [Test worker] DEBUG net.serenitybdd.core.photography.Darkroom - Send negative for processing for C:\Users\johan\OneDrive\Documentos\KONEX\Pruebas automatizadas\automatizacion_login_backoffice_1v\target\6a5f8b704fb6f572367a7ca4cc26cda1f38b3abf5a9a17b566d97d4bbae2db4a.png
16:05:22.871 [AsyncHttpClient-1-1] DEBUG org.asynchttpclient.netty.channel.DefaultChannelPool - Entry count for : http://localhost:53630 : 1
16:05:22.871 [AsyncHttpClient-1-1] DEBUG org.asynchttpclient.netty.channel.DefaultChannelPool - Entry count for : http://localhost:49711 : 1
16:05:22.948 [Forwarding screenshot on session 86e2a13b450d61c2903f3dfd80378c74 to remote] DEBUG org.asynchttpclient.netty.request.NettyRequestSender - Using pooled Channel '[id: 0x163de936, L:/127.0.0.1:53629 - R:localhost/127.0.0.1:49711]' for 'GET' to 'http://localhost:49711/session/86e2a13b450d61c2903f3dfd80378c74/screenshot'
16:05:22.948 [Forwarding screenshot on session 86e2a13b450d61c2903f3dfd80378c74 to remote] DEBUG org.asynchttpclient.netty.request.NettyRequestSender - Using open Channel [id: 0x163de936, L:/127.0.0.1:53629 - R:localhost/127.0.0.1:49711] for GET '/session/86e2a13b450d61c2903f3dfd80378c74/screenshot'
16:05:23.142 [AsyncHttpClient-1-4] DEBUG org.asynchttpclient.netty.handler.HttpHandler - 

Request DefaultFullHttpRequest(decodeResult: success, version: HTTP/1.1, content: EmptyByteBufBE)
GET /session/86e2a13b450d61c2903f3dfd80378c74/screenshot HTTP/1.1
User-Agent: selenium/4.1.2 (java windows)
Cache-Control: no-cache
Content-Type: application/json; charset=utf-8
host: localhost:49711
accept: */*

Response DefaultHttpResponse(decodeResult: success, version: HTTP/1.1)
HTTP/1.1 200 OK
Content-Type: application/json; charset=utf-8
cache-control: no-cache
content-length: 384468

16:05:23.142 [AsyncHttpClient-1-4] DEBUG org.asynchttpclient.netty.channel.ChannelManager - Adding key: http://localhost:49711 for channel [id: 0x163de936, L:/127.0.0.1:53629 - R:localhost/127.0.0.1:49711]
16:05:23.154 [Test worker] DEBUG net.serenitybdd.core.photography.Darkroom - Send negative for processing for C:\Users\johan\OneDrive\Documentos\KONEX\Pruebas automatizadas\automatizacion_login_backoffice_1v\target\6a5f8b704fb6f572367a7ca4cc26cda1f38b3abf5a9a17b566d97d4bbae2db4a.png
16:05:23.266 [AsyncHttpClient-1-6] DEBUG org.asynchttpclient.netty.handler.WebSocketHandler - Channel Closed: [id: 0x08d54e49, L:/127.0.0.1:53637 ! R:localhost/127.0.0.1:53630] with attribute NettyResponseFuture{currentRetry=5,
	isDone=1,
	isCancelled=0,
	asyncHandler=org.asynchttpclient.ws.WebSocketUpgradeHandler@5ad389a0,
	nettyRequest=org.asynchttpclient.netty.request.NettyRequest@6417718b,
	future=java.util.concurrent.CompletableFuture@2226e550[Completed normally],
	uri=ws://localhost:53630/devtools/browser/f0ba472e-f1fb-4c69-876f-08ad43631c89,
	keepAlive=true,
	redirectCount=0,
	timeoutsHolder=null,
	inAuth=0,
	touch=1682024713588}
16:05:23.266 [AsyncHttpClient-1-6] DEBUG org.asynchttpclient.netty.channel.ChannelManager - Closing Channel [id: 0x08d54e49, L:/127.0.0.1:53637 ! R:localhost/127.0.0.1:53630] 
16:05:23.266 [Driver Command Executor] DEBUG org.asynchttpclient.netty.request.NettyRequestSender - Using pooled Channel '[id: 0x163de936, L:/127.0.0.1:53629 - R:localhost/127.0.0.1:49711]' for 'DELETE' to 'http://localhost:49711/session/86e2a13b450d61c2903f3dfd80378c74'
16:05:23.266 [Driver Command Executor] DEBUG org.asynchttpclient.netty.request.NettyRequestSender - Using open Channel [id: 0x163de936, L:/127.0.0.1:53629 - R:localhost/127.0.0.1:49711] for DELETE '/session/86e2a13b450d61c2903f3dfd80378c74'
16:05:23.307 [AsyncHttpClient-1-5] DEBUG org.asynchttpclient.netty.handler.HttpHandler - Unexpected I/O exception on channel [id: 0x9cdbbe4c, L:/127.0.0.1:53636 - R:localhost/127.0.0.1:53630]
java.io.IOException: Se ha forzado la interrupción de una conexión existente por el host remoto
	at sun.nio.ch.SocketDispatcher.read0(Native Method)
	at sun.nio.ch.SocketDispatcher.read(SocketDispatcher.java:43)
	at sun.nio.ch.IOUtil.readIntoNativeBuffer(IOUtil.java:223)
	at sun.nio.ch.IOUtil.read(IOUtil.java:192)
	at sun.nio.ch.SocketChannelImpl.read(SocketChannelImpl.java:380)
	at io.netty.buffer.PooledByteBuf.setBytes(PooledByteBuf.java:258)
	at io.netty.buffer.AbstractByteBuf.writeBytes(AbstractByteBuf.java:1132)
	at io.netty.channel.socket.nio.NioSocketChannel.doReadBytes(NioSocketChannel.java:350)
	at io.netty.channel.nio.AbstractNioByteChannel$NioByteUnsafe.read(AbstractNioByteChannel.java:151)
	at io.netty.channel.nio.NioEventLoop.processSelectedKey(NioEventLoop.java:722)
	at io.netty.channel.nio.NioEventLoop.processSelectedKeysOptimized(NioEventLoop.java:658)
	at io.netty.channel.nio.NioEventLoop.processSelectedKeys(NioEventLoop.java:584)
	at io.netty.channel.nio.NioEventLoop.run(NioEventLoop.java:496)
	at io.netty.util.concurrent.SingleThreadEventExecutor$4.run(SingleThreadEventExecutor.java:986)
	at io.netty.util.internal.ThreadExecutorMap$2.run(ThreadExecutorMap.java:74)
	at io.netty.util.concurrent.FastThreadLocalRunnable.run(FastThreadLocalRunnable.java:30)
	at java.lang.Thread.run(Thread.java:748)
16:05:23.307 [AsyncHttpClient-1-5] DEBUG org.asynchttpclient.netty.channel.ChannelManager - Closing Channel [id: 0x9cdbbe4c, L:/127.0.0.1:53636 - R:localhost/127.0.0.1:53630] 
16:05:23.307 [AsyncHttpClient-1-5] DEBUG org.asynchttpclient.netty.handler.HttpHandler - Channel Closed: [id: 0x9cdbbe4c, L:/127.0.0.1:53636 ! R:localhost/127.0.0.1:53630] with attribute DISCARD
16:05:23.327 [AsyncHttpClient-1-4] DEBUG org.asynchttpclient.netty.handler.HttpHandler - 

Request DefaultFullHttpRequest(decodeResult: success, version: HTTP/1.1, content: EmptyByteBufBE)
DELETE /session/86e2a13b450d61c2903f3dfd80378c74 HTTP/1.1
User-Agent: selenium/4.1.2 (java windows)
Content-Type: application/json; charset=utf-8
host: localhost:49711
accept: */*

Response DefaultHttpResponse(decodeResult: success, version: HTTP/1.1)
HTTP/1.1 200 OK
Content-Type: application/json; charset=utf-8
cache-control: no-cache
content-length: 14

16:05:23.328 [AsyncHttpClient-1-4] DEBUG org.asynchttpclient.netty.channel.ChannelManager - Adding key: http://localhost:49711 for channel [id: 0x163de936, L:/127.0.0.1:53629 - R:localhost/127.0.0.1:49711]
16:05:23.422 [AsyncHttpClient-1-4] DEBUG org.asynchttpclient.netty.handler.HttpHandler - Channel Closed: [id: 0x163de936, L:/127.0.0.1:53629 ! R:localhost/127.0.0.1:49711] with attribute DISCARD
16:05:23.948 [Test worker] INFO io.cucumber.core.plugin.SerenityReporter - Running feature from file:///C:/Users/johan/OneDrive/Documentos/KONEX/Pruebas%20automatizadas/automatizacion_login_backoffice_1v/src/test/resources/features/login_backoffice.feature
16:05:23.956 [Test worker] DEBUG net.thucydides.core.steps.StepInterceptor - STARTING STEP: MyStepdefinitions.queElUsuarioIngresaAlBackoffice - performAs
16:05:23.959 [Test worker] DEBUG net.thucydides.core.steps.StepInterceptor - STARTING STEP: AbrirPag.performAs - {0} opens the #targetPage
16:05:23.973 [AsyncHttpClient-1-1] DEBUG org.asynchttpclient.netty.channel.DefaultChannelPool - Entry count for : http://localhost:53630 : 1
16:05:23.973 [AsyncHttpClient-1-1] DEBUG org.asynchttpclient.netty.channel.DefaultChannelPool - Entry count for : http://localhost:49711 : 1
16:05:23.973 [AsyncHttpClient-1-1] DEBUG org.asynchttpclient.netty.channel.DefaultChannelPool - Adding Candidate expired Channel [id: 0x9cdbbe4c, L:/127.0.0.1:53636 ! R:localhost/127.0.0.1:53630] isIdleTimeoutExpired=false isRemotelyClosed=true isTtlExpired=false
16:05:23.973 [AsyncHttpClient-1-1] DEBUG org.asynchttpclient.netty.channel.DefaultChannelPool - Closing Idle Channel [id: 0x9cdbbe4c, L:/127.0.0.1:53636 ! R:localhost/127.0.0.1:53630]
16:05:23.973 [AsyncHttpClient-1-1] DEBUG org.asynchttpclient.netty.channel.DefaultChannelPool - Adding Candidate expired Channel [id: 0x163de936, L:/127.0.0.1:53629 ! R:localhost/127.0.0.1:49711] isIdleTimeoutExpired=false isRemotelyClosed=true isTtlExpired=false
16:05:23.973 [AsyncHttpClient-1-1] DEBUG org.asynchttpclient.netty.channel.DefaultChannelPool - Closing Idle Channel [id: 0x163de936, L:/127.0.0.1:53629 ! R:localhost/127.0.0.1:49711]
16:05:23.973 [AsyncHttpClient-1-1] DEBUG org.asynchttpclient.netty.channel.DefaultChannelPool - Closed 2 connections out of 2 in 0 ms
16:05:23.977 [Test worker] INFO net.serenitybdd.core.webdriver.driverproviders.ChromeDriverProvider - Using automatically driver download
16:05:24.111 [Test worker] DEBUG io.github.bonigarcia.wdm.cache.ResolutionCache - Resolution chrome=112 in cache (valid until 16:37:15 20/04/2023 COT)
16:05:24.112 [Test worker] DEBUG io.github.bonigarcia.wdm.cache.ResolutionCache - Resolution chrome112=112.0.5615.49 in cache (valid until 15:46:23 21/04/2023 COT)
16:05:24.112 [Test worker] INFO io.github.bonigarcia.wdm.WebDriverManager - Using chromedriver 112.0.5615.49 (resolved driver for Chrome 112)
16:05:24.116 [Test worker] DEBUG io.github.bonigarcia.wdm.WebDriverManager - Driver chromedriver 112.0.5615.49 found in cache
16:05:24.117 [Test worker] INFO io.github.bonigarcia.wdm.WebDriverManager - Exporting webdriver.chrome.driver as C:\Users\johan\.cache\selenium\chromedriver\win32\112.0.5615.49\chromedriver.exe
16:05:24.393 [Test worker] DEBUG net.serenitybdd.core.webdriver.driverproviders.ProvideNewDriver - Instantiating driver
16:05:24.393 [Test worker] DEBUG net.serenitybdd.core.webdriver.driverproviders.ProvideNewDriver - Driver capabilities: Capabilities {acceptInsecureCerts: false, autodownload: true, browserName: chrome, chrome.silentOutput: true, driver: chrome, goog:chromeOptions: {args: [--start-maximized --disable...], extensions: []}}
16:05:24.953 [AsyncHttpClient-1-7] DEBUG org.asynchttpclient.netty.channel.NettyConnectListener - Using new Channel '[id: 0x3ee4638c, L:/127.0.0.1:53661 - R:localhost/127.0.0.1:54450]' for 'POST' to '/session'
16:05:26.033 [AsyncHttpClient-1-7] DEBUG org.asynchttpclient.netty.handler.HttpHandler - 

Request DefaultHttpRequest(decodeResult: success, version: HTTP/1.1)
POST /session HTTP/1.1
User-Agent: selenium/4.1.2 (java windows)
Content-Length: 776
Content-Type: application/json; charset=utf-8
host: localhost:54450
accept: */*

Response DefaultHttpResponse(decodeResult: success, version: HTTP/1.1)
HTTP/1.1 200 OK
Content-Type: application/json; charset=utf-8
cache-control: no-cache
content-length: 860

16:05:26.033 [AsyncHttpClient-1-7] DEBUG org.asynchttpclient.netty.channel.ChannelManager - Adding key: http://localhost:54450 for channel [id: 0x3ee4638c, L:/127.0.0.1:53661 - R:localhost/127.0.0.1:54450]
16:05:26.046 [AsyncHttpClient-1-8] DEBUG org.asynchttpclient.netty.channel.NettyConnectListener - Using new Channel '[id: 0xbdf72072, L:/127.0.0.1:53669 - R:localhost/127.0.0.1:53662]' for 'GET' to '/json/version'
16:05:26.052 [AsyncHttpClient-1-8] DEBUG org.asynchttpclient.netty.handler.HttpHandler - 

Request DefaultFullHttpRequest(decodeResult: success, version: HTTP/1.1, content: EmptyByteBufBE)
GET /json/version HTTP/1.1
User-Agent: selenium/4.1.2 (java windows)
host: localhost:53662
accept: */*

Response DefaultHttpResponse(decodeResult: success, version: HTTP/1.1)
HTTP/1.1 200 OK
Content-Security-Policy: frame-ancestors 'none'
Content-Type: application/json; charset=UTF-8
content-length: 424

16:05:26.052 [AsyncHttpClient-1-8] DEBUG org.asynchttpclient.netty.channel.ChannelManager - Adding key: http://localhost:53662 for channel [id: 0xbdf72072, L:/127.0.0.1:53669 - R:localhost/127.0.0.1:53662]
16:05:26.058 [AsyncHttpClient-1-9] DEBUG org.asynchttpclient.netty.channel.NettyConnectListener - Using new Channel '[id: 0x5372c1f3, L:/127.0.0.1:53670 - R:localhost/127.0.0.1:53662]' for 'GET' to '/devtools/browser/ff237840-d80d-448f-8a8c-23dd08b9db76'
16:05:26.059 [AsyncHttpClient-1-9] DEBUG org.asynchttpclient.netty.handler.WebSocketHandler - 

Request DefaultFullHttpRequest(decodeResult: success, version: HTTP/1.1, content: EmptyByteBufBE)
GET /devtools/browser/ff237840-d80d-448f-8a8c-23dd08b9db76 HTTP/1.1
upgrade: websocket
connection: upgrade
sec-websocket-key: GXmlL8OBrliQQ1fA+YOQdw==
sec-websocket-version: 13
origin: http://localhost:53662
host: localhost:53662
accept: */*
user-agent: AHC/2.1

Response DefaultHttpResponse(decodeResult: success, version: HTTP/1.1)
HTTP/1.1 101 WebSocket Protocol Handshake
Upgrade: WebSocket
Connection: Upgrade
Sec-WebSocket-Accept: 52NoXlfIRJLFvQpxg4f9O4bVYQ8=

16:05:26.071 [Forwarding get on session d4f57a03bd8117f38b5624348a1a9a2b to remote] DEBUG org.asynchttpclient.netty.request.NettyRequestSender - Using pooled Channel '[id: 0x3ee4638c, L:/127.0.0.1:53661 - R:localhost/127.0.0.1:54450]' for 'POST' to 'http://localhost:54450/session/d4f57a03bd8117f38b5624348a1a9a2b/url'
16:05:26.071 [Forwarding get on session d4f57a03bd8117f38b5624348a1a9a2b to remote] DEBUG org.asynchttpclient.netty.request.NettyRequestSender - Using open Channel [id: 0x3ee4638c, L:/127.0.0.1:53661 - R:localhost/127.0.0.1:54450] for POST '/session/d4f57a03bd8117f38b5624348a1a9a2b/url'
16:05:26.171 [AsyncHttpClient-1-1] DEBUG org.asynchttpclient.netty.channel.DefaultChannelPool - Entry count for : http://localhost:53662 : 1
16:05:27.271 [AsyncHttpClient-1-1] DEBUG org.asynchttpclient.netty.channel.DefaultChannelPool - Entry count for : http://localhost:53662 : 1
16:05:28.370 [AsyncHttpClient-1-1] DEBUG org.asynchttpclient.netty.channel.DefaultChannelPool - Entry count for : http://localhost:53662 : 1
16:05:28.681 [AsyncHttpClient-1-7] DEBUG org.asynchttpclient.netty.handler.HttpHandler - 

Request DefaultHttpRequest(decodeResult: success, version: HTTP/1.1)
POST /session/d4f57a03bd8117f38b5624348a1a9a2b/url HTTP/1.1
User-Agent: selenium/4.1.2 (java windows)
Content-Length: 80
Content-Type: application/json; charset=utf-8
host: localhost:54450
accept: */*

Response DefaultHttpResponse(decodeResult: success, version: HTTP/1.1)
HTTP/1.1 200 OK
Content-Type: application/json; charset=utf-8
cache-control: no-cache
content-length: 14

16:05:28.682 [AsyncHttpClient-1-7] DEBUG org.asynchttpclient.netty.channel.ChannelManager - Adding key: http://localhost:54450 for channel [id: 0x3ee4638c, L:/127.0.0.1:53661 - R:localhost/127.0.0.1:54450]
16:05:28.683 [Forwarding setTimeout on session d4f57a03bd8117f38b5624348a1a9a2b to remote] DEBUG org.asynchttpclient.netty.request.NettyRequestSender - Using pooled Channel '[id: 0x3ee4638c, L:/127.0.0.1:53661 - R:localhost/127.0.0.1:54450]' for 'POST' to 'http://localhost:54450/session/d4f57a03bd8117f38b5624348a1a9a2b/timeouts'
16:05:28.683 [Forwarding setTimeout on session d4f57a03bd8117f38b5624348a1a9a2b to remote] DEBUG org.asynchttpclient.netty.request.NettyRequestSender - Using open Channel [id: 0x3ee4638c, L:/127.0.0.1:53661 - R:localhost/127.0.0.1:54450] for POST '/session/d4f57a03bd8117f38b5624348a1a9a2b/timeouts'
16:05:28.684 [AsyncHttpClient-1-7] DEBUG org.asynchttpclient.netty.handler.HttpHandler - 

Request DefaultHttpRequest(decodeResult: success, version: HTTP/1.1)
POST /session/d4f57a03bd8117f38b5624348a1a9a2b/timeouts HTTP/1.1
User-Agent: selenium/4.1.2 (java windows)
Content-Length: 22
Content-Type: application/json; charset=utf-8
host: localhost:54450
accept: */*

Response DefaultHttpResponse(decodeResult: success, version: HTTP/1.1)
HTTP/1.1 200 OK
Content-Type: application/json; charset=utf-8
cache-control: no-cache
content-length: 14

16:05:28.685 [AsyncHttpClient-1-7] DEBUG org.asynchttpclient.netty.channel.ChannelManager - Adding key: http://localhost:54450 for channel [id: 0x3ee4638c, L:/127.0.0.1:53661 - R:localhost/127.0.0.1:54450]
16:05:28.701 [Forwarding getCurrentUrl on session d4f57a03bd8117f38b5624348a1a9a2b to remote] DEBUG org.asynchttpclient.netty.request.NettyRequestSender - Using pooled Channel '[id: 0x3ee4638c, L:/127.0.0.1:53661 - R:localhost/127.0.0.1:54450]' for 'GET' to 'http://localhost:54450/session/d4f57a03bd8117f38b5624348a1a9a2b/url'
16:05:28.701 [Forwarding getCurrentUrl on session d4f57a03bd8117f38b5624348a1a9a2b to remote] DEBUG org.asynchttpclient.netty.request.NettyRequestSender - Using open Channel [id: 0x3ee4638c, L:/127.0.0.1:53661 - R:localhost/127.0.0.1:54450] for GET '/session/d4f57a03bd8117f38b5624348a1a9a2b/url'
16:05:28.706 [AsyncHttpClient-1-7] DEBUG org.asynchttpclient.netty.handler.HttpHandler - 

Request DefaultFullHttpRequest(decodeResult: success, version: HTTP/1.1, content: EmptyByteBufBE)
GET /session/d4f57a03bd8117f38b5624348a1a9a2b/url HTTP/1.1
User-Agent: selenium/4.1.2 (java windows)
Cache-Control: no-cache
Content-Type: application/json; charset=utf-8
host: localhost:54450
accept: */*

Response DefaultHttpResponse(decodeResult: success, version: HTTP/1.1)
HTTP/1.1 200 OK
Content-Type: application/json; charset=utf-8
cache-control: no-cache
content-length: 57

16:05:28.706 [AsyncHttpClient-1-7] DEBUG org.asynchttpclient.netty.channel.ChannelManager - Adding key: http://localhost:54450 for channel [id: 0x3ee4638c, L:/127.0.0.1:53661 - R:localhost/127.0.0.1:54450]
16:05:28.723 [Forwarding getCurrentUrl on session d4f57a03bd8117f38b5624348a1a9a2b to remote] DEBUG org.asynchttpclient.netty.request.NettyRequestSender - Using pooled Channel '[id: 0x3ee4638c, L:/127.0.0.1:53661 - R:localhost/127.0.0.1:54450]' for 'GET' to 'http://localhost:54450/session/d4f57a03bd8117f38b5624348a1a9a2b/url'
16:05:28.723 [Forwarding getCurrentUrl on session d4f57a03bd8117f38b5624348a1a9a2b to remote] DEBUG org.asynchttpclient.netty.request.NettyRequestSender - Using open Channel [id: 0x3ee4638c, L:/127.0.0.1:53661 - R:localhost/127.0.0.1:54450] for GET '/session/d4f57a03bd8117f38b5624348a1a9a2b/url'
16:05:28.727 [AsyncHttpClient-1-7] DEBUG org.asynchttpclient.netty.handler.HttpHandler - 

Request DefaultFullHttpRequest(decodeResult: success, version: HTTP/1.1, content: EmptyByteBufBE)
GET /session/d4f57a03bd8117f38b5624348a1a9a2b/url HTTP/1.1
User-Agent: selenium/4.1.2 (java windows)
Cache-Control: no-cache
Content-Type: application/json; charset=utf-8
host: localhost:54450
accept: */*

Response DefaultHttpResponse(decodeResult: success, version: HTTP/1.1)
HTTP/1.1 200 OK
Content-Type: application/json; charset=utf-8
cache-control: no-cache
content-length: 57

16:05:28.727 [AsyncHttpClient-1-7] DEBUG org.asynchttpclient.netty.channel.ChannelManager - Adding key: http://localhost:54450 for channel [id: 0x3ee4638c, L:/127.0.0.1:53661 - R:localhost/127.0.0.1:54450]
16:05:28.740 [Forwarding screenshot on session d4f57a03bd8117f38b5624348a1a9a2b to remote] DEBUG org.asynchttpclient.netty.request.NettyRequestSender - Using pooled Channel '[id: 0x3ee4638c, L:/127.0.0.1:53661 - R:localhost/127.0.0.1:54450]' for 'GET' to 'http://localhost:54450/session/d4f57a03bd8117f38b5624348a1a9a2b/screenshot'
16:05:28.740 [Forwarding screenshot on session d4f57a03bd8117f38b5624348a1a9a2b to remote] DEBUG org.asynchttpclient.netty.request.NettyRequestSender - Using open Channel [id: 0x3ee4638c, L:/127.0.0.1:53661 - R:localhost/127.0.0.1:54450] for GET '/session/d4f57a03bd8117f38b5624348a1a9a2b/screenshot'
16:05:28.969 [AsyncHttpClient-1-7] DEBUG org.asynchttpclient.netty.handler.HttpHandler - 

Request DefaultFullHttpRequest(decodeResult: success, version: HTTP/1.1, content: EmptyByteBufBE)
GET /session/d4f57a03bd8117f38b5624348a1a9a2b/screenshot HTTP/1.1
User-Agent: selenium/4.1.2 (java windows)
Cache-Control: no-cache
Content-Type: application/json; charset=utf-8
host: localhost:54450
accept: */*

Response DefaultHttpResponse(decodeResult: success, version: HTTP/1.1)
HTTP/1.1 200 OK
Content-Type: application/json; charset=utf-8
cache-control: no-cache
content-length: 379772

16:05:28.970 [AsyncHttpClient-1-7] DEBUG org.asynchttpclient.netty.channel.ChannelManager - Adding key: http://localhost:54450 for channel [id: 0x3ee4638c, L:/127.0.0.1:53661 - R:localhost/127.0.0.1:54450]
16:05:28.982 [Test worker] DEBUG net.serenitybdd.core.photography.Darkroom - Send negative for processing for C:\Users\johan\OneDrive\Documentos\KONEX\Pruebas automatizadas\automatizacion_login_backoffice_1v\target\827eba772fc8c0a7b9dfb33684fbbfab2dbf1f790c8339d229e180e243a6dda7.png
16:05:29.091 [Test worker] DEBUG net.thucydides.core.steps.StepInterceptor - STEP DONE: {0} opens the #targetPage
16:05:29.134 [Forwarding screenshot on session d4f57a03bd8117f38b5624348a1a9a2b to remote] DEBUG org.asynchttpclient.netty.request.NettyRequestSender - Using pooled Channel '[id: 0x3ee4638c, L:/127.0.0.1:53661 - R:localhost/127.0.0.1:54450]' for 'GET' to 'http://localhost:54450/session/d4f57a03bd8117f38b5624348a1a9a2b/screenshot'
16:05:29.134 [Forwarding screenshot on session d4f57a03bd8117f38b5624348a1a9a2b to remote] DEBUG org.asynchttpclient.netty.request.NettyRequestSender - Using open Channel [id: 0x3ee4638c, L:/127.0.0.1:53661 - R:localhost/127.0.0.1:54450] for GET '/session/d4f57a03bd8117f38b5624348a1a9a2b/screenshot'
16:05:29.322 [AsyncHttpClient-1-7] DEBUG org.asynchttpclient.netty.handler.HttpHandler - 

Request DefaultFullHttpRequest(decodeResult: success, version: HTTP/1.1, content: EmptyByteBufBE)
GET /session/d4f57a03bd8117f38b5624348a1a9a2b/screenshot HTTP/1.1
User-Agent: selenium/4.1.2 (java windows)
Cache-Control: no-cache
Content-Type: application/json; charset=utf-8
host: localhost:54450
accept: */*

Response DefaultHttpResponse(decodeResult: success, version: HTTP/1.1)
HTTP/1.1 200 OK
Content-Type: application/json; charset=utf-8
cache-control: no-cache
content-length: 379772

16:05:29.323 [AsyncHttpClient-1-7] DEBUG org.asynchttpclient.netty.channel.ChannelManager - Adding key: http://localhost:54450 for channel [id: 0x3ee4638c, L:/127.0.0.1:53661 - R:localhost/127.0.0.1:54450]
16:05:29.335 [Test worker] DEBUG net.serenitybdd.core.photography.Darkroom - Send negative for processing for C:\Users\johan\OneDrive\Documentos\KONEX\Pruebas automatizadas\automatizacion_login_backoffice_1v\target\827eba772fc8c0a7b9dfb33684fbbfab2dbf1f790c8339d229e180e243a6dda7.png
16:05:29.437 [Test worker] DEBUG net.thucydides.core.steps.StepInterceptor - STEP DONE: performAs
16:05:29.470 [AsyncHttpClient-1-1] DEBUG org.asynchttpclient.netty.channel.DefaultChannelPool - Entry count for : http://localhost:54450 : 1
16:05:29.470 [AsyncHttpClient-1-1] DEBUG org.asynchttpclient.netty.channel.DefaultChannelPool - Entry count for : http://localhost:53662 : 1
16:05:29.492 [Forwarding screenshot on session d4f57a03bd8117f38b5624348a1a9a2b to remote] DEBUG org.asynchttpclient.netty.request.NettyRequestSender - Using pooled Channel '[id: 0x3ee4638c, L:/127.0.0.1:53661 - R:localhost/127.0.0.1:54450]' for 'GET' to 'http://localhost:54450/session/d4f57a03bd8117f38b5624348a1a9a2b/screenshot'
16:05:29.492 [Forwarding screenshot on session d4f57a03bd8117f38b5624348a1a9a2b to remote] DEBUG org.asynchttpclient.netty.request.NettyRequestSender - Using open Channel [id: 0x3ee4638c, L:/127.0.0.1:53661 - R:localhost/127.0.0.1:54450] for GET '/session/d4f57a03bd8117f38b5624348a1a9a2b/screenshot'
16:05:29.733 [AsyncHttpClient-1-7] DEBUG org.asynchttpclient.netty.handler.HttpHandler - 

Request DefaultFullHttpRequest(decodeResult: success, version: HTTP/1.1, content: EmptyByteBufBE)
GET /session/d4f57a03bd8117f38b5624348a1a9a2b/screenshot HTTP/1.1
User-Agent: selenium/4.1.2 (java windows)
Cache-Control: no-cache
Content-Type: application/json; charset=utf-8
host: localhost:54450
accept: */*

Response DefaultHttpResponse(decodeResult: success, version: HTTP/1.1)
HTTP/1.1 200 OK
Content-Type: application/json; charset=utf-8
cache-control: no-cache
content-length: 379740

16:05:29.734 [AsyncHttpClient-1-7] DEBUG org.asynchttpclient.netty.channel.ChannelManager - Adding key: http://localhost:54450 for channel [id: 0x3ee4638c, L:/127.0.0.1:53661 - R:localhost/127.0.0.1:54450]
16:05:29.748 [Test worker] DEBUG net.serenitybdd.core.photography.Darkroom - Send negative for processing for C:\Users\johan\OneDrive\Documentos\KONEX\Pruebas automatizadas\automatizacion_login_backoffice_1v\target\2906e0e514c90d11ffaf03067b12110de544ee879fa76ed63b517fad1e2e3380.png
16:05:29.878 [Forwarding screenshot on session d4f57a03bd8117f38b5624348a1a9a2b to remote] DEBUG org.asynchttpclient.netty.request.NettyRequestSender - Using pooled Channel '[id: 0x3ee4638c, L:/127.0.0.1:53661 - R:localhost/127.0.0.1:54450]' for 'GET' to 'http://localhost:54450/session/d4f57a03bd8117f38b5624348a1a9a2b/screenshot'
16:05:29.878 [Forwarding screenshot on session d4f57a03bd8117f38b5624348a1a9a2b to remote] DEBUG org.asynchttpclient.netty.request.NettyRequestSender - Using open Channel [id: 0x3ee4638c, L:/127.0.0.1:53661 - R:localhost/127.0.0.1:54450] for GET '/session/d4f57a03bd8117f38b5624348a1a9a2b/screenshot'
16:05:30.069 [AsyncHttpClient-1-7] DEBUG org.asynchttpclient.netty.handler.HttpHandler - 

Request DefaultFullHttpRequest(decodeResult: success, version: HTTP/1.1, content: EmptyByteBufBE)
GET /session/d4f57a03bd8117f38b5624348a1a9a2b/screenshot HTTP/1.1
User-Agent: selenium/4.1.2 (java windows)
Cache-Control: no-cache
Content-Type: application/json; charset=utf-8
host: localhost:54450
accept: */*

Response DefaultHttpResponse(decodeResult: success, version: HTTP/1.1)
HTTP/1.1 200 OK
Content-Type: application/json; charset=utf-8
cache-control: no-cache
content-length: 379772

16:05:30.069 [AsyncHttpClient-1-7] DEBUG org.asynchttpclient.netty.channel.ChannelManager - Adding key: http://localhost:54450 for channel [id: 0x3ee4638c, L:/127.0.0.1:53661 - R:localhost/127.0.0.1:54450]
16:05:30.081 [Test worker] DEBUG net.serenitybdd.core.photography.Darkroom - Send negative for processing for C:\Users\johan\OneDrive\Documentos\KONEX\Pruebas automatizadas\automatizacion_login_backoffice_1v\target\827eba772fc8c0a7b9dfb33684fbbfab2dbf1f790c8339d229e180e243a6dda7.png
16:05:30.096 [Test worker] DEBUG net.thucydides.core.steps.StepInterceptor - STARTING STEP: MyStepdefinitions.digitaUsuarioYContrasennaDelUsuario - performAs
16:05:30.113 [Test worker] DEBUG net.thucydides.core.steps.StepInterceptor - STARTING STEP: IngresarBack.performAs - {0} enters #theTextAsAString into #target
16:05:30.122 [Test worker] DEBUG net.serenitybdd.screenplay.targets.IFrameSwitcher - default content already selected for Datos para campo de usuario
16:05:30.122 [Test worker] DEBUG net.serenitybdd.core.pages.WebElementFacadeImpl - Type '[Ljava.lang.CharSequence;@516b84d1' : By.id: username
16:05:30.154 [Forwarding findElement on session d4f57a03bd8117f38b5624348a1a9a2b to remote] DEBUG org.asynchttpclient.netty.request.NettyRequestSender - Using pooled Channel '[id: 0x3ee4638c, L:/127.0.0.1:53661 - R:localhost/127.0.0.1:54450]' for 'POST' to 'http://localhost:54450/session/d4f57a03bd8117f38b5624348a1a9a2b/element'
16:05:30.154 [Forwarding findElement on session d4f57a03bd8117f38b5624348a1a9a2b to remote] DEBUG org.asynchttpclient.netty.request.NettyRequestSender - Using open Channel [id: 0x3ee4638c, L:/127.0.0.1:53661 - R:localhost/127.0.0.1:54450] for POST '/session/d4f57a03bd8117f38b5624348a1a9a2b/element'
16:05:30.164 [AsyncHttpClient-1-7] DEBUG org.asynchttpclient.netty.handler.HttpHandler - 

Request DefaultHttpRequest(decodeResult: success, version: HTTP/1.1)
POST /session/d4f57a03bd8117f38b5624348a1a9a2b/element HTTP/1.1
User-Agent: selenium/4.1.2 (java windows)
Content-Length: 53
Content-Type: application/json; charset=utf-8
host: localhost:54450
accept: */*

Response DefaultHttpResponse(decodeResult: success, version: HTTP/1.1)
HTTP/1.1 200 OK
Content-Type: application/json; charset=utf-8
cache-control: no-cache
content-length: 88

16:05:30.164 [AsyncHttpClient-1-7] DEBUG org.asynchttpclient.netty.channel.ChannelManager - Adding key: http://localhost:54450 for channel [id: 0x3ee4638c, L:/127.0.0.1:53661 - R:localhost/127.0.0.1:54450]
16:05:30.165 [Forwarding clearElement on session d4f57a03bd8117f38b5624348a1a9a2b to remote] DEBUG org.asynchttpclient.netty.request.NettyRequestSender - Using pooled Channel '[id: 0x3ee4638c, L:/127.0.0.1:53661 - R:localhost/127.0.0.1:54450]' for 'POST' to 'http://localhost:54450/session/d4f57a03bd8117f38b5624348a1a9a2b/element/3b419468-c048-4694-b97f-3b6821141343/clear'
16:05:30.165 [Forwarding clearElement on session d4f57a03bd8117f38b5624348a1a9a2b to remote] DEBUG org.asynchttpclient.netty.request.NettyRequestSender - Using open Channel [id: 0x3ee4638c, L:/127.0.0.1:53661 - R:localhost/127.0.0.1:54450] for POST '/session/d4f57a03bd8117f38b5624348a1a9a2b/element/3b419468-c048-4694-b97f-3b6821141343/clear'
16:05:30.197 [AsyncHttpClient-1-7] DEBUG org.asynchttpclient.netty.handler.HttpHandler - 

Request DefaultHttpRequest(decodeResult: success, version: HTTP/1.1)
POST /session/d4f57a03bd8117f38b5624348a1a9a2b/element/3b419468-c048-4694-b97f-3b6821141343/clear HTTP/1.1
User-Agent: selenium/4.1.2 (java windows)
Content-Length: 50
Content-Type: application/json; charset=utf-8
host: localhost:54450
accept: */*

Response DefaultHttpResponse(decodeResult: success, version: HTTP/1.1)
HTTP/1.1 200 OK
Content-Type: application/json; charset=utf-8
cache-control: no-cache
content-length: 14

16:05:30.197 [AsyncHttpClient-1-7] DEBUG org.asynchttpclient.netty.channel.ChannelManager - Adding key: http://localhost:54450 for channel [id: 0x3ee4638c, L:/127.0.0.1:53661 - R:localhost/127.0.0.1:54450]
16:05:30.206 [Forwarding sendKeysToElement on session d4f57a03bd8117f38b5624348a1a9a2b to remote] DEBUG org.asynchttpclient.netty.request.NettyRequestSender - Using pooled Channel '[id: 0x3ee4638c, L:/127.0.0.1:53661 - R:localhost/127.0.0.1:54450]' for 'POST' to 'http://localhost:54450/session/d4f57a03bd8117f38b5624348a1a9a2b/element/3b419468-c048-4694-b97f-3b6821141343/value'
16:05:30.206 [Forwarding sendKeysToElement on session d4f57a03bd8117f38b5624348a1a9a2b to remote] DEBUG org.asynchttpclient.netty.request.NettyRequestSender - Using open Channel [id: 0x3ee4638c, L:/127.0.0.1:53661 - R:localhost/127.0.0.1:54450] for POST '/session/d4f57a03bd8117f38b5624348a1a9a2b/element/3b419468-c048-4694-b97f-3b6821141343/value'
16:05:30.237 [AsyncHttpClient-1-7] DEBUG org.asynchttpclient.netty.handler.HttpHandler - 

Request DefaultHttpRequest(decodeResult: success, version: HTTP/1.1)
POST /session/d4f57a03bd8117f38b5624348a1a9a2b/element/3b419468-c048-4694-b97f-3b6821141343/value HTTP/1.1
User-Agent: selenium/4.1.2 (java windows)
Content-Length: 161
Content-Type: application/json; charset=utf-8
host: localhost:54450
accept: */*

Response DefaultHttpResponse(decodeResult: success, version: HTTP/1.1)
HTTP/1.1 200 OK
Content-Type: application/json; charset=utf-8
cache-control: no-cache
content-length: 14

16:05:30.237 [AsyncHttpClient-1-7] DEBUG org.asynchttpclient.netty.channel.ChannelManager - Adding key: http://localhost:54450 for channel [id: 0x3ee4638c, L:/127.0.0.1:53661 - R:localhost/127.0.0.1:54450]
16:05:30.251 [Forwarding screenshot on session d4f57a03bd8117f38b5624348a1a9a2b to remote] DEBUG org.asynchttpclient.netty.request.NettyRequestSender - Using pooled Channel '[id: 0x3ee4638c, L:/127.0.0.1:53661 - R:localhost/127.0.0.1:54450]' for 'GET' to 'http://localhost:54450/session/d4f57a03bd8117f38b5624348a1a9a2b/screenshot'
16:05:30.251 [Forwarding screenshot on session d4f57a03bd8117f38b5624348a1a9a2b to remote] DEBUG org.asynchttpclient.netty.request.NettyRequestSender - Using open Channel [id: 0x3ee4638c, L:/127.0.0.1:53661 - R:localhost/127.0.0.1:54450] for GET '/session/d4f57a03bd8117f38b5624348a1a9a2b/screenshot'
16:05:30.442 [AsyncHttpClient-1-7] DEBUG org.asynchttpclient.netty.handler.HttpHandler - 

Request DefaultFullHttpRequest(decodeResult: success, version: HTTP/1.1, content: EmptyByteBufBE)
GET /session/d4f57a03bd8117f38b5624348a1a9a2b/screenshot HTTP/1.1
User-Agent: selenium/4.1.2 (java windows)
Cache-Control: no-cache
Content-Type: application/json; charset=utf-8
host: localhost:54450
accept: */*

Response DefaultHttpResponse(decodeResult: success, version: HTTP/1.1)
HTTP/1.1 200 OK
Content-Type: application/json; charset=utf-8
cache-control: no-cache
content-length: 377940

16:05:30.442 [AsyncHttpClient-1-7] DEBUG org.asynchttpclient.netty.channel.ChannelManager - Adding key: http://localhost:54450 for channel [id: 0x3ee4638c, L:/127.0.0.1:53661 - R:localhost/127.0.0.1:54450]
16:05:30.454 [Test worker] DEBUG net.serenitybdd.core.photography.Darkroom - Send negative for processing for C:\Users\johan\OneDrive\Documentos\KONEX\Pruebas automatizadas\automatizacion_login_backoffice_1v\target\6b44e0f5335975fb8233f21b9ae8e1a9871228db397945c3fe43162fbfe7b6d0.png
16:05:30.572 [AsyncHttpClient-1-1] DEBUG org.asynchttpclient.netty.channel.DefaultChannelPool - Entry count for : http://localhost:54450 : 1
16:05:30.572 [AsyncHttpClient-1-1] DEBUG org.asynchttpclient.netty.channel.DefaultChannelPool - Entry count for : http://localhost:53662 : 1
16:05:30.604 [Test worker] DEBUG net.thucydides.core.steps.StepInterceptor - STEP DONE: {0} enters #theTextAsAString into #target
16:05:30.619 [Forwarding screenshot on session d4f57a03bd8117f38b5624348a1a9a2b to remote] DEBUG org.asynchttpclient.netty.request.NettyRequestSender - Using pooled Channel '[id: 0x3ee4638c, L:/127.0.0.1:53661 - R:localhost/127.0.0.1:54450]' for 'GET' to 'http://localhost:54450/session/d4f57a03bd8117f38b5624348a1a9a2b/screenshot'
16:05:30.619 [Forwarding screenshot on session d4f57a03bd8117f38b5624348a1a9a2b to remote] DEBUG org.asynchttpclient.netty.request.NettyRequestSender - Using open Channel [id: 0x3ee4638c, L:/127.0.0.1:53661 - R:localhost/127.0.0.1:54450] for GET '/session/d4f57a03bd8117f38b5624348a1a9a2b/screenshot'
16:05:30.823 [AsyncHttpClient-1-7] DEBUG org.asynchttpclient.netty.handler.HttpHandler - 

Request DefaultFullHttpRequest(decodeResult: success, version: HTTP/1.1, content: EmptyByteBufBE)
GET /session/d4f57a03bd8117f38b5624348a1a9a2b/screenshot HTTP/1.1
User-Agent: selenium/4.1.2 (java windows)
Cache-Control: no-cache
Content-Type: application/json; charset=utf-8
host: localhost:54450
accept: */*

Response DefaultHttpResponse(decodeResult: success, version: HTTP/1.1)
HTTP/1.1 200 OK
Content-Type: application/json; charset=utf-8
cache-control: no-cache
content-length: 377940

16:05:30.823 [AsyncHttpClient-1-7] DEBUG org.asynchttpclient.netty.channel.ChannelManager - Adding key: http://localhost:54450 for channel [id: 0x3ee4638c, L:/127.0.0.1:53661 - R:localhost/127.0.0.1:54450]
16:05:30.835 [Test worker] DEBUG net.serenitybdd.core.photography.Darkroom - Send negative for processing for C:\Users\johan\OneDrive\Documentos\KONEX\Pruebas automatizadas\automatizacion_login_backoffice_1v\target\6b44e0f5335975fb8233f21b9ae8e1a9871228db397945c3fe43162fbfe7b6d0.png
16:05:30.835 [Test worker] DEBUG net.thucydides.core.steps.StepInterceptor - STARTING STEP: IngresarBack.performAs - {0} enters #theTextAsAString into #target
16:05:30.844 [Test worker] DEBUG net.serenitybdd.screenplay.targets.IFrameSwitcher - default content already selected for Datos para campo contrasenna
16:05:30.844 [Test worker] DEBUG net.serenitybdd.core.pages.WebElementFacadeImpl - Type '[Ljava.lang.CharSequence;@7eebb316' : By.id: clave
16:05:30.888 [Forwarding findElement on session d4f57a03bd8117f38b5624348a1a9a2b to remote] DEBUG org.asynchttpclient.netty.request.NettyRequestSender - Using pooled Channel '[id: 0x3ee4638c, L:/127.0.0.1:53661 - R:localhost/127.0.0.1:54450]' for 'POST' to 'http://localhost:54450/session/d4f57a03bd8117f38b5624348a1a9a2b/element'
16:05:30.888 [Forwarding findElement on session d4f57a03bd8117f38b5624348a1a9a2b to remote] DEBUG org.asynchttpclient.netty.request.NettyRequestSender - Using open Channel [id: 0x3ee4638c, L:/127.0.0.1:53661 - R:localhost/127.0.0.1:54450] for POST '/session/d4f57a03bd8117f38b5624348a1a9a2b/element'
16:05:30.898 [AsyncHttpClient-1-7] DEBUG org.asynchttpclient.netty.handler.HttpHandler - 

Request DefaultHttpRequest(decodeResult: success, version: HTTP/1.1)
POST /session/d4f57a03bd8117f38b5624348a1a9a2b/element HTTP/1.1
User-Agent: selenium/4.1.2 (java windows)
Content-Length: 50
Content-Type: application/json; charset=utf-8
host: localhost:54450
accept: */*

Response DefaultHttpResponse(decodeResult: success, version: HTTP/1.1)
HTTP/1.1 200 OK
Content-Type: application/json; charset=utf-8
cache-control: no-cache
content-length: 88

16:05:30.898 [AsyncHttpClient-1-7] DEBUG org.asynchttpclient.netty.channel.ChannelManager - Adding key: http://localhost:54450 for channel [id: 0x3ee4638c, L:/127.0.0.1:53661 - R:localhost/127.0.0.1:54450]
16:05:30.899 [Forwarding clearElement on session d4f57a03bd8117f38b5624348a1a9a2b to remote] DEBUG org.asynchttpclient.netty.request.NettyRequestSender - Using pooled Channel '[id: 0x3ee4638c, L:/127.0.0.1:53661 - R:localhost/127.0.0.1:54450]' for 'POST' to 'http://localhost:54450/session/d4f57a03bd8117f38b5624348a1a9a2b/element/64efd24e-557e-4878-8b91-e875e57e88cd/clear'
16:05:30.899 [Forwarding clearElement on session d4f57a03bd8117f38b5624348a1a9a2b to remote] DEBUG org.asynchttpclient.netty.request.NettyRequestSender - Using open Channel [id: 0x3ee4638c, L:/127.0.0.1:53661 - R:localhost/127.0.0.1:54450] for POST '/session/d4f57a03bd8117f38b5624348a1a9a2b/element/64efd24e-557e-4878-8b91-e875e57e88cd/clear'
16:05:30.927 [AsyncHttpClient-1-7] DEBUG org.asynchttpclient.netty.handler.HttpHandler - 

Request DefaultHttpRequest(decodeResult: success, version: HTTP/1.1)
POST /session/d4f57a03bd8117f38b5624348a1a9a2b/element/64efd24e-557e-4878-8b91-e875e57e88cd/clear HTTP/1.1
User-Agent: selenium/4.1.2 (java windows)
Content-Length: 50
Content-Type: application/json; charset=utf-8
host: localhost:54450
accept: */*

Response DefaultHttpResponse(decodeResult: success, version: HTTP/1.1)
HTTP/1.1 200 OK
Content-Type: application/json; charset=utf-8
cache-control: no-cache
content-length: 14

16:05:30.927 [AsyncHttpClient-1-7] DEBUG org.asynchttpclient.netty.channel.ChannelManager - Adding key: http://localhost:54450 for channel [id: 0x3ee4638c, L:/127.0.0.1:53661 - R:localhost/127.0.0.1:54450]
16:05:30.938 [Forwarding sendKeysToElement on session d4f57a03bd8117f38b5624348a1a9a2b to remote] DEBUG org.asynchttpclient.netty.request.NettyRequestSender - Using pooled Channel '[id: 0x3ee4638c, L:/127.0.0.1:53661 - R:localhost/127.0.0.1:54450]' for 'POST' to 'http://localhost:54450/session/d4f57a03bd8117f38b5624348a1a9a2b/element/64efd24e-557e-4878-8b91-e875e57e88cd/value'
16:05:30.938 [Forwarding sendKeysToElement on session d4f57a03bd8117f38b5624348a1a9a2b to remote] DEBUG org.asynchttpclient.netty.request.NettyRequestSender - Using open Channel [id: 0x3ee4638c, L:/127.0.0.1:53661 - R:localhost/127.0.0.1:54450] for POST '/session/d4f57a03bd8117f38b5624348a1a9a2b/element/64efd24e-557e-4878-8b91-e875e57e88cd/value'
16:05:30.986 [AsyncHttpClient-1-7] DEBUG org.asynchttpclient.netty.handler.HttpHandler - 

Request DefaultHttpRequest(decodeResult: success, version: HTTP/1.1)
POST /session/d4f57a03bd8117f38b5624348a1a9a2b/element/64efd24e-557e-4878-8b91-e875e57e88cd/value HTTP/1.1
User-Agent: selenium/4.1.2 (java windows)
Content-Length: 211
Content-Type: application/json; charset=utf-8
host: localhost:54450
accept: */*

Response DefaultHttpResponse(decodeResult: success, version: HTTP/1.1)
HTTP/1.1 200 OK
Content-Type: application/json; charset=utf-8
cache-control: no-cache
content-length: 14

16:05:30.987 [AsyncHttpClient-1-7] DEBUG org.asynchttpclient.netty.channel.ChannelManager - Adding key: http://localhost:54450 for channel [id: 0x3ee4638c, L:/127.0.0.1:53661 - R:localhost/127.0.0.1:54450]
16:05:31.001 [Forwarding screenshot on session d4f57a03bd8117f38b5624348a1a9a2b to remote] DEBUG org.asynchttpclient.netty.request.NettyRequestSender - Using pooled Channel '[id: 0x3ee4638c, L:/127.0.0.1:53661 - R:localhost/127.0.0.1:54450]' for 'GET' to 'http://localhost:54450/session/d4f57a03bd8117f38b5624348a1a9a2b/screenshot'
16:05:31.001 [Forwarding screenshot on session d4f57a03bd8117f38b5624348a1a9a2b to remote] DEBUG org.asynchttpclient.netty.request.NettyRequestSender - Using open Channel [id: 0x3ee4638c, L:/127.0.0.1:53661 - R:localhost/127.0.0.1:54450] for GET '/session/d4f57a03bd8117f38b5624348a1a9a2b/screenshot'
16:05:31.267 [AsyncHttpClient-1-7] DEBUG org.asynchttpclient.netty.handler.HttpHandler - 

Request DefaultFullHttpRequest(decodeResult: success, version: HTTP/1.1, content: EmptyByteBufBE)
GET /session/d4f57a03bd8117f38b5624348a1a9a2b/screenshot HTTP/1.1
User-Agent: selenium/4.1.2 (java windows)
Cache-Control: no-cache
Content-Type: application/json; charset=utf-8
host: localhost:54450
accept: */*

Response DefaultHttpResponse(decodeResult: success, version: HTTP/1.1)
HTTP/1.1 200 OK
Content-Type: application/json; charset=utf-8
cache-control: no-cache
content-length: 375708

16:05:31.268 [AsyncHttpClient-1-7] DEBUG org.asynchttpclient.netty.channel.ChannelManager - Adding key: http://localhost:54450 for channel [id: 0x3ee4638c, L:/127.0.0.1:53661 - R:localhost/127.0.0.1:54450]
16:05:31.292 [Test worker] DEBUG net.serenitybdd.core.photography.Darkroom - Send negative for processing for C:\Users\johan\OneDrive\Documentos\KONEX\Pruebas automatizadas\automatizacion_login_backoffice_1v\target\f94f3a21032ee069ab0d18f522c149dfdda43541ea010830d9474fb7f9dcc0e4.png
16:05:31.343 [Forwarding screenshot on session d4f57a03bd8117f38b5624348a1a9a2b to remote] DEBUG org.asynchttpclient.netty.request.NettyRequestSender - Using pooled Channel '[id: 0x3ee4638c, L:/127.0.0.1:53661 - R:localhost/127.0.0.1:54450]' for 'GET' to 'http://localhost:54450/session/d4f57a03bd8117f38b5624348a1a9a2b/screenshot'
16:05:31.343 [Forwarding screenshot on session d4f57a03bd8117f38b5624348a1a9a2b to remote] DEBUG org.asynchttpclient.netty.request.NettyRequestSender - Using open Channel [id: 0x3ee4638c, L:/127.0.0.1:53661 - R:localhost/127.0.0.1:54450] for GET '/session/d4f57a03bd8117f38b5624348a1a9a2b/screenshot'
16:05:31.674 [AsyncHttpClient-1-1] DEBUG org.asynchttpclient.netty.channel.DefaultChannelPool - Entry count for : http://localhost:53662 : 1
16:05:31.751 [AsyncHttpClient-1-7] DEBUG org.asynchttpclient.netty.handler.HttpHandler - 

Request DefaultFullHttpRequest(decodeResult: success, version: HTTP/1.1, content: EmptyByteBufBE)
GET /session/d4f57a03bd8117f38b5624348a1a9a2b/screenshot HTTP/1.1
User-Agent: selenium/4.1.2 (java windows)
Cache-Control: no-cache
Content-Type: application/json; charset=utf-8
host: localhost:54450
accept: */*

Response DefaultHttpResponse(decodeResult: success, version: HTTP/1.1)
HTTP/1.1 200 OK
Content-Type: application/json; charset=utf-8
cache-control: no-cache
content-length: 375708

16:05:31.752 [AsyncHttpClient-1-7] DEBUG org.asynchttpclient.netty.channel.ChannelManager - Adding key: http://localhost:54450 for channel [id: 0x3ee4638c, L:/127.0.0.1:53661 - R:localhost/127.0.0.1:54450]
16:05:31.783 [Test worker] DEBUG net.serenitybdd.core.photography.Darkroom - Send negative for processing for C:\Users\johan\OneDrive\Documentos\KONEX\Pruebas automatizadas\automatizacion_login_backoffice_1v\target\f94f3a21032ee069ab0d18f522c149dfdda43541ea010830d9474fb7f9dcc0e4.png
16:05:31.895 [Test worker] DEBUG net.thucydides.core.steps.StepInterceptor - STEP DONE: {0} enters #theTextAsAString into #target
16:05:31.925 [Forwarding screenshot on session d4f57a03bd8117f38b5624348a1a9a2b to remote] DEBUG org.asynchttpclient.netty.request.NettyRequestSender - Using pooled Channel '[id: 0x3ee4638c, L:/127.0.0.1:53661 - R:localhost/127.0.0.1:54450]' for 'GET' to 'http://localhost:54450/session/d4f57a03bd8117f38b5624348a1a9a2b/screenshot'
16:05:31.925 [Forwarding screenshot on session d4f57a03bd8117f38b5624348a1a9a2b to remote] DEBUG org.asynchttpclient.netty.request.NettyRequestSender - Using open Channel [id: 0x3ee4638c, L:/127.0.0.1:53661 - R:localhost/127.0.0.1:54450] for GET '/session/d4f57a03bd8117f38b5624348a1a9a2b/screenshot'
16:05:32.313 [AsyncHttpClient-1-7] DEBUG org.asynchttpclient.netty.handler.HttpHandler - 

Request DefaultFullHttpRequest(decodeResult: success, version: HTTP/1.1, content: EmptyByteBufBE)
GET /session/d4f57a03bd8117f38b5624348a1a9a2b/screenshot HTTP/1.1
User-Agent: selenium/4.1.2 (java windows)
Cache-Control: no-cache
Content-Type: application/json; charset=utf-8
host: localhost:54450
accept: */*

Response DefaultHttpResponse(decodeResult: success, version: HTTP/1.1)
HTTP/1.1 200 OK
Content-Type: application/json; charset=utf-8
cache-control: no-cache
content-length: 375656

16:05:32.313 [AsyncHttpClient-1-7] DEBUG org.asynchttpclient.netty.channel.ChannelManager - Adding key: http://localhost:54450 for channel [id: 0x3ee4638c, L:/127.0.0.1:53661 - R:localhost/127.0.0.1:54450]
16:05:32.338 [Test worker] DEBUG net.serenitybdd.core.photography.Darkroom - Send negative for processing for C:\Users\johan\OneDrive\Documentos\KONEX\Pruebas automatizadas\automatizacion_login_backoffice_1v\target\1652884592f86f4e75f6eacbc88dc23e09e37bc1e1d5edc7461d21710220ae86.png
16:05:32.338 [Test worker] DEBUG net.thucydides.core.steps.StepInterceptor - STARTING STEP: IngresarBack.performAs - {0} clicks on #target
16:05:32.339 [Test worker] DEBUG net.serenitybdd.screenplay.targets.IFrameSwitcher - default content already selected for Boton iniciar sesion
16:05:32.472 [Forwarding findElement on session d4f57a03bd8117f38b5624348a1a9a2b to remote] DEBUG org.asynchttpclient.netty.request.NettyRequestSender - Using pooled Channel '[id: 0x3ee4638c, L:/127.0.0.1:53661 - R:localhost/127.0.0.1:54450]' for 'POST' to 'http://localhost:54450/session/d4f57a03bd8117f38b5624348a1a9a2b/element'
16:05:32.472 [Forwarding findElement on session d4f57a03bd8117f38b5624348a1a9a2b to remote] DEBUG org.asynchttpclient.netty.request.NettyRequestSender - Using open Channel [id: 0x3ee4638c, L:/127.0.0.1:53661 - R:localhost/127.0.0.1:54450] for POST '/session/d4f57a03bd8117f38b5624348a1a9a2b/element'
16:05:32.494 [AsyncHttpClient-1-7] DEBUG org.asynchttpclient.netty.handler.HttpHandler - 

Request DefaultHttpRequest(decodeResult: success, version: HTTP/1.1)
POST /session/d4f57a03bd8117f38b5624348a1a9a2b/element HTTP/1.1
User-Agent: selenium/4.1.2 (java windows)
Content-Length: 89
Content-Type: application/json; charset=utf-8
host: localhost:54450
accept: */*

Response DefaultHttpResponse(decodeResult: success, version: HTTP/1.1)
HTTP/1.1 200 OK
Content-Type: application/json; charset=utf-8
cache-control: no-cache
content-length: 88

16:05:32.494 [AsyncHttpClient-1-7] DEBUG org.asynchttpclient.netty.channel.ChannelManager - Adding key: http://localhost:54450 for channel [id: 0x3ee4638c, L:/127.0.0.1:53661 - R:localhost/127.0.0.1:54450]
16:05:32.517 [Forwarding isElementDisplayed on session d4f57a03bd8117f38b5624348a1a9a2b to remote] DEBUG org.asynchttpclient.netty.request.NettyRequestSender - Using pooled Channel '[id: 0x3ee4638c, L:/127.0.0.1:53661 - R:localhost/127.0.0.1:54450]' for 'POST' to 'http://localhost:54450/session/d4f57a03bd8117f38b5624348a1a9a2b/execute/sync'
16:05:32.517 [Forwarding isElementDisplayed on session d4f57a03bd8117f38b5624348a1a9a2b to remote] DEBUG org.asynchttpclient.netty.request.NettyRequestSender - Using open Channel [id: 0x3ee4638c, L:/127.0.0.1:53661 - R:localhost/127.0.0.1:54450] for POST '/session/d4f57a03bd8117f38b5624348a1a9a2b/execute/sync'
16:05:32.540 [AsyncHttpClient-1-7] DEBUG org.asynchttpclient.netty.handler.HttpHandler - 

Request DefaultHttpRequest(decodeResult: success, version: HTTP/1.1)
POST /session/d4f57a03bd8117f38b5624348a1a9a2b/execute/sync HTTP/1.1
User-Agent: selenium/4.1.2 (java windows)
Content-Length: 48780
Content-Type: application/json; charset=utf-8
host: localhost:54450
accept: */*

Response DefaultHttpResponse(decodeResult: success, version: HTTP/1.1)
HTTP/1.1 200 OK
Content-Type: application/json; charset=utf-8
cache-control: no-cache
content-length: 14

16:05:32.540 [AsyncHttpClient-1-7] DEBUG org.asynchttpclient.netty.channel.ChannelManager - Adding key: http://localhost:54450 for channel [id: 0x3ee4638c, L:/127.0.0.1:53661 - R:localhost/127.0.0.1:54450]
16:05:32.540 [Test worker] DEBUG net.serenitybdd.core.pages.WebElementFacadeImpl - click : By.xpath: //span[contains(text(),'INICIAR SESIÓN')]
16:05:32.596 [Forwarding findElement on session d4f57a03bd8117f38b5624348a1a9a2b to remote] DEBUG org.asynchttpclient.netty.request.NettyRequestSender - Using pooled Channel '[id: 0x3ee4638c, L:/127.0.0.1:53661 - R:localhost/127.0.0.1:54450]' for 'POST' to 'http://localhost:54450/session/d4f57a03bd8117f38b5624348a1a9a2b/element'
16:05:32.596 [Forwarding findElement on session d4f57a03bd8117f38b5624348a1a9a2b to remote] DEBUG org.asynchttpclient.netty.request.NettyRequestSender - Using open Channel [id: 0x3ee4638c, L:/127.0.0.1:53661 - R:localhost/127.0.0.1:54450] for POST '/session/d4f57a03bd8117f38b5624348a1a9a2b/element'
16:05:32.610 [AsyncHttpClient-1-7] DEBUG org.asynchttpclient.netty.handler.HttpHandler - 

Request DefaultHttpRequest(decodeResult: success, version: HTTP/1.1)
POST /session/d4f57a03bd8117f38b5624348a1a9a2b/element HTTP/1.1
User-Agent: selenium/4.1.2 (java windows)
Content-Length: 89
Content-Type: application/json; charset=utf-8
host: localhost:54450
accept: */*

Response DefaultHttpResponse(decodeResult: success, version: HTTP/1.1)
HTTP/1.1 200 OK
Content-Type: application/json; charset=utf-8
cache-control: no-cache
content-length: 88

16:05:32.610 [AsyncHttpClient-1-7] DEBUG org.asynchttpclient.netty.channel.ChannelManager - Adding key: http://localhost:54450 for channel [id: 0x3ee4638c, L:/127.0.0.1:53661 - R:localhost/127.0.0.1:54450]
16:05:32.612 [Forwarding clickElement on session d4f57a03bd8117f38b5624348a1a9a2b to remote] DEBUG org.asynchttpclient.netty.request.NettyRequestSender - Using pooled Channel '[id: 0x3ee4638c, L:/127.0.0.1:53661 - R:localhost/127.0.0.1:54450]' for 'POST' to 'http://localhost:54450/session/d4f57a03bd8117f38b5624348a1a9a2b/element/d2d2e078-76ca-4558-9890-8f957ef8dc29/click'
16:05:32.612 [Forwarding clickElement on session d4f57a03bd8117f38b5624348a1a9a2b to remote] DEBUG org.asynchttpclient.netty.request.NettyRequestSender - Using open Channel [id: 0x3ee4638c, L:/127.0.0.1:53661 - R:localhost/127.0.0.1:54450] for POST '/session/d4f57a03bd8117f38b5624348a1a9a2b/element/d2d2e078-76ca-4558-9890-8f957ef8dc29/click'
16:05:32.681 [AsyncHttpClient-1-7] DEBUG org.asynchttpclient.netty.handler.HttpHandler - 

Request DefaultHttpRequest(decodeResult: success, version: HTTP/1.1)
POST /session/d4f57a03bd8117f38b5624348a1a9a2b/element/d2d2e078-76ca-4558-9890-8f957ef8dc29/click HTTP/1.1
User-Agent: selenium/4.1.2 (java windows)
Content-Length: 50
Content-Type: application/json; charset=utf-8
host: localhost:54450
accept: */*

Response DefaultHttpResponse(decodeResult: success, version: HTTP/1.1)
HTTP/1.1 200 OK
Content-Type: application/json; charset=utf-8
cache-control: no-cache
content-length: 14

16:05:32.681 [AsyncHttpClient-1-7] DEBUG org.asynchttpclient.netty.channel.ChannelManager - Adding key: http://localhost:54450 for channel [id: 0x3ee4638c, L:/127.0.0.1:53661 - R:localhost/127.0.0.1:54450]
16:05:32.725 [Forwarding screenshot on session d4f57a03bd8117f38b5624348a1a9a2b to remote] DEBUG org.asynchttpclient.netty.request.NettyRequestSender - Using pooled Channel '[id: 0x3ee4638c, L:/127.0.0.1:53661 - R:localhost/127.0.0.1:54450]' for 'GET' to 'http://localhost:54450/session/d4f57a03bd8117f38b5624348a1a9a2b/screenshot'
16:05:32.725 [Forwarding screenshot on session d4f57a03bd8117f38b5624348a1a9a2b to remote] DEBUG org.asynchttpclient.netty.request.NettyRequestSender - Using open Channel [id: 0x3ee4638c, L:/127.0.0.1:53661 - R:localhost/127.0.0.1:54450] for GET '/session/d4f57a03bd8117f38b5624348a1a9a2b/screenshot'
16:05:32.769 [AsyncHttpClient-1-1] DEBUG org.asynchttpclient.netty.channel.DefaultChannelPool - Entry count for : http://localhost:53662 : 1
16:05:33.144 [AsyncHttpClient-1-7] DEBUG org.asynchttpclient.netty.handler.HttpHandler - 

Request DefaultFullHttpRequest(decodeResult: success, version: HTTP/1.1, content: EmptyByteBufBE)
GET /session/d4f57a03bd8117f38b5624348a1a9a2b/screenshot HTTP/1.1
User-Agent: selenium/4.1.2 (java windows)
Cache-Control: no-cache
Content-Type: application/json; charset=utf-8
host: localhost:54450
accept: */*

Response DefaultHttpResponse(decodeResult: success, version: HTTP/1.1)
HTTP/1.1 200 OK
Content-Type: application/json; charset=utf-8
cache-control: no-cache
content-length: 355508

16:05:33.144 [AsyncHttpClient-1-7] DEBUG org.asynchttpclient.netty.channel.ChannelManager - Adding key: http://localhost:54450 for channel [id: 0x3ee4638c, L:/127.0.0.1:53661 - R:localhost/127.0.0.1:54450]
16:05:33.173 [Test worker] DEBUG net.serenitybdd.core.photography.Darkroom - Send negative for processing for C:\Users\johan\OneDrive\Documentos\KONEX\Pruebas automatizadas\automatizacion_login_backoffice_1v\target\f9d09fced2fe25381d41749fc7df63bf87bc5c0b17d24af5d48b803af28f8a85.png
16:05:33.174 [Darkroom Processing Line] DEBUG net.serenitybdd.core.photography.DarkroomProcessingLine - Processing screenshot image in /var/screenshots/screenshot-5700616024192618984
16:05:33.174 [Darkroom Processing Line] DEBUG net.serenitybdd.core.photography.DarkroomProcessingLine - Saving screenshot to C:\Users\johan\OneDrive\Documentos\KONEX\Pruebas automatizadas\automatizacion_login_backoffice_1v\target\f9d09fced2fe25381d41749fc7df63bf87bc5c0b17d24af5d48b803af28f8a85.png
16:05:33.315 [Test worker] DEBUG net.thucydides.core.steps.StepInterceptor - STEP DONE: {0} clicks on #target
16:05:33.362 [Forwarding screenshot on session d4f57a03bd8117f38b5624348a1a9a2b to remote] DEBUG org.asynchttpclient.netty.request.NettyRequestSender - Using pooled Channel '[id: 0x3ee4638c, L:/127.0.0.1:53661 - R:localhost/127.0.0.1:54450]' for 'GET' to 'http://localhost:54450/session/d4f57a03bd8117f38b5624348a1a9a2b/screenshot'
16:05:33.362 [Forwarding screenshot on session d4f57a03bd8117f38b5624348a1a9a2b to remote] DEBUG org.asynchttpclient.netty.request.NettyRequestSender - Using open Channel [id: 0x3ee4638c, L:/127.0.0.1:53661 - R:localhost/127.0.0.1:54450] for GET '/session/d4f57a03bd8117f38b5624348a1a9a2b/screenshot'
16:05:33.772 [AsyncHttpClient-1-7] DEBUG org.asynchttpclient.netty.handler.HttpHandler - 

Request DefaultFullHttpRequest(decodeResult: success, version: HTTP/1.1, content: EmptyByteBufBE)
GET /session/d4f57a03bd8117f38b5624348a1a9a2b/screenshot HTTP/1.1
User-Agent: selenium/4.1.2 (java windows)
Cache-Control: no-cache
Content-Type: application/json; charset=utf-8
host: localhost:54450
accept: */*

Response DefaultHttpResponse(decodeResult: success, version: HTTP/1.1)
HTTP/1.1 200 OK
Content-Type: application/json; charset=utf-8
cache-control: no-cache
content-length: 354104

16:05:33.773 [AsyncHttpClient-1-7] DEBUG org.asynchttpclient.netty.channel.ChannelManager - Adding key: http://localhost:54450 for channel [id: 0x3ee4638c, L:/127.0.0.1:53661 - R:localhost/127.0.0.1:54450]
16:05:33.796 [Test worker] DEBUG net.serenitybdd.core.photography.Darkroom - Send negative for processing for C:\Users\johan\OneDrive\Documentos\KONEX\Pruebas automatizadas\automatizacion_login_backoffice_1v\target\d6ec9091629cf0c7557ca2059dd1c0a798a9bc402662ae7ecd6622ed20ccf36c.png
16:05:33.797 [Darkroom Processing Line] DEBUG net.serenitybdd.core.photography.DarkroomProcessingLine - Processing screenshot image in /var/screenshots/screenshot-7136434594537312432
16:05:33.797 [Darkroom Processing Line] DEBUG net.serenitybdd.core.photography.DarkroomProcessingLine - Saving screenshot to C:\Users\johan\OneDrive\Documentos\KONEX\Pruebas automatizadas\automatizacion_login_backoffice_1v\target\d6ec9091629cf0c7557ca2059dd1c0a798a9bc402662ae7ecd6622ed20ccf36c.png
16:05:33.869 [AsyncHttpClient-1-1] DEBUG org.asynchttpclient.netty.channel.DefaultChannelPool - Entry count for : http://localhost:54450 : 1
16:05:33.869 [AsyncHttpClient-1-1] DEBUG org.asynchttpclient.netty.channel.DefaultChannelPool - Entry count for : http://localhost:53662 : 1
16:05:33.899 [Test worker] DEBUG net.thucydides.core.steps.StepInterceptor - STEP DONE: performAs
16:05:33.949 [Forwarding screenshot on session d4f57a03bd8117f38b5624348a1a9a2b to remote] DEBUG org.asynchttpclient.netty.request.NettyRequestSender - Using pooled Channel '[id: 0x3ee4638c, L:/127.0.0.1:53661 - R:localhost/127.0.0.1:54450]' for 'GET' to 'http://localhost:54450/session/d4f57a03bd8117f38b5624348a1a9a2b/screenshot'
16:05:33.949 [Forwarding screenshot on session d4f57a03bd8117f38b5624348a1a9a2b to remote] DEBUG org.asynchttpclient.netty.request.NettyRequestSender - Using open Channel [id: 0x3ee4638c, L:/127.0.0.1:53661 - R:localhost/127.0.0.1:54450] for GET '/session/d4f57a03bd8117f38b5624348a1a9a2b/screenshot'
16:05:34.239 [AsyncHttpClient-1-7] DEBUG org.asynchttpclient.netty.handler.HttpHandler - 

Request DefaultFullHttpRequest(decodeResult: success, version: HTTP/1.1, content: EmptyByteBufBE)
GET /session/d4f57a03bd8117f38b5624348a1a9a2b/screenshot HTTP/1.1
User-Agent: selenium/4.1.2 (java windows)
Cache-Control: no-cache
Content-Type: application/json; charset=utf-8
host: localhost:54450
accept: */*

Response DefaultHttpResponse(decodeResult: success, version: HTTP/1.1)
HTTP/1.1 200 OK
Content-Type: application/json; charset=utf-8
cache-control: no-cache
content-length: 384608

16:05:34.240 [AsyncHttpClient-1-7] DEBUG org.asynchttpclient.netty.channel.ChannelManager - Adding key: http://localhost:54450 for channel [id: 0x3ee4638c, L:/127.0.0.1:53661 - R:localhost/127.0.0.1:54450]
16:05:34.252 [Test worker] DEBUG net.serenitybdd.core.photography.Darkroom - Send negative for processing for C:\Users\johan\OneDrive\Documentos\KONEX\Pruebas automatizadas\automatizacion_login_backoffice_1v\target\cf7c1f9943440345e8b0ab54f783cdd2fcf446c5c643932cb441898f242701ab.png
16:05:34.369 [Forwarding screenshot on session d4f57a03bd8117f38b5624348a1a9a2b to remote] DEBUG org.asynchttpclient.netty.request.NettyRequestSender - Using pooled Channel '[id: 0x3ee4638c, L:/127.0.0.1:53661 - R:localhost/127.0.0.1:54450]' for 'GET' to 'http://localhost:54450/session/d4f57a03bd8117f38b5624348a1a9a2b/screenshot'
16:05:34.369 [Forwarding screenshot on session d4f57a03bd8117f38b5624348a1a9a2b to remote] DEBUG org.asynchttpclient.netty.request.NettyRequestSender - Using open Channel [id: 0x3ee4638c, L:/127.0.0.1:53661 - R:localhost/127.0.0.1:54450] for GET '/session/d4f57a03bd8117f38b5624348a1a9a2b/screenshot'
16:05:34.554 [AsyncHttpClient-1-7] DEBUG org.asynchttpclient.netty.handler.HttpHandler - 

Request DefaultFullHttpRequest(decodeResult: success, version: HTTP/1.1, content: EmptyByteBufBE)
GET /session/d4f57a03bd8117f38b5624348a1a9a2b/screenshot HTTP/1.1
User-Agent: selenium/4.1.2 (java windows)
Cache-Control: no-cache
Content-Type: application/json; charset=utf-8
host: localhost:54450
accept: */*

Response DefaultHttpResponse(decodeResult: success, version: HTTP/1.1)
HTTP/1.1 200 OK
Content-Type: application/json; charset=utf-8
cache-control: no-cache
content-length: 384608

16:05:34.554 [AsyncHttpClient-1-7] DEBUG org.asynchttpclient.netty.channel.ChannelManager - Adding key: http://localhost:54450 for channel [id: 0x3ee4638c, L:/127.0.0.1:53661 - R:localhost/127.0.0.1:54450]
16:05:34.567 [Test worker] DEBUG net.serenitybdd.core.photography.Darkroom - Send negative for processing for C:\Users\johan\OneDrive\Documentos\KONEX\Pruebas automatizadas\automatizacion_login_backoffice_1v\target\cf7c1f9943440345e8b0ab54f783cdd2fcf446c5c643932cb441898f242701ab.png
16:05:34.605 [Test worker] DEBUG net.serenitybdd.screenplay.targets.IFrameSwitcher - default content already selected for Mensaje error credenciales
16:05:34.614 [Forwarding findElements on session d4f57a03bd8117f38b5624348a1a9a2b to remote] DEBUG org.asynchttpclient.netty.request.NettyRequestSender - Using pooled Channel '[id: 0x3ee4638c, L:/127.0.0.1:53661 - R:localhost/127.0.0.1:54450]' for 'POST' to 'http://localhost:54450/session/d4f57a03bd8117f38b5624348a1a9a2b/elements'
16:05:34.614 [Forwarding findElements on session d4f57a03bd8117f38b5624348a1a9a2b to remote] DEBUG org.asynchttpclient.netty.request.NettyRequestSender - Using open Channel [id: 0x3ee4638c, L:/127.0.0.1:53661 - R:localhost/127.0.0.1:54450] for POST '/session/d4f57a03bd8117f38b5624348a1a9a2b/elements'
16:05:34.624 [AsyncHttpClient-1-7] DEBUG org.asynchttpclient.netty.handler.HttpHandler - 

Request DefaultHttpRequest(decodeResult: success, version: HTTP/1.1)
POST /session/d4f57a03bd8117f38b5624348a1a9a2b/elements HTTP/1.1
User-Agent: selenium/4.1.2 (java windows)
Content-Length: 160
Content-Type: application/json; charset=utf-8
host: localhost:54450
accept: */*

Response DefaultHttpResponse(decodeResult: success, version: HTTP/1.1)
HTTP/1.1 200 OK
Content-Type: application/json; charset=utf-8
cache-control: no-cache
content-length: 90

16:05:34.625 [AsyncHttpClient-1-7] DEBUG org.asynchttpclient.netty.channel.ChannelManager - Adding key: http://localhost:54450 for channel [id: 0x3ee4638c, L:/127.0.0.1:53661 - R:localhost/127.0.0.1:54450]
16:05:34.643 [Forwarding getElementText on session d4f57a03bd8117f38b5624348a1a9a2b to remote] DEBUG org.asynchttpclient.netty.request.NettyRequestSender - Using pooled Channel '[id: 0x3ee4638c, L:/127.0.0.1:53661 - R:localhost/127.0.0.1:54450]' for 'GET' to 'http://localhost:54450/session/d4f57a03bd8117f38b5624348a1a9a2b/element/ef178cf7-9bf7-4dda-b02b-9eb279defe9c/text'
16:05:34.643 [Forwarding getElementText on session d4f57a03bd8117f38b5624348a1a9a2b to remote] DEBUG org.asynchttpclient.netty.request.NettyRequestSender - Using open Channel [id: 0x3ee4638c, L:/127.0.0.1:53661 - R:localhost/127.0.0.1:54450] for GET '/session/d4f57a03bd8117f38b5624348a1a9a2b/element/ef178cf7-9bf7-4dda-b02b-9eb279defe9c/text'
16:05:34.655 [AsyncHttpClient-1-7] DEBUG org.asynchttpclient.netty.handler.HttpHandler - 

Request DefaultFullHttpRequest(decodeResult: success, version: HTTP/1.1, content: EmptyByteBufBE)
GET /session/d4f57a03bd8117f38b5624348a1a9a2b/element/ef178cf7-9bf7-4dda-b02b-9eb279defe9c/text HTTP/1.1
User-Agent: selenium/4.1.2 (java windows)
Cache-Control: no-cache
Content-Type: application/json; charset=utf-8
host: localhost:54450
accept: */*

Response DefaultHttpResponse(decodeResult: success, version: HTTP/1.1)
HTTP/1.1 200 OK
Content-Type: application/json; charset=utf-8
cache-control: no-cache
content-length: 60

16:05:34.655 [AsyncHttpClient-1-7] DEBUG org.asynchttpclient.netty.channel.ChannelManager - Adding key: http://localhost:54450 for channel [id: 0x3ee4638c, L:/127.0.0.1:53661 - R:localhost/127.0.0.1:54450]
16:05:34.667 [Forwarding screenshot on session d4f57a03bd8117f38b5624348a1a9a2b to remote] DEBUG org.asynchttpclient.netty.request.NettyRequestSender - Using pooled Channel '[id: 0x3ee4638c, L:/127.0.0.1:53661 - R:localhost/127.0.0.1:54450]' for 'GET' to 'http://localhost:54450/session/d4f57a03bd8117f38b5624348a1a9a2b/screenshot'
16:05:34.667 [Forwarding screenshot on session d4f57a03bd8117f38b5624348a1a9a2b to remote] DEBUG org.asynchttpclient.netty.request.NettyRequestSender - Using open Channel [id: 0x3ee4638c, L:/127.0.0.1:53661 - R:localhost/127.0.0.1:54450] for GET '/session/d4f57a03bd8117f38b5624348a1a9a2b/screenshot'
16:05:34.859 [AsyncHttpClient-1-7] DEBUG org.asynchttpclient.netty.handler.HttpHandler - 

Request DefaultFullHttpRequest(decodeResult: success, version: HTTP/1.1, content: EmptyByteBufBE)
GET /session/d4f57a03bd8117f38b5624348a1a9a2b/screenshot HTTP/1.1
User-Agent: selenium/4.1.2 (java windows)
Cache-Control: no-cache
Content-Type: application/json; charset=utf-8
host: localhost:54450
accept: */*

Response DefaultHttpResponse(decodeResult: success, version: HTTP/1.1)
HTTP/1.1 200 OK
Content-Type: application/json; charset=utf-8
cache-control: no-cache
content-length: 384608

16:05:34.860 [AsyncHttpClient-1-7] DEBUG org.asynchttpclient.netty.channel.ChannelManager - Adding key: http://localhost:54450 for channel [id: 0x3ee4638c, L:/127.0.0.1:53661 - R:localhost/127.0.0.1:54450]
16:05:34.871 [Test worker] DEBUG net.serenitybdd.core.photography.Darkroom - Send negative for processing for C:\Users\johan\OneDrive\Documentos\KONEX\Pruebas automatizadas\automatizacion_login_backoffice_1v\target\cf7c1f9943440345e8b0ab54f783cdd2fcf446c5c643932cb441898f242701ab.png
16:05:34.974 [AsyncHttpClient-1-1] DEBUG org.asynchttpclient.netty.channel.DefaultChannelPool - Entry count for : http://localhost:54450 : 1
16:05:34.974 [AsyncHttpClient-1-1] DEBUG org.asynchttpclient.netty.channel.DefaultChannelPool - Entry count for : http://localhost:53662 : 1
16:05:34.993 [Forwarding screenshot on session d4f57a03bd8117f38b5624348a1a9a2b to remote] DEBUG org.asynchttpclient.netty.request.NettyRequestSender - Using pooled Channel '[id: 0x3ee4638c, L:/127.0.0.1:53661 - R:localhost/127.0.0.1:54450]' for 'GET' to 'http://localhost:54450/session/d4f57a03bd8117f38b5624348a1a9a2b/screenshot'
16:05:34.993 [Forwarding screenshot on session d4f57a03bd8117f38b5624348a1a9a2b to remote] DEBUG org.asynchttpclient.netty.request.NettyRequestSender - Using open Channel [id: 0x3ee4638c, L:/127.0.0.1:53661 - R:localhost/127.0.0.1:54450] for GET '/session/d4f57a03bd8117f38b5624348a1a9a2b/screenshot'
16:05:35.213 [AsyncHttpClient-1-7] DEBUG org.asynchttpclient.netty.handler.HttpHandler - 

Request DefaultFullHttpRequest(decodeResult: success, version: HTTP/1.1, content: EmptyByteBufBE)
GET /session/d4f57a03bd8117f38b5624348a1a9a2b/screenshot HTTP/1.1
User-Agent: selenium/4.1.2 (java windows)
Cache-Control: no-cache
Content-Type: application/json; charset=utf-8
host: localhost:54450
accept: */*

Response DefaultHttpResponse(decodeResult: success, version: HTTP/1.1)
HTTP/1.1 200 OK
Content-Type: application/json; charset=utf-8
cache-control: no-cache
content-length: 384608

16:05:35.214 [AsyncHttpClient-1-7] DEBUG org.asynchttpclient.netty.channel.ChannelManager - Adding key: http://localhost:54450 for channel [id: 0x3ee4638c, L:/127.0.0.1:53661 - R:localhost/127.0.0.1:54450]
16:05:35.240 [Test worker] DEBUG net.serenitybdd.core.photography.Darkroom - Send negative for processing for C:\Users\johan\OneDrive\Documentos\KONEX\Pruebas automatizadas\automatizacion_login_backoffice_1v\target\cf7c1f9943440345e8b0ab54f783cdd2fcf446c5c643932cb441898f242701ab.png
16:05:35.381 [Forwarding screenshot on session d4f57a03bd8117f38b5624348a1a9a2b to remote] DEBUG org.asynchttpclient.netty.request.NettyRequestSender - Using pooled Channel '[id: 0x3ee4638c, L:/127.0.0.1:53661 - R:localhost/127.0.0.1:54450]' for 'GET' to 'http://localhost:54450/session/d4f57a03bd8117f38b5624348a1a9a2b/screenshot'
16:05:35.381 [Forwarding screenshot on session d4f57a03bd8117f38b5624348a1a9a2b to remote] DEBUG org.asynchttpclient.netty.request.NettyRequestSender - Using open Channel [id: 0x3ee4638c, L:/127.0.0.1:53661 - R:localhost/127.0.0.1:54450] for GET '/session/d4f57a03bd8117f38b5624348a1a9a2b/screenshot'
16:05:35.770 [AsyncHttpClient-1-7] DEBUG org.asynchttpclient.netty.handler.HttpHandler - 

Request DefaultFullHttpRequest(decodeResult: success, version: HTTP/1.1, content: EmptyByteBufBE)
GET /session/d4f57a03bd8117f38b5624348a1a9a2b/screenshot HTTP/1.1
User-Agent: selenium/4.1.2 (java windows)
Cache-Control: no-cache
Content-Type: application/json; charset=utf-8
host: localhost:54450
accept: */*

Response DefaultHttpResponse(decodeResult: success, version: HTTP/1.1)
HTTP/1.1 200 OK
Content-Type: application/json; charset=utf-8
cache-control: no-cache
content-length: 384608

16:05:35.771 [AsyncHttpClient-1-7] DEBUG org.asynchttpclient.netty.channel.ChannelManager - Adding key: http://localhost:54450 for channel [id: 0x3ee4638c, L:/127.0.0.1:53661 - R:localhost/127.0.0.1:54450]
16:05:35.796 [Test worker] DEBUG net.serenitybdd.core.photography.Darkroom - Send negative for processing for C:\Users\johan\OneDrive\Documentos\KONEX\Pruebas automatizadas\automatizacion_login_backoffice_1v\target\cf7c1f9943440345e8b0ab54f783cdd2fcf446c5c643932cb441898f242701ab.png
16:05:35.908 [AsyncHttpClient-1-9] DEBUG org.asynchttpclient.netty.handler.WebSocketHandler - Channel Closed: [id: 0x5372c1f3, L:/127.0.0.1:53670 ! R:localhost/127.0.0.1:53662] with attribute NettyResponseFuture{currentRetry=5,
	isDone=1,
	isCancelled=0,
	asyncHandler=org.asynchttpclient.ws.WebSocketUpgradeHandler@6933a9cc,
	nettyRequest=org.asynchttpclient.netty.request.NettyRequest@51746849,
	future=java.util.concurrent.CompletableFuture@1173b690[Completed normally],
	uri=ws://localhost:53662/devtools/browser/ff237840-d80d-448f-8a8c-23dd08b9db76,
	keepAlive=true,
	redirectCount=0,
	timeoutsHolder=null,
	inAuth=0,
	touch=1682024726060}
16:05:35.908 [AsyncHttpClient-1-9] DEBUG org.asynchttpclient.netty.channel.ChannelManager - Closing Channel [id: 0x5372c1f3, L:/127.0.0.1:53670 ! R:localhost/127.0.0.1:53662] 
16:05:35.908 [Driver Command Executor] DEBUG org.asynchttpclient.netty.request.NettyRequestSender - Using pooled Channel '[id: 0x3ee4638c, L:/127.0.0.1:53661 - R:localhost/127.0.0.1:54450]' for 'DELETE' to 'http://localhost:54450/session/d4f57a03bd8117f38b5624348a1a9a2b'
16:05:35.908 [Driver Command Executor] DEBUG org.asynchttpclient.netty.request.NettyRequestSender - Using open Channel [id: 0x3ee4638c, L:/127.0.0.1:53661 - R:localhost/127.0.0.1:54450] for DELETE '/session/d4f57a03bd8117f38b5624348a1a9a2b'
16:05:35.991 [AsyncHttpClient-1-8] DEBUG org.asynchttpclient.netty.handler.HttpHandler - Unexpected I/O exception on channel [id: 0xbdf72072, L:/127.0.0.1:53669 - R:localhost/127.0.0.1:53662]
java.io.IOException: Se ha forzado la interrupción de una conexión existente por el host remoto
	at sun.nio.ch.SocketDispatcher.read0(Native Method)
	at sun.nio.ch.SocketDispatcher.read(SocketDispatcher.java:43)
	at sun.nio.ch.IOUtil.readIntoNativeBuffer(IOUtil.java:223)
	at sun.nio.ch.IOUtil.read(IOUtil.java:192)
	at sun.nio.ch.SocketChannelImpl.read(SocketChannelImpl.java:380)
	at io.netty.buffer.PooledByteBuf.setBytes(PooledByteBuf.java:258)
	at io.netty.buffer.AbstractByteBuf.writeBytes(AbstractByteBuf.java:1132)
	at io.netty.channel.socket.nio.NioSocketChannel.doReadBytes(NioSocketChannel.java:350)
	at io.netty.channel.nio.AbstractNioByteChannel$NioByteUnsafe.read(AbstractNioByteChannel.java:151)
	at io.netty.channel.nio.NioEventLoop.processSelectedKey(NioEventLoop.java:722)
	at io.netty.channel.nio.NioEventLoop.processSelectedKeysOptimized(NioEventLoop.java:658)
	at io.netty.channel.nio.NioEventLoop.processSelectedKeys(NioEventLoop.java:584)
	at io.netty.channel.nio.NioEventLoop.run(NioEventLoop.java:496)
	at io.netty.util.concurrent.SingleThreadEventExecutor$4.run(SingleThreadEventExecutor.java:986)
	at io.netty.util.internal.ThreadExecutorMap$2.run(ThreadExecutorMap.java:74)
	at io.netty.util.concurrent.FastThreadLocalRunnable.run(FastThreadLocalRunnable.java:30)
	at java.lang.Thread.run(Thread.java:748)
16:05:35.992 [AsyncHttpClient-1-8] DEBUG org.asynchttpclient.netty.channel.ChannelManager - Closing Channel [id: 0xbdf72072, L:/127.0.0.1:53669 - R:localhost/127.0.0.1:53662] 
16:05:35.992 [AsyncHttpClient-1-8] DEBUG org.asynchttpclient.netty.handler.HttpHandler - Channel Closed: [id: 0xbdf72072, L:/127.0.0.1:53669 ! R:localhost/127.0.0.1:53662] with attribute DISCARD
16:05:36.028 [AsyncHttpClient-1-7] DEBUG org.asynchttpclient.netty.handler.HttpHandler - 

Request DefaultFullHttpRequest(decodeResult: success, version: HTTP/1.1, content: EmptyByteBufBE)
DELETE /session/d4f57a03bd8117f38b5624348a1a9a2b HTTP/1.1
User-Agent: selenium/4.1.2 (java windows)
Content-Type: application/json; charset=utf-8
host: localhost:54450
accept: */*

Response DefaultHttpResponse(decodeResult: success, version: HTTP/1.1)
HTTP/1.1 200 OK
Content-Type: application/json; charset=utf-8
cache-control: no-cache
content-length: 14

16:05:36.028 [AsyncHttpClient-1-7] DEBUG org.asynchttpclient.netty.channel.ChannelManager - Adding key: http://localhost:54450 for channel [id: 0x3ee4638c, L:/127.0.0.1:53661 - R:localhost/127.0.0.1:54450]
16:05:36.080 [AsyncHttpClient-1-1] DEBUG org.asynchttpclient.netty.channel.DefaultChannelPool - Entry count for : http://localhost:54450 : 1
16:05:36.080 [AsyncHttpClient-1-1] DEBUG org.asynchttpclient.netty.channel.DefaultChannelPool - Entry count for : http://localhost:53662 : 1
16:05:36.080 [AsyncHttpClient-1-1] DEBUG org.asynchttpclient.netty.channel.DefaultChannelPool - Adding Candidate expired Channel [id: 0xbdf72072, L:/127.0.0.1:53669 ! R:localhost/127.0.0.1:53662] isIdleTimeoutExpired=false isRemotelyClosed=true isTtlExpired=false
16:05:36.080 [AsyncHttpClient-1-1] DEBUG org.asynchttpclient.netty.channel.DefaultChannelPool - Closing Idle Channel [id: 0xbdf72072, L:/127.0.0.1:53669 ! R:localhost/127.0.0.1:53662]
16:05:36.080 [AsyncHttpClient-1-1] DEBUG org.asynchttpclient.netty.channel.DefaultChannelPool - Closed 1 connections out of 2 in 0 ms
16:05:36.319 [AsyncHttpClient-1-7] DEBUG org.asynchttpclient.netty.handler.HttpHandler - Channel Closed: [id: 0x3ee4638c, L:/127.0.0.1:53661 ! R:localhost/127.0.0.1:54450] with attribute DISCARD
16:05:36.850 [Test worker] INFO io.cucumber.core.plugin.SerenityReporter - Running feature from file:///C:/Users/johan/OneDrive/Documentos/KONEX/Pruebas%20automatizadas/automatizacion_login_backoffice_1v/src/test/resources/features/login_backoffice.feature
16:05:36.866 [Test worker] DEBUG net.thucydides.core.steps.StepInterceptor - STARTING STEP: MyStepdefinitions.queElUsuarioIngresaAlBackoffice - performAs
16:05:36.873 [Test worker] DEBUG net.thucydides.core.steps.StepInterceptor - STARTING STEP: AbrirPag.performAs - {0} opens the #targetPage
16:05:36.948 [Test worker] INFO net.serenitybdd.core.webdriver.driverproviders.ChromeDriverProvider - Using automatically driver download
16:05:37.171 [AsyncHttpClient-1-1] DEBUG org.asynchttpclient.netty.channel.DefaultChannelPool - Entry count for : http://localhost:54450 : 1
16:05:37.171 [AsyncHttpClient-1-1] DEBUG org.asynchttpclient.netty.channel.DefaultChannelPool - Adding Candidate expired Channel [id: 0x3ee4638c, L:/127.0.0.1:53661 ! R:localhost/127.0.0.1:54450] isIdleTimeoutExpired=false isRemotelyClosed=true isTtlExpired=false
16:05:37.171 [AsyncHttpClient-1-1] DEBUG org.asynchttpclient.netty.channel.DefaultChannelPool - Closing Idle Channel [id: 0x3ee4638c, L:/127.0.0.1:53661 ! R:localhost/127.0.0.1:54450]
16:05:37.171 [AsyncHttpClient-1-1] DEBUG org.asynchttpclient.netty.channel.DefaultChannelPool - Closed 1 connections out of 1 in 0 ms
16:05:37.214 [Test worker] DEBUG io.github.bonigarcia.wdm.cache.ResolutionCache - Resolution chrome=112 in cache (valid until 16:37:15 20/04/2023 COT)
16:05:37.215 [Test worker] DEBUG io.github.bonigarcia.wdm.cache.ResolutionCache - Resolution chrome112=112.0.5615.49 in cache (valid until 15:46:23 21/04/2023 COT)
16:05:37.215 [Test worker] INFO io.github.bonigarcia.wdm.WebDriverManager - Using chromedriver 112.0.5615.49 (resolved driver for Chrome 112)
16:05:37.218 [Test worker] DEBUG io.github.bonigarcia.wdm.WebDriverManager - Driver chromedriver 112.0.5615.49 found in cache
16:05:37.218 [Test worker] INFO io.github.bonigarcia.wdm.WebDriverManager - Exporting webdriver.chrome.driver as C:\Users\johan\.cache\selenium\chromedriver\win32\112.0.5615.49\chromedriver.exe
16:05:37.335 [Test worker] DEBUG net.serenitybdd.core.webdriver.driverproviders.ProvideNewDriver - Instantiating driver
16:05:37.335 [Test worker] DEBUG net.serenitybdd.core.webdriver.driverproviders.ProvideNewDriver - Driver capabilities: Capabilities {acceptInsecureCerts: false, autodownload: true, browserName: chrome, chrome.silentOutput: true, driver: chrome, goog:chromeOptions: {args: [--start-maximized --disable...], extensions: []}}
16:05:37.880 [AsyncHttpClient-1-10] DEBUG org.asynchttpclient.netty.channel.NettyConnectListener - Using new Channel '[id: 0x7b71ce15, L:/127.0.0.1:53696 - R:localhost/127.0.0.1:63379]' for 'POST' to '/session'
16:05:38.530 [AsyncHttpClient-1-10] DEBUG org.asynchttpclient.netty.handler.HttpHandler - 

Request DefaultHttpRequest(decodeResult: success, version: HTTP/1.1)
POST /session HTTP/1.1
User-Agent: selenium/4.1.2 (java windows)
Content-Length: 776
Content-Type: application/json; charset=utf-8
host: localhost:63379
accept: */*

Response DefaultHttpResponse(decodeResult: success, version: HTTP/1.1)
HTTP/1.1 200 OK
Content-Type: application/json; charset=utf-8
cache-control: no-cache
content-length: 859

16:05:38.531 [AsyncHttpClient-1-10] DEBUG org.asynchttpclient.netty.channel.ChannelManager - Adding key: http://localhost:63379 for channel [id: 0x7b71ce15, L:/127.0.0.1:53696 - R:localhost/127.0.0.1:63379]
16:05:38.563 [AsyncHttpClient-1-11] DEBUG org.asynchttpclient.netty.channel.NettyConnectListener - Using new Channel '[id: 0xf67153c7, L:/127.0.0.1:53703 - R:localhost/127.0.0.1:53697]' for 'GET' to '/json/version'
16:05:38.564 [AsyncHttpClient-1-11] DEBUG org.asynchttpclient.netty.handler.HttpHandler - 

Request DefaultFullHttpRequest(decodeResult: success, version: HTTP/1.1, content: EmptyByteBufBE)
GET /json/version HTTP/1.1
User-Agent: selenium/4.1.2 (java windows)
host: localhost:53697
accept: */*

Response DefaultHttpResponse(decodeResult: success, version: HTTP/1.1)
HTTP/1.1 200 OK
Content-Security-Policy: frame-ancestors 'none'
Content-Type: application/json; charset=UTF-8
content-length: 424

16:05:38.565 [AsyncHttpClient-1-11] DEBUG org.asynchttpclient.netty.channel.ChannelManager - Adding key: http://localhost:53697 for channel [id: 0xf67153c7, L:/127.0.0.1:53703 - R:localhost/127.0.0.1:53697]
16:05:38.578 [AsyncHttpClient-1-12] DEBUG org.asynchttpclient.netty.channel.NettyConnectListener - Using new Channel '[id: 0x414efc9b, L:/127.0.0.1:53704 - R:localhost/127.0.0.1:53697]' for 'GET' to '/devtools/browser/b1d54864-af0f-423e-8751-17af89bea35f'
16:05:38.579 [AsyncHttpClient-1-12] DEBUG org.asynchttpclient.netty.handler.WebSocketHandler - 

Request DefaultFullHttpRequest(decodeResult: success, version: HTTP/1.1, content: EmptyByteBufBE)
GET /devtools/browser/b1d54864-af0f-423e-8751-17af89bea35f HTTP/1.1
upgrade: websocket
connection: upgrade
sec-websocket-key: cxzjbCPSuNMQ1jK5PCjVCQ==
sec-websocket-version: 13
origin: http://localhost:53697
host: localhost:53697
accept: */*
user-agent: AHC/2.1

Response DefaultHttpResponse(decodeResult: success, version: HTTP/1.1)
HTTP/1.1 101 WebSocket Protocol Handshake
Upgrade: WebSocket
Connection: Upgrade
Sec-WebSocket-Accept: LhIgbF11INvgTtyhyKZFC68By7Q=

16:05:38.588 [Forwarding get on session 66f9b6d0c23a96a8babe1a93f2c1b644 to remote] DEBUG org.asynchttpclient.netty.request.NettyRequestSender - Using pooled Channel '[id: 0x7b71ce15, L:/127.0.0.1:53696 - R:localhost/127.0.0.1:63379]' for 'POST' to 'http://localhost:63379/session/66f9b6d0c23a96a8babe1a93f2c1b644/url'
16:05:38.588 [Forwarding get on session 66f9b6d0c23a96a8babe1a93f2c1b644 to remote] DEBUG org.asynchttpclient.netty.request.NettyRequestSender - Using open Channel [id: 0x7b71ce15, L:/127.0.0.1:53696 - R:localhost/127.0.0.1:63379] for POST '/session/66f9b6d0c23a96a8babe1a93f2c1b644/url'
16:05:39.377 [AsyncHttpClient-1-1] DEBUG org.asynchttpclient.netty.channel.DefaultChannelPool - Entry count for : http://localhost:53697 : 1
16:05:40.470 [AsyncHttpClient-1-1] DEBUG org.asynchttpclient.netty.channel.DefaultChannelPool - Entry count for : http://localhost:53697 : 1
16:05:40.747 [AsyncHttpClient-1-10] DEBUG org.asynchttpclient.netty.handler.HttpHandler - 

Request DefaultHttpRequest(decodeResult: success, version: HTTP/1.1)
POST /session/66f9b6d0c23a96a8babe1a93f2c1b644/url HTTP/1.1
User-Agent: selenium/4.1.2 (java windows)
Content-Length: 80
Content-Type: application/json; charset=utf-8
host: localhost:63379
accept: */*

Response DefaultHttpResponse(decodeResult: success, version: HTTP/1.1)
HTTP/1.1 200 OK
Content-Type: application/json; charset=utf-8
cache-control: no-cache
content-length: 14

16:05:40.748 [AsyncHttpClient-1-10] DEBUG org.asynchttpclient.netty.channel.ChannelManager - Adding key: http://localhost:63379 for channel [id: 0x7b71ce15, L:/127.0.0.1:53696 - R:localhost/127.0.0.1:63379]
16:05:40.750 [Forwarding setTimeout on session 66f9b6d0c23a96a8babe1a93f2c1b644 to remote] DEBUG org.asynchttpclient.netty.request.NettyRequestSender - Using pooled Channel '[id: 0x7b71ce15, L:/127.0.0.1:53696 - R:localhost/127.0.0.1:63379]' for 'POST' to 'http://localhost:63379/session/66f9b6d0c23a96a8babe1a93f2c1b644/timeouts'
16:05:40.750 [Forwarding setTimeout on session 66f9b6d0c23a96a8babe1a93f2c1b644 to remote] DEBUG org.asynchttpclient.netty.request.NettyRequestSender - Using open Channel [id: 0x7b71ce15, L:/127.0.0.1:53696 - R:localhost/127.0.0.1:63379] for POST '/session/66f9b6d0c23a96a8babe1a93f2c1b644/timeouts'
16:05:40.753 [AsyncHttpClient-1-10] DEBUG org.asynchttpclient.netty.handler.HttpHandler - 

Request DefaultHttpRequest(decodeResult: success, version: HTTP/1.1)
POST /session/66f9b6d0c23a96a8babe1a93f2c1b644/timeouts HTTP/1.1
User-Agent: selenium/4.1.2 (java windows)
Content-Length: 22
Content-Type: application/json; charset=utf-8
host: localhost:63379
accept: */*

Response DefaultHttpResponse(decodeResult: success, version: HTTP/1.1)
HTTP/1.1 200 OK
Content-Type: application/json; charset=utf-8
cache-control: no-cache
content-length: 14

16:05:40.753 [AsyncHttpClient-1-10] DEBUG org.asynchttpclient.netty.channel.ChannelManager - Adding key: http://localhost:63379 for channel [id: 0x7b71ce15, L:/127.0.0.1:53696 - R:localhost/127.0.0.1:63379]
16:05:40.794 [Forwarding getCurrentUrl on session 66f9b6d0c23a96a8babe1a93f2c1b644 to remote] DEBUG org.asynchttpclient.netty.request.NettyRequestSender - Using pooled Channel '[id: 0x7b71ce15, L:/127.0.0.1:53696 - R:localhost/127.0.0.1:63379]' for 'GET' to 'http://localhost:63379/session/66f9b6d0c23a96a8babe1a93f2c1b644/url'
16:05:40.794 [Forwarding getCurrentUrl on session 66f9b6d0c23a96a8babe1a93f2c1b644 to remote] DEBUG org.asynchttpclient.netty.request.NettyRequestSender - Using open Channel [id: 0x7b71ce15, L:/127.0.0.1:53696 - R:localhost/127.0.0.1:63379] for GET '/session/66f9b6d0c23a96a8babe1a93f2c1b644/url'
16:05:40.801 [AsyncHttpClient-1-10] DEBUG org.asynchttpclient.netty.handler.HttpHandler - 

Request DefaultFullHttpRequest(decodeResult: success, version: HTTP/1.1, content: EmptyByteBufBE)
GET /session/66f9b6d0c23a96a8babe1a93f2c1b644/url HTTP/1.1
User-Agent: selenium/4.1.2 (java windows)
Cache-Control: no-cache
Content-Type: application/json; charset=utf-8
host: localhost:63379
accept: */*

Response DefaultHttpResponse(decodeResult: success, version: HTTP/1.1)
HTTP/1.1 200 OK
Content-Type: application/json; charset=utf-8
cache-control: no-cache
content-length: 57

16:05:40.801 [AsyncHttpClient-1-10] DEBUG org.asynchttpclient.netty.channel.ChannelManager - Adding key: http://localhost:63379 for channel [id: 0x7b71ce15, L:/127.0.0.1:53696 - R:localhost/127.0.0.1:63379]
16:05:40.845 [Forwarding getCurrentUrl on session 66f9b6d0c23a96a8babe1a93f2c1b644 to remote] DEBUG org.asynchttpclient.netty.request.NettyRequestSender - Using pooled Channel '[id: 0x7b71ce15, L:/127.0.0.1:53696 - R:localhost/127.0.0.1:63379]' for 'GET' to 'http://localhost:63379/session/66f9b6d0c23a96a8babe1a93f2c1b644/url'
16:05:40.845 [Forwarding getCurrentUrl on session 66f9b6d0c23a96a8babe1a93f2c1b644 to remote] DEBUG org.asynchttpclient.netty.request.NettyRequestSender - Using open Channel [id: 0x7b71ce15, L:/127.0.0.1:53696 - R:localhost/127.0.0.1:63379] for GET '/session/66f9b6d0c23a96a8babe1a93f2c1b644/url'
16:05:40.851 [AsyncHttpClient-1-10] DEBUG org.asynchttpclient.netty.handler.HttpHandler - 

Request DefaultFullHttpRequest(decodeResult: success, version: HTTP/1.1, content: EmptyByteBufBE)
GET /session/66f9b6d0c23a96a8babe1a93f2c1b644/url HTTP/1.1
User-Agent: selenium/4.1.2 (java windows)
Cache-Control: no-cache
Content-Type: application/json; charset=utf-8
host: localhost:63379
accept: */*

Response DefaultHttpResponse(decodeResult: success, version: HTTP/1.1)
HTTP/1.1 200 OK
Content-Type: application/json; charset=utf-8
cache-control: no-cache
content-length: 57

16:05:40.851 [AsyncHttpClient-1-10] DEBUG org.asynchttpclient.netty.channel.ChannelManager - Adding key: http://localhost:63379 for channel [id: 0x7b71ce15, L:/127.0.0.1:53696 - R:localhost/127.0.0.1:63379]
16:05:40.885 [Forwarding screenshot on session 66f9b6d0c23a96a8babe1a93f2c1b644 to remote] DEBUG org.asynchttpclient.netty.request.NettyRequestSender - Using pooled Channel '[id: 0x7b71ce15, L:/127.0.0.1:53696 - R:localhost/127.0.0.1:63379]' for 'GET' to 'http://localhost:63379/session/66f9b6d0c23a96a8babe1a93f2c1b644/screenshot'
16:05:40.885 [Forwarding screenshot on session 66f9b6d0c23a96a8babe1a93f2c1b644 to remote] DEBUG org.asynchttpclient.netty.request.NettyRequestSender - Using open Channel [id: 0x7b71ce15, L:/127.0.0.1:53696 - R:localhost/127.0.0.1:63379] for GET '/session/66f9b6d0c23a96a8babe1a93f2c1b644/screenshot'
16:05:41.265 [AsyncHttpClient-1-10] DEBUG org.asynchttpclient.netty.handler.HttpHandler - 

Request DefaultFullHttpRequest(decodeResult: success, version: HTTP/1.1, content: EmptyByteBufBE)
GET /session/66f9b6d0c23a96a8babe1a93f2c1b644/screenshot HTTP/1.1
User-Agent: selenium/4.1.2 (java windows)
Cache-Control: no-cache
Content-Type: application/json; charset=utf-8
host: localhost:63379
accept: */*

Response DefaultHttpResponse(decodeResult: success, version: HTTP/1.1)
HTTP/1.1 200 OK
Content-Type: application/json; charset=utf-8
cache-control: no-cache
content-length: 379740

16:05:41.266 [AsyncHttpClient-1-10] DEBUG org.asynchttpclient.netty.channel.ChannelManager - Adding key: http://localhost:63379 for channel [id: 0x7b71ce15, L:/127.0.0.1:53696 - R:localhost/127.0.0.1:63379]
16:05:41.292 [Test worker] DEBUG net.serenitybdd.core.photography.Darkroom - Send negative for processing for C:\Users\johan\OneDrive\Documentos\KONEX\Pruebas automatizadas\automatizacion_login_backoffice_1v\target\2906e0e514c90d11ffaf03067b12110de544ee879fa76ed63b517fad1e2e3380.png
16:05:41.398 [Test worker] DEBUG net.thucydides.core.steps.StepInterceptor - STEP DONE: {0} opens the #targetPage
16:05:41.448 [Forwarding screenshot on session 66f9b6d0c23a96a8babe1a93f2c1b644 to remote] DEBUG org.asynchttpclient.netty.request.NettyRequestSender - Using pooled Channel '[id: 0x7b71ce15, L:/127.0.0.1:53696 - R:localhost/127.0.0.1:63379]' for 'GET' to 'http://localhost:63379/session/66f9b6d0c23a96a8babe1a93f2c1b644/screenshot'
16:05:41.448 [Forwarding screenshot on session 66f9b6d0c23a96a8babe1a93f2c1b644 to remote] DEBUG org.asynchttpclient.netty.request.NettyRequestSender - Using open Channel [id: 0x7b71ce15, L:/127.0.0.1:53696 - R:localhost/127.0.0.1:63379] for GET '/session/66f9b6d0c23a96a8babe1a93f2c1b644/screenshot'
16:05:41.570 [AsyncHttpClient-1-1] DEBUG org.asynchttpclient.netty.channel.DefaultChannelPool - Entry count for : http://localhost:53697 : 1
16:05:41.843 [AsyncHttpClient-1-10] DEBUG org.asynchttpclient.netty.handler.HttpHandler - 

Request DefaultFullHttpRequest(decodeResult: success, version: HTTP/1.1, content: EmptyByteBufBE)
GET /session/66f9b6d0c23a96a8babe1a93f2c1b644/screenshot HTTP/1.1
User-Agent: selenium/4.1.2 (java windows)
Cache-Control: no-cache
Content-Type: application/json; charset=utf-8
host: localhost:63379
accept: */*

Response DefaultHttpResponse(decodeResult: success, version: HTTP/1.1)
HTTP/1.1 200 OK
Content-Type: application/json; charset=utf-8
cache-control: no-cache
content-length: 379772

16:05:41.844 [AsyncHttpClient-1-10] DEBUG org.asynchttpclient.netty.channel.ChannelManager - Adding key: http://localhost:63379 for channel [id: 0x7b71ce15, L:/127.0.0.1:53696 - R:localhost/127.0.0.1:63379]
16:05:41.869 [Test worker] DEBUG net.serenitybdd.core.photography.Darkroom - Send negative for processing for C:\Users\johan\OneDrive\Documentos\KONEX\Pruebas automatizadas\automatizacion_login_backoffice_1v\target\827eba772fc8c0a7b9dfb33684fbbfab2dbf1f790c8339d229e180e243a6dda7.png
16:05:41.981 [Test worker] DEBUG net.thucydides.core.steps.StepInterceptor - STEP DONE: performAs
16:05:42.044 [Forwarding screenshot on session 66f9b6d0c23a96a8babe1a93f2c1b644 to remote] DEBUG org.asynchttpclient.netty.request.NettyRequestSender - Using pooled Channel '[id: 0x7b71ce15, L:/127.0.0.1:53696 - R:localhost/127.0.0.1:63379]' for 'GET' to 'http://localhost:63379/session/66f9b6d0c23a96a8babe1a93f2c1b644/screenshot'
16:05:42.044 [Forwarding screenshot on session 66f9b6d0c23a96a8babe1a93f2c1b644 to remote] DEBUG org.asynchttpclient.netty.request.NettyRequestSender - Using open Channel [id: 0x7b71ce15, L:/127.0.0.1:53696 - R:localhost/127.0.0.1:63379] for GET '/session/66f9b6d0c23a96a8babe1a93f2c1b644/screenshot'
16:05:42.288 [AsyncHttpClient-1-10] DEBUG org.asynchttpclient.netty.handler.HttpHandler - 

Request DefaultFullHttpRequest(decodeResult: success, version: HTTP/1.1, content: EmptyByteBufBE)
GET /session/66f9b6d0c23a96a8babe1a93f2c1b644/screenshot HTTP/1.1
User-Agent: selenium/4.1.2 (java windows)
Cache-Control: no-cache
Content-Type: application/json; charset=utf-8
host: localhost:63379
accept: */*

Response DefaultHttpResponse(decodeResult: success, version: HTTP/1.1)
HTTP/1.1 200 OK
Content-Type: application/json; charset=utf-8
cache-control: no-cache
content-length: 379740

16:05:42.289 [AsyncHttpClient-1-10] DEBUG org.asynchttpclient.netty.channel.ChannelManager - Adding key: http://localhost:63379 for channel [id: 0x7b71ce15, L:/127.0.0.1:53696 - R:localhost/127.0.0.1:63379]
16:05:42.300 [Test worker] DEBUG net.serenitybdd.core.photography.Darkroom - Send negative for processing for C:\Users\johan\OneDrive\Documentos\KONEX\Pruebas automatizadas\automatizacion_login_backoffice_1v\target\2906e0e514c90d11ffaf03067b12110de544ee879fa76ed63b517fad1e2e3380.png
16:05:42.444 [Forwarding screenshot on session 66f9b6d0c23a96a8babe1a93f2c1b644 to remote] DEBUG org.asynchttpclient.netty.request.NettyRequestSender - Using pooled Channel '[id: 0x7b71ce15, L:/127.0.0.1:53696 - R:localhost/127.0.0.1:63379]' for 'GET' to 'http://localhost:63379/session/66f9b6d0c23a96a8babe1a93f2c1b644/screenshot'
16:05:42.444 [Forwarding screenshot on session 66f9b6d0c23a96a8babe1a93f2c1b644 to remote] DEBUG org.asynchttpclient.netty.request.NettyRequestSender - Using open Channel [id: 0x7b71ce15, L:/127.0.0.1:53696 - R:localhost/127.0.0.1:63379] for GET '/session/66f9b6d0c23a96a8babe1a93f2c1b644/screenshot'
16:05:42.626 [AsyncHttpClient-1-10] DEBUG org.asynchttpclient.netty.handler.HttpHandler - 

Request DefaultFullHttpRequest(decodeResult: success, version: HTTP/1.1, content: EmptyByteBufBE)
GET /session/66f9b6d0c23a96a8babe1a93f2c1b644/screenshot HTTP/1.1
User-Agent: selenium/4.1.2 (java windows)
Cache-Control: no-cache
Content-Type: application/json; charset=utf-8
host: localhost:63379
accept: */*

Response DefaultHttpResponse(decodeResult: success, version: HTTP/1.1)
HTTP/1.1 200 OK
Content-Type: application/json; charset=utf-8
cache-control: no-cache
content-length: 379772

16:05:42.626 [AsyncHttpClient-1-10] DEBUG org.asynchttpclient.netty.channel.ChannelManager - Adding key: http://localhost:63379 for channel [id: 0x7b71ce15, L:/127.0.0.1:53696 - R:localhost/127.0.0.1:63379]
16:05:42.638 [Test worker] DEBUG net.serenitybdd.core.photography.Darkroom - Send negative for processing for C:\Users\johan\OneDrive\Documentos\KONEX\Pruebas automatizadas\automatizacion_login_backoffice_1v\target\827eba772fc8c0a7b9dfb33684fbbfab2dbf1f790c8339d229e180e243a6dda7.png
16:05:42.656 [Test worker] DEBUG net.thucydides.core.steps.StepInterceptor - STARTING STEP: MyStepdefinitions.digitaUsuarioYContrasennaDelUsuario - performAs
16:05:42.671 [AsyncHttpClient-1-1] DEBUG org.asynchttpclient.netty.channel.DefaultChannelPool - Entry count for : http://localhost:63379 : 1
16:05:42.671 [AsyncHttpClient-1-1] DEBUG org.asynchttpclient.netty.channel.DefaultChannelPool - Entry count for : http://localhost:53697 : 1
16:05:42.673 [Test worker] DEBUG net.thucydides.core.steps.StepInterceptor - STARTING STEP: IngresarBack.performAs - {0} enters #theTextAsAString into #target
16:05:42.681 [Test worker] DEBUG net.serenitybdd.screenplay.targets.IFrameSwitcher - default content already selected for Datos para campo de usuario
16:05:42.681 [Test worker] DEBUG net.serenitybdd.core.pages.WebElementFacadeImpl - Type '[Ljava.lang.CharSequence;@3d2eb7fa' : By.id: username
16:05:42.721 [Forwarding findElement on session 66f9b6d0c23a96a8babe1a93f2c1b644 to remote] DEBUG org.asynchttpclient.netty.request.NettyRequestSender - Using pooled Channel '[id: 0x7b71ce15, L:/127.0.0.1:53696 - R:localhost/127.0.0.1:63379]' for 'POST' to 'http://localhost:63379/session/66f9b6d0c23a96a8babe1a93f2c1b644/element'
16:05:42.721 [Forwarding findElement on session 66f9b6d0c23a96a8babe1a93f2c1b644 to remote] DEBUG org.asynchttpclient.netty.request.NettyRequestSender - Using open Channel [id: 0x7b71ce15, L:/127.0.0.1:53696 - R:localhost/127.0.0.1:63379] for POST '/session/66f9b6d0c23a96a8babe1a93f2c1b644/element'
16:05:42.732 [AsyncHttpClient-1-10] DEBUG org.asynchttpclient.netty.handler.HttpHandler - 

Request DefaultHttpRequest(decodeResult: success, version: HTTP/1.1)
POST /session/66f9b6d0c23a96a8babe1a93f2c1b644/element HTTP/1.1
User-Agent: selenium/4.1.2 (java windows)
Content-Length: 53
Content-Type: application/json; charset=utf-8
host: localhost:63379
accept: */*

Response DefaultHttpResponse(decodeResult: success, version: HTTP/1.1)
HTTP/1.1 200 OK
Content-Type: application/json; charset=utf-8
cache-control: no-cache
content-length: 88

16:05:42.732 [AsyncHttpClient-1-10] DEBUG org.asynchttpclient.netty.channel.ChannelManager - Adding key: http://localhost:63379 for channel [id: 0x7b71ce15, L:/127.0.0.1:53696 - R:localhost/127.0.0.1:63379]
16:05:42.733 [Forwarding clearElement on session 66f9b6d0c23a96a8babe1a93f2c1b644 to remote] DEBUG org.asynchttpclient.netty.request.NettyRequestSender - Using pooled Channel '[id: 0x7b71ce15, L:/127.0.0.1:53696 - R:localhost/127.0.0.1:63379]' for 'POST' to 'http://localhost:63379/session/66f9b6d0c23a96a8babe1a93f2c1b644/element/06199a5d-1d18-444c-8efc-a90e5486701f/clear'
16:05:42.733 [Forwarding clearElement on session 66f9b6d0c23a96a8babe1a93f2c1b644 to remote] DEBUG org.asynchttpclient.netty.request.NettyRequestSender - Using open Channel [id: 0x7b71ce15, L:/127.0.0.1:53696 - R:localhost/127.0.0.1:63379] for POST '/session/66f9b6d0c23a96a8babe1a93f2c1b644/element/06199a5d-1d18-444c-8efc-a90e5486701f/clear'
16:05:42.760 [AsyncHttpClient-1-10] DEBUG org.asynchttpclient.netty.handler.HttpHandler - 

Request DefaultHttpRequest(decodeResult: success, version: HTTP/1.1)
POST /session/66f9b6d0c23a96a8babe1a93f2c1b644/element/06199a5d-1d18-444c-8efc-a90e5486701f/clear HTTP/1.1
User-Agent: selenium/4.1.2 (java windows)
Content-Length: 50
Content-Type: application/json; charset=utf-8
host: localhost:63379
accept: */*

Response DefaultHttpResponse(decodeResult: success, version: HTTP/1.1)
HTTP/1.1 200 OK
Content-Type: application/json; charset=utf-8
cache-control: no-cache
content-length: 14

16:05:42.760 [AsyncHttpClient-1-10] DEBUG org.asynchttpclient.netty.channel.ChannelManager - Adding key: http://localhost:63379 for channel [id: 0x7b71ce15, L:/127.0.0.1:53696 - R:localhost/127.0.0.1:63379]
16:05:42.772 [Forwarding sendKeysToElement on session 66f9b6d0c23a96a8babe1a93f2c1b644 to remote] DEBUG org.asynchttpclient.netty.request.NettyRequestSender - Using pooled Channel '[id: 0x7b71ce15, L:/127.0.0.1:53696 - R:localhost/127.0.0.1:63379]' for 'POST' to 'http://localhost:63379/session/66f9b6d0c23a96a8babe1a93f2c1b644/element/06199a5d-1d18-444c-8efc-a90e5486701f/value'
16:05:42.772 [Forwarding sendKeysToElement on session 66f9b6d0c23a96a8babe1a93f2c1b644 to remote] DEBUG org.asynchttpclient.netty.request.NettyRequestSender - Using open Channel [id: 0x7b71ce15, L:/127.0.0.1:53696 - R:localhost/127.0.0.1:63379] for POST '/session/66f9b6d0c23a96a8babe1a93f2c1b644/element/06199a5d-1d18-444c-8efc-a90e5486701f/value'
16:05:42.807 [AsyncHttpClient-1-10] DEBUG org.asynchttpclient.netty.handler.HttpHandler - 

Request DefaultHttpRequest(decodeResult: success, version: HTTP/1.1)
POST /session/66f9b6d0c23a96a8babe1a93f2c1b644/element/06199a5d-1d18-444c-8efc-a90e5486701f/value HTTP/1.1
User-Agent: selenium/4.1.2 (java windows)
Content-Length: 181
Content-Type: application/json; charset=utf-8
host: localhost:63379
accept: */*

Response DefaultHttpResponse(decodeResult: success, version: HTTP/1.1)
HTTP/1.1 200 OK
Content-Type: application/json; charset=utf-8
cache-control: no-cache
content-length: 14

16:05:42.807 [AsyncHttpClient-1-10] DEBUG org.asynchttpclient.netty.channel.ChannelManager - Adding key: http://localhost:63379 for channel [id: 0x7b71ce15, L:/127.0.0.1:53696 - R:localhost/127.0.0.1:63379]
16:05:42.823 [Forwarding screenshot on session 66f9b6d0c23a96a8babe1a93f2c1b644 to remote] DEBUG org.asynchttpclient.netty.request.NettyRequestSender - Using pooled Channel '[id: 0x7b71ce15, L:/127.0.0.1:53696 - R:localhost/127.0.0.1:63379]' for 'GET' to 'http://localhost:63379/session/66f9b6d0c23a96a8babe1a93f2c1b644/screenshot'
16:05:42.823 [Forwarding screenshot on session 66f9b6d0c23a96a8babe1a93f2c1b644 to remote] DEBUG org.asynchttpclient.netty.request.NettyRequestSender - Using open Channel [id: 0x7b71ce15, L:/127.0.0.1:53696 - R:localhost/127.0.0.1:63379] for GET '/session/66f9b6d0c23a96a8babe1a93f2c1b644/screenshot'
16:05:43.014 [AsyncHttpClient-1-10] DEBUG org.asynchttpclient.netty.handler.HttpHandler - 

Request DefaultFullHttpRequest(decodeResult: success, version: HTTP/1.1, content: EmptyByteBufBE)
GET /session/66f9b6d0c23a96a8babe1a93f2c1b644/screenshot HTTP/1.1
User-Agent: selenium/4.1.2 (java windows)
Cache-Control: no-cache
Content-Type: application/json; charset=utf-8
host: localhost:63379
accept: */*

Response DefaultHttpResponse(decodeResult: success, version: HTTP/1.1)
HTTP/1.1 200 OK
Content-Type: application/json; charset=utf-8
cache-control: no-cache
content-length: 378556

16:05:43.014 [AsyncHttpClient-1-10] DEBUG org.asynchttpclient.netty.channel.ChannelManager - Adding key: http://localhost:63379 for channel [id: 0x7b71ce15, L:/127.0.0.1:53696 - R:localhost/127.0.0.1:63379]
16:05:43.026 [Test worker] DEBUG net.serenitybdd.core.photography.Darkroom - Send negative for processing for C:\Users\johan\OneDrive\Documentos\KONEX\Pruebas automatizadas\automatizacion_login_backoffice_1v\target\b2131b5351e40cdf26ce2d5008599303633ea38aa5bb101fc9a68e279d453777.png
16:05:43.161 [Test worker] DEBUG net.thucydides.core.steps.StepInterceptor - STEP DONE: {0} enters #theTextAsAString into #target
16:05:43.176 [Forwarding screenshot on session 66f9b6d0c23a96a8babe1a93f2c1b644 to remote] DEBUG org.asynchttpclient.netty.request.NettyRequestSender - Using pooled Channel '[id: 0x7b71ce15, L:/127.0.0.1:53696 - R:localhost/127.0.0.1:63379]' for 'GET' to 'http://localhost:63379/session/66f9b6d0c23a96a8babe1a93f2c1b644/screenshot'
16:05:43.176 [Forwarding screenshot on session 66f9b6d0c23a96a8babe1a93f2c1b644 to remote] DEBUG org.asynchttpclient.netty.request.NettyRequestSender - Using open Channel [id: 0x7b71ce15, L:/127.0.0.1:53696 - R:localhost/127.0.0.1:63379] for GET '/session/66f9b6d0c23a96a8babe1a93f2c1b644/screenshot'
16:05:43.356 [AsyncHttpClient-1-10] DEBUG org.asynchttpclient.netty.handler.HttpHandler - 

Request DefaultFullHttpRequest(decodeResult: success, version: HTTP/1.1, content: EmptyByteBufBE)
GET /session/66f9b6d0c23a96a8babe1a93f2c1b644/screenshot HTTP/1.1
User-Agent: selenium/4.1.2 (java windows)
Cache-Control: no-cache
Content-Type: application/json; charset=utf-8
host: localhost:63379
accept: */*

Response DefaultHttpResponse(decodeResult: success, version: HTTP/1.1)
HTTP/1.1 200 OK
Content-Type: application/json; charset=utf-8
cache-control: no-cache
content-length: 378556

16:05:43.356 [AsyncHttpClient-1-10] DEBUG org.asynchttpclient.netty.channel.ChannelManager - Adding key: http://localhost:63379 for channel [id: 0x7b71ce15, L:/127.0.0.1:53696 - R:localhost/127.0.0.1:63379]
16:05:43.368 [Test worker] DEBUG net.serenitybdd.core.photography.Darkroom - Send negative for processing for C:\Users\johan\OneDrive\Documentos\KONEX\Pruebas automatizadas\automatizacion_login_backoffice_1v\target\b2131b5351e40cdf26ce2d5008599303633ea38aa5bb101fc9a68e279d453777.png
16:05:43.368 [Test worker] DEBUG net.thucydides.core.steps.StepInterceptor - STARTING STEP: IngresarBack.performAs - {0} enters #theTextAsAString into #target
16:05:43.377 [Test worker] DEBUG net.serenitybdd.screenplay.targets.IFrameSwitcher - default content already selected for Datos para campo contrasenna
16:05:43.377 [Test worker] DEBUG net.serenitybdd.core.pages.WebElementFacadeImpl - Type '[Ljava.lang.CharSequence;@28c7fd9d' : By.id: clave
16:05:43.413 [Forwarding findElement on session 66f9b6d0c23a96a8babe1a93f2c1b644 to remote] DEBUG org.asynchttpclient.netty.request.NettyRequestSender - Using pooled Channel '[id: 0x7b71ce15, L:/127.0.0.1:53696 - R:localhost/127.0.0.1:63379]' for 'POST' to 'http://localhost:63379/session/66f9b6d0c23a96a8babe1a93f2c1b644/element'
16:05:43.413 [Forwarding findElement on session 66f9b6d0c23a96a8babe1a93f2c1b644 to remote] DEBUG org.asynchttpclient.netty.request.NettyRequestSender - Using open Channel [id: 0x7b71ce15, L:/127.0.0.1:53696 - R:localhost/127.0.0.1:63379] for POST '/session/66f9b6d0c23a96a8babe1a93f2c1b644/element'
16:05:43.422 [AsyncHttpClient-1-10] DEBUG org.asynchttpclient.netty.handler.HttpHandler - 

Request DefaultHttpRequest(decodeResult: success, version: HTTP/1.1)
POST /session/66f9b6d0c23a96a8babe1a93f2c1b644/element HTTP/1.1
User-Agent: selenium/4.1.2 (java windows)
Content-Length: 50
Content-Type: application/json; charset=utf-8
host: localhost:63379
accept: */*

Response DefaultHttpResponse(decodeResult: success, version: HTTP/1.1)
HTTP/1.1 200 OK
Content-Type: application/json; charset=utf-8
cache-control: no-cache
content-length: 88

16:05:43.422 [AsyncHttpClient-1-10] DEBUG org.asynchttpclient.netty.channel.ChannelManager - Adding key: http://localhost:63379 for channel [id: 0x7b71ce15, L:/127.0.0.1:53696 - R:localhost/127.0.0.1:63379]
16:05:43.423 [Forwarding clearElement on session 66f9b6d0c23a96a8babe1a93f2c1b644 to remote] DEBUG org.asynchttpclient.netty.request.NettyRequestSender - Using pooled Channel '[id: 0x7b71ce15, L:/127.0.0.1:53696 - R:localhost/127.0.0.1:63379]' for 'POST' to 'http://localhost:63379/session/66f9b6d0c23a96a8babe1a93f2c1b644/element/7b086b80-a7ac-49e4-a550-7d93dccc934c/clear'
16:05:43.423 [Forwarding clearElement on session 66f9b6d0c23a96a8babe1a93f2c1b644 to remote] DEBUG org.asynchttpclient.netty.request.NettyRequestSender - Using open Channel [id: 0x7b71ce15, L:/127.0.0.1:53696 - R:localhost/127.0.0.1:63379] for POST '/session/66f9b6d0c23a96a8babe1a93f2c1b644/element/7b086b80-a7ac-49e4-a550-7d93dccc934c/clear'
16:05:43.452 [AsyncHttpClient-1-10] DEBUG org.asynchttpclient.netty.handler.HttpHandler - 

Request DefaultHttpRequest(decodeResult: success, version: HTTP/1.1)
POST /session/66f9b6d0c23a96a8babe1a93f2c1b644/element/7b086b80-a7ac-49e4-a550-7d93dccc934c/clear HTTP/1.1
User-Agent: selenium/4.1.2 (java windows)
Content-Length: 50
Content-Type: application/json; charset=utf-8
host: localhost:63379
accept: */*

Response DefaultHttpResponse(decodeResult: success, version: HTTP/1.1)
HTTP/1.1 200 OK
Content-Type: application/json; charset=utf-8
cache-control: no-cache
content-length: 14

16:05:43.453 [AsyncHttpClient-1-10] DEBUG org.asynchttpclient.netty.channel.ChannelManager - Adding key: http://localhost:63379 for channel [id: 0x7b71ce15, L:/127.0.0.1:53696 - R:localhost/127.0.0.1:63379]
16:05:43.464 [Forwarding sendKeysToElement on session 66f9b6d0c23a96a8babe1a93f2c1b644 to remote] DEBUG org.asynchttpclient.netty.request.NettyRequestSender - Using pooled Channel '[id: 0x7b71ce15, L:/127.0.0.1:53696 - R:localhost/127.0.0.1:63379]' for 'POST' to 'http://localhost:63379/session/66f9b6d0c23a96a8babe1a93f2c1b644/element/7b086b80-a7ac-49e4-a550-7d93dccc934c/value'
16:05:43.464 [Forwarding sendKeysToElement on session 66f9b6d0c23a96a8babe1a93f2c1b644 to remote] DEBUG org.asynchttpclient.netty.request.NettyRequestSender - Using open Channel [id: 0x7b71ce15, L:/127.0.0.1:53696 - R:localhost/127.0.0.1:63379] for POST '/session/66f9b6d0c23a96a8babe1a93f2c1b644/element/7b086b80-a7ac-49e4-a550-7d93dccc934c/value'
16:05:43.512 [AsyncHttpClient-1-10] DEBUG org.asynchttpclient.netty.handler.HttpHandler - 

Request DefaultHttpRequest(decodeResult: success, version: HTTP/1.1)
POST /session/66f9b6d0c23a96a8babe1a93f2c1b644/element/7b086b80-a7ac-49e4-a550-7d93dccc934c/value HTTP/1.1
User-Agent: selenium/4.1.2 (java windows)
Content-Length: 151
Content-Type: application/json; charset=utf-8
host: localhost:63379
accept: */*

Response DefaultHttpResponse(decodeResult: success, version: HTTP/1.1)
HTTP/1.1 200 OK
Content-Type: application/json; charset=utf-8
cache-control: no-cache
content-length: 14

16:05:43.512 [AsyncHttpClient-1-10] DEBUG org.asynchttpclient.netty.channel.ChannelManager - Adding key: http://localhost:63379 for channel [id: 0x7b71ce15, L:/127.0.0.1:53696 - R:localhost/127.0.0.1:63379]
16:05:43.530 [Forwarding screenshot on session 66f9b6d0c23a96a8babe1a93f2c1b644 to remote] DEBUG org.asynchttpclient.netty.request.NettyRequestSender - Using pooled Channel '[id: 0x7b71ce15, L:/127.0.0.1:53696 - R:localhost/127.0.0.1:63379]' for 'GET' to 'http://localhost:63379/session/66f9b6d0c23a96a8babe1a93f2c1b644/screenshot'
16:05:43.530 [Forwarding screenshot on session 66f9b6d0c23a96a8babe1a93f2c1b644 to remote] DEBUG org.asynchttpclient.netty.request.NettyRequestSender - Using open Channel [id: 0x7b71ce15, L:/127.0.0.1:53696 - R:localhost/127.0.0.1:63379] for GET '/session/66f9b6d0c23a96a8babe1a93f2c1b644/screenshot'
16:05:43.707 [AsyncHttpClient-1-10] DEBUG org.asynchttpclient.netty.handler.HttpHandler - 

Request DefaultFullHttpRequest(decodeResult: success, version: HTTP/1.1, content: EmptyByteBufBE)
GET /session/66f9b6d0c23a96a8babe1a93f2c1b644/screenshot HTTP/1.1
User-Agent: selenium/4.1.2 (java windows)
Cache-Control: no-cache
Content-Type: application/json; charset=utf-8
host: localhost:63379
accept: */*

Response DefaultHttpResponse(decodeResult: success, version: HTTP/1.1)
HTTP/1.1 200 OK
Content-Type: application/json; charset=utf-8
cache-control: no-cache
content-length: 376396

16:05:43.708 [AsyncHttpClient-1-10] DEBUG org.asynchttpclient.netty.channel.ChannelManager - Adding key: http://localhost:63379 for channel [id: 0x7b71ce15, L:/127.0.0.1:53696 - R:localhost/127.0.0.1:63379]
16:05:43.725 [Test worker] DEBUG net.serenitybdd.core.photography.Darkroom - Send negative for processing for C:\Users\johan\OneDrive\Documentos\KONEX\Pruebas automatizadas\automatizacion_login_backoffice_1v\target\851ec200f32afb64d73498b10d72bbbfb7339f9333872a8cf834d9ddea04cafc.png
16:05:43.776 [AsyncHttpClient-1-1] DEBUG org.asynchttpclient.netty.channel.DefaultChannelPool - Entry count for : http://localhost:63379 : 1
16:05:43.776 [AsyncHttpClient-1-1] DEBUG org.asynchttpclient.netty.channel.DefaultChannelPool - Entry count for : http://localhost:53697 : 1
16:05:43.855 [Test worker] DEBUG net.thucydides.core.steps.StepInterceptor - STEP DONE: {0} enters #theTextAsAString into #target
16:05:43.875 [Forwarding screenshot on session 66f9b6d0c23a96a8babe1a93f2c1b644 to remote] DEBUG org.asynchttpclient.netty.request.NettyRequestSender - Using pooled Channel '[id: 0x7b71ce15, L:/127.0.0.1:53696 - R:localhost/127.0.0.1:63379]' for 'GET' to 'http://localhost:63379/session/66f9b6d0c23a96a8babe1a93f2c1b644/screenshot'
16:05:43.875 [Forwarding screenshot on session 66f9b6d0c23a96a8babe1a93f2c1b644 to remote] DEBUG org.asynchttpclient.netty.request.NettyRequestSender - Using open Channel [id: 0x7b71ce15, L:/127.0.0.1:53696 - R:localhost/127.0.0.1:63379] for GET '/session/66f9b6d0c23a96a8babe1a93f2c1b644/screenshot'
16:05:44.058 [AsyncHttpClient-1-10] DEBUG org.asynchttpclient.netty.handler.HttpHandler - 

Request DefaultFullHttpRequest(decodeResult: success, version: HTTP/1.1, content: EmptyByteBufBE)
GET /session/66f9b6d0c23a96a8babe1a93f2c1b644/screenshot HTTP/1.1
User-Agent: selenium/4.1.2 (java windows)
Cache-Control: no-cache
Content-Type: application/json; charset=utf-8
host: localhost:63379
accept: */*

Response DefaultHttpResponse(decodeResult: success, version: HTTP/1.1)
HTTP/1.1 200 OK
Content-Type: application/json; charset=utf-8
cache-control: no-cache
content-length: 376396

16:05:44.058 [AsyncHttpClient-1-10] DEBUG org.asynchttpclient.netty.channel.ChannelManager - Adding key: http://localhost:63379 for channel [id: 0x7b71ce15, L:/127.0.0.1:53696 - R:localhost/127.0.0.1:63379]
16:05:44.071 [Test worker] DEBUG net.serenitybdd.core.photography.Darkroom - Send negative for processing for C:\Users\johan\OneDrive\Documentos\KONEX\Pruebas automatizadas\automatizacion_login_backoffice_1v\target\851ec200f32afb64d73498b10d72bbbfb7339f9333872a8cf834d9ddea04cafc.png
16:05:44.071 [Test worker] DEBUG net.thucydides.core.steps.StepInterceptor - STARTING STEP: IngresarBack.performAs - {0} clicks on #target
16:05:44.071 [Test worker] DEBUG net.serenitybdd.screenplay.targets.IFrameSwitcher - default content already selected for Boton iniciar sesion
16:05:44.132 [Forwarding findElement on session 66f9b6d0c23a96a8babe1a93f2c1b644 to remote] DEBUG org.asynchttpclient.netty.request.NettyRequestSender - Using pooled Channel '[id: 0x7b71ce15, L:/127.0.0.1:53696 - R:localhost/127.0.0.1:63379]' for 'POST' to 'http://localhost:63379/session/66f9b6d0c23a96a8babe1a93f2c1b644/element'
16:05:44.133 [Forwarding findElement on session 66f9b6d0c23a96a8babe1a93f2c1b644 to remote] DEBUG org.asynchttpclient.netty.request.NettyRequestSender - Using open Channel [id: 0x7b71ce15, L:/127.0.0.1:53696 - R:localhost/127.0.0.1:63379] for POST '/session/66f9b6d0c23a96a8babe1a93f2c1b644/element'
16:05:44.143 [AsyncHttpClient-1-10] DEBUG org.asynchttpclient.netty.handler.HttpHandler - 

Request DefaultHttpRequest(decodeResult: success, version: HTTP/1.1)
POST /session/66f9b6d0c23a96a8babe1a93f2c1b644/element HTTP/1.1
User-Agent: selenium/4.1.2 (java windows)
Content-Length: 89
Content-Type: application/json; charset=utf-8
host: localhost:63379
accept: */*

Response DefaultHttpResponse(decodeResult: success, version: HTTP/1.1)
HTTP/1.1 200 OK
Content-Type: application/json; charset=utf-8
cache-control: no-cache
content-length: 88

16:05:44.144 [AsyncHttpClient-1-10] DEBUG org.asynchttpclient.netty.channel.ChannelManager - Adding key: http://localhost:63379 for channel [id: 0x7b71ce15, L:/127.0.0.1:53696 - R:localhost/127.0.0.1:63379]
16:05:44.155 [Forwarding isElementDisplayed on session 66f9b6d0c23a96a8babe1a93f2c1b644 to remote] DEBUG org.asynchttpclient.netty.request.NettyRequestSender - Using pooled Channel '[id: 0x7b71ce15, L:/127.0.0.1:53696 - R:localhost/127.0.0.1:63379]' for 'POST' to 'http://localhost:63379/session/66f9b6d0c23a96a8babe1a93f2c1b644/execute/sync'
16:05:44.155 [Forwarding isElementDisplayed on session 66f9b6d0c23a96a8babe1a93f2c1b644 to remote] DEBUG org.asynchttpclient.netty.request.NettyRequestSender - Using open Channel [id: 0x7b71ce15, L:/127.0.0.1:53696 - R:localhost/127.0.0.1:63379] for POST '/session/66f9b6d0c23a96a8babe1a93f2c1b644/execute/sync'
16:05:44.166 [AsyncHttpClient-1-10] DEBUG org.asynchttpclient.netty.handler.HttpHandler - 

Request DefaultHttpRequest(decodeResult: success, version: HTTP/1.1)
POST /session/66f9b6d0c23a96a8babe1a93f2c1b644/execute/sync HTTP/1.1
User-Agent: selenium/4.1.2 (java windows)
Content-Length: 48780
Content-Type: application/json; charset=utf-8
host: localhost:63379
accept: */*

Response DefaultHttpResponse(decodeResult: success, version: HTTP/1.1)
HTTP/1.1 200 OK
Content-Type: application/json; charset=utf-8
cache-control: no-cache
content-length: 14

16:05:44.166 [AsyncHttpClient-1-10] DEBUG org.asynchttpclient.netty.channel.ChannelManager - Adding key: http://localhost:63379 for channel [id: 0x7b71ce15, L:/127.0.0.1:53696 - R:localhost/127.0.0.1:63379]
16:05:44.167 [Test worker] DEBUG net.serenitybdd.core.pages.WebElementFacadeImpl - click : By.xpath: //span[contains(text(),'INICIAR SESIÓN')]
16:05:44.183 [Forwarding findElement on session 66f9b6d0c23a96a8babe1a93f2c1b644 to remote] DEBUG org.asynchttpclient.netty.request.NettyRequestSender - Using pooled Channel '[id: 0x7b71ce15, L:/127.0.0.1:53696 - R:localhost/127.0.0.1:63379]' for 'POST' to 'http://localhost:63379/session/66f9b6d0c23a96a8babe1a93f2c1b644/element'
16:05:44.183 [Forwarding findElement on session 66f9b6d0c23a96a8babe1a93f2c1b644 to remote] DEBUG org.asynchttpclient.netty.request.NettyRequestSender - Using open Channel [id: 0x7b71ce15, L:/127.0.0.1:53696 - R:localhost/127.0.0.1:63379] for POST '/session/66f9b6d0c23a96a8babe1a93f2c1b644/element'
16:05:44.196 [AsyncHttpClient-1-10] DEBUG org.asynchttpclient.netty.handler.HttpHandler - 

Request DefaultHttpRequest(decodeResult: success, version: HTTP/1.1)
POST /session/66f9b6d0c23a96a8babe1a93f2c1b644/element HTTP/1.1
User-Agent: selenium/4.1.2 (java windows)
Content-Length: 89
Content-Type: application/json; charset=utf-8
host: localhost:63379
accept: */*

Response DefaultHttpResponse(decodeResult: success, version: HTTP/1.1)
HTTP/1.1 200 OK
Content-Type: application/json; charset=utf-8
cache-control: no-cache
content-length: 88

16:05:44.196 [AsyncHttpClient-1-10] DEBUG org.asynchttpclient.netty.channel.ChannelManager - Adding key: http://localhost:63379 for channel [id: 0x7b71ce15, L:/127.0.0.1:53696 - R:localhost/127.0.0.1:63379]
16:05:44.198 [Forwarding clickElement on session 66f9b6d0c23a96a8babe1a93f2c1b644 to remote] DEBUG org.asynchttpclient.netty.request.NettyRequestSender - Using pooled Channel '[id: 0x7b71ce15, L:/127.0.0.1:53696 - R:localhost/127.0.0.1:63379]' for 'POST' to 'http://localhost:63379/session/66f9b6d0c23a96a8babe1a93f2c1b644/element/51a30325-6252-4dbc-9278-1f6dc8a20edb/click'
16:05:44.198 [Forwarding clickElement on session 66f9b6d0c23a96a8babe1a93f2c1b644 to remote] DEBUG org.asynchttpclient.netty.request.NettyRequestSender - Using open Channel [id: 0x7b71ce15, L:/127.0.0.1:53696 - R:localhost/127.0.0.1:63379] for POST '/session/66f9b6d0c23a96a8babe1a93f2c1b644/element/51a30325-6252-4dbc-9278-1f6dc8a20edb/click'
16:05:44.265 [AsyncHttpClient-1-10] DEBUG org.asynchttpclient.netty.handler.HttpHandler - 

Request DefaultHttpRequest(decodeResult: success, version: HTTP/1.1)
POST /session/66f9b6d0c23a96a8babe1a93f2c1b644/element/51a30325-6252-4dbc-9278-1f6dc8a20edb/click HTTP/1.1
User-Agent: selenium/4.1.2 (java windows)
Content-Length: 50
Content-Type: application/json; charset=utf-8
host: localhost:63379
accept: */*

Response DefaultHttpResponse(decodeResult: success, version: HTTP/1.1)
HTTP/1.1 200 OK
Content-Type: application/json; charset=utf-8
cache-control: no-cache
content-length: 14

16:05:44.265 [AsyncHttpClient-1-10] DEBUG org.asynchttpclient.netty.channel.ChannelManager - Adding key: http://localhost:63379 for channel [id: 0x7b71ce15, L:/127.0.0.1:53696 - R:localhost/127.0.0.1:63379]
16:05:44.301 [Forwarding screenshot on session 66f9b6d0c23a96a8babe1a93f2c1b644 to remote] DEBUG org.asynchttpclient.netty.request.NettyRequestSender - Using pooled Channel '[id: 0x7b71ce15, L:/127.0.0.1:53696 - R:localhost/127.0.0.1:63379]' for 'GET' to 'http://localhost:63379/session/66f9b6d0c23a96a8babe1a93f2c1b644/screenshot'
16:05:44.301 [Forwarding screenshot on session 66f9b6d0c23a96a8babe1a93f2c1b644 to remote] DEBUG org.asynchttpclient.netty.request.NettyRequestSender - Using open Channel [id: 0x7b71ce15, L:/127.0.0.1:53696 - R:localhost/127.0.0.1:63379] for GET '/session/66f9b6d0c23a96a8babe1a93f2c1b644/screenshot'
16:05:44.725 [AsyncHttpClient-1-10] DEBUG org.asynchttpclient.netty.handler.HttpHandler - 

Request DefaultFullHttpRequest(decodeResult: success, version: HTTP/1.1, content: EmptyByteBufBE)
GET /session/66f9b6d0c23a96a8babe1a93f2c1b644/screenshot HTTP/1.1
User-Agent: selenium/4.1.2 (java windows)
Cache-Control: no-cache
Content-Type: application/json; charset=utf-8
host: localhost:63379
accept: */*

Response DefaultHttpResponse(decodeResult: success, version: HTTP/1.1)
HTTP/1.1 200 OK
Content-Type: application/json; charset=utf-8
cache-control: no-cache
content-length: 356136

16:05:44.726 [AsyncHttpClient-1-10] DEBUG org.asynchttpclient.netty.channel.ChannelManager - Adding key: http://localhost:63379 for channel [id: 0x7b71ce15, L:/127.0.0.1:53696 - R:localhost/127.0.0.1:63379]
16:05:44.750 [Test worker] DEBUG net.serenitybdd.core.photography.Darkroom - Send negative for processing for C:\Users\johan\OneDrive\Documentos\KONEX\Pruebas automatizadas\automatizacion_login_backoffice_1v\target\ce7cba10dfeee7e6c551b5a056a4a823e53f79413c7c771b268e18760810ec25.png
16:05:44.750 [Darkroom Processing Line] DEBUG net.serenitybdd.core.photography.DarkroomProcessingLine - Processing screenshot image in /var/screenshots/screenshot-1669462009477129402
16:05:44.750 [Darkroom Processing Line] DEBUG net.serenitybdd.core.photography.DarkroomProcessingLine - Saving screenshot to C:\Users\johan\OneDrive\Documentos\KONEX\Pruebas automatizadas\automatizacion_login_backoffice_1v\target\ce7cba10dfeee7e6c551b5a056a4a823e53f79413c7c771b268e18760810ec25.png
16:05:44.870 [AsyncHttpClient-1-1] DEBUG org.asynchttpclient.netty.channel.DefaultChannelPool - Entry count for : http://localhost:63379 : 1
16:05:44.870 [AsyncHttpClient-1-1] DEBUG org.asynchttpclient.netty.channel.DefaultChannelPool - Entry count for : http://localhost:53697 : 1
16:05:44.895 [Test worker] DEBUG net.thucydides.core.steps.StepInterceptor - STEP DONE: {0} clicks on #target
16:05:44.945 [Forwarding screenshot on session 66f9b6d0c23a96a8babe1a93f2c1b644 to remote] DEBUG org.asynchttpclient.netty.request.NettyRequestSender - Using pooled Channel '[id: 0x7b71ce15, L:/127.0.0.1:53696 - R:localhost/127.0.0.1:63379]' for 'GET' to 'http://localhost:63379/session/66f9b6d0c23a96a8babe1a93f2c1b644/screenshot'
16:05:44.945 [Forwarding screenshot on session 66f9b6d0c23a96a8babe1a93f2c1b644 to remote] DEBUG org.asynchttpclient.netty.request.NettyRequestSender - Using open Channel [id: 0x7b71ce15, L:/127.0.0.1:53696 - R:localhost/127.0.0.1:63379] for GET '/session/66f9b6d0c23a96a8babe1a93f2c1b644/screenshot'
16:05:45.375 [AsyncHttpClient-1-10] DEBUG org.asynchttpclient.netty.handler.HttpHandler - 

Request DefaultFullHttpRequest(decodeResult: success, version: HTTP/1.1, content: EmptyByteBufBE)
GET /session/66f9b6d0c23a96a8babe1a93f2c1b644/screenshot HTTP/1.1
User-Agent: selenium/4.1.2 (java windows)
Cache-Control: no-cache
Content-Type: application/json; charset=utf-8
host: localhost:63379
accept: */*

Response DefaultHttpResponse(decodeResult: success, version: HTTP/1.1)
HTTP/1.1 200 OK
Content-Type: application/json; charset=utf-8
cache-control: no-cache
content-length: 354764

16:05:45.375 [AsyncHttpClient-1-10] DEBUG org.asynchttpclient.netty.channel.ChannelManager - Adding key: http://localhost:63379 for channel [id: 0x7b71ce15, L:/127.0.0.1:53696 - R:localhost/127.0.0.1:63379]
16:05:45.399 [Test worker] DEBUG net.serenitybdd.core.photography.Darkroom - Send negative for processing for C:\Users\johan\OneDrive\Documentos\KONEX\Pruebas automatizadas\automatizacion_login_backoffice_1v\target\997c7d6a8d274ea63e104e92895194848a129d96b61abbf38d6e5f11a2345879.png
16:05:45.400 [Darkroom Processing Line] DEBUG net.serenitybdd.core.photography.DarkroomProcessingLine - Processing screenshot image in /var/screenshots/screenshot-946125709039426972
16:05:45.400 [Darkroom Processing Line] DEBUG net.serenitybdd.core.photography.DarkroomProcessingLine - Saving screenshot to C:\Users\johan\OneDrive\Documentos\KONEX\Pruebas automatizadas\automatizacion_login_backoffice_1v\target\997c7d6a8d274ea63e104e92895194848a129d96b61abbf38d6e5f11a2345879.png
16:05:45.507 [Test worker] DEBUG net.thucydides.core.steps.StepInterceptor - STEP DONE: performAs
16:05:45.557 [Forwarding screenshot on session 66f9b6d0c23a96a8babe1a93f2c1b644 to remote] DEBUG org.asynchttpclient.netty.request.NettyRequestSender - Using pooled Channel '[id: 0x7b71ce15, L:/127.0.0.1:53696 - R:localhost/127.0.0.1:63379]' for 'GET' to 'http://localhost:63379/session/66f9b6d0c23a96a8babe1a93f2c1b644/screenshot'
16:05:45.557 [Forwarding screenshot on session 66f9b6d0c23a96a8babe1a93f2c1b644 to remote] DEBUG org.asynchttpclient.netty.request.NettyRequestSender - Using open Channel [id: 0x7b71ce15, L:/127.0.0.1:53696 - R:localhost/127.0.0.1:63379] for GET '/session/66f9b6d0c23a96a8babe1a93f2c1b644/screenshot'
16:05:45.933 [AsyncHttpClient-1-10] DEBUG org.asynchttpclient.netty.handler.HttpHandler - 

Request DefaultFullHttpRequest(decodeResult: success, version: HTTP/1.1, content: EmptyByteBufBE)
GET /session/66f9b6d0c23a96a8babe1a93f2c1b644/screenshot HTTP/1.1
User-Agent: selenium/4.1.2 (java windows)
Cache-Control: no-cache
Content-Type: application/json; charset=utf-8
host: localhost:63379
accept: */*

Response DefaultHttpResponse(decodeResult: success, version: HTTP/1.1)
HTTP/1.1 200 OK
Content-Type: application/json; charset=utf-8
cache-control: no-cache
content-length: 387376

16:05:45.934 [AsyncHttpClient-1-10] DEBUG org.asynchttpclient.netty.channel.ChannelManager - Adding key: http://localhost:63379 for channel [id: 0x7b71ce15, L:/127.0.0.1:53696 - R:localhost/127.0.0.1:63379]
16:05:45.960 [Test worker] DEBUG net.serenitybdd.core.photography.Darkroom - Send negative for processing for C:\Users\johan\OneDrive\Documentos\KONEX\Pruebas automatizadas\automatizacion_login_backoffice_1v\target\3a276845fc09f6a6caa0fbd6f336af79ee2cf8ae7b31bd4d0da18b87dbc563f4.png
16:05:45.971 [AsyncHttpClient-1-1] DEBUG org.asynchttpclient.netty.channel.DefaultChannelPool - Entry count for : http://localhost:63379 : 1
16:05:45.971 [AsyncHttpClient-1-1] DEBUG org.asynchttpclient.netty.channel.DefaultChannelPool - Entry count for : http://localhost:53697 : 1
16:05:46.100 [Forwarding screenshot on session 66f9b6d0c23a96a8babe1a93f2c1b644 to remote] DEBUG org.asynchttpclient.netty.request.NettyRequestSender - Using pooled Channel '[id: 0x7b71ce15, L:/127.0.0.1:53696 - R:localhost/127.0.0.1:63379]' for 'GET' to 'http://localhost:63379/session/66f9b6d0c23a96a8babe1a93f2c1b644/screenshot'
16:05:46.100 [Forwarding screenshot on session 66f9b6d0c23a96a8babe1a93f2c1b644 to remote] DEBUG org.asynchttpclient.netty.request.NettyRequestSender - Using open Channel [id: 0x7b71ce15, L:/127.0.0.1:53696 - R:localhost/127.0.0.1:63379] for GET '/session/66f9b6d0c23a96a8babe1a93f2c1b644/screenshot'
16:05:46.498 [AsyncHttpClient-1-10] DEBUG org.asynchttpclient.netty.handler.HttpHandler - 

Request DefaultFullHttpRequest(decodeResult: success, version: HTTP/1.1, content: EmptyByteBufBE)
GET /session/66f9b6d0c23a96a8babe1a93f2c1b644/screenshot HTTP/1.1
User-Agent: selenium/4.1.2 (java windows)
Cache-Control: no-cache
Content-Type: application/json; charset=utf-8
host: localhost:63379
accept: */*

Response DefaultHttpResponse(decodeResult: success, version: HTTP/1.1)
HTTP/1.1 200 OK
Content-Type: application/json; charset=utf-8
cache-control: no-cache
content-length: 387376

16:05:46.499 [AsyncHttpClient-1-10] DEBUG org.asynchttpclient.netty.channel.ChannelManager - Adding key: http://localhost:63379 for channel [id: 0x7b71ce15, L:/127.0.0.1:53696 - R:localhost/127.0.0.1:63379]
16:05:46.525 [Test worker] DEBUG net.serenitybdd.core.photography.Darkroom - Send negative for processing for C:\Users\johan\OneDrive\Documentos\KONEX\Pruebas automatizadas\automatizacion_login_backoffice_1v\target\3a276845fc09f6a6caa0fbd6f336af79ee2cf8ae7b31bd4d0da18b87dbc563f4.png
16:05:46.593 [Test worker] DEBUG net.serenitybdd.screenplay.targets.IFrameSwitcher - default content already selected for Mensaje error credenciales
16:05:46.614 [Forwarding findElements on session 66f9b6d0c23a96a8babe1a93f2c1b644 to remote] DEBUG org.asynchttpclient.netty.request.NettyRequestSender - Using pooled Channel '[id: 0x7b71ce15, L:/127.0.0.1:53696 - R:localhost/127.0.0.1:63379]' for 'POST' to 'http://localhost:63379/session/66f9b6d0c23a96a8babe1a93f2c1b644/elements'
16:05:46.614 [Forwarding findElements on session 66f9b6d0c23a96a8babe1a93f2c1b644 to remote] DEBUG org.asynchttpclient.netty.request.NettyRequestSender - Using open Channel [id: 0x7b71ce15, L:/127.0.0.1:53696 - R:localhost/127.0.0.1:63379] for POST '/session/66f9b6d0c23a96a8babe1a93f2c1b644/elements'
16:05:46.633 [AsyncHttpClient-1-10] DEBUG org.asynchttpclient.netty.handler.HttpHandler - 

Request DefaultHttpRequest(decodeResult: success, version: HTTP/1.1)
POST /session/66f9b6d0c23a96a8babe1a93f2c1b644/elements HTTP/1.1
User-Agent: selenium/4.1.2 (java windows)
Content-Length: 160
Content-Type: application/json; charset=utf-8
host: localhost:63379
accept: */*

Response DefaultHttpResponse(decodeResult: success, version: HTTP/1.1)
HTTP/1.1 200 OK
Content-Type: application/json; charset=utf-8
cache-control: no-cache
content-length: 90

16:05:46.633 [AsyncHttpClient-1-10] DEBUG org.asynchttpclient.netty.channel.ChannelManager - Adding key: http://localhost:63379 for channel [id: 0x7b71ce15, L:/127.0.0.1:53696 - R:localhost/127.0.0.1:63379]
16:05:46.671 [Forwarding getElementText on session 66f9b6d0c23a96a8babe1a93f2c1b644 to remote] DEBUG org.asynchttpclient.netty.request.NettyRequestSender - Using pooled Channel '[id: 0x7b71ce15, L:/127.0.0.1:53696 - R:localhost/127.0.0.1:63379]' for 'GET' to 'http://localhost:63379/session/66f9b6d0c23a96a8babe1a93f2c1b644/element/ec22036a-bf8f-46e8-815a-06d0847b8f56/text'
16:05:46.671 [Forwarding getElementText on session 66f9b6d0c23a96a8babe1a93f2c1b644 to remote] DEBUG org.asynchttpclient.netty.request.NettyRequestSender - Using open Channel [id: 0x7b71ce15, L:/127.0.0.1:53696 - R:localhost/127.0.0.1:63379] for GET '/session/66f9b6d0c23a96a8babe1a93f2c1b644/element/ec22036a-bf8f-46e8-815a-06d0847b8f56/text'
16:05:46.693 [AsyncHttpClient-1-10] DEBUG org.asynchttpclient.netty.handler.HttpHandler - 

Request DefaultFullHttpRequest(decodeResult: success, version: HTTP/1.1, content: EmptyByteBufBE)
GET /session/66f9b6d0c23a96a8babe1a93f2c1b644/element/ec22036a-bf8f-46e8-815a-06d0847b8f56/text HTTP/1.1
User-Agent: selenium/4.1.2 (java windows)
Cache-Control: no-cache
Content-Type: application/json; charset=utf-8
host: localhost:63379
accept: */*

Response DefaultHttpResponse(decodeResult: success, version: HTTP/1.1)
HTTP/1.1 200 OK
Content-Type: application/json; charset=utf-8
cache-control: no-cache
content-length: 70

16:05:46.693 [AsyncHttpClient-1-10] DEBUG org.asynchttpclient.netty.channel.ChannelManager - Adding key: http://localhost:63379 for channel [id: 0x7b71ce15, L:/127.0.0.1:53696 - R:localhost/127.0.0.1:63379]
16:05:46.722 [Forwarding screenshot on session 66f9b6d0c23a96a8babe1a93f2c1b644 to remote] DEBUG org.asynchttpclient.netty.request.NettyRequestSender - Using pooled Channel '[id: 0x7b71ce15, L:/127.0.0.1:53696 - R:localhost/127.0.0.1:63379]' for 'GET' to 'http://localhost:63379/session/66f9b6d0c23a96a8babe1a93f2c1b644/screenshot'
16:05:46.722 [Forwarding screenshot on session 66f9b6d0c23a96a8babe1a93f2c1b644 to remote] DEBUG org.asynchttpclient.netty.request.NettyRequestSender - Using open Channel [id: 0x7b71ce15, L:/127.0.0.1:53696 - R:localhost/127.0.0.1:63379] for GET '/session/66f9b6d0c23a96a8babe1a93f2c1b644/screenshot'
16:05:47.070 [AsyncHttpClient-1-1] DEBUG org.asynchttpclient.netty.channel.DefaultChannelPool - Entry count for : http://localhost:53697 : 1
16:05:47.104 [AsyncHttpClient-1-10] DEBUG org.asynchttpclient.netty.handler.HttpHandler - 

Request DefaultFullHttpRequest(decodeResult: success, version: HTTP/1.1, content: EmptyByteBufBE)
GET /session/66f9b6d0c23a96a8babe1a93f2c1b644/screenshot HTTP/1.1
User-Agent: selenium/4.1.2 (java windows)
Cache-Control: no-cache
Content-Type: application/json; charset=utf-8
host: localhost:63379
accept: */*

Response DefaultHttpResponse(decodeResult: success, version: HTTP/1.1)
HTTP/1.1 200 OK
Content-Type: application/json; charset=utf-8
cache-control: no-cache
content-length: 387376

16:05:47.105 [AsyncHttpClient-1-10] DEBUG org.asynchttpclient.netty.channel.ChannelManager - Adding key: http://localhost:63379 for channel [id: 0x7b71ce15, L:/127.0.0.1:53696 - R:localhost/127.0.0.1:63379]
16:05:47.132 [Test worker] DEBUG net.serenitybdd.core.photography.Darkroom - Send negative for processing for C:\Users\johan\OneDrive\Documentos\KONEX\Pruebas automatizadas\automatizacion_login_backoffice_1v\target\3a276845fc09f6a6caa0fbd6f336af79ee2cf8ae7b31bd4d0da18b87dbc563f4.png
16:05:47.261 [Forwarding screenshot on session 66f9b6d0c23a96a8babe1a93f2c1b644 to remote] DEBUG org.asynchttpclient.netty.request.NettyRequestSender - Using pooled Channel '[id: 0x7b71ce15, L:/127.0.0.1:53696 - R:localhost/127.0.0.1:63379]' for 'GET' to 'http://localhost:63379/session/66f9b6d0c23a96a8babe1a93f2c1b644/screenshot'
16:05:47.261 [Forwarding screenshot on session 66f9b6d0c23a96a8babe1a93f2c1b644 to remote] DEBUG org.asynchttpclient.netty.request.NettyRequestSender - Using open Channel [id: 0x7b71ce15, L:/127.0.0.1:53696 - R:localhost/127.0.0.1:63379] for GET '/session/66f9b6d0c23a96a8babe1a93f2c1b644/screenshot'
16:05:47.456 [AsyncHttpClient-1-10] DEBUG org.asynchttpclient.netty.handler.HttpHandler - 

Request DefaultFullHttpRequest(decodeResult: success, version: HTTP/1.1, content: EmptyByteBufBE)
GET /session/66f9b6d0c23a96a8babe1a93f2c1b644/screenshot HTTP/1.1
User-Agent: selenium/4.1.2 (java windows)
Cache-Control: no-cache
Content-Type: application/json; charset=utf-8
host: localhost:63379
accept: */*

Response DefaultHttpResponse(decodeResult: success, version: HTTP/1.1)
HTTP/1.1 200 OK
Content-Type: application/json; charset=utf-8
cache-control: no-cache
content-length: 387376

16:05:47.457 [AsyncHttpClient-1-10] DEBUG org.asynchttpclient.netty.channel.ChannelManager - Adding key: http://localhost:63379 for channel [id: 0x7b71ce15, L:/127.0.0.1:53696 - R:localhost/127.0.0.1:63379]
16:05:47.469 [Test worker] DEBUG net.serenitybdd.core.photography.Darkroom - Send negative for processing for C:\Users\johan\OneDrive\Documentos\KONEX\Pruebas automatizadas\automatizacion_login_backoffice_1v\target\3a276845fc09f6a6caa0fbd6f336af79ee2cf8ae7b31bd4d0da18b87dbc563f4.png
16:05:47.583 [Forwarding screenshot on session 66f9b6d0c23a96a8babe1a93f2c1b644 to remote] DEBUG org.asynchttpclient.netty.request.NettyRequestSender - Using pooled Channel '[id: 0x7b71ce15, L:/127.0.0.1:53696 - R:localhost/127.0.0.1:63379]' for 'GET' to 'http://localhost:63379/session/66f9b6d0c23a96a8babe1a93f2c1b644/screenshot'
16:05:47.583 [Forwarding screenshot on session 66f9b6d0c23a96a8babe1a93f2c1b644 to remote] DEBUG org.asynchttpclient.netty.request.NettyRequestSender - Using open Channel [id: 0x7b71ce15, L:/127.0.0.1:53696 - R:localhost/127.0.0.1:63379] for GET '/session/66f9b6d0c23a96a8babe1a93f2c1b644/screenshot'
16:05:47.785 [AsyncHttpClient-1-10] DEBUG org.asynchttpclient.netty.handler.HttpHandler - 

Request DefaultFullHttpRequest(decodeResult: success, version: HTTP/1.1, content: EmptyByteBufBE)
GET /session/66f9b6d0c23a96a8babe1a93f2c1b644/screenshot HTTP/1.1
User-Agent: selenium/4.1.2 (java windows)
Cache-Control: no-cache
Content-Type: application/json; charset=utf-8
host: localhost:63379
accept: */*

Response DefaultHttpResponse(decodeResult: success, version: HTTP/1.1)
HTTP/1.1 200 OK
Content-Type: application/json; charset=utf-8
cache-control: no-cache
content-length: 387376

16:05:47.785 [AsyncHttpClient-1-10] DEBUG org.asynchttpclient.netty.channel.ChannelManager - Adding key: http://localhost:63379 for channel [id: 0x7b71ce15, L:/127.0.0.1:53696 - R:localhost/127.0.0.1:63379]
16:05:47.799 [Test worker] DEBUG net.serenitybdd.core.photography.Darkroom - Send negative for processing for C:\Users\johan\OneDrive\Documentos\KONEX\Pruebas automatizadas\automatizacion_login_backoffice_1v\target\3a276845fc09f6a6caa0fbd6f336af79ee2cf8ae7b31bd4d0da18b87dbc563f4.png
16:05:47.902 [AsyncHttpClient-1-12] DEBUG org.asynchttpclient.netty.handler.WebSocketHandler - Channel Closed: [id: 0x414efc9b, L:/127.0.0.1:53704 ! R:localhost/127.0.0.1:53697] with attribute NettyResponseFuture{currentRetry=5,
	isDone=1,
	isCancelled=0,
	asyncHandler=org.asynchttpclient.ws.WebSocketUpgradeHandler@6f585fa8,
	nettyRequest=org.asynchttpclient.netty.request.NettyRequest@3cde0bd0,
	future=java.util.concurrent.CompletableFuture@d13cbee[Completed normally],
	uri=ws://localhost:53697/devtools/browser/b1d54864-af0f-423e-8751-17af89bea35f,
	keepAlive=true,
	redirectCount=0,
	timeoutsHolder=null,
	inAuth=0,
	touch=1682024738580}
16:05:47.902 [AsyncHttpClient-1-12] DEBUG org.asynchttpclient.netty.channel.ChannelManager - Closing Channel [id: 0x414efc9b, L:/127.0.0.1:53704 ! R:localhost/127.0.0.1:53697] 
16:05:47.902 [Driver Command Executor] DEBUG org.asynchttpclient.netty.request.NettyRequestSender - Using pooled Channel '[id: 0x7b71ce15, L:/127.0.0.1:53696 - R:localhost/127.0.0.1:63379]' for 'DELETE' to 'http://localhost:63379/session/66f9b6d0c23a96a8babe1a93f2c1b644'
16:05:47.902 [Driver Command Executor] DEBUG org.asynchttpclient.netty.request.NettyRequestSender - Using open Channel [id: 0x7b71ce15, L:/127.0.0.1:53696 - R:localhost/127.0.0.1:63379] for DELETE '/session/66f9b6d0c23a96a8babe1a93f2c1b644'
16:05:47.941 [AsyncHttpClient-1-11] DEBUG org.asynchttpclient.netty.handler.HttpHandler - Unexpected I/O exception on channel [id: 0xf67153c7, L:/127.0.0.1:53703 - R:localhost/127.0.0.1:53697]
java.io.IOException: Se ha forzado la interrupción de una conexión existente por el host remoto
	at sun.nio.ch.SocketDispatcher.read0(Native Method)
	at sun.nio.ch.SocketDispatcher.read(SocketDispatcher.java:43)
	at sun.nio.ch.IOUtil.readIntoNativeBuffer(IOUtil.java:223)
	at sun.nio.ch.IOUtil.read(IOUtil.java:192)
	at sun.nio.ch.SocketChannelImpl.read(SocketChannelImpl.java:380)
	at io.netty.buffer.PooledByteBuf.setBytes(PooledByteBuf.java:258)
	at io.netty.buffer.AbstractByteBuf.writeBytes(AbstractByteBuf.java:1132)
	at io.netty.channel.socket.nio.NioSocketChannel.doReadBytes(NioSocketChannel.java:350)
	at io.netty.channel.nio.AbstractNioByteChannel$NioByteUnsafe.read(AbstractNioByteChannel.java:151)
	at io.netty.channel.nio.NioEventLoop.processSelectedKey(NioEventLoop.java:722)
	at io.netty.channel.nio.NioEventLoop.processSelectedKeysOptimized(NioEventLoop.java:658)
	at io.netty.channel.nio.NioEventLoop.processSelectedKeys(NioEventLoop.java:584)
	at io.netty.channel.nio.NioEventLoop.run(NioEventLoop.java:496)
	at io.netty.util.concurrent.SingleThreadEventExecutor$4.run(SingleThreadEventExecutor.java:986)
	at io.netty.util.internal.ThreadExecutorMap$2.run(ThreadExecutorMap.java:74)
	at io.netty.util.concurrent.FastThreadLocalRunnable.run(FastThreadLocalRunnable.java:30)
	at java.lang.Thread.run(Thread.java:748)
16:05:47.941 [AsyncHttpClient-1-11] DEBUG org.asynchttpclient.netty.channel.ChannelManager - Closing Channel [id: 0xf67153c7, L:/127.0.0.1:53703 - R:localhost/127.0.0.1:53697] 
16:05:47.941 [AsyncHttpClient-1-11] DEBUG org.asynchttpclient.netty.handler.HttpHandler - Channel Closed: [id: 0xf67153c7, L:/127.0.0.1:53703 ! R:localhost/127.0.0.1:53697] with attribute DISCARD
16:05:47.962 [AsyncHttpClient-1-10] DEBUG org.asynchttpclient.netty.handler.HttpHandler - 

Request DefaultFullHttpRequest(decodeResult: success, version: HTTP/1.1, content: EmptyByteBufBE)
DELETE /session/66f9b6d0c23a96a8babe1a93f2c1b644 HTTP/1.1
User-Agent: selenium/4.1.2 (java windows)
Content-Type: application/json; charset=utf-8
host: localhost:63379
accept: */*

Response DefaultHttpResponse(decodeResult: success, version: HTTP/1.1)
HTTP/1.1 200 OK
Content-Type: application/json; charset=utf-8
cache-control: no-cache
content-length: 14

16:05:47.963 [AsyncHttpClient-1-10] DEBUG org.asynchttpclient.netty.channel.ChannelManager - Adding key: http://localhost:63379 for channel [id: 0x7b71ce15, L:/127.0.0.1:53696 - R:localhost/127.0.0.1:63379]
16:05:48.044 [AsyncHttpClient-1-10] DEBUG org.asynchttpclient.netty.handler.HttpHandler - Channel Closed: [id: 0x7b71ce15, L:/127.0.0.1:53696 ! R:localhost/127.0.0.1:63379] with attribute DISCARD
16:05:48.171 [AsyncHttpClient-1-1] DEBUG org.asynchttpclient.netty.channel.DefaultChannelPool - Entry count for : http://localhost:63379 : 1
16:05:48.171 [AsyncHttpClient-1-1] DEBUG org.asynchttpclient.netty.channel.DefaultChannelPool - Entry count for : http://localhost:53697 : 1
16:05:48.171 [AsyncHttpClient-1-1] DEBUG org.asynchttpclient.netty.channel.DefaultChannelPool - Adding Candidate expired Channel [id: 0x7b71ce15, L:/127.0.0.1:53696 ! R:localhost/127.0.0.1:63379] isIdleTimeoutExpired=false isRemotelyClosed=true isTtlExpired=false
16:05:48.171 [AsyncHttpClient-1-1] DEBUG org.asynchttpclient.netty.channel.DefaultChannelPool - Closing Idle Channel [id: 0x7b71ce15, L:/127.0.0.1:53696 ! R:localhost/127.0.0.1:63379]
16:05:48.171 [AsyncHttpClient-1-1] DEBUG org.asynchttpclient.netty.channel.DefaultChannelPool - Adding Candidate expired Channel [id: 0xf67153c7, L:/127.0.0.1:53703 ! R:localhost/127.0.0.1:53697] isIdleTimeoutExpired=false isRemotelyClosed=true isTtlExpired=false
16:05:48.171 [AsyncHttpClient-1-1] DEBUG org.asynchttpclient.netty.channel.DefaultChannelPool - Closing Idle Channel [id: 0xf67153c7, L:/127.0.0.1:53703 ! R:localhost/127.0.0.1:53697]
16:05:48.171 [AsyncHttpClient-1-1] DEBUG org.asynchttpclient.netty.channel.DefaultChannelPool - Closed 2 connections out of 2 in 0 ms
16:05:48.568 [Test worker] DEBUG net.thucydides.core.reports.ReportService - Reporting formats: [JSON, HTML]
16:05:48.673 [Test worker] DEBUG net.thucydides.core.reports.ReportService - Reporting formats: [JSON, HTML]
16:05:48.732 [Test worker] DEBUG net.thucydides.core.reports.ReportService - Generating reports for 2 test outcomes using: net.thucydides.core.reports.json.JSONTestOutcomeReporter@ea84346
16:05:48.734 [pool-1-thread-2] DEBUG net.thucydides.core.reports.ReportService - Processing test outcome verificar el login con diferentes usuarios:Verificar el ingreso de un usuario de manera erronea
16:05:48.734 [pool-1-thread-1] DEBUG net.thucydides.core.reports.ReportService - Processing test outcome verificar el login con diferentes usuarios:Verificar el ingreso correcto con uno o diferentes usuarios
16:05:48.734 [pool-1-thread-2] DEBUG net.thucydides.core.reports.ReportService - net.thucydides.core.reports.json.JSONTestOutcomeReporter@ea84346: Generating report for test outcome: verificar el login con diferentes usuarios:Verificar el ingreso de un usuario de manera erronea
16:05:48.734 [pool-1-thread-1] DEBUG net.thucydides.core.reports.ReportService - net.thucydides.core.reports.json.JSONTestOutcomeReporter@ea84346: Generating report for test outcome: verificar el login con diferentes usuarios:Verificar el ingreso correcto con uno o diferentes usuarios
16:05:48.737 [pool-1-thread-1] DEBUG net.thucydides.core.reports.json.JSONTestOutcomeReporter - Generating JSON report for Verificar el ingreso correcto con uno o diferentes usuarios to file C:\Users\johan\OneDrive\Documentos\KONEX\Pruebas automatizadas\automatizacion_login_backoffice_1v\target\e69a953e887e5e68cb900cedf3e98bf4f309fd5644e08f8b18b4645419db7fc9.json (using temp file C:\Users\johan\OneDrive\Documentos\KONEX\Pruebas automatizadas\automatizacion_login_backoffice_1v\target\e69a953e887e5e68cb900cedf3e98bf4f309fd5644e08f8b18b4645419db7fc9.jsonca1b7101-6698-4834-9126-09d5a91cb6c9)
16:05:48.737 [pool-1-thread-2] DEBUG net.thucydides.core.reports.json.JSONTestOutcomeReporter - Generating JSON report for Verificar el ingreso de un usuario de manera erronea to file C:\Users\johan\OneDrive\Documentos\KONEX\Pruebas automatizadas\automatizacion_login_backoffice_1v\target\06a83cd0ba7416cecf3ba474937b7cbfdeee19864a20a3dab795534546924a36.json (using temp file C:\Users\johan\OneDrive\Documentos\KONEX\Pruebas automatizadas\automatizacion_login_backoffice_1v\target\06a83cd0ba7416cecf3ba474937b7cbfdeee19864a20a3dab795534546924a36.jsonfe80db5e-54dd-4234-b8dc-104d44a11682)
16:05:48.803 [pool-1-thread-2] DEBUG net.thucydides.core.reports.ReportService - Processing test outcome verificar el login con diferentes usuarios:Verificar el ingreso de un usuario de manera erronea done
16:05:48.804 [pool-1-thread-1] DEBUG net.thucydides.core.reports.ReportService - Processing test outcome verificar el login con diferentes usuarios:Verificar el ingreso correcto con uno o diferentes usuarios done
16:05:48.804 [Test worker] DEBUG net.thucydides.core.reports.ReportService - Shutting down executor service
16:05:48.804 [Test worker] DEBUG net.thucydides.core.reports.ReportService - Reports generated in: 72 ms
16:05:48.804 [Test worker] DEBUG net.thucydides.core.reports.ReportService - Generating reports for 2 test outcomes using: net.thucydides.core.reports.html.HtmlAcceptanceTestReporter@27048db3
16:05:48.807 [pool-2-thread-1] DEBUG net.thucydides.core.reports.ReportService - Processing test outcome verificar el login con diferentes usuarios:Verificar el ingreso correcto con uno o diferentes usuarios
16:05:48.807 [pool-2-thread-1] DEBUG net.thucydides.core.reports.ReportService - net.thucydides.core.reports.html.HtmlAcceptanceTestReporter@27048db3: Generating report for test outcome: verificar el login con diferentes usuarios:Verificar el ingreso correcto con uno o diferentes usuarios
16:05:48.811 [pool-2-thread-2] DEBUG net.thucydides.core.reports.ReportService - Processing test outcome verificar el login con diferentes usuarios:Verificar el ingreso de un usuario de manera erronea
16:05:48.811 [pool-2-thread-2] DEBUG net.thucydides.core.reports.ReportService - net.thucydides.core.reports.html.HtmlAcceptanceTestReporter@27048db3: Generating report for test outcome: verificar el login con diferentes usuarios:Verificar el ingreso de un usuario de manera erronea
16:05:56.047 [pool-2-thread-1] DEBUG net.thucydides.core.reports.ReportService - Processing test outcome verificar el login con diferentes usuarios:Verificar el ingreso correcto con uno o diferentes usuarios done
16:06:00.064 [pool-2-thread-2] DEBUG net.thucydides.core.reports.ReportService - Processing test outcome verificar el login con diferentes usuarios:Verificar el ingreso de un usuario de manera erronea done
16:06:00.064 [Test worker] DEBUG net.thucydides.core.reports.ReportService - Shutting down executor service
16:06:00.064 [Test worker] DEBUG net.thucydides.core.reports.ReportService - Reports generated in: 11260 ms
16:06:00.414 [Test worker] DEBUG net.serenitybdd.core.photography.Darkroom - Closing darkroom
16:06:00.414 [Darkroom Processing Line] DEBUG net.serenitybdd.core.photography.DarkroomProcessingLine - Darkroom processing line shutting down
16:06:00.419 [Test worker] DEBUG net.serenitybdd.core.photography.Darkroom - Closing darkroom
]]></system-out>
  <system-err><![CDATA[Starting ChromeDriver 112.0.5615.49 (bd2a7bcb881c11e8cfe3078709382934e3916914-refs/branch-heads/5615@{#936}) on port 56023
Only local connections are allowed.
Please see https://chromedriver.chromium.org/security-considerations for suggestions on keeping ChromeDriver safe.
ChromeDriver was started successfully.
abr 20, 2023 4:03:42 PM org.openqa.selenium.remote.ProtocolHandshake createSession
INFORMACIÓN: Detected dialect: W3C
abr 20, 2023 4:03:42 PM org.openqa.selenium.devtools.CdpVersionFinder findNearestMatch
ADVERTENCIA: Unable to find an exact match for CDP version 112, so returning the closest version found: a no-op implementation
abr 20, 2023 4:03:42 PM org.openqa.selenium.devtools.CdpVersionFinder findNearestMatch
INFORMACIÓN: Unable to find CDP implementation matching 112.
abr 20, 2023 4:03:42 PM org.openqa.selenium.chromium.ChromiumDriver lambda$new$3
ADVERTENCIA: Unable to find version of CDP to use for . You may need to include a dependency on a specific version of the CDP using something similar to `org.seleniumhq.selenium:selenium-devtools-v86:4.1.2` where the version ("v86") matches the version of the chromium-based browser you're using and the version number of the artifact is the same as Selenium's.
Starting ChromeDriver 112.0.5615.49 (bd2a7bcb881c11e8cfe3078709382934e3916914-refs/branch-heads/5615@{#936}) on port 54993
Only local connections are allowed.
Please see https://chromedriver.chromium.org/security-considerations for suggestions on keeping ChromeDriver safe.
ChromeDriver was started successfully.
abr 20, 2023 4:04:03 PM org.openqa.selenium.remote.ProtocolHandshake createSession
INFORMACIÓN: Detected dialect: W3C
abr 20, 2023 4:04:03 PM org.openqa.selenium.devtools.CdpVersionFinder findNearestMatch
ADVERTENCIA: Unable to find an exact match for CDP version 112, so returning the closest version found: a no-op implementation
abr 20, 2023 4:04:03 PM org.openqa.selenium.devtools.CdpVersionFinder findNearestMatch
INFORMACIÓN: Unable to find CDP implementation matching 112.
abr 20, 2023 4:04:03 PM org.openqa.selenium.chromium.ChromiumDriver lambda$new$3
ADVERTENCIA: Unable to find version of CDP to use for . You may need to include a dependency on a specific version of the CDP using something similar to `org.seleniumhq.selenium:selenium-devtools-v86:4.1.2` where the version ("v86") matches the version of the chromium-based browser you're using and the version number of the artifact is the same as Selenium's.
Starting ChromeDriver 112.0.5615.49 (bd2a7bcb881c11e8cfe3078709382934e3916914-refs/branch-heads/5615@{#936}) on port 57737
Only local connections are allowed.
Please see https://chromedriver.chromium.org/security-considerations for suggestions on keeping ChromeDriver safe.
ChromeDriver was started successfully.
abr 20, 2023 4:04:20 PM org.openqa.selenium.remote.ProtocolHandshake createSession
INFORMACIÓN: Detected dialect: W3C
abr 20, 2023 4:04:20 PM org.openqa.selenium.devtools.CdpVersionFinder findNearestMatch
ADVERTENCIA: Unable to find an exact match for CDP version 112, so returning the closest version found: a no-op implementation
abr 20, 2023 4:04:20 PM org.openqa.selenium.devtools.CdpVersionFinder findNearestMatch
INFORMACIÓN: Unable to find CDP implementation matching 112.
abr 20, 2023 4:04:20 PM org.openqa.selenium.chromium.ChromiumDriver lambda$new$3
ADVERTENCIA: Unable to find version of CDP to use for . You may need to include a dependency on a specific version of the CDP using something similar to `org.seleniumhq.selenium:selenium-devtools-v86:4.1.2` where the version ("v86") matches the version of the chromium-based browser you're using and the version number of the artifact is the same as Selenium's.
Starting ChromeDriver 112.0.5615.49 (bd2a7bcb881c11e8cfe3078709382934e3916914-refs/branch-heads/5615@{#936}) on port 53200
Only local connections are allowed.
Please see https://chromedriver.chromium.org/security-considerations for suggestions on keeping ChromeDriver safe.
ChromeDriver was started successfully.
abr 20, 2023 4:04:37 PM org.openqa.selenium.remote.ProtocolHandshake createSession
INFORMACIÓN: Detected dialect: W3C
abr 20, 2023 4:04:37 PM org.openqa.selenium.devtools.CdpVersionFinder findNearestMatch
ADVERTENCIA: Unable to find an exact match for CDP version 112, so returning the closest version found: a no-op implementation
abr 20, 2023 4:04:37 PM org.openqa.selenium.devtools.CdpVersionFinder findNearestMatch
INFORMACIÓN: Unable to find CDP implementation matching 112.
abr 20, 2023 4:04:37 PM org.openqa.selenium.chromium.ChromiumDriver lambda$new$3
ADVERTENCIA: Unable to find version of CDP to use for . You may need to include a dependency on a specific version of the CDP using something similar to `org.seleniumhq.selenium:selenium-devtools-v86:4.1.2` where the version ("v86") matches the version of the chromium-based browser you're using and the version number of the artifact is the same as Selenium's.
Starting ChromeDriver 112.0.5615.49 (bd2a7bcb881c11e8cfe3078709382934e3916914-refs/branch-heads/5615@{#936}) on port 55061
Only local connections are allowed.
Please see https://chromedriver.chromium.org/security-considerations for suggestions on keeping ChromeDriver safe.
ChromeDriver was started successfully.
abr 20, 2023 4:04:48 PM org.openqa.selenium.remote.ProtocolHandshake createSession
INFORMACIÓN: Detected dialect: W3C
abr 20, 2023 4:04:48 PM org.openqa.selenium.devtools.CdpVersionFinder findNearestMatch
ADVERTENCIA: Unable to find an exact match for CDP version 112, so returning the closest version found: a no-op implementation
abr 20, 2023 4:04:48 PM org.openqa.selenium.devtools.CdpVersionFinder findNearestMatch
INFORMACIÓN: Unable to find CDP implementation matching 112.
abr 20, 2023 4:04:48 PM org.openqa.selenium.chromium.ChromiumDriver lambda$new$3
ADVERTENCIA: Unable to find version of CDP to use for . You may need to include a dependency on a specific version of the CDP using something similar to `org.seleniumhq.selenium:selenium-devtools-v86:4.1.2` where the version ("v86") matches the version of the chromium-based browser you're using and the version number of the artifact is the same as Selenium's.
Starting ChromeDriver 112.0.5615.49 (bd2a7bcb881c11e8cfe3078709382934e3916914-refs/branch-heads/5615@{#936}) on port 54513
Only local connections are allowed.
Please see https://chromedriver.chromium.org/security-considerations for suggestions on keeping ChromeDriver safe.
ChromeDriver was started successfully.
abr 20, 2023 4:05:01 PM org.openqa.selenium.remote.ProtocolHandshake createSession
INFORMACIÓN: Detected dialect: W3C
abr 20, 2023 4:05:01 PM org.openqa.selenium.devtools.CdpVersionFinder findNearestMatch
ADVERTENCIA: Unable to find an exact match for CDP version 112, so returning the closest version found: a no-op implementation
abr 20, 2023 4:05:01 PM org.openqa.selenium.devtools.CdpVersionFinder findNearestMatch
INFORMACIÓN: Unable to find CDP implementation matching 112.
abr 20, 2023 4:05:01 PM org.openqa.selenium.chromium.ChromiumDriver lambda$new$3
ADVERTENCIA: Unable to find version of CDP to use for . You may need to include a dependency on a specific version of the CDP using something similar to `org.seleniumhq.selenium:selenium-devtools-v86:4.1.2` where the version ("v86") matches the version of the chromium-based browser you're using and the version number of the artifact is the same as Selenium's.
Starting ChromeDriver 112.0.5615.49 (bd2a7bcb881c11e8cfe3078709382934e3916914-refs/branch-heads/5615@{#936}) on port 49711
Only local connections are allowed.
Please see https://chromedriver.chromium.org/security-considerations for suggestions on keeping ChromeDriver safe.
ChromeDriver was started successfully.
abr 20, 2023 4:05:13 PM org.openqa.selenium.remote.ProtocolHandshake createSession
INFORMACIÓN: Detected dialect: W3C
abr 20, 2023 4:05:13 PM org.openqa.selenium.devtools.CdpVersionFinder findNearestMatch
ADVERTENCIA: Unable to find an exact match for CDP version 112, so returning the closest version found: a no-op implementation
abr 20, 2023 4:05:13 PM org.openqa.selenium.devtools.CdpVersionFinder findNearestMatch
INFORMACIÓN: Unable to find CDP implementation matching 112.
abr 20, 2023 4:05:13 PM org.openqa.selenium.chromium.ChromiumDriver lambda$new$3
ADVERTENCIA: Unable to find version of CDP to use for . You may need to include a dependency on a specific version of the CDP using something similar to `org.seleniumhq.selenium:selenium-devtools-v86:4.1.2` where the version ("v86") matches the version of the chromium-based browser you're using and the version number of the artifact is the same as Selenium's.
Starting ChromeDriver 112.0.5615.49 (bd2a7bcb881c11e8cfe3078709382934e3916914-refs/branch-heads/5615@{#936}) on port 54450
Only local connections are allowed.
Please see https://chromedriver.chromium.org/security-considerations for suggestions on keeping ChromeDriver safe.
ChromeDriver was started successfully.
abr 20, 2023 4:05:26 PM org.openqa.selenium.remote.ProtocolHandshake createSession
INFORMACIÓN: Detected dialect: W3C
abr 20, 2023 4:05:26 PM org.openqa.selenium.devtools.CdpVersionFinder findNearestMatch
ADVERTENCIA: Unable to find an exact match for CDP version 112, so returning the closest version found: a no-op implementation
abr 20, 2023 4:05:26 PM org.openqa.selenium.devtools.CdpVersionFinder findNearestMatch
INFORMACIÓN: Unable to find CDP implementation matching 112.
abr 20, 2023 4:05:26 PM org.openqa.selenium.chromium.ChromiumDriver lambda$new$3
ADVERTENCIA: Unable to find version of CDP to use for . You may need to include a dependency on a specific version of the CDP using something similar to `org.seleniumhq.selenium:selenium-devtools-v86:4.1.2` where the version ("v86") matches the version of the chromium-based browser you're using and the version number of the artifact is the same as Selenium's.
Starting ChromeDriver 112.0.5615.49 (bd2a7bcb881c11e8cfe3078709382934e3916914-refs/branch-heads/5615@{#936}) on port 63379
Only local connections are allowed.
Please see https://chromedriver.chromium.org/security-considerations for suggestions on keeping ChromeDriver safe.
ChromeDriver was started successfully.
abr 20, 2023 4:05:38 PM org.openqa.selenium.remote.ProtocolHandshake createSession
INFORMACIÓN: Detected dialect: W3C
abr 20, 2023 4:05:38 PM org.openqa.selenium.devtools.CdpVersionFinder findNearestMatch
ADVERTENCIA: Unable to find an exact match for CDP version 112, so returning the closest version found: a no-op implementation
abr 20, 2023 4:05:38 PM org.openqa.selenium.devtools.CdpVersionFinder findNearestMatch
INFORMACIÓN: Unable to find CDP implementation matching 112.
abr 20, 2023 4:05:38 PM org.openqa.selenium.chromium.ChromiumDriver lambda$new$3
ADVERTENCIA: Unable to find version of CDP to use for . You may need to include a dependency on a specific version of the CDP using something similar to `org.seleniumhq.selenium:selenium-devtools-v86:4.1.2` where the version ("v86") matches the version of the chromium-based browser you're using and the version number of the artifact is the same as Selenium's.
]]></system-err>
</testsuite>
