<?xml version="1.0" encoding="UTF-8"?>
<testsuite name="co.com.konex.certification.login.backoffice.runners.RunnerTags" tests="6" skipped="0" failures="0" errors="0" timestamp="2023-04-11T23:00:00" hostname="DESKTOP-SECB7O7" time="122.655">
  <properties/>
  <testcase name="Verificar el ingreso correcto con diferentes usuarios #1" classname="co.com.konex.certification.login.backoffice.runners.RunnerTags" time="38.085"/>
  <testcase name="Verificar el ingreso correcto con diferentes usuarios #2" classname="co.com.konex.certification.login.backoffice.runners.RunnerTags" time="19.562"/>
  <testcase name="Verificar el ingreso correcto con diferentes usuarios #3" classname="co.com.konex.certification.login.backoffice.runners.RunnerTags" time="18.747"/>
  <testcase name="Verificar el ingreso con credenciales incorrectas #1" classname="co.com.konex.certification.login.backoffice.runners.RunnerTags" time="14.656"/>
  <testcase name="Verificar el ingreso con credenciales incorrectas #2" classname="co.com.konex.certification.login.backoffice.runners.RunnerTags" time="17.462"/>
  <testcase name="Verificar el ingreso con credenciales incorrectas #3" classname="co.com.konex.certification.login.backoffice.runners.RunnerTags" time="14.138"/>
  <system-out><![CDATA[17:59:59.935 [Test worker] INFO io.cucumber.core.plugin.SerenityReporter - Running feature from file:///C:/Users/johan/OneDrive/Documentos/KONEX/Pruebas%20automatizadas/automatizacion_login_backoffice_1v/src/test/resources/features/login_backoffice.feature
18:00:00.235 [Test worker] INFO  - 

-------------------------------------------------------------------------------------
     _______. _______ .______       _______ .__   __.  __  .___________.____    ____ 
    /       ||   ____||   _  \     |   ____||  \ |  | |  | |           |\   \  /   / 
   |   (----`|  |__   |  |_)  |    |  |__   |   \|  | |  | `---|  |----` \   \/   /  
    \   \    |   __|  |      /     |   __|  |  . `  | |  |     |  |       \_    _/   
.----)   |   |  |____ |  |\  \----.|  |____ |  |\   | |  |     |  |         |  |     
|_______/    |_______|| _| `._____||_______||__| \__| |__|     |__|         |__|    
                                                                                     
 News and tutorials at http://www.serenity-bdd.info                                  
 Documentation at https://wakaleo.gitbooks.io/the-serenity-book/content/             
 Join the Serenity Community on Gitter: https://gitter.im/serenity-bdd/serenity-core 
 Serenity BDD Support and Training at http://serenity-bdd.info/#/trainingandsupport  
-------------------------------------------------------------------------------------

18:00:00.247 [Test worker] DEBUG net.thucydides.core.steps.StepEventBus - Test suite started for story net.thucydides.core.model.Story@128aecad
18:00:00.287 [Test worker] INFO  - Test Suite Started: verificar el login con diferentes usuarios
18:00:00.422 [Test worker] INFO io.cucumber.core.plugin.SerenityReporter - Running feature from file:///C:/Users/johan/OneDrive/Documentos/KONEX/Pruebas%20automatizadas/automatizacion_login_backoffice_1v/src/test/resources/features/login_backoffice.feature
18:00:00.438 [Test worker] DEBUG net.thucydides.core.steps.StepEventBus - Test suite started for story net.thucydides.core.model.Story@128aecad
18:00:00.440 [Test worker] INFO  - Test Suite Started: verificar el login con diferentes usuarios
18:00:00.778 [Test worker] INFO io.cucumber.core.plugin.SerenityReporter - Running feature from file:///C:/Users/johan/OneDrive/Documentos/KONEX/Pruebas%20automatizadas/automatizacion_login_backoffice_1v/src/test/resources/features/login_backoffice.feature
18:00:00.879 [Test worker] INFO  - 
  _____   ___   ___   _____     ___   _____     _     ___   _____   ___   ___  
 |_   _| | __| / __| |_   _|   / __| |_   _|   /_\   | _ \ |_   _| | __| |   \ 
   | |   | _|  \__ \   | |     \__ \   | |    / _ \  |   /   | |   | _|  | |) |
   |_|   |___| |___/   |_|     |___/   |_|   /_/ \_\ |_|_\   |_|   |___| |___/ 

Verificar el ingreso correcto con diferentes usuarios(verificar-el-login-con-diferentes-usuarios;verificar-el-ingreso-correcto-con-diferentes-usuarios)
--------------------------------------------------------------------------------
18:00:02.633 [Test worker] DEBUG net.thucydides.core.steps.StepInterceptor - STARTING STEP: MyStepdefinitions.queElUsuarioIngresaAlBackoffice - performAs
18:00:02.763 [Test worker] DEBUG net.thucydides.core.steps.StepInterceptor - STARTING STEP: Abrir.performAs - {0} opens the #targetPage
18:00:03.145 [Test worker] INFO net.serenitybdd.core.webdriver.driverproviders.ChromeDriverProvider - Using automatically driver download
18:00:05.585 [Test worker] DEBUG io.github.bonigarcia.wdm.cache.ResolutionCache - Removing resolution chrome=112 from cache (expired on Tue Apr 11 17:13:07 COT 2023)
18:00:05.636 [Test worker] DEBUG org.apache.hc.client5.http.impl.classic.InternalHttpClient - ex-00000001: preparing request execution
18:00:05.651 [Test worker] DEBUG org.apache.hc.client5.http.protocol.RequestAddCookies - Cookie spec selected: strict
18:00:05.670 [Test worker] DEBUG org.apache.hc.client5.http.protocol.RequestAuthCache - Auth cache not set in the context
18:00:05.670 [Test worker] DEBUG org.apache.hc.client5.http.impl.classic.ProtocolExec - ex-00000001: target auth state: UNCHALLENGED
18:00:05.675 [Test worker] DEBUG org.apache.hc.client5.http.impl.classic.ProtocolExec - ex-00000001: proxy auth state: UNCHALLENGED
18:00:05.677 [Test worker] DEBUG org.apache.hc.client5.http.impl.classic.ConnectExec - ex-00000001: acquiring connection with route {s}->https://raw.githubusercontent.com:443
18:00:05.680 [Test worker] DEBUG org.apache.hc.client5.http.impl.classic.InternalHttpClient - ex-00000001: acquiring endpoint (3 MINUTES)
18:00:05.690 [Test worker] DEBUG org.apache.hc.client5.http.impl.io.PoolingHttpClientConnectionManager - ex-00000001: endpoint lease request (3 MINUTES) [route: {s}->https://raw.githubusercontent.com:443][total available: 0; route allocated: 0 of 5; total allocated: 0 of 25]
18:00:05.714 [Test worker] DEBUG org.apache.hc.client5.http.impl.io.PoolingHttpClientConnectionManager - ex-00000001: endpoint leased [route: {s}->https://raw.githubusercontent.com:443][total available: 0; route allocated: 1 of 5; total allocated: 1 of 25]
18:00:05.762 [Test worker] DEBUG org.apache.hc.client5.http.impl.io.PoolingHttpClientConnectionManager - ex-00000001: acquired ep-00000000
18:00:05.762 [Test worker] DEBUG org.apache.hc.client5.http.impl.classic.InternalHttpClient - ex-00000001: acquired endpoint ep-00000000
18:00:05.762 [Test worker] DEBUG org.apache.hc.client5.http.impl.classic.ConnectExec - ex-00000001: opening connection {s}->https://raw.githubusercontent.com:443
18:00:05.765 [Test worker] DEBUG org.apache.hc.client5.http.impl.classic.InternalHttpClient - ep-00000000: connecting endpoint (30 SECONDS)
18:00:05.765 [Test worker] DEBUG org.apache.hc.client5.http.impl.io.PoolingHttpClientConnectionManager - ep-00000000: connecting endpoint to https://raw.githubusercontent.com:443 (30 SECONDS)
18:00:05.806 [Test worker] DEBUG org.apache.hc.client5.http.impl.io.DefaultHttpClientConnectionOperator - http-outgoing-0: connecting to raw.githubusercontent.com/185.199.108.133:443
18:00:05.807 [Test worker] DEBUG org.apache.hc.client5.http.ssl.SSLConnectionSocketFactory - Connecting socket to raw.githubusercontent.com/185.199.108.133:443 with timeout 30 SECONDS
18:00:06.049 [Test worker] DEBUG org.apache.hc.client5.http.ssl.SSLConnectionSocketFactory - Enabled protocols: [TLSv1.2]
18:00:06.049 [Test worker] DEBUG org.apache.hc.client5.http.ssl.SSLConnectionSocketFactory - Enabled cipher suites: [TLS_ECDHE_ECDSA_WITH_AES_256_CBC_SHA384, TLS_ECDHE_RSA_WITH_AES_256_CBC_SHA384, TLS_RSA_WITH_AES_256_CBC_SHA256, TLS_ECDH_ECDSA_WITH_AES_256_CBC_SHA384, TLS_ECDH_RSA_WITH_AES_256_CBC_SHA384, TLS_DHE_RSA_WITH_AES_256_CBC_SHA256, TLS_DHE_DSS_WITH_AES_256_CBC_SHA256, TLS_ECDHE_ECDSA_WITH_AES_256_CBC_SHA, TLS_ECDHE_RSA_WITH_AES_256_CBC_SHA, TLS_RSA_WITH_AES_256_CBC_SHA, TLS_ECDH_ECDSA_WITH_AES_256_CBC_SHA, TLS_ECDH_RSA_WITH_AES_256_CBC_SHA, TLS_DHE_RSA_WITH_AES_256_CBC_SHA, TLS_DHE_DSS_WITH_AES_256_CBC_SHA, TLS_ECDHE_ECDSA_WITH_AES_128_CBC_SHA256, TLS_ECDHE_RSA_WITH_AES_128_CBC_SHA256, TLS_RSA_WITH_AES_128_CBC_SHA256, TLS_ECDH_ECDSA_WITH_AES_128_CBC_SHA256, TLS_ECDH_RSA_WITH_AES_128_CBC_SHA256, TLS_DHE_RSA_WITH_AES_128_CBC_SHA256, TLS_DHE_DSS_WITH_AES_128_CBC_SHA256, TLS_ECDHE_ECDSA_WITH_AES_128_CBC_SHA, TLS_ECDHE_RSA_WITH_AES_128_CBC_SHA, TLS_RSA_WITH_AES_128_CBC_SHA, TLS_ECDH_ECDSA_WITH_AES_128_CBC_SHA, TLS_ECDH_RSA_WITH_AES_128_CBC_SHA, TLS_DHE_RSA_WITH_AES_128_CBC_SHA, TLS_DHE_DSS_WITH_AES_128_CBC_SHA, TLS_ECDHE_ECDSA_WITH_AES_256_GCM_SHA384, TLS_ECDHE_ECDSA_WITH_AES_128_GCM_SHA256, TLS_ECDHE_RSA_WITH_AES_256_GCM_SHA384, TLS_RSA_WITH_AES_256_GCM_SHA384, TLS_ECDH_ECDSA_WITH_AES_256_GCM_SHA384, TLS_ECDH_RSA_WITH_AES_256_GCM_SHA384, TLS_DHE_RSA_WITH_AES_256_GCM_SHA384, TLS_DHE_DSS_WITH_AES_256_GCM_SHA384, TLS_ECDHE_RSA_WITH_AES_128_GCM_SHA256, TLS_RSA_WITH_AES_128_GCM_SHA256, TLS_ECDH_ECDSA_WITH_AES_128_GCM_SHA256, TLS_ECDH_RSA_WITH_AES_128_GCM_SHA256, TLS_DHE_RSA_WITH_AES_128_GCM_SHA256, TLS_DHE_DSS_WITH_AES_128_GCM_SHA256]
18:00:06.050 [Test worker] DEBUG org.apache.hc.client5.http.ssl.SSLConnectionSocketFactory - Starting handshake
18:00:06.312 [Test worker] DEBUG org.apache.hc.client5.http.ssl.SSLConnectionSocketFactory - Secure session established
18:00:06.313 [Test worker] DEBUG org.apache.hc.client5.http.ssl.SSLConnectionSocketFactory -  negotiated protocol: TLSv1.2
18:00:06.313 [Test worker] DEBUG org.apache.hc.client5.http.ssl.SSLConnectionSocketFactory -  negotiated cipher suite: TLS_ECDHE_RSA_WITH_AES_128_GCM_SHA256
18:00:06.313 [Test worker] DEBUG org.apache.hc.client5.http.ssl.SSLConnectionSocketFactory -  peer principal: CN=*.github.io, O="GitHub, Inc.", L=San Francisco, ST=California, C=US
18:00:06.314 [Test worker] DEBUG org.apache.hc.client5.http.ssl.SSLConnectionSocketFactory -  peer alternative names: [*.github.io, github.io, *.github.com, github.com, www.github.com, *.githubusercontent.com, githubusercontent.com]
18:00:06.315 [Test worker] DEBUG org.apache.hc.client5.http.ssl.SSLConnectionSocketFactory -  issuer principal: CN=DigiCert TLS RSA SHA256 2020 CA1, O=DigiCert Inc, C=US
18:00:06.317 [Test worker] DEBUG org.apache.hc.client5.http.impl.io.DefaultHttpClientConnectionOperator - http-outgoing-0: connection established 192.168.0.105:54840<->185.199.108.133:443
18:00:06.320 [Test worker] DEBUG org.apache.hc.client5.http.impl.io.PoolingHttpClientConnectionManager - ep-00000000: connected http-outgoing-0
18:00:06.321 [Test worker] DEBUG org.apache.hc.client5.http.impl.classic.InternalHttpClient - ep-00000000: endpoint connected
18:00:06.324 [Test worker] DEBUG org.apache.hc.client5.http.impl.classic.MainClientExec - ex-00000001: executing GET /bonigarcia/webdrivermanager/master/src/main/resources/commands.properties HTTP/1.1
18:00:06.328 [Test worker] DEBUG org.apache.hc.client5.http.impl.classic.InternalHttpClient - ep-00000000: start execution ex-00000001
18:00:06.328 [Test worker] DEBUG org.apache.hc.client5.http.impl.io.PoolingHttpClientConnectionManager - ep-00000000: executing exchange ex-00000001 over http-outgoing-0
18:00:06.330 [Test worker] DEBUG org.apache.hc.client5.http.headers - http-outgoing-0 >> GET /bonigarcia/webdrivermanager/master/src/main/resources/commands.properties HTTP/1.1
18:00:06.330 [Test worker] DEBUG org.apache.hc.client5.http.headers - http-outgoing-0 >> user-agent: Apache-HttpClient/5.0
18:00:06.330 [Test worker] DEBUG org.apache.hc.client5.http.headers - http-outgoing-0 >> accept-encoding: gzip, deflate, br
18:00:06.331 [Test worker] DEBUG org.apache.hc.client5.http.headers - http-outgoing-0 >> cache-control: max-age=0
18:00:06.331 [Test worker] DEBUG org.apache.hc.client5.http.headers - http-outgoing-0 >> connection: keep-alive
18:00:06.331 [Test worker] DEBUG org.apache.hc.client5.http.headers - http-outgoing-0 >> Host: raw.githubusercontent.com
18:00:06.331 [Test worker] DEBUG org.apache.hc.client5.http.wire - http-outgoing-0 >> "GET /bonigarcia/webdrivermanager/master/src/main/resources/commands.properties HTTP/1.1[\r][\n]"
18:00:06.331 [Test worker] DEBUG org.apache.hc.client5.http.wire - http-outgoing-0 >> "user-agent: Apache-HttpClient/5.0[\r][\n]"
18:00:06.332 [Test worker] DEBUG org.apache.hc.client5.http.wire - http-outgoing-0 >> "accept-encoding: gzip, deflate, br[\r][\n]"
18:00:06.332 [Test worker] DEBUG org.apache.hc.client5.http.wire - http-outgoing-0 >> "cache-control: max-age=0[\r][\n]"
18:00:06.332 [Test worker] DEBUG org.apache.hc.client5.http.wire - http-outgoing-0 >> "connection: keep-alive[\r][\n]"
18:00:06.332 [Test worker] DEBUG org.apache.hc.client5.http.wire - http-outgoing-0 >> "Host: raw.githubusercontent.com[\r][\n]"
18:00:06.333 [Test worker] DEBUG org.apache.hc.client5.http.wire - http-outgoing-0 >> "[\r][\n]"
18:00:06.514 [Test worker] DEBUG org.apache.hc.client5.http.wire - http-outgoing-0 << "HTTP/1.1 200 OK[\r][\n]"
18:00:06.515 [Test worker] DEBUG org.apache.hc.client5.http.wire - http-outgoing-0 << "Connection: keep-alive[\r][\n]"
18:00:06.515 [Test worker] DEBUG org.apache.hc.client5.http.wire - http-outgoing-0 << "Content-Length: 723[\r][\n]"
18:00:06.515 [Test worker] DEBUG org.apache.hc.client5.http.wire - http-outgoing-0 << "Cache-Control: max-age=300[\r][\n]"
18:00:06.515 [Test worker] DEBUG org.apache.hc.client5.http.wire - http-outgoing-0 << "Content-Security-Policy: default-src 'none'; style-src 'unsafe-inline'; sandbox[\r][\n]"
18:00:06.515 [Test worker] DEBUG org.apache.hc.client5.http.wire - http-outgoing-0 << "Content-Type: text/plain; charset=utf-8[\r][\n]"
18:00:06.515 [Test worker] DEBUG org.apache.hc.client5.http.wire - http-outgoing-0 << "ETag: W/"e82b438271e9e8680c688b0b680efd0bdd22faa6d6f0a32fc1fd8accc486b67e"[\r][\n]"
18:00:06.516 [Test worker] DEBUG org.apache.hc.client5.http.wire - http-outgoing-0 << "Strict-Transport-Security: max-age=31536000[\r][\n]"
18:00:06.516 [Test worker] DEBUG org.apache.hc.client5.http.wire - http-outgoing-0 << "X-Content-Type-Options: nosniff[\r][\n]"
18:00:06.516 [Test worker] DEBUG org.apache.hc.client5.http.wire - http-outgoing-0 << "X-Frame-Options: deny[\r][\n]"
18:00:06.516 [Test worker] DEBUG org.apache.hc.client5.http.wire - http-outgoing-0 << "X-XSS-Protection: 1; mode=block[\r][\n]"
18:00:06.516 [Test worker] DEBUG org.apache.hc.client5.http.wire - http-outgoing-0 << "X-GitHub-Request-Id: AF42:247C:45B1C:62AFB:643510A4[\r][\n]"
18:00:06.516 [Test worker] DEBUG org.apache.hc.client5.http.wire - http-outgoing-0 << "Content-Encoding: gzip[\r][\n]"
18:00:06.516 [Test worker] DEBUG org.apache.hc.client5.http.wire - http-outgoing-0 << "Accept-Ranges: bytes[\r][\n]"
18:00:06.517 [Test worker] DEBUG org.apache.hc.client5.http.wire - http-outgoing-0 << "Date: Tue, 11 Apr 2023 23:00:05 GMT[\r][\n]"
18:00:06.517 [Test worker] DEBUG org.apache.hc.client5.http.wire - http-outgoing-0 << "Via: 1.1 varnish[\r][\n]"
18:00:06.517 [Test worker] DEBUG org.apache.hc.client5.http.wire - http-outgoing-0 << "X-Served-By: cache-bog2260022-BOG[\r][\n]"
18:00:06.517 [Test worker] DEBUG org.apache.hc.client5.http.wire - http-outgoing-0 << "X-Cache: HIT[\r][\n]"
18:00:06.517 [Test worker] DEBUG org.apache.hc.client5.http.wire - http-outgoing-0 << "X-Cache-Hits: 1[\r][\n]"
18:00:06.517 [Test worker] DEBUG org.apache.hc.client5.http.wire - http-outgoing-0 << "X-Timer: S1681254005.249280,VS0,VE143[\r][\n]"
18:00:06.518 [Test worker] DEBUG org.apache.hc.client5.http.wire - http-outgoing-0 << "Vary: Authorization,Accept-Encoding,Origin[\r][\n]"
18:00:06.518 [Test worker] DEBUG org.apache.hc.client5.http.wire - http-outgoing-0 << "Access-Control-Allow-Origin: *[\r][\n]"
18:00:06.518 [Test worker] DEBUG org.apache.hc.client5.http.wire - http-outgoing-0 << "X-Fastly-Request-ID: bf8f5ebb70f1cde39d5af05defe5dbe1b155c65a[\r][\n]"
18:00:06.518 [Test worker] DEBUG org.apache.hc.client5.http.wire - http-outgoing-0 << "Expires: Tue, 11 Apr 2023 23:05:05 GMT[\r][\n]"
18:00:06.518 [Test worker] DEBUG org.apache.hc.client5.http.wire - http-outgoing-0 << "Source-Age: 0[\r][\n]"
18:00:06.518 [Test worker] DEBUG org.apache.hc.client5.http.wire - http-outgoing-0 << "[\r][\n]"
18:00:06.529 [Test worker] DEBUG org.apache.hc.client5.http.headers - http-outgoing-0 << HTTP/1.1 200 OK
18:00:06.529 [Test worker] DEBUG org.apache.hc.client5.http.headers - http-outgoing-0 << Connection: keep-alive
18:00:06.529 [Test worker] DEBUG org.apache.hc.client5.http.headers - http-outgoing-0 << Content-Length: 723
18:00:06.530 [Test worker] DEBUG org.apache.hc.client5.http.headers - http-outgoing-0 << Cache-Control: max-age=300
18:00:06.530 [Test worker] DEBUG org.apache.hc.client5.http.headers - http-outgoing-0 << Content-Security-Policy: default-src 'none'; style-src 'unsafe-inline'; sandbox
18:00:06.530 [Test worker] DEBUG org.apache.hc.client5.http.headers - http-outgoing-0 << Content-Type: text/plain; charset=utf-8
18:00:06.531 [Test worker] DEBUG org.apache.hc.client5.http.headers - http-outgoing-0 << ETag: W/"e82b438271e9e8680c688b0b680efd0bdd22faa6d6f0a32fc1fd8accc486b67e"
18:00:06.531 [Test worker] DEBUG org.apache.hc.client5.http.headers - http-outgoing-0 << Strict-Transport-Security: max-age=31536000
18:00:06.531 [Test worker] DEBUG org.apache.hc.client5.http.headers - http-outgoing-0 << X-Content-Type-Options: nosniff
18:00:06.531 [Test worker] DEBUG org.apache.hc.client5.http.headers - http-outgoing-0 << X-Frame-Options: deny
18:00:06.531 [Test worker] DEBUG org.apache.hc.client5.http.headers - http-outgoing-0 << X-XSS-Protection: 1; mode=block
18:00:06.531 [Test worker] DEBUG org.apache.hc.client5.http.headers - http-outgoing-0 << X-GitHub-Request-Id: AF42:247C:45B1C:62AFB:643510A4
18:00:06.531 [Test worker] DEBUG org.apache.hc.client5.http.headers - http-outgoing-0 << Content-Encoding: gzip
18:00:06.531 [Test worker] DEBUG org.apache.hc.client5.http.headers - http-outgoing-0 << Accept-Ranges: bytes
18:00:06.532 [Test worker] DEBUG org.apache.hc.client5.http.headers - http-outgoing-0 << Date: Tue, 11 Apr 2023 23:00:05 GMT
18:00:06.532 [Test worker] DEBUG org.apache.hc.client5.http.headers - http-outgoing-0 << Via: 1.1 varnish
18:00:06.532 [Test worker] DEBUG org.apache.hc.client5.http.headers - http-outgoing-0 << X-Served-By: cache-bog2260022-BOG
18:00:06.532 [Test worker] DEBUG org.apache.hc.client5.http.headers - http-outgoing-0 << X-Cache: HIT
18:00:06.532 [Test worker] DEBUG org.apache.hc.client5.http.headers - http-outgoing-0 << X-Cache-Hits: 1
18:00:06.532 [Test worker] DEBUG org.apache.hc.client5.http.headers - http-outgoing-0 << X-Timer: S1681254005.249280,VS0,VE143
18:00:06.532 [Test worker] DEBUG org.apache.hc.client5.http.headers - http-outgoing-0 << Vary: Authorization,Accept-Encoding,Origin
18:00:06.532 [Test worker] DEBUG org.apache.hc.client5.http.headers - http-outgoing-0 << Access-Control-Allow-Origin: *
18:00:06.533 [Test worker] DEBUG org.apache.hc.client5.http.headers - http-outgoing-0 << X-Fastly-Request-ID: bf8f5ebb70f1cde39d5af05defe5dbe1b155c65a
18:00:06.533 [Test worker] DEBUG org.apache.hc.client5.http.headers - http-outgoing-0 << Expires: Tue, 11 Apr 2023 23:05:05 GMT
18:00:06.533 [Test worker] DEBUG org.apache.hc.client5.http.headers - http-outgoing-0 << Source-Age: 0
18:00:06.555 [Test worker] DEBUG org.apache.hc.client5.http.impl.classic.MainClientExec - ex-00000001: connection can be kept alive for 3 MINUTES
18:00:06.582 [Test worker] DEBUG org.apache.hc.client5.http.wire - http-outgoing-0 << "[0x1f][0xffffff8b][0x8][0x0][0x0][0x0][0x0][0x0][0x0][0x3][0xffffffb5]V]o[0xffffffda]0[0x14]}[0xffffffe7]W\[0xffffff81]*[0xffffffb5][0x12][0x1f][[M[0xffffffd3]$[0x1e]hF[0xffffffbb]i [0x18][0xffffffb4][0xffffffdd]&[0xfffffff9][0xffffffc5]$7[0xffffffc1]R[0x12]#;[0xffffff94]v[0xffffffbf]~[0xffffffb6][0xfffffff3]1[0xffffff92][0xffffff9a][0xffffffc1][0x1a]x[0xffffffcb][0xffffffb5][0xffffffaf][0xffffffcf]9[0xffffffbe][0xfffffff7]8v[0xb][0x1c][0x1e]E4[0xfffffff6]$x4[0xffffffa1][0xb]*[0xffffffb1][0xffffffd1][0xffffff82][0xfffffffb]%[0xffffff93][0xffffffe0][0xffffffb3][0x10][0xffffffc1][0xffffffe5]qBY,!Y[0xffffffea] KM8,[0x10][0xfffffff0][0x19][0xffffffdd]u[0xffffff82][0x1e][0xffffffb0][0xffffffd8]L[0xffffffcb]%[0xffffff86][0xffffffa1][0xe][0xffffffb8][0xfffffff0]P[0xffffffe8]$[0xf][0x13]t[0x13]3[0xfffffff9][0xffffff84]B2[0xffffffae][0xffffffe6]|@[0xfffffff5][0x1d][0x8][0xffffffc4][0x18][0x16][0xffffff82]o[0xffffffa4][0xffffff9a]P[0xffffff94][0xffffffe7][0xffffffce]R[0xfffffff0][0x8][0xffffffdb]p[0xffffffcb][0x4][0xfffffffa][0xfffffffc][0xffffffb9][\r][0xffffff93][0x15][\n]"
18:00:06.584 [Test worker] DEBUG org.apache.hc.client5.http.wire - http-outgoing-0 << "[0xffffffda][0xffffff86][0xffffffa1][0x17][0xffffffa8]Q3[0xffffffcb][0xffffffd6][0xffffffd1][0xffffff85][0xffffffc6][0xfffffff7][0xffffff98][0xffffffef][0xffffffa3][0xffffffc0]8[0x1][0xffffffae]s[0x12][0x16][0x7] _d[0xffffff82][0xffffff91][0xffffff84][0xfffffff3][0x1f],[0xfffffff6][0x14]j[0x1b]F,^+[0xffffff98]1ua2[0xffffffbf]h([0xffffff8e][0xffffff94][0xffffffa2][0xffffff91]m[0xffffffa3][0xffffffeb][0xffffff9a][0xffffffb0][0xffffffbb]I[0x17]t[0xffffffdf][0xffffffbd][0xffffffef][0xffffffbb][0xffffff91][0xffffffd7]U[0xffffffbb][0xffffff82][0xffffff9e][0x3][0xffffff9b][0xffffff88][0xffffffb9][0xffffffa6]$[0xffffffa6][0xc][0xffffff9b][0xffffffa5][0xffffffe2][0xffffff83][0xffffff98]F[0xffffffd8]o[0xffffff9e]Mg[0xffffff93][0xffffffbb][0xffffffd9]`|[0xfffffffb]u4[0xffffff9c][0x7f]"}B[0xffffffce][0x8][0xffffffb9][0xffffffe3]<[0x8][0xffffff91][0xffffff90][0xffffff94][0xffffff82][0xffffff90][0xffffffc1]j[0x15]2WI[0xffffffe3]1![0x19][0xffffff91]BnB[0xffffff80][0x9]<f[0xffffffb5][0xffffffe8]=[0xffffffd1]p[0xffffffbd][[0xffffffcf][0xffffffe5][0x1b][0xfffffff4][0xffffff9c][0xffffffff][0xfffffffc][0xfffffff8][0xffffffe1][0xffffffe2][0xffffff94][0xffffffa2][0xffffffae][0xe][0x14]5[0xffffff9a]8[0xffffff83][0xffffffd1]`:[0xfffffffd]<[0xffffffb8][0x1f][0xffffff9c]R[0xffffffcf]u[0x7f]6[0xffffffbc][0xffffff83][0xffffffef][0xf][0xffffffc3][0xffffffd9]/[0xfffffff8][0xfffffff2][0xffffffcd]y s[0xffffffee]'[0x1b]*0g[0xffffffcb][0xffffffc8]nF7H][0xffffff83][0xffffff97]{[0xffffffb1]Q[0x5][\r][0xffffffb5]c[0xffffffb4][0xf][0x2][0xffffffb3][0xffffffb4][0xffffff93][0xe]C[0xffffffa7][0xffffffb3]kAD][0xffffff9d][0xffffffde][0xffffffdb][0xffffffda][0xffffff88][0xffffffec][0xffffffa5][0xffffffbc][0xffffff99][0xffffffd9][0xffffffba]t[0xffffffb5][0xffffffea]9[0xffffffea][0x10])[0xffffffb7][0xffffffca][0xffffff9e][0xfffffff2][0xffffffe2]d^N[0xffffffd8]FW[0x16][0xffffffcd][0xffffffdc]_[0x10][0xfffffff9]i|[0x1c][0xffffff93][0xffffff8e][0xfffffff9]o[0x16][0xffffff86]4'!$G[0xffffffdf]W[0xfffffff4]W*j[[0xfffffff3]xR[0xffffffae][0xffffffb6][0xc][0xffffffd0],; #[0xffffffa9][0xffffff92]5[0xffffffb5][0x7][0xffffff9c][0xffffffb5][0xffffffd0][0x7f][0xffffff90][0xffffffc7]jgs[0xfffffffc][0xffffffc2][0xb][0xffffffd9][0x0]t[0xffffff9e]^'Y[0xfffffffb][0xffffff9f][0xffffffb1][0xffffffd8]:[0xffffffbf][0xffffff8d][0xffffffa5][0xffffff9a][0xffffffad][0x7f]m[0x5]&[0xffffffaa][0xffffffa0]^[0xffffff9b][0xffffffcb][0x5]f[0xffffffae][0xffffffe0]RU[0xffffff82][0x10]MS9l[0xffffff91]4t[0xfffffffb][0xffffff8a]][0xffffffd6][0xfffffff4][0xffffff96][0xffffffa6][0xffffff9f]P[0xffffffce][0xffffffd5][0xffffffce][0xffffff93][0xffffffff][0xffffff97][0xffffffcc]p[0xfffffffd][0xfffffff3][0xffffffe8][0x1b][0xffffffcc][0xffffffa2][0xffffffd9]Q[0xffffffbe][0xffffffb2][0xffffffa3][0xffffffc7]m'[0xffffffdf][0xffffffe4][[0xfffffffb]^[0xffffffb0][0xffffff9a][0xffffffbe][0xffffffda][0xffffffda]_[0xffffffce][0xffffff80][0xffffffd2][0xffffffc1]7[0xffffffb7]][0xffffffc1]b[0xffffffee][0xffffffb5][0xffffffff]w[0xffffff83][0xffffffed][0xffffffa7];[0x15]<[0x10]4[0xffffff92][0xffffff84][0x18][\n]"
18:00:06.584 [Test worker] DEBUG org.apache.hc.client5.http.wire - http-outgoing-0 << "BB[0xffffffba][0xffffff8e]][0xffffffb5]jo[0xffffffb9]+"[0xffffffea][0xffffffb4][0xffffffff]h"[0xffffffea]\?5[0xffffffa9][0xffffffaf]k[0xffffffec][0xffffffff]P[0xffffffea][\n]"
18:00:06.584 [Test worker] DEBUG org.apache.hc.client5.http.wire - http-outgoing-0 << "w[0xffffffe1]K[0x13][0xffffffda][0xffffffec][0xffffff98][0xffffffe6]Y[0xfffffffd]h8m6[0xffffff9c]T[0xffffffc1][0xfffffff2][0xffffffa7][0xffffff91]z_[0xffffff95]o85p[0x1c][0x13][0xffffffe6][0xfffffff0]5[0xffffffee][0xfffffffc][0xffffff92][0xffffff96][0xffffffda][0xfffffff7][0xffffffcf][0xffffffb1][0x5][0x1d][0xffffffea]K[0xffffff9b]9[0xffffff8e][0xffffffad]e[0xfffffff7][0xffffff93][0xffffffa8]`[0xffffffda][0xffffffff][0x1a][0xffffffd2][0xffffff88][0xffffff85][0xfffffffd][0xfffffff2][0xffffff91]N[0xfffffff6]`[0xffffffdf]2[0xffffffcf][0xffffffae]E[0xffffff97][0xffffffc5][0xffffffa2][0xffffff9d][0xffffffef]'[0xffffff9d]mun.[0xffffffd3]f^[0xffffffc7][0xffffff82][0xffffffda][0xffffff82]9[0xfffffff5][0xffffffa9]`[0x5][0xffffffbc]4[0xffffffa1][0x1d]<M[0xffffffb5]A[0xffffffa7]3[[0xffffffc0][0x7f][0x0][0xffffffc1][0xffffffd0]$[0xffffff85][0x1d][\r][0x0][0x0]"
18:00:06.589 [Test worker] DEBUG org.apache.hc.client5.http.impl.classic.InternalHttpClient - ep-00000000: releasing valid endpoint
18:00:06.605 [Test worker] DEBUG org.apache.hc.client5.http.impl.io.PoolingHttpClientConnectionManager - ep-00000000: releasing endpoint
18:00:06.607 [Test worker] DEBUG org.apache.hc.client5.http.impl.io.PoolingHttpClientConnectionManager - ep-00000000: connection http-outgoing-0 can be kept alive for 3 MINUTES
18:00:06.610 [Test worker] DEBUG org.apache.hc.client5.http.impl.io.PoolingHttpClientConnectionManager - ep-00000000: connection released [route: {s}->https://raw.githubusercontent.com:443][total available: 1; route allocated: 1 of 5; total allocated: 1 of 25]
18:00:06.610 [Test worker] DEBUG io.github.bonigarcia.wdm.versions.VersionDetector - Detecting chrome version using online commands.properties
18:00:06.619 [Test worker] DEBUG io.github.bonigarcia.wdm.versions.Shell - Running command on the shell: [cmd.exe, /C, wmic, datafile, where, name="%PROGRAMFILES:\=\\%\\Google\\Chrome\\Application\\chrome.exe", get, Version, /value]
18:00:10.052 [Test worker] DEBUG io.github.bonigarcia.wdm.versions.Shell - Result: Version=112.0.5615.50
18:00:10.059 [Test worker] DEBUG io.github.bonigarcia.wdm.cache.ResolutionCache - Resolution chrome112=112.0.5615.49 in cache (valid until 12:12:55 12/04/2023 COT)
18:00:10.059 [Test worker] INFO io.github.bonigarcia.wdm.WebDriverManager - Using chromedriver 112.0.5615.49 (resolved driver for Chrome 112)
18:00:10.066 [Test worker] DEBUG io.github.bonigarcia.wdm.cache.ResolutionCache - Storing resolution chrome=112 in cache (valid until 19:00:10 11/04/2023 COT)
18:00:10.079 [Test worker] DEBUG io.github.bonigarcia.wdm.WebDriverManager - Driver chromedriver 112.0.5615.49 found in cache
18:00:10.081 [Test worker] INFO io.github.bonigarcia.wdm.WebDriverManager - Exporting webdriver.chrome.driver as C:\Users\johan\.cache\selenium\chromedriver\win32\112.0.5615.49\chromedriver.exe
18:00:10.417 [Test worker] DEBUG net.thucydides.core.reflection.ClassFinder - Could not load class .co.com.konex.certification.login.backoffice.runners.RunnerTags
18:00:10.418 [Test worker] DEBUG net.thucydides.core.reflection.ClassFinder - Could not load class .co.com.konex.certification.login.backoffice.stepdefinitions.MyStepdefinitions
18:00:10.418 [Test worker] DEBUG net.thucydides.core.reflection.ClassFinder - Could not load class .co.com.konex.cetificacion.login.backoffice.Main
18:00:10.419 [Test worker] DEBUG net.thucydides.core.reflection.ClassFinder - Could not load class .co.com.konex.cetificacion.login.backoffice.model.TablaUsuarios
18:00:10.419 [Test worker] DEBUG net.thucydides.core.reflection.ClassFinder - Could not load class .co.com.konex.cetificacion.login.backoffice.questions.Validar
18:00:10.420 [Test worker] DEBUG net.thucydides.core.reflection.ClassFinder - Could not load class .co.com.konex.cetificacion.login.backoffice.questions.Verificar
18:00:10.420 [Test worker] DEBUG net.thucydides.core.reflection.ClassFinder - Could not load class .co.com.konex.cetificacion.login.backoffice.tasks.Abrir
18:00:10.420 [Test worker] DEBUG net.thucydides.core.reflection.ClassFinder - Could not load class .co.com.konex.cetificacion.login.backoffice.tasks.Digitar
18:00:10.420 [Test worker] DEBUG net.thucydides.core.reflection.ClassFinder - Could not load class .co.com.konex.cetificacion.login.backoffice.tasks.Ingresar
18:00:10.421 [Test worker] DEBUG net.thucydides.core.reflection.ClassFinder - Could not load class .co.com.konex.cetificacion.login.backoffice.userinterfaces.ContenedorDeObjetos
18:00:10.421 [Test worker] DEBUG net.thucydides.core.reflection.ClassFinder - Could not load class .co.com.konex.cetificacion.login.backoffice.userinterfaces.PaginaBackoffice
18:00:10.678 [Test worker] DEBUG net.serenitybdd.core.webdriver.driverproviders.ProvideNewDriver - Instantiating driver
18:00:10.679 [Test worker] DEBUG net.serenitybdd.core.webdriver.driverproviders.ProvideNewDriver - Driver capabilities: Capabilities {acceptInsecureCerts: false, autodownload: true, browserName: chrome, chrome.silentOutput: true, driver: chrome, goog:chromeOptions: {args: [--start-maximized --disable...], extensions: []}}
18:00:10.914 [Test worker] DEBUG io.netty.util.internal.logging.InternalLoggerFactory - Using SLF4J as the default logging framework
18:00:10.928 [Test worker] DEBUG io.netty.util.ResourceLeakDetector - -Dio.netty.leakDetection.level: simple
18:00:10.928 [Test worker] DEBUG io.netty.util.ResourceLeakDetector - -Dio.netty.leakDetection.targetRecords: 4
18:00:10.941 [Test worker] DEBUG io.netty.util.ResourceLeakDetectorFactory - Loaded default ResourceLeakDetector: io.netty.util.ResourceLeakDetector@25a1a012
18:00:11.026 [Test worker] DEBUG io.netty.util.internal.PlatformDependent0 - -Dio.netty.noUnsafe: false
18:00:11.027 [Test worker] DEBUG io.netty.util.internal.PlatformDependent0 - Java version: 8
18:00:11.030 [Test worker] DEBUG io.netty.util.internal.PlatformDependent0 - sun.misc.Unsafe.theUnsafe: available
18:00:11.032 [Test worker] DEBUG io.netty.util.internal.PlatformDependent0 - sun.misc.Unsafe.copyMemory: available
18:00:11.034 [Test worker] DEBUG io.netty.util.internal.PlatformDependent0 - java.nio.Buffer.address: available
18:00:11.036 [Test worker] DEBUG io.netty.util.internal.PlatformDependent0 - direct buffer constructor: available
18:00:11.039 [Test worker] DEBUG io.netty.util.internal.PlatformDependent0 - java.nio.Bits.unaligned: available, true
18:00:11.039 [Test worker] DEBUG io.netty.util.internal.PlatformDependent0 - jdk.internal.misc.Unsafe.allocateUninitializedArray(int): unavailable prior to Java9
18:00:11.039 [Test worker] DEBUG io.netty.util.internal.PlatformDependent0 - java.nio.DirectByteBuffer.<init>(long, int): available
18:00:11.040 [Test worker] DEBUG io.netty.util.internal.PlatformDependent - sun.misc.Unsafe: available
18:00:11.042 [Test worker] DEBUG io.netty.util.internal.PlatformDependent - -Dio.netty.tmpdir: C:\Users\johan\AppData\Local\Temp (java.io.tmpdir)
18:00:11.043 [Test worker] DEBUG io.netty.util.internal.PlatformDependent - -Dio.netty.bitMode: 64 (sun.arch.data.model)
18:00:11.044 [Test worker] DEBUG io.netty.util.internal.PlatformDependent - Platform: Windows
18:00:11.048 [Test worker] DEBUG io.netty.util.internal.PlatformDependent - -Dio.netty.maxDirectMemory: 477626368 bytes
18:00:11.048 [Test worker] DEBUG io.netty.util.internal.PlatformDependent - -Dio.netty.uninitializedArrayAllocationThreshold: -1
18:00:11.051 [Test worker] DEBUG io.netty.util.internal.CleanerJava6 - java.nio.ByteBuffer.cleaner(): available
18:00:11.051 [Test worker] DEBUG io.netty.util.internal.PlatformDependent - -Dio.netty.noPreferDirect: false
18:00:11.093 [Test worker] DEBUG io.netty.util.internal.PlatformDependent - org.jctools-core.MpscChunkedArrayQueue: available
18:00:11.196 [Test worker] DEBUG io.netty.util.internal.InternalThreadLocalMap - -Dio.netty.threadLocalMap.stringBuilder.initialSize: 1024
18:00:11.196 [Test worker] DEBUG io.netty.util.internal.InternalThreadLocalMap - -Dio.netty.threadLocalMap.stringBuilder.maxSize: 4096
18:00:11.264 [Test worker] DEBUG io.netty.handler.ssl.JdkSslContext - Default protocols (JDK): [TLSv1.2, TLSv1.1, TLSv1] 
18:00:11.264 [Test worker] DEBUG io.netty.handler.ssl.JdkSslContext - Default cipher suites (JDK): [TLS_ECDHE_ECDSA_WITH_AES_256_GCM_SHA384, TLS_ECDHE_ECDSA_WITH_AES_128_GCM_SHA256, TLS_ECDHE_RSA_WITH_AES_128_GCM_SHA256, TLS_ECDHE_RSA_WITH_AES_256_GCM_SHA384, TLS_ECDHE_RSA_WITH_AES_128_CBC_SHA, TLS_ECDHE_RSA_WITH_AES_256_CBC_SHA, TLS_RSA_WITH_AES_128_GCM_SHA256, TLS_RSA_WITH_AES_128_CBC_SHA, TLS_RSA_WITH_AES_256_CBC_SHA]
18:00:11.416 [Test worker] DEBUG io.netty.channel.MultithreadEventLoopGroup - -Dio.netty.eventLoopThreads: 16
18:00:11.452 [Test worker] DEBUG io.netty.channel.nio.NioEventLoop - -Dio.netty.noKeySetOptimization: false
18:00:11.453 [Test worker] DEBUG io.netty.channel.nio.NioEventLoop - -Dio.netty.selectorAutoRebuildThreshold: 512
18:00:11.582 [Test worker] DEBUG io.netty.buffer.PooledByteBufAllocator - -Dio.netty.allocator.numHeapArenas: 1
18:00:11.582 [Test worker] DEBUG io.netty.buffer.PooledByteBufAllocator - -Dio.netty.allocator.numDirectArenas: 1
18:00:11.582 [Test worker] DEBUG io.netty.buffer.PooledByteBufAllocator - -Dio.netty.allocator.pageSize: 8192
18:00:11.583 [Test worker] DEBUG io.netty.buffer.PooledByteBufAllocator - -Dio.netty.allocator.maxOrder: 11
18:00:11.583 [Test worker] DEBUG io.netty.buffer.PooledByteBufAllocator - -Dio.netty.allocator.chunkSize: 16777216
18:00:11.583 [Test worker] DEBUG io.netty.buffer.PooledByteBufAllocator - -Dio.netty.allocator.smallCacheSize: 256
18:00:11.584 [Test worker] DEBUG io.netty.buffer.PooledByteBufAllocator - -Dio.netty.allocator.normalCacheSize: 64
18:00:11.584 [Test worker] DEBUG io.netty.buffer.PooledByteBufAllocator - -Dio.netty.allocator.maxCachedBufferCapacity: 32768
18:00:11.584 [Test worker] DEBUG io.netty.buffer.PooledByteBufAllocator - -Dio.netty.allocator.cacheTrimInterval: 8192
18:00:11.584 [Test worker] DEBUG io.netty.buffer.PooledByteBufAllocator - -Dio.netty.allocator.cacheTrimIntervalMillis: 600000
18:00:11.585 [Test worker] DEBUG io.netty.buffer.PooledByteBufAllocator - -Dio.netty.allocator.useCacheForAllThreads: false
18:00:11.585 [Test worker] DEBUG io.netty.buffer.PooledByteBufAllocator - -Dio.netty.allocator.maxCachedByteBuffersPerChunk: 1023
18:00:11.626 [Test worker] DEBUG io.netty.buffer.ByteBufUtil - -Dio.netty.allocator.type: pooled
18:00:11.626 [Test worker] DEBUG io.netty.buffer.ByteBufUtil - -Dio.netty.threadLocalDirectBufferSize: 0
18:00:11.626 [Test worker] DEBUG io.netty.buffer.ByteBufUtil - -Dio.netty.maxThreadLocalCharBufferSize: 16384
18:00:14.641 [Forwarding newSession on session null to remote] DEBUG io.netty.channel.DefaultChannelId - -Dio.netty.processId: 12365 (user-set)
18:00:14.644 [Forwarding newSession on session null to remote] DEBUG io.netty.channel.DefaultChannelId - -Dio.netty.machineId: 28:f0:76:ff:fe:16:65:0e (user-set)
18:00:14.842 [AsyncHttpClient-1-2] DEBUG io.netty.buffer.AbstractByteBuf - -Dio.netty.buffer.checkAccessible: true
18:00:14.843 [AsyncHttpClient-1-2] DEBUG io.netty.buffer.AbstractByteBuf - -Dio.netty.buffer.checkBounds: true
18:00:14.843 [AsyncHttpClient-1-2] DEBUG io.netty.util.ResourceLeakDetectorFactory - Loaded default ResourceLeakDetector: io.netty.util.ResourceLeakDetector@4f50f7ae
18:00:14.882 [AsyncHttpClient-1-2] DEBUG org.asynchttpclient.netty.channel.NettyConnectListener - Using new Channel '[id: 0x599de944, L:/127.0.0.1:54881 - R:localhost/127.0.0.1:64683]' for 'POST' to '/session'
18:00:14.939 [AsyncHttpClient-1-2] DEBUG io.netty.util.Recycler - -Dio.netty.recycler.maxCapacityPerThread: 4096
18:00:14.939 [AsyncHttpClient-1-2] DEBUG io.netty.util.Recycler - -Dio.netty.recycler.ratio: 8
18:00:14.939 [AsyncHttpClient-1-2] DEBUG io.netty.util.Recycler - -Dio.netty.recycler.chunkSize: 32
18:00:14.940 [AsyncHttpClient-1-2] DEBUG io.netty.util.Recycler - -Dio.netty.recycler.blocking: false
18:00:16.557 [AsyncHttpClient-1-2] DEBUG io.netty.handler.codec.compression.Brotli - brotli4j not in the classpath; Brotli support will be unavailable.
18:00:16.557 [AsyncHttpClient-1-2] DEBUG org.asynchttpclient.netty.handler.HttpHandler - 

Request DefaultHttpRequest(decodeResult: success, version: HTTP/1.1)
POST /session HTTP/1.1
User-Agent: selenium/4.1.2 (java windows)
Content-Length: 776
Content-Type: application/json; charset=utf-8
host: localhost:64683
accept: */*

Response DefaultHttpResponse(decodeResult: success, version: HTTP/1.1)
HTTP/1.1 200 OK
Content-Type: application/json; charset=utf-8
cache-control: no-cache
content-length: 859

18:00:16.590 [AsyncHttpClient-1-2] DEBUG org.asynchttpclient.netty.channel.ChannelManager - Adding key: http://localhost:64683 for channel [id: 0x599de944, L:/127.0.0.1:54881 - R:localhost/127.0.0.1:64683]
18:00:16.715 [AsyncHttpClient-1-1] DEBUG org.asynchttpclient.netty.channel.DefaultChannelPool - Entry count for : http://localhost:64683 : 1
18:00:16.819 [AsyncHttpClient-1-3] DEBUG org.asynchttpclient.netty.channel.NettyConnectListener - Using new Channel '[id: 0x4d8aaa07, L:/127.0.0.1:54889 - R:localhost/127.0.0.1:54882]' for 'GET' to '/json/version'
18:00:16.824 [AsyncHttpClient-1-3] DEBUG org.asynchttpclient.netty.handler.HttpHandler - 

Request DefaultFullHttpRequest(decodeResult: success, version: HTTP/1.1, content: EmptyByteBufBE)
GET /json/version HTTP/1.1
User-Agent: selenium/4.1.2 (java windows)
host: localhost:54882
accept: */*

Response DefaultHttpResponse(decodeResult: success, version: HTTP/1.1)
HTTP/1.1 200 OK
Content-Security-Policy: frame-ancestors 'none'
Content-Type: application/json; charset=UTF-8
content-length: 422

18:00:16.826 [AsyncHttpClient-1-3] DEBUG org.asynchttpclient.netty.channel.ChannelManager - Adding key: http://localhost:54882 for channel [id: 0x4d8aaa07, L:/127.0.0.1:54889 - R:localhost/127.0.0.1:54882]
18:00:16.870 [Test worker] DEBUG io.netty.util.internal.ThreadLocalRandom - -Dio.netty.initialSeedUniquifier: 0x095142941bf52f07
18:00:16.888 [AsyncHttpClient-1-4] DEBUG org.asynchttpclient.netty.channel.NettyConnectListener - Using new Channel '[id: 0x22e6ac10, L:/127.0.0.1:54890 - R:localhost/127.0.0.1:54882]' for 'GET' to '/devtools/browser/27173fe1-b00c-4c71-a178-b90357736733'
18:00:16.894 [AsyncHttpClient-1-4] DEBUG org.asynchttpclient.netty.handler.WebSocketHandler - 

Request DefaultFullHttpRequest(decodeResult: success, version: HTTP/1.1, content: EmptyByteBufBE)
GET /devtools/browser/27173fe1-b00c-4c71-a178-b90357736733 HTTP/1.1
upgrade: websocket
connection: upgrade
sec-websocket-key: uBjJ0RIcC0PZ6X2GdSxBOw==
sec-websocket-version: 13
origin: http://localhost:54882
host: localhost:54882
accept: */*
user-agent: AHC/2.1

Response DefaultHttpResponse(decodeResult: success, version: HTTP/1.1)
HTTP/1.1 101 WebSocket Protocol Handshake
Upgrade: WebSocket
Connection: Upgrade
Sec-WebSocket-Accept: GbO76Bx6cRjw+HlksQbkMc9Oy10=

18:00:17.329 [Test worker] DEBUG net.thucydides.core.reflection.ClassFinder - Could not load class .co.com.konex.certification.login.backoffice.runners.RunnerTags
18:00:17.329 [Test worker] DEBUG net.thucydides.core.reflection.ClassFinder - Could not load class .co.com.konex.certification.login.backoffice.stepdefinitions.MyStepdefinitions
18:00:17.330 [Test worker] DEBUG net.thucydides.core.reflection.ClassFinder - Could not load class .co.com.konex.cetificacion.login.backoffice.Main
18:00:17.330 [Test worker] DEBUG net.thucydides.core.reflection.ClassFinder - Could not load class .co.com.konex.cetificacion.login.backoffice.model.TablaUsuarios
18:00:17.330 [Test worker] DEBUG net.thucydides.core.reflection.ClassFinder - Could not load class .co.com.konex.cetificacion.login.backoffice.questions.Validar
18:00:17.330 [Test worker] DEBUG net.thucydides.core.reflection.ClassFinder - Could not load class .co.com.konex.cetificacion.login.backoffice.questions.Verificar
18:00:17.331 [Test worker] DEBUG net.thucydides.core.reflection.ClassFinder - Could not load class .co.com.konex.cetificacion.login.backoffice.tasks.Abrir
18:00:17.331 [Test worker] DEBUG net.thucydides.core.reflection.ClassFinder - Could not load class .co.com.konex.cetificacion.login.backoffice.tasks.Digitar
18:00:17.331 [Test worker] DEBUG net.thucydides.core.reflection.ClassFinder - Could not load class .co.com.konex.cetificacion.login.backoffice.tasks.Ingresar
18:00:17.332 [Test worker] DEBUG net.thucydides.core.reflection.ClassFinder - Could not load class .co.com.konex.cetificacion.login.backoffice.userinterfaces.ContenedorDeObjetos
18:00:17.332 [Test worker] DEBUG net.thucydides.core.reflection.ClassFinder - Could not load class .co.com.konex.cetificacion.login.backoffice.userinterfaces.PaginaBackoffice
18:00:17.349 [Forwarding get on session a3107db960a546824245285e456e2544 to remote] DEBUG org.asynchttpclient.netty.request.NettyRequestSender - Using pooled Channel '[id: 0x599de944, L:/127.0.0.1:54881 - R:localhost/127.0.0.1:64683]' for 'POST' to 'http://localhost:64683/session/a3107db960a546824245285e456e2544/url'
18:00:17.350 [Forwarding get on session a3107db960a546824245285e456e2544 to remote] DEBUG org.asynchttpclient.netty.request.NettyRequestSender - Using open Channel [id: 0x599de944, L:/127.0.0.1:54881 - R:localhost/127.0.0.1:64683] for POST '/session/a3107db960a546824245285e456e2544/url'
18:00:17.814 [AsyncHttpClient-1-1] DEBUG org.asynchttpclient.netty.channel.DefaultChannelPool - Entry count for : http://localhost:54882 : 1
18:00:18.910 [AsyncHttpClient-1-1] DEBUG org.asynchttpclient.netty.channel.DefaultChannelPool - Entry count for : http://localhost:54882 : 1
18:00:19.126 [AsyncHttpClient-1-2] DEBUG org.asynchttpclient.netty.handler.HttpHandler - 

Request DefaultHttpRequest(decodeResult: success, version: HTTP/1.1)
POST /session/a3107db960a546824245285e456e2544/url HTTP/1.1
User-Agent: selenium/4.1.2 (java windows)
Content-Length: 80
Content-Type: application/json; charset=utf-8
host: localhost:64683
accept: */*

Response DefaultHttpResponse(decodeResult: success, version: HTTP/1.1)
HTTP/1.1 200 OK
Content-Type: application/json; charset=utf-8
cache-control: no-cache
content-length: 14

18:00:19.127 [AsyncHttpClient-1-2] DEBUG org.asynchttpclient.netty.channel.ChannelManager - Adding key: http://localhost:64683 for channel [id: 0x599de944, L:/127.0.0.1:54881 - R:localhost/127.0.0.1:64683]
18:00:19.147 [Forwarding setTimeout on session a3107db960a546824245285e456e2544 to remote] DEBUG org.asynchttpclient.netty.request.NettyRequestSender - Using pooled Channel '[id: 0x599de944, L:/127.0.0.1:54881 - R:localhost/127.0.0.1:64683]' for 'POST' to 'http://localhost:64683/session/a3107db960a546824245285e456e2544/timeouts'
18:00:19.148 [Forwarding setTimeout on session a3107db960a546824245285e456e2544 to remote] DEBUG org.asynchttpclient.netty.request.NettyRequestSender - Using open Channel [id: 0x599de944, L:/127.0.0.1:54881 - R:localhost/127.0.0.1:64683] for POST '/session/a3107db960a546824245285e456e2544/timeouts'
18:00:19.152 [AsyncHttpClient-1-2] DEBUG org.asynchttpclient.netty.handler.HttpHandler - 

Request DefaultHttpRequest(decodeResult: success, version: HTTP/1.1)
POST /session/a3107db960a546824245285e456e2544/timeouts HTTP/1.1
User-Agent: selenium/4.1.2 (java windows)
Content-Length: 22
Content-Type: application/json; charset=utf-8
host: localhost:64683
accept: */*

Response DefaultHttpResponse(decodeResult: success, version: HTTP/1.1)
HTTP/1.1 200 OK
Content-Type: application/json; charset=utf-8
cache-control: no-cache
content-length: 14

18:00:19.153 [AsyncHttpClient-1-2] DEBUG org.asynchttpclient.netty.channel.ChannelManager - Adding key: http://localhost:64683 for channel [id: 0x599de944, L:/127.0.0.1:54881 - R:localhost/127.0.0.1:64683]
18:00:19.223 [Forwarding getCurrentUrl on session a3107db960a546824245285e456e2544 to remote] DEBUG org.asynchttpclient.netty.request.NettyRequestSender - Using pooled Channel '[id: 0x599de944, L:/127.0.0.1:54881 - R:localhost/127.0.0.1:64683]' for 'GET' to 'http://localhost:64683/session/a3107db960a546824245285e456e2544/url'
18:00:19.224 [Forwarding getCurrentUrl on session a3107db960a546824245285e456e2544 to remote] DEBUG org.asynchttpclient.netty.request.NettyRequestSender - Using open Channel [id: 0x599de944, L:/127.0.0.1:54881 - R:localhost/127.0.0.1:64683] for GET '/session/a3107db960a546824245285e456e2544/url'
18:00:19.234 [AsyncHttpClient-1-2] DEBUG org.asynchttpclient.netty.handler.HttpHandler - 

Request DefaultFullHttpRequest(decodeResult: success, version: HTTP/1.1, content: EmptyByteBufBE)
GET /session/a3107db960a546824245285e456e2544/url HTTP/1.1
User-Agent: selenium/4.1.2 (java windows)
Cache-Control: no-cache
Content-Type: application/json; charset=utf-8
host: localhost:64683
accept: */*

Response DefaultHttpResponse(decodeResult: success, version: HTTP/1.1)
HTTP/1.1 200 OK
Content-Type: application/json; charset=utf-8
cache-control: no-cache
content-length: 57

18:00:19.236 [AsyncHttpClient-1-2] DEBUG org.asynchttpclient.netty.channel.ChannelManager - Adding key: http://localhost:64683 for channel [id: 0x599de944, L:/127.0.0.1:54881 - R:localhost/127.0.0.1:64683]
18:00:19.311 [Forwarding getCurrentUrl on session a3107db960a546824245285e456e2544 to remote] DEBUG org.asynchttpclient.netty.request.NettyRequestSender - Using pooled Channel '[id: 0x599de944, L:/127.0.0.1:54881 - R:localhost/127.0.0.1:64683]' for 'GET' to 'http://localhost:64683/session/a3107db960a546824245285e456e2544/url'
18:00:19.311 [Forwarding getCurrentUrl on session a3107db960a546824245285e456e2544 to remote] DEBUG org.asynchttpclient.netty.request.NettyRequestSender - Using open Channel [id: 0x599de944, L:/127.0.0.1:54881 - R:localhost/127.0.0.1:64683] for GET '/session/a3107db960a546824245285e456e2544/url'
18:00:19.318 [AsyncHttpClient-1-2] DEBUG org.asynchttpclient.netty.handler.HttpHandler - 

Request DefaultFullHttpRequest(decodeResult: success, version: HTTP/1.1, content: EmptyByteBufBE)
GET /session/a3107db960a546824245285e456e2544/url HTTP/1.1
User-Agent: selenium/4.1.2 (java windows)
Cache-Control: no-cache
Content-Type: application/json; charset=utf-8
host: localhost:64683
accept: */*

Response DefaultHttpResponse(decodeResult: success, version: HTTP/1.1)
HTTP/1.1 200 OK
Content-Type: application/json; charset=utf-8
cache-control: no-cache
content-length: 57

18:00:19.320 [AsyncHttpClient-1-2] DEBUG org.asynchttpclient.netty.channel.ChannelManager - Adding key: http://localhost:64683 for channel [id: 0x599de944, L:/127.0.0.1:54881 - R:localhost/127.0.0.1:64683]
18:00:19.458 [Test worker] DEBUG net.serenitybdd.core.photography.Darkroom - Opening darkroom
18:00:19.469 [Darkroom Processing Line] DEBUG net.serenitybdd.core.photography.DarkroomProcessingLine - Darkroom processing line starting up
18:00:19.481 [Forwarding screenshot on session a3107db960a546824245285e456e2544 to remote] DEBUG org.asynchttpclient.netty.request.NettyRequestSender - Using pooled Channel '[id: 0x599de944, L:/127.0.0.1:54881 - R:localhost/127.0.0.1:64683]' for 'GET' to 'http://localhost:64683/session/a3107db960a546824245285e456e2544/screenshot'
18:00:19.482 [Forwarding screenshot on session a3107db960a546824245285e456e2544 to remote] DEBUG org.asynchttpclient.netty.request.NettyRequestSender - Using open Channel [id: 0x599de944, L:/127.0.0.1:54881 - R:localhost/127.0.0.1:64683] for GET '/session/a3107db960a546824245285e456e2544/screenshot'
18:00:19.973 [AsyncHttpClient-1-2] DEBUG org.asynchttpclient.netty.handler.HttpHandler - 

Request DefaultFullHttpRequest(decodeResult: success, version: HTTP/1.1, content: EmptyByteBufBE)
GET /session/a3107db960a546824245285e456e2544/screenshot HTTP/1.1
User-Agent: selenium/4.1.2 (java windows)
Cache-Control: no-cache
Content-Type: application/json; charset=utf-8
host: localhost:64683
accept: */*

Response DefaultHttpResponse(decodeResult: success, version: HTTP/1.1)
HTTP/1.1 200 OK
Content-Type: application/json; charset=utf-8
cache-control: no-cache
content-length: 379740

18:00:19.984 [AsyncHttpClient-1-2] DEBUG org.asynchttpclient.netty.channel.ChannelManager - Adding key: http://localhost:64683 for channel [id: 0x599de944, L:/127.0.0.1:54881 - R:localhost/127.0.0.1:64683]
18:00:20.011 [AsyncHttpClient-1-1] DEBUG org.asynchttpclient.netty.channel.DefaultChannelPool - Entry count for : http://localhost:54882 : 1
18:00:20.011 [AsyncHttpClient-1-1] DEBUG org.asynchttpclient.netty.channel.DefaultChannelPool - Entry count for : http://localhost:64683 : 1
18:00:20.208 [Test worker] DEBUG net.serenitybdd.core.photography.Darkroom - Send negative for processing for C:\Users\johan\OneDrive\Documentos\KONEX\Pruebas automatizadas\automatizacion_login_backoffice_1v\target\site\serenity\2906e0e514c90d11ffaf03067b12110de544ee879fa76ed63b517fad1e2e3380.png
18:00:20.220 [Test worker] DEBUG net.thucydides.core.steps.StepInterceptor - STEP DONE: {0} opens the #targetPage
18:00:20.313 [Forwarding screenshot on session a3107db960a546824245285e456e2544 to remote] DEBUG org.asynchttpclient.netty.request.NettyRequestSender - Using pooled Channel '[id: 0x599de944, L:/127.0.0.1:54881 - R:localhost/127.0.0.1:64683]' for 'GET' to 'http://localhost:64683/session/a3107db960a546824245285e456e2544/screenshot'
18:00:20.313 [Forwarding screenshot on session a3107db960a546824245285e456e2544 to remote] DEBUG org.asynchttpclient.netty.request.NettyRequestSender - Using open Channel [id: 0x599de944, L:/127.0.0.1:54881 - R:localhost/127.0.0.1:64683] for GET '/session/a3107db960a546824245285e456e2544/screenshot'
18:00:20.739 [AsyncHttpClient-1-2] DEBUG org.asynchttpclient.netty.handler.HttpHandler - 

Request DefaultFullHttpRequest(decodeResult: success, version: HTTP/1.1, content: EmptyByteBufBE)
GET /session/a3107db960a546824245285e456e2544/screenshot HTTP/1.1
User-Agent: selenium/4.1.2 (java windows)
Cache-Control: no-cache
Content-Type: application/json; charset=utf-8
host: localhost:64683
accept: */*

Response DefaultHttpResponse(decodeResult: success, version: HTTP/1.1)
HTTP/1.1 200 OK
Content-Type: application/json; charset=utf-8
cache-control: no-cache
content-length: 379740

18:00:20.747 [AsyncHttpClient-1-2] DEBUG org.asynchttpclient.netty.channel.ChannelManager - Adding key: http://localhost:64683 for channel [id: 0x599de944, L:/127.0.0.1:54881 - R:localhost/127.0.0.1:64683]
18:00:20.790 [Test worker] DEBUG net.serenitybdd.core.photography.Darkroom - Send negative for processing for C:\Users\johan\OneDrive\Documentos\KONEX\Pruebas automatizadas\automatizacion_login_backoffice_1v\target\site\serenity\2906e0e514c90d11ffaf03067b12110de544ee879fa76ed63b517fad1e2e3380.png
18:00:20.791 [Test worker] DEBUG net.thucydides.core.steps.StepInterceptor - STEP DONE: performAs
18:00:20.851 [Forwarding screenshot on session a3107db960a546824245285e456e2544 to remote] DEBUG org.asynchttpclient.netty.request.NettyRequestSender - Using pooled Channel '[id: 0x599de944, L:/127.0.0.1:54881 - R:localhost/127.0.0.1:64683]' for 'GET' to 'http://localhost:64683/session/a3107db960a546824245285e456e2544/screenshot'
18:00:20.852 [Forwarding screenshot on session a3107db960a546824245285e456e2544 to remote] DEBUG org.asynchttpclient.netty.request.NettyRequestSender - Using open Channel [id: 0x599de944, L:/127.0.0.1:54881 - R:localhost/127.0.0.1:64683] for GET '/session/a3107db960a546824245285e456e2544/screenshot'
18:00:21.111 [AsyncHttpClient-1-1] DEBUG org.asynchttpclient.netty.channel.DefaultChannelPool - Entry count for : http://localhost:54882 : 1
18:00:21.261 [AsyncHttpClient-1-2] DEBUG org.asynchttpclient.netty.handler.HttpHandler - 

Request DefaultFullHttpRequest(decodeResult: success, version: HTTP/1.1, content: EmptyByteBufBE)
GET /session/a3107db960a546824245285e456e2544/screenshot HTTP/1.1
User-Agent: selenium/4.1.2 (java windows)
Cache-Control: no-cache
Content-Type: application/json; charset=utf-8
host: localhost:64683
accept: */*

Response DefaultHttpResponse(decodeResult: success, version: HTTP/1.1)
HTTP/1.1 200 OK
Content-Type: application/json; charset=utf-8
cache-control: no-cache
content-length: 379772

18:00:21.268 [AsyncHttpClient-1-2] DEBUG org.asynchttpclient.netty.channel.ChannelManager - Adding key: http://localhost:64683 for channel [id: 0x599de944, L:/127.0.0.1:54881 - R:localhost/127.0.0.1:64683]
18:00:21.297 [Test worker] DEBUG net.serenitybdd.core.photography.Darkroom - Send negative for processing for C:\Users\johan\OneDrive\Documentos\KONEX\Pruebas automatizadas\automatizacion_login_backoffice_1v\target\site\serenity\827eba772fc8c0a7b9dfb33684fbbfab2dbf1f790c8339d229e180e243a6dda7.png
18:00:21.386 [Forwarding screenshot on session a3107db960a546824245285e456e2544 to remote] DEBUG org.asynchttpclient.netty.request.NettyRequestSender - Using pooled Channel '[id: 0x599de944, L:/127.0.0.1:54881 - R:localhost/127.0.0.1:64683]' for 'GET' to 'http://localhost:64683/session/a3107db960a546824245285e456e2544/screenshot'
18:00:21.386 [Forwarding screenshot on session a3107db960a546824245285e456e2544 to remote] DEBUG org.asynchttpclient.netty.request.NettyRequestSender - Using open Channel [id: 0x599de944, L:/127.0.0.1:54881 - R:localhost/127.0.0.1:64683] for GET '/session/a3107db960a546824245285e456e2544/screenshot'
18:00:21.796 [AsyncHttpClient-1-2] DEBUG org.asynchttpclient.netty.handler.HttpHandler - 

Request DefaultFullHttpRequest(decodeResult: success, version: HTTP/1.1, content: EmptyByteBufBE)
GET /session/a3107db960a546824245285e456e2544/screenshot HTTP/1.1
User-Agent: selenium/4.1.2 (java windows)
Cache-Control: no-cache
Content-Type: application/json; charset=utf-8
host: localhost:64683
accept: */*

Response DefaultHttpResponse(decodeResult: success, version: HTTP/1.1)
HTTP/1.1 200 OK
Content-Type: application/json; charset=utf-8
cache-control: no-cache
content-length: 379740

18:00:21.803 [AsyncHttpClient-1-2] DEBUG org.asynchttpclient.netty.channel.ChannelManager - Adding key: http://localhost:64683 for channel [id: 0x599de944, L:/127.0.0.1:54881 - R:localhost/127.0.0.1:64683]
18:00:21.845 [Test worker] DEBUG net.serenitybdd.core.photography.Darkroom - Send negative for processing for C:\Users\johan\OneDrive\Documentos\KONEX\Pruebas automatizadas\automatizacion_login_backoffice_1v\target\site\serenity\2906e0e514c90d11ffaf03067b12110de544ee879fa76ed63b517fad1e2e3380.png
18:00:21.934 [Forwarding screenshot on session a3107db960a546824245285e456e2544 to remote] DEBUG org.asynchttpclient.netty.request.NettyRequestSender - Using pooled Channel '[id: 0x599de944, L:/127.0.0.1:54881 - R:localhost/127.0.0.1:64683]' for 'GET' to 'http://localhost:64683/session/a3107db960a546824245285e456e2544/screenshot'
18:00:21.934 [Forwarding screenshot on session a3107db960a546824245285e456e2544 to remote] DEBUG org.asynchttpclient.netty.request.NettyRequestSender - Using open Channel [id: 0x599de944, L:/127.0.0.1:54881 - R:localhost/127.0.0.1:64683] for GET '/session/a3107db960a546824245285e456e2544/screenshot'
18:00:22.210 [AsyncHttpClient-1-1] DEBUG org.asynchttpclient.netty.channel.DefaultChannelPool - Entry count for : http://localhost:54882 : 1
18:00:22.320 [AsyncHttpClient-1-2] DEBUG org.asynchttpclient.netty.handler.HttpHandler - 

Request DefaultFullHttpRequest(decodeResult: success, version: HTTP/1.1, content: EmptyByteBufBE)
GET /session/a3107db960a546824245285e456e2544/screenshot HTTP/1.1
User-Agent: selenium/4.1.2 (java windows)
Cache-Control: no-cache
Content-Type: application/json; charset=utf-8
host: localhost:64683
accept: */*

Response DefaultHttpResponse(decodeResult: success, version: HTTP/1.1)
HTTP/1.1 200 OK
Content-Type: application/json; charset=utf-8
cache-control: no-cache
content-length: 379772

18:00:22.327 [AsyncHttpClient-1-2] DEBUG org.asynchttpclient.netty.channel.ChannelManager - Adding key: http://localhost:64683 for channel [id: 0x599de944, L:/127.0.0.1:54881 - R:localhost/127.0.0.1:64683]
18:00:22.355 [Test worker] DEBUG net.serenitybdd.core.photography.Darkroom - Send negative for processing for C:\Users\johan\OneDrive\Documentos\KONEX\Pruebas automatizadas\automatizacion_login_backoffice_1v\target\site\serenity\827eba772fc8c0a7b9dfb33684fbbfab2dbf1f790c8339d229e180e243a6dda7.png
18:00:22.356 [Test worker] DEBUG net.thucydides.core.steps.StepInterceptor - STARTING STEP: MyStepdefinitions.digitaUsuarioYContrasenna - performAs
18:00:22.533 [Forwarding screenshot on session a3107db960a546824245285e456e2544 to remote] DEBUG org.asynchttpclient.netty.request.NettyRequestSender - Using pooled Channel '[id: 0x599de944, L:/127.0.0.1:54881 - R:localhost/127.0.0.1:64683]' for 'GET' to 'http://localhost:64683/session/a3107db960a546824245285e456e2544/screenshot'
18:00:22.534 [Forwarding screenshot on session a3107db960a546824245285e456e2544 to remote] DEBUG org.asynchttpclient.netty.request.NettyRequestSender - Using open Channel [id: 0x599de944, L:/127.0.0.1:54881 - R:localhost/127.0.0.1:64683] for GET '/session/a3107db960a546824245285e456e2544/screenshot'
18:00:22.970 [AsyncHttpClient-1-2] DEBUG org.asynchttpclient.netty.handler.HttpHandler - 

Request DefaultFullHttpRequest(decodeResult: success, version: HTTP/1.1, content: EmptyByteBufBE)
GET /session/a3107db960a546824245285e456e2544/screenshot HTTP/1.1
User-Agent: selenium/4.1.2 (java windows)
Cache-Control: no-cache
Content-Type: application/json; charset=utf-8
host: localhost:64683
accept: */*

Response DefaultHttpResponse(decodeResult: success, version: HTTP/1.1)
HTTP/1.1 200 OK
Content-Type: application/json; charset=utf-8
cache-control: no-cache
content-length: 379740

18:00:22.976 [AsyncHttpClient-1-2] DEBUG org.asynchttpclient.netty.channel.ChannelManager - Adding key: http://localhost:64683 for channel [id: 0x599de944, L:/127.0.0.1:54881 - R:localhost/127.0.0.1:64683]
18:00:23.007 [Test worker] DEBUG net.serenitybdd.core.photography.Darkroom - Send negative for processing for C:\Users\johan\OneDrive\Documentos\KONEX\Pruebas automatizadas\automatizacion_login_backoffice_1v\target\site\serenity\2906e0e514c90d11ffaf03067b12110de544ee879fa76ed63b517fad1e2e3380.png
18:00:23.008 [Test worker] DEBUG net.thucydides.core.steps.StepInterceptor - STARTING STEP: Ingresar.performAs - {0} enters #theTextAsAString into #target
18:00:23.152 [Test worker] DEBUG net.serenitybdd.screenplay.targets.IFrameSwitcher - default content already selected for Datos para campo de usuario
18:00:23.246 [Forwarding findElement on session a3107db960a546824245285e456e2544 to remote] DEBUG org.asynchttpclient.netty.request.NettyRequestSender - Using pooled Channel '[id: 0x599de944, L:/127.0.0.1:54881 - R:localhost/127.0.0.1:64683]' for 'POST' to 'http://localhost:64683/session/a3107db960a546824245285e456e2544/element'
18:00:23.246 [Forwarding findElement on session a3107db960a546824245285e456e2544 to remote] DEBUG org.asynchttpclient.netty.request.NettyRequestSender - Using open Channel [id: 0x599de944, L:/127.0.0.1:54881 - R:localhost/127.0.0.1:64683] for POST '/session/a3107db960a546824245285e456e2544/element'
18:00:23.275 [AsyncHttpClient-1-2] DEBUG org.asynchttpclient.netty.handler.HttpHandler - 

Request DefaultHttpRequest(decodeResult: success, version: HTTP/1.1)
POST /session/a3107db960a546824245285e456e2544/element HTTP/1.1
User-Agent: selenium/4.1.2 (java windows)
Content-Length: 53
Content-Type: application/json; charset=utf-8
host: localhost:64683
accept: */*

Response DefaultHttpResponse(decodeResult: success, version: HTTP/1.1)
HTTP/1.1 200 OK
Content-Type: application/json; charset=utf-8
cache-control: no-cache
content-length: 88

18:00:23.276 [AsyncHttpClient-1-2] DEBUG org.asynchttpclient.netty.channel.ChannelManager - Adding key: http://localhost:64683 for channel [id: 0x599de944, L:/127.0.0.1:54881 - R:localhost/127.0.0.1:64683]
18:00:23.290 [Forwarding clearElement on session a3107db960a546824245285e456e2544 to remote] DEBUG org.asynchttpclient.netty.request.NettyRequestSender - Using pooled Channel '[id: 0x599de944, L:/127.0.0.1:54881 - R:localhost/127.0.0.1:64683]' for 'POST' to 'http://localhost:64683/session/a3107db960a546824245285e456e2544/element/80b3defc-0e9a-44c7-81b3-8051403877f7/clear'
18:00:23.290 [Forwarding clearElement on session a3107db960a546824245285e456e2544 to remote] DEBUG org.asynchttpclient.netty.request.NettyRequestSender - Using open Channel [id: 0x599de944, L:/127.0.0.1:54881 - R:localhost/127.0.0.1:64683] for POST '/session/a3107db960a546824245285e456e2544/element/80b3defc-0e9a-44c7-81b3-8051403877f7/clear'
18:00:23.331 [AsyncHttpClient-1-1] DEBUG org.asynchttpclient.netty.channel.DefaultChannelPool - Entry count for : http://localhost:54882 : 1
18:00:23.407 [AsyncHttpClient-1-2] DEBUG org.asynchttpclient.netty.handler.HttpHandler - 

Request DefaultHttpRequest(decodeResult: success, version: HTTP/1.1)
POST /session/a3107db960a546824245285e456e2544/element/80b3defc-0e9a-44c7-81b3-8051403877f7/clear HTTP/1.1
User-Agent: selenium/4.1.2 (java windows)
Content-Length: 50
Content-Type: application/json; charset=utf-8
host: localhost:64683
accept: */*

Response DefaultHttpResponse(decodeResult: success, version: HTTP/1.1)
HTTP/1.1 200 OK
Content-Type: application/json; charset=utf-8
cache-control: no-cache
content-length: 14

18:00:23.407 [AsyncHttpClient-1-2] DEBUG org.asynchttpclient.netty.channel.ChannelManager - Adding key: http://localhost:64683 for channel [id: 0x599de944, L:/127.0.0.1:54881 - R:localhost/127.0.0.1:64683]
18:00:23.449 [Forwarding sendKeysToElement on session a3107db960a546824245285e456e2544 to remote] DEBUG org.asynchttpclient.netty.request.NettyRequestSender - Using pooled Channel '[id: 0x599de944, L:/127.0.0.1:54881 - R:localhost/127.0.0.1:64683]' for 'POST' to 'http://localhost:64683/session/a3107db960a546824245285e456e2544/element/80b3defc-0e9a-44c7-81b3-8051403877f7/value'
18:00:23.450 [Forwarding sendKeysToElement on session a3107db960a546824245285e456e2544 to remote] DEBUG org.asynchttpclient.netty.request.NettyRequestSender - Using open Channel [id: 0x599de944, L:/127.0.0.1:54881 - R:localhost/127.0.0.1:64683] for POST '/session/a3107db960a546824245285e456e2544/element/80b3defc-0e9a-44c7-81b3-8051403877f7/value'
18:00:23.521 [AsyncHttpClient-1-2] DEBUG org.asynchttpclient.netty.handler.HttpHandler - 

Request DefaultHttpRequest(decodeResult: success, version: HTTP/1.1)
POST /session/a3107db960a546824245285e456e2544/element/80b3defc-0e9a-44c7-81b3-8051403877f7/value HTTP/1.1
User-Agent: selenium/4.1.2 (java windows)
Content-Length: 191
Content-Type: application/json; charset=utf-8
host: localhost:64683
accept: */*

Response DefaultHttpResponse(decodeResult: success, version: HTTP/1.1)
HTTP/1.1 200 OK
Content-Type: application/json; charset=utf-8
cache-control: no-cache
content-length: 14

18:00:23.522 [AsyncHttpClient-1-2] DEBUG org.asynchttpclient.netty.channel.ChannelManager - Adding key: http://localhost:64683 for channel [id: 0x599de944, L:/127.0.0.1:54881 - R:localhost/127.0.0.1:64683]
18:00:23.581 [Forwarding screenshot on session a3107db960a546824245285e456e2544 to remote] DEBUG org.asynchttpclient.netty.request.NettyRequestSender - Using pooled Channel '[id: 0x599de944, L:/127.0.0.1:54881 - R:localhost/127.0.0.1:64683]' for 'GET' to 'http://localhost:64683/session/a3107db960a546824245285e456e2544/screenshot'
18:00:23.581 [Forwarding screenshot on session a3107db960a546824245285e456e2544 to remote] DEBUG org.asynchttpclient.netty.request.NettyRequestSender - Using open Channel [id: 0x599de944, L:/127.0.0.1:54881 - R:localhost/127.0.0.1:64683] for GET '/session/a3107db960a546824245285e456e2544/screenshot'
18:00:23.995 [AsyncHttpClient-1-2] DEBUG org.asynchttpclient.netty.handler.HttpHandler - 

Request DefaultFullHttpRequest(decodeResult: success, version: HTTP/1.1, content: EmptyByteBufBE)
GET /session/a3107db960a546824245285e456e2544/screenshot HTTP/1.1
User-Agent: selenium/4.1.2 (java windows)
Cache-Control: no-cache
Content-Type: application/json; charset=utf-8
host: localhost:64683
accept: */*

Response DefaultHttpResponse(decodeResult: success, version: HTTP/1.1)
HTTP/1.1 200 OK
Content-Type: application/json; charset=utf-8
cache-control: no-cache
content-length: 378572

18:00:23.999 [AsyncHttpClient-1-2] DEBUG org.asynchttpclient.netty.channel.ChannelManager - Adding key: http://localhost:64683 for channel [id: 0x599de944, L:/127.0.0.1:54881 - R:localhost/127.0.0.1:64683]
18:00:24.029 [Test worker] DEBUG net.serenitybdd.core.photography.Darkroom - Send negative for processing for C:\Users\johan\OneDrive\Documentos\KONEX\Pruebas automatizadas\automatizacion_login_backoffice_1v\target\site\serenity\006b24e5412277c5de3e2de51cd21d98827689b6fa88dab4e7de0ed1afc6cbb1.png
18:00:24.091 [Forwarding screenshot on session a3107db960a546824245285e456e2544 to remote] DEBUG org.asynchttpclient.netty.request.NettyRequestSender - Using pooled Channel '[id: 0x599de944, L:/127.0.0.1:54881 - R:localhost/127.0.0.1:64683]' for 'GET' to 'http://localhost:64683/session/a3107db960a546824245285e456e2544/screenshot'
18:00:24.091 [Forwarding screenshot on session a3107db960a546824245285e456e2544 to remote] DEBUG org.asynchttpclient.netty.request.NettyRequestSender - Using open Channel [id: 0x599de944, L:/127.0.0.1:54881 - R:localhost/127.0.0.1:64683] for GET '/session/a3107db960a546824245285e456e2544/screenshot'
18:00:24.410 [AsyncHttpClient-1-1] DEBUG org.asynchttpclient.netty.channel.DefaultChannelPool - Entry count for : http://localhost:54882 : 1
18:00:24.527 [AsyncHttpClient-1-2] DEBUG org.asynchttpclient.netty.handler.HttpHandler - 

Request DefaultFullHttpRequest(decodeResult: success, version: HTTP/1.1, content: EmptyByteBufBE)
GET /session/a3107db960a546824245285e456e2544/screenshot HTTP/1.1
User-Agent: selenium/4.1.2 (java windows)
Cache-Control: no-cache
Content-Type: application/json; charset=utf-8
host: localhost:64683
accept: */*

Response DefaultHttpResponse(decodeResult: success, version: HTTP/1.1)
HTTP/1.1 200 OK
Content-Type: application/json; charset=utf-8
cache-control: no-cache
content-length: 378548

18:00:24.531 [AsyncHttpClient-1-2] DEBUG org.asynchttpclient.netty.channel.ChannelManager - Adding key: http://localhost:64683 for channel [id: 0x599de944, L:/127.0.0.1:54881 - R:localhost/127.0.0.1:64683]
18:00:24.576 [Test worker] DEBUG net.serenitybdd.core.photography.Darkroom - Send negative for processing for C:\Users\johan\OneDrive\Documentos\KONEX\Pruebas automatizadas\automatizacion_login_backoffice_1v\target\site\serenity\593c02f2b79ab573dd722198271769da9d69a7badc725eaf18bb77823c363d3f.png
18:00:24.576 [Test worker] DEBUG net.thucydides.core.steps.StepInterceptor - STEP DONE: {0} enters #theTextAsAString into #target
18:00:24.578 [Darkroom Processing Line] DEBUG net.serenitybdd.core.photography.DarkroomProcessingLine - Processing screenshot image in /var/screenshots/screenshot-6405518991932326250
18:00:24.578 [Darkroom Processing Line] DEBUG net.serenitybdd.core.photography.DarkroomProcessingLine - Saving screenshot to C:\Users\johan\OneDrive\Documentos\KONEX\Pruebas automatizadas\automatizacion_login_backoffice_1v\target\site\serenity\593c02f2b79ab573dd722198271769da9d69a7badc725eaf18bb77823c363d3f.png
18:00:24.637 [Forwarding screenshot on session a3107db960a546824245285e456e2544 to remote] DEBUG org.asynchttpclient.netty.request.NettyRequestSender - Using pooled Channel '[id: 0x599de944, L:/127.0.0.1:54881 - R:localhost/127.0.0.1:64683]' for 'GET' to 'http://localhost:64683/session/a3107db960a546824245285e456e2544/screenshot'
18:00:24.637 [Forwarding screenshot on session a3107db960a546824245285e456e2544 to remote] DEBUG org.asynchttpclient.netty.request.NettyRequestSender - Using open Channel [id: 0x599de944, L:/127.0.0.1:54881 - R:localhost/127.0.0.1:64683] for GET '/session/a3107db960a546824245285e456e2544/screenshot'
18:00:25.056 [AsyncHttpClient-1-2] DEBUG org.asynchttpclient.netty.handler.HttpHandler - 

Request DefaultFullHttpRequest(decodeResult: success, version: HTTP/1.1, content: EmptyByteBufBE)
GET /session/a3107db960a546824245285e456e2544/screenshot HTTP/1.1
User-Agent: selenium/4.1.2 (java windows)
Cache-Control: no-cache
Content-Type: application/json; charset=utf-8
host: localhost:64683
accept: */*

Response DefaultHttpResponse(decodeResult: success, version: HTTP/1.1)
HTTP/1.1 200 OK
Content-Type: application/json; charset=utf-8
cache-control: no-cache
content-length: 378572

18:00:25.059 [AsyncHttpClient-1-2] DEBUG org.asynchttpclient.netty.channel.ChannelManager - Adding key: http://localhost:64683 for channel [id: 0x599de944, L:/127.0.0.1:54881 - R:localhost/127.0.0.1:64683]
18:00:25.098 [Test worker] DEBUG net.serenitybdd.core.photography.Darkroom - Send negative for processing for C:\Users\johan\OneDrive\Documentos\KONEX\Pruebas automatizadas\automatizacion_login_backoffice_1v\target\site\serenity\006b24e5412277c5de3e2de51cd21d98827689b6fa88dab4e7de0ed1afc6cbb1.png
18:00:25.099 [Test worker] DEBUG net.thucydides.core.steps.StepInterceptor - STARTING STEP: Ingresar.performAs - {0} enters #theTextAsAString into #target
18:00:25.126 [Test worker] DEBUG net.serenitybdd.screenplay.targets.IFrameSwitcher - default content already selected for Datos para campo contrasenna
18:00:25.225 [Forwarding findElement on session a3107db960a546824245285e456e2544 to remote] DEBUG org.asynchttpclient.netty.request.NettyRequestSender - Using pooled Channel '[id: 0x599de944, L:/127.0.0.1:54881 - R:localhost/127.0.0.1:64683]' for 'POST' to 'http://localhost:64683/session/a3107db960a546824245285e456e2544/element'
18:00:25.225 [Forwarding findElement on session a3107db960a546824245285e456e2544 to remote] DEBUG org.asynchttpclient.netty.request.NettyRequestSender - Using open Channel [id: 0x599de944, L:/127.0.0.1:54881 - R:localhost/127.0.0.1:64683] for POST '/session/a3107db960a546824245285e456e2544/element'
18:00:25.249 [AsyncHttpClient-1-2] DEBUG org.asynchttpclient.netty.handler.HttpHandler - 

Request DefaultHttpRequest(decodeResult: success, version: HTTP/1.1)
POST /session/a3107db960a546824245285e456e2544/element HTTP/1.1
User-Agent: selenium/4.1.2 (java windows)
Content-Length: 50
Content-Type: application/json; charset=utf-8
host: localhost:64683
accept: */*

Response DefaultHttpResponse(decodeResult: success, version: HTTP/1.1)
HTTP/1.1 200 OK
Content-Type: application/json; charset=utf-8
cache-control: no-cache
content-length: 88

18:00:25.249 [AsyncHttpClient-1-2] DEBUG org.asynchttpclient.netty.channel.ChannelManager - Adding key: http://localhost:64683 for channel [id: 0x599de944, L:/127.0.0.1:54881 - R:localhost/127.0.0.1:64683]
18:00:25.279 [Forwarding clearElement on session a3107db960a546824245285e456e2544 to remote] DEBUG org.asynchttpclient.netty.request.NettyRequestSender - Using pooled Channel '[id: 0x599de944, L:/127.0.0.1:54881 - R:localhost/127.0.0.1:64683]' for 'POST' to 'http://localhost:64683/session/a3107db960a546824245285e456e2544/element/ac645672-b7cc-4ca3-87d8-8561070515de/clear'
18:00:25.279 [Forwarding clearElement on session a3107db960a546824245285e456e2544 to remote] DEBUG org.asynchttpclient.netty.request.NettyRequestSender - Using open Channel [id: 0x599de944, L:/127.0.0.1:54881 - R:localhost/127.0.0.1:64683] for POST '/session/a3107db960a546824245285e456e2544/element/ac645672-b7cc-4ca3-87d8-8561070515de/clear'
18:00:25.345 [AsyncHttpClient-1-2] DEBUG org.asynchttpclient.netty.handler.HttpHandler - 

Request DefaultHttpRequest(decodeResult: success, version: HTTP/1.1)
POST /session/a3107db960a546824245285e456e2544/element/ac645672-b7cc-4ca3-87d8-8561070515de/clear HTTP/1.1
User-Agent: selenium/4.1.2 (java windows)
Content-Length: 50
Content-Type: application/json; charset=utf-8
host: localhost:64683
accept: */*

Response DefaultHttpResponse(decodeResult: success, version: HTTP/1.1)
HTTP/1.1 200 OK
Content-Type: application/json; charset=utf-8
cache-control: no-cache
content-length: 14

18:00:25.345 [AsyncHttpClient-1-2] DEBUG org.asynchttpclient.netty.channel.ChannelManager - Adding key: http://localhost:64683 for channel [id: 0x599de944, L:/127.0.0.1:54881 - R:localhost/127.0.0.1:64683]
18:00:25.381 [Forwarding sendKeysToElement on session a3107db960a546824245285e456e2544 to remote] DEBUG org.asynchttpclient.netty.request.NettyRequestSender - Using pooled Channel '[id: 0x599de944, L:/127.0.0.1:54881 - R:localhost/127.0.0.1:64683]' for 'POST' to 'http://localhost:64683/session/a3107db960a546824245285e456e2544/element/ac645672-b7cc-4ca3-87d8-8561070515de/value'
18:00:25.381 [Forwarding sendKeysToElement on session a3107db960a546824245285e456e2544 to remote] DEBUG org.asynchttpclient.netty.request.NettyRequestSender - Using open Channel [id: 0x599de944, L:/127.0.0.1:54881 - R:localhost/127.0.0.1:64683] for POST '/session/a3107db960a546824245285e456e2544/element/ac645672-b7cc-4ca3-87d8-8561070515de/value'
18:00:25.486 [AsyncHttpClient-1-2] DEBUG org.asynchttpclient.netty.handler.HttpHandler - 

Request DefaultHttpRequest(decodeResult: success, version: HTTP/1.1)
POST /session/a3107db960a546824245285e456e2544/element/ac645672-b7cc-4ca3-87d8-8561070515de/value HTTP/1.1
User-Agent: selenium/4.1.2 (java windows)
Content-Length: 181
Content-Type: application/json; charset=utf-8
host: localhost:64683
accept: */*

Response DefaultHttpResponse(decodeResult: success, version: HTTP/1.1)
HTTP/1.1 200 OK
Content-Type: application/json; charset=utf-8
cache-control: no-cache
content-length: 14

18:00:25.486 [AsyncHttpClient-1-2] DEBUG org.asynchttpclient.netty.channel.ChannelManager - Adding key: http://localhost:64683 for channel [id: 0x599de944, L:/127.0.0.1:54881 - R:localhost/127.0.0.1:64683]
18:00:25.515 [AsyncHttpClient-1-1] DEBUG org.asynchttpclient.netty.channel.DefaultChannelPool - Entry count for : http://localhost:54882 : 1
18:00:25.515 [AsyncHttpClient-1-1] DEBUG org.asynchttpclient.netty.channel.DefaultChannelPool - Entry count for : http://localhost:64683 : 1
18:00:25.529 [Forwarding screenshot on session a3107db960a546824245285e456e2544 to remote] DEBUG org.asynchttpclient.netty.request.NettyRequestSender - Using pooled Channel '[id: 0x599de944, L:/127.0.0.1:54881 - R:localhost/127.0.0.1:64683]' for 'GET' to 'http://localhost:64683/session/a3107db960a546824245285e456e2544/screenshot'
18:00:25.530 [Forwarding screenshot on session a3107db960a546824245285e456e2544 to remote] DEBUG org.asynchttpclient.netty.request.NettyRequestSender - Using open Channel [id: 0x599de944, L:/127.0.0.1:54881 - R:localhost/127.0.0.1:64683] for GET '/session/a3107db960a546824245285e456e2544/screenshot'
18:00:25.934 [AsyncHttpClient-1-2] DEBUG org.asynchttpclient.netty.handler.HttpHandler - 

Request DefaultFullHttpRequest(decodeResult: success, version: HTTP/1.1, content: EmptyByteBufBE)
GET /session/a3107db960a546824245285e456e2544/screenshot HTTP/1.1
User-Agent: selenium/4.1.2 (java windows)
Cache-Control: no-cache
Content-Type: application/json; charset=utf-8
host: localhost:64683
accept: */*

Response DefaultHttpResponse(decodeResult: success, version: HTTP/1.1)
HTTP/1.1 200 OK
Content-Type: application/json; charset=utf-8
cache-control: no-cache
content-length: 376452

18:00:25.937 [AsyncHttpClient-1-2] DEBUG org.asynchttpclient.netty.channel.ChannelManager - Adding key: http://localhost:64683 for channel [id: 0x599de944, L:/127.0.0.1:54881 - R:localhost/127.0.0.1:64683]
18:00:25.974 [Test worker] DEBUG net.serenitybdd.core.photography.Darkroom - Send negative for processing for C:\Users\johan\OneDrive\Documentos\KONEX\Pruebas automatizadas\automatizacion_login_backoffice_1v\target\site\serenity\6409296d25c248aedb7da1477f84c275db0599f87c2e3eeb6f484850a149a03f.png
18:00:26.028 [Forwarding screenshot on session a3107db960a546824245285e456e2544 to remote] DEBUG org.asynchttpclient.netty.request.NettyRequestSender - Using pooled Channel '[id: 0x599de944, L:/127.0.0.1:54881 - R:localhost/127.0.0.1:64683]' for 'GET' to 'http://localhost:64683/session/a3107db960a546824245285e456e2544/screenshot'
18:00:26.028 [Forwarding screenshot on session a3107db960a546824245285e456e2544 to remote] DEBUG org.asynchttpclient.netty.request.NettyRequestSender - Using open Channel [id: 0x599de944, L:/127.0.0.1:54881 - R:localhost/127.0.0.1:64683] for GET '/session/a3107db960a546824245285e456e2544/screenshot'
18:00:26.429 [AsyncHttpClient-1-2] DEBUG org.asynchttpclient.netty.handler.HttpHandler - 

Request DefaultFullHttpRequest(decodeResult: success, version: HTTP/1.1, content: EmptyByteBufBE)
GET /session/a3107db960a546824245285e456e2544/screenshot HTTP/1.1
User-Agent: selenium/4.1.2 (java windows)
Cache-Control: no-cache
Content-Type: application/json; charset=utf-8
host: localhost:64683
accept: */*

Response DefaultHttpResponse(decodeResult: success, version: HTTP/1.1)
HTTP/1.1 200 OK
Content-Type: application/json; charset=utf-8
cache-control: no-cache
content-length: 376308

18:00:26.433 [AsyncHttpClient-1-2] DEBUG org.asynchttpclient.netty.channel.ChannelManager - Adding key: http://localhost:64683 for channel [id: 0x599de944, L:/127.0.0.1:54881 - R:localhost/127.0.0.1:64683]
18:00:26.464 [Test worker] DEBUG net.serenitybdd.core.photography.Darkroom - Send negative for processing for C:\Users\johan\OneDrive\Documentos\KONEX\Pruebas automatizadas\automatizacion_login_backoffice_1v\target\site\serenity\777d771f417b2d92f2980caaac3c4242d665f99f2fe608d980d7860e25bab63a.png
18:00:26.464 [Test worker] DEBUG net.thucydides.core.steps.StepInterceptor - STEP DONE: {0} enters #theTextAsAString into #target
18:00:26.465 [Darkroom Processing Line] DEBUG net.serenitybdd.core.photography.DarkroomProcessingLine - Processing screenshot image in /var/screenshots/screenshot-2404885991447781075
18:00:26.466 [Darkroom Processing Line] DEBUG net.serenitybdd.core.photography.DarkroomProcessingLine - Saving screenshot to C:\Users\johan\OneDrive\Documentos\KONEX\Pruebas automatizadas\automatizacion_login_backoffice_1v\target\site\serenity\777d771f417b2d92f2980caaac3c4242d665f99f2fe608d980d7860e25bab63a.png
18:00:26.507 [Test worker] DEBUG net.thucydides.core.steps.StepInterceptor - STARTING STEP: Ingresar.performAs - {0} clicks on #target
18:00:26.508 [Test worker] DEBUG net.serenitybdd.screenplay.targets.IFrameSwitcher - default content already selected for Verificar contrasenna
18:00:26.610 [AsyncHttpClient-1-1] DEBUG org.asynchttpclient.netty.channel.DefaultChannelPool - Entry count for : http://localhost:54882 : 1
18:00:26.610 [AsyncHttpClient-1-1] DEBUG org.asynchttpclient.netty.channel.DefaultChannelPool - Entry count for : http://localhost:64683 : 1
18:00:26.659 [Forwarding findElement on session a3107db960a546824245285e456e2544 to remote] DEBUG org.asynchttpclient.netty.request.NettyRequestSender - Using pooled Channel '[id: 0x599de944, L:/127.0.0.1:54881 - R:localhost/127.0.0.1:64683]' for 'POST' to 'http://localhost:64683/session/a3107db960a546824245285e456e2544/element'
18:00:26.659 [Forwarding findElement on session a3107db960a546824245285e456e2544 to remote] DEBUG org.asynchttpclient.netty.request.NettyRequestSender - Using open Channel [id: 0x599de944, L:/127.0.0.1:54881 - R:localhost/127.0.0.1:64683] for POST '/session/a3107db960a546824245285e456e2544/element'
18:00:26.682 [AsyncHttpClient-1-2] DEBUG org.asynchttpclient.netty.handler.HttpHandler - 

Request DefaultHttpRequest(decodeResult: success, version: HTTP/1.1)
POST /session/a3107db960a546824245285e456e2544/element HTTP/1.1
User-Agent: selenium/4.1.2 (java windows)
Content-Length: 93
Content-Type: application/json; charset=utf-8
host: localhost:64683
accept: */*

Response DefaultHttpResponse(decodeResult: success, version: HTTP/1.1)
HTTP/1.1 200 OK
Content-Type: application/json; charset=utf-8
cache-control: no-cache
content-length: 88

18:00:26.683 [AsyncHttpClient-1-2] DEBUG org.asynchttpclient.netty.channel.ChannelManager - Adding key: http://localhost:64683 for channel [id: 0x599de944, L:/127.0.0.1:54881 - R:localhost/127.0.0.1:64683]
18:00:26.741 [Forwarding isElementDisplayed on session a3107db960a546824245285e456e2544 to remote] DEBUG org.asynchttpclient.netty.request.NettyRequestSender - Using pooled Channel '[id: 0x599de944, L:/127.0.0.1:54881 - R:localhost/127.0.0.1:64683]' for 'POST' to 'http://localhost:64683/session/a3107db960a546824245285e456e2544/execute/sync'
18:00:26.741 [Forwarding isElementDisplayed on session a3107db960a546824245285e456e2544 to remote] DEBUG org.asynchttpclient.netty.request.NettyRequestSender - Using open Channel [id: 0x599de944, L:/127.0.0.1:54881 - R:localhost/127.0.0.1:64683] for POST '/session/a3107db960a546824245285e456e2544/execute/sync'
18:00:26.778 [AsyncHttpClient-1-2] DEBUG org.asynchttpclient.netty.handler.HttpHandler - 

Request DefaultHttpRequest(decodeResult: success, version: HTTP/1.1)
POST /session/a3107db960a546824245285e456e2544/execute/sync HTTP/1.1
User-Agent: selenium/4.1.2 (java windows)
Content-Length: 48780
Content-Type: application/json; charset=utf-8
host: localhost:64683
accept: */*

Response DefaultHttpResponse(decodeResult: success, version: HTTP/1.1)
HTTP/1.1 200 OK
Content-Type: application/json; charset=utf-8
cache-control: no-cache
content-length: 14

18:00:26.779 [AsyncHttpClient-1-2] DEBUG org.asynchttpclient.netty.channel.ChannelManager - Adding key: http://localhost:64683 for channel [id: 0x599de944, L:/127.0.0.1:54881 - R:localhost/127.0.0.1:64683]
18:00:26.837 [Forwarding findElement on session a3107db960a546824245285e456e2544 to remote] DEBUG org.asynchttpclient.netty.request.NettyRequestSender - Using pooled Channel '[id: 0x599de944, L:/127.0.0.1:54881 - R:localhost/127.0.0.1:64683]' for 'POST' to 'http://localhost:64683/session/a3107db960a546824245285e456e2544/element'
18:00:26.837 [Forwarding findElement on session a3107db960a546824245285e456e2544 to remote] DEBUG org.asynchttpclient.netty.request.NettyRequestSender - Using open Channel [id: 0x599de944, L:/127.0.0.1:54881 - R:localhost/127.0.0.1:64683] for POST '/session/a3107db960a546824245285e456e2544/element'
18:00:26.850 [AsyncHttpClient-1-2] DEBUG org.asynchttpclient.netty.handler.HttpHandler - 

Request DefaultHttpRequest(decodeResult: success, version: HTTP/1.1)
POST /session/a3107db960a546824245285e456e2544/element HTTP/1.1
User-Agent: selenium/4.1.2 (java windows)
Content-Length: 93
Content-Type: application/json; charset=utf-8
host: localhost:64683
accept: */*

Response DefaultHttpResponse(decodeResult: success, version: HTTP/1.1)
HTTP/1.1 200 OK
Content-Type: application/json; charset=utf-8
cache-control: no-cache
content-length: 88

18:00:26.850 [AsyncHttpClient-1-2] DEBUG org.asynchttpclient.netty.channel.ChannelManager - Adding key: http://localhost:64683 for channel [id: 0x599de944, L:/127.0.0.1:54881 - R:localhost/127.0.0.1:64683]
18:00:26.854 [Forwarding clickElement on session a3107db960a546824245285e456e2544 to remote] DEBUG org.asynchttpclient.netty.request.NettyRequestSender - Using pooled Channel '[id: 0x599de944, L:/127.0.0.1:54881 - R:localhost/127.0.0.1:64683]' for 'POST' to 'http://localhost:64683/session/a3107db960a546824245285e456e2544/element/a4142531-1637-43a1-af85-978a8c401542/click'
18:00:26.854 [Forwarding clickElement on session a3107db960a546824245285e456e2544 to remote] DEBUG org.asynchttpclient.netty.request.NettyRequestSender - Using open Channel [id: 0x599de944, L:/127.0.0.1:54881 - R:localhost/127.0.0.1:64683] for POST '/session/a3107db960a546824245285e456e2544/element/a4142531-1637-43a1-af85-978a8c401542/click'
18:00:26.919 [AsyncHttpClient-1-2] DEBUG org.asynchttpclient.netty.handler.HttpHandler - 

Request DefaultHttpRequest(decodeResult: success, version: HTTP/1.1)
POST /session/a3107db960a546824245285e456e2544/element/a4142531-1637-43a1-af85-978a8c401542/click HTTP/1.1
User-Agent: selenium/4.1.2 (java windows)
Content-Length: 50
Content-Type: application/json; charset=utf-8
host: localhost:64683
accept: */*

Response DefaultHttpResponse(decodeResult: success, version: HTTP/1.1)
HTTP/1.1 200 OK
Content-Type: application/json; charset=utf-8
cache-control: no-cache
content-length: 14

18:00:26.920 [AsyncHttpClient-1-2] DEBUG org.asynchttpclient.netty.channel.ChannelManager - Adding key: http://localhost:64683 for channel [id: 0x599de944, L:/127.0.0.1:54881 - R:localhost/127.0.0.1:64683]
18:00:26.978 [Forwarding screenshot on session a3107db960a546824245285e456e2544 to remote] DEBUG org.asynchttpclient.netty.request.NettyRequestSender - Using pooled Channel '[id: 0x599de944, L:/127.0.0.1:54881 - R:localhost/127.0.0.1:64683]' for 'GET' to 'http://localhost:64683/session/a3107db960a546824245285e456e2544/screenshot'
18:00:26.978 [Forwarding screenshot on session a3107db960a546824245285e456e2544 to remote] DEBUG org.asynchttpclient.netty.request.NettyRequestSender - Using open Channel [id: 0x599de944, L:/127.0.0.1:54881 - R:localhost/127.0.0.1:64683] for GET '/session/a3107db960a546824245285e456e2544/screenshot'
18:00:27.409 [AsyncHttpClient-1-2] DEBUG org.asynchttpclient.netty.handler.HttpHandler - 

Request DefaultFullHttpRequest(decodeResult: success, version: HTTP/1.1, content: EmptyByteBufBE)
GET /session/a3107db960a546824245285e456e2544/screenshot HTTP/1.1
User-Agent: selenium/4.1.2 (java windows)
Cache-Control: no-cache
Content-Type: application/json; charset=utf-8
host: localhost:64683
accept: */*

Response DefaultHttpResponse(decodeResult: success, version: HTTP/1.1)
HTTP/1.1 200 OK
Content-Type: application/json; charset=utf-8
cache-control: no-cache
content-length: 376324

18:00:27.413 [AsyncHttpClient-1-2] DEBUG org.asynchttpclient.netty.channel.ChannelManager - Adding key: http://localhost:64683 for channel [id: 0x599de944, L:/127.0.0.1:54881 - R:localhost/127.0.0.1:64683]
18:00:27.452 [Test worker] DEBUG net.serenitybdd.core.photography.Darkroom - Send negative for processing for C:\Users\johan\OneDrive\Documentos\KONEX\Pruebas automatizadas\automatizacion_login_backoffice_1v\target\site\serenity\5a6ba8c2df8388bd4966dd7ccc4272c7a0ff783bc6367d82021d23e044e03244.png
18:00:27.501 [Test worker] DEBUG net.thucydides.core.steps.StepInterceptor - STEP DONE: {0} clicks on #target
18:00:27.554 [Forwarding screenshot on session a3107db960a546824245285e456e2544 to remote] DEBUG org.asynchttpclient.netty.request.NettyRequestSender - Using pooled Channel '[id: 0x599de944, L:/127.0.0.1:54881 - R:localhost/127.0.0.1:64683]' for 'GET' to 'http://localhost:64683/session/a3107db960a546824245285e456e2544/screenshot'
18:00:27.554 [Forwarding screenshot on session a3107db960a546824245285e456e2544 to remote] DEBUG org.asynchttpclient.netty.request.NettyRequestSender - Using open Channel [id: 0x599de944, L:/127.0.0.1:54881 - R:localhost/127.0.0.1:64683] for GET '/session/a3107db960a546824245285e456e2544/screenshot'
18:00:27.710 [AsyncHttpClient-1-1] DEBUG org.asynchttpclient.netty.channel.DefaultChannelPool - Entry count for : http://localhost:54882 : 1
18:00:28.010 [AsyncHttpClient-1-2] DEBUG org.asynchttpclient.netty.handler.HttpHandler - 

Request DefaultFullHttpRequest(decodeResult: success, version: HTTP/1.1, content: EmptyByteBufBE)
GET /session/a3107db960a546824245285e456e2544/screenshot HTTP/1.1
User-Agent: selenium/4.1.2 (java windows)
Cache-Control: no-cache
Content-Type: application/json; charset=utf-8
host: localhost:64683
accept: */*

Response DefaultHttpResponse(decodeResult: success, version: HTTP/1.1)
HTTP/1.1 200 OK
Content-Type: application/json; charset=utf-8
cache-control: no-cache
content-length: 376308

18:00:28.012 [AsyncHttpClient-1-2] DEBUG org.asynchttpclient.netty.channel.ChannelManager - Adding key: http://localhost:64683 for channel [id: 0x599de944, L:/127.0.0.1:54881 - R:localhost/127.0.0.1:64683]
18:00:28.064 [Test worker] DEBUG net.serenitybdd.core.photography.Darkroom - Send negative for processing for C:\Users\johan\OneDrive\Documentos\KONEX\Pruebas automatizadas\automatizacion_login_backoffice_1v\target\site\serenity\777d771f417b2d92f2980caaac3c4242d665f99f2fe608d980d7860e25bab63a.png
18:00:28.065 [Test worker] DEBUG net.thucydides.core.steps.StepInterceptor - STARTING STEP: Ingresar.performAs - {0} clicks on #target
18:00:28.066 [Test worker] DEBUG net.serenitybdd.screenplay.targets.IFrameSwitcher - default content already selected for Boton iniciar sesion
18:00:28.232 [Forwarding findElement on session a3107db960a546824245285e456e2544 to remote] DEBUG org.asynchttpclient.netty.request.NettyRequestSender - Using pooled Channel '[id: 0x599de944, L:/127.0.0.1:54881 - R:localhost/127.0.0.1:64683]' for 'POST' to 'http://localhost:64683/session/a3107db960a546824245285e456e2544/element'
18:00:28.232 [Forwarding findElement on session a3107db960a546824245285e456e2544 to remote] DEBUG org.asynchttpclient.netty.request.NettyRequestSender - Using open Channel [id: 0x599de944, L:/127.0.0.1:54881 - R:localhost/127.0.0.1:64683] for POST '/session/a3107db960a546824245285e456e2544/element'
18:00:28.256 [AsyncHttpClient-1-2] DEBUG org.asynchttpclient.netty.handler.HttpHandler - 

Request DefaultHttpRequest(decodeResult: success, version: HTTP/1.1)
POST /session/a3107db960a546824245285e456e2544/element HTTP/1.1
User-Agent: selenium/4.1.2 (java windows)
Content-Length: 89
Content-Type: application/json; charset=utf-8
host: localhost:64683
accept: */*

Response DefaultHttpResponse(decodeResult: success, version: HTTP/1.1)
HTTP/1.1 200 OK
Content-Type: application/json; charset=utf-8
cache-control: no-cache
content-length: 88

18:00:28.257 [AsyncHttpClient-1-2] DEBUG org.asynchttpclient.netty.channel.ChannelManager - Adding key: http://localhost:64683 for channel [id: 0x599de944, L:/127.0.0.1:54881 - R:localhost/127.0.0.1:64683]
18:00:28.321 [Forwarding isElementDisplayed on session a3107db960a546824245285e456e2544 to remote] DEBUG org.asynchttpclient.netty.request.NettyRequestSender - Using pooled Channel '[id: 0x599de944, L:/127.0.0.1:54881 - R:localhost/127.0.0.1:64683]' for 'POST' to 'http://localhost:64683/session/a3107db960a546824245285e456e2544/execute/sync'
18:00:28.321 [Forwarding isElementDisplayed on session a3107db960a546824245285e456e2544 to remote] DEBUG org.asynchttpclient.netty.request.NettyRequestSender - Using open Channel [id: 0x599de944, L:/127.0.0.1:54881 - R:localhost/127.0.0.1:64683] for POST '/session/a3107db960a546824245285e456e2544/execute/sync'
18:00:28.348 [AsyncHttpClient-1-2] DEBUG org.asynchttpclient.netty.handler.HttpHandler - 

Request DefaultHttpRequest(decodeResult: success, version: HTTP/1.1)
POST /session/a3107db960a546824245285e456e2544/execute/sync HTTP/1.1
User-Agent: selenium/4.1.2 (java windows)
Content-Length: 48780
Content-Type: application/json; charset=utf-8
host: localhost:64683
accept: */*

Response DefaultHttpResponse(decodeResult: success, version: HTTP/1.1)
HTTP/1.1 200 OK
Content-Type: application/json; charset=utf-8
cache-control: no-cache
content-length: 14

18:00:28.348 [AsyncHttpClient-1-2] DEBUG org.asynchttpclient.netty.channel.ChannelManager - Adding key: http://localhost:64683 for channel [id: 0x599de944, L:/127.0.0.1:54881 - R:localhost/127.0.0.1:64683]
18:00:28.407 [Forwarding findElement on session a3107db960a546824245285e456e2544 to remote] DEBUG org.asynchttpclient.netty.request.NettyRequestSender - Using pooled Channel '[id: 0x599de944, L:/127.0.0.1:54881 - R:localhost/127.0.0.1:64683]' for 'POST' to 'http://localhost:64683/session/a3107db960a546824245285e456e2544/element'
18:00:28.407 [Forwarding findElement on session a3107db960a546824245285e456e2544 to remote] DEBUG org.asynchttpclient.netty.request.NettyRequestSender - Using open Channel [id: 0x599de944, L:/127.0.0.1:54881 - R:localhost/127.0.0.1:64683] for POST '/session/a3107db960a546824245285e456e2544/element'
18:00:28.423 [AsyncHttpClient-1-2] DEBUG org.asynchttpclient.netty.handler.HttpHandler - 

Request DefaultHttpRequest(decodeResult: success, version: HTTP/1.1)
POST /session/a3107db960a546824245285e456e2544/element HTTP/1.1
User-Agent: selenium/4.1.2 (java windows)
Content-Length: 89
Content-Type: application/json; charset=utf-8
host: localhost:64683
accept: */*

Response DefaultHttpResponse(decodeResult: success, version: HTTP/1.1)
HTTP/1.1 200 OK
Content-Type: application/json; charset=utf-8
cache-control: no-cache
content-length: 88

18:00:28.423 [AsyncHttpClient-1-2] DEBUG org.asynchttpclient.netty.channel.ChannelManager - Adding key: http://localhost:64683 for channel [id: 0x599de944, L:/127.0.0.1:54881 - R:localhost/127.0.0.1:64683]
18:00:28.426 [Forwarding clickElement on session a3107db960a546824245285e456e2544 to remote] DEBUG org.asynchttpclient.netty.request.NettyRequestSender - Using pooled Channel '[id: 0x599de944, L:/127.0.0.1:54881 - R:localhost/127.0.0.1:64683]' for 'POST' to 'http://localhost:64683/session/a3107db960a546824245285e456e2544/element/b23a35b4-ee1e-4f41-9ee5-776ba069f208/click'
18:00:28.426 [Forwarding clickElement on session a3107db960a546824245285e456e2544 to remote] DEBUG org.asynchttpclient.netty.request.NettyRequestSender - Using open Channel [id: 0x599de944, L:/127.0.0.1:54881 - R:localhost/127.0.0.1:64683] for POST '/session/a3107db960a546824245285e456e2544/element/b23a35b4-ee1e-4f41-9ee5-776ba069f208/click'
18:00:28.495 [AsyncHttpClient-1-2] DEBUG org.asynchttpclient.netty.handler.HttpHandler - 

Request DefaultHttpRequest(decodeResult: success, version: HTTP/1.1)
POST /session/a3107db960a546824245285e456e2544/element/b23a35b4-ee1e-4f41-9ee5-776ba069f208/click HTTP/1.1
User-Agent: selenium/4.1.2 (java windows)
Content-Length: 50
Content-Type: application/json; charset=utf-8
host: localhost:64683
accept: */*

Response DefaultHttpResponse(decodeResult: success, version: HTTP/1.1)
HTTP/1.1 200 OK
Content-Type: application/json; charset=utf-8
cache-control: no-cache
content-length: 14

18:00:28.495 [AsyncHttpClient-1-2] DEBUG org.asynchttpclient.netty.channel.ChannelManager - Adding key: http://localhost:64683 for channel [id: 0x599de944, L:/127.0.0.1:54881 - R:localhost/127.0.0.1:64683]
18:00:28.545 [Forwarding screenshot on session a3107db960a546824245285e456e2544 to remote] DEBUG org.asynchttpclient.netty.request.NettyRequestSender - Using pooled Channel '[id: 0x599de944, L:/127.0.0.1:54881 - R:localhost/127.0.0.1:64683]' for 'GET' to 'http://localhost:64683/session/a3107db960a546824245285e456e2544/screenshot'
18:00:28.545 [Forwarding screenshot on session a3107db960a546824245285e456e2544 to remote] DEBUG org.asynchttpclient.netty.request.NettyRequestSender - Using open Channel [id: 0x599de944, L:/127.0.0.1:54881 - R:localhost/127.0.0.1:64683] for GET '/session/a3107db960a546824245285e456e2544/screenshot'
18:00:28.811 [AsyncHttpClient-1-1] DEBUG org.asynchttpclient.netty.channel.DefaultChannelPool - Entry count for : http://localhost:54882 : 1
18:00:29.025 [AsyncHttpClient-1-2] DEBUG org.asynchttpclient.netty.handler.HttpHandler - 

Request DefaultFullHttpRequest(decodeResult: success, version: HTTP/1.1, content: EmptyByteBufBE)
GET /session/a3107db960a546824245285e456e2544/screenshot HTTP/1.1
User-Agent: selenium/4.1.2 (java windows)
Cache-Control: no-cache
Content-Type: application/json; charset=utf-8
host: localhost:64683
accept: */*

Response DefaultHttpResponse(decodeResult: success, version: HTTP/1.1)
HTTP/1.1 200 OK
Content-Type: application/json; charset=utf-8
cache-control: no-cache
content-length: 356120

18:00:29.030 [AsyncHttpClient-1-2] DEBUG org.asynchttpclient.netty.channel.ChannelManager - Adding key: http://localhost:64683 for channel [id: 0x599de944, L:/127.0.0.1:54881 - R:localhost/127.0.0.1:64683]
18:00:29.072 [Test worker] DEBUG net.serenitybdd.core.photography.Darkroom - Send negative for processing for C:\Users\johan\OneDrive\Documentos\KONEX\Pruebas automatizadas\automatizacion_login_backoffice_1v\target\site\serenity\848463b7aac99bf736ee3cda8dbe765a7f3612e0bbe1a945a59ff8535813b4dd.png
18:00:29.075 [Darkroom Processing Line] DEBUG net.serenitybdd.core.photography.DarkroomProcessingLine - Processing screenshot image in /var/screenshots/screenshot-2527694303736280748
18:00:29.075 [Darkroom Processing Line] DEBUG net.serenitybdd.core.photography.DarkroomProcessingLine - Saving screenshot to C:\Users\johan\OneDrive\Documentos\KONEX\Pruebas automatizadas\automatizacion_login_backoffice_1v\target\site\serenity\848463b7aac99bf736ee3cda8dbe765a7f3612e0bbe1a945a59ff8535813b4dd.png
18:00:29.134 [Forwarding screenshot on session a3107db960a546824245285e456e2544 to remote] DEBUG org.asynchttpclient.netty.request.NettyRequestSender - Using pooled Channel '[id: 0x599de944, L:/127.0.0.1:54881 - R:localhost/127.0.0.1:64683]' for 'GET' to 'http://localhost:64683/session/a3107db960a546824245285e456e2544/screenshot'
18:00:29.135 [Forwarding screenshot on session a3107db960a546824245285e456e2544 to remote] DEBUG org.asynchttpclient.netty.request.NettyRequestSender - Using open Channel [id: 0x599de944, L:/127.0.0.1:54881 - R:localhost/127.0.0.1:64683] for GET '/session/a3107db960a546824245285e456e2544/screenshot'
18:00:29.832 [AsyncHttpClient-1-2] DEBUG org.asynchttpclient.netty.handler.HttpHandler - 

Request DefaultFullHttpRequest(decodeResult: success, version: HTTP/1.1, content: EmptyByteBufBE)
GET /session/a3107db960a546824245285e456e2544/screenshot HTTP/1.1
User-Agent: selenium/4.1.2 (java windows)
Cache-Control: no-cache
Content-Type: application/json; charset=utf-8
host: localhost:64683
accept: */*

Response DefaultHttpResponse(decodeResult: success, version: HTTP/1.1)
HTTP/1.1 200 OK
Content-Type: application/json; charset=utf-8
cache-control: no-cache
content-length: 356272

18:00:29.836 [AsyncHttpClient-1-2] DEBUG org.asynchttpclient.netty.channel.ChannelManager - Adding key: http://localhost:64683 for channel [id: 0x599de944, L:/127.0.0.1:54881 - R:localhost/127.0.0.1:64683]
18:00:29.877 [Test worker] DEBUG net.serenitybdd.core.photography.Darkroom - Send negative for processing for C:\Users\johan\OneDrive\Documentos\KONEX\Pruebas automatizadas\automatizacion_login_backoffice_1v\target\site\serenity\1d513d69908cb9a0f323156a6359b860273045b0d8b6444ff2e2a5a13f6258fd.png
18:00:29.878 [Test worker] DEBUG net.thucydides.core.steps.StepInterceptor - STEP DONE: {0} clicks on #target
18:00:29.878 [Darkroom Processing Line] DEBUG net.serenitybdd.core.photography.DarkroomProcessingLine - Processing screenshot image in /var/screenshots/screenshot-255480903484795143
18:00:29.878 [Darkroom Processing Line] DEBUG net.serenitybdd.core.photography.DarkroomProcessingLine - Saving screenshot to C:\Users\johan\OneDrive\Documentos\KONEX\Pruebas automatizadas\automatizacion_login_backoffice_1v\target\site\serenity\1d513d69908cb9a0f323156a6359b860273045b0d8b6444ff2e2a5a13f6258fd.png
18:00:29.910 [AsyncHttpClient-1-1] DEBUG org.asynchttpclient.netty.channel.DefaultChannelPool - Entry count for : http://localhost:54882 : 1
18:00:29.910 [AsyncHttpClient-1-1] DEBUG org.asynchttpclient.netty.channel.DefaultChannelPool - Entry count for : http://localhost:64683 : 1
18:00:29.933 [Forwarding screenshot on session a3107db960a546824245285e456e2544 to remote] DEBUG org.asynchttpclient.netty.request.NettyRequestSender - Using pooled Channel '[id: 0x599de944, L:/127.0.0.1:54881 - R:localhost/127.0.0.1:64683]' for 'GET' to 'http://localhost:64683/session/a3107db960a546824245285e456e2544/screenshot'
18:00:29.934 [Forwarding screenshot on session a3107db960a546824245285e456e2544 to remote] DEBUG org.asynchttpclient.netty.request.NettyRequestSender - Using open Channel [id: 0x599de944, L:/127.0.0.1:54881 - R:localhost/127.0.0.1:64683] for GET '/session/a3107db960a546824245285e456e2544/screenshot'
18:00:30.465 [AsyncHttpClient-1-2] DEBUG org.asynchttpclient.netty.handler.HttpHandler - 

Request DefaultFullHttpRequest(decodeResult: success, version: HTTP/1.1, content: EmptyByteBufBE)
GET /session/a3107db960a546824245285e456e2544/screenshot HTTP/1.1
User-Agent: selenium/4.1.2 (java windows)
Cache-Control: no-cache
Content-Type: application/json; charset=utf-8
host: localhost:64683
accept: */*

Response DefaultHttpResponse(decodeResult: success, version: HTTP/1.1)
HTTP/1.1 200 OK
Content-Type: application/json; charset=utf-8
cache-control: no-cache
content-length: 356264

18:00:30.468 [AsyncHttpClient-1-2] DEBUG org.asynchttpclient.netty.channel.ChannelManager - Adding key: http://localhost:64683 for channel [id: 0x599de944, L:/127.0.0.1:54881 - R:localhost/127.0.0.1:64683]
18:00:30.500 [Test worker] DEBUG net.serenitybdd.core.photography.Darkroom - Send negative for processing for C:\Users\johan\OneDrive\Documentos\KONEX\Pruebas automatizadas\automatizacion_login_backoffice_1v\target\site\serenity\b8d213445dbaf6b6edaf11bd115ef999329fdcdea05cfbfb75eb0cef887469de.png
18:00:30.501 [Darkroom Processing Line] DEBUG net.serenitybdd.core.photography.DarkroomProcessingLine - Processing screenshot image in /var/screenshots/screenshot-1203442724337165707
18:00:30.501 [Darkroom Processing Line] DEBUG net.serenitybdd.core.photography.DarkroomProcessingLine - Saving screenshot to C:\Users\johan\OneDrive\Documentos\KONEX\Pruebas automatizadas\automatizacion_login_backoffice_1v\target\site\serenity\b8d213445dbaf6b6edaf11bd115ef999329fdcdea05cfbfb75eb0cef887469de.png
18:00:30.501 [Test worker] DEBUG net.thucydides.core.steps.StepInterceptor - STARTING STEP: Ingresar.performAs - {0} clicks on #target
18:00:30.506 [Test worker] DEBUG net.serenitybdd.screenplay.targets.IFrameSwitcher - default content already selected for Opcion empresa
18:00:30.687 [Forwarding findElement on session a3107db960a546824245285e456e2544 to remote] DEBUG org.asynchttpclient.netty.request.NettyRequestSender - Using pooled Channel '[id: 0x599de944, L:/127.0.0.1:54881 - R:localhost/127.0.0.1:64683]' for 'POST' to 'http://localhost:64683/session/a3107db960a546824245285e456e2544/element'
18:00:30.687 [Forwarding findElement on session a3107db960a546824245285e456e2544 to remote] DEBUG org.asynchttpclient.netty.request.NettyRequestSender - Using open Channel [id: 0x599de944, L:/127.0.0.1:54881 - R:localhost/127.0.0.1:64683] for POST '/session/a3107db960a546824245285e456e2544/element'
18:00:30.708 [AsyncHttpClient-1-2] DEBUG org.asynchttpclient.netty.handler.HttpHandler - 

Request DefaultHttpRequest(decodeResult: success, version: HTTP/1.1)
POST /session/a3107db960a546824245285e456e2544/element HTTP/1.1
User-Agent: selenium/4.1.2 (java windows)
Content-Length: 78
Content-Type: application/json; charset=utf-8
host: localhost:64683
accept: */*

Response DefaultHttpResponse(decodeResult: success, version: HTTP/1.1)
HTTP/1.1 200 OK
Content-Type: application/json; charset=utf-8
cache-control: no-cache
content-length: 88

18:00:30.709 [AsyncHttpClient-1-2] DEBUG org.asynchttpclient.netty.channel.ChannelManager - Adding key: http://localhost:64683 for channel [id: 0x599de944, L:/127.0.0.1:54881 - R:localhost/127.0.0.1:64683]
18:00:30.750 [Forwarding isElementDisplayed on session a3107db960a546824245285e456e2544 to remote] DEBUG org.asynchttpclient.netty.request.NettyRequestSender - Using pooled Channel '[id: 0x599de944, L:/127.0.0.1:54881 - R:localhost/127.0.0.1:64683]' for 'POST' to 'http://localhost:64683/session/a3107db960a546824245285e456e2544/execute/sync'
18:00:30.751 [Forwarding isElementDisplayed on session a3107db960a546824245285e456e2544 to remote] DEBUG org.asynchttpclient.netty.request.NettyRequestSender - Using open Channel [id: 0x599de944, L:/127.0.0.1:54881 - R:localhost/127.0.0.1:64683] for POST '/session/a3107db960a546824245285e456e2544/execute/sync'
18:00:30.772 [AsyncHttpClient-1-2] DEBUG org.asynchttpclient.netty.handler.HttpHandler - 

Request DefaultHttpRequest(decodeResult: success, version: HTTP/1.1)
POST /session/a3107db960a546824245285e456e2544/execute/sync HTTP/1.1
User-Agent: selenium/4.1.2 (java windows)
Content-Length: 48780
Content-Type: application/json; charset=utf-8
host: localhost:64683
accept: */*

Response DefaultHttpResponse(decodeResult: success, version: HTTP/1.1)
HTTP/1.1 200 OK
Content-Type: application/json; charset=utf-8
cache-control: no-cache
content-length: 14

18:00:30.773 [AsyncHttpClient-1-2] DEBUG org.asynchttpclient.netty.channel.ChannelManager - Adding key: http://localhost:64683 for channel [id: 0x599de944, L:/127.0.0.1:54881 - R:localhost/127.0.0.1:64683]
18:00:30.825 [Forwarding findElement on session a3107db960a546824245285e456e2544 to remote] DEBUG org.asynchttpclient.netty.request.NettyRequestSender - Using pooled Channel '[id: 0x599de944, L:/127.0.0.1:54881 - R:localhost/127.0.0.1:64683]' for 'POST' to 'http://localhost:64683/session/a3107db960a546824245285e456e2544/element'
18:00:30.825 [Forwarding findElement on session a3107db960a546824245285e456e2544 to remote] DEBUG org.asynchttpclient.netty.request.NettyRequestSender - Using open Channel [id: 0x599de944, L:/127.0.0.1:54881 - R:localhost/127.0.0.1:64683] for POST '/session/a3107db960a546824245285e456e2544/element'
18:00:30.841 [AsyncHttpClient-1-2] DEBUG org.asynchttpclient.netty.handler.HttpHandler - 

Request DefaultHttpRequest(decodeResult: success, version: HTTP/1.1)
POST /session/a3107db960a546824245285e456e2544/element HTTP/1.1
User-Agent: selenium/4.1.2 (java windows)
Content-Length: 78
Content-Type: application/json; charset=utf-8
host: localhost:64683
accept: */*

Response DefaultHttpResponse(decodeResult: success, version: HTTP/1.1)
HTTP/1.1 200 OK
Content-Type: application/json; charset=utf-8
cache-control: no-cache
content-length: 88

18:00:30.842 [AsyncHttpClient-1-2] DEBUG org.asynchttpclient.netty.channel.ChannelManager - Adding key: http://localhost:64683 for channel [id: 0x599de944, L:/127.0.0.1:54881 - R:localhost/127.0.0.1:64683]
18:00:30.848 [Forwarding clickElement on session a3107db960a546824245285e456e2544 to remote] DEBUG org.asynchttpclient.netty.request.NettyRequestSender - Using pooled Channel '[id: 0x599de944, L:/127.0.0.1:54881 - R:localhost/127.0.0.1:64683]' for 'POST' to 'http://localhost:64683/session/a3107db960a546824245285e456e2544/element/9daa7c77-1c2a-4ad5-855b-82c50f3be5bf/click'
18:00:30.848 [Forwarding clickElement on session a3107db960a546824245285e456e2544 to remote] DEBUG org.asynchttpclient.netty.request.NettyRequestSender - Using open Channel [id: 0x599de944, L:/127.0.0.1:54881 - R:localhost/127.0.0.1:64683] for POST '/session/a3107db960a546824245285e456e2544/element/9daa7c77-1c2a-4ad5-855b-82c50f3be5bf/click'
18:00:30.925 [AsyncHttpClient-1-2] DEBUG org.asynchttpclient.netty.handler.HttpHandler - 

Request DefaultHttpRequest(decodeResult: success, version: HTTP/1.1)
POST /session/a3107db960a546824245285e456e2544/element/9daa7c77-1c2a-4ad5-855b-82c50f3be5bf/click HTTP/1.1
User-Agent: selenium/4.1.2 (java windows)
Content-Length: 50
Content-Type: application/json; charset=utf-8
host: localhost:64683
accept: */*

Response DefaultHttpResponse(decodeResult: success, version: HTTP/1.1)
HTTP/1.1 200 OK
Content-Type: application/json; charset=utf-8
cache-control: no-cache
content-length: 14

18:00:30.926 [AsyncHttpClient-1-2] DEBUG org.asynchttpclient.netty.channel.ChannelManager - Adding key: http://localhost:64683 for channel [id: 0x599de944, L:/127.0.0.1:54881 - R:localhost/127.0.0.1:64683]
18:00:30.988 [Forwarding screenshot on session a3107db960a546824245285e456e2544 to remote] DEBUG org.asynchttpclient.netty.request.NettyRequestSender - Using pooled Channel '[id: 0x599de944, L:/127.0.0.1:54881 - R:localhost/127.0.0.1:64683]' for 'GET' to 'http://localhost:64683/session/a3107db960a546824245285e456e2544/screenshot'
18:00:30.988 [Forwarding screenshot on session a3107db960a546824245285e456e2544 to remote] DEBUG org.asynchttpclient.netty.request.NettyRequestSender - Using open Channel [id: 0x599de944, L:/127.0.0.1:54881 - R:localhost/127.0.0.1:64683] for GET '/session/a3107db960a546824245285e456e2544/screenshot'
18:00:31.009 [AsyncHttpClient-1-1] DEBUG org.asynchttpclient.netty.channel.DefaultChannelPool - Entry count for : http://localhost:54882 : 1
18:00:31.494 [AsyncHttpClient-1-2] DEBUG org.asynchttpclient.netty.handler.HttpHandler - 

Request DefaultFullHttpRequest(decodeResult: success, version: HTTP/1.1, content: EmptyByteBufBE)
GET /session/a3107db960a546824245285e456e2544/screenshot HTTP/1.1
User-Agent: selenium/4.1.2 (java windows)
Cache-Control: no-cache
Content-Type: application/json; charset=utf-8
host: localhost:64683
accept: */*

Response DefaultHttpResponse(decodeResult: success, version: HTTP/1.1)
HTTP/1.1 200 OK
Content-Type: application/json; charset=utf-8
cache-control: no-cache
content-length: 357780

18:00:31.498 [AsyncHttpClient-1-2] DEBUG org.asynchttpclient.netty.channel.ChannelManager - Adding key: http://localhost:64683 for channel [id: 0x599de944, L:/127.0.0.1:54881 - R:localhost/127.0.0.1:64683]
18:00:31.534 [Test worker] DEBUG net.serenitybdd.core.photography.Darkroom - Send negative for processing for C:\Users\johan\OneDrive\Documentos\KONEX\Pruebas automatizadas\automatizacion_login_backoffice_1v\target\site\serenity\9c022d68cccc6bf16f8f387ef313c533d9ff6b48c8b1660750298df8a324807f.png
18:00:31.584 [Test worker] DEBUG net.thucydides.core.steps.StepInterceptor - STEP DONE: {0} clicks on #target
18:00:31.645 [Forwarding screenshot on session a3107db960a546824245285e456e2544 to remote] DEBUG org.asynchttpclient.netty.request.NettyRequestSender - Using pooled Channel '[id: 0x599de944, L:/127.0.0.1:54881 - R:localhost/127.0.0.1:64683]' for 'GET' to 'http://localhost:64683/session/a3107db960a546824245285e456e2544/screenshot'
18:00:31.645 [Forwarding screenshot on session a3107db960a546824245285e456e2544 to remote] DEBUG org.asynchttpclient.netty.request.NettyRequestSender - Using open Channel [id: 0x599de944, L:/127.0.0.1:54881 - R:localhost/127.0.0.1:64683] for GET '/session/a3107db960a546824245285e456e2544/screenshot'
18:00:32.057 [AsyncHttpClient-1-2] DEBUG org.asynchttpclient.netty.handler.HttpHandler - 

Request DefaultFullHttpRequest(decodeResult: success, version: HTTP/1.1, content: EmptyByteBufBE)
GET /session/a3107db960a546824245285e456e2544/screenshot HTTP/1.1
User-Agent: selenium/4.1.2 (java windows)
Cache-Control: no-cache
Content-Type: application/json; charset=utf-8
host: localhost:64683
accept: */*

Response DefaultHttpResponse(decodeResult: success, version: HTTP/1.1)
HTTP/1.1 200 OK
Content-Type: application/json; charset=utf-8
cache-control: no-cache
content-length: 357780

18:00:32.061 [AsyncHttpClient-1-2] DEBUG org.asynchttpclient.netty.channel.ChannelManager - Adding key: http://localhost:64683 for channel [id: 0x599de944, L:/127.0.0.1:54881 - R:localhost/127.0.0.1:64683]
18:00:32.108 [Test worker] DEBUG net.serenitybdd.core.photography.Darkroom - Send negative for processing for C:\Users\johan\OneDrive\Documentos\KONEX\Pruebas automatizadas\automatizacion_login_backoffice_1v\target\site\serenity\9c022d68cccc6bf16f8f387ef313c533d9ff6b48c8b1660750298df8a324807f.png
18:00:32.109 [Test worker] DEBUG net.thucydides.core.steps.StepInterceptor - STARTING STEP: Ingresar.performAs - {0} clicks on #target
18:00:32.110 [Test worker] DEBUG net.serenitybdd.screenplay.targets.IFrameSwitcher - default content already selected for Boton Aceptar
18:00:32.113 [AsyncHttpClient-1-1] DEBUG org.asynchttpclient.netty.channel.DefaultChannelPool - Entry count for : http://localhost:54882 : 1
18:00:32.113 [AsyncHttpClient-1-1] DEBUG org.asynchttpclient.netty.channel.DefaultChannelPool - Entry count for : http://localhost:64683 : 1
18:00:32.293 [Forwarding findElement on session a3107db960a546824245285e456e2544 to remote] DEBUG org.asynchttpclient.netty.request.NettyRequestSender - Using pooled Channel '[id: 0x599de944, L:/127.0.0.1:54881 - R:localhost/127.0.0.1:64683]' for 'POST' to 'http://localhost:64683/session/a3107db960a546824245285e456e2544/element'
18:00:32.294 [Forwarding findElement on session a3107db960a546824245285e456e2544 to remote] DEBUG org.asynchttpclient.netty.request.NettyRequestSender - Using open Channel [id: 0x599de944, L:/127.0.0.1:54881 - R:localhost/127.0.0.1:64683] for POST '/session/a3107db960a546824245285e456e2544/element'
18:00:32.317 [AsyncHttpClient-1-2] DEBUG org.asynchttpclient.netty.handler.HttpHandler - 

Request DefaultHttpRequest(decodeResult: success, version: HTTP/1.1)
POST /session/a3107db960a546824245285e456e2544/element HTTP/1.1
User-Agent: selenium/4.1.2 (java windows)
Content-Length: 89
Content-Type: application/json; charset=utf-8
host: localhost:64683
accept: */*

Response DefaultHttpResponse(decodeResult: success, version: HTTP/1.1)
HTTP/1.1 200 OK
Content-Type: application/json; charset=utf-8
cache-control: no-cache
content-length: 88

18:00:32.317 [AsyncHttpClient-1-2] DEBUG org.asynchttpclient.netty.channel.ChannelManager - Adding key: http://localhost:64683 for channel [id: 0x599de944, L:/127.0.0.1:54881 - R:localhost/127.0.0.1:64683]
18:00:32.358 [Forwarding isElementDisplayed on session a3107db960a546824245285e456e2544 to remote] DEBUG org.asynchttpclient.netty.request.NettyRequestSender - Using pooled Channel '[id: 0x599de944, L:/127.0.0.1:54881 - R:localhost/127.0.0.1:64683]' for 'POST' to 'http://localhost:64683/session/a3107db960a546824245285e456e2544/execute/sync'
18:00:32.359 [Forwarding isElementDisplayed on session a3107db960a546824245285e456e2544 to remote] DEBUG org.asynchttpclient.netty.request.NettyRequestSender - Using open Channel [id: 0x599de944, L:/127.0.0.1:54881 - R:localhost/127.0.0.1:64683] for POST '/session/a3107db960a546824245285e456e2544/execute/sync'
18:00:32.382 [AsyncHttpClient-1-2] DEBUG org.asynchttpclient.netty.handler.HttpHandler - 

Request DefaultHttpRequest(decodeResult: success, version: HTTP/1.1)
POST /session/a3107db960a546824245285e456e2544/execute/sync HTTP/1.1
User-Agent: selenium/4.1.2 (java windows)
Content-Length: 48780
Content-Type: application/json; charset=utf-8
host: localhost:64683
accept: */*

Response DefaultHttpResponse(decodeResult: success, version: HTTP/1.1)
HTTP/1.1 200 OK
Content-Type: application/json; charset=utf-8
cache-control: no-cache
content-length: 14

18:00:32.383 [AsyncHttpClient-1-2] DEBUG org.asynchttpclient.netty.channel.ChannelManager - Adding key: http://localhost:64683 for channel [id: 0x599de944, L:/127.0.0.1:54881 - R:localhost/127.0.0.1:64683]
18:00:32.453 [Forwarding findElement on session a3107db960a546824245285e456e2544 to remote] DEBUG org.asynchttpclient.netty.request.NettyRequestSender - Using pooled Channel '[id: 0x599de944, L:/127.0.0.1:54881 - R:localhost/127.0.0.1:64683]' for 'POST' to 'http://localhost:64683/session/a3107db960a546824245285e456e2544/element'
18:00:32.454 [Forwarding findElement on session a3107db960a546824245285e456e2544 to remote] DEBUG org.asynchttpclient.netty.request.NettyRequestSender - Using open Channel [id: 0x599de944, L:/127.0.0.1:54881 - R:localhost/127.0.0.1:64683] for POST '/session/a3107db960a546824245285e456e2544/element'
18:00:32.467 [AsyncHttpClient-1-2] DEBUG org.asynchttpclient.netty.handler.HttpHandler - 

Request DefaultHttpRequest(decodeResult: success, version: HTTP/1.1)
POST /session/a3107db960a546824245285e456e2544/element HTTP/1.1
User-Agent: selenium/4.1.2 (java windows)
Content-Length: 89
Content-Type: application/json; charset=utf-8
host: localhost:64683
accept: */*

Response DefaultHttpResponse(decodeResult: success, version: HTTP/1.1)
HTTP/1.1 200 OK
Content-Type: application/json; charset=utf-8
cache-control: no-cache
content-length: 88

18:00:32.468 [AsyncHttpClient-1-2] DEBUG org.asynchttpclient.netty.channel.ChannelManager - Adding key: http://localhost:64683 for channel [id: 0x599de944, L:/127.0.0.1:54881 - R:localhost/127.0.0.1:64683]
18:00:32.471 [Forwarding clickElement on session a3107db960a546824245285e456e2544 to remote] DEBUG org.asynchttpclient.netty.request.NettyRequestSender - Using pooled Channel '[id: 0x599de944, L:/127.0.0.1:54881 - R:localhost/127.0.0.1:64683]' for 'POST' to 'http://localhost:64683/session/a3107db960a546824245285e456e2544/element/bc11e0d9-2f94-4a8e-8390-2c2345a6dbca/click'
18:00:32.471 [Forwarding clickElement on session a3107db960a546824245285e456e2544 to remote] DEBUG org.asynchttpclient.netty.request.NettyRequestSender - Using open Channel [id: 0x599de944, L:/127.0.0.1:54881 - R:localhost/127.0.0.1:64683] for POST '/session/a3107db960a546824245285e456e2544/element/bc11e0d9-2f94-4a8e-8390-2c2345a6dbca/click'
18:00:32.775 [AsyncHttpClient-1-2] DEBUG org.asynchttpclient.netty.handler.HttpHandler - 

Request DefaultHttpRequest(decodeResult: success, version: HTTP/1.1)
POST /session/a3107db960a546824245285e456e2544/element/bc11e0d9-2f94-4a8e-8390-2c2345a6dbca/click HTTP/1.1
User-Agent: selenium/4.1.2 (java windows)
Content-Length: 50
Content-Type: application/json; charset=utf-8
host: localhost:64683
accept: */*

Response DefaultHttpResponse(decodeResult: success, version: HTTP/1.1)
HTTP/1.1 200 OK
Content-Type: application/json; charset=utf-8
cache-control: no-cache
content-length: 14

18:00:32.776 [AsyncHttpClient-1-2] DEBUG org.asynchttpclient.netty.channel.ChannelManager - Adding key: http://localhost:64683 for channel [id: 0x599de944, L:/127.0.0.1:54881 - R:localhost/127.0.0.1:64683]
18:00:32.841 [Forwarding screenshot on session a3107db960a546824245285e456e2544 to remote] DEBUG org.asynchttpclient.netty.request.NettyRequestSender - Using pooled Channel '[id: 0x599de944, L:/127.0.0.1:54881 - R:localhost/127.0.0.1:64683]' for 'GET' to 'http://localhost:64683/session/a3107db960a546824245285e456e2544/screenshot'
18:00:32.841 [Forwarding screenshot on session a3107db960a546824245285e456e2544 to remote] DEBUG org.asynchttpclient.netty.request.NettyRequestSender - Using open Channel [id: 0x599de944, L:/127.0.0.1:54881 - R:localhost/127.0.0.1:64683] for GET '/session/a3107db960a546824245285e456e2544/screenshot'
18:00:33.178 [AsyncHttpClient-1-2] DEBUG org.asynchttpclient.netty.handler.HttpHandler - 

Request DefaultFullHttpRequest(decodeResult: success, version: HTTP/1.1, content: EmptyByteBufBE)
GET /session/a3107db960a546824245285e456e2544/screenshot HTTP/1.1
User-Agent: selenium/4.1.2 (java windows)
Cache-Control: no-cache
Content-Type: application/json; charset=utf-8
host: localhost:64683
accept: */*

Response DefaultHttpResponse(decodeResult: success, version: HTTP/1.1)
HTTP/1.1 200 OK
Content-Type: application/json; charset=utf-8
cache-control: no-cache
content-length: 97820

18:00:33.180 [AsyncHttpClient-1-2] DEBUG org.asynchttpclient.netty.channel.ChannelManager - Adding key: http://localhost:64683 for channel [id: 0x599de944, L:/127.0.0.1:54881 - R:localhost/127.0.0.1:64683]
18:00:33.191 [Test worker] DEBUG net.serenitybdd.core.photography.Darkroom - Send negative for processing for C:\Users\johan\OneDrive\Documentos\KONEX\Pruebas automatizadas\automatizacion_login_backoffice_1v\target\site\serenity\aef212ede83b07bfb7c040f7f478811b0a10be003356f35bbc07198ec5fc5b66.png
18:00:33.192 [Darkroom Processing Line] DEBUG net.serenitybdd.core.photography.DarkroomProcessingLine - Processing screenshot image in /var/screenshots/screenshot-3112114507170499024
18:00:33.193 [Darkroom Processing Line] DEBUG net.serenitybdd.core.photography.DarkroomProcessingLine - Saving screenshot to C:\Users\johan\OneDrive\Documentos\KONEX\Pruebas automatizadas\automatizacion_login_backoffice_1v\target\site\serenity\aef212ede83b07bfb7c040f7f478811b0a10be003356f35bbc07198ec5fc5b66.png
18:00:33.209 [AsyncHttpClient-1-1] DEBUG org.asynchttpclient.netty.channel.DefaultChannelPool - Entry count for : http://localhost:54882 : 1
18:00:33.209 [AsyncHttpClient-1-1] DEBUG org.asynchttpclient.netty.channel.DefaultChannelPool - Entry count for : http://localhost:64683 : 1
18:00:33.298 [Forwarding screenshot on session a3107db960a546824245285e456e2544 to remote] DEBUG org.asynchttpclient.netty.request.NettyRequestSender - Using pooled Channel '[id: 0x599de944, L:/127.0.0.1:54881 - R:localhost/127.0.0.1:64683]' for 'GET' to 'http://localhost:64683/session/a3107db960a546824245285e456e2544/screenshot'
18:00:33.299 [Forwarding screenshot on session a3107db960a546824245285e456e2544 to remote] DEBUG org.asynchttpclient.netty.request.NettyRequestSender - Using open Channel [id: 0x599de944, L:/127.0.0.1:54881 - R:localhost/127.0.0.1:64683] for GET '/session/a3107db960a546824245285e456e2544/screenshot'
18:00:33.518 [AsyncHttpClient-1-2] DEBUG org.asynchttpclient.netty.handler.HttpHandler - 

Request DefaultFullHttpRequest(decodeResult: success, version: HTTP/1.1, content: EmptyByteBufBE)
GET /session/a3107db960a546824245285e456e2544/screenshot HTTP/1.1
User-Agent: selenium/4.1.2 (java windows)
Cache-Control: no-cache
Content-Type: application/json; charset=utf-8
host: localhost:64683
accept: */*

Response DefaultHttpResponse(decodeResult: success, version: HTTP/1.1)
HTTP/1.1 200 OK
Content-Type: application/json; charset=utf-8
cache-control: no-cache
content-length: 106008

18:00:33.520 [AsyncHttpClient-1-2] DEBUG org.asynchttpclient.netty.channel.ChannelManager - Adding key: http://localhost:64683 for channel [id: 0x599de944, L:/127.0.0.1:54881 - R:localhost/127.0.0.1:64683]
18:00:33.537 [Test worker] DEBUG net.serenitybdd.core.photography.Darkroom - Send negative for processing for C:\Users\johan\OneDrive\Documentos\KONEX\Pruebas automatizadas\automatizacion_login_backoffice_1v\target\site\serenity\b8d7580fdeb21ff8597679a288105a31906ec112aa9bf82e26a87a98c6678c3c.png
18:00:33.538 [Test worker] DEBUG net.thucydides.core.steps.StepInterceptor - STEP DONE: {0} clicks on #target
18:00:33.540 [Darkroom Processing Line] DEBUG net.serenitybdd.core.photography.DarkroomProcessingLine - Processing screenshot image in /var/screenshots/screenshot-7634635636260380575
18:00:33.541 [Darkroom Processing Line] DEBUG net.serenitybdd.core.photography.DarkroomProcessingLine - Saving screenshot to C:\Users\johan\OneDrive\Documentos\KONEX\Pruebas automatizadas\automatizacion_login_backoffice_1v\target\site\serenity\b8d7580fdeb21ff8597679a288105a31906ec112aa9bf82e26a87a98c6678c3c.png
18:00:33.621 [Forwarding screenshot on session a3107db960a546824245285e456e2544 to remote] DEBUG org.asynchttpclient.netty.request.NettyRequestSender - Using pooled Channel '[id: 0x599de944, L:/127.0.0.1:54881 - R:localhost/127.0.0.1:64683]' for 'GET' to 'http://localhost:64683/session/a3107db960a546824245285e456e2544/screenshot'
18:00:33.622 [Forwarding screenshot on session a3107db960a546824245285e456e2544 to remote] DEBUG org.asynchttpclient.netty.request.NettyRequestSender - Using open Channel [id: 0x599de944, L:/127.0.0.1:54881 - R:localhost/127.0.0.1:64683] for GET '/session/a3107db960a546824245285e456e2544/screenshot'
18:00:33.877 [AsyncHttpClient-1-2] DEBUG org.asynchttpclient.netty.handler.HttpHandler - 

Request DefaultFullHttpRequest(decodeResult: success, version: HTTP/1.1, content: EmptyByteBufBE)
GET /session/a3107db960a546824245285e456e2544/screenshot HTTP/1.1
User-Agent: selenium/4.1.2 (java windows)
Cache-Control: no-cache
Content-Type: application/json; charset=utf-8
host: localhost:64683
accept: */*

Response DefaultHttpResponse(decodeResult: success, version: HTTP/1.1)
HTTP/1.1 200 OK
Content-Type: application/json; charset=utf-8
cache-control: no-cache
content-length: 106008

18:00:33.879 [AsyncHttpClient-1-2] DEBUG org.asynchttpclient.netty.channel.ChannelManager - Adding key: http://localhost:64683 for channel [id: 0x599de944, L:/127.0.0.1:54881 - R:localhost/127.0.0.1:64683]
18:00:33.898 [Test worker] DEBUG net.serenitybdd.core.photography.Darkroom - Send negative for processing for C:\Users\johan\OneDrive\Documentos\KONEX\Pruebas automatizadas\automatizacion_login_backoffice_1v\target\site\serenity\b8d7580fdeb21ff8597679a288105a31906ec112aa9bf82e26a87a98c6678c3c.png
18:00:33.899 [Test worker] DEBUG net.thucydides.core.steps.StepInterceptor - STEP DONE: performAs
18:00:34.092 [Forwarding screenshot on session a3107db960a546824245285e456e2544 to remote] DEBUG org.asynchttpclient.netty.request.NettyRequestSender - Using pooled Channel '[id: 0x599de944, L:/127.0.0.1:54881 - R:localhost/127.0.0.1:64683]' for 'GET' to 'http://localhost:64683/session/a3107db960a546824245285e456e2544/screenshot'
18:00:34.092 [Forwarding screenshot on session a3107db960a546824245285e456e2544 to remote] DEBUG org.asynchttpclient.netty.request.NettyRequestSender - Using open Channel [id: 0x599de944, L:/127.0.0.1:54881 - R:localhost/127.0.0.1:64683] for GET '/session/a3107db960a546824245285e456e2544/screenshot'
18:00:34.309 [AsyncHttpClient-1-1] DEBUG org.asynchttpclient.netty.channel.DefaultChannelPool - Entry count for : http://localhost:54882 : 1
18:00:34.338 [AsyncHttpClient-1-2] DEBUG org.asynchttpclient.netty.handler.HttpHandler - 

Request DefaultFullHttpRequest(decodeResult: success, version: HTTP/1.1, content: EmptyByteBufBE)
GET /session/a3107db960a546824245285e456e2544/screenshot HTTP/1.1
User-Agent: selenium/4.1.2 (java windows)
Cache-Control: no-cache
Content-Type: application/json; charset=utf-8
host: localhost:64683
accept: */*

Response DefaultHttpResponse(decodeResult: success, version: HTTP/1.1)
HTTP/1.1 200 OK
Content-Type: application/json; charset=utf-8
cache-control: no-cache
content-length: 106268

18:00:34.340 [AsyncHttpClient-1-2] DEBUG org.asynchttpclient.netty.channel.ChannelManager - Adding key: http://localhost:64683 for channel [id: 0x599de944, L:/127.0.0.1:54881 - R:localhost/127.0.0.1:64683]
18:00:34.351 [Test worker] DEBUG net.serenitybdd.core.photography.Darkroom - Send negative for processing for C:\Users\johan\OneDrive\Documentos\KONEX\Pruebas automatizadas\automatizacion_login_backoffice_1v\target\site\serenity\26bf4080b3057600518684c41aff6a2095a6f91deed2a3a1605d5edbacf77037.png
18:00:34.538 [Darkroom Processing Line] DEBUG net.serenitybdd.core.photography.DarkroomProcessingLine - Processing screenshot image in /var/screenshots/screenshot-1660030925498641031
18:00:34.541 [Darkroom Processing Line] DEBUG net.serenitybdd.core.photography.DarkroomProcessingLine - Saving screenshot to C:\Users\johan\OneDrive\Documentos\KONEX\Pruebas automatizadas\automatizacion_login_backoffice_1v\target\site\serenity\26bf4080b3057600518684c41aff6a2095a6f91deed2a3a1605d5edbacf77037.png
18:00:34.625 [Forwarding screenshot on session a3107db960a546824245285e456e2544 to remote] DEBUG org.asynchttpclient.netty.request.NettyRequestSender - Using pooled Channel '[id: 0x599de944, L:/127.0.0.1:54881 - R:localhost/127.0.0.1:64683]' for 'GET' to 'http://localhost:64683/session/a3107db960a546824245285e456e2544/screenshot'
18:00:34.625 [Forwarding screenshot on session a3107db960a546824245285e456e2544 to remote] DEBUG org.asynchttpclient.netty.request.NettyRequestSender - Using open Channel [id: 0x599de944, L:/127.0.0.1:54881 - R:localhost/127.0.0.1:64683] for GET '/session/a3107db960a546824245285e456e2544/screenshot'
18:00:34.895 [AsyncHttpClient-1-2] DEBUG org.asynchttpclient.netty.handler.HttpHandler - 

Request DefaultFullHttpRequest(decodeResult: success, version: HTTP/1.1, content: EmptyByteBufBE)
GET /session/a3107db960a546824245285e456e2544/screenshot HTTP/1.1
User-Agent: selenium/4.1.2 (java windows)
Cache-Control: no-cache
Content-Type: application/json; charset=utf-8
host: localhost:64683
accept: */*

Response DefaultHttpResponse(decodeResult: success, version: HTTP/1.1)
HTTP/1.1 200 OK
Content-Type: application/json; charset=utf-8
cache-control: no-cache
content-length: 106268

18:00:34.896 [AsyncHttpClient-1-2] DEBUG org.asynchttpclient.netty.channel.ChannelManager - Adding key: http://localhost:64683 for channel [id: 0x599de944, L:/127.0.0.1:54881 - R:localhost/127.0.0.1:64683]
18:00:34.920 [Test worker] DEBUG net.serenitybdd.core.photography.Darkroom - Send negative for processing for C:\Users\johan\OneDrive\Documentos\KONEX\Pruebas automatizadas\automatizacion_login_backoffice_1v\target\site\serenity\26bf4080b3057600518684c41aff6a2095a6f91deed2a3a1605d5edbacf77037.png
18:00:35.373 [Forwarding screenshot on session a3107db960a546824245285e456e2544 to remote] DEBUG org.asynchttpclient.netty.request.NettyRequestSender - Using pooled Channel '[id: 0x599de944, L:/127.0.0.1:54881 - R:localhost/127.0.0.1:64683]' for 'GET' to 'http://localhost:64683/session/a3107db960a546824245285e456e2544/screenshot'
18:00:35.373 [Forwarding screenshot on session a3107db960a546824245285e456e2544 to remote] DEBUG org.asynchttpclient.netty.request.NettyRequestSender - Using open Channel [id: 0x599de944, L:/127.0.0.1:54881 - R:localhost/127.0.0.1:64683] for GET '/session/a3107db960a546824245285e456e2544/screenshot'
18:00:35.410 [AsyncHttpClient-1-1] DEBUG org.asynchttpclient.netty.channel.DefaultChannelPool - Entry count for : http://localhost:54882 : 1
18:00:35.536 [AsyncHttpClient-1-2] DEBUG org.asynchttpclient.netty.handler.HttpHandler - 

Request DefaultFullHttpRequest(decodeResult: success, version: HTTP/1.1, content: EmptyByteBufBE)
GET /session/a3107db960a546824245285e456e2544/screenshot HTTP/1.1
User-Agent: selenium/4.1.2 (java windows)
Cache-Control: no-cache
Content-Type: application/json; charset=utf-8
host: localhost:64683
accept: */*

Response DefaultHttpResponse(decodeResult: success, version: HTTP/1.1)
HTTP/1.1 200 OK
Content-Type: application/json; charset=utf-8
cache-control: no-cache
content-length: 106380

18:00:35.537 [AsyncHttpClient-1-2] DEBUG org.asynchttpclient.netty.channel.ChannelManager - Adding key: http://localhost:64683 for channel [id: 0x599de944, L:/127.0.0.1:54881 - R:localhost/127.0.0.1:64683]
18:00:35.549 [Test worker] DEBUG net.serenitybdd.core.photography.Darkroom - Send negative for processing for C:\Users\johan\OneDrive\Documentos\KONEX\Pruebas automatizadas\automatizacion_login_backoffice_1v\target\site\serenity\a8d65ec88cb012dd03308abeb83127d480f655574a1f32cc9952468e8f0f02cf.png
18:00:35.550 [Darkroom Processing Line] DEBUG net.serenitybdd.core.photography.DarkroomProcessingLine - Processing screenshot image in /var/screenshots/screenshot-2290533471666470718
18:00:35.550 [Darkroom Processing Line] DEBUG net.serenitybdd.core.photography.DarkroomProcessingLine - Saving screenshot to C:\Users\johan\OneDrive\Documentos\KONEX\Pruebas automatizadas\automatizacion_login_backoffice_1v\target\site\serenity\a8d65ec88cb012dd03308abeb83127d480f655574a1f32cc9952468e8f0f02cf.png
18:00:35.611 [Test worker] DEBUG net.serenitybdd.screenplay.targets.IFrameSwitcher - default content already selected for Verificar ingreso
18:00:35.657 [Forwarding findElements on session a3107db960a546824245285e456e2544 to remote] DEBUG org.asynchttpclient.netty.request.NettyRequestSender - Using pooled Channel '[id: 0x599de944, L:/127.0.0.1:54881 - R:localhost/127.0.0.1:64683]' for 'POST' to 'http://localhost:64683/session/a3107db960a546824245285e456e2544/elements'
18:00:35.658 [Forwarding findElements on session a3107db960a546824245285e456e2544 to remote] DEBUG org.asynchttpclient.netty.request.NettyRequestSender - Using open Channel [id: 0x599de944, L:/127.0.0.1:54881 - R:localhost/127.0.0.1:64683] for POST '/session/a3107db960a546824245285e456e2544/elements'
18:00:35.685 [AsyncHttpClient-1-2] DEBUG org.asynchttpclient.netty.handler.HttpHandler - 

Request DefaultHttpRequest(decodeResult: success, version: HTTP/1.1)
POST /session/a3107db960a546824245285e456e2544/elements HTTP/1.1
User-Agent: selenium/4.1.2 (java windows)
Content-Length: 80
Content-Type: application/json; charset=utf-8
host: localhost:64683
accept: */*

Response DefaultHttpResponse(decodeResult: success, version: HTTP/1.1)
HTTP/1.1 200 OK
Content-Type: application/json; charset=utf-8
cache-control: no-cache
content-length: 169

18:00:35.686 [AsyncHttpClient-1-2] DEBUG org.asynchttpclient.netty.channel.ChannelManager - Adding key: http://localhost:64683 for channel [id: 0x599de944, L:/127.0.0.1:54881 - R:localhost/127.0.0.1:64683]
18:00:35.747 [Forwarding getElementText on session a3107db960a546824245285e456e2544 to remote] DEBUG org.asynchttpclient.netty.request.NettyRequestSender - Using pooled Channel '[id: 0x599de944, L:/127.0.0.1:54881 - R:localhost/127.0.0.1:64683]' for 'GET' to 'http://localhost:64683/session/a3107db960a546824245285e456e2544/element/c37f694a-c4ca-48ee-9909-d12615370976/text'
18:00:35.747 [Forwarding getElementText on session a3107db960a546824245285e456e2544 to remote] DEBUG org.asynchttpclient.netty.request.NettyRequestSender - Using open Channel [id: 0x599de944, L:/127.0.0.1:54881 - R:localhost/127.0.0.1:64683] for GET '/session/a3107db960a546824245285e456e2544/element/c37f694a-c4ca-48ee-9909-d12615370976/text'
18:00:35.780 [AsyncHttpClient-1-2] DEBUG org.asynchttpclient.netty.handler.HttpHandler - 

Request DefaultFullHttpRequest(decodeResult: success, version: HTTP/1.1, content: EmptyByteBufBE)
GET /session/a3107db960a546824245285e456e2544/element/c37f694a-c4ca-48ee-9909-d12615370976/text HTTP/1.1
User-Agent: selenium/4.1.2 (java windows)
Cache-Control: no-cache
Content-Type: application/json; charset=utf-8
host: localhost:64683
accept: */*

Response DefaultHttpResponse(decodeResult: success, version: HTTP/1.1)
HTTP/1.1 200 OK
Content-Type: application/json; charset=utf-8
cache-control: no-cache
content-length: 18

18:00:35.781 [AsyncHttpClient-1-2] DEBUG org.asynchttpclient.netty.channel.ChannelManager - Adding key: http://localhost:64683 for channel [id: 0x599de944, L:/127.0.0.1:54881 - R:localhost/127.0.0.1:64683]
18:00:35.859 [Forwarding screenshot on session a3107db960a546824245285e456e2544 to remote] DEBUG org.asynchttpclient.netty.request.NettyRequestSender - Using pooled Channel '[id: 0x599de944, L:/127.0.0.1:54881 - R:localhost/127.0.0.1:64683]' for 'GET' to 'http://localhost:64683/session/a3107db960a546824245285e456e2544/screenshot'
18:00:35.859 [Forwarding screenshot on session a3107db960a546824245285e456e2544 to remote] DEBUG org.asynchttpclient.netty.request.NettyRequestSender - Using open Channel [id: 0x599de944, L:/127.0.0.1:54881 - R:localhost/127.0.0.1:64683] for GET '/session/a3107db960a546824245285e456e2544/screenshot'
18:00:36.068 [AsyncHttpClient-1-2] DEBUG org.asynchttpclient.netty.handler.HttpHandler - 

Request DefaultFullHttpRequest(decodeResult: success, version: HTTP/1.1, content: EmptyByteBufBE)
GET /session/a3107db960a546824245285e456e2544/screenshot HTTP/1.1
User-Agent: selenium/4.1.2 (java windows)
Cache-Control: no-cache
Content-Type: application/json; charset=utf-8
host: localhost:64683
accept: */*

Response DefaultHttpResponse(decodeResult: success, version: HTTP/1.1)
HTTP/1.1 200 OK
Content-Type: application/json; charset=utf-8
cache-control: no-cache
content-length: 106380

18:00:36.070 [AsyncHttpClient-1-2] DEBUG org.asynchttpclient.netty.channel.ChannelManager - Adding key: http://localhost:64683 for channel [id: 0x599de944, L:/127.0.0.1:54881 - R:localhost/127.0.0.1:64683]
18:00:36.088 [Test worker] DEBUG net.serenitybdd.core.photography.Darkroom - Send negative for processing for C:\Users\johan\OneDrive\Documentos\KONEX\Pruebas automatizadas\automatizacion_login_backoffice_1v\target\site\serenity\a8d65ec88cb012dd03308abeb83127d480f655574a1f32cc9952468e8f0f02cf.png
18:00:36.166 [Forwarding screenshot on session a3107db960a546824245285e456e2544 to remote] DEBUG org.asynchttpclient.netty.request.NettyRequestSender - Using pooled Channel '[id: 0x599de944, L:/127.0.0.1:54881 - R:localhost/127.0.0.1:64683]' for 'GET' to 'http://localhost:64683/session/a3107db960a546824245285e456e2544/screenshot'
18:00:36.167 [Forwarding screenshot on session a3107db960a546824245285e456e2544 to remote] DEBUG org.asynchttpclient.netty.request.NettyRequestSender - Using open Channel [id: 0x599de944, L:/127.0.0.1:54881 - R:localhost/127.0.0.1:64683] for GET '/session/a3107db960a546824245285e456e2544/screenshot'
18:00:36.341 [AsyncHttpClient-1-2] DEBUG org.asynchttpclient.netty.handler.HttpHandler - 

Request DefaultFullHttpRequest(decodeResult: success, version: HTTP/1.1, content: EmptyByteBufBE)
GET /session/a3107db960a546824245285e456e2544/screenshot HTTP/1.1
User-Agent: selenium/4.1.2 (java windows)
Cache-Control: no-cache
Content-Type: application/json; charset=utf-8
host: localhost:64683
accept: */*

Response DefaultHttpResponse(decodeResult: success, version: HTTP/1.1)
HTTP/1.1 200 OK
Content-Type: application/json; charset=utf-8
cache-control: no-cache
content-length: 106048

18:00:36.342 [AsyncHttpClient-1-2] DEBUG org.asynchttpclient.netty.channel.ChannelManager - Adding key: http://localhost:64683 for channel [id: 0x599de944, L:/127.0.0.1:54881 - R:localhost/127.0.0.1:64683]
18:00:36.353 [Test worker] DEBUG net.serenitybdd.core.photography.Darkroom - Send negative for processing for C:\Users\johan\OneDrive\Documentos\KONEX\Pruebas automatizadas\automatizacion_login_backoffice_1v\target\site\serenity\c9ada4d604f66122bc17af70a0aec0bb431c98beaa4b8914f3d907f3e490b4c9.png
18:00:36.354 [Darkroom Processing Line] DEBUG net.serenitybdd.core.photography.DarkroomProcessingLine - Processing screenshot image in /var/screenshots/screenshot-5423273143762532184
18:00:36.354 [Darkroom Processing Line] DEBUG net.serenitybdd.core.photography.DarkroomProcessingLine - Saving screenshot to C:\Users\johan\OneDrive\Documentos\KONEX\Pruebas automatizadas\automatizacion_login_backoffice_1v\target\site\serenity\c9ada4d604f66122bc17af70a0aec0bb431c98beaa4b8914f3d907f3e490b4c9.png
18:00:36.500 [Forwarding screenshot on session a3107db960a546824245285e456e2544 to remote] DEBUG org.asynchttpclient.netty.request.NettyRequestSender - Using pooled Channel '[id: 0x599de944, L:/127.0.0.1:54881 - R:localhost/127.0.0.1:64683]' for 'GET' to 'http://localhost:64683/session/a3107db960a546824245285e456e2544/screenshot'
18:00:36.500 [Forwarding screenshot on session a3107db960a546824245285e456e2544 to remote] DEBUG org.asynchttpclient.netty.request.NettyRequestSender - Using open Channel [id: 0x599de944, L:/127.0.0.1:54881 - R:localhost/127.0.0.1:64683] for GET '/session/a3107db960a546824245285e456e2544/screenshot'
18:00:36.514 [AsyncHttpClient-1-1] DEBUG org.asynchttpclient.netty.channel.DefaultChannelPool - Entry count for : http://localhost:54882 : 1
18:00:37.199 [AsyncHttpClient-1-2] DEBUG org.asynchttpclient.netty.handler.HttpHandler - 

Request DefaultFullHttpRequest(decodeResult: success, version: HTTP/1.1, content: EmptyByteBufBE)
GET /session/a3107db960a546824245285e456e2544/screenshot HTTP/1.1
User-Agent: selenium/4.1.2 (java windows)
Cache-Control: no-cache
Content-Type: application/json; charset=utf-8
host: localhost:64683
accept: */*

Response DefaultHttpResponse(decodeResult: success, version: HTTP/1.1)
HTTP/1.1 200 OK
Content-Type: application/json; charset=utf-8
cache-control: no-cache
content-length: 106048

18:00:37.201 [AsyncHttpClient-1-2] DEBUG org.asynchttpclient.netty.channel.ChannelManager - Adding key: http://localhost:64683 for channel [id: 0x599de944, L:/127.0.0.1:54881 - R:localhost/127.0.0.1:64683]
18:00:37.212 [Test worker] DEBUG net.serenitybdd.core.photography.Darkroom - Send negative for processing for C:\Users\johan\OneDrive\Documentos\KONEX\Pruebas automatizadas\automatizacion_login_backoffice_1v\target\site\serenity\c9ada4d604f66122bc17af70a0aec0bb431c98beaa4b8914f3d907f3e490b4c9.png
18:00:37.619 [AsyncHttpClient-1-1] DEBUG org.asynchttpclient.netty.channel.DefaultChannelPool - Entry count for : http://localhost:54882 : 1
18:00:37.619 [AsyncHttpClient-1-1] DEBUG org.asynchttpclient.netty.channel.DefaultChannelPool - Entry count for : http://localhost:64683 : 1
18:00:37.710 [Driver Command Executor] DEBUG org.asynchttpclient.netty.request.NettyRequestSender - Using pooled Channel '[id: 0x599de944, L:/127.0.0.1:54881 - R:localhost/127.0.0.1:64683]' for 'DELETE' to 'http://localhost:64683/session/a3107db960a546824245285e456e2544'
18:00:37.711 [Driver Command Executor] DEBUG org.asynchttpclient.netty.request.NettyRequestSender - Using open Channel [id: 0x599de944, L:/127.0.0.1:54881 - R:localhost/127.0.0.1:64683] for DELETE '/session/a3107db960a546824245285e456e2544'
18:00:37.716 [AsyncHttpClient-1-4] DEBUG org.asynchttpclient.netty.handler.WebSocketHandler - Channel Closed: [id: 0x22e6ac10, L:/127.0.0.1:54890 ! R:localhost/127.0.0.1:54882] with attribute NettyResponseFuture{currentRetry=5,
	isDone=1,
	isCancelled=0,
	asyncHandler=org.asynchttpclient.ws.WebSocketUpgradeHandler@7bbd62d9,
	nettyRequest=org.asynchttpclient.netty.request.NettyRequest@44c9213f,
	future=java.util.concurrent.CompletableFuture@49d532ca[Completed normally],
	uri=ws://localhost:54882/devtools/browser/27173fe1-b00c-4c71-a178-b90357736733,
	keepAlive=true,
	redirectCount=0,
	timeoutsHolder=null,
	inAuth=0,
	touch=1681254016965}
18:00:37.718 [AsyncHttpClient-1-4] DEBUG org.asynchttpclient.netty.channel.ChannelManager - Closing Channel [id: 0x22e6ac10, L:/127.0.0.1:54890 ! R:localhost/127.0.0.1:54882] 
18:00:37.785 [AsyncHttpClient-1-3] DEBUG org.asynchttpclient.netty.handler.HttpHandler - Unexpected I/O exception on channel [id: 0x4d8aaa07, L:/127.0.0.1:54889 - R:localhost/127.0.0.1:54882]
java.io.IOException: Se ha forzado la interrupción de una conexión existente por el host remoto
	at sun.nio.ch.SocketDispatcher.read0(Native Method)
	at sun.nio.ch.SocketDispatcher.read(SocketDispatcher.java:43)
	at sun.nio.ch.IOUtil.readIntoNativeBuffer(IOUtil.java:223)
	at sun.nio.ch.IOUtil.read(IOUtil.java:192)
	at sun.nio.ch.SocketChannelImpl.read(SocketChannelImpl.java:380)
	at io.netty.buffer.PooledByteBuf.setBytes(PooledByteBuf.java:258)
	at io.netty.buffer.AbstractByteBuf.writeBytes(AbstractByteBuf.java:1132)
	at io.netty.channel.socket.nio.NioSocketChannel.doReadBytes(NioSocketChannel.java:350)
	at io.netty.channel.nio.AbstractNioByteChannel$NioByteUnsafe.read(AbstractNioByteChannel.java:151)
	at io.netty.channel.nio.NioEventLoop.processSelectedKey(NioEventLoop.java:722)
	at io.netty.channel.nio.NioEventLoop.processSelectedKeysOptimized(NioEventLoop.java:658)
	at io.netty.channel.nio.NioEventLoop.processSelectedKeys(NioEventLoop.java:584)
	at io.netty.channel.nio.NioEventLoop.run(NioEventLoop.java:496)
	at io.netty.util.concurrent.SingleThreadEventExecutor$4.run(SingleThreadEventExecutor.java:986)
	at io.netty.util.internal.ThreadExecutorMap$2.run(ThreadExecutorMap.java:74)
	at io.netty.util.concurrent.FastThreadLocalRunnable.run(FastThreadLocalRunnable.java:30)
	at java.lang.Thread.run(Thread.java:748)
18:00:37.786 [AsyncHttpClient-1-3] DEBUG org.asynchttpclient.netty.channel.ChannelManager - Closing Channel [id: 0x4d8aaa07, L:/127.0.0.1:54889 - R:localhost/127.0.0.1:54882] 
18:00:37.795 [AsyncHttpClient-1-3] DEBUG org.asynchttpclient.netty.handler.HttpHandler - Channel Closed: [id: 0x4d8aaa07, L:/127.0.0.1:54889 ! R:localhost/127.0.0.1:54882] with attribute DISCARD
18:00:37.816 [AsyncHttpClient-1-2] DEBUG org.asynchttpclient.netty.handler.HttpHandler - 

Request DefaultFullHttpRequest(decodeResult: success, version: HTTP/1.1, content: EmptyByteBufBE)
DELETE /session/a3107db960a546824245285e456e2544 HTTP/1.1
User-Agent: selenium/4.1.2 (java windows)
Content-Type: application/json; charset=utf-8
host: localhost:64683
accept: */*

Response DefaultHttpResponse(decodeResult: success, version: HTTP/1.1)
HTTP/1.1 200 OK
Content-Type: application/json; charset=utf-8
cache-control: no-cache
content-length: 14

18:00:37.817 [AsyncHttpClient-1-2] DEBUG org.asynchttpclient.netty.channel.ChannelManager - Adding key: http://localhost:64683 for channel [id: 0x599de944, L:/127.0.0.1:54881 - R:localhost/127.0.0.1:64683]
18:00:38.011 [AsyncHttpClient-1-2] DEBUG org.asynchttpclient.netty.handler.HttpHandler - Channel Closed: [id: 0x599de944, L:/127.0.0.1:54881 ! R:localhost/127.0.0.1:64683] with attribute DISCARD
18:00:38.543 [Test worker] INFO  - 
  _____   ___   ___   _____     ___     _     ___   ___   ___   ___  
 |_   _| | __| / __| |_   _|   | _ \   /_\   / __| / __| | __| |   \ 
   | |   | _|  \__ \   | |     |  _/  / _ \  \__ \ \__ \ | _|  | |) |
   |_|   |___| |___/   |_|     |_|   /_/ \_\ |___/ |___/ |___| |___/ 

Verificar el ingreso correcto con diferentes usuarios
----------------------------------------------------------------------
18:00:38.563 [Test worker] INFO io.cucumber.core.plugin.SerenityReporter - Running feature from file:///C:/Users/johan/OneDrive/Documentos/KONEX/Pruebas%20automatizadas/automatizacion_login_backoffice_1v/src/test/resources/features/login_backoffice.feature
18:00:38.589 [Test worker] DEBUG net.thucydides.core.steps.StepInterceptor - STARTING STEP: MyStepdefinitions.queElUsuarioIngresaAlBackoffice - performAs
18:00:38.595 [Test worker] DEBUG net.thucydides.core.steps.StepInterceptor - STARTING STEP: Abrir.performAs - {0} opens the #targetPage
18:00:38.643 [Test worker] INFO net.serenitybdd.core.webdriver.driverproviders.ChromeDriverProvider - Using automatically driver download
18:00:38.712 [AsyncHttpClient-1-1] DEBUG org.asynchttpclient.netty.channel.DefaultChannelPool - Entry count for : http://localhost:54882 : 1
18:00:38.712 [AsyncHttpClient-1-1] DEBUG org.asynchttpclient.netty.channel.DefaultChannelPool - Entry count for : http://localhost:64683 : 1
18:00:38.712 [AsyncHttpClient-1-1] DEBUG org.asynchttpclient.netty.channel.DefaultChannelPool - Adding Candidate expired Channel [id: 0x4d8aaa07, L:/127.0.0.1:54889 ! R:localhost/127.0.0.1:54882] isIdleTimeoutExpired=false isRemotelyClosed=true isTtlExpired=false
18:00:38.712 [AsyncHttpClient-1-1] DEBUG org.asynchttpclient.netty.channel.DefaultChannelPool - Closing Idle Channel [id: 0x4d8aaa07, L:/127.0.0.1:54889 ! R:localhost/127.0.0.1:54882]
18:00:38.712 [AsyncHttpClient-1-1] DEBUG org.asynchttpclient.netty.channel.DefaultChannelPool - Adding Candidate expired Channel [id: 0x599de944, L:/127.0.0.1:54881 ! R:localhost/127.0.0.1:64683] isIdleTimeoutExpired=false isRemotelyClosed=true isTtlExpired=false
18:00:38.712 [AsyncHttpClient-1-1] DEBUG org.asynchttpclient.netty.channel.DefaultChannelPool - Closing Idle Channel [id: 0x599de944, L:/127.0.0.1:54881 ! R:localhost/127.0.0.1:64683]
18:00:38.712 [AsyncHttpClient-1-1] DEBUG org.asynchttpclient.netty.channel.DefaultChannelPool - Closed 2 connections out of 2 in 0 ms
18:00:38.876 [Test worker] DEBUG io.github.bonigarcia.wdm.cache.ResolutionCache - Resolution chrome=112 in cache (valid until 19:00:10 11/04/2023 COT)
18:00:38.876 [Test worker] DEBUG io.github.bonigarcia.wdm.cache.ResolutionCache - Resolution chrome112=112.0.5615.49 in cache (valid until 12:12:55 12/04/2023 COT)
18:00:38.876 [Test worker] INFO io.github.bonigarcia.wdm.WebDriverManager - Using chromedriver 112.0.5615.49 (resolved driver for Chrome 112)
18:00:38.886 [Test worker] DEBUG io.github.bonigarcia.wdm.WebDriverManager - Driver chromedriver 112.0.5615.49 found in cache
18:00:38.888 [Test worker] INFO io.github.bonigarcia.wdm.WebDriverManager - Exporting webdriver.chrome.driver as C:\Users\johan\.cache\selenium\chromedriver\win32\112.0.5615.49\chromedriver.exe
18:00:39.112 [Test worker] DEBUG net.serenitybdd.core.webdriver.driverproviders.ProvideNewDriver - Instantiating driver
18:00:39.113 [Test worker] DEBUG net.serenitybdd.core.webdriver.driverproviders.ProvideNewDriver - Driver capabilities: Capabilities {acceptInsecureCerts: false, autodownload: true, browserName: chrome, chrome.silentOutput: true, driver: chrome, goog:chromeOptions: {args: [--start-maximized --disable...], extensions: []}}
18:00:39.684 [AsyncHttpClient-1-5] DEBUG org.asynchttpclient.netty.channel.NettyConnectListener - Using new Channel '[id: 0xf34c3097, L:/127.0.0.1:54919 - R:localhost/127.0.0.1:61495]' for 'POST' to '/session'
18:00:40.724 [AsyncHttpClient-1-5] DEBUG org.asynchttpclient.netty.handler.HttpHandler - 

Request DefaultHttpRequest(decodeResult: success, version: HTTP/1.1)
POST /session HTTP/1.1
User-Agent: selenium/4.1.2 (java windows)
Content-Length: 776
Content-Type: application/json; charset=utf-8
host: localhost:61495
accept: */*

Response DefaultHttpResponse(decodeResult: success, version: HTTP/1.1)
HTTP/1.1 200 OK
Content-Type: application/json; charset=utf-8
cache-control: no-cache
content-length: 858

18:00:40.724 [AsyncHttpClient-1-5] DEBUG org.asynchttpclient.netty.channel.ChannelManager - Adding key: http://localhost:61495 for channel [id: 0xf34c3097, L:/127.0.0.1:54919 - R:localhost/127.0.0.1:61495]
18:00:40.765 [AsyncHttpClient-1-6] DEBUG org.asynchttpclient.netty.channel.NettyConnectListener - Using new Channel '[id: 0xe20500ee, L:/127.0.0.1:54926 - R:localhost/127.0.0.1:54920]' for 'GET' to '/json/version'
18:00:40.773 [AsyncHttpClient-1-6] DEBUG org.asynchttpclient.netty.handler.HttpHandler - 

Request DefaultFullHttpRequest(decodeResult: success, version: HTTP/1.1, content: EmptyByteBufBE)
GET /json/version HTTP/1.1
User-Agent: selenium/4.1.2 (java windows)
host: localhost:54920
accept: */*

Response DefaultHttpResponse(decodeResult: success, version: HTTP/1.1)
HTTP/1.1 200 OK
Content-Security-Policy: frame-ancestors 'none'
Content-Type: application/json; charset=UTF-8
content-length: 422

18:00:40.774 [AsyncHttpClient-1-6] DEBUG org.asynchttpclient.netty.channel.ChannelManager - Adding key: http://localhost:54920 for channel [id: 0xe20500ee, L:/127.0.0.1:54926 - R:localhost/127.0.0.1:54920]
18:00:40.790 [AsyncHttpClient-1-7] DEBUG org.asynchttpclient.netty.channel.NettyConnectListener - Using new Channel '[id: 0x131a7211, L:/127.0.0.1:54928 - R:localhost/127.0.0.1:54920]' for 'GET' to '/devtools/browser/56748ce6-a935-468e-b7f7-ce3eda06567b'
18:00:40.792 [AsyncHttpClient-1-7] DEBUG org.asynchttpclient.netty.handler.WebSocketHandler - 

Request DefaultFullHttpRequest(decodeResult: success, version: HTTP/1.1, content: EmptyByteBufBE)
GET /devtools/browser/56748ce6-a935-468e-b7f7-ce3eda06567b HTTP/1.1
upgrade: websocket
connection: upgrade
sec-websocket-key: otyI49sqr+hIBqcd56ieeA==
sec-websocket-version: 13
origin: http://localhost:54920
host: localhost:54920
accept: */*
user-agent: AHC/2.1

Response DefaultHttpResponse(decodeResult: success, version: HTTP/1.1)
HTTP/1.1 101 WebSocket Protocol Handshake
Upgrade: WebSocket
Connection: Upgrade
Sec-WebSocket-Accept: dQfirOyYlEUB5P6cYg/8tldbjCU=

18:00:40.811 [Forwarding get on session b44cea346c475d8b0b139c8fa8f33f5a to remote] DEBUG org.asynchttpclient.netty.request.NettyRequestSender - Using pooled Channel '[id: 0xf34c3097, L:/127.0.0.1:54919 - R:localhost/127.0.0.1:61495]' for 'POST' to 'http://localhost:61495/session/b44cea346c475d8b0b139c8fa8f33f5a/url'
18:00:40.812 [Forwarding get on session b44cea346c475d8b0b139c8fa8f33f5a to remote] DEBUG org.asynchttpclient.netty.request.NettyRequestSender - Using open Channel [id: 0xf34c3097, L:/127.0.0.1:54919 - R:localhost/127.0.0.1:61495] for POST '/session/b44cea346c475d8b0b139c8fa8f33f5a/url'
18:00:40.911 [AsyncHttpClient-1-1] DEBUG org.asynchttpclient.netty.channel.DefaultChannelPool - Entry count for : http://localhost:54920 : 1
18:00:42.014 [AsyncHttpClient-1-1] DEBUG org.asynchttpclient.netty.channel.DefaultChannelPool - Entry count for : http://localhost:54920 : 1
18:00:42.672 [AsyncHttpClient-1-5] DEBUG org.asynchttpclient.netty.handler.HttpHandler - 

Request DefaultHttpRequest(decodeResult: success, version: HTTP/1.1)
POST /session/b44cea346c475d8b0b139c8fa8f33f5a/url HTTP/1.1
User-Agent: selenium/4.1.2 (java windows)
Content-Length: 80
Content-Type: application/json; charset=utf-8
host: localhost:61495
accept: */*

Response DefaultHttpResponse(decodeResult: success, version: HTTP/1.1)
HTTP/1.1 200 OK
Content-Type: application/json; charset=utf-8
cache-control: no-cache
content-length: 14

18:00:42.673 [AsyncHttpClient-1-5] DEBUG org.asynchttpclient.netty.channel.ChannelManager - Adding key: http://localhost:61495 for channel [id: 0xf34c3097, L:/127.0.0.1:54919 - R:localhost/127.0.0.1:61495]
18:00:42.677 [Forwarding setTimeout on session b44cea346c475d8b0b139c8fa8f33f5a to remote] DEBUG org.asynchttpclient.netty.request.NettyRequestSender - Using pooled Channel '[id: 0xf34c3097, L:/127.0.0.1:54919 - R:localhost/127.0.0.1:61495]' for 'POST' to 'http://localhost:61495/session/b44cea346c475d8b0b139c8fa8f33f5a/timeouts'
18:00:42.677 [Forwarding setTimeout on session b44cea346c475d8b0b139c8fa8f33f5a to remote] DEBUG org.asynchttpclient.netty.request.NettyRequestSender - Using open Channel [id: 0xf34c3097, L:/127.0.0.1:54919 - R:localhost/127.0.0.1:61495] for POST '/session/b44cea346c475d8b0b139c8fa8f33f5a/timeouts'
18:00:42.679 [AsyncHttpClient-1-5] DEBUG org.asynchttpclient.netty.handler.HttpHandler - 

Request DefaultHttpRequest(decodeResult: success, version: HTTP/1.1)
POST /session/b44cea346c475d8b0b139c8fa8f33f5a/timeouts HTTP/1.1
User-Agent: selenium/4.1.2 (java windows)
Content-Length: 22
Content-Type: application/json; charset=utf-8
host: localhost:61495
accept: */*

Response DefaultHttpResponse(decodeResult: success, version: HTTP/1.1)
HTTP/1.1 200 OK
Content-Type: application/json; charset=utf-8
cache-control: no-cache
content-length: 14

18:00:42.680 [AsyncHttpClient-1-5] DEBUG org.asynchttpclient.netty.channel.ChannelManager - Adding key: http://localhost:61495 for channel [id: 0xf34c3097, L:/127.0.0.1:54919 - R:localhost/127.0.0.1:61495]
18:00:42.750 [Forwarding getCurrentUrl on session b44cea346c475d8b0b139c8fa8f33f5a to remote] DEBUG org.asynchttpclient.netty.request.NettyRequestSender - Using pooled Channel '[id: 0xf34c3097, L:/127.0.0.1:54919 - R:localhost/127.0.0.1:61495]' for 'GET' to 'http://localhost:61495/session/b44cea346c475d8b0b139c8fa8f33f5a/url'
18:00:42.750 [Forwarding getCurrentUrl on session b44cea346c475d8b0b139c8fa8f33f5a to remote] DEBUG org.asynchttpclient.netty.request.NettyRequestSender - Using open Channel [id: 0xf34c3097, L:/127.0.0.1:54919 - R:localhost/127.0.0.1:61495] for GET '/session/b44cea346c475d8b0b139c8fa8f33f5a/url'
18:00:42.761 [AsyncHttpClient-1-5] DEBUG org.asynchttpclient.netty.handler.HttpHandler - 

Request DefaultFullHttpRequest(decodeResult: success, version: HTTP/1.1, content: EmptyByteBufBE)
GET /session/b44cea346c475d8b0b139c8fa8f33f5a/url HTTP/1.1
User-Agent: selenium/4.1.2 (java windows)
Cache-Control: no-cache
Content-Type: application/json; charset=utf-8
host: localhost:61495
accept: */*

Response DefaultHttpResponse(decodeResult: success, version: HTTP/1.1)
HTTP/1.1 200 OK
Content-Type: application/json; charset=utf-8
cache-control: no-cache
content-length: 57

18:00:42.761 [AsyncHttpClient-1-5] DEBUG org.asynchttpclient.netty.channel.ChannelManager - Adding key: http://localhost:61495 for channel [id: 0xf34c3097, L:/127.0.0.1:54919 - R:localhost/127.0.0.1:61495]
18:00:42.814 [Forwarding getCurrentUrl on session b44cea346c475d8b0b139c8fa8f33f5a to remote] DEBUG org.asynchttpclient.netty.request.NettyRequestSender - Using pooled Channel '[id: 0xf34c3097, L:/127.0.0.1:54919 - R:localhost/127.0.0.1:61495]' for 'GET' to 'http://localhost:61495/session/b44cea346c475d8b0b139c8fa8f33f5a/url'
18:00:42.814 [Forwarding getCurrentUrl on session b44cea346c475d8b0b139c8fa8f33f5a to remote] DEBUG org.asynchttpclient.netty.request.NettyRequestSender - Using open Channel [id: 0xf34c3097, L:/127.0.0.1:54919 - R:localhost/127.0.0.1:61495] for GET '/session/b44cea346c475d8b0b139c8fa8f33f5a/url'
18:00:42.820 [AsyncHttpClient-1-5] DEBUG org.asynchttpclient.netty.handler.HttpHandler - 

Request DefaultFullHttpRequest(decodeResult: success, version: HTTP/1.1, content: EmptyByteBufBE)
GET /session/b44cea346c475d8b0b139c8fa8f33f5a/url HTTP/1.1
User-Agent: selenium/4.1.2 (java windows)
Cache-Control: no-cache
Content-Type: application/json; charset=utf-8
host: localhost:61495
accept: */*

Response DefaultHttpResponse(decodeResult: success, version: HTTP/1.1)
HTTP/1.1 200 OK
Content-Type: application/json; charset=utf-8
cache-control: no-cache
content-length: 57

18:00:42.820 [AsyncHttpClient-1-5] DEBUG org.asynchttpclient.netty.channel.ChannelManager - Adding key: http://localhost:61495 for channel [id: 0xf34c3097, L:/127.0.0.1:54919 - R:localhost/127.0.0.1:61495]
18:00:42.855 [Forwarding screenshot on session b44cea346c475d8b0b139c8fa8f33f5a to remote] DEBUG org.asynchttpclient.netty.request.NettyRequestSender - Using pooled Channel '[id: 0xf34c3097, L:/127.0.0.1:54919 - R:localhost/127.0.0.1:61495]' for 'GET' to 'http://localhost:61495/session/b44cea346c475d8b0b139c8fa8f33f5a/screenshot'
18:00:42.855 [Forwarding screenshot on session b44cea346c475d8b0b139c8fa8f33f5a to remote] DEBUG org.asynchttpclient.netty.request.NettyRequestSender - Using open Channel [id: 0xf34c3097, L:/127.0.0.1:54919 - R:localhost/127.0.0.1:61495] for GET '/session/b44cea346c475d8b0b139c8fa8f33f5a/screenshot'
18:00:43.110 [AsyncHttpClient-1-1] DEBUG org.asynchttpclient.netty.channel.DefaultChannelPool - Entry count for : http://localhost:54920 : 1
18:00:43.327 [AsyncHttpClient-1-5] DEBUG org.asynchttpclient.netty.handler.HttpHandler - 

Request DefaultFullHttpRequest(decodeResult: success, version: HTTP/1.1, content: EmptyByteBufBE)
GET /session/b44cea346c475d8b0b139c8fa8f33f5a/screenshot HTTP/1.1
User-Agent: selenium/4.1.2 (java windows)
Cache-Control: no-cache
Content-Type: application/json; charset=utf-8
host: localhost:61495
accept: */*

Response DefaultHttpResponse(decodeResult: success, version: HTTP/1.1)
HTTP/1.1 200 OK
Content-Type: application/json; charset=utf-8
cache-control: no-cache
content-length: 379740

18:00:43.332 [AsyncHttpClient-1-5] DEBUG org.asynchttpclient.netty.channel.ChannelManager - Adding key: http://localhost:61495 for channel [id: 0xf34c3097, L:/127.0.0.1:54919 - R:localhost/127.0.0.1:61495]
18:00:43.363 [Test worker] DEBUG net.serenitybdd.core.photography.Darkroom - Send negative for processing for C:\Users\johan\OneDrive\Documentos\KONEX\Pruebas automatizadas\automatizacion_login_backoffice_1v\target\site\serenity\2906e0e514c90d11ffaf03067b12110de544ee879fa76ed63b517fad1e2e3380.png
18:00:43.364 [Test worker] DEBUG net.thucydides.core.steps.StepInterceptor - STEP DONE: {0} opens the #targetPage
18:00:43.432 [Forwarding screenshot on session b44cea346c475d8b0b139c8fa8f33f5a to remote] DEBUG org.asynchttpclient.netty.request.NettyRequestSender - Using pooled Channel '[id: 0xf34c3097, L:/127.0.0.1:54919 - R:localhost/127.0.0.1:61495]' for 'GET' to 'http://localhost:61495/session/b44cea346c475d8b0b139c8fa8f33f5a/screenshot'
18:00:43.432 [Forwarding screenshot on session b44cea346c475d8b0b139c8fa8f33f5a to remote] DEBUG org.asynchttpclient.netty.request.NettyRequestSender - Using open Channel [id: 0xf34c3097, L:/127.0.0.1:54919 - R:localhost/127.0.0.1:61495] for GET '/session/b44cea346c475d8b0b139c8fa8f33f5a/screenshot'
18:00:43.898 [AsyncHttpClient-1-5] DEBUG org.asynchttpclient.netty.handler.HttpHandler - 

Request DefaultFullHttpRequest(decodeResult: success, version: HTTP/1.1, content: EmptyByteBufBE)
GET /session/b44cea346c475d8b0b139c8fa8f33f5a/screenshot HTTP/1.1
User-Agent: selenium/4.1.2 (java windows)
Cache-Control: no-cache
Content-Type: application/json; charset=utf-8
host: localhost:61495
accept: */*

Response DefaultHttpResponse(decodeResult: success, version: HTTP/1.1)
HTTP/1.1 200 OK
Content-Type: application/json; charset=utf-8
cache-control: no-cache
content-length: 379772

18:00:43.901 [AsyncHttpClient-1-5] DEBUG org.asynchttpclient.netty.channel.ChannelManager - Adding key: http://localhost:61495 for channel [id: 0xf34c3097, L:/127.0.0.1:54919 - R:localhost/127.0.0.1:61495]
18:00:43.932 [Test worker] DEBUG net.serenitybdd.core.photography.Darkroom - Send negative for processing for C:\Users\johan\OneDrive\Documentos\KONEX\Pruebas automatizadas\automatizacion_login_backoffice_1v\target\site\serenity\827eba772fc8c0a7b9dfb33684fbbfab2dbf1f790c8339d229e180e243a6dda7.png
18:00:43.932 [Test worker] DEBUG net.thucydides.core.steps.StepInterceptor - STEP DONE: performAs
18:00:43.996 [Forwarding screenshot on session b44cea346c475d8b0b139c8fa8f33f5a to remote] DEBUG org.asynchttpclient.netty.request.NettyRequestSender - Using pooled Channel '[id: 0xf34c3097, L:/127.0.0.1:54919 - R:localhost/127.0.0.1:61495]' for 'GET' to 'http://localhost:61495/session/b44cea346c475d8b0b139c8fa8f33f5a/screenshot'
18:00:43.996 [Forwarding screenshot on session b44cea346c475d8b0b139c8fa8f33f5a to remote] DEBUG org.asynchttpclient.netty.request.NettyRequestSender - Using open Channel [id: 0xf34c3097, L:/127.0.0.1:54919 - R:localhost/127.0.0.1:61495] for GET '/session/b44cea346c475d8b0b139c8fa8f33f5a/screenshot'
18:00:44.217 [AsyncHttpClient-1-1] DEBUG org.asynchttpclient.netty.channel.DefaultChannelPool - Entry count for : http://localhost:54920 : 1
18:00:44.435 [AsyncHttpClient-1-5] DEBUG org.asynchttpclient.netty.handler.HttpHandler - 

Request DefaultFullHttpRequest(decodeResult: success, version: HTTP/1.1, content: EmptyByteBufBE)
GET /session/b44cea346c475d8b0b139c8fa8f33f5a/screenshot HTTP/1.1
User-Agent: selenium/4.1.2 (java windows)
Cache-Control: no-cache
Content-Type: application/json; charset=utf-8
host: localhost:61495
accept: */*

Response DefaultHttpResponse(decodeResult: success, version: HTTP/1.1)
HTTP/1.1 200 OK
Content-Type: application/json; charset=utf-8
cache-control: no-cache
content-length: 379740

18:00:44.439 [AsyncHttpClient-1-5] DEBUG org.asynchttpclient.netty.channel.ChannelManager - Adding key: http://localhost:61495 for channel [id: 0xf34c3097, L:/127.0.0.1:54919 - R:localhost/127.0.0.1:61495]
18:00:44.467 [Test worker] DEBUG net.serenitybdd.core.photography.Darkroom - Send negative for processing for C:\Users\johan\OneDrive\Documentos\KONEX\Pruebas automatizadas\automatizacion_login_backoffice_1v\target\site\serenity\2906e0e514c90d11ffaf03067b12110de544ee879fa76ed63b517fad1e2e3380.png
18:00:44.585 [Forwarding screenshot on session b44cea346c475d8b0b139c8fa8f33f5a to remote] DEBUG org.asynchttpclient.netty.request.NettyRequestSender - Using pooled Channel '[id: 0xf34c3097, L:/127.0.0.1:54919 - R:localhost/127.0.0.1:61495]' for 'GET' to 'http://localhost:61495/session/b44cea346c475d8b0b139c8fa8f33f5a/screenshot'
18:00:44.585 [Forwarding screenshot on session b44cea346c475d8b0b139c8fa8f33f5a to remote] DEBUG org.asynchttpclient.netty.request.NettyRequestSender - Using open Channel [id: 0xf34c3097, L:/127.0.0.1:54919 - R:localhost/127.0.0.1:61495] for GET '/session/b44cea346c475d8b0b139c8fa8f33f5a/screenshot'
18:00:45.103 [AsyncHttpClient-1-5] DEBUG org.asynchttpclient.netty.handler.HttpHandler - 

Request DefaultFullHttpRequest(decodeResult: success, version: HTTP/1.1, content: EmptyByteBufBE)
GET /session/b44cea346c475d8b0b139c8fa8f33f5a/screenshot HTTP/1.1
User-Agent: selenium/4.1.2 (java windows)
Cache-Control: no-cache
Content-Type: application/json; charset=utf-8
host: localhost:61495
accept: */*

Response DefaultHttpResponse(decodeResult: success, version: HTTP/1.1)
HTTP/1.1 200 OK
Content-Type: application/json; charset=utf-8
cache-control: no-cache
content-length: 379772

18:00:45.104 [AsyncHttpClient-1-5] DEBUG org.asynchttpclient.netty.channel.ChannelManager - Adding key: http://localhost:61495 for channel [id: 0xf34c3097, L:/127.0.0.1:54919 - R:localhost/127.0.0.1:61495]
18:00:45.139 [Test worker] DEBUG net.serenitybdd.core.photography.Darkroom - Send negative for processing for C:\Users\johan\OneDrive\Documentos\KONEX\Pruebas automatizadas\automatizacion_login_backoffice_1v\target\site\serenity\827eba772fc8c0a7b9dfb33684fbbfab2dbf1f790c8339d229e180e243a6dda7.png
18:00:45.141 [Test worker] DEBUG net.thucydides.core.steps.StepInterceptor - STARTING STEP: MyStepdefinitions.digitaUsuarioYContrasenna - performAs
18:00:45.215 [Forwarding screenshot on session b44cea346c475d8b0b139c8fa8f33f5a to remote] DEBUG org.asynchttpclient.netty.request.NettyRequestSender - Using pooled Channel '[id: 0xf34c3097, L:/127.0.0.1:54919 - R:localhost/127.0.0.1:61495]' for 'GET' to 'http://localhost:61495/session/b44cea346c475d8b0b139c8fa8f33f5a/screenshot'
18:00:45.215 [Forwarding screenshot on session b44cea346c475d8b0b139c8fa8f33f5a to remote] DEBUG org.asynchttpclient.netty.request.NettyRequestSender - Using open Channel [id: 0xf34c3097, L:/127.0.0.1:54919 - R:localhost/127.0.0.1:61495] for GET '/session/b44cea346c475d8b0b139c8fa8f33f5a/screenshot'
18:00:45.310 [AsyncHttpClient-1-1] DEBUG org.asynchttpclient.netty.channel.DefaultChannelPool - Entry count for : http://localhost:54920 : 1
18:00:45.736 [AsyncHttpClient-1-5] DEBUG org.asynchttpclient.netty.handler.HttpHandler - 

Request DefaultFullHttpRequest(decodeResult: success, version: HTTP/1.1, content: EmptyByteBufBE)
GET /session/b44cea346c475d8b0b139c8fa8f33f5a/screenshot HTTP/1.1
User-Agent: selenium/4.1.2 (java windows)
Cache-Control: no-cache
Content-Type: application/json; charset=utf-8
host: localhost:61495
accept: */*

Response DefaultHttpResponse(decodeResult: success, version: HTTP/1.1)
HTTP/1.1 200 OK
Content-Type: application/json; charset=utf-8
cache-control: no-cache
content-length: 379740

18:00:45.741 [AsyncHttpClient-1-5] DEBUG org.asynchttpclient.netty.channel.ChannelManager - Adding key: http://localhost:61495 for channel [id: 0xf34c3097, L:/127.0.0.1:54919 - R:localhost/127.0.0.1:61495]
18:00:45.780 [Test worker] DEBUG net.serenitybdd.core.photography.Darkroom - Send negative for processing for C:\Users\johan\OneDrive\Documentos\KONEX\Pruebas automatizadas\automatizacion_login_backoffice_1v\target\site\serenity\2906e0e514c90d11ffaf03067b12110de544ee879fa76ed63b517fad1e2e3380.png
18:00:45.781 [Test worker] DEBUG net.thucydides.core.steps.StepInterceptor - STARTING STEP: Ingresar.performAs - {0} enters #theTextAsAString into #target
18:00:45.945 [Test worker] DEBUG net.serenitybdd.screenplay.targets.IFrameSwitcher - default content already selected for Datos para campo de usuario
18:00:46.084 [Forwarding findElement on session b44cea346c475d8b0b139c8fa8f33f5a to remote] DEBUG org.asynchttpclient.netty.request.NettyRequestSender - Using pooled Channel '[id: 0xf34c3097, L:/127.0.0.1:54919 - R:localhost/127.0.0.1:61495]' for 'POST' to 'http://localhost:61495/session/b44cea346c475d8b0b139c8fa8f33f5a/element'
18:00:46.085 [Forwarding findElement on session b44cea346c475d8b0b139c8fa8f33f5a to remote] DEBUG org.asynchttpclient.netty.request.NettyRequestSender - Using open Channel [id: 0xf34c3097, L:/127.0.0.1:54919 - R:localhost/127.0.0.1:61495] for POST '/session/b44cea346c475d8b0b139c8fa8f33f5a/element'
18:00:46.111 [AsyncHttpClient-1-5] DEBUG org.asynchttpclient.netty.handler.HttpHandler - 

Request DefaultHttpRequest(decodeResult: success, version: HTTP/1.1)
POST /session/b44cea346c475d8b0b139c8fa8f33f5a/element HTTP/1.1
User-Agent: selenium/4.1.2 (java windows)
Content-Length: 53
Content-Type: application/json; charset=utf-8
host: localhost:61495
accept: */*

Response DefaultHttpResponse(decodeResult: success, version: HTTP/1.1)
HTTP/1.1 200 OK
Content-Type: application/json; charset=utf-8
cache-control: no-cache
content-length: 88

18:00:46.111 [AsyncHttpClient-1-5] DEBUG org.asynchttpclient.netty.channel.ChannelManager - Adding key: http://localhost:61495 for channel [id: 0xf34c3097, L:/127.0.0.1:54919 - R:localhost/127.0.0.1:61495]
18:00:46.116 [Forwarding clearElement on session b44cea346c475d8b0b139c8fa8f33f5a to remote] DEBUG org.asynchttpclient.netty.request.NettyRequestSender - Using pooled Channel '[id: 0xf34c3097, L:/127.0.0.1:54919 - R:localhost/127.0.0.1:61495]' for 'POST' to 'http://localhost:61495/session/b44cea346c475d8b0b139c8fa8f33f5a/element/545b9d84-88c7-4cf5-9192-ab330cae01a7/clear'
18:00:46.116 [Forwarding clearElement on session b44cea346c475d8b0b139c8fa8f33f5a to remote] DEBUG org.asynchttpclient.netty.request.NettyRequestSender - Using open Channel [id: 0xf34c3097, L:/127.0.0.1:54919 - R:localhost/127.0.0.1:61495] for POST '/session/b44cea346c475d8b0b139c8fa8f33f5a/element/545b9d84-88c7-4cf5-9192-ab330cae01a7/clear'
18:00:46.183 [AsyncHttpClient-1-5] DEBUG org.asynchttpclient.netty.handler.HttpHandler - 

Request DefaultHttpRequest(decodeResult: success, version: HTTP/1.1)
POST /session/b44cea346c475d8b0b139c8fa8f33f5a/element/545b9d84-88c7-4cf5-9192-ab330cae01a7/clear HTTP/1.1
User-Agent: selenium/4.1.2 (java windows)
Content-Length: 50
Content-Type: application/json; charset=utf-8
host: localhost:61495
accept: */*

Response DefaultHttpResponse(decodeResult: success, version: HTTP/1.1)
HTTP/1.1 200 OK
Content-Type: application/json; charset=utf-8
cache-control: no-cache
content-length: 14

18:00:46.184 [AsyncHttpClient-1-5] DEBUG org.asynchttpclient.netty.channel.ChannelManager - Adding key: http://localhost:61495 for channel [id: 0xf34c3097, L:/127.0.0.1:54919 - R:localhost/127.0.0.1:61495]
18:00:46.215 [Forwarding sendKeysToElement on session b44cea346c475d8b0b139c8fa8f33f5a to remote] DEBUG org.asynchttpclient.netty.request.NettyRequestSender - Using pooled Channel '[id: 0xf34c3097, L:/127.0.0.1:54919 - R:localhost/127.0.0.1:61495]' for 'POST' to 'http://localhost:61495/session/b44cea346c475d8b0b139c8fa8f33f5a/element/545b9d84-88c7-4cf5-9192-ab330cae01a7/value'
18:00:46.215 [Forwarding sendKeysToElement on session b44cea346c475d8b0b139c8fa8f33f5a to remote] DEBUG org.asynchttpclient.netty.request.NettyRequestSender - Using open Channel [id: 0xf34c3097, L:/127.0.0.1:54919 - R:localhost/127.0.0.1:61495] for POST '/session/b44cea346c475d8b0b139c8fa8f33f5a/element/545b9d84-88c7-4cf5-9192-ab330cae01a7/value'
18:00:46.278 [AsyncHttpClient-1-5] DEBUG org.asynchttpclient.netty.handler.HttpHandler - 

Request DefaultHttpRequest(decodeResult: success, version: HTTP/1.1)
POST /session/b44cea346c475d8b0b139c8fa8f33f5a/element/545b9d84-88c7-4cf5-9192-ab330cae01a7/value HTTP/1.1
User-Agent: selenium/4.1.2 (java windows)
Content-Length: 161
Content-Type: application/json; charset=utf-8
host: localhost:61495
accept: */*

Response DefaultHttpResponse(decodeResult: success, version: HTTP/1.1)
HTTP/1.1 200 OK
Content-Type: application/json; charset=utf-8
cache-control: no-cache
content-length: 14

18:00:46.279 [AsyncHttpClient-1-5] DEBUG org.asynchttpclient.netty.channel.ChannelManager - Adding key: http://localhost:61495 for channel [id: 0xf34c3097, L:/127.0.0.1:54919 - R:localhost/127.0.0.1:61495]
18:00:46.321 [Forwarding screenshot on session b44cea346c475d8b0b139c8fa8f33f5a to remote] DEBUG org.asynchttpclient.netty.request.NettyRequestSender - Using pooled Channel '[id: 0xf34c3097, L:/127.0.0.1:54919 - R:localhost/127.0.0.1:61495]' for 'GET' to 'http://localhost:61495/session/b44cea346c475d8b0b139c8fa8f33f5a/screenshot'
18:00:46.321 [Forwarding screenshot on session b44cea346c475d8b0b139c8fa8f33f5a to remote] DEBUG org.asynchttpclient.netty.request.NettyRequestSender - Using open Channel [id: 0xf34c3097, L:/127.0.0.1:54919 - R:localhost/127.0.0.1:61495] for GET '/session/b44cea346c475d8b0b139c8fa8f33f5a/screenshot'
18:00:46.409 [AsyncHttpClient-1-1] DEBUG org.asynchttpclient.netty.channel.DefaultChannelPool - Entry count for : http://localhost:54920 : 1
18:00:46.744 [AsyncHttpClient-1-5] DEBUG org.asynchttpclient.netty.handler.HttpHandler - 

Request DefaultFullHttpRequest(decodeResult: success, version: HTTP/1.1, content: EmptyByteBufBE)
GET /session/b44cea346c475d8b0b139c8fa8f33f5a/screenshot HTTP/1.1
User-Agent: selenium/4.1.2 (java windows)
Cache-Control: no-cache
Content-Type: application/json; charset=utf-8
host: localhost:61495
accept: */*

Response DefaultHttpResponse(decodeResult: success, version: HTTP/1.1)
HTTP/1.1 200 OK
Content-Type: application/json; charset=utf-8
cache-control: no-cache
content-length: 377932

18:00:46.747 [AsyncHttpClient-1-5] DEBUG org.asynchttpclient.netty.channel.ChannelManager - Adding key: http://localhost:61495 for channel [id: 0xf34c3097, L:/127.0.0.1:54919 - R:localhost/127.0.0.1:61495]
18:00:46.777 [Test worker] DEBUG net.serenitybdd.core.photography.Darkroom - Send negative for processing for C:\Users\johan\OneDrive\Documentos\KONEX\Pruebas automatizadas\automatizacion_login_backoffice_1v\target\site\serenity\55c78c80855c613dd154a24ac8e287c96a8a1ee6e1334764b64d9ec3e9589c46.png
18:00:46.846 [Forwarding screenshot on session b44cea346c475d8b0b139c8fa8f33f5a to remote] DEBUG org.asynchttpclient.netty.request.NettyRequestSender - Using pooled Channel '[id: 0xf34c3097, L:/127.0.0.1:54919 - R:localhost/127.0.0.1:61495]' for 'GET' to 'http://localhost:61495/session/b44cea346c475d8b0b139c8fa8f33f5a/screenshot'
18:00:46.847 [Forwarding screenshot on session b44cea346c475d8b0b139c8fa8f33f5a to remote] DEBUG org.asynchttpclient.netty.request.NettyRequestSender - Using open Channel [id: 0xf34c3097, L:/127.0.0.1:54919 - R:localhost/127.0.0.1:61495] for GET '/session/b44cea346c475d8b0b139c8fa8f33f5a/screenshot'
18:00:47.272 [AsyncHttpClient-1-5] DEBUG org.asynchttpclient.netty.handler.HttpHandler - 

Request DefaultFullHttpRequest(decodeResult: success, version: HTTP/1.1, content: EmptyByteBufBE)
GET /session/b44cea346c475d8b0b139c8fa8f33f5a/screenshot HTTP/1.1
User-Agent: selenium/4.1.2 (java windows)
Cache-Control: no-cache
Content-Type: application/json; charset=utf-8
host: localhost:61495
accept: */*

Response DefaultHttpResponse(decodeResult: success, version: HTTP/1.1)
HTTP/1.1 200 OK
Content-Type: application/json; charset=utf-8
cache-control: no-cache
content-length: 377968

18:00:47.276 [AsyncHttpClient-1-5] DEBUG org.asynchttpclient.netty.channel.ChannelManager - Adding key: http://localhost:61495 for channel [id: 0xf34c3097, L:/127.0.0.1:54919 - R:localhost/127.0.0.1:61495]
18:00:47.305 [Test worker] DEBUG net.serenitybdd.core.photography.Darkroom - Send negative for processing for C:\Users\johan\OneDrive\Documentos\KONEX\Pruebas automatizadas\automatizacion_login_backoffice_1v\target\site\serenity\dc91f2bbf24bd6e150fb2a93e2e1b17bbc035b1efcb2a941e40969067bb677d9.png
18:00:47.306 [Test worker] DEBUG net.thucydides.core.steps.StepInterceptor - STEP DONE: {0} enters #theTextAsAString into #target
18:00:47.306 [Darkroom Processing Line] DEBUG net.serenitybdd.core.photography.DarkroomProcessingLine - Processing screenshot image in /var/screenshots/screenshot-8260186978303593715
18:00:47.306 [Darkroom Processing Line] DEBUG net.serenitybdd.core.photography.DarkroomProcessingLine - Saving screenshot to C:\Users\johan\OneDrive\Documentos\KONEX\Pruebas automatizadas\automatizacion_login_backoffice_1v\target\site\serenity\dc91f2bbf24bd6e150fb2a93e2e1b17bbc035b1efcb2a941e40969067bb677d9.png
18:00:47.350 [Test worker] DEBUG net.thucydides.core.steps.StepInterceptor - STARTING STEP: Ingresar.performAs - {0} enters #theTextAsAString into #target
18:00:47.377 [Test worker] DEBUG net.serenitybdd.screenplay.targets.IFrameSwitcher - default content already selected for Datos para campo contrasenna
18:00:47.469 [Forwarding findElement on session b44cea346c475d8b0b139c8fa8f33f5a to remote] DEBUG org.asynchttpclient.netty.request.NettyRequestSender - Using pooled Channel '[id: 0xf34c3097, L:/127.0.0.1:54919 - R:localhost/127.0.0.1:61495]' for 'POST' to 'http://localhost:61495/session/b44cea346c475d8b0b139c8fa8f33f5a/element'
18:00:47.469 [Forwarding findElement on session b44cea346c475d8b0b139c8fa8f33f5a to remote] DEBUG org.asynchttpclient.netty.request.NettyRequestSender - Using open Channel [id: 0xf34c3097, L:/127.0.0.1:54919 - R:localhost/127.0.0.1:61495] for POST '/session/b44cea346c475d8b0b139c8fa8f33f5a/element'
18:00:47.489 [AsyncHttpClient-1-5] DEBUG org.asynchttpclient.netty.handler.HttpHandler - 

Request DefaultHttpRequest(decodeResult: success, version: HTTP/1.1)
POST /session/b44cea346c475d8b0b139c8fa8f33f5a/element HTTP/1.1
User-Agent: selenium/4.1.2 (java windows)
Content-Length: 50
Content-Type: application/json; charset=utf-8
host: localhost:61495
accept: */*

Response DefaultHttpResponse(decodeResult: success, version: HTTP/1.1)
HTTP/1.1 200 OK
Content-Type: application/json; charset=utf-8
cache-control: no-cache
content-length: 88

18:00:47.489 [AsyncHttpClient-1-5] DEBUG org.asynchttpclient.netty.channel.ChannelManager - Adding key: http://localhost:61495 for channel [id: 0xf34c3097, L:/127.0.0.1:54919 - R:localhost/127.0.0.1:61495]
18:00:47.492 [Forwarding clearElement on session b44cea346c475d8b0b139c8fa8f33f5a to remote] DEBUG org.asynchttpclient.netty.request.NettyRequestSender - Using pooled Channel '[id: 0xf34c3097, L:/127.0.0.1:54919 - R:localhost/127.0.0.1:61495]' for 'POST' to 'http://localhost:61495/session/b44cea346c475d8b0b139c8fa8f33f5a/element/65edb374-1269-431a-900b-ac68eac62dc6/clear'
18:00:47.492 [Forwarding clearElement on session b44cea346c475d8b0b139c8fa8f33f5a to remote] DEBUG org.asynchttpclient.netty.request.NettyRequestSender - Using open Channel [id: 0xf34c3097, L:/127.0.0.1:54919 - R:localhost/127.0.0.1:61495] for POST '/session/b44cea346c475d8b0b139c8fa8f33f5a/element/65edb374-1269-431a-900b-ac68eac62dc6/clear'
18:00:47.510 [AsyncHttpClient-1-1] DEBUG org.asynchttpclient.netty.channel.DefaultChannelPool - Entry count for : http://localhost:54920 : 1
18:00:47.556 [AsyncHttpClient-1-5] DEBUG org.asynchttpclient.netty.handler.HttpHandler - 

Request DefaultHttpRequest(decodeResult: success, version: HTTP/1.1)
POST /session/b44cea346c475d8b0b139c8fa8f33f5a/element/65edb374-1269-431a-900b-ac68eac62dc6/clear HTTP/1.1
User-Agent: selenium/4.1.2 (java windows)
Content-Length: 50
Content-Type: application/json; charset=utf-8
host: localhost:61495
accept: */*

Response DefaultHttpResponse(decodeResult: success, version: HTTP/1.1)
HTTP/1.1 200 OK
Content-Type: application/json; charset=utf-8
cache-control: no-cache
content-length: 14

18:00:47.557 [AsyncHttpClient-1-5] DEBUG org.asynchttpclient.netty.channel.ChannelManager - Adding key: http://localhost:61495 for channel [id: 0xf34c3097, L:/127.0.0.1:54919 - R:localhost/127.0.0.1:61495]
18:00:47.594 [Forwarding sendKeysToElement on session b44cea346c475d8b0b139c8fa8f33f5a to remote] DEBUG org.asynchttpclient.netty.request.NettyRequestSender - Using pooled Channel '[id: 0xf34c3097, L:/127.0.0.1:54919 - R:localhost/127.0.0.1:61495]' for 'POST' to 'http://localhost:61495/session/b44cea346c475d8b0b139c8fa8f33f5a/element/65edb374-1269-431a-900b-ac68eac62dc6/value'
18:00:47.594 [Forwarding sendKeysToElement on session b44cea346c475d8b0b139c8fa8f33f5a to remote] DEBUG org.asynchttpclient.netty.request.NettyRequestSender - Using open Channel [id: 0xf34c3097, L:/127.0.0.1:54919 - R:localhost/127.0.0.1:61495] for POST '/session/b44cea346c475d8b0b139c8fa8f33f5a/element/65edb374-1269-431a-900b-ac68eac62dc6/value'
18:00:47.729 [AsyncHttpClient-1-5] DEBUG org.asynchttpclient.netty.handler.HttpHandler - 

Request DefaultHttpRequest(decodeResult: success, version: HTTP/1.1)
POST /session/b44cea346c475d8b0b139c8fa8f33f5a/element/65edb374-1269-431a-900b-ac68eac62dc6/value HTTP/1.1
User-Agent: selenium/4.1.2 (java windows)
Content-Length: 211
Content-Type: application/json; charset=utf-8
host: localhost:61495
accept: */*

Response DefaultHttpResponse(decodeResult: success, version: HTTP/1.1)
HTTP/1.1 200 OK
Content-Type: application/json; charset=utf-8
cache-control: no-cache
content-length: 14

18:00:47.730 [AsyncHttpClient-1-5] DEBUG org.asynchttpclient.netty.channel.ChannelManager - Adding key: http://localhost:61495 for channel [id: 0xf34c3097, L:/127.0.0.1:54919 - R:localhost/127.0.0.1:61495]
18:00:47.798 [Forwarding screenshot on session b44cea346c475d8b0b139c8fa8f33f5a to remote] DEBUG org.asynchttpclient.netty.request.NettyRequestSender - Using pooled Channel '[id: 0xf34c3097, L:/127.0.0.1:54919 - R:localhost/127.0.0.1:61495]' for 'GET' to 'http://localhost:61495/session/b44cea346c475d8b0b139c8fa8f33f5a/screenshot'
18:00:47.798 [Forwarding screenshot on session b44cea346c475d8b0b139c8fa8f33f5a to remote] DEBUG org.asynchttpclient.netty.request.NettyRequestSender - Using open Channel [id: 0xf34c3097, L:/127.0.0.1:54919 - R:localhost/127.0.0.1:61495] for GET '/session/b44cea346c475d8b0b139c8fa8f33f5a/screenshot'
18:00:48.557 [AsyncHttpClient-1-5] DEBUG org.asynchttpclient.netty.handler.HttpHandler - 

Request DefaultFullHttpRequest(decodeResult: success, version: HTTP/1.1, content: EmptyByteBufBE)
GET /session/b44cea346c475d8b0b139c8fa8f33f5a/screenshot HTTP/1.1
User-Agent: selenium/4.1.2 (java windows)
Cache-Control: no-cache
Content-Type: application/json; charset=utf-8
host: localhost:61495
accept: */*

Response DefaultHttpResponse(decodeResult: success, version: HTTP/1.1)
HTTP/1.1 200 OK
Content-Type: application/json; charset=utf-8
cache-control: no-cache
content-length: 375796

18:00:48.560 [AsyncHttpClient-1-5] DEBUG org.asynchttpclient.netty.channel.ChannelManager - Adding key: http://localhost:61495 for channel [id: 0xf34c3097, L:/127.0.0.1:54919 - R:localhost/127.0.0.1:61495]
18:00:48.599 [Test worker] DEBUG net.serenitybdd.core.photography.Darkroom - Send negative for processing for C:\Users\johan\OneDrive\Documentos\KONEX\Pruebas automatizadas\automatizacion_login_backoffice_1v\target\site\serenity\a7053239ca75efa79792f950880b67db395d2f22d42313bc9ea25863e2acdbc4.png
18:00:48.620 [AsyncHttpClient-1-1] DEBUG org.asynchttpclient.netty.channel.DefaultChannelPool - Entry count for : http://localhost:61495 : 1
18:00:48.620 [AsyncHttpClient-1-1] DEBUG org.asynchttpclient.netty.channel.DefaultChannelPool - Entry count for : http://localhost:54920 : 1
18:00:48.701 [Forwarding screenshot on session b44cea346c475d8b0b139c8fa8f33f5a to remote] DEBUG org.asynchttpclient.netty.request.NettyRequestSender - Using pooled Channel '[id: 0xf34c3097, L:/127.0.0.1:54919 - R:localhost/127.0.0.1:61495]' for 'GET' to 'http://localhost:61495/session/b44cea346c475d8b0b139c8fa8f33f5a/screenshot'
18:00:48.701 [Forwarding screenshot on session b44cea346c475d8b0b139c8fa8f33f5a to remote] DEBUG org.asynchttpclient.netty.request.NettyRequestSender - Using open Channel [id: 0xf34c3097, L:/127.0.0.1:54919 - R:localhost/127.0.0.1:61495] for GET '/session/b44cea346c475d8b0b139c8fa8f33f5a/screenshot'
18:00:49.197 [AsyncHttpClient-1-5] DEBUG org.asynchttpclient.netty.handler.HttpHandler - 

Request DefaultFullHttpRequest(decodeResult: success, version: HTTP/1.1, content: EmptyByteBufBE)
GET /session/b44cea346c475d8b0b139c8fa8f33f5a/screenshot HTTP/1.1
User-Agent: selenium/4.1.2 (java windows)
Cache-Control: no-cache
Content-Type: application/json; charset=utf-8
host: localhost:61495
accept: */*

Response DefaultHttpResponse(decodeResult: success, version: HTTP/1.1)
HTTP/1.1 200 OK
Content-Type: application/json; charset=utf-8
cache-control: no-cache
content-length: 375740

18:00:49.200 [AsyncHttpClient-1-5] DEBUG org.asynchttpclient.netty.channel.ChannelManager - Adding key: http://localhost:61495 for channel [id: 0xf34c3097, L:/127.0.0.1:54919 - R:localhost/127.0.0.1:61495]
18:00:49.236 [Test worker] DEBUG net.serenitybdd.core.photography.Darkroom - Send negative for processing for C:\Users\johan\OneDrive\Documentos\KONEX\Pruebas automatizadas\automatizacion_login_backoffice_1v\target\site\serenity\60b09ee1d7f59b0ec9b156053d41d4b232445f8e6a9ac4418c37c14a280d8175.png
18:00:49.238 [Darkroom Processing Line] DEBUG net.serenitybdd.core.photography.DarkroomProcessingLine - Processing screenshot image in /var/screenshots/screenshot-5119669859476106546
18:00:49.238 [Darkroom Processing Line] DEBUG net.serenitybdd.core.photography.DarkroomProcessingLine - Saving screenshot to C:\Users\johan\OneDrive\Documentos\KONEX\Pruebas automatizadas\automatizacion_login_backoffice_1v\target\site\serenity\60b09ee1d7f59b0ec9b156053d41d4b232445f8e6a9ac4418c37c14a280d8175.png
18:00:49.239 [Test worker] DEBUG net.thucydides.core.steps.StepInterceptor - STEP DONE: {0} enters #theTextAsAString into #target
18:00:49.308 [Forwarding screenshot on session b44cea346c475d8b0b139c8fa8f33f5a to remote] DEBUG org.asynchttpclient.netty.request.NettyRequestSender - Using pooled Channel '[id: 0xf34c3097, L:/127.0.0.1:54919 - R:localhost/127.0.0.1:61495]' for 'GET' to 'http://localhost:61495/session/b44cea346c475d8b0b139c8fa8f33f5a/screenshot'
18:00:49.308 [Forwarding screenshot on session b44cea346c475d8b0b139c8fa8f33f5a to remote] DEBUG org.asynchttpclient.netty.request.NettyRequestSender - Using open Channel [id: 0xf34c3097, L:/127.0.0.1:54919 - R:localhost/127.0.0.1:61495] for GET '/session/b44cea346c475d8b0b139c8fa8f33f5a/screenshot'
18:00:49.712 [AsyncHttpClient-1-1] DEBUG org.asynchttpclient.netty.channel.DefaultChannelPool - Entry count for : http://localhost:54920 : 1
18:00:49.743 [AsyncHttpClient-1-5] DEBUG org.asynchttpclient.netty.handler.HttpHandler - 

Request DefaultFullHttpRequest(decodeResult: success, version: HTTP/1.1, content: EmptyByteBufBE)
GET /session/b44cea346c475d8b0b139c8fa8f33f5a/screenshot HTTP/1.1
User-Agent: selenium/4.1.2 (java windows)
Cache-Control: no-cache
Content-Type: application/json; charset=utf-8
host: localhost:61495
accept: */*

Response DefaultHttpResponse(decodeResult: success, version: HTTP/1.1)
HTTP/1.1 200 OK
Content-Type: application/json; charset=utf-8
cache-control: no-cache
content-length: 375740

18:00:49.745 [AsyncHttpClient-1-5] DEBUG org.asynchttpclient.netty.channel.ChannelManager - Adding key: http://localhost:61495 for channel [id: 0xf34c3097, L:/127.0.0.1:54919 - R:localhost/127.0.0.1:61495]
18:00:49.774 [Test worker] DEBUG net.serenitybdd.core.photography.Darkroom - Send negative for processing for C:\Users\johan\OneDrive\Documentos\KONEX\Pruebas automatizadas\automatizacion_login_backoffice_1v\target\site\serenity\60b09ee1d7f59b0ec9b156053d41d4b232445f8e6a9ac4418c37c14a280d8175.png
18:00:49.775 [Test worker] DEBUG net.thucydides.core.steps.StepInterceptor - STARTING STEP: Ingresar.performAs - {0} clicks on #target
18:00:49.776 [Test worker] DEBUG net.serenitybdd.screenplay.targets.IFrameSwitcher - default content already selected for Verificar contrasenna
18:00:49.943 [Forwarding findElement on session b44cea346c475d8b0b139c8fa8f33f5a to remote] DEBUG org.asynchttpclient.netty.request.NettyRequestSender - Using pooled Channel '[id: 0xf34c3097, L:/127.0.0.1:54919 - R:localhost/127.0.0.1:61495]' for 'POST' to 'http://localhost:61495/session/b44cea346c475d8b0b139c8fa8f33f5a/element'
18:00:49.944 [Forwarding findElement on session b44cea346c475d8b0b139c8fa8f33f5a to remote] DEBUG org.asynchttpclient.netty.request.NettyRequestSender - Using open Channel [id: 0xf34c3097, L:/127.0.0.1:54919 - R:localhost/127.0.0.1:61495] for POST '/session/b44cea346c475d8b0b139c8fa8f33f5a/element'
18:00:49.977 [AsyncHttpClient-1-5] DEBUG org.asynchttpclient.netty.handler.HttpHandler - 

Request DefaultHttpRequest(decodeResult: success, version: HTTP/1.1)
POST /session/b44cea346c475d8b0b139c8fa8f33f5a/element HTTP/1.1
User-Agent: selenium/4.1.2 (java windows)
Content-Length: 93
Content-Type: application/json; charset=utf-8
host: localhost:61495
accept: */*

Response DefaultHttpResponse(decodeResult: success, version: HTTP/1.1)
HTTP/1.1 200 OK
Content-Type: application/json; charset=utf-8
cache-control: no-cache
content-length: 88

18:00:49.978 [AsyncHttpClient-1-5] DEBUG org.asynchttpclient.netty.channel.ChannelManager - Adding key: http://localhost:61495 for channel [id: 0xf34c3097, L:/127.0.0.1:54919 - R:localhost/127.0.0.1:61495]
18:00:50.008 [Forwarding isElementDisplayed on session b44cea346c475d8b0b139c8fa8f33f5a to remote] DEBUG org.asynchttpclient.netty.request.NettyRequestSender - Using pooled Channel '[id: 0xf34c3097, L:/127.0.0.1:54919 - R:localhost/127.0.0.1:61495]' for 'POST' to 'http://localhost:61495/session/b44cea346c475d8b0b139c8fa8f33f5a/execute/sync'
18:00:50.009 [Forwarding isElementDisplayed on session b44cea346c475d8b0b139c8fa8f33f5a to remote] DEBUG org.asynchttpclient.netty.request.NettyRequestSender - Using open Channel [id: 0xf34c3097, L:/127.0.0.1:54919 - R:localhost/127.0.0.1:61495] for POST '/session/b44cea346c475d8b0b139c8fa8f33f5a/execute/sync'
18:00:50.039 [AsyncHttpClient-1-5] DEBUG org.asynchttpclient.netty.handler.HttpHandler - 

Request DefaultHttpRequest(decodeResult: success, version: HTTP/1.1)
POST /session/b44cea346c475d8b0b139c8fa8f33f5a/execute/sync HTTP/1.1
User-Agent: selenium/4.1.2 (java windows)
Content-Length: 48780
Content-Type: application/json; charset=utf-8
host: localhost:61495
accept: */*

Response DefaultHttpResponse(decodeResult: success, version: HTTP/1.1)
HTTP/1.1 200 OK
Content-Type: application/json; charset=utf-8
cache-control: no-cache
content-length: 14

18:00:50.039 [AsyncHttpClient-1-5] DEBUG org.asynchttpclient.netty.channel.ChannelManager - Adding key: http://localhost:61495 for channel [id: 0xf34c3097, L:/127.0.0.1:54919 - R:localhost/127.0.0.1:61495]
18:00:50.124 [Forwarding findElement on session b44cea346c475d8b0b139c8fa8f33f5a to remote] DEBUG org.asynchttpclient.netty.request.NettyRequestSender - Using pooled Channel '[id: 0xf34c3097, L:/127.0.0.1:54919 - R:localhost/127.0.0.1:61495]' for 'POST' to 'http://localhost:61495/session/b44cea346c475d8b0b139c8fa8f33f5a/element'
18:00:50.124 [Forwarding findElement on session b44cea346c475d8b0b139c8fa8f33f5a to remote] DEBUG org.asynchttpclient.netty.request.NettyRequestSender - Using open Channel [id: 0xf34c3097, L:/127.0.0.1:54919 - R:localhost/127.0.0.1:61495] for POST '/session/b44cea346c475d8b0b139c8fa8f33f5a/element'
18:00:50.142 [AsyncHttpClient-1-5] DEBUG org.asynchttpclient.netty.handler.HttpHandler - 

Request DefaultHttpRequest(decodeResult: success, version: HTTP/1.1)
POST /session/b44cea346c475d8b0b139c8fa8f33f5a/element HTTP/1.1
User-Agent: selenium/4.1.2 (java windows)
Content-Length: 93
Content-Type: application/json; charset=utf-8
host: localhost:61495
accept: */*

Response DefaultHttpResponse(decodeResult: success, version: HTTP/1.1)
HTTP/1.1 200 OK
Content-Type: application/json; charset=utf-8
cache-control: no-cache
content-length: 88

18:00:50.142 [AsyncHttpClient-1-5] DEBUG org.asynchttpclient.netty.channel.ChannelManager - Adding key: http://localhost:61495 for channel [id: 0xf34c3097, L:/127.0.0.1:54919 - R:localhost/127.0.0.1:61495]
18:00:50.146 [Forwarding clickElement on session b44cea346c475d8b0b139c8fa8f33f5a to remote] DEBUG org.asynchttpclient.netty.request.NettyRequestSender - Using pooled Channel '[id: 0xf34c3097, L:/127.0.0.1:54919 - R:localhost/127.0.0.1:61495]' for 'POST' to 'http://localhost:61495/session/b44cea346c475d8b0b139c8fa8f33f5a/element/9be4e821-7bcb-4221-9713-c548f01ec0d2/click'
18:00:50.146 [Forwarding clickElement on session b44cea346c475d8b0b139c8fa8f33f5a to remote] DEBUG org.asynchttpclient.netty.request.NettyRequestSender - Using open Channel [id: 0xf34c3097, L:/127.0.0.1:54919 - R:localhost/127.0.0.1:61495] for POST '/session/b44cea346c475d8b0b139c8fa8f33f5a/element/9be4e821-7bcb-4221-9713-c548f01ec0d2/click'
18:00:50.236 [AsyncHttpClient-1-5] DEBUG org.asynchttpclient.netty.handler.HttpHandler - 

Request DefaultHttpRequest(decodeResult: success, version: HTTP/1.1)
POST /session/b44cea346c475d8b0b139c8fa8f33f5a/element/9be4e821-7bcb-4221-9713-c548f01ec0d2/click HTTP/1.1
User-Agent: selenium/4.1.2 (java windows)
Content-Length: 50
Content-Type: application/json; charset=utf-8
host: localhost:61495
accept: */*

Response DefaultHttpResponse(decodeResult: success, version: HTTP/1.1)
HTTP/1.1 200 OK
Content-Type: application/json; charset=utf-8
cache-control: no-cache
content-length: 14

18:00:50.236 [AsyncHttpClient-1-5] DEBUG org.asynchttpclient.netty.channel.ChannelManager - Adding key: http://localhost:61495 for channel [id: 0xf34c3097, L:/127.0.0.1:54919 - R:localhost/127.0.0.1:61495]
18:00:50.302 [Forwarding screenshot on session b44cea346c475d8b0b139c8fa8f33f5a to remote] DEBUG org.asynchttpclient.netty.request.NettyRequestSender - Using pooled Channel '[id: 0xf34c3097, L:/127.0.0.1:54919 - R:localhost/127.0.0.1:61495]' for 'GET' to 'http://localhost:61495/session/b44cea346c475d8b0b139c8fa8f33f5a/screenshot'
18:00:50.302 [Forwarding screenshot on session b44cea346c475d8b0b139c8fa8f33f5a to remote] DEBUG org.asynchttpclient.netty.request.NettyRequestSender - Using open Channel [id: 0xf34c3097, L:/127.0.0.1:54919 - R:localhost/127.0.0.1:61495] for GET '/session/b44cea346c475d8b0b139c8fa8f33f5a/screenshot'
18:00:50.781 [AsyncHttpClient-1-5] DEBUG org.asynchttpclient.netty.handler.HttpHandler - 

Request DefaultFullHttpRequest(decodeResult: success, version: HTTP/1.1, content: EmptyByteBufBE)
GET /session/b44cea346c475d8b0b139c8fa8f33f5a/screenshot HTTP/1.1
User-Agent: selenium/4.1.2 (java windows)
Cache-Control: no-cache
Content-Type: application/json; charset=utf-8
host: localhost:61495
accept: */*

Response DefaultHttpResponse(decodeResult: success, version: HTTP/1.1)
HTTP/1.1 200 OK
Content-Type: application/json; charset=utf-8
cache-control: no-cache
content-length: 375652

18:00:50.785 [AsyncHttpClient-1-5] DEBUG org.asynchttpclient.netty.channel.ChannelManager - Adding key: http://localhost:61495 for channel [id: 0xf34c3097, L:/127.0.0.1:54919 - R:localhost/127.0.0.1:61495]
18:00:50.810 [AsyncHttpClient-1-1] DEBUG org.asynchttpclient.netty.channel.DefaultChannelPool - Entry count for : http://localhost:61495 : 1
18:00:50.810 [AsyncHttpClient-1-1] DEBUG org.asynchttpclient.netty.channel.DefaultChannelPool - Entry count for : http://localhost:54920 : 1
18:00:50.818 [Test worker] DEBUG net.serenitybdd.core.photography.Darkroom - Send negative for processing for C:\Users\johan\OneDrive\Documentos\KONEX\Pruebas automatizadas\automatizacion_login_backoffice_1v\target\site\serenity\9c343cf268e1184e8c76aca095d6e5181bbe0d3fb6a97a576fc80fbbde0d53f1.png
18:00:50.861 [Test worker] DEBUG net.thucydides.core.steps.StepInterceptor - STEP DONE: {0} clicks on #target
18:00:50.920 [Forwarding screenshot on session b44cea346c475d8b0b139c8fa8f33f5a to remote] DEBUG org.asynchttpclient.netty.request.NettyRequestSender - Using pooled Channel '[id: 0xf34c3097, L:/127.0.0.1:54919 - R:localhost/127.0.0.1:61495]' for 'GET' to 'http://localhost:61495/session/b44cea346c475d8b0b139c8fa8f33f5a/screenshot'
18:00:50.920 [Forwarding screenshot on session b44cea346c475d8b0b139c8fa8f33f5a to remote] DEBUG org.asynchttpclient.netty.request.NettyRequestSender - Using open Channel [id: 0xf34c3097, L:/127.0.0.1:54919 - R:localhost/127.0.0.1:61495] for GET '/session/b44cea346c475d8b0b139c8fa8f33f5a/screenshot'
18:00:51.421 [AsyncHttpClient-1-5] DEBUG org.asynchttpclient.netty.handler.HttpHandler - 

Request DefaultFullHttpRequest(decodeResult: success, version: HTTP/1.1, content: EmptyByteBufBE)
GET /session/b44cea346c475d8b0b139c8fa8f33f5a/screenshot HTTP/1.1
User-Agent: selenium/4.1.2 (java windows)
Cache-Control: no-cache
Content-Type: application/json; charset=utf-8
host: localhost:61495
accept: */*

Response DefaultHttpResponse(decodeResult: success, version: HTTP/1.1)
HTTP/1.1 200 OK
Content-Type: application/json; charset=utf-8
cache-control: no-cache
content-length: 375652

18:00:51.425 [AsyncHttpClient-1-5] DEBUG org.asynchttpclient.netty.channel.ChannelManager - Adding key: http://localhost:61495 for channel [id: 0xf34c3097, L:/127.0.0.1:54919 - R:localhost/127.0.0.1:61495]
18:00:51.452 [Test worker] DEBUG net.serenitybdd.core.photography.Darkroom - Send negative for processing for C:\Users\johan\OneDrive\Documentos\KONEX\Pruebas automatizadas\automatizacion_login_backoffice_1v\target\site\serenity\9c343cf268e1184e8c76aca095d6e5181bbe0d3fb6a97a576fc80fbbde0d53f1.png
18:00:51.453 [Test worker] DEBUG net.thucydides.core.steps.StepInterceptor - STARTING STEP: Ingresar.performAs - {0} clicks on #target
18:00:51.455 [Test worker] DEBUG net.serenitybdd.screenplay.targets.IFrameSwitcher - default content already selected for Boton iniciar sesion
18:00:51.626 [Forwarding findElement on session b44cea346c475d8b0b139c8fa8f33f5a to remote] DEBUG org.asynchttpclient.netty.request.NettyRequestSender - Using pooled Channel '[id: 0xf34c3097, L:/127.0.0.1:54919 - R:localhost/127.0.0.1:61495]' for 'POST' to 'http://localhost:61495/session/b44cea346c475d8b0b139c8fa8f33f5a/element'
18:00:51.626 [Forwarding findElement on session b44cea346c475d8b0b139c8fa8f33f5a to remote] DEBUG org.asynchttpclient.netty.request.NettyRequestSender - Using open Channel [id: 0xf34c3097, L:/127.0.0.1:54919 - R:localhost/127.0.0.1:61495] for POST '/session/b44cea346c475d8b0b139c8fa8f33f5a/element'
18:00:51.650 [AsyncHttpClient-1-5] DEBUG org.asynchttpclient.netty.handler.HttpHandler - 

Request DefaultHttpRequest(decodeResult: success, version: HTTP/1.1)
POST /session/b44cea346c475d8b0b139c8fa8f33f5a/element HTTP/1.1
User-Agent: selenium/4.1.2 (java windows)
Content-Length: 89
Content-Type: application/json; charset=utf-8
host: localhost:61495
accept: */*

Response DefaultHttpResponse(decodeResult: success, version: HTTP/1.1)
HTTP/1.1 200 OK
Content-Type: application/json; charset=utf-8
cache-control: no-cache
content-length: 88

18:00:51.650 [AsyncHttpClient-1-5] DEBUG org.asynchttpclient.netty.channel.ChannelManager - Adding key: http://localhost:61495 for channel [id: 0xf34c3097, L:/127.0.0.1:54919 - R:localhost/127.0.0.1:61495]
18:00:51.686 [Forwarding isElementDisplayed on session b44cea346c475d8b0b139c8fa8f33f5a to remote] DEBUG org.asynchttpclient.netty.request.NettyRequestSender - Using pooled Channel '[id: 0xf34c3097, L:/127.0.0.1:54919 - R:localhost/127.0.0.1:61495]' for 'POST' to 'http://localhost:61495/session/b44cea346c475d8b0b139c8fa8f33f5a/execute/sync'
18:00:51.687 [Forwarding isElementDisplayed on session b44cea346c475d8b0b139c8fa8f33f5a to remote] DEBUG org.asynchttpclient.netty.request.NettyRequestSender - Using open Channel [id: 0xf34c3097, L:/127.0.0.1:54919 - R:localhost/127.0.0.1:61495] for POST '/session/b44cea346c475d8b0b139c8fa8f33f5a/execute/sync'
18:00:51.714 [AsyncHttpClient-1-5] DEBUG org.asynchttpclient.netty.handler.HttpHandler - 

Request DefaultHttpRequest(decodeResult: success, version: HTTP/1.1)
POST /session/b44cea346c475d8b0b139c8fa8f33f5a/execute/sync HTTP/1.1
User-Agent: selenium/4.1.2 (java windows)
Content-Length: 48780
Content-Type: application/json; charset=utf-8
host: localhost:61495
accept: */*

Response DefaultHttpResponse(decodeResult: success, version: HTTP/1.1)
HTTP/1.1 200 OK
Content-Type: application/json; charset=utf-8
cache-control: no-cache
content-length: 14

18:00:51.714 [AsyncHttpClient-1-5] DEBUG org.asynchttpclient.netty.channel.ChannelManager - Adding key: http://localhost:61495 for channel [id: 0xf34c3097, L:/127.0.0.1:54919 - R:localhost/127.0.0.1:61495]
18:00:51.782 [Forwarding findElement on session b44cea346c475d8b0b139c8fa8f33f5a to remote] DEBUG org.asynchttpclient.netty.request.NettyRequestSender - Using pooled Channel '[id: 0xf34c3097, L:/127.0.0.1:54919 - R:localhost/127.0.0.1:61495]' for 'POST' to 'http://localhost:61495/session/b44cea346c475d8b0b139c8fa8f33f5a/element'
18:00:51.782 [Forwarding findElement on session b44cea346c475d8b0b139c8fa8f33f5a to remote] DEBUG org.asynchttpclient.netty.request.NettyRequestSender - Using open Channel [id: 0xf34c3097, L:/127.0.0.1:54919 - R:localhost/127.0.0.1:61495] for POST '/session/b44cea346c475d8b0b139c8fa8f33f5a/element'
18:00:51.798 [AsyncHttpClient-1-5] DEBUG org.asynchttpclient.netty.handler.HttpHandler - 

Request DefaultHttpRequest(decodeResult: success, version: HTTP/1.1)
POST /session/b44cea346c475d8b0b139c8fa8f33f5a/element HTTP/1.1
User-Agent: selenium/4.1.2 (java windows)
Content-Length: 89
Content-Type: application/json; charset=utf-8
host: localhost:61495
accept: */*

Response DefaultHttpResponse(decodeResult: success, version: HTTP/1.1)
HTTP/1.1 200 OK
Content-Type: application/json; charset=utf-8
cache-control: no-cache
content-length: 88

18:00:51.798 [AsyncHttpClient-1-5] DEBUG org.asynchttpclient.netty.channel.ChannelManager - Adding key: http://localhost:61495 for channel [id: 0xf34c3097, L:/127.0.0.1:54919 - R:localhost/127.0.0.1:61495]
18:00:51.800 [Forwarding clickElement on session b44cea346c475d8b0b139c8fa8f33f5a to remote] DEBUG org.asynchttpclient.netty.request.NettyRequestSender - Using pooled Channel '[id: 0xf34c3097, L:/127.0.0.1:54919 - R:localhost/127.0.0.1:61495]' for 'POST' to 'http://localhost:61495/session/b44cea346c475d8b0b139c8fa8f33f5a/element/4934f3c8-79c5-4945-b5f1-37042df8c658/click'
18:00:51.800 [Forwarding clickElement on session b44cea346c475d8b0b139c8fa8f33f5a to remote] DEBUG org.asynchttpclient.netty.request.NettyRequestSender - Using open Channel [id: 0xf34c3097, L:/127.0.0.1:54919 - R:localhost/127.0.0.1:61495] for POST '/session/b44cea346c475d8b0b139c8fa8f33f5a/element/4934f3c8-79c5-4945-b5f1-37042df8c658/click'
18:00:51.880 [AsyncHttpClient-1-5] DEBUG org.asynchttpclient.netty.handler.HttpHandler - 

Request DefaultHttpRequest(decodeResult: success, version: HTTP/1.1)
POST /session/b44cea346c475d8b0b139c8fa8f33f5a/element/4934f3c8-79c5-4945-b5f1-37042df8c658/click HTTP/1.1
User-Agent: selenium/4.1.2 (java windows)
Content-Length: 50
Content-Type: application/json; charset=utf-8
host: localhost:61495
accept: */*

Response DefaultHttpResponse(decodeResult: success, version: HTTP/1.1)
HTTP/1.1 200 OK
Content-Type: application/json; charset=utf-8
cache-control: no-cache
content-length: 14

18:00:51.880 [AsyncHttpClient-1-5] DEBUG org.asynchttpclient.netty.channel.ChannelManager - Adding key: http://localhost:61495 for channel [id: 0xf34c3097, L:/127.0.0.1:54919 - R:localhost/127.0.0.1:61495]
18:00:51.913 [AsyncHttpClient-1-1] DEBUG org.asynchttpclient.netty.channel.DefaultChannelPool - Entry count for : http://localhost:61495 : 1
18:00:51.913 [AsyncHttpClient-1-1] DEBUG org.asynchttpclient.netty.channel.DefaultChannelPool - Entry count for : http://localhost:54920 : 1
18:00:51.924 [Forwarding screenshot on session b44cea346c475d8b0b139c8fa8f33f5a to remote] DEBUG org.asynchttpclient.netty.request.NettyRequestSender - Using pooled Channel '[id: 0xf34c3097, L:/127.0.0.1:54919 - R:localhost/127.0.0.1:61495]' for 'GET' to 'http://localhost:61495/session/b44cea346c475d8b0b139c8fa8f33f5a/screenshot'
18:00:51.925 [Forwarding screenshot on session b44cea346c475d8b0b139c8fa8f33f5a to remote] DEBUG org.asynchttpclient.netty.request.NettyRequestSender - Using open Channel [id: 0xf34c3097, L:/127.0.0.1:54919 - R:localhost/127.0.0.1:61495] for GET '/session/b44cea346c475d8b0b139c8fa8f33f5a/screenshot'
18:00:52.446 [AsyncHttpClient-1-5] DEBUG org.asynchttpclient.netty.handler.HttpHandler - 

Request DefaultFullHttpRequest(decodeResult: success, version: HTTP/1.1, content: EmptyByteBufBE)
GET /session/b44cea346c475d8b0b139c8fa8f33f5a/screenshot HTTP/1.1
User-Agent: selenium/4.1.2 (java windows)
Cache-Control: no-cache
Content-Type: application/json; charset=utf-8
host: localhost:61495
accept: */*

Response DefaultHttpResponse(decodeResult: success, version: HTTP/1.1)
HTTP/1.1 200 OK
Content-Type: application/json; charset=utf-8
cache-control: no-cache
content-length: 355504

18:00:52.450 [AsyncHttpClient-1-5] DEBUG org.asynchttpclient.netty.channel.ChannelManager - Adding key: http://localhost:61495 for channel [id: 0xf34c3097, L:/127.0.0.1:54919 - R:localhost/127.0.0.1:61495]
18:00:52.488 [Test worker] DEBUG net.serenitybdd.core.photography.Darkroom - Send negative for processing for C:\Users\johan\OneDrive\Documentos\KONEX\Pruebas automatizadas\automatizacion_login_backoffice_1v\target\site\serenity\cc91c020e45b44b73da0f7363e15d4554f6144e5294618ef714c1b81da4c5792.png
18:00:52.490 [Darkroom Processing Line] DEBUG net.serenitybdd.core.photography.DarkroomProcessingLine - Processing screenshot image in /var/screenshots/screenshot-2596190115988873283
18:00:52.490 [Darkroom Processing Line] DEBUG net.serenitybdd.core.photography.DarkroomProcessingLine - Saving screenshot to C:\Users\johan\OneDrive\Documentos\KONEX\Pruebas automatizadas\automatizacion_login_backoffice_1v\target\site\serenity\cc91c020e45b44b73da0f7363e15d4554f6144e5294618ef714c1b81da4c5792.png
18:00:52.543 [Forwarding screenshot on session b44cea346c475d8b0b139c8fa8f33f5a to remote] DEBUG org.asynchttpclient.netty.request.NettyRequestSender - Using pooled Channel '[id: 0xf34c3097, L:/127.0.0.1:54919 - R:localhost/127.0.0.1:61495]' for 'GET' to 'http://localhost:61495/session/b44cea346c475d8b0b139c8fa8f33f5a/screenshot'
18:00:52.543 [Forwarding screenshot on session b44cea346c475d8b0b139c8fa8f33f5a to remote] DEBUG org.asynchttpclient.netty.request.NettyRequestSender - Using open Channel [id: 0xf34c3097, L:/127.0.0.1:54919 - R:localhost/127.0.0.1:61495] for GET '/session/b44cea346c475d8b0b139c8fa8f33f5a/screenshot'
18:00:53.012 [AsyncHttpClient-1-1] DEBUG org.asynchttpclient.netty.channel.DefaultChannelPool - Entry count for : http://localhost:54920 : 1
18:00:53.059 [AsyncHttpClient-1-5] DEBUG org.asynchttpclient.netty.handler.HttpHandler - 

Request DefaultFullHttpRequest(decodeResult: success, version: HTTP/1.1, content: EmptyByteBufBE)
GET /session/b44cea346c475d8b0b139c8fa8f33f5a/screenshot HTTP/1.1
User-Agent: selenium/4.1.2 (java windows)
Cache-Control: no-cache
Content-Type: application/json; charset=utf-8
host: localhost:61495
accept: */*

Response DefaultHttpResponse(decodeResult: success, version: HTTP/1.1)
HTTP/1.1 200 OK
Content-Type: application/json; charset=utf-8
cache-control: no-cache
content-length: 355372

18:00:53.061 [AsyncHttpClient-1-5] DEBUG org.asynchttpclient.netty.channel.ChannelManager - Adding key: http://localhost:61495 for channel [id: 0xf34c3097, L:/127.0.0.1:54919 - R:localhost/127.0.0.1:61495]
18:00:53.089 [Test worker] DEBUG net.serenitybdd.core.photography.Darkroom - Send negative for processing for C:\Users\johan\OneDrive\Documentos\KONEX\Pruebas automatizadas\automatizacion_login_backoffice_1v\target\site\serenity\25aff80bf282c696f0258949bfad0516935d43984e22b05f2d54b3bdfc10ac18.png
18:00:53.090 [Test worker] DEBUG net.thucydides.core.steps.StepInterceptor - STEP DONE: {0} clicks on #target
18:00:53.090 [Darkroom Processing Line] DEBUG net.serenitybdd.core.photography.DarkroomProcessingLine - Processing screenshot image in /var/screenshots/screenshot-9045830806550829211
18:00:53.091 [Darkroom Processing Line] DEBUG net.serenitybdd.core.photography.DarkroomProcessingLine - Saving screenshot to C:\Users\johan\OneDrive\Documentos\KONEX\Pruebas automatizadas\automatizacion_login_backoffice_1v\target\site\serenity\25aff80bf282c696f0258949bfad0516935d43984e22b05f2d54b3bdfc10ac18.png
18:00:53.134 [Test worker] DEBUG net.thucydides.core.steps.StepInterceptor - STARTING STEP: Ingresar.performAs - {0} clicks on #target
18:00:53.135 [Test worker] DEBUG net.serenitybdd.screenplay.targets.IFrameSwitcher - default content already selected for Opcion empresa
18:00:53.331 [Forwarding findElement on session b44cea346c475d8b0b139c8fa8f33f5a to remote] DEBUG org.asynchttpclient.netty.request.NettyRequestSender - Using pooled Channel '[id: 0xf34c3097, L:/127.0.0.1:54919 - R:localhost/127.0.0.1:61495]' for 'POST' to 'http://localhost:61495/session/b44cea346c475d8b0b139c8fa8f33f5a/element'
18:00:53.331 [Forwarding findElement on session b44cea346c475d8b0b139c8fa8f33f5a to remote] DEBUG org.asynchttpclient.netty.request.NettyRequestSender - Using open Channel [id: 0xf34c3097, L:/127.0.0.1:54919 - R:localhost/127.0.0.1:61495] for POST '/session/b44cea346c475d8b0b139c8fa8f33f5a/element'
18:00:53.363 [AsyncHttpClient-1-5] DEBUG org.asynchttpclient.netty.handler.HttpHandler - 

Request DefaultHttpRequest(decodeResult: success, version: HTTP/1.1)
POST /session/b44cea346c475d8b0b139c8fa8f33f5a/element HTTP/1.1
User-Agent: selenium/4.1.2 (java windows)
Content-Length: 78
Content-Type: application/json; charset=utf-8
host: localhost:61495
accept: */*

Response DefaultHttpResponse(decodeResult: success, version: HTTP/1.1)
HTTP/1.1 200 OK
Content-Type: application/json; charset=utf-8
cache-control: no-cache
content-length: 88

18:00:53.363 [AsyncHttpClient-1-5] DEBUG org.asynchttpclient.netty.channel.ChannelManager - Adding key: http://localhost:61495 for channel [id: 0xf34c3097, L:/127.0.0.1:54919 - R:localhost/127.0.0.1:61495]
18:00:53.423 [Forwarding isElementDisplayed on session b44cea346c475d8b0b139c8fa8f33f5a to remote] DEBUG org.asynchttpclient.netty.request.NettyRequestSender - Using pooled Channel '[id: 0xf34c3097, L:/127.0.0.1:54919 - R:localhost/127.0.0.1:61495]' for 'POST' to 'http://localhost:61495/session/b44cea346c475d8b0b139c8fa8f33f5a/execute/sync'
18:00:53.424 [Forwarding isElementDisplayed on session b44cea346c475d8b0b139c8fa8f33f5a to remote] DEBUG org.asynchttpclient.netty.request.NettyRequestSender - Using open Channel [id: 0xf34c3097, L:/127.0.0.1:54919 - R:localhost/127.0.0.1:61495] for POST '/session/b44cea346c475d8b0b139c8fa8f33f5a/execute/sync'
18:00:53.449 [AsyncHttpClient-1-5] DEBUG org.asynchttpclient.netty.handler.HttpHandler - 

Request DefaultHttpRequest(decodeResult: success, version: HTTP/1.1)
POST /session/b44cea346c475d8b0b139c8fa8f33f5a/execute/sync HTTP/1.1
User-Agent: selenium/4.1.2 (java windows)
Content-Length: 48780
Content-Type: application/json; charset=utf-8
host: localhost:61495
accept: */*

Response DefaultHttpResponse(decodeResult: success, version: HTTP/1.1)
HTTP/1.1 200 OK
Content-Type: application/json; charset=utf-8
cache-control: no-cache
content-length: 14

18:00:53.449 [AsyncHttpClient-1-5] DEBUG org.asynchttpclient.netty.channel.ChannelManager - Adding key: http://localhost:61495 for channel [id: 0xf34c3097, L:/127.0.0.1:54919 - R:localhost/127.0.0.1:61495]
18:00:53.493 [Forwarding findElement on session b44cea346c475d8b0b139c8fa8f33f5a to remote] DEBUG org.asynchttpclient.netty.request.NettyRequestSender - Using pooled Channel '[id: 0xf34c3097, L:/127.0.0.1:54919 - R:localhost/127.0.0.1:61495]' for 'POST' to 'http://localhost:61495/session/b44cea346c475d8b0b139c8fa8f33f5a/element'
18:00:53.493 [Forwarding findElement on session b44cea346c475d8b0b139c8fa8f33f5a to remote] DEBUG org.asynchttpclient.netty.request.NettyRequestSender - Using open Channel [id: 0xf34c3097, L:/127.0.0.1:54919 - R:localhost/127.0.0.1:61495] for POST '/session/b44cea346c475d8b0b139c8fa8f33f5a/element'
18:00:53.505 [AsyncHttpClient-1-5] DEBUG org.asynchttpclient.netty.handler.HttpHandler - 

Request DefaultHttpRequest(decodeResult: success, version: HTTP/1.1)
POST /session/b44cea346c475d8b0b139c8fa8f33f5a/element HTTP/1.1
User-Agent: selenium/4.1.2 (java windows)
Content-Length: 78
Content-Type: application/json; charset=utf-8
host: localhost:61495
accept: */*

Response DefaultHttpResponse(decodeResult: success, version: HTTP/1.1)
HTTP/1.1 200 OK
Content-Type: application/json; charset=utf-8
cache-control: no-cache
content-length: 88

18:00:53.506 [AsyncHttpClient-1-5] DEBUG org.asynchttpclient.netty.channel.ChannelManager - Adding key: http://localhost:61495 for channel [id: 0xf34c3097, L:/127.0.0.1:54919 - R:localhost/127.0.0.1:61495]
18:00:53.508 [Forwarding clickElement on session b44cea346c475d8b0b139c8fa8f33f5a to remote] DEBUG org.asynchttpclient.netty.request.NettyRequestSender - Using pooled Channel '[id: 0xf34c3097, L:/127.0.0.1:54919 - R:localhost/127.0.0.1:61495]' for 'POST' to 'http://localhost:61495/session/b44cea346c475d8b0b139c8fa8f33f5a/element/e2004a44-d977-4f70-847d-7ed4c3ee1618/click'
18:00:53.508 [Forwarding clickElement on session b44cea346c475d8b0b139c8fa8f33f5a to remote] DEBUG org.asynchttpclient.netty.request.NettyRequestSender - Using open Channel [id: 0xf34c3097, L:/127.0.0.1:54919 - R:localhost/127.0.0.1:61495] for POST '/session/b44cea346c475d8b0b139c8fa8f33f5a/element/e2004a44-d977-4f70-847d-7ed4c3ee1618/click'
18:00:53.589 [AsyncHttpClient-1-5] DEBUG org.asynchttpclient.netty.handler.HttpHandler - 

Request DefaultHttpRequest(decodeResult: success, version: HTTP/1.1)
POST /session/b44cea346c475d8b0b139c8fa8f33f5a/element/e2004a44-d977-4f70-847d-7ed4c3ee1618/click HTTP/1.1
User-Agent: selenium/4.1.2 (java windows)
Content-Length: 50
Content-Type: application/json; charset=utf-8
host: localhost:61495
accept: */*

Response DefaultHttpResponse(decodeResult: success, version: HTTP/1.1)
HTTP/1.1 200 OK
Content-Type: application/json; charset=utf-8
cache-control: no-cache
content-length: 14

18:00:53.590 [AsyncHttpClient-1-5] DEBUG org.asynchttpclient.netty.channel.ChannelManager - Adding key: http://localhost:61495 for channel [id: 0xf34c3097, L:/127.0.0.1:54919 - R:localhost/127.0.0.1:61495]
18:00:53.638 [Forwarding screenshot on session b44cea346c475d8b0b139c8fa8f33f5a to remote] DEBUG org.asynchttpclient.netty.request.NettyRequestSender - Using pooled Channel '[id: 0xf34c3097, L:/127.0.0.1:54919 - R:localhost/127.0.0.1:61495]' for 'GET' to 'http://localhost:61495/session/b44cea346c475d8b0b139c8fa8f33f5a/screenshot'
18:00:53.639 [Forwarding screenshot on session b44cea346c475d8b0b139c8fa8f33f5a to remote] DEBUG org.asynchttpclient.netty.request.NettyRequestSender - Using open Channel [id: 0xf34c3097, L:/127.0.0.1:54919 - R:localhost/127.0.0.1:61495] for GET '/session/b44cea346c475d8b0b139c8fa8f33f5a/screenshot'
18:00:54.102 [AsyncHttpClient-1-5] DEBUG org.asynchttpclient.netty.handler.HttpHandler - 

Request DefaultFullHttpRequest(decodeResult: success, version: HTTP/1.1, content: EmptyByteBufBE)
GET /session/b44cea346c475d8b0b139c8fa8f33f5a/screenshot HTTP/1.1
User-Agent: selenium/4.1.2 (java windows)
Cache-Control: no-cache
Content-Type: application/json; charset=utf-8
host: localhost:61495
accept: */*

Response DefaultHttpResponse(decodeResult: success, version: HTTP/1.1)
HTTP/1.1 200 OK
Content-Type: application/json; charset=utf-8
cache-control: no-cache
content-length: 357732

18:00:54.104 [AsyncHttpClient-1-5] DEBUG org.asynchttpclient.netty.channel.ChannelManager - Adding key: http://localhost:61495 for channel [id: 0xf34c3097, L:/127.0.0.1:54919 - R:localhost/127.0.0.1:61495]
18:00:54.114 [AsyncHttpClient-1-1] DEBUG org.asynchttpclient.netty.channel.DefaultChannelPool - Entry count for : http://localhost:61495 : 1
18:00:54.114 [AsyncHttpClient-1-1] DEBUG org.asynchttpclient.netty.channel.DefaultChannelPool - Entry count for : http://localhost:54920 : 1
18:00:54.129 [Test worker] DEBUG net.serenitybdd.core.photography.Darkroom - Send negative for processing for C:\Users\johan\OneDrive\Documentos\KONEX\Pruebas automatizadas\automatizacion_login_backoffice_1v\target\site\serenity\4c24ce582ebd963de7d1dc3e5e9f2e6179616c4c1e27fe165b71fb872f1cb89c.png
18:00:54.171 [Test worker] DEBUG net.thucydides.core.steps.StepInterceptor - STEP DONE: {0} clicks on #target
18:00:54.207 [Forwarding screenshot on session b44cea346c475d8b0b139c8fa8f33f5a to remote] DEBUG org.asynchttpclient.netty.request.NettyRequestSender - Using pooled Channel '[id: 0xf34c3097, L:/127.0.0.1:54919 - R:localhost/127.0.0.1:61495]' for 'GET' to 'http://localhost:61495/session/b44cea346c475d8b0b139c8fa8f33f5a/screenshot'
18:00:54.207 [Forwarding screenshot on session b44cea346c475d8b0b139c8fa8f33f5a to remote] DEBUG org.asynchttpclient.netty.request.NettyRequestSender - Using open Channel [id: 0xf34c3097, L:/127.0.0.1:54919 - R:localhost/127.0.0.1:61495] for GET '/session/b44cea346c475d8b0b139c8fa8f33f5a/screenshot'
18:00:54.605 [AsyncHttpClient-1-5] DEBUG org.asynchttpclient.netty.handler.HttpHandler - 

Request DefaultFullHttpRequest(decodeResult: success, version: HTTP/1.1, content: EmptyByteBufBE)
GET /session/b44cea346c475d8b0b139c8fa8f33f5a/screenshot HTTP/1.1
User-Agent: selenium/4.1.2 (java windows)
Cache-Control: no-cache
Content-Type: application/json; charset=utf-8
host: localhost:61495
accept: */*

Response DefaultHttpResponse(decodeResult: success, version: HTTP/1.1)
HTTP/1.1 200 OK
Content-Type: application/json; charset=utf-8
cache-control: no-cache
content-length: 357732

18:00:54.607 [AsyncHttpClient-1-5] DEBUG org.asynchttpclient.netty.channel.ChannelManager - Adding key: http://localhost:61495 for channel [id: 0xf34c3097, L:/127.0.0.1:54919 - R:localhost/127.0.0.1:61495]
18:00:54.641 [Test worker] DEBUG net.serenitybdd.core.photography.Darkroom - Send negative for processing for C:\Users\johan\OneDrive\Documentos\KONEX\Pruebas automatizadas\automatizacion_login_backoffice_1v\target\site\serenity\4c24ce582ebd963de7d1dc3e5e9f2e6179616c4c1e27fe165b71fb872f1cb89c.png
18:00:54.642 [Test worker] DEBUG net.thucydides.core.steps.StepInterceptor - STARTING STEP: Ingresar.performAs - {0} clicks on #target
18:00:54.643 [Test worker] DEBUG net.serenitybdd.screenplay.targets.IFrameSwitcher - default content already selected for Boton Aceptar
18:00:54.794 [Forwarding findElement on session b44cea346c475d8b0b139c8fa8f33f5a to remote] DEBUG org.asynchttpclient.netty.request.NettyRequestSender - Using pooled Channel '[id: 0xf34c3097, L:/127.0.0.1:54919 - R:localhost/127.0.0.1:61495]' for 'POST' to 'http://localhost:61495/session/b44cea346c475d8b0b139c8fa8f33f5a/element'
18:00:54.794 [Forwarding findElement on session b44cea346c475d8b0b139c8fa8f33f5a to remote] DEBUG org.asynchttpclient.netty.request.NettyRequestSender - Using open Channel [id: 0xf34c3097, L:/127.0.0.1:54919 - R:localhost/127.0.0.1:61495] for POST '/session/b44cea346c475d8b0b139c8fa8f33f5a/element'
18:00:54.814 [AsyncHttpClient-1-5] DEBUG org.asynchttpclient.netty.handler.HttpHandler - 

Request DefaultHttpRequest(decodeResult: success, version: HTTP/1.1)
POST /session/b44cea346c475d8b0b139c8fa8f33f5a/element HTTP/1.1
User-Agent: selenium/4.1.2 (java windows)
Content-Length: 89
Content-Type: application/json; charset=utf-8
host: localhost:61495
accept: */*

Response DefaultHttpResponse(decodeResult: success, version: HTTP/1.1)
HTTP/1.1 200 OK
Content-Type: application/json; charset=utf-8
cache-control: no-cache
content-length: 88

18:00:54.814 [AsyncHttpClient-1-5] DEBUG org.asynchttpclient.netty.channel.ChannelManager - Adding key: http://localhost:61495 for channel [id: 0xf34c3097, L:/127.0.0.1:54919 - R:localhost/127.0.0.1:61495]
18:00:54.845 [Forwarding isElementDisplayed on session b44cea346c475d8b0b139c8fa8f33f5a to remote] DEBUG org.asynchttpclient.netty.request.NettyRequestSender - Using pooled Channel '[id: 0xf34c3097, L:/127.0.0.1:54919 - R:localhost/127.0.0.1:61495]' for 'POST' to 'http://localhost:61495/session/b44cea346c475d8b0b139c8fa8f33f5a/execute/sync'
18:00:54.846 [Forwarding isElementDisplayed on session b44cea346c475d8b0b139c8fa8f33f5a to remote] DEBUG org.asynchttpclient.netty.request.NettyRequestSender - Using open Channel [id: 0xf34c3097, L:/127.0.0.1:54919 - R:localhost/127.0.0.1:61495] for POST '/session/b44cea346c475d8b0b139c8fa8f33f5a/execute/sync'
18:00:54.867 [AsyncHttpClient-1-5] DEBUG org.asynchttpclient.netty.handler.HttpHandler - 

Request DefaultHttpRequest(decodeResult: success, version: HTTP/1.1)
POST /session/b44cea346c475d8b0b139c8fa8f33f5a/execute/sync HTTP/1.1
User-Agent: selenium/4.1.2 (java windows)
Content-Length: 48780
Content-Type: application/json; charset=utf-8
host: localhost:61495
accept: */*

Response DefaultHttpResponse(decodeResult: success, version: HTTP/1.1)
HTTP/1.1 200 OK
Content-Type: application/json; charset=utf-8
cache-control: no-cache
content-length: 14

18:00:54.867 [AsyncHttpClient-1-5] DEBUG org.asynchttpclient.netty.channel.ChannelManager - Adding key: http://localhost:61495 for channel [id: 0xf34c3097, L:/127.0.0.1:54919 - R:localhost/127.0.0.1:61495]
18:00:54.934 [Forwarding findElement on session b44cea346c475d8b0b139c8fa8f33f5a to remote] DEBUG org.asynchttpclient.netty.request.NettyRequestSender - Using pooled Channel '[id: 0xf34c3097, L:/127.0.0.1:54919 - R:localhost/127.0.0.1:61495]' for 'POST' to 'http://localhost:61495/session/b44cea346c475d8b0b139c8fa8f33f5a/element'
18:00:54.934 [Forwarding findElement on session b44cea346c475d8b0b139c8fa8f33f5a to remote] DEBUG org.asynchttpclient.netty.request.NettyRequestSender - Using open Channel [id: 0xf34c3097, L:/127.0.0.1:54919 - R:localhost/127.0.0.1:61495] for POST '/session/b44cea346c475d8b0b139c8fa8f33f5a/element'
18:00:54.948 [AsyncHttpClient-1-5] DEBUG org.asynchttpclient.netty.handler.HttpHandler - 

Request DefaultHttpRequest(decodeResult: success, version: HTTP/1.1)
POST /session/b44cea346c475d8b0b139c8fa8f33f5a/element HTTP/1.1
User-Agent: selenium/4.1.2 (java windows)
Content-Length: 89
Content-Type: application/json; charset=utf-8
host: localhost:61495
accept: */*

Response DefaultHttpResponse(decodeResult: success, version: HTTP/1.1)
HTTP/1.1 200 OK
Content-Type: application/json; charset=utf-8
cache-control: no-cache
content-length: 88

18:00:54.948 [AsyncHttpClient-1-5] DEBUG org.asynchttpclient.netty.channel.ChannelManager - Adding key: http://localhost:61495 for channel [id: 0xf34c3097, L:/127.0.0.1:54919 - R:localhost/127.0.0.1:61495]
18:00:54.951 [Forwarding clickElement on session b44cea346c475d8b0b139c8fa8f33f5a to remote] DEBUG org.asynchttpclient.netty.request.NettyRequestSender - Using pooled Channel '[id: 0xf34c3097, L:/127.0.0.1:54919 - R:localhost/127.0.0.1:61495]' for 'POST' to 'http://localhost:61495/session/b44cea346c475d8b0b139c8fa8f33f5a/element/6e467c21-0ae5-4c23-b939-fa373eb4e15d/click'
18:00:54.951 [Forwarding clickElement on session b44cea346c475d8b0b139c8fa8f33f5a to remote] DEBUG org.asynchttpclient.netty.request.NettyRequestSender - Using open Channel [id: 0xf34c3097, L:/127.0.0.1:54919 - R:localhost/127.0.0.1:61495] for POST '/session/b44cea346c475d8b0b139c8fa8f33f5a/element/6e467c21-0ae5-4c23-b939-fa373eb4e15d/click'
18:00:55.209 [AsyncHttpClient-1-1] DEBUG org.asynchttpclient.netty.channel.DefaultChannelPool - Entry count for : http://localhost:54920 : 1
18:00:55.266 [AsyncHttpClient-1-5] DEBUG org.asynchttpclient.netty.handler.HttpHandler - 

Request DefaultHttpRequest(decodeResult: success, version: HTTP/1.1)
POST /session/b44cea346c475d8b0b139c8fa8f33f5a/element/6e467c21-0ae5-4c23-b939-fa373eb4e15d/click HTTP/1.1
User-Agent: selenium/4.1.2 (java windows)
Content-Length: 50
Content-Type: application/json; charset=utf-8
host: localhost:61495
accept: */*

Response DefaultHttpResponse(decodeResult: success, version: HTTP/1.1)
HTTP/1.1 200 OK
Content-Type: application/json; charset=utf-8
cache-control: no-cache
content-length: 14

18:00:55.266 [AsyncHttpClient-1-5] DEBUG org.asynchttpclient.netty.channel.ChannelManager - Adding key: http://localhost:61495 for channel [id: 0xf34c3097, L:/127.0.0.1:54919 - R:localhost/127.0.0.1:61495]
18:00:55.345 [Forwarding screenshot on session b44cea346c475d8b0b139c8fa8f33f5a to remote] DEBUG org.asynchttpclient.netty.request.NettyRequestSender - Using pooled Channel '[id: 0xf34c3097, L:/127.0.0.1:54919 - R:localhost/127.0.0.1:61495]' for 'GET' to 'http://localhost:61495/session/b44cea346c475d8b0b139c8fa8f33f5a/screenshot'
18:00:55.345 [Forwarding screenshot on session b44cea346c475d8b0b139c8fa8f33f5a to remote] DEBUG org.asynchttpclient.netty.request.NettyRequestSender - Using open Channel [id: 0xf34c3097, L:/127.0.0.1:54919 - R:localhost/127.0.0.1:61495] for GET '/session/b44cea346c475d8b0b139c8fa8f33f5a/screenshot'
18:00:55.652 [AsyncHttpClient-1-5] DEBUG org.asynchttpclient.netty.handler.HttpHandler - 

Request DefaultFullHttpRequest(decodeResult: success, version: HTTP/1.1, content: EmptyByteBufBE)
GET /session/b44cea346c475d8b0b139c8fa8f33f5a/screenshot HTTP/1.1
User-Agent: selenium/4.1.2 (java windows)
Cache-Control: no-cache
Content-Type: application/json; charset=utf-8
host: localhost:61495
accept: */*

Response DefaultHttpResponse(decodeResult: success, version: HTTP/1.1)
HTTP/1.1 200 OK
Content-Type: application/json; charset=utf-8
cache-control: no-cache
content-length: 92512

18:00:55.653 [AsyncHttpClient-1-5] DEBUG org.asynchttpclient.netty.channel.ChannelManager - Adding key: http://localhost:61495 for channel [id: 0xf34c3097, L:/127.0.0.1:54919 - R:localhost/127.0.0.1:61495]
18:00:55.663 [Test worker] DEBUG net.serenitybdd.core.photography.Darkroom - Send negative for processing for C:\Users\johan\OneDrive\Documentos\KONEX\Pruebas automatizadas\automatizacion_login_backoffice_1v\target\site\serenity\2ff721a89c1d1d4120c8c5cb91cc12568da03b0b5cba0e3db22924f2388af801.png
18:00:55.664 [Darkroom Processing Line] DEBUG net.serenitybdd.core.photography.DarkroomProcessingLine - Processing screenshot image in /var/screenshots/screenshot-6754272147813730318
18:00:55.664 [Darkroom Processing Line] DEBUG net.serenitybdd.core.photography.DarkroomProcessingLine - Saving screenshot to C:\Users\johan\OneDrive\Documentos\KONEX\Pruebas automatizadas\automatizacion_login_backoffice_1v\target\site\serenity\2ff721a89c1d1d4120c8c5cb91cc12568da03b0b5cba0e3db22924f2388af801.png
18:00:55.707 [Test worker] DEBUG net.thucydides.core.steps.StepInterceptor - STEP DONE: {0} clicks on #target
18:00:55.764 [Forwarding screenshot on session b44cea346c475d8b0b139c8fa8f33f5a to remote] DEBUG org.asynchttpclient.netty.request.NettyRequestSender - Using pooled Channel '[id: 0xf34c3097, L:/127.0.0.1:54919 - R:localhost/127.0.0.1:61495]' for 'GET' to 'http://localhost:61495/session/b44cea346c475d8b0b139c8fa8f33f5a/screenshot'
18:00:55.764 [Forwarding screenshot on session b44cea346c475d8b0b139c8fa8f33f5a to remote] DEBUG org.asynchttpclient.netty.request.NettyRequestSender - Using open Channel [id: 0xf34c3097, L:/127.0.0.1:54919 - R:localhost/127.0.0.1:61495] for GET '/session/b44cea346c475d8b0b139c8fa8f33f5a/screenshot'
18:00:55.925 [AsyncHttpClient-1-5] DEBUG org.asynchttpclient.netty.handler.HttpHandler - 

Request DefaultFullHttpRequest(decodeResult: success, version: HTTP/1.1, content: EmptyByteBufBE)
GET /session/b44cea346c475d8b0b139c8fa8f33f5a/screenshot HTTP/1.1
User-Agent: selenium/4.1.2 (java windows)
Cache-Control: no-cache
Content-Type: application/json; charset=utf-8
host: localhost:61495
accept: */*

Response DefaultHttpResponse(decodeResult: success, version: HTTP/1.1)
HTTP/1.1 200 OK
Content-Type: application/json; charset=utf-8
cache-control: no-cache
content-length: 95196

18:00:55.926 [AsyncHttpClient-1-5] DEBUG org.asynchttpclient.netty.channel.ChannelManager - Adding key: http://localhost:61495 for channel [id: 0xf34c3097, L:/127.0.0.1:54919 - R:localhost/127.0.0.1:61495]
18:00:55.936 [Test worker] DEBUG net.serenitybdd.core.photography.Darkroom - Send negative for processing for C:\Users\johan\OneDrive\Documentos\KONEX\Pruebas automatizadas\automatizacion_login_backoffice_1v\target\site\serenity\b44c5aa296143a03850447b7fc79544201f14c8b37665e30a9edcfb5d2316d1b.png
18:00:55.936 [Test worker] DEBUG net.thucydides.core.steps.StepInterceptor - STEP DONE: performAs
18:00:55.936 [Darkroom Processing Line] DEBUG net.serenitybdd.core.photography.DarkroomProcessingLine - Processing screenshot image in /var/screenshots/screenshot-3732211090243654895
18:00:55.936 [Darkroom Processing Line] DEBUG net.serenitybdd.core.photography.DarkroomProcessingLine - Saving screenshot to C:\Users\johan\OneDrive\Documentos\KONEX\Pruebas automatizadas\automatizacion_login_backoffice_1v\target\site\serenity\b44c5aa296143a03850447b7fc79544201f14c8b37665e30a9edcfb5d2316d1b.png
18:00:56.012 [Forwarding screenshot on session b44cea346c475d8b0b139c8fa8f33f5a to remote] DEBUG org.asynchttpclient.netty.request.NettyRequestSender - Using pooled Channel '[id: 0xf34c3097, L:/127.0.0.1:54919 - R:localhost/127.0.0.1:61495]' for 'GET' to 'http://localhost:61495/session/b44cea346c475d8b0b139c8fa8f33f5a/screenshot'
18:00:56.012 [Forwarding screenshot on session b44cea346c475d8b0b139c8fa8f33f5a to remote] DEBUG org.asynchttpclient.netty.request.NettyRequestSender - Using open Channel [id: 0xf34c3097, L:/127.0.0.1:54919 - R:localhost/127.0.0.1:61495] for GET '/session/b44cea346c475d8b0b139c8fa8f33f5a/screenshot'
18:00:56.172 [AsyncHttpClient-1-5] DEBUG org.asynchttpclient.netty.handler.HttpHandler - 

Request DefaultFullHttpRequest(decodeResult: success, version: HTTP/1.1, content: EmptyByteBufBE)
GET /session/b44cea346c475d8b0b139c8fa8f33f5a/screenshot HTTP/1.1
User-Agent: selenium/4.1.2 (java windows)
Cache-Control: no-cache
Content-Type: application/json; charset=utf-8
host: localhost:61495
accept: */*

Response DefaultHttpResponse(decodeResult: success, version: HTTP/1.1)
HTTP/1.1 200 OK
Content-Type: application/json; charset=utf-8
cache-control: no-cache
content-length: 106496

18:00:56.172 [AsyncHttpClient-1-5] DEBUG org.asynchttpclient.netty.channel.ChannelManager - Adding key: http://localhost:61495 for channel [id: 0xf34c3097, L:/127.0.0.1:54919 - R:localhost/127.0.0.1:61495]
18:00:56.181 [Test worker] DEBUG net.serenitybdd.core.photography.Darkroom - Send negative for processing for C:\Users\johan\OneDrive\Documentos\KONEX\Pruebas automatizadas\automatizacion_login_backoffice_1v\target\site\serenity\ba805f8d2cebdbb3e79bb02359c97f7744b09bbb0acb7f4fb9347e29e9cfc9b3.png
18:00:56.182 [Darkroom Processing Line] DEBUG net.serenitybdd.core.photography.DarkroomProcessingLine - Processing screenshot image in /var/screenshots/screenshot-198466878951818397
18:00:56.182 [Darkroom Processing Line] DEBUG net.serenitybdd.core.photography.DarkroomProcessingLine - Saving screenshot to C:\Users\johan\OneDrive\Documentos\KONEX\Pruebas automatizadas\automatizacion_login_backoffice_1v\target\site\serenity\ba805f8d2cebdbb3e79bb02359c97f7744b09bbb0acb7f4fb9347e29e9cfc9b3.png
18:00:56.240 [Forwarding screenshot on session b44cea346c475d8b0b139c8fa8f33f5a to remote] DEBUG org.asynchttpclient.netty.request.NettyRequestSender - Using pooled Channel '[id: 0xf34c3097, L:/127.0.0.1:54919 - R:localhost/127.0.0.1:61495]' for 'GET' to 'http://localhost:61495/session/b44cea346c475d8b0b139c8fa8f33f5a/screenshot'
18:00:56.241 [Forwarding screenshot on session b44cea346c475d8b0b139c8fa8f33f5a to remote] DEBUG org.asynchttpclient.netty.request.NettyRequestSender - Using open Channel [id: 0xf34c3097, L:/127.0.0.1:54919 - R:localhost/127.0.0.1:61495] for GET '/session/b44cea346c475d8b0b139c8fa8f33f5a/screenshot'
18:00:56.318 [AsyncHttpClient-1-1] DEBUG org.asynchttpclient.netty.channel.DefaultChannelPool - Entry count for : http://localhost:54920 : 1
18:00:56.420 [AsyncHttpClient-1-5] DEBUG org.asynchttpclient.netty.handler.HttpHandler - 

Request DefaultFullHttpRequest(decodeResult: success, version: HTTP/1.1, content: EmptyByteBufBE)
GET /session/b44cea346c475d8b0b139c8fa8f33f5a/screenshot HTTP/1.1
User-Agent: selenium/4.1.2 (java windows)
Cache-Control: no-cache
Content-Type: application/json; charset=utf-8
host: localhost:61495
accept: */*

Response DefaultHttpResponse(decodeResult: success, version: HTTP/1.1)
HTTP/1.1 200 OK
Content-Type: application/json; charset=utf-8
cache-control: no-cache
content-length: 106160

18:00:56.420 [AsyncHttpClient-1-5] DEBUG org.asynchttpclient.netty.channel.ChannelManager - Adding key: http://localhost:61495 for channel [id: 0xf34c3097, L:/127.0.0.1:54919 - R:localhost/127.0.0.1:61495]
18:00:56.430 [Test worker] DEBUG net.serenitybdd.core.photography.Darkroom - Send negative for processing for C:\Users\johan\OneDrive\Documentos\KONEX\Pruebas automatizadas\automatizacion_login_backoffice_1v\target\site\serenity\0bf99a67f8f9bb0d33f41b03c50a5489b6628cb25bc5a525110bfb6d74ec11ee.png
18:00:56.430 [Darkroom Processing Line] DEBUG net.serenitybdd.core.photography.DarkroomProcessingLine - Processing screenshot image in /var/screenshots/screenshot-7659271561981277614
18:00:56.430 [Darkroom Processing Line] DEBUG net.serenitybdd.core.photography.DarkroomProcessingLine - Saving screenshot to C:\Users\johan\OneDrive\Documentos\KONEX\Pruebas automatizadas\automatizacion_login_backoffice_1v\target\site\serenity\0bf99a67f8f9bb0d33f41b03c50a5489b6628cb25bc5a525110bfb6d74ec11ee.png
18:00:56.487 [Test worker] DEBUG net.serenitybdd.screenplay.targets.IFrameSwitcher - default content already selected for Verificar ingreso
18:00:56.513 [Forwarding findElements on session b44cea346c475d8b0b139c8fa8f33f5a to remote] DEBUG org.asynchttpclient.netty.request.NettyRequestSender - Using pooled Channel '[id: 0xf34c3097, L:/127.0.0.1:54919 - R:localhost/127.0.0.1:61495]' for 'POST' to 'http://localhost:61495/session/b44cea346c475d8b0b139c8fa8f33f5a/elements'
18:00:56.513 [Forwarding findElements on session b44cea346c475d8b0b139c8fa8f33f5a to remote] DEBUG org.asynchttpclient.netty.request.NettyRequestSender - Using open Channel [id: 0xf34c3097, L:/127.0.0.1:54919 - R:localhost/127.0.0.1:61495] for POST '/session/b44cea346c475d8b0b139c8fa8f33f5a/elements'
18:00:56.537 [AsyncHttpClient-1-5] DEBUG org.asynchttpclient.netty.handler.HttpHandler - 

Request DefaultHttpRequest(decodeResult: success, version: HTTP/1.1)
POST /session/b44cea346c475d8b0b139c8fa8f33f5a/elements HTTP/1.1
User-Agent: selenium/4.1.2 (java windows)
Content-Length: 80
Content-Type: application/json; charset=utf-8
host: localhost:61495
accept: */*

Response DefaultHttpResponse(decodeResult: success, version: HTTP/1.1)
HTTP/1.1 200 OK
Content-Type: application/json; charset=utf-8
cache-control: no-cache
content-length: 169

18:00:56.538 [AsyncHttpClient-1-5] DEBUG org.asynchttpclient.netty.channel.ChannelManager - Adding key: http://localhost:61495 for channel [id: 0xf34c3097, L:/127.0.0.1:54919 - R:localhost/127.0.0.1:61495]
18:00:56.609 [Forwarding getElementText on session b44cea346c475d8b0b139c8fa8f33f5a to remote] DEBUG org.asynchttpclient.netty.request.NettyRequestSender - Using pooled Channel '[id: 0xf34c3097, L:/127.0.0.1:54919 - R:localhost/127.0.0.1:61495]' for 'GET' to 'http://localhost:61495/session/b44cea346c475d8b0b139c8fa8f33f5a/element/3da57db7-cb3b-4a1e-a351-e2145c3f89f9/text'
18:00:56.609 [Forwarding getElementText on session b44cea346c475d8b0b139c8fa8f33f5a to remote] DEBUG org.asynchttpclient.netty.request.NettyRequestSender - Using open Channel [id: 0xf34c3097, L:/127.0.0.1:54919 - R:localhost/127.0.0.1:61495] for GET '/session/b44cea346c475d8b0b139c8fa8f33f5a/element/3da57db7-cb3b-4a1e-a351-e2145c3f89f9/text'
18:00:56.637 [AsyncHttpClient-1-5] DEBUG org.asynchttpclient.netty.handler.HttpHandler - 

Request DefaultFullHttpRequest(decodeResult: success, version: HTTP/1.1, content: EmptyByteBufBE)
GET /session/b44cea346c475d8b0b139c8fa8f33f5a/element/3da57db7-cb3b-4a1e-a351-e2145c3f89f9/text HTTP/1.1
User-Agent: selenium/4.1.2 (java windows)
Cache-Control: no-cache
Content-Type: application/json; charset=utf-8
host: localhost:61495
accept: */*

Response DefaultHttpResponse(decodeResult: success, version: HTTP/1.1)
HTTP/1.1 200 OK
Content-Type: application/json; charset=utf-8
cache-control: no-cache
content-length: 18

18:00:56.638 [AsyncHttpClient-1-5] DEBUG org.asynchttpclient.netty.channel.ChannelManager - Adding key: http://localhost:61495 for channel [id: 0xf34c3097, L:/127.0.0.1:54919 - R:localhost/127.0.0.1:61495]
18:00:56.679 [Forwarding screenshot on session b44cea346c475d8b0b139c8fa8f33f5a to remote] DEBUG org.asynchttpclient.netty.request.NettyRequestSender - Using pooled Channel '[id: 0xf34c3097, L:/127.0.0.1:54919 - R:localhost/127.0.0.1:61495]' for 'GET' to 'http://localhost:61495/session/b44cea346c475d8b0b139c8fa8f33f5a/screenshot'
18:00:56.679 [Forwarding screenshot on session b44cea346c475d8b0b139c8fa8f33f5a to remote] DEBUG org.asynchttpclient.netty.request.NettyRequestSender - Using open Channel [id: 0xf34c3097, L:/127.0.0.1:54919 - R:localhost/127.0.0.1:61495] for GET '/session/b44cea346c475d8b0b139c8fa8f33f5a/screenshot'
18:00:56.856 [AsyncHttpClient-1-5] DEBUG org.asynchttpclient.netty.handler.HttpHandler - 

Request DefaultFullHttpRequest(decodeResult: success, version: HTTP/1.1, content: EmptyByteBufBE)
GET /session/b44cea346c475d8b0b139c8fa8f33f5a/screenshot HTTP/1.1
User-Agent: selenium/4.1.2 (java windows)
Cache-Control: no-cache
Content-Type: application/json; charset=utf-8
host: localhost:61495
accept: */*

Response DefaultHttpResponse(decodeResult: success, version: HTTP/1.1)
HTTP/1.1 200 OK
Content-Type: application/json; charset=utf-8
cache-control: no-cache
content-length: 106160

18:00:56.857 [AsyncHttpClient-1-5] DEBUG org.asynchttpclient.netty.channel.ChannelManager - Adding key: http://localhost:61495 for channel [id: 0xf34c3097, L:/127.0.0.1:54919 - R:localhost/127.0.0.1:61495]
18:00:56.869 [Test worker] DEBUG net.serenitybdd.core.photography.Darkroom - Send negative for processing for C:\Users\johan\OneDrive\Documentos\KONEX\Pruebas automatizadas\automatizacion_login_backoffice_1v\target\site\serenity\0bf99a67f8f9bb0d33f41b03c50a5489b6628cb25bc5a525110bfb6d74ec11ee.png
18:00:56.928 [Forwarding screenshot on session b44cea346c475d8b0b139c8fa8f33f5a to remote] DEBUG org.asynchttpclient.netty.request.NettyRequestSender - Using pooled Channel '[id: 0xf34c3097, L:/127.0.0.1:54919 - R:localhost/127.0.0.1:61495]' for 'GET' to 'http://localhost:61495/session/b44cea346c475d8b0b139c8fa8f33f5a/screenshot'
18:00:56.929 [Forwarding screenshot on session b44cea346c475d8b0b139c8fa8f33f5a to remote] DEBUG org.asynchttpclient.netty.request.NettyRequestSender - Using open Channel [id: 0xf34c3097, L:/127.0.0.1:54919 - R:localhost/127.0.0.1:61495] for GET '/session/b44cea346c475d8b0b139c8fa8f33f5a/screenshot'
18:00:57.110 [AsyncHttpClient-1-5] DEBUG org.asynchttpclient.netty.handler.HttpHandler - 

Request DefaultFullHttpRequest(decodeResult: success, version: HTTP/1.1, content: EmptyByteBufBE)
GET /session/b44cea346c475d8b0b139c8fa8f33f5a/screenshot HTTP/1.1
User-Agent: selenium/4.1.2 (java windows)
Cache-Control: no-cache
Content-Type: application/json; charset=utf-8
host: localhost:61495
accept: */*

Response DefaultHttpResponse(decodeResult: success, version: HTTP/1.1)
HTTP/1.1 200 OK
Content-Type: application/json; charset=utf-8
cache-control: no-cache
content-length: 106160

18:00:57.110 [AsyncHttpClient-1-5] DEBUG org.asynchttpclient.netty.channel.ChannelManager - Adding key: http://localhost:61495 for channel [id: 0xf34c3097, L:/127.0.0.1:54919 - R:localhost/127.0.0.1:61495]
18:00:57.121 [Test worker] DEBUG net.serenitybdd.core.photography.Darkroom - Send negative for processing for C:\Users\johan\OneDrive\Documentos\KONEX\Pruebas automatizadas\automatizacion_login_backoffice_1v\target\site\serenity\0bf99a67f8f9bb0d33f41b03c50a5489b6628cb25bc5a525110bfb6d74ec11ee.png
18:00:57.160 [AsyncHttpClient-1-7] DEBUG org.asynchttpclient.netty.handler.WebSocketHandler - Channel Closed: [id: 0x131a7211, L:/127.0.0.1:54928 ! R:localhost/127.0.0.1:54920] with attribute NettyResponseFuture{currentRetry=5,
	isDone=1,
	isCancelled=0,
	asyncHandler=org.asynchttpclient.ws.WebSocketUpgradeHandler@e813adb,
	nettyRequest=org.asynchttpclient.netty.request.NettyRequest@4b83a56f,
	future=java.util.concurrent.CompletableFuture@5b941bd[Completed normally],
	uri=ws://localhost:54920/devtools/browser/56748ce6-a935-468e-b7f7-ce3eda06567b,
	keepAlive=true,
	redirectCount=0,
	timeoutsHolder=null,
	inAuth=0,
	touch=1681254040793}
18:00:57.160 [AsyncHttpClient-1-7] DEBUG org.asynchttpclient.netty.channel.ChannelManager - Closing Channel [id: 0x131a7211, L:/127.0.0.1:54928 ! R:localhost/127.0.0.1:54920] 
18:00:57.161 [Driver Command Executor] DEBUG org.asynchttpclient.netty.request.NettyRequestSender - Using pooled Channel '[id: 0xf34c3097, L:/127.0.0.1:54919 - R:localhost/127.0.0.1:61495]' for 'DELETE' to 'http://localhost:61495/session/b44cea346c475d8b0b139c8fa8f33f5a'
18:00:57.161 [Driver Command Executor] DEBUG org.asynchttpclient.netty.request.NettyRequestSender - Using open Channel [id: 0xf34c3097, L:/127.0.0.1:54919 - R:localhost/127.0.0.1:61495] for DELETE '/session/b44cea346c475d8b0b139c8fa8f33f5a'
18:00:57.317 [AsyncHttpClient-1-6] DEBUG org.asynchttpclient.netty.handler.HttpHandler - Unexpected I/O exception on channel [id: 0xe20500ee, L:/127.0.0.1:54926 - R:localhost/127.0.0.1:54920]
java.io.IOException: Se ha forzado la interrupción de una conexión existente por el host remoto
	at sun.nio.ch.SocketDispatcher.read0(Native Method)
	at sun.nio.ch.SocketDispatcher.read(SocketDispatcher.java:43)
	at sun.nio.ch.IOUtil.readIntoNativeBuffer(IOUtil.java:223)
	at sun.nio.ch.IOUtil.read(IOUtil.java:192)
	at sun.nio.ch.SocketChannelImpl.read(SocketChannelImpl.java:380)
	at io.netty.buffer.PooledByteBuf.setBytes(PooledByteBuf.java:258)
	at io.netty.buffer.AbstractByteBuf.writeBytes(AbstractByteBuf.java:1132)
	at io.netty.channel.socket.nio.NioSocketChannel.doReadBytes(NioSocketChannel.java:350)
	at io.netty.channel.nio.AbstractNioByteChannel$NioByteUnsafe.read(AbstractNioByteChannel.java:151)
	at io.netty.channel.nio.NioEventLoop.processSelectedKey(NioEventLoop.java:722)
	at io.netty.channel.nio.NioEventLoop.processSelectedKeysOptimized(NioEventLoop.java:658)
	at io.netty.channel.nio.NioEventLoop.processSelectedKeys(NioEventLoop.java:584)
	at io.netty.channel.nio.NioEventLoop.run(NioEventLoop.java:496)
	at io.netty.util.concurrent.SingleThreadEventExecutor$4.run(SingleThreadEventExecutor.java:986)
	at io.netty.util.internal.ThreadExecutorMap$2.run(ThreadExecutorMap.java:74)
	at io.netty.util.concurrent.FastThreadLocalRunnable.run(FastThreadLocalRunnable.java:30)
	at java.lang.Thread.run(Thread.java:748)
18:00:57.317 [AsyncHttpClient-1-6] DEBUG org.asynchttpclient.netty.channel.ChannelManager - Closing Channel [id: 0xe20500ee, L:/127.0.0.1:54926 - R:localhost/127.0.0.1:54920] 
18:00:57.318 [AsyncHttpClient-1-6] DEBUG org.asynchttpclient.netty.handler.HttpHandler - Channel Closed: [id: 0xe20500ee, L:/127.0.0.1:54926 ! R:localhost/127.0.0.1:54920] with attribute DISCARD
18:00:57.392 [AsyncHttpClient-1-5] DEBUG org.asynchttpclient.netty.handler.HttpHandler - 

Request DefaultFullHttpRequest(decodeResult: success, version: HTTP/1.1, content: EmptyByteBufBE)
DELETE /session/b44cea346c475d8b0b139c8fa8f33f5a HTTP/1.1
User-Agent: selenium/4.1.2 (java windows)
Content-Type: application/json; charset=utf-8
host: localhost:61495
accept: */*

Response DefaultHttpResponse(decodeResult: success, version: HTTP/1.1)
HTTP/1.1 200 OK
Content-Type: application/json; charset=utf-8
cache-control: no-cache
content-length: 14

18:00:57.393 [AsyncHttpClient-1-5] DEBUG org.asynchttpclient.netty.channel.ChannelManager - Adding key: http://localhost:61495 for channel [id: 0xf34c3097, L:/127.0.0.1:54919 - R:localhost/127.0.0.1:61495]
18:00:57.417 [AsyncHttpClient-1-1] DEBUG org.asynchttpclient.netty.channel.DefaultChannelPool - Entry count for : http://localhost:61495 : 1
18:00:57.417 [AsyncHttpClient-1-1] DEBUG org.asynchttpclient.netty.channel.DefaultChannelPool - Entry count for : http://localhost:54920 : 1
18:00:57.417 [AsyncHttpClient-1-1] DEBUG org.asynchttpclient.netty.channel.DefaultChannelPool - Adding Candidate expired Channel [id: 0xe20500ee, L:/127.0.0.1:54926 ! R:localhost/127.0.0.1:54920] isIdleTimeoutExpired=false isRemotelyClosed=true isTtlExpired=false
18:00:57.417 [AsyncHttpClient-1-1] DEBUG org.asynchttpclient.netty.channel.DefaultChannelPool - Closing Idle Channel [id: 0xe20500ee, L:/127.0.0.1:54926 ! R:localhost/127.0.0.1:54920]
18:00:57.429 [AsyncHttpClient-1-1] DEBUG org.asynchttpclient.netty.channel.DefaultChannelPool - Closed 1 connections out of 2 in 12 ms
18:00:57.585 [AsyncHttpClient-1-5] DEBUG org.asynchttpclient.netty.handler.HttpHandler - Channel Closed: [id: 0xf34c3097, L:/127.0.0.1:54919 ! R:localhost/127.0.0.1:61495] with attribute DISCARD
18:00:58.110 [Test worker] INFO  - 
  _____   ___   ___   _____     ___     _     ___   ___   ___   ___  
 |_   _| | __| / __| |_   _|   | _ \   /_\   / __| / __| | __| |   \ 
   | |   | _|  \__ \   | |     |  _/  / _ \  \__ \ \__ \ | _|  | |) |
   |_|   |___| |___/   |_|     |_|   /_/ \_\ |___/ |___/ |___| |___/ 

Verificar el ingreso correcto con diferentes usuarios
----------------------------------------------------------------------
18:00:58.128 [Test worker] INFO io.cucumber.core.plugin.SerenityReporter - Running feature from file:///C:/Users/johan/OneDrive/Documentos/KONEX/Pruebas%20automatizadas/automatizacion_login_backoffice_1v/src/test/resources/features/login_backoffice.feature
18:00:58.152 [Test worker] DEBUG net.thucydides.core.steps.StepInterceptor - STARTING STEP: MyStepdefinitions.queElUsuarioIngresaAlBackoffice - performAs
18:00:58.163 [Test worker] DEBUG net.thucydides.core.steps.StepInterceptor - STARTING STEP: Abrir.performAs - {0} opens the #targetPage
18:00:58.216 [Test worker] INFO net.serenitybdd.core.webdriver.driverproviders.ChromeDriverProvider - Using automatically driver download
18:00:58.535 [AsyncHttpClient-1-1] DEBUG org.asynchttpclient.netty.channel.DefaultChannelPool - Entry count for : http://localhost:61495 : 1
18:00:58.540 [AsyncHttpClient-1-1] DEBUG org.asynchttpclient.netty.channel.DefaultChannelPool - Adding Candidate expired Channel [id: 0xf34c3097, L:/127.0.0.1:54919 ! R:localhost/127.0.0.1:61495] isIdleTimeoutExpired=false isRemotelyClosed=true isTtlExpired=false
18:00:58.540 [AsyncHttpClient-1-1] DEBUG org.asynchttpclient.netty.channel.DefaultChannelPool - Closing Idle Channel [id: 0xf34c3097, L:/127.0.0.1:54919 ! R:localhost/127.0.0.1:61495]
18:00:58.541 [AsyncHttpClient-1-1] DEBUG org.asynchttpclient.netty.channel.DefaultChannelPool - Closed 1 connections out of 1 in 6 ms
18:00:58.836 [Test worker] DEBUG io.github.bonigarcia.wdm.cache.ResolutionCache - Resolution chrome=112 in cache (valid until 19:00:10 11/04/2023 COT)
18:00:58.838 [Test worker] DEBUG io.github.bonigarcia.wdm.cache.ResolutionCache - Resolution chrome112=112.0.5615.49 in cache (valid until 12:12:55 12/04/2023 COT)
18:00:58.838 [Test worker] INFO io.github.bonigarcia.wdm.WebDriverManager - Using chromedriver 112.0.5615.49 (resolved driver for Chrome 112)
18:00:58.958 [Test worker] DEBUG io.github.bonigarcia.wdm.WebDriverManager - Driver chromedriver 112.0.5615.49 found in cache
18:00:58.965 [Test worker] INFO io.github.bonigarcia.wdm.WebDriverManager - Exporting webdriver.chrome.driver as C:\Users\johan\.cache\selenium\chromedriver\win32\112.0.5615.49\chromedriver.exe
18:00:59.347 [Test worker] DEBUG net.serenitybdd.core.webdriver.driverproviders.ProvideNewDriver - Instantiating driver
18:00:59.347 [Test worker] DEBUG net.serenitybdd.core.webdriver.driverproviders.ProvideNewDriver - Driver capabilities: Capabilities {acceptInsecureCerts: false, autodownload: true, browserName: chrome, chrome.silentOutput: true, driver: chrome, goog:chromeOptions: {args: [--start-maximized --disable...], extensions: []}}
18:00:59.898 [AsyncHttpClient-1-8] DEBUG org.asynchttpclient.netty.channel.NettyConnectListener - Using new Channel '[id: 0x15627ee2, L:/127.0.0.1:54952 - R:localhost/127.0.0.1:54018]' for 'POST' to '/session'
18:01:01.339 [AsyncHttpClient-1-8] DEBUG org.asynchttpclient.netty.handler.HttpHandler - 

Request DefaultHttpRequest(decodeResult: success, version: HTTP/1.1)
POST /session HTTP/1.1
User-Agent: selenium/4.1.2 (java windows)
Content-Length: 776
Content-Type: application/json; charset=utf-8
host: localhost:54018
accept: */*

Response DefaultHttpResponse(decodeResult: success, version: HTTP/1.1)
HTTP/1.1 200 OK
Content-Type: application/json; charset=utf-8
cache-control: no-cache
content-length: 859

18:01:01.340 [AsyncHttpClient-1-8] DEBUG org.asynchttpclient.netty.channel.ChannelManager - Adding key: http://localhost:54018 for channel [id: 0x15627ee2, L:/127.0.0.1:54952 - R:localhost/127.0.0.1:54018]
18:01:01.368 [AsyncHttpClient-1-9] DEBUG org.asynchttpclient.netty.channel.NettyConnectListener - Using new Channel '[id: 0xad788f31, L:/127.0.0.1:54959 - R:localhost/127.0.0.1:54953]' for 'GET' to '/json/version'
18:01:01.370 [AsyncHttpClient-1-9] DEBUG org.asynchttpclient.netty.handler.HttpHandler - 

Request DefaultFullHttpRequest(decodeResult: success, version: HTTP/1.1, content: EmptyByteBufBE)
GET /json/version HTTP/1.1
User-Agent: selenium/4.1.2 (java windows)
host: localhost:54953
accept: */*

Response DefaultHttpResponse(decodeResult: success, version: HTTP/1.1)
HTTP/1.1 200 OK
Content-Security-Policy: frame-ancestors 'none'
Content-Type: application/json; charset=UTF-8
content-length: 422

18:01:01.370 [AsyncHttpClient-1-9] DEBUG org.asynchttpclient.netty.channel.ChannelManager - Adding key: http://localhost:54953 for channel [id: 0xad788f31, L:/127.0.0.1:54959 - R:localhost/127.0.0.1:54953]
18:01:01.379 [AsyncHttpClient-1-10] DEBUG org.asynchttpclient.netty.channel.NettyConnectListener - Using new Channel '[id: 0x0ad869a0, L:/127.0.0.1:54960 - R:localhost/127.0.0.1:54953]' for 'GET' to '/devtools/browser/d057018c-a049-4ad1-b8f3-17abe6ca59d2'
18:01:01.381 [AsyncHttpClient-1-10] DEBUG org.asynchttpclient.netty.handler.WebSocketHandler - 

Request DefaultFullHttpRequest(decodeResult: success, version: HTTP/1.1, content: EmptyByteBufBE)
GET /devtools/browser/d057018c-a049-4ad1-b8f3-17abe6ca59d2 HTTP/1.1
upgrade: websocket
connection: upgrade
sec-websocket-key: SXB0pYhk09eqQ+Z0++xlgw==
sec-websocket-version: 13
origin: http://localhost:54953
host: localhost:54953
accept: */*
user-agent: AHC/2.1

Response DefaultHttpResponse(decodeResult: success, version: HTTP/1.1)
HTTP/1.1 101 WebSocket Protocol Handshake
Upgrade: WebSocket
Connection: Upgrade
Sec-WebSocket-Accept: KmsHOIae35ca/avP+8JVCbDf5m0=

18:01:01.437 [Forwarding get on session 622790671eb51525067eaf90f2e4a5a3 to remote] DEBUG org.asynchttpclient.netty.request.NettyRequestSender - Using pooled Channel '[id: 0x15627ee2, L:/127.0.0.1:54952 - R:localhost/127.0.0.1:54018]' for 'POST' to 'http://localhost:54018/session/622790671eb51525067eaf90f2e4a5a3/url'
18:01:01.437 [Forwarding get on session 622790671eb51525067eaf90f2e4a5a3 to remote] DEBUG org.asynchttpclient.netty.request.NettyRequestSender - Using open Channel [id: 0x15627ee2, L:/127.0.0.1:54952 - R:localhost/127.0.0.1:54018] for POST '/session/622790671eb51525067eaf90f2e4a5a3/url'
18:01:01.815 [AsyncHttpClient-1-1] DEBUG org.asynchttpclient.netty.channel.DefaultChannelPool - Entry count for : http://localhost:54953 : 1
18:01:02.912 [AsyncHttpClient-1-1] DEBUG org.asynchttpclient.netty.channel.DefaultChannelPool - Entry count for : http://localhost:54953 : 1
18:01:03.582 [AsyncHttpClient-1-8] DEBUG org.asynchttpclient.netty.handler.HttpHandler - 

Request DefaultHttpRequest(decodeResult: success, version: HTTP/1.1)
POST /session/622790671eb51525067eaf90f2e4a5a3/url HTTP/1.1
User-Agent: selenium/4.1.2 (java windows)
Content-Length: 80
Content-Type: application/json; charset=utf-8
host: localhost:54018
accept: */*

Response DefaultHttpResponse(decodeResult: success, version: HTTP/1.1)
HTTP/1.1 200 OK
Content-Type: application/json; charset=utf-8
cache-control: no-cache
content-length: 14

18:01:03.582 [AsyncHttpClient-1-8] DEBUG org.asynchttpclient.netty.channel.ChannelManager - Adding key: http://localhost:54018 for channel [id: 0x15627ee2, L:/127.0.0.1:54952 - R:localhost/127.0.0.1:54018]
18:01:03.586 [Forwarding setTimeout on session 622790671eb51525067eaf90f2e4a5a3 to remote] DEBUG org.asynchttpclient.netty.request.NettyRequestSender - Using pooled Channel '[id: 0x15627ee2, L:/127.0.0.1:54952 - R:localhost/127.0.0.1:54018]' for 'POST' to 'http://localhost:54018/session/622790671eb51525067eaf90f2e4a5a3/timeouts'
18:01:03.586 [Forwarding setTimeout on session 622790671eb51525067eaf90f2e4a5a3 to remote] DEBUG org.asynchttpclient.netty.request.NettyRequestSender - Using open Channel [id: 0x15627ee2, L:/127.0.0.1:54952 - R:localhost/127.0.0.1:54018] for POST '/session/622790671eb51525067eaf90f2e4a5a3/timeouts'
18:01:03.590 [AsyncHttpClient-1-8] DEBUG org.asynchttpclient.netty.handler.HttpHandler - 

Request DefaultHttpRequest(decodeResult: success, version: HTTP/1.1)
POST /session/622790671eb51525067eaf90f2e4a5a3/timeouts HTTP/1.1
User-Agent: selenium/4.1.2 (java windows)
Content-Length: 22
Content-Type: application/json; charset=utf-8
host: localhost:54018
accept: */*

Response DefaultHttpResponse(decodeResult: success, version: HTTP/1.1)
HTTP/1.1 200 OK
Content-Type: application/json; charset=utf-8
cache-control: no-cache
content-length: 14

18:01:03.591 [AsyncHttpClient-1-8] DEBUG org.asynchttpclient.netty.channel.ChannelManager - Adding key: http://localhost:54018 for channel [id: 0x15627ee2, L:/127.0.0.1:54952 - R:localhost/127.0.0.1:54018]
18:01:03.670 [Forwarding getCurrentUrl on session 622790671eb51525067eaf90f2e4a5a3 to remote] DEBUG org.asynchttpclient.netty.request.NettyRequestSender - Using pooled Channel '[id: 0x15627ee2, L:/127.0.0.1:54952 - R:localhost/127.0.0.1:54018]' for 'GET' to 'http://localhost:54018/session/622790671eb51525067eaf90f2e4a5a3/url'
18:01:03.670 [Forwarding getCurrentUrl on session 622790671eb51525067eaf90f2e4a5a3 to remote] DEBUG org.asynchttpclient.netty.request.NettyRequestSender - Using open Channel [id: 0x15627ee2, L:/127.0.0.1:54952 - R:localhost/127.0.0.1:54018] for GET '/session/622790671eb51525067eaf90f2e4a5a3/url'
18:01:03.682 [AsyncHttpClient-1-8] DEBUG org.asynchttpclient.netty.handler.HttpHandler - 

Request DefaultFullHttpRequest(decodeResult: success, version: HTTP/1.1, content: EmptyByteBufBE)
GET /session/622790671eb51525067eaf90f2e4a5a3/url HTTP/1.1
User-Agent: selenium/4.1.2 (java windows)
Cache-Control: no-cache
Content-Type: application/json; charset=utf-8
host: localhost:54018
accept: */*

Response DefaultHttpResponse(decodeResult: success, version: HTTP/1.1)
HTTP/1.1 200 OK
Content-Type: application/json; charset=utf-8
cache-control: no-cache
content-length: 57

18:01:03.683 [AsyncHttpClient-1-8] DEBUG org.asynchttpclient.netty.channel.ChannelManager - Adding key: http://localhost:54018 for channel [id: 0x15627ee2, L:/127.0.0.1:54952 - R:localhost/127.0.0.1:54018]
18:01:03.736 [Forwarding getCurrentUrl on session 622790671eb51525067eaf90f2e4a5a3 to remote] DEBUG org.asynchttpclient.netty.request.NettyRequestSender - Using pooled Channel '[id: 0x15627ee2, L:/127.0.0.1:54952 - R:localhost/127.0.0.1:54018]' for 'GET' to 'http://localhost:54018/session/622790671eb51525067eaf90f2e4a5a3/url'
18:01:03.736 [Forwarding getCurrentUrl on session 622790671eb51525067eaf90f2e4a5a3 to remote] DEBUG org.asynchttpclient.netty.request.NettyRequestSender - Using open Channel [id: 0x15627ee2, L:/127.0.0.1:54952 - R:localhost/127.0.0.1:54018] for GET '/session/622790671eb51525067eaf90f2e4a5a3/url'
18:01:03.743 [AsyncHttpClient-1-8] DEBUG org.asynchttpclient.netty.handler.HttpHandler - 

Request DefaultFullHttpRequest(decodeResult: success, version: HTTP/1.1, content: EmptyByteBufBE)
GET /session/622790671eb51525067eaf90f2e4a5a3/url HTTP/1.1
User-Agent: selenium/4.1.2 (java windows)
Cache-Control: no-cache
Content-Type: application/json; charset=utf-8
host: localhost:54018
accept: */*

Response DefaultHttpResponse(decodeResult: success, version: HTTP/1.1)
HTTP/1.1 200 OK
Content-Type: application/json; charset=utf-8
cache-control: no-cache
content-length: 57

18:01:03.743 [AsyncHttpClient-1-8] DEBUG org.asynchttpclient.netty.channel.ChannelManager - Adding key: http://localhost:54018 for channel [id: 0x15627ee2, L:/127.0.0.1:54952 - R:localhost/127.0.0.1:54018]
18:01:03.794 [Forwarding screenshot on session 622790671eb51525067eaf90f2e4a5a3 to remote] DEBUG org.asynchttpclient.netty.request.NettyRequestSender - Using pooled Channel '[id: 0x15627ee2, L:/127.0.0.1:54952 - R:localhost/127.0.0.1:54018]' for 'GET' to 'http://localhost:54018/session/622790671eb51525067eaf90f2e4a5a3/screenshot'
18:01:03.795 [Forwarding screenshot on session 622790671eb51525067eaf90f2e4a5a3 to remote] DEBUG org.asynchttpclient.netty.request.NettyRequestSender - Using open Channel [id: 0x15627ee2, L:/127.0.0.1:54952 - R:localhost/127.0.0.1:54018] for GET '/session/622790671eb51525067eaf90f2e4a5a3/screenshot'
18:01:04.016 [AsyncHttpClient-1-1] DEBUG org.asynchttpclient.netty.channel.DefaultChannelPool - Entry count for : http://localhost:54953 : 1
18:01:04.267 [AsyncHttpClient-1-8] DEBUG org.asynchttpclient.netty.handler.HttpHandler - 

Request DefaultFullHttpRequest(decodeResult: success, version: HTTP/1.1, content: EmptyByteBufBE)
GET /session/622790671eb51525067eaf90f2e4a5a3/screenshot HTTP/1.1
User-Agent: selenium/4.1.2 (java windows)
Cache-Control: no-cache
Content-Type: application/json; charset=utf-8
host: localhost:54018
accept: */*

Response DefaultHttpResponse(decodeResult: success, version: HTTP/1.1)
HTTP/1.1 200 OK
Content-Type: application/json; charset=utf-8
cache-control: no-cache
content-length: 379740

18:01:04.270 [AsyncHttpClient-1-8] DEBUG org.asynchttpclient.netty.channel.ChannelManager - Adding key: http://localhost:54018 for channel [id: 0x15627ee2, L:/127.0.0.1:54952 - R:localhost/127.0.0.1:54018]
18:01:04.296 [Test worker] DEBUG net.serenitybdd.core.photography.Darkroom - Send negative for processing for C:\Users\johan\OneDrive\Documentos\KONEX\Pruebas automatizadas\automatizacion_login_backoffice_1v\target\site\serenity\2906e0e514c90d11ffaf03067b12110de544ee879fa76ed63b517fad1e2e3380.png
18:01:04.297 [Test worker] DEBUG net.thucydides.core.steps.StepInterceptor - STEP DONE: {0} opens the #targetPage
18:01:04.351 [Forwarding screenshot on session 622790671eb51525067eaf90f2e4a5a3 to remote] DEBUG org.asynchttpclient.netty.request.NettyRequestSender - Using pooled Channel '[id: 0x15627ee2, L:/127.0.0.1:54952 - R:localhost/127.0.0.1:54018]' for 'GET' to 'http://localhost:54018/session/622790671eb51525067eaf90f2e4a5a3/screenshot'
18:01:04.351 [Forwarding screenshot on session 622790671eb51525067eaf90f2e4a5a3 to remote] DEBUG org.asynchttpclient.netty.request.NettyRequestSender - Using open Channel [id: 0x15627ee2, L:/127.0.0.1:54952 - R:localhost/127.0.0.1:54018] for GET '/session/622790671eb51525067eaf90f2e4a5a3/screenshot'
18:01:04.757 [AsyncHttpClient-1-8] DEBUG org.asynchttpclient.netty.handler.HttpHandler - 

Request DefaultFullHttpRequest(decodeResult: success, version: HTTP/1.1, content: EmptyByteBufBE)
GET /session/622790671eb51525067eaf90f2e4a5a3/screenshot HTTP/1.1
User-Agent: selenium/4.1.2 (java windows)
Cache-Control: no-cache
Content-Type: application/json; charset=utf-8
host: localhost:54018
accept: */*

Response DefaultHttpResponse(decodeResult: success, version: HTTP/1.1)
HTTP/1.1 200 OK
Content-Type: application/json; charset=utf-8
cache-control: no-cache
content-length: 379772

18:01:04.758 [AsyncHttpClient-1-8] DEBUG org.asynchttpclient.netty.channel.ChannelManager - Adding key: http://localhost:54018 for channel [id: 0x15627ee2, L:/127.0.0.1:54952 - R:localhost/127.0.0.1:54018]
18:01:04.784 [Test worker] DEBUG net.serenitybdd.core.photography.Darkroom - Send negative for processing for C:\Users\johan\OneDrive\Documentos\KONEX\Pruebas automatizadas\automatizacion_login_backoffice_1v\target\site\serenity\827eba772fc8c0a7b9dfb33684fbbfab2dbf1f790c8339d229e180e243a6dda7.png
18:01:04.785 [Test worker] DEBUG net.thucydides.core.steps.StepInterceptor - STEP DONE: performAs
18:01:04.859 [Forwarding screenshot on session 622790671eb51525067eaf90f2e4a5a3 to remote] DEBUG org.asynchttpclient.netty.request.NettyRequestSender - Using pooled Channel '[id: 0x15627ee2, L:/127.0.0.1:54952 - R:localhost/127.0.0.1:54018]' for 'GET' to 'http://localhost:54018/session/622790671eb51525067eaf90f2e4a5a3/screenshot'
18:01:04.859 [Forwarding screenshot on session 622790671eb51525067eaf90f2e4a5a3 to remote] DEBUG org.asynchttpclient.netty.request.NettyRequestSender - Using open Channel [id: 0x15627ee2, L:/127.0.0.1:54952 - R:localhost/127.0.0.1:54018] for GET '/session/622790671eb51525067eaf90f2e4a5a3/screenshot'
18:01:05.109 [AsyncHttpClient-1-1] DEBUG org.asynchttpclient.netty.channel.DefaultChannelPool - Entry count for : http://localhost:54953 : 1
18:01:05.252 [AsyncHttpClient-1-8] DEBUG org.asynchttpclient.netty.handler.HttpHandler - 

Request DefaultFullHttpRequest(decodeResult: success, version: HTTP/1.1, content: EmptyByteBufBE)
GET /session/622790671eb51525067eaf90f2e4a5a3/screenshot HTTP/1.1
User-Agent: selenium/4.1.2 (java windows)
Cache-Control: no-cache
Content-Type: application/json; charset=utf-8
host: localhost:54018
accept: */*

Response DefaultHttpResponse(decodeResult: success, version: HTTP/1.1)
HTTP/1.1 200 OK
Content-Type: application/json; charset=utf-8
cache-control: no-cache
content-length: 379740

18:01:05.255 [AsyncHttpClient-1-8] DEBUG org.asynchttpclient.netty.channel.ChannelManager - Adding key: http://localhost:54018 for channel [id: 0x15627ee2, L:/127.0.0.1:54952 - R:localhost/127.0.0.1:54018]
18:01:05.283 [Test worker] DEBUG net.serenitybdd.core.photography.Darkroom - Send negative for processing for C:\Users\johan\OneDrive\Documentos\KONEX\Pruebas automatizadas\automatizacion_login_backoffice_1v\target\site\serenity\2906e0e514c90d11ffaf03067b12110de544ee879fa76ed63b517fad1e2e3380.png
18:01:05.322 [Test worker] DEBUG net.thucydides.core.steps.StepInterceptor - STARTING STEP: MyStepdefinitions.digitaUsuarioYContrasenna - performAs
18:01:05.387 [Forwarding screenshot on session 622790671eb51525067eaf90f2e4a5a3 to remote] DEBUG org.asynchttpclient.netty.request.NettyRequestSender - Using pooled Channel '[id: 0x15627ee2, L:/127.0.0.1:54952 - R:localhost/127.0.0.1:54018]' for 'GET' to 'http://localhost:54018/session/622790671eb51525067eaf90f2e4a5a3/screenshot'
18:01:05.388 [Forwarding screenshot on session 622790671eb51525067eaf90f2e4a5a3 to remote] DEBUG org.asynchttpclient.netty.request.NettyRequestSender - Using open Channel [id: 0x15627ee2, L:/127.0.0.1:54952 - R:localhost/127.0.0.1:54018] for GET '/session/622790671eb51525067eaf90f2e4a5a3/screenshot'
18:01:05.798 [AsyncHttpClient-1-8] DEBUG org.asynchttpclient.netty.handler.HttpHandler - 

Request DefaultFullHttpRequest(decodeResult: success, version: HTTP/1.1, content: EmptyByteBufBE)
GET /session/622790671eb51525067eaf90f2e4a5a3/screenshot HTTP/1.1
User-Agent: selenium/4.1.2 (java windows)
Cache-Control: no-cache
Content-Type: application/json; charset=utf-8
host: localhost:54018
accept: */*

Response DefaultHttpResponse(decodeResult: success, version: HTTP/1.1)
HTTP/1.1 200 OK
Content-Type: application/json; charset=utf-8
cache-control: no-cache
content-length: 379772

18:01:05.800 [AsyncHttpClient-1-8] DEBUG org.asynchttpclient.netty.channel.ChannelManager - Adding key: http://localhost:54018 for channel [id: 0x15627ee2, L:/127.0.0.1:54952 - R:localhost/127.0.0.1:54018]
18:01:05.840 [Test worker] DEBUG net.serenitybdd.core.photography.Darkroom - Send negative for processing for C:\Users\johan\OneDrive\Documentos\KONEX\Pruebas automatizadas\automatizacion_login_backoffice_1v\target\site\serenity\827eba772fc8c0a7b9dfb33684fbbfab2dbf1f790c8339d229e180e243a6dda7.png
18:01:05.841 [Test worker] DEBUG net.thucydides.core.steps.StepInterceptor - STARTING STEP: Ingresar.performAs - {0} enters #theTextAsAString into #target
18:01:05.868 [Test worker] DEBUG net.serenitybdd.screenplay.targets.IFrameSwitcher - default content already selected for Datos para campo de usuario
18:01:05.956 [Forwarding findElement on session 622790671eb51525067eaf90f2e4a5a3 to remote] DEBUG org.asynchttpclient.netty.request.NettyRequestSender - Using pooled Channel '[id: 0x15627ee2, L:/127.0.0.1:54952 - R:localhost/127.0.0.1:54018]' for 'POST' to 'http://localhost:54018/session/622790671eb51525067eaf90f2e4a5a3/element'
18:01:05.956 [Forwarding findElement on session 622790671eb51525067eaf90f2e4a5a3 to remote] DEBUG org.asynchttpclient.netty.request.NettyRequestSender - Using open Channel [id: 0x15627ee2, L:/127.0.0.1:54952 - R:localhost/127.0.0.1:54018] for POST '/session/622790671eb51525067eaf90f2e4a5a3/element'
18:01:05.978 [AsyncHttpClient-1-8] DEBUG org.asynchttpclient.netty.handler.HttpHandler - 

Request DefaultHttpRequest(decodeResult: success, version: HTTP/1.1)
POST /session/622790671eb51525067eaf90f2e4a5a3/element HTTP/1.1
User-Agent: selenium/4.1.2 (java windows)
Content-Length: 53
Content-Type: application/json; charset=utf-8
host: localhost:54018
accept: */*

Response DefaultHttpResponse(decodeResult: success, version: HTTP/1.1)
HTTP/1.1 200 OK
Content-Type: application/json; charset=utf-8
cache-control: no-cache
content-length: 88

18:01:05.979 [AsyncHttpClient-1-8] DEBUG org.asynchttpclient.netty.channel.ChannelManager - Adding key: http://localhost:54018 for channel [id: 0x15627ee2, L:/127.0.0.1:54952 - R:localhost/127.0.0.1:54018]
18:01:05.982 [Forwarding clearElement on session 622790671eb51525067eaf90f2e4a5a3 to remote] DEBUG org.asynchttpclient.netty.request.NettyRequestSender - Using pooled Channel '[id: 0x15627ee2, L:/127.0.0.1:54952 - R:localhost/127.0.0.1:54018]' for 'POST' to 'http://localhost:54018/session/622790671eb51525067eaf90f2e4a5a3/element/4efe7009-503e-4e49-a2eb-2743e4c7ffa0/clear'
18:01:05.982 [Forwarding clearElement on session 622790671eb51525067eaf90f2e4a5a3 to remote] DEBUG org.asynchttpclient.netty.request.NettyRequestSender - Using open Channel [id: 0x15627ee2, L:/127.0.0.1:54952 - R:localhost/127.0.0.1:54018] for POST '/session/622790671eb51525067eaf90f2e4a5a3/element/4efe7009-503e-4e49-a2eb-2743e4c7ffa0/clear'
18:01:06.046 [AsyncHttpClient-1-8] DEBUG org.asynchttpclient.netty.handler.HttpHandler - 

Request DefaultHttpRequest(decodeResult: success, version: HTTP/1.1)
POST /session/622790671eb51525067eaf90f2e4a5a3/element/4efe7009-503e-4e49-a2eb-2743e4c7ffa0/clear HTTP/1.1
User-Agent: selenium/4.1.2 (java windows)
Content-Length: 50
Content-Type: application/json; charset=utf-8
host: localhost:54018
accept: */*

Response DefaultHttpResponse(decodeResult: success, version: HTTP/1.1)
HTTP/1.1 200 OK
Content-Type: application/json; charset=utf-8
cache-control: no-cache
content-length: 14

18:01:06.047 [AsyncHttpClient-1-8] DEBUG org.asynchttpclient.netty.channel.ChannelManager - Adding key: http://localhost:54018 for channel [id: 0x15627ee2, L:/127.0.0.1:54952 - R:localhost/127.0.0.1:54018]
18:01:06.081 [Forwarding sendKeysToElement on session 622790671eb51525067eaf90f2e4a5a3 to remote] DEBUG org.asynchttpclient.netty.request.NettyRequestSender - Using pooled Channel '[id: 0x15627ee2, L:/127.0.0.1:54952 - R:localhost/127.0.0.1:54018]' for 'POST' to 'http://localhost:54018/session/622790671eb51525067eaf90f2e4a5a3/element/4efe7009-503e-4e49-a2eb-2743e4c7ffa0/value'
18:01:06.081 [Forwarding sendKeysToElement on session 622790671eb51525067eaf90f2e4a5a3 to remote] DEBUG org.asynchttpclient.netty.request.NettyRequestSender - Using open Channel [id: 0x15627ee2, L:/127.0.0.1:54952 - R:localhost/127.0.0.1:54018] for POST '/session/622790671eb51525067eaf90f2e4a5a3/element/4efe7009-503e-4e49-a2eb-2743e4c7ffa0/value'
18:01:06.156 [AsyncHttpClient-1-8] DEBUG org.asynchttpclient.netty.handler.HttpHandler - 

Request DefaultHttpRequest(decodeResult: success, version: HTTP/1.1)
POST /session/622790671eb51525067eaf90f2e4a5a3/element/4efe7009-503e-4e49-a2eb-2743e4c7ffa0/value HTTP/1.1
User-Agent: selenium/4.1.2 (java windows)
Content-Length: 161
Content-Type: application/json; charset=utf-8
host: localhost:54018
accept: */*

Response DefaultHttpResponse(decodeResult: success, version: HTTP/1.1)
HTTP/1.1 200 OK
Content-Type: application/json; charset=utf-8
cache-control: no-cache
content-length: 14

18:01:06.156 [AsyncHttpClient-1-8] DEBUG org.asynchttpclient.netty.channel.ChannelManager - Adding key: http://localhost:54018 for channel [id: 0x15627ee2, L:/127.0.0.1:54952 - R:localhost/127.0.0.1:54018]
18:01:06.192 [Forwarding screenshot on session 622790671eb51525067eaf90f2e4a5a3 to remote] DEBUG org.asynchttpclient.netty.request.NettyRequestSender - Using pooled Channel '[id: 0x15627ee2, L:/127.0.0.1:54952 - R:localhost/127.0.0.1:54018]' for 'GET' to 'http://localhost:54018/session/622790671eb51525067eaf90f2e4a5a3/screenshot'
18:01:06.193 [Forwarding screenshot on session 622790671eb51525067eaf90f2e4a5a3 to remote] DEBUG org.asynchttpclient.netty.request.NettyRequestSender - Using open Channel [id: 0x15627ee2, L:/127.0.0.1:54952 - R:localhost/127.0.0.1:54018] for GET '/session/622790671eb51525067eaf90f2e4a5a3/screenshot'
18:01:06.216 [AsyncHttpClient-1-1] DEBUG org.asynchttpclient.netty.channel.DefaultChannelPool - Entry count for : http://localhost:54953 : 1
18:01:06.607 [AsyncHttpClient-1-8] DEBUG org.asynchttpclient.netty.handler.HttpHandler - 

Request DefaultFullHttpRequest(decodeResult: success, version: HTTP/1.1, content: EmptyByteBufBE)
GET /session/622790671eb51525067eaf90f2e4a5a3/screenshot HTTP/1.1
User-Agent: selenium/4.1.2 (java windows)
Cache-Control: no-cache
Content-Type: application/json; charset=utf-8
host: localhost:54018
accept: */*

Response DefaultHttpResponse(decodeResult: success, version: HTTP/1.1)
HTTP/1.1 200 OK
Content-Type: application/json; charset=utf-8
cache-control: no-cache
content-length: 377968

18:01:06.609 [AsyncHttpClient-1-8] DEBUG org.asynchttpclient.netty.channel.ChannelManager - Adding key: http://localhost:54018 for channel [id: 0x15627ee2, L:/127.0.0.1:54952 - R:localhost/127.0.0.1:54018]
18:01:06.652 [Test worker] DEBUG net.serenitybdd.core.photography.Darkroom - Send negative for processing for C:\Users\johan\OneDrive\Documentos\KONEX\Pruebas automatizadas\automatizacion_login_backoffice_1v\target\site\serenity\2905d66b9e30ffb13942f5fea1a95d5f85da8755d6ea48163c0b463bd6018cea.png
18:01:06.719 [Forwarding screenshot on session 622790671eb51525067eaf90f2e4a5a3 to remote] DEBUG org.asynchttpclient.netty.request.NettyRequestSender - Using pooled Channel '[id: 0x15627ee2, L:/127.0.0.1:54952 - R:localhost/127.0.0.1:54018]' for 'GET' to 'http://localhost:54018/session/622790671eb51525067eaf90f2e4a5a3/screenshot'
18:01:06.719 [Forwarding screenshot on session 622790671eb51525067eaf90f2e4a5a3 to remote] DEBUG org.asynchttpclient.netty.request.NettyRequestSender - Using open Channel [id: 0x15627ee2, L:/127.0.0.1:54952 - R:localhost/127.0.0.1:54018] for GET '/session/622790671eb51525067eaf90f2e4a5a3/screenshot'
18:01:07.146 [AsyncHttpClient-1-8] DEBUG org.asynchttpclient.netty.handler.HttpHandler - 

Request DefaultFullHttpRequest(decodeResult: success, version: HTTP/1.1, content: EmptyByteBufBE)
GET /session/622790671eb51525067eaf90f2e4a5a3/screenshot HTTP/1.1
User-Agent: selenium/4.1.2 (java windows)
Cache-Control: no-cache
Content-Type: application/json; charset=utf-8
host: localhost:54018
accept: */*

Response DefaultHttpResponse(decodeResult: success, version: HTTP/1.1)
HTTP/1.1 200 OK
Content-Type: application/json; charset=utf-8
cache-control: no-cache
content-length: 377952

18:01:07.148 [AsyncHttpClient-1-8] DEBUG org.asynchttpclient.netty.channel.ChannelManager - Adding key: http://localhost:54018 for channel [id: 0x15627ee2, L:/127.0.0.1:54952 - R:localhost/127.0.0.1:54018]
18:01:07.175 [Test worker] DEBUG net.serenitybdd.core.photography.Darkroom - Send negative for processing for C:\Users\johan\OneDrive\Documentos\KONEX\Pruebas automatizadas\automatizacion_login_backoffice_1v\target\site\serenity\e3e65bba6d2902f6d566e1c5dbd6c43c5761089b7bc45f2f29a646a48a3a7059.png
18:01:07.176 [Test worker] DEBUG net.thucydides.core.steps.StepInterceptor - STEP DONE: {0} enters #theTextAsAString into #target
18:01:07.176 [Darkroom Processing Line] DEBUG net.serenitybdd.core.photography.DarkroomProcessingLine - Processing screenshot image in /var/screenshots/screenshot-6160907204158457694
18:01:07.176 [Darkroom Processing Line] DEBUG net.serenitybdd.core.photography.DarkroomProcessingLine - Saving screenshot to C:\Users\johan\OneDrive\Documentos\KONEX\Pruebas automatizadas\automatizacion_login_backoffice_1v\target\site\serenity\e3e65bba6d2902f6d566e1c5dbd6c43c5761089b7bc45f2f29a646a48a3a7059.png
18:01:07.214 [Test worker] DEBUG net.thucydides.core.steps.StepInterceptor - STARTING STEP: Ingresar.performAs - {0} enters #theTextAsAString into #target
18:01:07.239 [Test worker] DEBUG net.serenitybdd.screenplay.targets.IFrameSwitcher - default content already selected for Datos para campo contrasenna
18:01:07.310 [AsyncHttpClient-1-1] DEBUG org.asynchttpclient.netty.channel.DefaultChannelPool - Entry count for : http://localhost:54953 : 1
18:01:07.310 [AsyncHttpClient-1-1] DEBUG org.asynchttpclient.netty.channel.DefaultChannelPool - Entry count for : http://localhost:54018 : 1
18:01:07.322 [Forwarding findElement on session 622790671eb51525067eaf90f2e4a5a3 to remote] DEBUG org.asynchttpclient.netty.request.NettyRequestSender - Using pooled Channel '[id: 0x15627ee2, L:/127.0.0.1:54952 - R:localhost/127.0.0.1:54018]' for 'POST' to 'http://localhost:54018/session/622790671eb51525067eaf90f2e4a5a3/element'
18:01:07.322 [Forwarding findElement on session 622790671eb51525067eaf90f2e4a5a3 to remote] DEBUG org.asynchttpclient.netty.request.NettyRequestSender - Using open Channel [id: 0x15627ee2, L:/127.0.0.1:54952 - R:localhost/127.0.0.1:54018] for POST '/session/622790671eb51525067eaf90f2e4a5a3/element'
18:01:07.342 [AsyncHttpClient-1-8] DEBUG org.asynchttpclient.netty.handler.HttpHandler - 

Request DefaultHttpRequest(decodeResult: success, version: HTTP/1.1)
POST /session/622790671eb51525067eaf90f2e4a5a3/element HTTP/1.1
User-Agent: selenium/4.1.2 (java windows)
Content-Length: 50
Content-Type: application/json; charset=utf-8
host: localhost:54018
accept: */*

Response DefaultHttpResponse(decodeResult: success, version: HTTP/1.1)
HTTP/1.1 200 OK
Content-Type: application/json; charset=utf-8
cache-control: no-cache
content-length: 88

18:01:07.342 [AsyncHttpClient-1-8] DEBUG org.asynchttpclient.netty.channel.ChannelManager - Adding key: http://localhost:54018 for channel [id: 0x15627ee2, L:/127.0.0.1:54952 - R:localhost/127.0.0.1:54018]
18:01:07.345 [Forwarding clearElement on session 622790671eb51525067eaf90f2e4a5a3 to remote] DEBUG org.asynchttpclient.netty.request.NettyRequestSender - Using pooled Channel '[id: 0x15627ee2, L:/127.0.0.1:54952 - R:localhost/127.0.0.1:54018]' for 'POST' to 'http://localhost:54018/session/622790671eb51525067eaf90f2e4a5a3/element/28d42cfa-abec-4981-be06-115959e0883a/clear'
18:01:07.345 [Forwarding clearElement on session 622790671eb51525067eaf90f2e4a5a3 to remote] DEBUG org.asynchttpclient.netty.request.NettyRequestSender - Using open Channel [id: 0x15627ee2, L:/127.0.0.1:54952 - R:localhost/127.0.0.1:54018] for POST '/session/622790671eb51525067eaf90f2e4a5a3/element/28d42cfa-abec-4981-be06-115959e0883a/clear'
18:01:07.411 [AsyncHttpClient-1-8] DEBUG org.asynchttpclient.netty.handler.HttpHandler - 

Request DefaultHttpRequest(decodeResult: success, version: HTTP/1.1)
POST /session/622790671eb51525067eaf90f2e4a5a3/element/28d42cfa-abec-4981-be06-115959e0883a/clear HTTP/1.1
User-Agent: selenium/4.1.2 (java windows)
Content-Length: 50
Content-Type: application/json; charset=utf-8
host: localhost:54018
accept: */*

Response DefaultHttpResponse(decodeResult: success, version: HTTP/1.1)
HTTP/1.1 200 OK
Content-Type: application/json; charset=utf-8
cache-control: no-cache
content-length: 14

18:01:07.412 [AsyncHttpClient-1-8] DEBUG org.asynchttpclient.netty.channel.ChannelManager - Adding key: http://localhost:54018 for channel [id: 0x15627ee2, L:/127.0.0.1:54952 - R:localhost/127.0.0.1:54018]
18:01:07.446 [Forwarding sendKeysToElement on session 622790671eb51525067eaf90f2e4a5a3 to remote] DEBUG org.asynchttpclient.netty.request.NettyRequestSender - Using pooled Channel '[id: 0x15627ee2, L:/127.0.0.1:54952 - R:localhost/127.0.0.1:54018]' for 'POST' to 'http://localhost:54018/session/622790671eb51525067eaf90f2e4a5a3/element/28d42cfa-abec-4981-be06-115959e0883a/value'
18:01:07.446 [Forwarding sendKeysToElement on session 622790671eb51525067eaf90f2e4a5a3 to remote] DEBUG org.asynchttpclient.netty.request.NettyRequestSender - Using open Channel [id: 0x15627ee2, L:/127.0.0.1:54952 - R:localhost/127.0.0.1:54018] for POST '/session/622790671eb51525067eaf90f2e4a5a3/element/28d42cfa-abec-4981-be06-115959e0883a/value'
18:01:07.601 [AsyncHttpClient-1-8] DEBUG org.asynchttpclient.netty.handler.HttpHandler - 

Request DefaultHttpRequest(decodeResult: success, version: HTTP/1.1)
POST /session/622790671eb51525067eaf90f2e4a5a3/element/28d42cfa-abec-4981-be06-115959e0883a/value HTTP/1.1
User-Agent: selenium/4.1.2 (java windows)
Content-Length: 211
Content-Type: application/json; charset=utf-8
host: localhost:54018
accept: */*

Response DefaultHttpResponse(decodeResult: success, version: HTTP/1.1)
HTTP/1.1 200 OK
Content-Type: application/json; charset=utf-8
cache-control: no-cache
content-length: 14

18:01:07.601 [AsyncHttpClient-1-8] DEBUG org.asynchttpclient.netty.channel.ChannelManager - Adding key: http://localhost:54018 for channel [id: 0x15627ee2, L:/127.0.0.1:54952 - R:localhost/127.0.0.1:54018]
18:01:07.648 [Forwarding screenshot on session 622790671eb51525067eaf90f2e4a5a3 to remote] DEBUG org.asynchttpclient.netty.request.NettyRequestSender - Using pooled Channel '[id: 0x15627ee2, L:/127.0.0.1:54952 - R:localhost/127.0.0.1:54018]' for 'GET' to 'http://localhost:54018/session/622790671eb51525067eaf90f2e4a5a3/screenshot'
18:01:07.648 [Forwarding screenshot on session 622790671eb51525067eaf90f2e4a5a3 to remote] DEBUG org.asynchttpclient.netty.request.NettyRequestSender - Using open Channel [id: 0x15627ee2, L:/127.0.0.1:54952 - R:localhost/127.0.0.1:54018] for GET '/session/622790671eb51525067eaf90f2e4a5a3/screenshot'
18:01:08.086 [AsyncHttpClient-1-8] DEBUG org.asynchttpclient.netty.handler.HttpHandler - 

Request DefaultFullHttpRequest(decodeResult: success, version: HTTP/1.1, content: EmptyByteBufBE)
GET /session/622790671eb51525067eaf90f2e4a5a3/screenshot HTTP/1.1
User-Agent: selenium/4.1.2 (java windows)
Cache-Control: no-cache
Content-Type: application/json; charset=utf-8
host: localhost:54018
accept: */*

Response DefaultHttpResponse(decodeResult: success, version: HTTP/1.1)
HTTP/1.1 200 OK
Content-Type: application/json; charset=utf-8
cache-control: no-cache
content-length: 375764

18:01:08.088 [AsyncHttpClient-1-8] DEBUG org.asynchttpclient.netty.channel.ChannelManager - Adding key: http://localhost:54018 for channel [id: 0x15627ee2, L:/127.0.0.1:54952 - R:localhost/127.0.0.1:54018]
18:01:08.117 [Test worker] DEBUG net.serenitybdd.core.photography.Darkroom - Send negative for processing for C:\Users\johan\OneDrive\Documentos\KONEX\Pruebas automatizadas\automatizacion_login_backoffice_1v\target\site\serenity\82545303172ec662d67636c7b6b8ee996814779f9d6f8bd3a496bd9458605ac5.png
18:01:08.176 [Forwarding screenshot on session 622790671eb51525067eaf90f2e4a5a3 to remote] DEBUG org.asynchttpclient.netty.request.NettyRequestSender - Using pooled Channel '[id: 0x15627ee2, L:/127.0.0.1:54952 - R:localhost/127.0.0.1:54018]' for 'GET' to 'http://localhost:54018/session/622790671eb51525067eaf90f2e4a5a3/screenshot'
18:01:08.177 [Forwarding screenshot on session 622790671eb51525067eaf90f2e4a5a3 to remote] DEBUG org.asynchttpclient.netty.request.NettyRequestSender - Using open Channel [id: 0x15627ee2, L:/127.0.0.1:54952 - R:localhost/127.0.0.1:54018] for GET '/session/622790671eb51525067eaf90f2e4a5a3/screenshot'
18:01:08.409 [AsyncHttpClient-1-1] DEBUG org.asynchttpclient.netty.channel.DefaultChannelPool - Entry count for : http://localhost:54953 : 1
18:01:08.582 [AsyncHttpClient-1-8] DEBUG org.asynchttpclient.netty.handler.HttpHandler - 

Request DefaultFullHttpRequest(decodeResult: success, version: HTTP/1.1, content: EmptyByteBufBE)
GET /session/622790671eb51525067eaf90f2e4a5a3/screenshot HTTP/1.1
User-Agent: selenium/4.1.2 (java windows)
Cache-Control: no-cache
Content-Type: application/json; charset=utf-8
host: localhost:54018
accept: */*

Response DefaultHttpResponse(decodeResult: success, version: HTTP/1.1)
HTTP/1.1 200 OK
Content-Type: application/json; charset=utf-8
cache-control: no-cache
content-length: 375712

18:01:08.584 [AsyncHttpClient-1-8] DEBUG org.asynchttpclient.netty.channel.ChannelManager - Adding key: http://localhost:54018 for channel [id: 0x15627ee2, L:/127.0.0.1:54952 - R:localhost/127.0.0.1:54018]
18:01:08.611 [Test worker] DEBUG net.serenitybdd.core.photography.Darkroom - Send negative for processing for C:\Users\johan\OneDrive\Documentos\KONEX\Pruebas automatizadas\automatizacion_login_backoffice_1v\target\site\serenity\9208d94f02107595102d184f7f04725f12a9d18e33879a6d4028a934f6528f91.png
18:01:08.611 [Test worker] DEBUG net.thucydides.core.steps.StepInterceptor - STEP DONE: {0} enters #theTextAsAString into #target
18:01:08.612 [Darkroom Processing Line] DEBUG net.serenitybdd.core.photography.DarkroomProcessingLine - Processing screenshot image in /var/screenshots/screenshot-9016157210012297727
18:01:08.612 [Darkroom Processing Line] DEBUG net.serenitybdd.core.photography.DarkroomProcessingLine - Saving screenshot to C:\Users\johan\OneDrive\Documentos\KONEX\Pruebas automatizadas\automatizacion_login_backoffice_1v\target\site\serenity\9208d94f02107595102d184f7f04725f12a9d18e33879a6d4028a934f6528f91.png
18:01:08.649 [Test worker] DEBUG net.thucydides.core.steps.StepInterceptor - STARTING STEP: Ingresar.performAs - {0} clicks on #target
18:01:08.650 [Test worker] DEBUG net.serenitybdd.screenplay.targets.IFrameSwitcher - default content already selected for Verificar contrasenna
18:01:08.814 [Forwarding findElement on session 622790671eb51525067eaf90f2e4a5a3 to remote] DEBUG org.asynchttpclient.netty.request.NettyRequestSender - Using pooled Channel '[id: 0x15627ee2, L:/127.0.0.1:54952 - R:localhost/127.0.0.1:54018]' for 'POST' to 'http://localhost:54018/session/622790671eb51525067eaf90f2e4a5a3/element'
18:01:08.814 [Forwarding findElement on session 622790671eb51525067eaf90f2e4a5a3 to remote] DEBUG org.asynchttpclient.netty.request.NettyRequestSender - Using open Channel [id: 0x15627ee2, L:/127.0.0.1:54952 - R:localhost/127.0.0.1:54018] for POST '/session/622790671eb51525067eaf90f2e4a5a3/element'
18:01:08.835 [AsyncHttpClient-1-8] DEBUG org.asynchttpclient.netty.handler.HttpHandler - 

Request DefaultHttpRequest(decodeResult: success, version: HTTP/1.1)
POST /session/622790671eb51525067eaf90f2e4a5a3/element HTTP/1.1
User-Agent: selenium/4.1.2 (java windows)
Content-Length: 93
Content-Type: application/json; charset=utf-8
host: localhost:54018
accept: */*

Response DefaultHttpResponse(decodeResult: success, version: HTTP/1.1)
HTTP/1.1 200 OK
Content-Type: application/json; charset=utf-8
cache-control: no-cache
content-length: 88

18:01:08.835 [AsyncHttpClient-1-8] DEBUG org.asynchttpclient.netty.channel.ChannelManager - Adding key: http://localhost:54018 for channel [id: 0x15627ee2, L:/127.0.0.1:54952 - R:localhost/127.0.0.1:54018]
18:01:08.866 [Forwarding isElementDisplayed on session 622790671eb51525067eaf90f2e4a5a3 to remote] DEBUG org.asynchttpclient.netty.request.NettyRequestSender - Using pooled Channel '[id: 0x15627ee2, L:/127.0.0.1:54952 - R:localhost/127.0.0.1:54018]' for 'POST' to 'http://localhost:54018/session/622790671eb51525067eaf90f2e4a5a3/execute/sync'
18:01:08.866 [Forwarding isElementDisplayed on session 622790671eb51525067eaf90f2e4a5a3 to remote] DEBUG org.asynchttpclient.netty.request.NettyRequestSender - Using open Channel [id: 0x15627ee2, L:/127.0.0.1:54952 - R:localhost/127.0.0.1:54018] for POST '/session/622790671eb51525067eaf90f2e4a5a3/execute/sync'
18:01:08.889 [AsyncHttpClient-1-8] DEBUG org.asynchttpclient.netty.handler.HttpHandler - 

Request DefaultHttpRequest(decodeResult: success, version: HTTP/1.1)
POST /session/622790671eb51525067eaf90f2e4a5a3/execute/sync HTTP/1.1
User-Agent: selenium/4.1.2 (java windows)
Content-Length: 48780
Content-Type: application/json; charset=utf-8
host: localhost:54018
accept: */*

Response DefaultHttpResponse(decodeResult: success, version: HTTP/1.1)
HTTP/1.1 200 OK
Content-Type: application/json; charset=utf-8
cache-control: no-cache
content-length: 14

18:01:08.889 [AsyncHttpClient-1-8] DEBUG org.asynchttpclient.netty.channel.ChannelManager - Adding key: http://localhost:54018 for channel [id: 0x15627ee2, L:/127.0.0.1:54952 - R:localhost/127.0.0.1:54018]
18:01:08.930 [Forwarding findElement on session 622790671eb51525067eaf90f2e4a5a3 to remote] DEBUG org.asynchttpclient.netty.request.NettyRequestSender - Using pooled Channel '[id: 0x15627ee2, L:/127.0.0.1:54952 - R:localhost/127.0.0.1:54018]' for 'POST' to 'http://localhost:54018/session/622790671eb51525067eaf90f2e4a5a3/element'
18:01:08.930 [Forwarding findElement on session 622790671eb51525067eaf90f2e4a5a3 to remote] DEBUG org.asynchttpclient.netty.request.NettyRequestSender - Using open Channel [id: 0x15627ee2, L:/127.0.0.1:54952 - R:localhost/127.0.0.1:54018] for POST '/session/622790671eb51525067eaf90f2e4a5a3/element'
18:01:08.944 [AsyncHttpClient-1-8] DEBUG org.asynchttpclient.netty.handler.HttpHandler - 

Request DefaultHttpRequest(decodeResult: success, version: HTTP/1.1)
POST /session/622790671eb51525067eaf90f2e4a5a3/element HTTP/1.1
User-Agent: selenium/4.1.2 (java windows)
Content-Length: 93
Content-Type: application/json; charset=utf-8
host: localhost:54018
accept: */*

Response DefaultHttpResponse(decodeResult: success, version: HTTP/1.1)
HTTP/1.1 200 OK
Content-Type: application/json; charset=utf-8
cache-control: no-cache
content-length: 88

18:01:08.944 [AsyncHttpClient-1-8] DEBUG org.asynchttpclient.netty.channel.ChannelManager - Adding key: http://localhost:54018 for channel [id: 0x15627ee2, L:/127.0.0.1:54952 - R:localhost/127.0.0.1:54018]
18:01:08.947 [Forwarding clickElement on session 622790671eb51525067eaf90f2e4a5a3 to remote] DEBUG org.asynchttpclient.netty.request.NettyRequestSender - Using pooled Channel '[id: 0x15627ee2, L:/127.0.0.1:54952 - R:localhost/127.0.0.1:54018]' for 'POST' to 'http://localhost:54018/session/622790671eb51525067eaf90f2e4a5a3/element/9598b1a9-a2bf-41c2-9c6e-91b828aff498/click'
18:01:08.947 [Forwarding clickElement on session 622790671eb51525067eaf90f2e4a5a3 to remote] DEBUG org.asynchttpclient.netty.request.NettyRequestSender - Using open Channel [id: 0x15627ee2, L:/127.0.0.1:54952 - R:localhost/127.0.0.1:54018] for POST '/session/622790671eb51525067eaf90f2e4a5a3/element/9598b1a9-a2bf-41c2-9c6e-91b828aff498/click'
18:01:09.046 [AsyncHttpClient-1-8] DEBUG org.asynchttpclient.netty.handler.HttpHandler - 

Request DefaultHttpRequest(decodeResult: success, version: HTTP/1.1)
POST /session/622790671eb51525067eaf90f2e4a5a3/element/9598b1a9-a2bf-41c2-9c6e-91b828aff498/click HTTP/1.1
User-Agent: selenium/4.1.2 (java windows)
Content-Length: 50
Content-Type: application/json; charset=utf-8
host: localhost:54018
accept: */*

Response DefaultHttpResponse(decodeResult: success, version: HTTP/1.1)
HTTP/1.1 200 OK
Content-Type: application/json; charset=utf-8
cache-control: no-cache
content-length: 14

18:01:09.047 [AsyncHttpClient-1-8] DEBUG org.asynchttpclient.netty.channel.ChannelManager - Adding key: http://localhost:54018 for channel [id: 0x15627ee2, L:/127.0.0.1:54952 - R:localhost/127.0.0.1:54018]
18:01:09.102 [Forwarding screenshot on session 622790671eb51525067eaf90f2e4a5a3 to remote] DEBUG org.asynchttpclient.netty.request.NettyRequestSender - Using pooled Channel '[id: 0x15627ee2, L:/127.0.0.1:54952 - R:localhost/127.0.0.1:54018]' for 'GET' to 'http://localhost:54018/session/622790671eb51525067eaf90f2e4a5a3/screenshot'
18:01:09.102 [Forwarding screenshot on session 622790671eb51525067eaf90f2e4a5a3 to remote] DEBUG org.asynchttpclient.netty.request.NettyRequestSender - Using open Channel [id: 0x15627ee2, L:/127.0.0.1:54952 - R:localhost/127.0.0.1:54018] for GET '/session/622790671eb51525067eaf90f2e4a5a3/screenshot'
18:01:09.514 [AsyncHttpClient-1-1] DEBUG org.asynchttpclient.netty.channel.DefaultChannelPool - Entry count for : http://localhost:54953 : 1
18:01:09.611 [AsyncHttpClient-1-8] DEBUG org.asynchttpclient.netty.handler.HttpHandler - 

Request DefaultFullHttpRequest(decodeResult: success, version: HTTP/1.1, content: EmptyByteBufBE)
GET /session/622790671eb51525067eaf90f2e4a5a3/screenshot HTTP/1.1
User-Agent: selenium/4.1.2 (java windows)
Cache-Control: no-cache
Content-Type: application/json; charset=utf-8
host: localhost:54018
accept: */*

Response DefaultHttpResponse(decodeResult: success, version: HTTP/1.1)
HTTP/1.1 200 OK
Content-Type: application/json; charset=utf-8
cache-control: no-cache
content-length: 375624

18:01:09.628 [AsyncHttpClient-1-8] DEBUG org.asynchttpclient.netty.channel.ChannelManager - Adding key: http://localhost:54018 for channel [id: 0x15627ee2, L:/127.0.0.1:54952 - R:localhost/127.0.0.1:54018]
18:01:09.671 [Test worker] DEBUG net.serenitybdd.core.photography.Darkroom - Send negative for processing for C:\Users\johan\OneDrive\Documentos\KONEX\Pruebas automatizadas\automatizacion_login_backoffice_1v\target\site\serenity\ba40dfb52ab7ab37a2124dfb9f9bd174cbdde14a52b3110c41e879143e430dbe.png
18:01:09.726 [Forwarding screenshot on session 622790671eb51525067eaf90f2e4a5a3 to remote] DEBUG org.asynchttpclient.netty.request.NettyRequestSender - Using pooled Channel '[id: 0x15627ee2, L:/127.0.0.1:54952 - R:localhost/127.0.0.1:54018]' for 'GET' to 'http://localhost:54018/session/622790671eb51525067eaf90f2e4a5a3/screenshot'
18:01:09.726 [Forwarding screenshot on session 622790671eb51525067eaf90f2e4a5a3 to remote] DEBUG org.asynchttpclient.netty.request.NettyRequestSender - Using open Channel [id: 0x15627ee2, L:/127.0.0.1:54952 - R:localhost/127.0.0.1:54018] for GET '/session/622790671eb51525067eaf90f2e4a5a3/screenshot'
18:01:10.615 [AsyncHttpClient-1-1] DEBUG org.asynchttpclient.netty.channel.DefaultChannelPool - Entry count for : http://localhost:54953 : 1
18:01:10.657 [AsyncHttpClient-1-8] DEBUG org.asynchttpclient.netty.handler.HttpHandler - 

Request DefaultFullHttpRequest(decodeResult: success, version: HTTP/1.1, content: EmptyByteBufBE)
GET /session/622790671eb51525067eaf90f2e4a5a3/screenshot HTTP/1.1
User-Agent: selenium/4.1.2 (java windows)
Cache-Control: no-cache
Content-Type: application/json; charset=utf-8
host: localhost:54018
accept: */*

Response DefaultHttpResponse(decodeResult: success, version: HTTP/1.1)
HTTP/1.1 200 OK
Content-Type: application/json; charset=utf-8
cache-control: no-cache
content-length: 375624

18:01:10.658 [AsyncHttpClient-1-8] DEBUG org.asynchttpclient.netty.channel.ChannelManager - Adding key: http://localhost:54018 for channel [id: 0x15627ee2, L:/127.0.0.1:54952 - R:localhost/127.0.0.1:54018]
18:01:10.688 [Test worker] DEBUG net.serenitybdd.core.photography.Darkroom - Send negative for processing for C:\Users\johan\OneDrive\Documentos\KONEX\Pruebas automatizadas\automatizacion_login_backoffice_1v\target\site\serenity\ba40dfb52ab7ab37a2124dfb9f9bd174cbdde14a52b3110c41e879143e430dbe.png
18:01:10.688 [Test worker] DEBUG net.thucydides.core.steps.StepInterceptor - STEP DONE: {0} clicks on #target
18:01:10.730 [Test worker] DEBUG net.thucydides.core.steps.StepInterceptor - STARTING STEP: Ingresar.performAs - {0} clicks on #target
18:01:10.731 [Test worker] DEBUG net.serenitybdd.screenplay.targets.IFrameSwitcher - default content already selected for Boton iniciar sesion
18:01:10.888 [Forwarding findElement on session 622790671eb51525067eaf90f2e4a5a3 to remote] DEBUG org.asynchttpclient.netty.request.NettyRequestSender - Using pooled Channel '[id: 0x15627ee2, L:/127.0.0.1:54952 - R:localhost/127.0.0.1:54018]' for 'POST' to 'http://localhost:54018/session/622790671eb51525067eaf90f2e4a5a3/element'
18:01:10.888 [Forwarding findElement on session 622790671eb51525067eaf90f2e4a5a3 to remote] DEBUG org.asynchttpclient.netty.request.NettyRequestSender - Using open Channel [id: 0x15627ee2, L:/127.0.0.1:54952 - R:localhost/127.0.0.1:54018] for POST '/session/622790671eb51525067eaf90f2e4a5a3/element'
18:01:10.909 [AsyncHttpClient-1-8] DEBUG org.asynchttpclient.netty.handler.HttpHandler - 

Request DefaultHttpRequest(decodeResult: success, version: HTTP/1.1)
POST /session/622790671eb51525067eaf90f2e4a5a3/element HTTP/1.1
User-Agent: selenium/4.1.2 (java windows)
Content-Length: 89
Content-Type: application/json; charset=utf-8
host: localhost:54018
accept: */*

Response DefaultHttpResponse(decodeResult: success, version: HTTP/1.1)
HTTP/1.1 200 OK
Content-Type: application/json; charset=utf-8
cache-control: no-cache
content-length: 88

18:01:10.909 [AsyncHttpClient-1-8] DEBUG org.asynchttpclient.netty.channel.ChannelManager - Adding key: http://localhost:54018 for channel [id: 0x15627ee2, L:/127.0.0.1:54952 - R:localhost/127.0.0.1:54018]
18:01:10.945 [Forwarding isElementDisplayed on session 622790671eb51525067eaf90f2e4a5a3 to remote] DEBUG org.asynchttpclient.netty.request.NettyRequestSender - Using pooled Channel '[id: 0x15627ee2, L:/127.0.0.1:54952 - R:localhost/127.0.0.1:54018]' for 'POST' to 'http://localhost:54018/session/622790671eb51525067eaf90f2e4a5a3/execute/sync'
18:01:10.946 [Forwarding isElementDisplayed on session 622790671eb51525067eaf90f2e4a5a3 to remote] DEBUG org.asynchttpclient.netty.request.NettyRequestSender - Using open Channel [id: 0x15627ee2, L:/127.0.0.1:54952 - R:localhost/127.0.0.1:54018] for POST '/session/622790671eb51525067eaf90f2e4a5a3/execute/sync'
18:01:10.977 [AsyncHttpClient-1-8] DEBUG org.asynchttpclient.netty.handler.HttpHandler - 

Request DefaultHttpRequest(decodeResult: success, version: HTTP/1.1)
POST /session/622790671eb51525067eaf90f2e4a5a3/execute/sync HTTP/1.1
User-Agent: selenium/4.1.2 (java windows)
Content-Length: 48780
Content-Type: application/json; charset=utf-8
host: localhost:54018
accept: */*

Response DefaultHttpResponse(decodeResult: success, version: HTTP/1.1)
HTTP/1.1 200 OK
Content-Type: application/json; charset=utf-8
cache-control: no-cache
content-length: 14

18:01:10.977 [AsyncHttpClient-1-8] DEBUG org.asynchttpclient.netty.channel.ChannelManager - Adding key: http://localhost:54018 for channel [id: 0x15627ee2, L:/127.0.0.1:54952 - R:localhost/127.0.0.1:54018]
18:01:11.037 [Forwarding findElement on session 622790671eb51525067eaf90f2e4a5a3 to remote] DEBUG org.asynchttpclient.netty.request.NettyRequestSender - Using pooled Channel '[id: 0x15627ee2, L:/127.0.0.1:54952 - R:localhost/127.0.0.1:54018]' for 'POST' to 'http://localhost:54018/session/622790671eb51525067eaf90f2e4a5a3/element'
18:01:11.037 [Forwarding findElement on session 622790671eb51525067eaf90f2e4a5a3 to remote] DEBUG org.asynchttpclient.netty.request.NettyRequestSender - Using open Channel [id: 0x15627ee2, L:/127.0.0.1:54952 - R:localhost/127.0.0.1:54018] for POST '/session/622790671eb51525067eaf90f2e4a5a3/element'
18:01:11.051 [AsyncHttpClient-1-8] DEBUG org.asynchttpclient.netty.handler.HttpHandler - 

Request DefaultHttpRequest(decodeResult: success, version: HTTP/1.1)
POST /session/622790671eb51525067eaf90f2e4a5a3/element HTTP/1.1
User-Agent: selenium/4.1.2 (java windows)
Content-Length: 89
Content-Type: application/json; charset=utf-8
host: localhost:54018
accept: */*

Response DefaultHttpResponse(decodeResult: success, version: HTTP/1.1)
HTTP/1.1 200 OK
Content-Type: application/json; charset=utf-8
cache-control: no-cache
content-length: 88

18:01:11.052 [AsyncHttpClient-1-8] DEBUG org.asynchttpclient.netty.channel.ChannelManager - Adding key: http://localhost:54018 for channel [id: 0x15627ee2, L:/127.0.0.1:54952 - R:localhost/127.0.0.1:54018]
18:01:11.055 [Forwarding clickElement on session 622790671eb51525067eaf90f2e4a5a3 to remote] DEBUG org.asynchttpclient.netty.request.NettyRequestSender - Using pooled Channel '[id: 0x15627ee2, L:/127.0.0.1:54952 - R:localhost/127.0.0.1:54018]' for 'POST' to 'http://localhost:54018/session/622790671eb51525067eaf90f2e4a5a3/element/ebe88dd8-7126-4c5f-8938-365cd4c07c2d/click'
18:01:11.055 [Forwarding clickElement on session 622790671eb51525067eaf90f2e4a5a3 to remote] DEBUG org.asynchttpclient.netty.request.NettyRequestSender - Using open Channel [id: 0x15627ee2, L:/127.0.0.1:54952 - R:localhost/127.0.0.1:54018] for POST '/session/622790671eb51525067eaf90f2e4a5a3/element/ebe88dd8-7126-4c5f-8938-365cd4c07c2d/click'
18:01:11.120 [AsyncHttpClient-1-8] DEBUG org.asynchttpclient.netty.handler.HttpHandler - 

Request DefaultHttpRequest(decodeResult: success, version: HTTP/1.1)
POST /session/622790671eb51525067eaf90f2e4a5a3/element/ebe88dd8-7126-4c5f-8938-365cd4c07c2d/click HTTP/1.1
User-Agent: selenium/4.1.2 (java windows)
Content-Length: 50
Content-Type: application/json; charset=utf-8
host: localhost:54018
accept: */*

Response DefaultHttpResponse(decodeResult: success, version: HTTP/1.1)
HTTP/1.1 200 OK
Content-Type: application/json; charset=utf-8
cache-control: no-cache
content-length: 14

18:01:11.120 [AsyncHttpClient-1-8] DEBUG org.asynchttpclient.netty.channel.ChannelManager - Adding key: http://localhost:54018 for channel [id: 0x15627ee2, L:/127.0.0.1:54952 - R:localhost/127.0.0.1:54018]
18:01:11.173 [Forwarding screenshot on session 622790671eb51525067eaf90f2e4a5a3 to remote] DEBUG org.asynchttpclient.netty.request.NettyRequestSender - Using pooled Channel '[id: 0x15627ee2, L:/127.0.0.1:54952 - R:localhost/127.0.0.1:54018]' for 'GET' to 'http://localhost:54018/session/622790671eb51525067eaf90f2e4a5a3/screenshot'
18:01:11.173 [Forwarding screenshot on session 622790671eb51525067eaf90f2e4a5a3 to remote] DEBUG org.asynchttpclient.netty.request.NettyRequestSender - Using open Channel [id: 0x15627ee2, L:/127.0.0.1:54952 - R:localhost/127.0.0.1:54018] for GET '/session/622790671eb51525067eaf90f2e4a5a3/screenshot'
18:01:11.646 [AsyncHttpClient-1-8] DEBUG org.asynchttpclient.netty.handler.HttpHandler - 

Request DefaultFullHttpRequest(decodeResult: success, version: HTTP/1.1, content: EmptyByteBufBE)
GET /session/622790671eb51525067eaf90f2e4a5a3/screenshot HTTP/1.1
User-Agent: selenium/4.1.2 (java windows)
Cache-Control: no-cache
Content-Type: application/json; charset=utf-8
host: localhost:54018
accept: */*

Response DefaultHttpResponse(decodeResult: success, version: HTTP/1.1)
HTTP/1.1 200 OK
Content-Type: application/json; charset=utf-8
cache-control: no-cache
content-length: 355548

18:01:11.649 [AsyncHttpClient-1-8] DEBUG org.asynchttpclient.netty.channel.ChannelManager - Adding key: http://localhost:54018 for channel [id: 0x15627ee2, L:/127.0.0.1:54952 - R:localhost/127.0.0.1:54018]
18:01:11.678 [Test worker] DEBUG net.serenitybdd.core.photography.Darkroom - Send negative for processing for C:\Users\johan\OneDrive\Documentos\KONEX\Pruebas automatizadas\automatizacion_login_backoffice_1v\target\site\serenity\37163fe7406912b93053427de1b844675c54f9ae007c3b44d21c5ebe6dd95ed1.png
18:01:11.678 [Darkroom Processing Line] DEBUG net.serenitybdd.core.photography.DarkroomProcessingLine - Processing screenshot image in /var/screenshots/screenshot-2202958872142820276
18:01:11.678 [Darkroom Processing Line] DEBUG net.serenitybdd.core.photography.DarkroomProcessingLine - Saving screenshot to C:\Users\johan\OneDrive\Documentos\KONEX\Pruebas automatizadas\automatizacion_login_backoffice_1v\target\site\serenity\37163fe7406912b93053427de1b844675c54f9ae007c3b44d21c5ebe6dd95ed1.png
18:01:11.717 [Test worker] DEBUG net.thucydides.core.steps.StepInterceptor - STEP DONE: {0} clicks on #target
18:01:11.718 [AsyncHttpClient-1-1] DEBUG org.asynchttpclient.netty.channel.DefaultChannelPool - Entry count for : http://localhost:54953 : 1
18:01:11.718 [AsyncHttpClient-1-1] DEBUG org.asynchttpclient.netty.channel.DefaultChannelPool - Entry count for : http://localhost:54018 : 1
18:01:11.754 [Forwarding screenshot on session 622790671eb51525067eaf90f2e4a5a3 to remote] DEBUG org.asynchttpclient.netty.request.NettyRequestSender - Using pooled Channel '[id: 0x15627ee2, L:/127.0.0.1:54952 - R:localhost/127.0.0.1:54018]' for 'GET' to 'http://localhost:54018/session/622790671eb51525067eaf90f2e4a5a3/screenshot'
18:01:11.754 [Forwarding screenshot on session 622790671eb51525067eaf90f2e4a5a3 to remote] DEBUG org.asynchttpclient.netty.request.NettyRequestSender - Using open Channel [id: 0x15627ee2, L:/127.0.0.1:54952 - R:localhost/127.0.0.1:54018] for GET '/session/622790671eb51525067eaf90f2e4a5a3/screenshot'
18:01:12.189 [AsyncHttpClient-1-8] DEBUG org.asynchttpclient.netty.handler.HttpHandler - 

Request DefaultFullHttpRequest(decodeResult: success, version: HTTP/1.1, content: EmptyByteBufBE)
GET /session/622790671eb51525067eaf90f2e4a5a3/screenshot HTTP/1.1
User-Agent: selenium/4.1.2 (java windows)
Cache-Control: no-cache
Content-Type: application/json; charset=utf-8
host: localhost:54018
accept: */*

Response DefaultHttpResponse(decodeResult: success, version: HTTP/1.1)
HTTP/1.1 200 OK
Content-Type: application/json; charset=utf-8
cache-control: no-cache
content-length: 355424

18:01:12.190 [AsyncHttpClient-1-8] DEBUG org.asynchttpclient.netty.channel.ChannelManager - Adding key: http://localhost:54018 for channel [id: 0x15627ee2, L:/127.0.0.1:54952 - R:localhost/127.0.0.1:54018]
18:01:12.219 [Test worker] DEBUG net.serenitybdd.core.photography.Darkroom - Send negative for processing for C:\Users\johan\OneDrive\Documentos\KONEX\Pruebas automatizadas\automatizacion_login_backoffice_1v\target\site\serenity\0c24ad2fa8055cf0fc25a1d7b68461f23b9b153a09a82614ad38f2a0f9bc9e3a.png
18:01:12.220 [Darkroom Processing Line] DEBUG net.serenitybdd.core.photography.DarkroomProcessingLine - Processing screenshot image in /var/screenshots/screenshot-2399692734346406575
18:01:12.220 [Darkroom Processing Line] DEBUG net.serenitybdd.core.photography.DarkroomProcessingLine - Saving screenshot to C:\Users\johan\OneDrive\Documentos\KONEX\Pruebas automatizadas\automatizacion_login_backoffice_1v\target\site\serenity\0c24ad2fa8055cf0fc25a1d7b68461f23b9b153a09a82614ad38f2a0f9bc9e3a.png
18:01:12.220 [Test worker] DEBUG net.thucydides.core.steps.StepInterceptor - STARTING STEP: Ingresar.performAs - {0} clicks on #target
18:01:12.221 [Test worker] DEBUG net.serenitybdd.screenplay.targets.IFrameSwitcher - default content already selected for Opcion empresa
18:01:12.404 [Forwarding findElement on session 622790671eb51525067eaf90f2e4a5a3 to remote] DEBUG org.asynchttpclient.netty.request.NettyRequestSender - Using pooled Channel '[id: 0x15627ee2, L:/127.0.0.1:54952 - R:localhost/127.0.0.1:54018]' for 'POST' to 'http://localhost:54018/session/622790671eb51525067eaf90f2e4a5a3/element'
18:01:12.404 [Forwarding findElement on session 622790671eb51525067eaf90f2e4a5a3 to remote] DEBUG org.asynchttpclient.netty.request.NettyRequestSender - Using open Channel [id: 0x15627ee2, L:/127.0.0.1:54952 - R:localhost/127.0.0.1:54018] for POST '/session/622790671eb51525067eaf90f2e4a5a3/element'
18:01:12.430 [AsyncHttpClient-1-8] DEBUG org.asynchttpclient.netty.handler.HttpHandler - 

Request DefaultHttpRequest(decodeResult: success, version: HTTP/1.1)
POST /session/622790671eb51525067eaf90f2e4a5a3/element HTTP/1.1
User-Agent: selenium/4.1.2 (java windows)
Content-Length: 78
Content-Type: application/json; charset=utf-8
host: localhost:54018
accept: */*

Response DefaultHttpResponse(decodeResult: success, version: HTTP/1.1)
HTTP/1.1 200 OK
Content-Type: application/json; charset=utf-8
cache-control: no-cache
content-length: 88

18:01:12.430 [AsyncHttpClient-1-8] DEBUG org.asynchttpclient.netty.channel.ChannelManager - Adding key: http://localhost:54018 for channel [id: 0x15627ee2, L:/127.0.0.1:54952 - R:localhost/127.0.0.1:54018]
18:01:12.475 [Forwarding isElementDisplayed on session 622790671eb51525067eaf90f2e4a5a3 to remote] DEBUG org.asynchttpclient.netty.request.NettyRequestSender - Using pooled Channel '[id: 0x15627ee2, L:/127.0.0.1:54952 - R:localhost/127.0.0.1:54018]' for 'POST' to 'http://localhost:54018/session/622790671eb51525067eaf90f2e4a5a3/execute/sync'
18:01:12.475 [Forwarding isElementDisplayed on session 622790671eb51525067eaf90f2e4a5a3 to remote] DEBUG org.asynchttpclient.netty.request.NettyRequestSender - Using open Channel [id: 0x15627ee2, L:/127.0.0.1:54952 - R:localhost/127.0.0.1:54018] for POST '/session/622790671eb51525067eaf90f2e4a5a3/execute/sync'
18:01:12.498 [AsyncHttpClient-1-8] DEBUG org.asynchttpclient.netty.handler.HttpHandler - 

Request DefaultHttpRequest(decodeResult: success, version: HTTP/1.1)
POST /session/622790671eb51525067eaf90f2e4a5a3/execute/sync HTTP/1.1
User-Agent: selenium/4.1.2 (java windows)
Content-Length: 48780
Content-Type: application/json; charset=utf-8
host: localhost:54018
accept: */*

Response DefaultHttpResponse(decodeResult: success, version: HTTP/1.1)
HTTP/1.1 200 OK
Content-Type: application/json; charset=utf-8
cache-control: no-cache
content-length: 14

18:01:12.498 [AsyncHttpClient-1-8] DEBUG org.asynchttpclient.netty.channel.ChannelManager - Adding key: http://localhost:54018 for channel [id: 0x15627ee2, L:/127.0.0.1:54952 - R:localhost/127.0.0.1:54018]
18:01:12.575 [Forwarding findElement on session 622790671eb51525067eaf90f2e4a5a3 to remote] DEBUG org.asynchttpclient.netty.request.NettyRequestSender - Using pooled Channel '[id: 0x15627ee2, L:/127.0.0.1:54952 - R:localhost/127.0.0.1:54018]' for 'POST' to 'http://localhost:54018/session/622790671eb51525067eaf90f2e4a5a3/element'
18:01:12.575 [Forwarding findElement on session 622790671eb51525067eaf90f2e4a5a3 to remote] DEBUG org.asynchttpclient.netty.request.NettyRequestSender - Using open Channel [id: 0x15627ee2, L:/127.0.0.1:54952 - R:localhost/127.0.0.1:54018] for POST '/session/622790671eb51525067eaf90f2e4a5a3/element'
18:01:12.589 [AsyncHttpClient-1-8] DEBUG org.asynchttpclient.netty.handler.HttpHandler - 

Request DefaultHttpRequest(decodeResult: success, version: HTTP/1.1)
POST /session/622790671eb51525067eaf90f2e4a5a3/element HTTP/1.1
User-Agent: selenium/4.1.2 (java windows)
Content-Length: 78
Content-Type: application/json; charset=utf-8
host: localhost:54018
accept: */*

Response DefaultHttpResponse(decodeResult: success, version: HTTP/1.1)
HTTP/1.1 200 OK
Content-Type: application/json; charset=utf-8
cache-control: no-cache
content-length: 88

18:01:12.589 [AsyncHttpClient-1-8] DEBUG org.asynchttpclient.netty.channel.ChannelManager - Adding key: http://localhost:54018 for channel [id: 0x15627ee2, L:/127.0.0.1:54952 - R:localhost/127.0.0.1:54018]
18:01:12.591 [Forwarding clickElement on session 622790671eb51525067eaf90f2e4a5a3 to remote] DEBUG org.asynchttpclient.netty.request.NettyRequestSender - Using pooled Channel '[id: 0x15627ee2, L:/127.0.0.1:54952 - R:localhost/127.0.0.1:54018]' for 'POST' to 'http://localhost:54018/session/622790671eb51525067eaf90f2e4a5a3/element/9e8269f2-6a92-41a1-ae3e-9686be50ad6c/click'
18:01:12.591 [Forwarding clickElement on session 622790671eb51525067eaf90f2e4a5a3 to remote] DEBUG org.asynchttpclient.netty.request.NettyRequestSender - Using open Channel [id: 0x15627ee2, L:/127.0.0.1:54952 - R:localhost/127.0.0.1:54018] for POST '/session/622790671eb51525067eaf90f2e4a5a3/element/9e8269f2-6a92-41a1-ae3e-9686be50ad6c/click'
18:01:12.649 [AsyncHttpClient-1-8] DEBUG org.asynchttpclient.netty.handler.HttpHandler - 

Request DefaultHttpRequest(decodeResult: success, version: HTTP/1.1)
POST /session/622790671eb51525067eaf90f2e4a5a3/element/9e8269f2-6a92-41a1-ae3e-9686be50ad6c/click HTTP/1.1
User-Agent: selenium/4.1.2 (java windows)
Content-Length: 50
Content-Type: application/json; charset=utf-8
host: localhost:54018
accept: */*

Response DefaultHttpResponse(decodeResult: success, version: HTTP/1.1)
HTTP/1.1 200 OK
Content-Type: application/json; charset=utf-8
cache-control: no-cache
content-length: 14

18:01:12.649 [AsyncHttpClient-1-8] DEBUG org.asynchttpclient.netty.channel.ChannelManager - Adding key: http://localhost:54018 for channel [id: 0x15627ee2, L:/127.0.0.1:54952 - R:localhost/127.0.0.1:54018]
18:01:12.688 [Forwarding screenshot on session 622790671eb51525067eaf90f2e4a5a3 to remote] DEBUG org.asynchttpclient.netty.request.NettyRequestSender - Using pooled Channel '[id: 0x15627ee2, L:/127.0.0.1:54952 - R:localhost/127.0.0.1:54018]' for 'GET' to 'http://localhost:54018/session/622790671eb51525067eaf90f2e4a5a3/screenshot'
18:01:12.689 [Forwarding screenshot on session 622790671eb51525067eaf90f2e4a5a3 to remote] DEBUG org.asynchttpclient.netty.request.NettyRequestSender - Using open Channel [id: 0x15627ee2, L:/127.0.0.1:54952 - R:localhost/127.0.0.1:54018] for GET '/session/622790671eb51525067eaf90f2e4a5a3/screenshot'
18:01:12.810 [AsyncHttpClient-1-1] DEBUG org.asynchttpclient.netty.channel.DefaultChannelPool - Entry count for : http://localhost:54953 : 1
18:01:13.136 [AsyncHttpClient-1-8] DEBUG org.asynchttpclient.netty.handler.HttpHandler - 

Request DefaultFullHttpRequest(decodeResult: success, version: HTTP/1.1, content: EmptyByteBufBE)
GET /session/622790671eb51525067eaf90f2e4a5a3/screenshot HTTP/1.1
User-Agent: selenium/4.1.2 (java windows)
Cache-Control: no-cache
Content-Type: application/json; charset=utf-8
host: localhost:54018
accept: */*

Response DefaultHttpResponse(decodeResult: success, version: HTTP/1.1)
HTTP/1.1 200 OK
Content-Type: application/json; charset=utf-8
cache-control: no-cache
content-length: 357748

18:01:13.137 [AsyncHttpClient-1-8] DEBUG org.asynchttpclient.netty.channel.ChannelManager - Adding key: http://localhost:54018 for channel [id: 0x15627ee2, L:/127.0.0.1:54952 - R:localhost/127.0.0.1:54018]
18:01:13.162 [Test worker] DEBUG net.serenitybdd.core.photography.Darkroom - Send negative for processing for C:\Users\johan\OneDrive\Documentos\KONEX\Pruebas automatizadas\automatizacion_login_backoffice_1v\target\site\serenity\9d2def69b3430ce64276d2a22e544f433fca7d501063dba956aed6399d846ee4.png
18:01:13.204 [Test worker] DEBUG net.thucydides.core.steps.StepInterceptor - STEP DONE: {0} clicks on #target
18:01:13.239 [Forwarding screenshot on session 622790671eb51525067eaf90f2e4a5a3 to remote] DEBUG org.asynchttpclient.netty.request.NettyRequestSender - Using pooled Channel '[id: 0x15627ee2, L:/127.0.0.1:54952 - R:localhost/127.0.0.1:54018]' for 'GET' to 'http://localhost:54018/session/622790671eb51525067eaf90f2e4a5a3/screenshot'
18:01:13.239 [Forwarding screenshot on session 622790671eb51525067eaf90f2e4a5a3 to remote] DEBUG org.asynchttpclient.netty.request.NettyRequestSender - Using open Channel [id: 0x15627ee2, L:/127.0.0.1:54952 - R:localhost/127.0.0.1:54018] for GET '/session/622790671eb51525067eaf90f2e4a5a3/screenshot'
18:01:13.691 [AsyncHttpClient-1-8] DEBUG org.asynchttpclient.netty.handler.HttpHandler - 

Request DefaultFullHttpRequest(decodeResult: success, version: HTTP/1.1, content: EmptyByteBufBE)
GET /session/622790671eb51525067eaf90f2e4a5a3/screenshot HTTP/1.1
User-Agent: selenium/4.1.2 (java windows)
Cache-Control: no-cache
Content-Type: application/json; charset=utf-8
host: localhost:54018
accept: */*

Response DefaultHttpResponse(decodeResult: success, version: HTTP/1.1)
HTTP/1.1 200 OK
Content-Type: application/json; charset=utf-8
cache-control: no-cache
content-length: 357748

18:01:13.693 [AsyncHttpClient-1-8] DEBUG org.asynchttpclient.netty.channel.ChannelManager - Adding key: http://localhost:54018 for channel [id: 0x15627ee2, L:/127.0.0.1:54952 - R:localhost/127.0.0.1:54018]
18:01:13.721 [Test worker] DEBUG net.serenitybdd.core.photography.Darkroom - Send negative for processing for C:\Users\johan\OneDrive\Documentos\KONEX\Pruebas automatizadas\automatizacion_login_backoffice_1v\target\site\serenity\9d2def69b3430ce64276d2a22e544f433fca7d501063dba956aed6399d846ee4.png
18:01:13.722 [Test worker] DEBUG net.thucydides.core.steps.StepInterceptor - STARTING STEP: Ingresar.performAs - {0} clicks on #target
18:01:13.723 [Test worker] DEBUG net.serenitybdd.screenplay.targets.IFrameSwitcher - default content already selected for Boton Aceptar
18:01:13.860 [Forwarding findElement on session 622790671eb51525067eaf90f2e4a5a3 to remote] DEBUG org.asynchttpclient.netty.request.NettyRequestSender - Using pooled Channel '[id: 0x15627ee2, L:/127.0.0.1:54952 - R:localhost/127.0.0.1:54018]' for 'POST' to 'http://localhost:54018/session/622790671eb51525067eaf90f2e4a5a3/element'
18:01:13.860 [Forwarding findElement on session 622790671eb51525067eaf90f2e4a5a3 to remote] DEBUG org.asynchttpclient.netty.request.NettyRequestSender - Using open Channel [id: 0x15627ee2, L:/127.0.0.1:54952 - R:localhost/127.0.0.1:54018] for POST '/session/622790671eb51525067eaf90f2e4a5a3/element'
18:01:13.880 [AsyncHttpClient-1-8] DEBUG org.asynchttpclient.netty.handler.HttpHandler - 

Request DefaultHttpRequest(decodeResult: success, version: HTTP/1.1)
POST /session/622790671eb51525067eaf90f2e4a5a3/element HTTP/1.1
User-Agent: selenium/4.1.2 (java windows)
Content-Length: 89
Content-Type: application/json; charset=utf-8
host: localhost:54018
accept: */*

Response DefaultHttpResponse(decodeResult: success, version: HTTP/1.1)
HTTP/1.1 200 OK
Content-Type: application/json; charset=utf-8
cache-control: no-cache
content-length: 88

18:01:13.880 [AsyncHttpClient-1-8] DEBUG org.asynchttpclient.netty.channel.ChannelManager - Adding key: http://localhost:54018 for channel [id: 0x15627ee2, L:/127.0.0.1:54952 - R:localhost/127.0.0.1:54018]
18:01:13.912 [AsyncHttpClient-1-1] DEBUG org.asynchttpclient.netty.channel.DefaultChannelPool - Entry count for : http://localhost:54953 : 1
18:01:13.912 [AsyncHttpClient-1-1] DEBUG org.asynchttpclient.netty.channel.DefaultChannelPool - Entry count for : http://localhost:54018 : 1
18:01:13.913 [Forwarding isElementDisplayed on session 622790671eb51525067eaf90f2e4a5a3 to remote] DEBUG org.asynchttpclient.netty.request.NettyRequestSender - Using pooled Channel '[id: 0x15627ee2, L:/127.0.0.1:54952 - R:localhost/127.0.0.1:54018]' for 'POST' to 'http://localhost:54018/session/622790671eb51525067eaf90f2e4a5a3/execute/sync'
18:01:13.913 [Forwarding isElementDisplayed on session 622790671eb51525067eaf90f2e4a5a3 to remote] DEBUG org.asynchttpclient.netty.request.NettyRequestSender - Using open Channel [id: 0x15627ee2, L:/127.0.0.1:54952 - R:localhost/127.0.0.1:54018] for POST '/session/622790671eb51525067eaf90f2e4a5a3/execute/sync'
18:01:13.934 [AsyncHttpClient-1-8] DEBUG org.asynchttpclient.netty.handler.HttpHandler - 

Request DefaultHttpRequest(decodeResult: success, version: HTTP/1.1)
POST /session/622790671eb51525067eaf90f2e4a5a3/execute/sync HTTP/1.1
User-Agent: selenium/4.1.2 (java windows)
Content-Length: 48780
Content-Type: application/json; charset=utf-8
host: localhost:54018
accept: */*

Response DefaultHttpResponse(decodeResult: success, version: HTTP/1.1)
HTTP/1.1 200 OK
Content-Type: application/json; charset=utf-8
cache-control: no-cache
content-length: 14

18:01:13.934 [AsyncHttpClient-1-8] DEBUG org.asynchttpclient.netty.channel.ChannelManager - Adding key: http://localhost:54018 for channel [id: 0x15627ee2, L:/127.0.0.1:54952 - R:localhost/127.0.0.1:54018]
18:01:14.001 [Forwarding findElement on session 622790671eb51525067eaf90f2e4a5a3 to remote] DEBUG org.asynchttpclient.netty.request.NettyRequestSender - Using pooled Channel '[id: 0x15627ee2, L:/127.0.0.1:54952 - R:localhost/127.0.0.1:54018]' for 'POST' to 'http://localhost:54018/session/622790671eb51525067eaf90f2e4a5a3/element'
18:01:14.001 [Forwarding findElement on session 622790671eb51525067eaf90f2e4a5a3 to remote] DEBUG org.asynchttpclient.netty.request.NettyRequestSender - Using open Channel [id: 0x15627ee2, L:/127.0.0.1:54952 - R:localhost/127.0.0.1:54018] for POST '/session/622790671eb51525067eaf90f2e4a5a3/element'
18:01:14.015 [AsyncHttpClient-1-8] DEBUG org.asynchttpclient.netty.handler.HttpHandler - 

Request DefaultHttpRequest(decodeResult: success, version: HTTP/1.1)
POST /session/622790671eb51525067eaf90f2e4a5a3/element HTTP/1.1
User-Agent: selenium/4.1.2 (java windows)
Content-Length: 89
Content-Type: application/json; charset=utf-8
host: localhost:54018
accept: */*

Response DefaultHttpResponse(decodeResult: success, version: HTTP/1.1)
HTTP/1.1 200 OK
Content-Type: application/json; charset=utf-8
cache-control: no-cache
content-length: 88

18:01:14.015 [AsyncHttpClient-1-8] DEBUG org.asynchttpclient.netty.channel.ChannelManager - Adding key: http://localhost:54018 for channel [id: 0x15627ee2, L:/127.0.0.1:54952 - R:localhost/127.0.0.1:54018]
18:01:14.018 [Forwarding clickElement on session 622790671eb51525067eaf90f2e4a5a3 to remote] DEBUG org.asynchttpclient.netty.request.NettyRequestSender - Using pooled Channel '[id: 0x15627ee2, L:/127.0.0.1:54952 - R:localhost/127.0.0.1:54018]' for 'POST' to 'http://localhost:54018/session/622790671eb51525067eaf90f2e4a5a3/element/927d0d4d-f32a-432a-9bf7-ba6de79ee2a9/click'
18:01:14.019 [Forwarding clickElement on session 622790671eb51525067eaf90f2e4a5a3 to remote] DEBUG org.asynchttpclient.netty.request.NettyRequestSender - Using open Channel [id: 0x15627ee2, L:/127.0.0.1:54952 - R:localhost/127.0.0.1:54018] for POST '/session/622790671eb51525067eaf90f2e4a5a3/element/927d0d4d-f32a-432a-9bf7-ba6de79ee2a9/click'
18:01:14.245 [AsyncHttpClient-1-8] DEBUG org.asynchttpclient.netty.handler.HttpHandler - 

Request DefaultHttpRequest(decodeResult: success, version: HTTP/1.1)
POST /session/622790671eb51525067eaf90f2e4a5a3/element/927d0d4d-f32a-432a-9bf7-ba6de79ee2a9/click HTTP/1.1
User-Agent: selenium/4.1.2 (java windows)
Content-Length: 50
Content-Type: application/json; charset=utf-8
host: localhost:54018
accept: */*

Response DefaultHttpResponse(decodeResult: success, version: HTTP/1.1)
HTTP/1.1 200 OK
Content-Type: application/json; charset=utf-8
cache-control: no-cache
content-length: 14

18:01:14.245 [AsyncHttpClient-1-8] DEBUG org.asynchttpclient.netty.channel.ChannelManager - Adding key: http://localhost:54018 for channel [id: 0x15627ee2, L:/127.0.0.1:54952 - R:localhost/127.0.0.1:54018]
18:01:14.292 [Forwarding screenshot on session 622790671eb51525067eaf90f2e4a5a3 to remote] DEBUG org.asynchttpclient.netty.request.NettyRequestSender - Using pooled Channel '[id: 0x15627ee2, L:/127.0.0.1:54952 - R:localhost/127.0.0.1:54018]' for 'GET' to 'http://localhost:54018/session/622790671eb51525067eaf90f2e4a5a3/screenshot'
18:01:14.293 [Forwarding screenshot on session 622790671eb51525067eaf90f2e4a5a3 to remote] DEBUG org.asynchttpclient.netty.request.NettyRequestSender - Using open Channel [id: 0x15627ee2, L:/127.0.0.1:54952 - R:localhost/127.0.0.1:54018] for GET '/session/622790671eb51525067eaf90f2e4a5a3/screenshot'
18:01:14.633 [AsyncHttpClient-1-8] DEBUG org.asynchttpclient.netty.handler.HttpHandler - 

Request DefaultFullHttpRequest(decodeResult: success, version: HTTP/1.1, content: EmptyByteBufBE)
GET /session/622790671eb51525067eaf90f2e4a5a3/screenshot HTTP/1.1
User-Agent: selenium/4.1.2 (java windows)
Cache-Control: no-cache
Content-Type: application/json; charset=utf-8
host: localhost:54018
accept: */*

Response DefaultHttpResponse(decodeResult: success, version: HTTP/1.1)
HTTP/1.1 200 OK
Content-Type: application/json; charset=utf-8
cache-control: no-cache
content-length: 101200

18:01:14.634 [AsyncHttpClient-1-8] DEBUG org.asynchttpclient.netty.channel.ChannelManager - Adding key: http://localhost:54018 for channel [id: 0x15627ee2, L:/127.0.0.1:54952 - R:localhost/127.0.0.1:54018]
18:01:14.646 [Test worker] DEBUG net.serenitybdd.core.photography.Darkroom - Send negative for processing for C:\Users\johan\OneDrive\Documentos\KONEX\Pruebas automatizadas\automatizacion_login_backoffice_1v\target\site\serenity\cebdfe74c0b16d19588848e90ae69f2e038bc104504836b2e3015d8c47e6ab4f.png
18:01:14.647 [Darkroom Processing Line] DEBUG net.serenitybdd.core.photography.DarkroomProcessingLine - Processing screenshot image in /var/screenshots/screenshot-5910836656276073694
18:01:14.647 [Darkroom Processing Line] DEBUG net.serenitybdd.core.photography.DarkroomProcessingLine - Saving screenshot to C:\Users\johan\OneDrive\Documentos\KONEX\Pruebas automatizadas\automatizacion_login_backoffice_1v\target\site\serenity\cebdfe74c0b16d19588848e90ae69f2e038bc104504836b2e3015d8c47e6ab4f.png
18:01:14.685 [Test worker] DEBUG net.thucydides.core.steps.StepInterceptor - STEP DONE: {0} clicks on #target
18:01:14.733 [Forwarding screenshot on session 622790671eb51525067eaf90f2e4a5a3 to remote] DEBUG org.asynchttpclient.netty.request.NettyRequestSender - Using pooled Channel '[id: 0x15627ee2, L:/127.0.0.1:54952 - R:localhost/127.0.0.1:54018]' for 'GET' to 'http://localhost:54018/session/622790671eb51525067eaf90f2e4a5a3/screenshot'
18:01:14.733 [Forwarding screenshot on session 622790671eb51525067eaf90f2e4a5a3 to remote] DEBUG org.asynchttpclient.netty.request.NettyRequestSender - Using open Channel [id: 0x15627ee2, L:/127.0.0.1:54952 - R:localhost/127.0.0.1:54018] for GET '/session/622790671eb51525067eaf90f2e4a5a3/screenshot'
18:01:14.888 [AsyncHttpClient-1-8] DEBUG org.asynchttpclient.netty.handler.HttpHandler - 

Request DefaultFullHttpRequest(decodeResult: success, version: HTTP/1.1, content: EmptyByteBufBE)
GET /session/622790671eb51525067eaf90f2e4a5a3/screenshot HTTP/1.1
User-Agent: selenium/4.1.2 (java windows)
Cache-Control: no-cache
Content-Type: application/json; charset=utf-8
host: localhost:54018
accept: */*

Response DefaultHttpResponse(decodeResult: success, version: HTTP/1.1)
HTTP/1.1 200 OK
Content-Type: application/json; charset=utf-8
cache-control: no-cache
content-length: 98396

18:01:14.889 [AsyncHttpClient-1-8] DEBUG org.asynchttpclient.netty.channel.ChannelManager - Adding key: http://localhost:54018 for channel [id: 0x15627ee2, L:/127.0.0.1:54952 - R:localhost/127.0.0.1:54018]
18:01:14.898 [Test worker] DEBUG net.serenitybdd.core.photography.Darkroom - Send negative for processing for C:\Users\johan\OneDrive\Documentos\KONEX\Pruebas automatizadas\automatizacion_login_backoffice_1v\target\site\serenity\9bb3ae22998f153af416bb869bc12c82065ba0d340e7659e61c4a1024a7078f1.png
18:01:14.899 [Test worker] DEBUG net.thucydides.core.steps.StepInterceptor - STEP DONE: performAs
18:01:14.899 [Darkroom Processing Line] DEBUG net.serenitybdd.core.photography.DarkroomProcessingLine - Processing screenshot image in /var/screenshots/screenshot-3569854101065518688
18:01:14.899 [Darkroom Processing Line] DEBUG net.serenitybdd.core.photography.DarkroomProcessingLine - Saving screenshot to C:\Users\johan\OneDrive\Documentos\KONEX\Pruebas automatizadas\automatizacion_login_backoffice_1v\target\site\serenity\9bb3ae22998f153af416bb869bc12c82065ba0d340e7659e61c4a1024a7078f1.png
18:01:14.965 [Forwarding screenshot on session 622790671eb51525067eaf90f2e4a5a3 to remote] DEBUG org.asynchttpclient.netty.request.NettyRequestSender - Using pooled Channel '[id: 0x15627ee2, L:/127.0.0.1:54952 - R:localhost/127.0.0.1:54018]' for 'GET' to 'http://localhost:54018/session/622790671eb51525067eaf90f2e4a5a3/screenshot'
18:01:14.965 [Forwarding screenshot on session 622790671eb51525067eaf90f2e4a5a3 to remote] DEBUG org.asynchttpclient.netty.request.NettyRequestSender - Using open Channel [id: 0x15627ee2, L:/127.0.0.1:54952 - R:localhost/127.0.0.1:54018] for GET '/session/622790671eb51525067eaf90f2e4a5a3/screenshot'
18:01:15.016 [AsyncHttpClient-1-1] DEBUG org.asynchttpclient.netty.channel.DefaultChannelPool - Entry count for : http://localhost:54953 : 1
18:01:15.133 [AsyncHttpClient-1-8] DEBUG org.asynchttpclient.netty.handler.HttpHandler - 

Request DefaultFullHttpRequest(decodeResult: success, version: HTTP/1.1, content: EmptyByteBufBE)
GET /session/622790671eb51525067eaf90f2e4a5a3/screenshot HTTP/1.1
User-Agent: selenium/4.1.2 (java windows)
Cache-Control: no-cache
Content-Type: application/json; charset=utf-8
host: localhost:54018
accept: */*

Response DefaultHttpResponse(decodeResult: success, version: HTTP/1.1)
HTTP/1.1 200 OK
Content-Type: application/json; charset=utf-8
cache-control: no-cache
content-length: 98396

18:01:15.134 [AsyncHttpClient-1-8] DEBUG org.asynchttpclient.netty.channel.ChannelManager - Adding key: http://localhost:54018 for channel [id: 0x15627ee2, L:/127.0.0.1:54952 - R:localhost/127.0.0.1:54018]
18:01:15.146 [Test worker] DEBUG net.serenitybdd.core.photography.Darkroom - Send negative for processing for C:\Users\johan\OneDrive\Documentos\KONEX\Pruebas automatizadas\automatizacion_login_backoffice_1v\target\site\serenity\9bb3ae22998f153af416bb869bc12c82065ba0d340e7659e61c4a1024a7078f1.png
18:01:15.220 [Forwarding screenshot on session 622790671eb51525067eaf90f2e4a5a3 to remote] DEBUG org.asynchttpclient.netty.request.NettyRequestSender - Using pooled Channel '[id: 0x15627ee2, L:/127.0.0.1:54952 - R:localhost/127.0.0.1:54018]' for 'GET' to 'http://localhost:54018/session/622790671eb51525067eaf90f2e4a5a3/screenshot'
18:01:15.220 [Forwarding screenshot on session 622790671eb51525067eaf90f2e4a5a3 to remote] DEBUG org.asynchttpclient.netty.request.NettyRequestSender - Using open Channel [id: 0x15627ee2, L:/127.0.0.1:54952 - R:localhost/127.0.0.1:54018] for GET '/session/622790671eb51525067eaf90f2e4a5a3/screenshot'
18:01:15.372 [AsyncHttpClient-1-8] DEBUG org.asynchttpclient.netty.handler.HttpHandler - 

Request DefaultFullHttpRequest(decodeResult: success, version: HTTP/1.1, content: EmptyByteBufBE)
GET /session/622790671eb51525067eaf90f2e4a5a3/screenshot HTTP/1.1
User-Agent: selenium/4.1.2 (java windows)
Cache-Control: no-cache
Content-Type: application/json; charset=utf-8
host: localhost:54018
accept: */*

Response DefaultHttpResponse(decodeResult: success, version: HTTP/1.1)
HTTP/1.1 200 OK
Content-Type: application/json; charset=utf-8
cache-control: no-cache
content-length: 98644

18:01:15.372 [AsyncHttpClient-1-8] DEBUG org.asynchttpclient.netty.channel.ChannelManager - Adding key: http://localhost:54018 for channel [id: 0x15627ee2, L:/127.0.0.1:54952 - R:localhost/127.0.0.1:54018]
18:01:15.382 [Test worker] DEBUG net.serenitybdd.core.photography.Darkroom - Send negative for processing for C:\Users\johan\OneDrive\Documentos\KONEX\Pruebas automatizadas\automatizacion_login_backoffice_1v\target\site\serenity\48af79bb667954cba24f02531be8f9b9a81c3cbfa4435f0df6ff31dafc34c629.png
18:01:15.384 [Darkroom Processing Line] DEBUG net.serenitybdd.core.photography.DarkroomProcessingLine - Processing screenshot image in /var/screenshots/screenshot-2518866647905230163
18:01:15.384 [Darkroom Processing Line] DEBUG net.serenitybdd.core.photography.DarkroomProcessingLine - Saving screenshot to C:\Users\johan\OneDrive\Documentos\KONEX\Pruebas automatizadas\automatizacion_login_backoffice_1v\target\site\serenity\48af79bb667954cba24f02531be8f9b9a81c3cbfa4435f0df6ff31dafc34c629.png
18:01:15.440 [Test worker] DEBUG net.serenitybdd.screenplay.targets.IFrameSwitcher - default content already selected for Verificar ingreso
18:01:15.462 [Forwarding findElements on session 622790671eb51525067eaf90f2e4a5a3 to remote] DEBUG org.asynchttpclient.netty.request.NettyRequestSender - Using pooled Channel '[id: 0x15627ee2, L:/127.0.0.1:54952 - R:localhost/127.0.0.1:54018]' for 'POST' to 'http://localhost:54018/session/622790671eb51525067eaf90f2e4a5a3/elements'
18:01:15.462 [Forwarding findElements on session 622790671eb51525067eaf90f2e4a5a3 to remote] DEBUG org.asynchttpclient.netty.request.NettyRequestSender - Using open Channel [id: 0x15627ee2, L:/127.0.0.1:54952 - R:localhost/127.0.0.1:54018] for POST '/session/622790671eb51525067eaf90f2e4a5a3/elements'
18:01:15.492 [AsyncHttpClient-1-8] DEBUG org.asynchttpclient.netty.handler.HttpHandler - 

Request DefaultHttpRequest(decodeResult: success, version: HTTP/1.1)
POST /session/622790671eb51525067eaf90f2e4a5a3/elements HTTP/1.1
User-Agent: selenium/4.1.2 (java windows)
Content-Length: 80
Content-Type: application/json; charset=utf-8
host: localhost:54018
accept: */*

Response DefaultHttpResponse(decodeResult: success, version: HTTP/1.1)
HTTP/1.1 200 OK
Content-Type: application/json; charset=utf-8
cache-control: no-cache
content-length: 169

18:01:15.493 [AsyncHttpClient-1-8] DEBUG org.asynchttpclient.netty.channel.ChannelManager - Adding key: http://localhost:54018 for channel [id: 0x15627ee2, L:/127.0.0.1:54952 - R:localhost/127.0.0.1:54018]
18:01:15.558 [Forwarding getElementText on session 622790671eb51525067eaf90f2e4a5a3 to remote] DEBUG org.asynchttpclient.netty.request.NettyRequestSender - Using pooled Channel '[id: 0x15627ee2, L:/127.0.0.1:54952 - R:localhost/127.0.0.1:54018]' for 'GET' to 'http://localhost:54018/session/622790671eb51525067eaf90f2e4a5a3/element/4e81d1a7-9949-4399-9d36-c7c8c4e44070/text'
18:01:15.558 [Forwarding getElementText on session 622790671eb51525067eaf90f2e4a5a3 to remote] DEBUG org.asynchttpclient.netty.request.NettyRequestSender - Using open Channel [id: 0x15627ee2, L:/127.0.0.1:54952 - R:localhost/127.0.0.1:54018] for GET '/session/622790671eb51525067eaf90f2e4a5a3/element/4e81d1a7-9949-4399-9d36-c7c8c4e44070/text'
18:01:15.597 [AsyncHttpClient-1-8] DEBUG org.asynchttpclient.netty.handler.HttpHandler - 

Request DefaultFullHttpRequest(decodeResult: success, version: HTTP/1.1, content: EmptyByteBufBE)
GET /session/622790671eb51525067eaf90f2e4a5a3/element/4e81d1a7-9949-4399-9d36-c7c8c4e44070/text HTTP/1.1
User-Agent: selenium/4.1.2 (java windows)
Cache-Control: no-cache
Content-Type: application/json; charset=utf-8
host: localhost:54018
accept: */*

Response DefaultHttpResponse(decodeResult: success, version: HTTP/1.1)
HTTP/1.1 200 OK
Content-Type: application/json; charset=utf-8
cache-control: no-cache
content-length: 18

18:01:15.598 [AsyncHttpClient-1-8] DEBUG org.asynchttpclient.netty.channel.ChannelManager - Adding key: http://localhost:54018 for channel [id: 0x15627ee2, L:/127.0.0.1:54952 - R:localhost/127.0.0.1:54018]
18:01:15.637 [Forwarding screenshot on session 622790671eb51525067eaf90f2e4a5a3 to remote] DEBUG org.asynchttpclient.netty.request.NettyRequestSender - Using pooled Channel '[id: 0x15627ee2, L:/127.0.0.1:54952 - R:localhost/127.0.0.1:54018]' for 'GET' to 'http://localhost:54018/session/622790671eb51525067eaf90f2e4a5a3/screenshot'
18:01:15.638 [Forwarding screenshot on session 622790671eb51525067eaf90f2e4a5a3 to remote] DEBUG org.asynchttpclient.netty.request.NettyRequestSender - Using open Channel [id: 0x15627ee2, L:/127.0.0.1:54952 - R:localhost/127.0.0.1:54018] for GET '/session/622790671eb51525067eaf90f2e4a5a3/screenshot'
18:01:15.828 [AsyncHttpClient-1-8] DEBUG org.asynchttpclient.netty.handler.HttpHandler - 

Request DefaultFullHttpRequest(decodeResult: success, version: HTTP/1.1, content: EmptyByteBufBE)
GET /session/622790671eb51525067eaf90f2e4a5a3/screenshot HTTP/1.1
User-Agent: selenium/4.1.2 (java windows)
Cache-Control: no-cache
Content-Type: application/json; charset=utf-8
host: localhost:54018
accept: */*

Response DefaultHttpResponse(decodeResult: success, version: HTTP/1.1)
HTTP/1.1 200 OK
Content-Type: application/json; charset=utf-8
cache-control: no-cache
content-length: 98644

18:01:15.829 [AsyncHttpClient-1-8] DEBUG org.asynchttpclient.netty.channel.ChannelManager - Adding key: http://localhost:54018 for channel [id: 0x15627ee2, L:/127.0.0.1:54952 - R:localhost/127.0.0.1:54018]
18:01:15.838 [Test worker] DEBUG net.serenitybdd.core.photography.Darkroom - Send negative for processing for C:\Users\johan\OneDrive\Documentos\KONEX\Pruebas automatizadas\automatizacion_login_backoffice_1v\target\site\serenity\48af79bb667954cba24f02531be8f9b9a81c3cbfa4435f0df6ff31dafc34c629.png
18:01:15.900 [Forwarding screenshot on session 622790671eb51525067eaf90f2e4a5a3 to remote] DEBUG org.asynchttpclient.netty.request.NettyRequestSender - Using pooled Channel '[id: 0x15627ee2, L:/127.0.0.1:54952 - R:localhost/127.0.0.1:54018]' for 'GET' to 'http://localhost:54018/session/622790671eb51525067eaf90f2e4a5a3/screenshot'
18:01:15.900 [Forwarding screenshot on session 622790671eb51525067eaf90f2e4a5a3 to remote] DEBUG org.asynchttpclient.netty.request.NettyRequestSender - Using open Channel [id: 0x15627ee2, L:/127.0.0.1:54952 - R:localhost/127.0.0.1:54018] for GET '/session/622790671eb51525067eaf90f2e4a5a3/screenshot'
18:01:16.081 [AsyncHttpClient-1-8] DEBUG org.asynchttpclient.netty.handler.HttpHandler - 

Request DefaultFullHttpRequest(decodeResult: success, version: HTTP/1.1, content: EmptyByteBufBE)
GET /session/622790671eb51525067eaf90f2e4a5a3/screenshot HTTP/1.1
User-Agent: selenium/4.1.2 (java windows)
Cache-Control: no-cache
Content-Type: application/json; charset=utf-8
host: localhost:54018
accept: */*

Response DefaultHttpResponse(decodeResult: success, version: HTTP/1.1)
HTTP/1.1 200 OK
Content-Type: application/json; charset=utf-8
cache-control: no-cache
content-length: 98644

18:01:16.082 [AsyncHttpClient-1-8] DEBUG org.asynchttpclient.netty.channel.ChannelManager - Adding key: http://localhost:54018 for channel [id: 0x15627ee2, L:/127.0.0.1:54952 - R:localhost/127.0.0.1:54018]
18:01:16.091 [Test worker] DEBUG net.serenitybdd.core.photography.Darkroom - Send negative for processing for C:\Users\johan\OneDrive\Documentos\KONEX\Pruebas automatizadas\automatizacion_login_backoffice_1v\target\site\serenity\48af79bb667954cba24f02531be8f9b9a81c3cbfa4435f0df6ff31dafc34c629.png
18:01:16.110 [AsyncHttpClient-1-1] DEBUG org.asynchttpclient.netty.channel.DefaultChannelPool - Entry count for : http://localhost:54953 : 1
18:01:16.110 [AsyncHttpClient-1-1] DEBUG org.asynchttpclient.netty.channel.DefaultChannelPool - Entry count for : http://localhost:54018 : 1
18:01:16.122 [AsyncHttpClient-1-10] DEBUG org.asynchttpclient.netty.handler.WebSocketHandler - Channel Closed: [id: 0x0ad869a0, L:/127.0.0.1:54960 ! R:localhost/127.0.0.1:54953] with attribute NettyResponseFuture{currentRetry=5,
	isDone=1,
	isCancelled=0,
	asyncHandler=org.asynchttpclient.ws.WebSocketUpgradeHandler@72ed8f10,
	nettyRequest=org.asynchttpclient.netty.request.NettyRequest@37ef0f29,
	future=java.util.concurrent.CompletableFuture@608edb50[Completed normally],
	uri=ws://localhost:54953/devtools/browser/d057018c-a049-4ad1-b8f3-17abe6ca59d2,
	keepAlive=true,
	redirectCount=0,
	timeoutsHolder=null,
	inAuth=0,
	touch=1681254061383}
18:01:16.122 [AsyncHttpClient-1-10] DEBUG org.asynchttpclient.netty.channel.ChannelManager - Closing Channel [id: 0x0ad869a0, L:/127.0.0.1:54960 ! R:localhost/127.0.0.1:54953] 
18:01:16.122 [Driver Command Executor] DEBUG org.asynchttpclient.netty.request.NettyRequestSender - Using pooled Channel '[id: 0x15627ee2, L:/127.0.0.1:54952 - R:localhost/127.0.0.1:54018]' for 'DELETE' to 'http://localhost:54018/session/622790671eb51525067eaf90f2e4a5a3'
18:01:16.122 [Driver Command Executor] DEBUG org.asynchttpclient.netty.request.NettyRequestSender - Using open Channel [id: 0x15627ee2, L:/127.0.0.1:54952 - R:localhost/127.0.0.1:54018] for DELETE '/session/622790671eb51525067eaf90f2e4a5a3'
18:01:16.178 [AsyncHttpClient-1-9] DEBUG org.asynchttpclient.netty.handler.HttpHandler - Unexpected I/O exception on channel [id: 0xad788f31, L:/127.0.0.1:54959 - R:localhost/127.0.0.1:54953]
java.io.IOException: Se ha forzado la interrupción de una conexión existente por el host remoto
	at sun.nio.ch.SocketDispatcher.read0(Native Method)
	at sun.nio.ch.SocketDispatcher.read(SocketDispatcher.java:43)
	at sun.nio.ch.IOUtil.readIntoNativeBuffer(IOUtil.java:223)
	at sun.nio.ch.IOUtil.read(IOUtil.java:192)
	at sun.nio.ch.SocketChannelImpl.read(SocketChannelImpl.java:380)
	at io.netty.buffer.PooledByteBuf.setBytes(PooledByteBuf.java:258)
	at io.netty.buffer.AbstractByteBuf.writeBytes(AbstractByteBuf.java:1132)
	at io.netty.channel.socket.nio.NioSocketChannel.doReadBytes(NioSocketChannel.java:350)
	at io.netty.channel.nio.AbstractNioByteChannel$NioByteUnsafe.read(AbstractNioByteChannel.java:151)
	at io.netty.channel.nio.NioEventLoop.processSelectedKey(NioEventLoop.java:722)
	at io.netty.channel.nio.NioEventLoop.processSelectedKeysOptimized(NioEventLoop.java:658)
	at io.netty.channel.nio.NioEventLoop.processSelectedKeys(NioEventLoop.java:584)
	at io.netty.channel.nio.NioEventLoop.run(NioEventLoop.java:496)
	at io.netty.util.concurrent.SingleThreadEventExecutor$4.run(SingleThreadEventExecutor.java:986)
	at io.netty.util.internal.ThreadExecutorMap$2.run(ThreadExecutorMap.java:74)
	at io.netty.util.concurrent.FastThreadLocalRunnable.run(FastThreadLocalRunnable.java:30)
	at java.lang.Thread.run(Thread.java:748)
18:01:16.178 [AsyncHttpClient-1-9] DEBUG org.asynchttpclient.netty.channel.ChannelManager - Closing Channel [id: 0xad788f31, L:/127.0.0.1:54959 - R:localhost/127.0.0.1:54953] 
18:01:16.178 [AsyncHttpClient-1-9] DEBUG org.asynchttpclient.netty.handler.HttpHandler - Channel Closed: [id: 0xad788f31, L:/127.0.0.1:54959 ! R:localhost/127.0.0.1:54953] with attribute DISCARD
18:01:16.212 [AsyncHttpClient-1-8] DEBUG org.asynchttpclient.netty.handler.HttpHandler - 

Request DefaultFullHttpRequest(decodeResult: success, version: HTTP/1.1, content: EmptyByteBufBE)
DELETE /session/622790671eb51525067eaf90f2e4a5a3 HTTP/1.1
User-Agent: selenium/4.1.2 (java windows)
Content-Type: application/json; charset=utf-8
host: localhost:54018
accept: */*

Response DefaultHttpResponse(decodeResult: success, version: HTTP/1.1)
HTTP/1.1 200 OK
Content-Type: application/json; charset=utf-8
cache-control: no-cache
content-length: 14

18:01:16.212 [AsyncHttpClient-1-8] DEBUG org.asynchttpclient.netty.channel.ChannelManager - Adding key: http://localhost:54018 for channel [id: 0x15627ee2, L:/127.0.0.1:54952 - R:localhost/127.0.0.1:54018]
18:01:16.346 [AsyncHttpClient-1-8] DEBUG org.asynchttpclient.netty.handler.HttpHandler - Channel Closed: [id: 0x15627ee2, L:/127.0.0.1:54952 ! R:localhost/127.0.0.1:54018] with attribute DISCARD
18:01:16.871 [Test worker] INFO io.cucumber.core.plugin.SerenityReporter - Running feature from file:///C:/Users/johan/OneDrive/Documentos/KONEX/Pruebas%20automatizadas/automatizacion_login_backoffice_1v/src/test/resources/features/login_backoffice.feature
18:01:16.874 [Test worker] INFO  - 
  _____   ___   ___   _____     ___   _____     _     ___   _____   ___   ___  
 |_   _| | __| / __| |_   _|   / __| |_   _|   /_\   | _ \ |_   _| | __| |   \ 
   | |   | _|  \__ \   | |     \__ \   | |    / _ \  |   /   | |   | _|  | |) |
   |_|   |___| |___/   |_|     |___/   |_|   /_/ \_\ |_|_\   |_|   |___| |___/ 

Verificar el ingreso con credenciales incorrectas(verificar-el-login-con-diferentes-usuarios;verificar-el-ingreso-con-credenciales-incorrectas)
--------------------------------------------------------------------------------
18:01:16.898 [Test worker] DEBUG net.thucydides.core.steps.StepInterceptor - STARTING STEP: MyStepdefinitions.queElUsuarioIngreseAlBackoffice - performAs
18:01:16.904 [Test worker] DEBUG net.thucydides.core.steps.StepInterceptor - STARTING STEP: Abrir.performAs - {0} opens the #targetPage
18:01:16.945 [Test worker] INFO net.serenitybdd.core.webdriver.driverproviders.ChromeDriverProvider - Using automatically driver download
18:01:17.193 [Test worker] DEBUG io.github.bonigarcia.wdm.cache.ResolutionCache - Resolution chrome=112 in cache (valid until 19:00:10 11/04/2023 COT)
18:01:17.193 [Test worker] DEBUG io.github.bonigarcia.wdm.cache.ResolutionCache - Resolution chrome112=112.0.5615.49 in cache (valid until 12:12:55 12/04/2023 COT)
18:01:17.193 [Test worker] INFO io.github.bonigarcia.wdm.WebDriverManager - Using chromedriver 112.0.5615.49 (resolved driver for Chrome 112)
18:01:17.199 [Test worker] DEBUG io.github.bonigarcia.wdm.WebDriverManager - Driver chromedriver 112.0.5615.49 found in cache
18:01:17.200 [Test worker] INFO io.github.bonigarcia.wdm.WebDriverManager - Exporting webdriver.chrome.driver as C:\Users\johan\.cache\selenium\chromedriver\win32\112.0.5615.49\chromedriver.exe
18:01:17.210 [AsyncHttpClient-1-1] DEBUG org.asynchttpclient.netty.channel.DefaultChannelPool - Entry count for : http://localhost:54953 : 1
18:01:17.210 [AsyncHttpClient-1-1] DEBUG org.asynchttpclient.netty.channel.DefaultChannelPool - Entry count for : http://localhost:54018 : 1
18:01:17.210 [AsyncHttpClient-1-1] DEBUG org.asynchttpclient.netty.channel.DefaultChannelPool - Adding Candidate expired Channel [id: 0xad788f31, L:/127.0.0.1:54959 ! R:localhost/127.0.0.1:54953] isIdleTimeoutExpired=false isRemotelyClosed=true isTtlExpired=false
18:01:17.210 [AsyncHttpClient-1-1] DEBUG org.asynchttpclient.netty.channel.DefaultChannelPool - Closing Idle Channel [id: 0xad788f31, L:/127.0.0.1:54959 ! R:localhost/127.0.0.1:54953]
18:01:17.210 [AsyncHttpClient-1-1] DEBUG org.asynchttpclient.netty.channel.DefaultChannelPool - Adding Candidate expired Channel [id: 0x15627ee2, L:/127.0.0.1:54952 ! R:localhost/127.0.0.1:54018] isIdleTimeoutExpired=false isRemotelyClosed=true isTtlExpired=false
18:01:17.210 [AsyncHttpClient-1-1] DEBUG org.asynchttpclient.netty.channel.DefaultChannelPool - Closing Idle Channel [id: 0x15627ee2, L:/127.0.0.1:54952 ! R:localhost/127.0.0.1:54018]
18:01:17.210 [AsyncHttpClient-1-1] DEBUG org.asynchttpclient.netty.channel.DefaultChannelPool - Closed 2 connections out of 2 in 0 ms
18:01:17.417 [Test worker] DEBUG net.serenitybdd.core.webdriver.driverproviders.ProvideNewDriver - Instantiating driver
18:01:17.417 [Test worker] DEBUG net.serenitybdd.core.webdriver.driverproviders.ProvideNewDriver - Driver capabilities: Capabilities {acceptInsecureCerts: false, autodownload: true, browserName: chrome, chrome.silentOutput: true, driver: chrome, goog:chromeOptions: {args: [--start-maximized --disable...], extensions: []}}
18:01:17.972 [AsyncHttpClient-1-11] DEBUG org.asynchttpclient.netty.channel.NettyConnectListener - Using new Channel '[id: 0x0b3d71d8, L:/127.0.0.1:54985 - R:localhost/127.0.0.1:54903]' for 'POST' to '/session'
18:01:19.707 [AsyncHttpClient-1-11] DEBUG org.asynchttpclient.netty.handler.HttpHandler - 

Request DefaultHttpRequest(decodeResult: success, version: HTTP/1.1)
POST /session HTTP/1.1
User-Agent: selenium/4.1.2 (java windows)
Content-Length: 776
Content-Type: application/json; charset=utf-8
host: localhost:54903
accept: */*

Response DefaultHttpResponse(decodeResult: success, version: HTTP/1.1)
HTTP/1.1 200 OK
Content-Type: application/json; charset=utf-8
cache-control: no-cache
content-length: 859

18:01:19.708 [AsyncHttpClient-1-11] DEBUG org.asynchttpclient.netty.channel.ChannelManager - Adding key: http://localhost:54903 for channel [id: 0x0b3d71d8, L:/127.0.0.1:54985 - R:localhost/127.0.0.1:54903]
18:01:19.743 [AsyncHttpClient-1-12] DEBUG org.asynchttpclient.netty.channel.NettyConnectListener - Using new Channel '[id: 0x6076de7a, L:/127.0.0.1:54993 - R:localhost/127.0.0.1:54986]' for 'GET' to '/json/version'
18:01:19.745 [AsyncHttpClient-1-12] DEBUG org.asynchttpclient.netty.handler.HttpHandler - 

Request DefaultFullHttpRequest(decodeResult: success, version: HTTP/1.1, content: EmptyByteBufBE)
GET /json/version HTTP/1.1
User-Agent: selenium/4.1.2 (java windows)
host: localhost:54986
accept: */*

Response DefaultHttpResponse(decodeResult: success, version: HTTP/1.1)
HTTP/1.1 200 OK
Content-Security-Policy: frame-ancestors 'none'
Content-Type: application/json; charset=UTF-8
content-length: 422

18:01:19.746 [AsyncHttpClient-1-12] DEBUG org.asynchttpclient.netty.channel.ChannelManager - Adding key: http://localhost:54986 for channel [id: 0x6076de7a, L:/127.0.0.1:54993 - R:localhost/127.0.0.1:54986]
18:01:19.774 [AsyncHttpClient-1-13] DEBUG org.asynchttpclient.netty.channel.NettyConnectListener - Using new Channel '[id: 0x676d5e68, L:/127.0.0.1:54994 - R:localhost/127.0.0.1:54986]' for 'GET' to '/devtools/browser/3b6fd8d1-51da-40bd-a51d-ed3ee3916d34'
18:01:19.777 [AsyncHttpClient-1-13] DEBUG org.asynchttpclient.netty.handler.WebSocketHandler - 

Request DefaultFullHttpRequest(decodeResult: success, version: HTTP/1.1, content: EmptyByteBufBE)
GET /devtools/browser/3b6fd8d1-51da-40bd-a51d-ed3ee3916d34 HTTP/1.1
upgrade: websocket
connection: upgrade
sec-websocket-key: Qhpwlu06PZv0yHfTI4HvTQ==
sec-websocket-version: 13
origin: http://localhost:54986
host: localhost:54986
accept: */*
user-agent: AHC/2.1

Response DefaultHttpResponse(decodeResult: success, version: HTTP/1.1)
HTTP/1.1 101 WebSocket Protocol Handshake
Upgrade: WebSocket
Connection: Upgrade
Sec-WebSocket-Accept: jQ4JZV62afxatai+U+B6+oSCDHk=

18:01:19.790 [Forwarding get on session b486aeb923050eef4d53002149e3e80a to remote] DEBUG org.asynchttpclient.netty.request.NettyRequestSender - Using pooled Channel '[id: 0x0b3d71d8, L:/127.0.0.1:54985 - R:localhost/127.0.0.1:54903]' for 'POST' to 'http://localhost:54903/session/b486aeb923050eef4d53002149e3e80a/url'
18:01:19.790 [Forwarding get on session b486aeb923050eef4d53002149e3e80a to remote] DEBUG org.asynchttpclient.netty.request.NettyRequestSender - Using open Channel [id: 0x0b3d71d8, L:/127.0.0.1:54985 - R:localhost/127.0.0.1:54903] for POST '/session/b486aeb923050eef4d53002149e3e80a/url'
18:01:20.510 [AsyncHttpClient-1-1] DEBUG org.asynchttpclient.netty.channel.DefaultChannelPool - Entry count for : http://localhost:54986 : 1
18:01:21.617 [AsyncHttpClient-1-1] DEBUG org.asynchttpclient.netty.channel.DefaultChannelPool - Entry count for : http://localhost:54986 : 1
18:01:21.684 [AsyncHttpClient-1-11] DEBUG org.asynchttpclient.netty.handler.HttpHandler - 

Request DefaultHttpRequest(decodeResult: success, version: HTTP/1.1)
POST /session/b486aeb923050eef4d53002149e3e80a/url HTTP/1.1
User-Agent: selenium/4.1.2 (java windows)
Content-Length: 80
Content-Type: application/json; charset=utf-8
host: localhost:54903
accept: */*

Response DefaultHttpResponse(decodeResult: success, version: HTTP/1.1)
HTTP/1.1 200 OK
Content-Type: application/json; charset=utf-8
cache-control: no-cache
content-length: 14

18:01:21.684 [AsyncHttpClient-1-11] DEBUG org.asynchttpclient.netty.channel.ChannelManager - Adding key: http://localhost:54903 for channel [id: 0x0b3d71d8, L:/127.0.0.1:54985 - R:localhost/127.0.0.1:54903]
18:01:21.688 [Forwarding setTimeout on session b486aeb923050eef4d53002149e3e80a to remote] DEBUG org.asynchttpclient.netty.request.NettyRequestSender - Using pooled Channel '[id: 0x0b3d71d8, L:/127.0.0.1:54985 - R:localhost/127.0.0.1:54903]' for 'POST' to 'http://localhost:54903/session/b486aeb923050eef4d53002149e3e80a/timeouts'
18:01:21.688 [Forwarding setTimeout on session b486aeb923050eef4d53002149e3e80a to remote] DEBUG org.asynchttpclient.netty.request.NettyRequestSender - Using open Channel [id: 0x0b3d71d8, L:/127.0.0.1:54985 - R:localhost/127.0.0.1:54903] for POST '/session/b486aeb923050eef4d53002149e3e80a/timeouts'
18:01:21.690 [AsyncHttpClient-1-11] DEBUG org.asynchttpclient.netty.handler.HttpHandler - 

Request DefaultHttpRequest(decodeResult: success, version: HTTP/1.1)
POST /session/b486aeb923050eef4d53002149e3e80a/timeouts HTTP/1.1
User-Agent: selenium/4.1.2 (java windows)
Content-Length: 22
Content-Type: application/json; charset=utf-8
host: localhost:54903
accept: */*

Response DefaultHttpResponse(decodeResult: success, version: HTTP/1.1)
HTTP/1.1 200 OK
Content-Type: application/json; charset=utf-8
cache-control: no-cache
content-length: 14

18:01:21.690 [AsyncHttpClient-1-11] DEBUG org.asynchttpclient.netty.channel.ChannelManager - Adding key: http://localhost:54903 for channel [id: 0x0b3d71d8, L:/127.0.0.1:54985 - R:localhost/127.0.0.1:54903]
18:01:21.748 [Forwarding getCurrentUrl on session b486aeb923050eef4d53002149e3e80a to remote] DEBUG org.asynchttpclient.netty.request.NettyRequestSender - Using pooled Channel '[id: 0x0b3d71d8, L:/127.0.0.1:54985 - R:localhost/127.0.0.1:54903]' for 'GET' to 'http://localhost:54903/session/b486aeb923050eef4d53002149e3e80a/url'
18:01:21.748 [Forwarding getCurrentUrl on session b486aeb923050eef4d53002149e3e80a to remote] DEBUG org.asynchttpclient.netty.request.NettyRequestSender - Using open Channel [id: 0x0b3d71d8, L:/127.0.0.1:54985 - R:localhost/127.0.0.1:54903] for GET '/session/b486aeb923050eef4d53002149e3e80a/url'
18:01:21.756 [AsyncHttpClient-1-11] DEBUG org.asynchttpclient.netty.handler.HttpHandler - 

Request DefaultFullHttpRequest(decodeResult: success, version: HTTP/1.1, content: EmptyByteBufBE)
GET /session/b486aeb923050eef4d53002149e3e80a/url HTTP/1.1
User-Agent: selenium/4.1.2 (java windows)
Cache-Control: no-cache
Content-Type: application/json; charset=utf-8
host: localhost:54903
accept: */*

Response DefaultHttpResponse(decodeResult: success, version: HTTP/1.1)
HTTP/1.1 200 OK
Content-Type: application/json; charset=utf-8
cache-control: no-cache
content-length: 57

18:01:21.756 [AsyncHttpClient-1-11] DEBUG org.asynchttpclient.netty.channel.ChannelManager - Adding key: http://localhost:54903 for channel [id: 0x0b3d71d8, L:/127.0.0.1:54985 - R:localhost/127.0.0.1:54903]
18:01:21.798 [Forwarding getCurrentUrl on session b486aeb923050eef4d53002149e3e80a to remote] DEBUG org.asynchttpclient.netty.request.NettyRequestSender - Using pooled Channel '[id: 0x0b3d71d8, L:/127.0.0.1:54985 - R:localhost/127.0.0.1:54903]' for 'GET' to 'http://localhost:54903/session/b486aeb923050eef4d53002149e3e80a/url'
18:01:21.799 [Forwarding getCurrentUrl on session b486aeb923050eef4d53002149e3e80a to remote] DEBUG org.asynchttpclient.netty.request.NettyRequestSender - Using open Channel [id: 0x0b3d71d8, L:/127.0.0.1:54985 - R:localhost/127.0.0.1:54903] for GET '/session/b486aeb923050eef4d53002149e3e80a/url'
18:01:21.805 [AsyncHttpClient-1-11] DEBUG org.asynchttpclient.netty.handler.HttpHandler - 

Request DefaultFullHttpRequest(decodeResult: success, version: HTTP/1.1, content: EmptyByteBufBE)
GET /session/b486aeb923050eef4d53002149e3e80a/url HTTP/1.1
User-Agent: selenium/4.1.2 (java windows)
Cache-Control: no-cache
Content-Type: application/json; charset=utf-8
host: localhost:54903
accept: */*

Response DefaultHttpResponse(decodeResult: success, version: HTTP/1.1)
HTTP/1.1 200 OK
Content-Type: application/json; charset=utf-8
cache-control: no-cache
content-length: 57

18:01:21.805 [AsyncHttpClient-1-11] DEBUG org.asynchttpclient.netty.channel.ChannelManager - Adding key: http://localhost:54903 for channel [id: 0x0b3d71d8, L:/127.0.0.1:54985 - R:localhost/127.0.0.1:54903]
18:01:21.849 [Forwarding screenshot on session b486aeb923050eef4d53002149e3e80a to remote] DEBUG org.asynchttpclient.netty.request.NettyRequestSender - Using pooled Channel '[id: 0x0b3d71d8, L:/127.0.0.1:54985 - R:localhost/127.0.0.1:54903]' for 'GET' to 'http://localhost:54903/session/b486aeb923050eef4d53002149e3e80a/screenshot'
18:01:21.849 [Forwarding screenshot on session b486aeb923050eef4d53002149e3e80a to remote] DEBUG org.asynchttpclient.netty.request.NettyRequestSender - Using open Channel [id: 0x0b3d71d8, L:/127.0.0.1:54985 - R:localhost/127.0.0.1:54903] for GET '/session/b486aeb923050eef4d53002149e3e80a/screenshot'
18:01:22.315 [AsyncHttpClient-1-11] DEBUG org.asynchttpclient.netty.handler.HttpHandler - 

Request DefaultFullHttpRequest(decodeResult: success, version: HTTP/1.1, content: EmptyByteBufBE)
GET /session/b486aeb923050eef4d53002149e3e80a/screenshot HTTP/1.1
User-Agent: selenium/4.1.2 (java windows)
Cache-Control: no-cache
Content-Type: application/json; charset=utf-8
host: localhost:54903
accept: */*

Response DefaultHttpResponse(decodeResult: success, version: HTTP/1.1)
HTTP/1.1 200 OK
Content-Type: application/json; charset=utf-8
cache-control: no-cache
content-length: 379740

18:01:22.316 [AsyncHttpClient-1-11] DEBUG org.asynchttpclient.netty.channel.ChannelManager - Adding key: http://localhost:54903 for channel [id: 0x0b3d71d8, L:/127.0.0.1:54985 - R:localhost/127.0.0.1:54903]
18:01:22.342 [Test worker] DEBUG net.serenitybdd.core.photography.Darkroom - Send negative for processing for C:\Users\johan\OneDrive\Documentos\KONEX\Pruebas automatizadas\automatizacion_login_backoffice_1v\target\site\serenity\2906e0e514c90d11ffaf03067b12110de544ee879fa76ed63b517fad1e2e3380.png
18:01:22.343 [Test worker] DEBUG net.thucydides.core.steps.StepInterceptor - STEP DONE: {0} opens the #targetPage
18:01:22.393 [Test worker] DEBUG net.thucydides.core.steps.StepInterceptor - STEP DONE: performAs
18:01:22.442 [Forwarding screenshot on session b486aeb923050eef4d53002149e3e80a to remote] DEBUG org.asynchttpclient.netty.request.NettyRequestSender - Using pooled Channel '[id: 0x0b3d71d8, L:/127.0.0.1:54985 - R:localhost/127.0.0.1:54903]' for 'GET' to 'http://localhost:54903/session/b486aeb923050eef4d53002149e3e80a/screenshot'
18:01:22.442 [Forwarding screenshot on session b486aeb923050eef4d53002149e3e80a to remote] DEBUG org.asynchttpclient.netty.request.NettyRequestSender - Using open Channel [id: 0x0b3d71d8, L:/127.0.0.1:54985 - R:localhost/127.0.0.1:54903] for GET '/session/b486aeb923050eef4d53002149e3e80a/screenshot'
18:01:22.710 [AsyncHttpClient-1-1] DEBUG org.asynchttpclient.netty.channel.DefaultChannelPool - Entry count for : http://localhost:54986 : 1
18:01:22.833 [AsyncHttpClient-1-11] DEBUG org.asynchttpclient.netty.handler.HttpHandler - 

Request DefaultFullHttpRequest(decodeResult: success, version: HTTP/1.1, content: EmptyByteBufBE)
GET /session/b486aeb923050eef4d53002149e3e80a/screenshot HTTP/1.1
User-Agent: selenium/4.1.2 (java windows)
Cache-Control: no-cache
Content-Type: application/json; charset=utf-8
host: localhost:54903
accept: */*

Response DefaultHttpResponse(decodeResult: success, version: HTTP/1.1)
HTTP/1.1 200 OK
Content-Type: application/json; charset=utf-8
cache-control: no-cache
content-length: 379772

18:01:22.835 [AsyncHttpClient-1-11] DEBUG org.asynchttpclient.netty.channel.ChannelManager - Adding key: http://localhost:54903 for channel [id: 0x0b3d71d8, L:/127.0.0.1:54985 - R:localhost/127.0.0.1:54903]
18:01:22.861 [Test worker] DEBUG net.serenitybdd.core.photography.Darkroom - Send negative for processing for C:\Users\johan\OneDrive\Documentos\KONEX\Pruebas automatizadas\automatizacion_login_backoffice_1v\target\site\serenity\827eba772fc8c0a7b9dfb33684fbbfab2dbf1f790c8339d229e180e243a6dda7.png
18:01:22.960 [Forwarding screenshot on session b486aeb923050eef4d53002149e3e80a to remote] DEBUG org.asynchttpclient.netty.request.NettyRequestSender - Using pooled Channel '[id: 0x0b3d71d8, L:/127.0.0.1:54985 - R:localhost/127.0.0.1:54903]' for 'GET' to 'http://localhost:54903/session/b486aeb923050eef4d53002149e3e80a/screenshot'
18:01:22.960 [Forwarding screenshot on session b486aeb923050eef4d53002149e3e80a to remote] DEBUG org.asynchttpclient.netty.request.NettyRequestSender - Using open Channel [id: 0x0b3d71d8, L:/127.0.0.1:54985 - R:localhost/127.0.0.1:54903] for GET '/session/b486aeb923050eef4d53002149e3e80a/screenshot'
18:01:23.355 [AsyncHttpClient-1-11] DEBUG org.asynchttpclient.netty.handler.HttpHandler - 

Request DefaultFullHttpRequest(decodeResult: success, version: HTTP/1.1, content: EmptyByteBufBE)
GET /session/b486aeb923050eef4d53002149e3e80a/screenshot HTTP/1.1
User-Agent: selenium/4.1.2 (java windows)
Cache-Control: no-cache
Content-Type: application/json; charset=utf-8
host: localhost:54903
accept: */*

Response DefaultHttpResponse(decodeResult: success, version: HTTP/1.1)
HTTP/1.1 200 OK
Content-Type: application/json; charset=utf-8
cache-control: no-cache
content-length: 379740

18:01:23.356 [AsyncHttpClient-1-11] DEBUG org.asynchttpclient.netty.channel.ChannelManager - Adding key: http://localhost:54903 for channel [id: 0x0b3d71d8, L:/127.0.0.1:54985 - R:localhost/127.0.0.1:54903]
18:01:23.384 [Test worker] DEBUG net.serenitybdd.core.photography.Darkroom - Send negative for processing for C:\Users\johan\OneDrive\Documentos\KONEX\Pruebas automatizadas\automatizacion_login_backoffice_1v\target\site\serenity\2906e0e514c90d11ffaf03067b12110de544ee879fa76ed63b517fad1e2e3380.png
18:01:23.385 [Test worker] DEBUG net.thucydides.core.steps.StepInterceptor - STARTING STEP: MyStepdefinitions.digitaUsuarioOContrasennaIncorrectas - performAs
18:01:23.428 [Test worker] DEBUG net.thucydides.core.steps.StepInterceptor - STARTING STEP: Digitar.performAs - {0} enters #theTextAsAString into #target
18:01:23.448 [Test worker] DEBUG net.serenitybdd.screenplay.targets.IFrameSwitcher - default content already selected for Datos para campo de usuario
18:01:23.526 [Forwarding findElement on session b486aeb923050eef4d53002149e3e80a to remote] DEBUG org.asynchttpclient.netty.request.NettyRequestSender - Using pooled Channel '[id: 0x0b3d71d8, L:/127.0.0.1:54985 - R:localhost/127.0.0.1:54903]' for 'POST' to 'http://localhost:54903/session/b486aeb923050eef4d53002149e3e80a/element'
18:01:23.527 [Forwarding findElement on session b486aeb923050eef4d53002149e3e80a to remote] DEBUG org.asynchttpclient.netty.request.NettyRequestSender - Using open Channel [id: 0x0b3d71d8, L:/127.0.0.1:54985 - R:localhost/127.0.0.1:54903] for POST '/session/b486aeb923050eef4d53002149e3e80a/element'
18:01:23.552 [AsyncHttpClient-1-11] DEBUG org.asynchttpclient.netty.handler.HttpHandler - 

Request DefaultHttpRequest(decodeResult: success, version: HTTP/1.1)
POST /session/b486aeb923050eef4d53002149e3e80a/element HTTP/1.1
User-Agent: selenium/4.1.2 (java windows)
Content-Length: 53
Content-Type: application/json; charset=utf-8
host: localhost:54903
accept: */*

Response DefaultHttpResponse(decodeResult: success, version: HTTP/1.1)
HTTP/1.1 200 OK
Content-Type: application/json; charset=utf-8
cache-control: no-cache
content-length: 88

18:01:23.553 [AsyncHttpClient-1-11] DEBUG org.asynchttpclient.netty.channel.ChannelManager - Adding key: http://localhost:54903 for channel [id: 0x0b3d71d8, L:/127.0.0.1:54985 - R:localhost/127.0.0.1:54903]
18:01:23.555 [Forwarding clearElement on session b486aeb923050eef4d53002149e3e80a to remote] DEBUG org.asynchttpclient.netty.request.NettyRequestSender - Using pooled Channel '[id: 0x0b3d71d8, L:/127.0.0.1:54985 - R:localhost/127.0.0.1:54903]' for 'POST' to 'http://localhost:54903/session/b486aeb923050eef4d53002149e3e80a/element/7ebc265c-60d9-4606-a92f-6dd558c0d193/clear'
18:01:23.555 [Forwarding clearElement on session b486aeb923050eef4d53002149e3e80a to remote] DEBUG org.asynchttpclient.netty.request.NettyRequestSender - Using open Channel [id: 0x0b3d71d8, L:/127.0.0.1:54985 - R:localhost/127.0.0.1:54903] for POST '/session/b486aeb923050eef4d53002149e3e80a/element/7ebc265c-60d9-4606-a92f-6dd558c0d193/clear'
18:01:23.621 [AsyncHttpClient-1-11] DEBUG org.asynchttpclient.netty.handler.HttpHandler - 

Request DefaultHttpRequest(decodeResult: success, version: HTTP/1.1)
POST /session/b486aeb923050eef4d53002149e3e80a/element/7ebc265c-60d9-4606-a92f-6dd558c0d193/clear HTTP/1.1
User-Agent: selenium/4.1.2 (java windows)
Content-Length: 50
Content-Type: application/json; charset=utf-8
host: localhost:54903
accept: */*

Response DefaultHttpResponse(decodeResult: success, version: HTTP/1.1)
HTTP/1.1 200 OK
Content-Type: application/json; charset=utf-8
cache-control: no-cache
content-length: 14

18:01:23.621 [AsyncHttpClient-1-11] DEBUG org.asynchttpclient.netty.channel.ChannelManager - Adding key: http://localhost:54903 for channel [id: 0x0b3d71d8, L:/127.0.0.1:54985 - R:localhost/127.0.0.1:54903]
18:01:23.646 [Forwarding sendKeysToElement on session b486aeb923050eef4d53002149e3e80a to remote] DEBUG org.asynchttpclient.netty.request.NettyRequestSender - Using pooled Channel '[id: 0x0b3d71d8, L:/127.0.0.1:54985 - R:localhost/127.0.0.1:54903]' for 'POST' to 'http://localhost:54903/session/b486aeb923050eef4d53002149e3e80a/element/7ebc265c-60d9-4606-a92f-6dd558c0d193/value'
18:01:23.646 [Forwarding sendKeysToElement on session b486aeb923050eef4d53002149e3e80a to remote] DEBUG org.asynchttpclient.netty.request.NettyRequestSender - Using open Channel [id: 0x0b3d71d8, L:/127.0.0.1:54985 - R:localhost/127.0.0.1:54903] for POST '/session/b486aeb923050eef4d53002149e3e80a/element/7ebc265c-60d9-4606-a92f-6dd558c0d193/value'
18:01:23.736 [AsyncHttpClient-1-11] DEBUG org.asynchttpclient.netty.handler.HttpHandler - 

Request DefaultHttpRequest(decodeResult: success, version: HTTP/1.1)
POST /session/b486aeb923050eef4d53002149e3e80a/element/7ebc265c-60d9-4606-a92f-6dd558c0d193/value HTTP/1.1
User-Agent: selenium/4.1.2 (java windows)
Content-Length: 191
Content-Type: application/json; charset=utf-8
host: localhost:54903
accept: */*

Response DefaultHttpResponse(decodeResult: success, version: HTTP/1.1)
HTTP/1.1 200 OK
Content-Type: application/json; charset=utf-8
cache-control: no-cache
content-length: 14

18:01:23.736 [AsyncHttpClient-1-11] DEBUG org.asynchttpclient.netty.channel.ChannelManager - Adding key: http://localhost:54903 for channel [id: 0x0b3d71d8, L:/127.0.0.1:54985 - R:localhost/127.0.0.1:54903]
18:01:23.776 [Forwarding screenshot on session b486aeb923050eef4d53002149e3e80a to remote] DEBUG org.asynchttpclient.netty.request.NettyRequestSender - Using pooled Channel '[id: 0x0b3d71d8, L:/127.0.0.1:54985 - R:localhost/127.0.0.1:54903]' for 'GET' to 'http://localhost:54903/session/b486aeb923050eef4d53002149e3e80a/screenshot'
18:01:23.776 [Forwarding screenshot on session b486aeb923050eef4d53002149e3e80a to remote] DEBUG org.asynchttpclient.netty.request.NettyRequestSender - Using open Channel [id: 0x0b3d71d8, L:/127.0.0.1:54985 - R:localhost/127.0.0.1:54903] for GET '/session/b486aeb923050eef4d53002149e3e80a/screenshot'
18:01:23.817 [AsyncHttpClient-1-1] DEBUG org.asynchttpclient.netty.channel.DefaultChannelPool - Entry count for : http://localhost:54986 : 1
18:01:24.209 [AsyncHttpClient-1-11] DEBUG org.asynchttpclient.netty.handler.HttpHandler - 

Request DefaultFullHttpRequest(decodeResult: success, version: HTTP/1.1, content: EmptyByteBufBE)
GET /session/b486aeb923050eef4d53002149e3e80a/screenshot HTTP/1.1
User-Agent: selenium/4.1.2 (java windows)
Cache-Control: no-cache
Content-Type: application/json; charset=utf-8
host: localhost:54903
accept: */*

Response DefaultHttpResponse(decodeResult: success, version: HTTP/1.1)
HTTP/1.1 200 OK
Content-Type: application/json; charset=utf-8
cache-control: no-cache
content-length: 378572

18:01:24.211 [AsyncHttpClient-1-11] DEBUG org.asynchttpclient.netty.channel.ChannelManager - Adding key: http://localhost:54903 for channel [id: 0x0b3d71d8, L:/127.0.0.1:54985 - R:localhost/127.0.0.1:54903]
18:01:24.245 [Test worker] DEBUG net.serenitybdd.core.photography.Darkroom - Send negative for processing for C:\Users\johan\OneDrive\Documentos\KONEX\Pruebas automatizadas\automatizacion_login_backoffice_1v\target\site\serenity\006b24e5412277c5de3e2de51cd21d98827689b6fa88dab4e7de0ed1afc6cbb1.png
18:01:24.320 [Forwarding screenshot on session b486aeb923050eef4d53002149e3e80a to remote] DEBUG org.asynchttpclient.netty.request.NettyRequestSender - Using pooled Channel '[id: 0x0b3d71d8, L:/127.0.0.1:54985 - R:localhost/127.0.0.1:54903]' for 'GET' to 'http://localhost:54903/session/b486aeb923050eef4d53002149e3e80a/screenshot'
18:01:24.320 [Forwarding screenshot on session b486aeb923050eef4d53002149e3e80a to remote] DEBUG org.asynchttpclient.netty.request.NettyRequestSender - Using open Channel [id: 0x0b3d71d8, L:/127.0.0.1:54985 - R:localhost/127.0.0.1:54903] for GET '/session/b486aeb923050eef4d53002149e3e80a/screenshot'
18:01:24.727 [AsyncHttpClient-1-11] DEBUG org.asynchttpclient.netty.handler.HttpHandler - 

Request DefaultFullHttpRequest(decodeResult: success, version: HTTP/1.1, content: EmptyByteBufBE)
GET /session/b486aeb923050eef4d53002149e3e80a/screenshot HTTP/1.1
User-Agent: selenium/4.1.2 (java windows)
Cache-Control: no-cache
Content-Type: application/json; charset=utf-8
host: localhost:54903
accept: */*

Response DefaultHttpResponse(decodeResult: success, version: HTTP/1.1)
HTTP/1.1 200 OK
Content-Type: application/json; charset=utf-8
cache-control: no-cache
content-length: 378548

18:01:24.729 [AsyncHttpClient-1-11] DEBUG org.asynchttpclient.netty.channel.ChannelManager - Adding key: http://localhost:54903 for channel [id: 0x0b3d71d8, L:/127.0.0.1:54985 - R:localhost/127.0.0.1:54903]
18:01:24.763 [Test worker] DEBUG net.serenitybdd.core.photography.Darkroom - Send negative for processing for C:\Users\johan\OneDrive\Documentos\KONEX\Pruebas automatizadas\automatizacion_login_backoffice_1v\target\site\serenity\593c02f2b79ab573dd722198271769da9d69a7badc725eaf18bb77823c363d3f.png
18:01:24.764 [Test worker] DEBUG net.thucydides.core.steps.StepInterceptor - STEP DONE: {0} enters #theTextAsAString into #target
18:01:24.810 [Test worker] DEBUG net.thucydides.core.steps.StepInterceptor - STARTING STEP: Digitar.performAs - {0} enters #theTextAsAString into #target
18:01:24.832 [Test worker] DEBUG net.serenitybdd.screenplay.targets.IFrameSwitcher - default content already selected for Datos para campo contrasenna
18:01:24.909 [AsyncHttpClient-1-1] DEBUG org.asynchttpclient.netty.channel.DefaultChannelPool - Entry count for : http://localhost:54903 : 1
18:01:24.909 [AsyncHttpClient-1-1] DEBUG org.asynchttpclient.netty.channel.DefaultChannelPool - Entry count for : http://localhost:54986 : 1
18:01:24.920 [Forwarding findElement on session b486aeb923050eef4d53002149e3e80a to remote] DEBUG org.asynchttpclient.netty.request.NettyRequestSender - Using pooled Channel '[id: 0x0b3d71d8, L:/127.0.0.1:54985 - R:localhost/127.0.0.1:54903]' for 'POST' to 'http://localhost:54903/session/b486aeb923050eef4d53002149e3e80a/element'
18:01:24.920 [Forwarding findElement on session b486aeb923050eef4d53002149e3e80a to remote] DEBUG org.asynchttpclient.netty.request.NettyRequestSender - Using open Channel [id: 0x0b3d71d8, L:/127.0.0.1:54985 - R:localhost/127.0.0.1:54903] for POST '/session/b486aeb923050eef4d53002149e3e80a/element'
18:01:24.942 [AsyncHttpClient-1-11] DEBUG org.asynchttpclient.netty.handler.HttpHandler - 

Request DefaultHttpRequest(decodeResult: success, version: HTTP/1.1)
POST /session/b486aeb923050eef4d53002149e3e80a/element HTTP/1.1
User-Agent: selenium/4.1.2 (java windows)
Content-Length: 50
Content-Type: application/json; charset=utf-8
host: localhost:54903
accept: */*

Response DefaultHttpResponse(decodeResult: success, version: HTTP/1.1)
HTTP/1.1 200 OK
Content-Type: application/json; charset=utf-8
cache-control: no-cache
content-length: 88

18:01:24.942 [AsyncHttpClient-1-11] DEBUG org.asynchttpclient.netty.channel.ChannelManager - Adding key: http://localhost:54903 for channel [id: 0x0b3d71d8, L:/127.0.0.1:54985 - R:localhost/127.0.0.1:54903]
18:01:24.944 [Forwarding clearElement on session b486aeb923050eef4d53002149e3e80a to remote] DEBUG org.asynchttpclient.netty.request.NettyRequestSender - Using pooled Channel '[id: 0x0b3d71d8, L:/127.0.0.1:54985 - R:localhost/127.0.0.1:54903]' for 'POST' to 'http://localhost:54903/session/b486aeb923050eef4d53002149e3e80a/element/8ec6ca9f-24a8-41fe-8b25-7dbf214b6232/clear'
18:01:24.944 [Forwarding clearElement on session b486aeb923050eef4d53002149e3e80a to remote] DEBUG org.asynchttpclient.netty.request.NettyRequestSender - Using open Channel [id: 0x0b3d71d8, L:/127.0.0.1:54985 - R:localhost/127.0.0.1:54903] for POST '/session/b486aeb923050eef4d53002149e3e80a/element/8ec6ca9f-24a8-41fe-8b25-7dbf214b6232/clear'
18:01:25.003 [AsyncHttpClient-1-11] DEBUG org.asynchttpclient.netty.handler.HttpHandler - 

Request DefaultHttpRequest(decodeResult: success, version: HTTP/1.1)
POST /session/b486aeb923050eef4d53002149e3e80a/element/8ec6ca9f-24a8-41fe-8b25-7dbf214b6232/clear HTTP/1.1
User-Agent: selenium/4.1.2 (java windows)
Content-Length: 50
Content-Type: application/json; charset=utf-8
host: localhost:54903
accept: */*

Response DefaultHttpResponse(decodeResult: success, version: HTTP/1.1)
HTTP/1.1 200 OK
Content-Type: application/json; charset=utf-8
cache-control: no-cache
content-length: 14

18:01:25.004 [AsyncHttpClient-1-11] DEBUG org.asynchttpclient.netty.channel.ChannelManager - Adding key: http://localhost:54903 for channel [id: 0x0b3d71d8, L:/127.0.0.1:54985 - R:localhost/127.0.0.1:54903]
18:01:25.028 [Forwarding sendKeysToElement on session b486aeb923050eef4d53002149e3e80a to remote] DEBUG org.asynchttpclient.netty.request.NettyRequestSender - Using pooled Channel '[id: 0x0b3d71d8, L:/127.0.0.1:54985 - R:localhost/127.0.0.1:54903]' for 'POST' to 'http://localhost:54903/session/b486aeb923050eef4d53002149e3e80a/element/8ec6ca9f-24a8-41fe-8b25-7dbf214b6232/value'
18:01:25.028 [Forwarding sendKeysToElement on session b486aeb923050eef4d53002149e3e80a to remote] DEBUG org.asynchttpclient.netty.request.NettyRequestSender - Using open Channel [id: 0x0b3d71d8, L:/127.0.0.1:54985 - R:localhost/127.0.0.1:54903] for POST '/session/b486aeb923050eef4d53002149e3e80a/element/8ec6ca9f-24a8-41fe-8b25-7dbf214b6232/value'
18:01:25.163 [AsyncHttpClient-1-11] DEBUG org.asynchttpclient.netty.handler.HttpHandler - 

Request DefaultHttpRequest(decodeResult: success, version: HTTP/1.1)
POST /session/b486aeb923050eef4d53002149e3e80a/element/8ec6ca9f-24a8-41fe-8b25-7dbf214b6232/value HTTP/1.1
User-Agent: selenium/4.1.2 (java windows)
Content-Length: 211
Content-Type: application/json; charset=utf-8
host: localhost:54903
accept: */*

Response DefaultHttpResponse(decodeResult: success, version: HTTP/1.1)
HTTP/1.1 200 OK
Content-Type: application/json; charset=utf-8
cache-control: no-cache
content-length: 14

18:01:25.163 [AsyncHttpClient-1-11] DEBUG org.asynchttpclient.netty.channel.ChannelManager - Adding key: http://localhost:54903 for channel [id: 0x0b3d71d8, L:/127.0.0.1:54985 - R:localhost/127.0.0.1:54903]
18:01:25.209 [Forwarding screenshot on session b486aeb923050eef4d53002149e3e80a to remote] DEBUG org.asynchttpclient.netty.request.NettyRequestSender - Using pooled Channel '[id: 0x0b3d71d8, L:/127.0.0.1:54985 - R:localhost/127.0.0.1:54903]' for 'GET' to 'http://localhost:54903/session/b486aeb923050eef4d53002149e3e80a/screenshot'
18:01:25.209 [Forwarding screenshot on session b486aeb923050eef4d53002149e3e80a to remote] DEBUG org.asynchttpclient.netty.request.NettyRequestSender - Using open Channel [id: 0x0b3d71d8, L:/127.0.0.1:54985 - R:localhost/127.0.0.1:54903] for GET '/session/b486aeb923050eef4d53002149e3e80a/screenshot'
18:01:25.642 [AsyncHttpClient-1-11] DEBUG org.asynchttpclient.netty.handler.HttpHandler - 

Request DefaultFullHttpRequest(decodeResult: success, version: HTTP/1.1, content: EmptyByteBufBE)
GET /session/b486aeb923050eef4d53002149e3e80a/screenshot HTTP/1.1
User-Agent: selenium/4.1.2 (java windows)
Cache-Control: no-cache
Content-Type: application/json; charset=utf-8
host: localhost:54903
accept: */*

Response DefaultHttpResponse(decodeResult: success, version: HTTP/1.1)
HTTP/1.1 200 OK
Content-Type: application/json; charset=utf-8
cache-control: no-cache
content-length: 376356

18:01:25.644 [AsyncHttpClient-1-11] DEBUG org.asynchttpclient.netty.channel.ChannelManager - Adding key: http://localhost:54903 for channel [id: 0x0b3d71d8, L:/127.0.0.1:54985 - R:localhost/127.0.0.1:54903]
18:01:25.672 [Test worker] DEBUG net.serenitybdd.core.photography.Darkroom - Send negative for processing for C:\Users\johan\OneDrive\Documentos\KONEX\Pruebas automatizadas\automatizacion_login_backoffice_1v\target\site\serenity\8f3b4680d4bc987a2e7421df2b03819e3633c37d3a313f1528eec2b60bbcf637.png
18:01:25.730 [Forwarding screenshot on session b486aeb923050eef4d53002149e3e80a to remote] DEBUG org.asynchttpclient.netty.request.NettyRequestSender - Using pooled Channel '[id: 0x0b3d71d8, L:/127.0.0.1:54985 - R:localhost/127.0.0.1:54903]' for 'GET' to 'http://localhost:54903/session/b486aeb923050eef4d53002149e3e80a/screenshot'
18:01:25.730 [Forwarding screenshot on session b486aeb923050eef4d53002149e3e80a to remote] DEBUG org.asynchttpclient.netty.request.NettyRequestSender - Using open Channel [id: 0x0b3d71d8, L:/127.0.0.1:54985 - R:localhost/127.0.0.1:54903] for GET '/session/b486aeb923050eef4d53002149e3e80a/screenshot'
18:01:26.010 [AsyncHttpClient-1-1] DEBUG org.asynchttpclient.netty.channel.DefaultChannelPool - Entry count for : http://localhost:54986 : 1
18:01:26.153 [AsyncHttpClient-1-11] DEBUG org.asynchttpclient.netty.handler.HttpHandler - 

Request DefaultFullHttpRequest(decodeResult: success, version: HTTP/1.1, content: EmptyByteBufBE)
GET /session/b486aeb923050eef4d53002149e3e80a/screenshot HTTP/1.1
User-Agent: selenium/4.1.2 (java windows)
Cache-Control: no-cache
Content-Type: application/json; charset=utf-8
host: localhost:54903
accept: */*

Response DefaultHttpResponse(decodeResult: success, version: HTTP/1.1)
HTTP/1.1 200 OK
Content-Type: application/json; charset=utf-8
cache-control: no-cache
content-length: 376304

18:01:26.154 [AsyncHttpClient-1-11] DEBUG org.asynchttpclient.netty.channel.ChannelManager - Adding key: http://localhost:54903 for channel [id: 0x0b3d71d8, L:/127.0.0.1:54985 - R:localhost/127.0.0.1:54903]
18:01:26.190 [Test worker] DEBUG net.serenitybdd.core.photography.Darkroom - Send negative for processing for C:\Users\johan\OneDrive\Documentos\KONEX\Pruebas automatizadas\automatizacion_login_backoffice_1v\target\site\serenity\57f13a3b963fce0199c55083d3851bc181233f1870f6572733782e3a7a672bad.png
18:01:26.191 [Test worker] DEBUG net.thucydides.core.steps.StepInterceptor - STEP DONE: {0} enters #theTextAsAString into #target
18:01:26.191 [Darkroom Processing Line] DEBUG net.serenitybdd.core.photography.DarkroomProcessingLine - Processing screenshot image in /var/screenshots/screenshot-8729451112398669942
18:01:26.191 [Darkroom Processing Line] DEBUG net.serenitybdd.core.photography.DarkroomProcessingLine - Saving screenshot to C:\Users\johan\OneDrive\Documentos\KONEX\Pruebas automatizadas\automatizacion_login_backoffice_1v\target\site\serenity\57f13a3b963fce0199c55083d3851bc181233f1870f6572733782e3a7a672bad.png
18:01:26.227 [Test worker] DEBUG net.thucydides.core.steps.StepInterceptor - STARTING STEP: Digitar.performAs - {0} clicks on #target
18:01:26.228 [Test worker] DEBUG net.serenitybdd.screenplay.targets.IFrameSwitcher - default content already selected for Boton iniciar sesion
18:01:26.398 [Forwarding findElement on session b486aeb923050eef4d53002149e3e80a to remote] DEBUG org.asynchttpclient.netty.request.NettyRequestSender - Using pooled Channel '[id: 0x0b3d71d8, L:/127.0.0.1:54985 - R:localhost/127.0.0.1:54903]' for 'POST' to 'http://localhost:54903/session/b486aeb923050eef4d53002149e3e80a/element'
18:01:26.398 [Forwarding findElement on session b486aeb923050eef4d53002149e3e80a to remote] DEBUG org.asynchttpclient.netty.request.NettyRequestSender - Using open Channel [id: 0x0b3d71d8, L:/127.0.0.1:54985 - R:localhost/127.0.0.1:54903] for POST '/session/b486aeb923050eef4d53002149e3e80a/element'
18:01:26.420 [AsyncHttpClient-1-11] DEBUG org.asynchttpclient.netty.handler.HttpHandler - 

Request DefaultHttpRequest(decodeResult: success, version: HTTP/1.1)
POST /session/b486aeb923050eef4d53002149e3e80a/element HTTP/1.1
User-Agent: selenium/4.1.2 (java windows)
Content-Length: 89
Content-Type: application/json; charset=utf-8
host: localhost:54903
accept: */*

Response DefaultHttpResponse(decodeResult: success, version: HTTP/1.1)
HTTP/1.1 200 OK
Content-Type: application/json; charset=utf-8
cache-control: no-cache
content-length: 88

18:01:26.421 [AsyncHttpClient-1-11] DEBUG org.asynchttpclient.netty.channel.ChannelManager - Adding key: http://localhost:54903 for channel [id: 0x0b3d71d8, L:/127.0.0.1:54985 - R:localhost/127.0.0.1:54903]
18:01:26.451 [Forwarding isElementDisplayed on session b486aeb923050eef4d53002149e3e80a to remote] DEBUG org.asynchttpclient.netty.request.NettyRequestSender - Using pooled Channel '[id: 0x0b3d71d8, L:/127.0.0.1:54985 - R:localhost/127.0.0.1:54903]' for 'POST' to 'http://localhost:54903/session/b486aeb923050eef4d53002149e3e80a/execute/sync'
18:01:26.451 [Forwarding isElementDisplayed on session b486aeb923050eef4d53002149e3e80a to remote] DEBUG org.asynchttpclient.netty.request.NettyRequestSender - Using open Channel [id: 0x0b3d71d8, L:/127.0.0.1:54985 - R:localhost/127.0.0.1:54903] for POST '/session/b486aeb923050eef4d53002149e3e80a/execute/sync'
18:01:26.474 [AsyncHttpClient-1-11] DEBUG org.asynchttpclient.netty.handler.HttpHandler - 

Request DefaultHttpRequest(decodeResult: success, version: HTTP/1.1)
POST /session/b486aeb923050eef4d53002149e3e80a/execute/sync HTTP/1.1
User-Agent: selenium/4.1.2 (java windows)
Content-Length: 48780
Content-Type: application/json; charset=utf-8
host: localhost:54903
accept: */*

Response DefaultHttpResponse(decodeResult: success, version: HTTP/1.1)
HTTP/1.1 200 OK
Content-Type: application/json; charset=utf-8
cache-control: no-cache
content-length: 14

18:01:26.475 [AsyncHttpClient-1-11] DEBUG org.asynchttpclient.netty.channel.ChannelManager - Adding key: http://localhost:54903 for channel [id: 0x0b3d71d8, L:/127.0.0.1:54985 - R:localhost/127.0.0.1:54903]
18:01:26.521 [Forwarding findElement on session b486aeb923050eef4d53002149e3e80a to remote] DEBUG org.asynchttpclient.netty.request.NettyRequestSender - Using pooled Channel '[id: 0x0b3d71d8, L:/127.0.0.1:54985 - R:localhost/127.0.0.1:54903]' for 'POST' to 'http://localhost:54903/session/b486aeb923050eef4d53002149e3e80a/element'
18:01:26.522 [Forwarding findElement on session b486aeb923050eef4d53002149e3e80a to remote] DEBUG org.asynchttpclient.netty.request.NettyRequestSender - Using open Channel [id: 0x0b3d71d8, L:/127.0.0.1:54985 - R:localhost/127.0.0.1:54903] for POST '/session/b486aeb923050eef4d53002149e3e80a/element'
18:01:26.536 [AsyncHttpClient-1-11] DEBUG org.asynchttpclient.netty.handler.HttpHandler - 

Request DefaultHttpRequest(decodeResult: success, version: HTTP/1.1)
POST /session/b486aeb923050eef4d53002149e3e80a/element HTTP/1.1
User-Agent: selenium/4.1.2 (java windows)
Content-Length: 89
Content-Type: application/json; charset=utf-8
host: localhost:54903
accept: */*

Response DefaultHttpResponse(decodeResult: success, version: HTTP/1.1)
HTTP/1.1 200 OK
Content-Type: application/json; charset=utf-8
cache-control: no-cache
content-length: 88

18:01:26.536 [AsyncHttpClient-1-11] DEBUG org.asynchttpclient.netty.channel.ChannelManager - Adding key: http://localhost:54903 for channel [id: 0x0b3d71d8, L:/127.0.0.1:54985 - R:localhost/127.0.0.1:54903]
18:01:26.539 [Forwarding clickElement on session b486aeb923050eef4d53002149e3e80a to remote] DEBUG org.asynchttpclient.netty.request.NettyRequestSender - Using pooled Channel '[id: 0x0b3d71d8, L:/127.0.0.1:54985 - R:localhost/127.0.0.1:54903]' for 'POST' to 'http://localhost:54903/session/b486aeb923050eef4d53002149e3e80a/element/a11313f8-cfa3-4a0c-b254-ac235bed3ddd/click'
18:01:26.539 [Forwarding clickElement on session b486aeb923050eef4d53002149e3e80a to remote] DEBUG org.asynchttpclient.netty.request.NettyRequestSender - Using open Channel [id: 0x0b3d71d8, L:/127.0.0.1:54985 - R:localhost/127.0.0.1:54903] for POST '/session/b486aeb923050eef4d53002149e3e80a/element/a11313f8-cfa3-4a0c-b254-ac235bed3ddd/click'
18:01:26.620 [AsyncHttpClient-1-11] DEBUG org.asynchttpclient.netty.handler.HttpHandler - 

Request DefaultHttpRequest(decodeResult: success, version: HTTP/1.1)
POST /session/b486aeb923050eef4d53002149e3e80a/element/a11313f8-cfa3-4a0c-b254-ac235bed3ddd/click HTTP/1.1
User-Agent: selenium/4.1.2 (java windows)
Content-Length: 50
Content-Type: application/json; charset=utf-8
host: localhost:54903
accept: */*

Response DefaultHttpResponse(decodeResult: success, version: HTTP/1.1)
HTTP/1.1 200 OK
Content-Type: application/json; charset=utf-8
cache-control: no-cache
content-length: 14

18:01:26.620 [AsyncHttpClient-1-11] DEBUG org.asynchttpclient.netty.channel.ChannelManager - Adding key: http://localhost:54903 for channel [id: 0x0b3d71d8, L:/127.0.0.1:54985 - R:localhost/127.0.0.1:54903]
18:01:26.668 [Forwarding screenshot on session b486aeb923050eef4d53002149e3e80a to remote] DEBUG org.asynchttpclient.netty.request.NettyRequestSender - Using pooled Channel '[id: 0x0b3d71d8, L:/127.0.0.1:54985 - R:localhost/127.0.0.1:54903]' for 'GET' to 'http://localhost:54903/session/b486aeb923050eef4d53002149e3e80a/screenshot'
18:01:26.668 [Forwarding screenshot on session b486aeb923050eef4d53002149e3e80a to remote] DEBUG org.asynchttpclient.netty.request.NettyRequestSender - Using open Channel [id: 0x0b3d71d8, L:/127.0.0.1:54985 - R:localhost/127.0.0.1:54903] for GET '/session/b486aeb923050eef4d53002149e3e80a/screenshot'
18:01:27.116 [AsyncHttpClient-1-1] DEBUG org.asynchttpclient.netty.channel.DefaultChannelPool - Entry count for : http://localhost:54986 : 1
18:01:27.191 [AsyncHttpClient-1-11] DEBUG org.asynchttpclient.netty.handler.HttpHandler - 

Request DefaultFullHttpRequest(decodeResult: success, version: HTTP/1.1, content: EmptyByteBufBE)
GET /session/b486aeb923050eef4d53002149e3e80a/screenshot HTTP/1.1
User-Agent: selenium/4.1.2 (java windows)
Cache-Control: no-cache
Content-Type: application/json; charset=utf-8
host: localhost:54903
accept: */*

Response DefaultHttpResponse(decodeResult: success, version: HTTP/1.1)
HTTP/1.1 200 OK
Content-Type: application/json; charset=utf-8
cache-control: no-cache
content-length: 356108

18:01:27.193 [AsyncHttpClient-1-11] DEBUG org.asynchttpclient.netty.channel.ChannelManager - Adding key: http://localhost:54903 for channel [id: 0x0b3d71d8, L:/127.0.0.1:54985 - R:localhost/127.0.0.1:54903]
18:01:27.223 [Test worker] DEBUG net.serenitybdd.core.photography.Darkroom - Send negative for processing for C:\Users\johan\OneDrive\Documentos\KONEX\Pruebas automatizadas\automatizacion_login_backoffice_1v\target\site\serenity\a79dae21a3891fe468fc882b77cbe237708f0f835a2ba1e61557c11c8c710bd4.png
18:01:27.224 [Darkroom Processing Line] DEBUG net.serenitybdd.core.photography.DarkroomProcessingLine - Processing screenshot image in /var/screenshots/screenshot-2267370937268222326
18:01:27.224 [Darkroom Processing Line] DEBUG net.serenitybdd.core.photography.DarkroomProcessingLine - Saving screenshot to C:\Users\johan\OneDrive\Documentos\KONEX\Pruebas automatizadas\automatizacion_login_backoffice_1v\target\site\serenity\a79dae21a3891fe468fc882b77cbe237708f0f835a2ba1e61557c11c8c710bd4.png
18:01:27.260 [Test worker] DEBUG net.thucydides.core.steps.StepInterceptor - STEP DONE: {0} clicks on #target
18:01:27.317 [Forwarding screenshot on session b486aeb923050eef4d53002149e3e80a to remote] DEBUG org.asynchttpclient.netty.request.NettyRequestSender - Using pooled Channel '[id: 0x0b3d71d8, L:/127.0.0.1:54985 - R:localhost/127.0.0.1:54903]' for 'GET' to 'http://localhost:54903/session/b486aeb923050eef4d53002149e3e80a/screenshot'
18:01:27.318 [Forwarding screenshot on session b486aeb923050eef4d53002149e3e80a to remote] DEBUG org.asynchttpclient.netty.request.NettyRequestSender - Using open Channel [id: 0x0b3d71d8, L:/127.0.0.1:54985 - R:localhost/127.0.0.1:54903] for GET '/session/b486aeb923050eef4d53002149e3e80a/screenshot'
18:01:27.817 [AsyncHttpClient-1-11] DEBUG org.asynchttpclient.netty.handler.HttpHandler - 

Request DefaultFullHttpRequest(decodeResult: success, version: HTTP/1.1, content: EmptyByteBufBE)
GET /session/b486aeb923050eef4d53002149e3e80a/screenshot HTTP/1.1
User-Agent: selenium/4.1.2 (java windows)
Cache-Control: no-cache
Content-Type: application/json; charset=utf-8
host: localhost:54903
accept: */*

Response DefaultHttpResponse(decodeResult: success, version: HTTP/1.1)
HTTP/1.1 200 OK
Content-Type: application/json; charset=utf-8
cache-control: no-cache
content-length: 356180

18:01:27.818 [AsyncHttpClient-1-11] DEBUG org.asynchttpclient.netty.channel.ChannelManager - Adding key: http://localhost:54903 for channel [id: 0x0b3d71d8, L:/127.0.0.1:54985 - R:localhost/127.0.0.1:54903]
18:01:27.848 [Test worker] DEBUG net.serenitybdd.core.photography.Darkroom - Send negative for processing for C:\Users\johan\OneDrive\Documentos\KONEX\Pruebas automatizadas\automatizacion_login_backoffice_1v\target\site\serenity\a2b8b453e4007eef976f41d527b9fc1a376edcfa01b1f5bd49b7f3fd55f01003.png
18:01:27.848 [Test worker] DEBUG net.thucydides.core.steps.StepInterceptor - STEP DONE: performAs
18:01:27.849 [Darkroom Processing Line] DEBUG net.serenitybdd.core.photography.DarkroomProcessingLine - Processing screenshot image in /var/screenshots/screenshot-8998434843536019723
18:01:27.849 [Darkroom Processing Line] DEBUG net.serenitybdd.core.photography.DarkroomProcessingLine - Saving screenshot to C:\Users\johan\OneDrive\Documentos\KONEX\Pruebas automatizadas\automatizacion_login_backoffice_1v\target\site\serenity\a2b8b453e4007eef976f41d527b9fc1a376edcfa01b1f5bd49b7f3fd55f01003.png
18:01:27.903 [Forwarding screenshot on session b486aeb923050eef4d53002149e3e80a to remote] DEBUG org.asynchttpclient.netty.request.NettyRequestSender - Using pooled Channel '[id: 0x0b3d71d8, L:/127.0.0.1:54985 - R:localhost/127.0.0.1:54903]' for 'GET' to 'http://localhost:54903/session/b486aeb923050eef4d53002149e3e80a/screenshot'
18:01:27.904 [Forwarding screenshot on session b486aeb923050eef4d53002149e3e80a to remote] DEBUG org.asynchttpclient.netty.request.NettyRequestSender - Using open Channel [id: 0x0b3d71d8, L:/127.0.0.1:54985 - R:localhost/127.0.0.1:54903] for GET '/session/b486aeb923050eef4d53002149e3e80a/screenshot'
18:01:28.220 [AsyncHttpClient-1-1] DEBUG org.asynchttpclient.netty.channel.DefaultChannelPool - Entry count for : http://localhost:54986 : 1
18:01:28.366 [AsyncHttpClient-1-11] DEBUG org.asynchttpclient.netty.handler.HttpHandler - 

Request DefaultFullHttpRequest(decodeResult: success, version: HTTP/1.1, content: EmptyByteBufBE)
GET /session/b486aeb923050eef4d53002149e3e80a/screenshot HTTP/1.1
User-Agent: selenium/4.1.2 (java windows)
Cache-Control: no-cache
Content-Type: application/json; charset=utf-8
host: localhost:54903
accept: */*

Response DefaultHttpResponse(decodeResult: success, version: HTTP/1.1)
HTTP/1.1 200 OK
Content-Type: application/json; charset=utf-8
cache-control: no-cache
content-length: 385116

18:01:28.367 [AsyncHttpClient-1-11] DEBUG org.asynchttpclient.netty.channel.ChannelManager - Adding key: http://localhost:54903 for channel [id: 0x0b3d71d8, L:/127.0.0.1:54985 - R:localhost/127.0.0.1:54903]
18:01:28.396 [Test worker] DEBUG net.serenitybdd.core.photography.Darkroom - Send negative for processing for C:\Users\johan\OneDrive\Documentos\KONEX\Pruebas automatizadas\automatizacion_login_backoffice_1v\target\site\serenity\be2a37469233a3a39bfdfc5546492067574fd59a77365059884495b26f0b1565.png
18:01:28.459 [Forwarding screenshot on session b486aeb923050eef4d53002149e3e80a to remote] DEBUG org.asynchttpclient.netty.request.NettyRequestSender - Using pooled Channel '[id: 0x0b3d71d8, L:/127.0.0.1:54985 - R:localhost/127.0.0.1:54903]' for 'GET' to 'http://localhost:54903/session/b486aeb923050eef4d53002149e3e80a/screenshot'
18:01:28.459 [Forwarding screenshot on session b486aeb923050eef4d53002149e3e80a to remote] DEBUG org.asynchttpclient.netty.request.NettyRequestSender - Using open Channel [id: 0x0b3d71d8, L:/127.0.0.1:54985 - R:localhost/127.0.0.1:54903] for GET '/session/b486aeb923050eef4d53002149e3e80a/screenshot'
18:01:28.896 [AsyncHttpClient-1-11] DEBUG org.asynchttpclient.netty.handler.HttpHandler - 

Request DefaultFullHttpRequest(decodeResult: success, version: HTTP/1.1, content: EmptyByteBufBE)
GET /session/b486aeb923050eef4d53002149e3e80a/screenshot HTTP/1.1
User-Agent: selenium/4.1.2 (java windows)
Cache-Control: no-cache
Content-Type: application/json; charset=utf-8
host: localhost:54903
accept: */*

Response DefaultHttpResponse(decodeResult: success, version: HTTP/1.1)
HTTP/1.1 200 OK
Content-Type: application/json; charset=utf-8
cache-control: no-cache
content-length: 385116

18:01:28.898 [AsyncHttpClient-1-11] DEBUG org.asynchttpclient.netty.channel.ChannelManager - Adding key: http://localhost:54903 for channel [id: 0x0b3d71d8, L:/127.0.0.1:54985 - R:localhost/127.0.0.1:54903]
18:01:28.932 [Test worker] DEBUG net.serenitybdd.core.photography.Darkroom - Send negative for processing for C:\Users\johan\OneDrive\Documentos\KONEX\Pruebas automatizadas\automatizacion_login_backoffice_1v\target\site\serenity\be2a37469233a3a39bfdfc5546492067574fd59a77365059884495b26f0b1565.png
18:01:28.978 [Test worker] DEBUG net.serenitybdd.screenplay.targets.IFrameSwitcher - default content already selected for Mensaje error credenciales
18:01:29.005 [Forwarding findElements on session b486aeb923050eef4d53002149e3e80a to remote] DEBUG org.asynchttpclient.netty.request.NettyRequestSender - Using pooled Channel '[id: 0x0b3d71d8, L:/127.0.0.1:54985 - R:localhost/127.0.0.1:54903]' for 'POST' to 'http://localhost:54903/session/b486aeb923050eef4d53002149e3e80a/elements'
18:01:29.005 [Forwarding findElements on session b486aeb923050eef4d53002149e3e80a to remote] DEBUG org.asynchttpclient.netty.request.NettyRequestSender - Using open Channel [id: 0x0b3d71d8, L:/127.0.0.1:54985 - R:localhost/127.0.0.1:54903] for POST '/session/b486aeb923050eef4d53002149e3e80a/elements'
18:01:29.026 [AsyncHttpClient-1-11] DEBUG org.asynchttpclient.netty.handler.HttpHandler - 

Request DefaultHttpRequest(decodeResult: success, version: HTTP/1.1)
POST /session/b486aeb923050eef4d53002149e3e80a/elements HTTP/1.1
User-Agent: selenium/4.1.2 (java windows)
Content-Length: 117
Content-Type: application/json; charset=utf-8
host: localhost:54903
accept: */*

Response DefaultHttpResponse(decodeResult: success, version: HTTP/1.1)
HTTP/1.1 200 OK
Content-Type: application/json; charset=utf-8
cache-control: no-cache
content-length: 90

18:01:29.026 [AsyncHttpClient-1-11] DEBUG org.asynchttpclient.netty.channel.ChannelManager - Adding key: http://localhost:54903 for channel [id: 0x0b3d71d8, L:/127.0.0.1:54985 - R:localhost/127.0.0.1:54903]
18:01:29.083 [Forwarding getElementText on session b486aeb923050eef4d53002149e3e80a to remote] DEBUG org.asynchttpclient.netty.request.NettyRequestSender - Using pooled Channel '[id: 0x0b3d71d8, L:/127.0.0.1:54985 - R:localhost/127.0.0.1:54903]' for 'GET' to 'http://localhost:54903/session/b486aeb923050eef4d53002149e3e80a/element/4608e0b6-27af-4f5b-9302-d808b1cad3e2/text'
18:01:29.083 [Forwarding getElementText on session b486aeb923050eef4d53002149e3e80a to remote] DEBUG org.asynchttpclient.netty.request.NettyRequestSender - Using open Channel [id: 0x0b3d71d8, L:/127.0.0.1:54985 - R:localhost/127.0.0.1:54903] for GET '/session/b486aeb923050eef4d53002149e3e80a/element/4608e0b6-27af-4f5b-9302-d808b1cad3e2/text'
18:01:29.108 [AsyncHttpClient-1-11] DEBUG org.asynchttpclient.netty.handler.HttpHandler - 

Request DefaultFullHttpRequest(decodeResult: success, version: HTTP/1.1, content: EmptyByteBufBE)
GET /session/b486aeb923050eef4d53002149e3e80a/element/4608e0b6-27af-4f5b-9302-d808b1cad3e2/text HTTP/1.1
User-Agent: selenium/4.1.2 (java windows)
Cache-Control: no-cache
Content-Type: application/json; charset=utf-8
host: localhost:54903
accept: */*

Response DefaultHttpResponse(decodeResult: success, version: HTTP/1.1)
HTTP/1.1 200 OK
Content-Type: application/json; charset=utf-8
cache-control: no-cache
content-length: 58

18:01:29.108 [AsyncHttpClient-1-11] DEBUG org.asynchttpclient.netty.channel.ChannelManager - Adding key: http://localhost:54903 for channel [id: 0x0b3d71d8, L:/127.0.0.1:54985 - R:localhost/127.0.0.1:54903]
18:01:29.146 [Forwarding screenshot on session b486aeb923050eef4d53002149e3e80a to remote] DEBUG org.asynchttpclient.netty.request.NettyRequestSender - Using pooled Channel '[id: 0x0b3d71d8, L:/127.0.0.1:54985 - R:localhost/127.0.0.1:54903]' for 'GET' to 'http://localhost:54903/session/b486aeb923050eef4d53002149e3e80a/screenshot'
18:01:29.146 [Forwarding screenshot on session b486aeb923050eef4d53002149e3e80a to remote] DEBUG org.asynchttpclient.netty.request.NettyRequestSender - Using open Channel [id: 0x0b3d71d8, L:/127.0.0.1:54985 - R:localhost/127.0.0.1:54903] for GET '/session/b486aeb923050eef4d53002149e3e80a/screenshot'
18:01:29.311 [AsyncHttpClient-1-1] DEBUG org.asynchttpclient.netty.channel.DefaultChannelPool - Entry count for : http://localhost:54986 : 1
18:01:29.629 [AsyncHttpClient-1-11] DEBUG org.asynchttpclient.netty.handler.HttpHandler - 

Request DefaultFullHttpRequest(decodeResult: success, version: HTTP/1.1, content: EmptyByteBufBE)
GET /session/b486aeb923050eef4d53002149e3e80a/screenshot HTTP/1.1
User-Agent: selenium/4.1.2 (java windows)
Cache-Control: no-cache
Content-Type: application/json; charset=utf-8
host: localhost:54903
accept: */*

Response DefaultHttpResponse(decodeResult: success, version: HTTP/1.1)
HTTP/1.1 200 OK
Content-Type: application/json; charset=utf-8
cache-control: no-cache
content-length: 385116

18:01:29.630 [AsyncHttpClient-1-11] DEBUG org.asynchttpclient.netty.channel.ChannelManager - Adding key: http://localhost:54903 for channel [id: 0x0b3d71d8, L:/127.0.0.1:54985 - R:localhost/127.0.0.1:54903]
18:01:29.660 [Test worker] DEBUG net.serenitybdd.core.photography.Darkroom - Send negative for processing for C:\Users\johan\OneDrive\Documentos\KONEX\Pruebas automatizadas\automatizacion_login_backoffice_1v\target\site\serenity\be2a37469233a3a39bfdfc5546492067574fd59a77365059884495b26f0b1565.png
18:01:29.717 [Forwarding screenshot on session b486aeb923050eef4d53002149e3e80a to remote] DEBUG org.asynchttpclient.netty.request.NettyRequestSender - Using pooled Channel '[id: 0x0b3d71d8, L:/127.0.0.1:54985 - R:localhost/127.0.0.1:54903]' for 'GET' to 'http://localhost:54903/session/b486aeb923050eef4d53002149e3e80a/screenshot'
18:01:29.717 [Forwarding screenshot on session b486aeb923050eef4d53002149e3e80a to remote] DEBUG org.asynchttpclient.netty.request.NettyRequestSender - Using open Channel [id: 0x0b3d71d8, L:/127.0.0.1:54985 - R:localhost/127.0.0.1:54903] for GET '/session/b486aeb923050eef4d53002149e3e80a/screenshot'
18:01:30.211 [AsyncHttpClient-1-11] DEBUG org.asynchttpclient.netty.handler.HttpHandler - 

Request DefaultFullHttpRequest(decodeResult: success, version: HTTP/1.1, content: EmptyByteBufBE)
GET /session/b486aeb923050eef4d53002149e3e80a/screenshot HTTP/1.1
User-Agent: selenium/4.1.2 (java windows)
Cache-Control: no-cache
Content-Type: application/json; charset=utf-8
host: localhost:54903
accept: */*

Response DefaultHttpResponse(decodeResult: success, version: HTTP/1.1)
HTTP/1.1 200 OK
Content-Type: application/json; charset=utf-8
cache-control: no-cache
content-length: 385116

18:01:30.212 [AsyncHttpClient-1-11] DEBUG org.asynchttpclient.netty.channel.ChannelManager - Adding key: http://localhost:54903 for channel [id: 0x0b3d71d8, L:/127.0.0.1:54985 - R:localhost/127.0.0.1:54903]
18:01:30.242 [Test worker] DEBUG net.serenitybdd.core.photography.Darkroom - Send negative for processing for C:\Users\johan\OneDrive\Documentos\KONEX\Pruebas automatizadas\automatizacion_login_backoffice_1v\target\site\serenity\be2a37469233a3a39bfdfc5546492067574fd59a77365059884495b26f0b1565.png
18:01:30.284 [AsyncHttpClient-1-13] DEBUG org.asynchttpclient.netty.handler.WebSocketHandler - Channel Closed: [id: 0x676d5e68, L:/127.0.0.1:54994 ! R:localhost/127.0.0.1:54986] with attribute NettyResponseFuture{currentRetry=5,
	isDone=1,
	isCancelled=0,
	asyncHandler=org.asynchttpclient.ws.WebSocketUpgradeHandler@d00dccd,
	nettyRequest=org.asynchttpclient.netty.request.NettyRequest@48024309,
	future=java.util.concurrent.CompletableFuture@a8540eb[Completed normally],
	uri=ws://localhost:54986/devtools/browser/3b6fd8d1-51da-40bd-a51d-ed3ee3916d34,
	keepAlive=true,
	redirectCount=0,
	timeoutsHolder=null,
	inAuth=0,
	touch=1681254079779}
18:01:30.284 [AsyncHttpClient-1-13] DEBUG org.asynchttpclient.netty.channel.ChannelManager - Closing Channel [id: 0x676d5e68, L:/127.0.0.1:54994 ! R:localhost/127.0.0.1:54986] 
18:01:30.286 [Driver Command Executor] DEBUG org.asynchttpclient.netty.request.NettyRequestSender - Using pooled Channel '[id: 0x0b3d71d8, L:/127.0.0.1:54985 - R:localhost/127.0.0.1:54903]' for 'DELETE' to 'http://localhost:54903/session/b486aeb923050eef4d53002149e3e80a'
18:01:30.287 [Driver Command Executor] DEBUG org.asynchttpclient.netty.request.NettyRequestSender - Using open Channel [id: 0x0b3d71d8, L:/127.0.0.1:54985 - R:localhost/127.0.0.1:54903] for DELETE '/session/b486aeb923050eef4d53002149e3e80a'
18:01:30.400 [AsyncHttpClient-1-12] DEBUG org.asynchttpclient.netty.handler.HttpHandler - Unexpected I/O exception on channel [id: 0x6076de7a, L:/127.0.0.1:54993 - R:localhost/127.0.0.1:54986]
java.io.IOException: Se ha forzado la interrupción de una conexión existente por el host remoto
	at sun.nio.ch.SocketDispatcher.read0(Native Method)
	at sun.nio.ch.SocketDispatcher.read(SocketDispatcher.java:43)
	at sun.nio.ch.IOUtil.readIntoNativeBuffer(IOUtil.java:223)
	at sun.nio.ch.IOUtil.read(IOUtil.java:192)
	at sun.nio.ch.SocketChannelImpl.read(SocketChannelImpl.java:380)
	at io.netty.buffer.PooledByteBuf.setBytes(PooledByteBuf.java:258)
	at io.netty.buffer.AbstractByteBuf.writeBytes(AbstractByteBuf.java:1132)
	at io.netty.channel.socket.nio.NioSocketChannel.doReadBytes(NioSocketChannel.java:350)
	at io.netty.channel.nio.AbstractNioByteChannel$NioByteUnsafe.read(AbstractNioByteChannel.java:151)
	at io.netty.channel.nio.NioEventLoop.processSelectedKey(NioEventLoop.java:722)
	at io.netty.channel.nio.NioEventLoop.processSelectedKeysOptimized(NioEventLoop.java:658)
	at io.netty.channel.nio.NioEventLoop.processSelectedKeys(NioEventLoop.java:584)
	at io.netty.channel.nio.NioEventLoop.run(NioEventLoop.java:496)
	at io.netty.util.concurrent.SingleThreadEventExecutor$4.run(SingleThreadEventExecutor.java:986)
	at io.netty.util.internal.ThreadExecutorMap$2.run(ThreadExecutorMap.java:74)
	at io.netty.util.concurrent.FastThreadLocalRunnable.run(FastThreadLocalRunnable.java:30)
	at java.lang.Thread.run(Thread.java:748)
18:01:30.400 [AsyncHttpClient-1-12] DEBUG org.asynchttpclient.netty.channel.ChannelManager - Closing Channel [id: 0x6076de7a, L:/127.0.0.1:54993 - R:localhost/127.0.0.1:54986] 
18:01:30.400 [AsyncHttpClient-1-12] DEBUG org.asynchttpclient.netty.handler.HttpHandler - Channel Closed: [id: 0x6076de7a, L:/127.0.0.1:54993 ! R:localhost/127.0.0.1:54986] with attribute DISCARD
18:01:30.410 [AsyncHttpClient-1-1] DEBUG org.asynchttpclient.netty.channel.DefaultChannelPool - Entry count for : http://localhost:54986 : 1
18:01:30.411 [AsyncHttpClient-1-1] DEBUG org.asynchttpclient.netty.channel.DefaultChannelPool - Adding Candidate expired Channel [id: 0x6076de7a, L:/127.0.0.1:54993 ! R:localhost/127.0.0.1:54986] isIdleTimeoutExpired=false isRemotelyClosed=true isTtlExpired=false
18:01:30.411 [AsyncHttpClient-1-1] DEBUG org.asynchttpclient.netty.channel.DefaultChannelPool - Closing Idle Channel [id: 0x6076de7a, L:/127.0.0.1:54993 ! R:localhost/127.0.0.1:54986]
18:01:30.412 [AsyncHttpClient-1-1] DEBUG org.asynchttpclient.netty.channel.DefaultChannelPool - Closed 1 connections out of 1 in 2 ms
18:01:30.440 [AsyncHttpClient-1-11] DEBUG org.asynchttpclient.netty.handler.HttpHandler - 

Request DefaultFullHttpRequest(decodeResult: success, version: HTTP/1.1, content: EmptyByteBufBE)
DELETE /session/b486aeb923050eef4d53002149e3e80a HTTP/1.1
User-Agent: selenium/4.1.2 (java windows)
Content-Type: application/json; charset=utf-8
host: localhost:54903
accept: */*

Response DefaultHttpResponse(decodeResult: success, version: HTTP/1.1)
HTTP/1.1 200 OK
Content-Type: application/json; charset=utf-8
cache-control: no-cache
content-length: 14

18:01:30.440 [AsyncHttpClient-1-11] DEBUG org.asynchttpclient.netty.channel.ChannelManager - Adding key: http://localhost:54903 for channel [id: 0x0b3d71d8, L:/127.0.0.1:54985 - R:localhost/127.0.0.1:54903]
18:01:31.460 [AsyncHttpClient-1-11] DEBUG org.asynchttpclient.netty.handler.HttpHandler - Unexpected I/O exception on channel [id: 0x0b3d71d8, L:/127.0.0.1:54985 - R:localhost/127.0.0.1:54903]
java.io.IOException: Se ha forzado la interrupción de una conexión existente por el host remoto
	at sun.nio.ch.SocketDispatcher.read0(Native Method)
	at sun.nio.ch.SocketDispatcher.read(SocketDispatcher.java:43)
	at sun.nio.ch.IOUtil.readIntoNativeBuffer(IOUtil.java:223)
	at sun.nio.ch.IOUtil.read(IOUtil.java:192)
	at sun.nio.ch.SocketChannelImpl.read(SocketChannelImpl.java:380)
	at io.netty.buffer.PooledByteBuf.setBytes(PooledByteBuf.java:258)
	at io.netty.buffer.AbstractByteBuf.writeBytes(AbstractByteBuf.java:1132)
	at io.netty.channel.socket.nio.NioSocketChannel.doReadBytes(NioSocketChannel.java:350)
	at io.netty.channel.nio.AbstractNioByteChannel$NioByteUnsafe.read(AbstractNioByteChannel.java:151)
	at io.netty.channel.nio.NioEventLoop.processSelectedKey(NioEventLoop.java:722)
	at io.netty.channel.nio.NioEventLoop.processSelectedKeysOptimized(NioEventLoop.java:658)
	at io.netty.channel.nio.NioEventLoop.processSelectedKeys(NioEventLoop.java:584)
	at io.netty.channel.nio.NioEventLoop.run(NioEventLoop.java:496)
	at io.netty.util.concurrent.SingleThreadEventExecutor$4.run(SingleThreadEventExecutor.java:986)
	at io.netty.util.internal.ThreadExecutorMap$2.run(ThreadExecutorMap.java:74)
	at io.netty.util.concurrent.FastThreadLocalRunnable.run(FastThreadLocalRunnable.java:30)
	at java.lang.Thread.run(Thread.java:748)
18:01:31.460 [AsyncHttpClient-1-11] DEBUG org.asynchttpclient.netty.channel.ChannelManager - Closing Channel [id: 0x0b3d71d8, L:/127.0.0.1:54985 - R:localhost/127.0.0.1:54903] 
18:01:31.460 [AsyncHttpClient-1-11] DEBUG org.asynchttpclient.netty.handler.HttpHandler - Channel Closed: [id: 0x0b3d71d8, L:/127.0.0.1:54985 ! R:localhost/127.0.0.1:54903] with attribute DISCARD
18:01:31.517 [AsyncHttpClient-1-1] DEBUG org.asynchttpclient.netty.channel.DefaultChannelPool - Entry count for : http://localhost:54903 : 1
18:01:31.517 [AsyncHttpClient-1-1] DEBUG org.asynchttpclient.netty.channel.DefaultChannelPool - Adding Candidate expired Channel [id: 0x0b3d71d8, L:/127.0.0.1:54985 ! R:localhost/127.0.0.1:54903] isIdleTimeoutExpired=false isRemotelyClosed=true isTtlExpired=false
18:01:31.517 [AsyncHttpClient-1-1] DEBUG org.asynchttpclient.netty.channel.DefaultChannelPool - Closing Idle Channel [id: 0x0b3d71d8, L:/127.0.0.1:54985 ! R:localhost/127.0.0.1:54903]
18:01:31.517 [AsyncHttpClient-1-1] DEBUG org.asynchttpclient.netty.channel.DefaultChannelPool - Closed 1 connections out of 1 in 0 ms
18:01:31.520 [Test worker] INFO  - 
  _____   ___   ___   _____     ___     _     ___   ___   ___   ___  
 |_   _| | __| / __| |_   _|   | _ \   /_\   / __| / __| | __| |   \ 
   | |   | _|  \__ \   | |     |  _/  / _ \  \__ \ \__ \ | _|  | |) |
   |_|   |___| |___/   |_|     |_|   /_/ \_\ |___/ |___/ |___| |___/ 

Verificar el ingreso con credenciales incorrectas
----------------------------------------------------------------------
18:01:31.531 [Test worker] INFO io.cucumber.core.plugin.SerenityReporter - Running feature from file:///C:/Users/johan/OneDrive/Documentos/KONEX/Pruebas%20automatizadas/automatizacion_login_backoffice_1v/src/test/resources/features/login_backoffice.feature
18:01:31.547 [Test worker] DEBUG net.thucydides.core.steps.StepInterceptor - STARTING STEP: MyStepdefinitions.queElUsuarioIngreseAlBackoffice - performAs
18:01:31.553 [Test worker] DEBUG net.thucydides.core.steps.StepInterceptor - STARTING STEP: Abrir.performAs - {0} opens the #targetPage
18:01:31.600 [Test worker] INFO net.serenitybdd.core.webdriver.driverproviders.ChromeDriverProvider - Using automatically driver download
18:01:31.836 [Test worker] DEBUG io.github.bonigarcia.wdm.cache.ResolutionCache - Resolution chrome=112 in cache (valid until 19:00:10 11/04/2023 COT)
18:01:31.837 [Test worker] DEBUG io.github.bonigarcia.wdm.cache.ResolutionCache - Resolution chrome112=112.0.5615.49 in cache (valid until 12:12:55 12/04/2023 COT)
18:01:31.837 [Test worker] INFO io.github.bonigarcia.wdm.WebDriverManager - Using chromedriver 112.0.5615.49 (resolved driver for Chrome 112)
18:01:31.843 [Test worker] DEBUG io.github.bonigarcia.wdm.WebDriverManager - Driver chromedriver 112.0.5615.49 found in cache
18:01:31.845 [Test worker] INFO io.github.bonigarcia.wdm.WebDriverManager - Exporting webdriver.chrome.driver as C:\Users\johan\.cache\selenium\chromedriver\win32\112.0.5615.49\chromedriver.exe
18:01:32.108 [Test worker] DEBUG net.serenitybdd.core.webdriver.driverproviders.ProvideNewDriver - Instantiating driver
18:01:32.108 [Test worker] DEBUG net.serenitybdd.core.webdriver.driverproviders.ProvideNewDriver - Driver capabilities: Capabilities {acceptInsecureCerts: false, autodownload: true, browserName: chrome, chrome.silentOutput: true, driver: chrome, goog:chromeOptions: {args: [--start-maximized --disable...], extensions: []}}
18:01:32.670 [AsyncHttpClient-1-14] DEBUG org.asynchttpclient.netty.channel.NettyConnectListener - Using new Channel '[id: 0x4f206c78, L:/127.0.0.1:55013 - R:localhost/127.0.0.1:54752]' for 'POST' to '/session'
18:01:34.456 [AsyncHttpClient-1-14] DEBUG org.asynchttpclient.netty.handler.HttpHandler - 

Request DefaultHttpRequest(decodeResult: success, version: HTTP/1.1)
POST /session HTTP/1.1
User-Agent: selenium/4.1.2 (java windows)
Content-Length: 776
Content-Type: application/json; charset=utf-8
host: localhost:54752
accept: */*

Response DefaultHttpResponse(decodeResult: success, version: HTTP/1.1)
HTTP/1.1 200 OK
Content-Type: application/json; charset=utf-8
cache-control: no-cache
content-length: 859

18:01:34.457 [AsyncHttpClient-1-14] DEBUG org.asynchttpclient.netty.channel.ChannelManager - Adding key: http://localhost:54752 for channel [id: 0x4f206c78, L:/127.0.0.1:55013 - R:localhost/127.0.0.1:54752]
18:01:34.483 [AsyncHttpClient-1-15] DEBUG org.asynchttpclient.netty.channel.NettyConnectListener - Using new Channel '[id: 0xb08d1b06, L:/127.0.0.1:55021 - R:localhost/127.0.0.1:55014]' for 'GET' to '/json/version'
18:01:34.485 [AsyncHttpClient-1-15] DEBUG org.asynchttpclient.netty.handler.HttpHandler - 

Request DefaultFullHttpRequest(decodeResult: success, version: HTTP/1.1, content: EmptyByteBufBE)
GET /json/version HTTP/1.1
User-Agent: selenium/4.1.2 (java windows)
host: localhost:55014
accept: */*

Response DefaultHttpResponse(decodeResult: success, version: HTTP/1.1)
HTTP/1.1 200 OK
Content-Security-Policy: frame-ancestors 'none'
Content-Type: application/json; charset=UTF-8
content-length: 422

18:01:34.485 [AsyncHttpClient-1-15] DEBUG org.asynchttpclient.netty.channel.ChannelManager - Adding key: http://localhost:55014 for channel [id: 0xb08d1b06, L:/127.0.0.1:55021 - R:localhost/127.0.0.1:55014]
18:01:34.496 [AsyncHttpClient-1-16] DEBUG org.asynchttpclient.netty.channel.NettyConnectListener - Using new Channel '[id: 0x163604ae, L:/127.0.0.1:55022 - R:localhost/127.0.0.1:55014]' for 'GET' to '/devtools/browser/46d2b114-49ec-4c54-a927-bb34319e7b62'
18:01:34.498 [AsyncHttpClient-1-16] DEBUG org.asynchttpclient.netty.handler.WebSocketHandler - 

Request DefaultFullHttpRequest(decodeResult: success, version: HTTP/1.1, content: EmptyByteBufBE)
GET /devtools/browser/46d2b114-49ec-4c54-a927-bb34319e7b62 HTTP/1.1
upgrade: websocket
connection: upgrade
sec-websocket-key: Q/f9e4sh7z2lqjcaFl2juw==
sec-websocket-version: 13
origin: http://localhost:55014
host: localhost:55014
accept: */*
user-agent: AHC/2.1

Response DefaultHttpResponse(decodeResult: success, version: HTTP/1.1)
HTTP/1.1 101 WebSocket Protocol Handshake
Upgrade: WebSocket
Connection: Upgrade
Sec-WebSocket-Accept: 0Yf87msEm8yHpGmbwMF6u90MUus=

18:01:34.519 [Forwarding get on session f07f8a88d5bf2091e06b7c3f91ccd41f to remote] DEBUG org.asynchttpclient.netty.request.NettyRequestSender - Using pooled Channel '[id: 0x4f206c78, L:/127.0.0.1:55013 - R:localhost/127.0.0.1:54752]' for 'POST' to 'http://localhost:54752/session/f07f8a88d5bf2091e06b7c3f91ccd41f/url'
18:01:34.519 [Forwarding get on session f07f8a88d5bf2091e06b7c3f91ccd41f to remote] DEBUG org.asynchttpclient.netty.request.NettyRequestSender - Using open Channel [id: 0x4f206c78, L:/127.0.0.1:55013 - R:localhost/127.0.0.1:54752] for POST '/session/f07f8a88d5bf2091e06b7c3f91ccd41f/url'
18:01:34.815 [AsyncHttpClient-1-1] DEBUG org.asynchttpclient.netty.channel.DefaultChannelPool - Entry count for : http://localhost:55014 : 1
18:01:35.913 [AsyncHttpClient-1-1] DEBUG org.asynchttpclient.netty.channel.DefaultChannelPool - Entry count for : http://localhost:55014 : 1
18:01:37.010 [AsyncHttpClient-1-1] DEBUG org.asynchttpclient.netty.channel.DefaultChannelPool - Entry count for : http://localhost:55014 : 1
18:01:37.134 [AsyncHttpClient-1-14] DEBUG org.asynchttpclient.netty.handler.HttpHandler - 

Request DefaultHttpRequest(decodeResult: success, version: HTTP/1.1)
POST /session/f07f8a88d5bf2091e06b7c3f91ccd41f/url HTTP/1.1
User-Agent: selenium/4.1.2 (java windows)
Content-Length: 80
Content-Type: application/json; charset=utf-8
host: localhost:54752
accept: */*

Response DefaultHttpResponse(decodeResult: success, version: HTTP/1.1)
HTTP/1.1 200 OK
Content-Type: application/json; charset=utf-8
cache-control: no-cache
content-length: 14

18:01:37.134 [AsyncHttpClient-1-14] DEBUG org.asynchttpclient.netty.channel.ChannelManager - Adding key: http://localhost:54752 for channel [id: 0x4f206c78, L:/127.0.0.1:55013 - R:localhost/127.0.0.1:54752]
18:01:37.136 [Forwarding setTimeout on session f07f8a88d5bf2091e06b7c3f91ccd41f to remote] DEBUG org.asynchttpclient.netty.request.NettyRequestSender - Using pooled Channel '[id: 0x4f206c78, L:/127.0.0.1:55013 - R:localhost/127.0.0.1:54752]' for 'POST' to 'http://localhost:54752/session/f07f8a88d5bf2091e06b7c3f91ccd41f/timeouts'
18:01:37.137 [Forwarding setTimeout on session f07f8a88d5bf2091e06b7c3f91ccd41f to remote] DEBUG org.asynchttpclient.netty.request.NettyRequestSender - Using open Channel [id: 0x4f206c78, L:/127.0.0.1:55013 - R:localhost/127.0.0.1:54752] for POST '/session/f07f8a88d5bf2091e06b7c3f91ccd41f/timeouts'
18:01:37.138 [AsyncHttpClient-1-14] DEBUG org.asynchttpclient.netty.handler.HttpHandler - 

Request DefaultHttpRequest(decodeResult: success, version: HTTP/1.1)
POST /session/f07f8a88d5bf2091e06b7c3f91ccd41f/timeouts HTTP/1.1
User-Agent: selenium/4.1.2 (java windows)
Content-Length: 22
Content-Type: application/json; charset=utf-8
host: localhost:54752
accept: */*

Response DefaultHttpResponse(decodeResult: success, version: HTTP/1.1)
HTTP/1.1 200 OK
Content-Type: application/json; charset=utf-8
cache-control: no-cache
content-length: 14

18:01:37.138 [AsyncHttpClient-1-14] DEBUG org.asynchttpclient.netty.channel.ChannelManager - Adding key: http://localhost:54752 for channel [id: 0x4f206c78, L:/127.0.0.1:55013 - R:localhost/127.0.0.1:54752]
18:01:37.182 [Forwarding getCurrentUrl on session f07f8a88d5bf2091e06b7c3f91ccd41f to remote] DEBUG org.asynchttpclient.netty.request.NettyRequestSender - Using pooled Channel '[id: 0x4f206c78, L:/127.0.0.1:55013 - R:localhost/127.0.0.1:54752]' for 'GET' to 'http://localhost:54752/session/f07f8a88d5bf2091e06b7c3f91ccd41f/url'
18:01:37.182 [Forwarding getCurrentUrl on session f07f8a88d5bf2091e06b7c3f91ccd41f to remote] DEBUG org.asynchttpclient.netty.request.NettyRequestSender - Using open Channel [id: 0x4f206c78, L:/127.0.0.1:55013 - R:localhost/127.0.0.1:54752] for GET '/session/f07f8a88d5bf2091e06b7c3f91ccd41f/url'
18:01:37.190 [AsyncHttpClient-1-14] DEBUG org.asynchttpclient.netty.handler.HttpHandler - 

Request DefaultFullHttpRequest(decodeResult: success, version: HTTP/1.1, content: EmptyByteBufBE)
GET /session/f07f8a88d5bf2091e06b7c3f91ccd41f/url HTTP/1.1
User-Agent: selenium/4.1.2 (java windows)
Cache-Control: no-cache
Content-Type: application/json; charset=utf-8
host: localhost:54752
accept: */*

Response DefaultHttpResponse(decodeResult: success, version: HTTP/1.1)
HTTP/1.1 200 OK
Content-Type: application/json; charset=utf-8
cache-control: no-cache
content-length: 57

18:01:37.190 [AsyncHttpClient-1-14] DEBUG org.asynchttpclient.netty.channel.ChannelManager - Adding key: http://localhost:54752 for channel [id: 0x4f206c78, L:/127.0.0.1:55013 - R:localhost/127.0.0.1:54752]
18:01:37.231 [Forwarding getCurrentUrl on session f07f8a88d5bf2091e06b7c3f91ccd41f to remote] DEBUG org.asynchttpclient.netty.request.NettyRequestSender - Using pooled Channel '[id: 0x4f206c78, L:/127.0.0.1:55013 - R:localhost/127.0.0.1:54752]' for 'GET' to 'http://localhost:54752/session/f07f8a88d5bf2091e06b7c3f91ccd41f/url'
18:01:37.231 [Forwarding getCurrentUrl on session f07f8a88d5bf2091e06b7c3f91ccd41f to remote] DEBUG org.asynchttpclient.netty.request.NettyRequestSender - Using open Channel [id: 0x4f206c78, L:/127.0.0.1:55013 - R:localhost/127.0.0.1:54752] for GET '/session/f07f8a88d5bf2091e06b7c3f91ccd41f/url'
18:01:37.238 [AsyncHttpClient-1-14] DEBUG org.asynchttpclient.netty.handler.HttpHandler - 

Request DefaultFullHttpRequest(decodeResult: success, version: HTTP/1.1, content: EmptyByteBufBE)
GET /session/f07f8a88d5bf2091e06b7c3f91ccd41f/url HTTP/1.1
User-Agent: selenium/4.1.2 (java windows)
Cache-Control: no-cache
Content-Type: application/json; charset=utf-8
host: localhost:54752
accept: */*

Response DefaultHttpResponse(decodeResult: success, version: HTTP/1.1)
HTTP/1.1 200 OK
Content-Type: application/json; charset=utf-8
cache-control: no-cache
content-length: 57

18:01:37.238 [AsyncHttpClient-1-14] DEBUG org.asynchttpclient.netty.channel.ChannelManager - Adding key: http://localhost:54752 for channel [id: 0x4f206c78, L:/127.0.0.1:55013 - R:localhost/127.0.0.1:54752]
18:01:37.275 [Forwarding screenshot on session f07f8a88d5bf2091e06b7c3f91ccd41f to remote] DEBUG org.asynchttpclient.netty.request.NettyRequestSender - Using pooled Channel '[id: 0x4f206c78, L:/127.0.0.1:55013 - R:localhost/127.0.0.1:54752]' for 'GET' to 'http://localhost:54752/session/f07f8a88d5bf2091e06b7c3f91ccd41f/screenshot'
18:01:37.275 [Forwarding screenshot on session f07f8a88d5bf2091e06b7c3f91ccd41f to remote] DEBUG org.asynchttpclient.netty.request.NettyRequestSender - Using open Channel [id: 0x4f206c78, L:/127.0.0.1:55013 - R:localhost/127.0.0.1:54752] for GET '/session/f07f8a88d5bf2091e06b7c3f91ccd41f/screenshot'
18:01:37.734 [AsyncHttpClient-1-14] DEBUG org.asynchttpclient.netty.handler.HttpHandler - 

Request DefaultFullHttpRequest(decodeResult: success, version: HTTP/1.1, content: EmptyByteBufBE)
GET /session/f07f8a88d5bf2091e06b7c3f91ccd41f/screenshot HTTP/1.1
User-Agent: selenium/4.1.2 (java windows)
Cache-Control: no-cache
Content-Type: application/json; charset=utf-8
host: localhost:54752
accept: */*

Response DefaultHttpResponse(decodeResult: success, version: HTTP/1.1)
HTTP/1.1 200 OK
Content-Type: application/json; charset=utf-8
cache-control: no-cache
content-length: 379772

18:01:37.735 [AsyncHttpClient-1-14] DEBUG org.asynchttpclient.netty.channel.ChannelManager - Adding key: http://localhost:54752 for channel [id: 0x4f206c78, L:/127.0.0.1:55013 - R:localhost/127.0.0.1:54752]
18:01:37.761 [Test worker] DEBUG net.serenitybdd.core.photography.Darkroom - Send negative for processing for C:\Users\johan\OneDrive\Documentos\KONEX\Pruebas automatizadas\automatizacion_login_backoffice_1v\target\site\serenity\827eba772fc8c0a7b9dfb33684fbbfab2dbf1f790c8339d229e180e243a6dda7.png
18:01:37.762 [Test worker] DEBUG net.thucydides.core.steps.StepInterceptor - STEP DONE: {0} opens the #targetPage
18:01:37.811 [Test worker] DEBUG net.thucydides.core.steps.StepInterceptor - STEP DONE: performAs
18:01:37.861 [Forwarding screenshot on session f07f8a88d5bf2091e06b7c3f91ccd41f to remote] DEBUG org.asynchttpclient.netty.request.NettyRequestSender - Using pooled Channel '[id: 0x4f206c78, L:/127.0.0.1:55013 - R:localhost/127.0.0.1:54752]' for 'GET' to 'http://localhost:54752/session/f07f8a88d5bf2091e06b7c3f91ccd41f/screenshot'
18:01:37.861 [Forwarding screenshot on session f07f8a88d5bf2091e06b7c3f91ccd41f to remote] DEBUG org.asynchttpclient.netty.request.NettyRequestSender - Using open Channel [id: 0x4f206c78, L:/127.0.0.1:55013 - R:localhost/127.0.0.1:54752] for GET '/session/f07f8a88d5bf2091e06b7c3f91ccd41f/screenshot'
18:01:38.113 [AsyncHttpClient-1-1] DEBUG org.asynchttpclient.netty.channel.DefaultChannelPool - Entry count for : http://localhost:55014 : 1
18:01:38.279 [AsyncHttpClient-1-14] DEBUG org.asynchttpclient.netty.handler.HttpHandler - 

Request DefaultFullHttpRequest(decodeResult: success, version: HTTP/1.1, content: EmptyByteBufBE)
GET /session/f07f8a88d5bf2091e06b7c3f91ccd41f/screenshot HTTP/1.1
User-Agent: selenium/4.1.2 (java windows)
Cache-Control: no-cache
Content-Type: application/json; charset=utf-8
host: localhost:54752
accept: */*

Response DefaultHttpResponse(decodeResult: success, version: HTTP/1.1)
HTTP/1.1 200 OK
Content-Type: application/json; charset=utf-8
cache-control: no-cache
content-length: 379740

18:01:38.280 [AsyncHttpClient-1-14] DEBUG org.asynchttpclient.netty.channel.ChannelManager - Adding key: http://localhost:54752 for channel [id: 0x4f206c78, L:/127.0.0.1:55013 - R:localhost/127.0.0.1:54752]
18:01:38.307 [Test worker] DEBUG net.serenitybdd.core.photography.Darkroom - Send negative for processing for C:\Users\johan\OneDrive\Documentos\KONEX\Pruebas automatizadas\automatizacion_login_backoffice_1v\target\site\serenity\2906e0e514c90d11ffaf03067b12110de544ee879fa76ed63b517fad1e2e3380.png
18:01:38.380 [Forwarding screenshot on session f07f8a88d5bf2091e06b7c3f91ccd41f to remote] DEBUG org.asynchttpclient.netty.request.NettyRequestSender - Using pooled Channel '[id: 0x4f206c78, L:/127.0.0.1:55013 - R:localhost/127.0.0.1:54752]' for 'GET' to 'http://localhost:54752/session/f07f8a88d5bf2091e06b7c3f91ccd41f/screenshot'
18:01:38.380 [Forwarding screenshot on session f07f8a88d5bf2091e06b7c3f91ccd41f to remote] DEBUG org.asynchttpclient.netty.request.NettyRequestSender - Using open Channel [id: 0x4f206c78, L:/127.0.0.1:55013 - R:localhost/127.0.0.1:54752] for GET '/session/f07f8a88d5bf2091e06b7c3f91ccd41f/screenshot'
18:01:38.818 [AsyncHttpClient-1-14] DEBUG org.asynchttpclient.netty.handler.HttpHandler - 

Request DefaultFullHttpRequest(decodeResult: success, version: HTTP/1.1, content: EmptyByteBufBE)
GET /session/f07f8a88d5bf2091e06b7c3f91ccd41f/screenshot HTTP/1.1
User-Agent: selenium/4.1.2 (java windows)
Cache-Control: no-cache
Content-Type: application/json; charset=utf-8
host: localhost:54752
accept: */*

Response DefaultHttpResponse(decodeResult: success, version: HTTP/1.1)
HTTP/1.1 200 OK
Content-Type: application/json; charset=utf-8
cache-control: no-cache
content-length: 379772

18:01:38.820 [AsyncHttpClient-1-14] DEBUG org.asynchttpclient.netty.channel.ChannelManager - Adding key: http://localhost:54752 for channel [id: 0x4f206c78, L:/127.0.0.1:55013 - R:localhost/127.0.0.1:54752]
18:01:38.862 [Test worker] DEBUG net.serenitybdd.core.photography.Darkroom - Send negative for processing for C:\Users\johan\OneDrive\Documentos\KONEX\Pruebas automatizadas\automatizacion_login_backoffice_1v\target\site\serenity\827eba772fc8c0a7b9dfb33684fbbfab2dbf1f790c8339d229e180e243a6dda7.png
18:01:38.863 [Test worker] DEBUG net.thucydides.core.steps.StepInterceptor - STARTING STEP: MyStepdefinitions.digitaUsuarioOContrasennaIncorrectas - performAs
18:01:38.931 [Forwarding screenshot on session f07f8a88d5bf2091e06b7c3f91ccd41f to remote] DEBUG org.asynchttpclient.netty.request.NettyRequestSender - Using pooled Channel '[id: 0x4f206c78, L:/127.0.0.1:55013 - R:localhost/127.0.0.1:54752]' for 'GET' to 'http://localhost:54752/session/f07f8a88d5bf2091e06b7c3f91ccd41f/screenshot'
18:01:38.931 [Forwarding screenshot on session f07f8a88d5bf2091e06b7c3f91ccd41f to remote] DEBUG org.asynchttpclient.netty.request.NettyRequestSender - Using open Channel [id: 0x4f206c78, L:/127.0.0.1:55013 - R:localhost/127.0.0.1:54752] for GET '/session/f07f8a88d5bf2091e06b7c3f91ccd41f/screenshot'
18:01:39.215 [AsyncHttpClient-1-1] DEBUG org.asynchttpclient.netty.channel.DefaultChannelPool - Entry count for : http://localhost:55014 : 1
18:01:39.456 [AsyncHttpClient-1-14] DEBUG org.asynchttpclient.netty.handler.HttpHandler - 

Request DefaultFullHttpRequest(decodeResult: success, version: HTTP/1.1, content: EmptyByteBufBE)
GET /session/f07f8a88d5bf2091e06b7c3f91ccd41f/screenshot HTTP/1.1
User-Agent: selenium/4.1.2 (java windows)
Cache-Control: no-cache
Content-Type: application/json; charset=utf-8
host: localhost:54752
accept: */*

Response DefaultHttpResponse(decodeResult: success, version: HTTP/1.1)
HTTP/1.1 200 OK
Content-Type: application/json; charset=utf-8
cache-control: no-cache
content-length: 379740

18:01:39.458 [AsyncHttpClient-1-14] DEBUG org.asynchttpclient.netty.channel.ChannelManager - Adding key: http://localhost:54752 for channel [id: 0x4f206c78, L:/127.0.0.1:55013 - R:localhost/127.0.0.1:54752]
18:01:39.496 [Test worker] DEBUG net.serenitybdd.core.photography.Darkroom - Send negative for processing for C:\Users\johan\OneDrive\Documentos\KONEX\Pruebas automatizadas\automatizacion_login_backoffice_1v\target\site\serenity\2906e0e514c90d11ffaf03067b12110de544ee879fa76ed63b517fad1e2e3380.png
18:01:39.497 [Test worker] DEBUG net.thucydides.core.steps.StepInterceptor - STARTING STEP: Digitar.performAs - {0} enters #theTextAsAString into #target
18:01:39.522 [Test worker] DEBUG net.serenitybdd.screenplay.targets.IFrameSwitcher - default content already selected for Datos para campo de usuario
18:01:39.634 [Forwarding findElement on session f07f8a88d5bf2091e06b7c3f91ccd41f to remote] DEBUG org.asynchttpclient.netty.request.NettyRequestSender - Using pooled Channel '[id: 0x4f206c78, L:/127.0.0.1:55013 - R:localhost/127.0.0.1:54752]' for 'POST' to 'http://localhost:54752/session/f07f8a88d5bf2091e06b7c3f91ccd41f/element'
18:01:39.634 [Forwarding findElement on session f07f8a88d5bf2091e06b7c3f91ccd41f to remote] DEBUG org.asynchttpclient.netty.request.NettyRequestSender - Using open Channel [id: 0x4f206c78, L:/127.0.0.1:55013 - R:localhost/127.0.0.1:54752] for POST '/session/f07f8a88d5bf2091e06b7c3f91ccd41f/element'
18:01:39.693 [AsyncHttpClient-1-14] DEBUG org.asynchttpclient.netty.handler.HttpHandler - 

Request DefaultHttpRequest(decodeResult: success, version: HTTP/1.1)
POST /session/f07f8a88d5bf2091e06b7c3f91ccd41f/element HTTP/1.1
User-Agent: selenium/4.1.2 (java windows)
Content-Length: 53
Content-Type: application/json; charset=utf-8
host: localhost:54752
accept: */*

Response DefaultHttpResponse(decodeResult: success, version: HTTP/1.1)
HTTP/1.1 200 OK
Content-Type: application/json; charset=utf-8
cache-control: no-cache
content-length: 88

18:01:39.693 [AsyncHttpClient-1-14] DEBUG org.asynchttpclient.netty.channel.ChannelManager - Adding key: http://localhost:54752 for channel [id: 0x4f206c78, L:/127.0.0.1:55013 - R:localhost/127.0.0.1:54752]
18:01:39.698 [Forwarding clearElement on session f07f8a88d5bf2091e06b7c3f91ccd41f to remote] DEBUG org.asynchttpclient.netty.request.NettyRequestSender - Using pooled Channel '[id: 0x4f206c78, L:/127.0.0.1:55013 - R:localhost/127.0.0.1:54752]' for 'POST' to 'http://localhost:54752/session/f07f8a88d5bf2091e06b7c3f91ccd41f/element/18d40ce9-bbd2-42df-9f2a-19f4de2a4cc6/clear'
18:01:39.698 [Forwarding clearElement on session f07f8a88d5bf2091e06b7c3f91ccd41f to remote] DEBUG org.asynchttpclient.netty.request.NettyRequestSender - Using open Channel [id: 0x4f206c78, L:/127.0.0.1:55013 - R:localhost/127.0.0.1:54752] for POST '/session/f07f8a88d5bf2091e06b7c3f91ccd41f/element/18d40ce9-bbd2-42df-9f2a-19f4de2a4cc6/clear'
18:01:39.942 [AsyncHttpClient-1-14] DEBUG org.asynchttpclient.netty.handler.HttpHandler - 

Request DefaultHttpRequest(decodeResult: success, version: HTTP/1.1)
POST /session/f07f8a88d5bf2091e06b7c3f91ccd41f/element/18d40ce9-bbd2-42df-9f2a-19f4de2a4cc6/clear HTTP/1.1
User-Agent: selenium/4.1.2 (java windows)
Content-Length: 50
Content-Type: application/json; charset=utf-8
host: localhost:54752
accept: */*

Response DefaultHttpResponse(decodeResult: success, version: HTTP/1.1)
HTTP/1.1 200 OK
Content-Type: application/json; charset=utf-8
cache-control: no-cache
content-length: 14

18:01:39.942 [AsyncHttpClient-1-14] DEBUG org.asynchttpclient.netty.channel.ChannelManager - Adding key: http://localhost:54752 for channel [id: 0x4f206c78, L:/127.0.0.1:55013 - R:localhost/127.0.0.1:54752]
18:01:40.029 [Forwarding sendKeysToElement on session f07f8a88d5bf2091e06b7c3f91ccd41f to remote] DEBUG org.asynchttpclient.netty.request.NettyRequestSender - Using pooled Channel '[id: 0x4f206c78, L:/127.0.0.1:55013 - R:localhost/127.0.0.1:54752]' for 'POST' to 'http://localhost:54752/session/f07f8a88d5bf2091e06b7c3f91ccd41f/element/18d40ce9-bbd2-42df-9f2a-19f4de2a4cc6/value'
18:01:40.029 [Forwarding sendKeysToElement on session f07f8a88d5bf2091e06b7c3f91ccd41f to remote] DEBUG org.asynchttpclient.netty.request.NettyRequestSender - Using open Channel [id: 0x4f206c78, L:/127.0.0.1:55013 - R:localhost/127.0.0.1:54752] for POST '/session/f07f8a88d5bf2091e06b7c3f91ccd41f/element/18d40ce9-bbd2-42df-9f2a-19f4de2a4cc6/value'
18:01:40.111 [AsyncHttpClient-1-14] DEBUG org.asynchttpclient.netty.handler.HttpHandler - 

Request DefaultHttpRequest(decodeResult: success, version: HTTP/1.1)
POST /session/f07f8a88d5bf2091e06b7c3f91ccd41f/element/18d40ce9-bbd2-42df-9f2a-19f4de2a4cc6/value HTTP/1.1
User-Agent: selenium/4.1.2 (java windows)
Content-Length: 161
Content-Type: application/json; charset=utf-8
host: localhost:54752
accept: */*

Response DefaultHttpResponse(decodeResult: success, version: HTTP/1.1)
HTTP/1.1 200 OK
Content-Type: application/json; charset=utf-8
cache-control: no-cache
content-length: 14

18:01:40.111 [AsyncHttpClient-1-14] DEBUG org.asynchttpclient.netty.channel.ChannelManager - Adding key: http://localhost:54752 for channel [id: 0x4f206c78, L:/127.0.0.1:55013 - R:localhost/127.0.0.1:54752]
18:01:40.146 [Forwarding screenshot on session f07f8a88d5bf2091e06b7c3f91ccd41f to remote] DEBUG org.asynchttpclient.netty.request.NettyRequestSender - Using pooled Channel '[id: 0x4f206c78, L:/127.0.0.1:55013 - R:localhost/127.0.0.1:54752]' for 'GET' to 'http://localhost:54752/session/f07f8a88d5bf2091e06b7c3f91ccd41f/screenshot'
18:01:40.146 [Forwarding screenshot on session f07f8a88d5bf2091e06b7c3f91ccd41f to remote] DEBUG org.asynchttpclient.netty.request.NettyRequestSender - Using open Channel [id: 0x4f206c78, L:/127.0.0.1:55013 - R:localhost/127.0.0.1:54752] for GET '/session/f07f8a88d5bf2091e06b7c3f91ccd41f/screenshot'
18:01:40.309 [AsyncHttpClient-1-1] DEBUG org.asynchttpclient.netty.channel.DefaultChannelPool - Entry count for : http://localhost:55014 : 1
18:01:40.562 [AsyncHttpClient-1-14] DEBUG org.asynchttpclient.netty.handler.HttpHandler - 

Request DefaultFullHttpRequest(decodeResult: success, version: HTTP/1.1, content: EmptyByteBufBE)
GET /session/f07f8a88d5bf2091e06b7c3f91ccd41f/screenshot HTTP/1.1
User-Agent: selenium/4.1.2 (java windows)
Cache-Control: no-cache
Content-Type: application/json; charset=utf-8
host: localhost:54752
accept: */*

Response DefaultHttpResponse(decodeResult: success, version: HTTP/1.1)
HTTP/1.1 200 OK
Content-Type: application/json; charset=utf-8
cache-control: no-cache
content-length: 377996

18:01:40.563 [AsyncHttpClient-1-14] DEBUG org.asynchttpclient.netty.channel.ChannelManager - Adding key: http://localhost:54752 for channel [id: 0x4f206c78, L:/127.0.0.1:55013 - R:localhost/127.0.0.1:54752]
18:01:40.589 [Test worker] DEBUG net.serenitybdd.core.photography.Darkroom - Send negative for processing for C:\Users\johan\OneDrive\Documentos\KONEX\Pruebas automatizadas\automatizacion_login_backoffice_1v\target\site\serenity\b0a5d6a1f734387fed02f51cb75c1efb8fc88bf9d7f62f4f541c1765bc1e9d6e.png
18:01:40.637 [Test worker] DEBUG net.thucydides.core.steps.StepInterceptor - STEP DONE: {0} enters #theTextAsAString into #target
18:01:40.672 [Forwarding screenshot on session f07f8a88d5bf2091e06b7c3f91ccd41f to remote] DEBUG org.asynchttpclient.netty.request.NettyRequestSender - Using pooled Channel '[id: 0x4f206c78, L:/127.0.0.1:55013 - R:localhost/127.0.0.1:54752]' for 'GET' to 'http://localhost:54752/session/f07f8a88d5bf2091e06b7c3f91ccd41f/screenshot'
18:01:40.672 [Forwarding screenshot on session f07f8a88d5bf2091e06b7c3f91ccd41f to remote] DEBUG org.asynchttpclient.netty.request.NettyRequestSender - Using open Channel [id: 0x4f206c78, L:/127.0.0.1:55013 - R:localhost/127.0.0.1:54752] for GET '/session/f07f8a88d5bf2091e06b7c3f91ccd41f/screenshot'
18:01:41.089 [AsyncHttpClient-1-14] DEBUG org.asynchttpclient.netty.handler.HttpHandler - 

Request DefaultFullHttpRequest(decodeResult: success, version: HTTP/1.1, content: EmptyByteBufBE)
GET /session/f07f8a88d5bf2091e06b7c3f91ccd41f/screenshot HTTP/1.1
User-Agent: selenium/4.1.2 (java windows)
Cache-Control: no-cache
Content-Type: application/json; charset=utf-8
host: localhost:54752
accept: */*

Response DefaultHttpResponse(decodeResult: success, version: HTTP/1.1)
HTTP/1.1 200 OK
Content-Type: application/json; charset=utf-8
cache-control: no-cache
content-length: 377964

18:01:41.090 [AsyncHttpClient-1-14] DEBUG org.asynchttpclient.netty.channel.ChannelManager - Adding key: http://localhost:54752 for channel [id: 0x4f206c78, L:/127.0.0.1:55013 - R:localhost/127.0.0.1:54752]
18:01:41.117 [Test worker] DEBUG net.serenitybdd.core.photography.Darkroom - Send negative for processing for C:\Users\johan\OneDrive\Documentos\KONEX\Pruebas automatizadas\automatizacion_login_backoffice_1v\target\site\serenity\620d6ee4ed74bd9ca39ca6d24c23bcc7f0392780e41df55aaecea016e0b0face.png
18:01:41.117 [Darkroom Processing Line] DEBUG net.serenitybdd.core.photography.DarkroomProcessingLine - Processing screenshot image in /var/screenshots/screenshot-6195124542500907145
18:01:41.117 [Darkroom Processing Line] DEBUG net.serenitybdd.core.photography.DarkroomProcessingLine - Saving screenshot to C:\Users\johan\OneDrive\Documentos\KONEX\Pruebas automatizadas\automatizacion_login_backoffice_1v\target\site\serenity\620d6ee4ed74bd9ca39ca6d24c23bcc7f0392780e41df55aaecea016e0b0face.png
18:01:41.117 [Test worker] DEBUG net.thucydides.core.steps.StepInterceptor - STARTING STEP: Digitar.performAs - {0} enters #theTextAsAString into #target
18:01:41.139 [Test worker] DEBUG net.serenitybdd.screenplay.targets.IFrameSwitcher - default content already selected for Datos para campo contrasenna
18:01:41.227 [Forwarding findElement on session f07f8a88d5bf2091e06b7c3f91ccd41f to remote] DEBUG org.asynchttpclient.netty.request.NettyRequestSender - Using pooled Channel '[id: 0x4f206c78, L:/127.0.0.1:55013 - R:localhost/127.0.0.1:54752]' for 'POST' to 'http://localhost:54752/session/f07f8a88d5bf2091e06b7c3f91ccd41f/element'
18:01:41.227 [Forwarding findElement on session f07f8a88d5bf2091e06b7c3f91ccd41f to remote] DEBUG org.asynchttpclient.netty.request.NettyRequestSender - Using open Channel [id: 0x4f206c78, L:/127.0.0.1:55013 - R:localhost/127.0.0.1:54752] for POST '/session/f07f8a88d5bf2091e06b7c3f91ccd41f/element'
18:01:41.248 [AsyncHttpClient-1-14] DEBUG org.asynchttpclient.netty.handler.HttpHandler - 

Request DefaultHttpRequest(decodeResult: success, version: HTTP/1.1)
POST /session/f07f8a88d5bf2091e06b7c3f91ccd41f/element HTTP/1.1
User-Agent: selenium/4.1.2 (java windows)
Content-Length: 50
Content-Type: application/json; charset=utf-8
host: localhost:54752
accept: */*

Response DefaultHttpResponse(decodeResult: success, version: HTTP/1.1)
HTTP/1.1 200 OK
Content-Type: application/json; charset=utf-8
cache-control: no-cache
content-length: 88

18:01:41.248 [AsyncHttpClient-1-14] DEBUG org.asynchttpclient.netty.channel.ChannelManager - Adding key: http://localhost:54752 for channel [id: 0x4f206c78, L:/127.0.0.1:55013 - R:localhost/127.0.0.1:54752]
18:01:41.250 [Forwarding clearElement on session f07f8a88d5bf2091e06b7c3f91ccd41f to remote] DEBUG org.asynchttpclient.netty.request.NettyRequestSender - Using pooled Channel '[id: 0x4f206c78, L:/127.0.0.1:55013 - R:localhost/127.0.0.1:54752]' for 'POST' to 'http://localhost:54752/session/f07f8a88d5bf2091e06b7c3f91ccd41f/element/c4171d55-ed58-4905-84dd-b30145be9b92/clear'
18:01:41.250 [Forwarding clearElement on session f07f8a88d5bf2091e06b7c3f91ccd41f to remote] DEBUG org.asynchttpclient.netty.request.NettyRequestSender - Using open Channel [id: 0x4f206c78, L:/127.0.0.1:55013 - R:localhost/127.0.0.1:54752] for POST '/session/f07f8a88d5bf2091e06b7c3f91ccd41f/element/c4171d55-ed58-4905-84dd-b30145be9b92/clear'
18:01:41.308 [AsyncHttpClient-1-14] DEBUG org.asynchttpclient.netty.handler.HttpHandler - 

Request DefaultHttpRequest(decodeResult: success, version: HTTP/1.1)
POST /session/f07f8a88d5bf2091e06b7c3f91ccd41f/element/c4171d55-ed58-4905-84dd-b30145be9b92/clear HTTP/1.1
User-Agent: selenium/4.1.2 (java windows)
Content-Length: 50
Content-Type: application/json; charset=utf-8
host: localhost:54752
accept: */*

Response DefaultHttpResponse(decodeResult: success, version: HTTP/1.1)
HTTP/1.1 200 OK
Content-Type: application/json; charset=utf-8
cache-control: no-cache
content-length: 14

18:01:41.308 [AsyncHttpClient-1-14] DEBUG org.asynchttpclient.netty.channel.ChannelManager - Adding key: http://localhost:54752 for channel [id: 0x4f206c78, L:/127.0.0.1:55013 - R:localhost/127.0.0.1:54752]
18:01:41.332 [Forwarding sendKeysToElement on session f07f8a88d5bf2091e06b7c3f91ccd41f to remote] DEBUG org.asynchttpclient.netty.request.NettyRequestSender - Using pooled Channel '[id: 0x4f206c78, L:/127.0.0.1:55013 - R:localhost/127.0.0.1:54752]' for 'POST' to 'http://localhost:54752/session/f07f8a88d5bf2091e06b7c3f91ccd41f/element/c4171d55-ed58-4905-84dd-b30145be9b92/value'
18:01:41.332 [Forwarding sendKeysToElement on session f07f8a88d5bf2091e06b7c3f91ccd41f to remote] DEBUG org.asynchttpclient.netty.request.NettyRequestSender - Using open Channel [id: 0x4f206c78, L:/127.0.0.1:55013 - R:localhost/127.0.0.1:54752] for POST '/session/f07f8a88d5bf2091e06b7c3f91ccd41f/element/c4171d55-ed58-4905-84dd-b30145be9b92/value'
18:01:41.410 [AsyncHttpClient-1-1] DEBUG org.asynchttpclient.netty.channel.DefaultChannelPool - Entry count for : http://localhost:55014 : 1
18:01:41.440 [AsyncHttpClient-1-14] DEBUG org.asynchttpclient.netty.handler.HttpHandler - 

Request DefaultHttpRequest(decodeResult: success, version: HTTP/1.1)
POST /session/f07f8a88d5bf2091e06b7c3f91ccd41f/element/c4171d55-ed58-4905-84dd-b30145be9b92/value HTTP/1.1
User-Agent: selenium/4.1.2 (java windows)
Content-Length: 131
Content-Type: application/json; charset=utf-8
host: localhost:54752
accept: */*

Response DefaultHttpResponse(decodeResult: success, version: HTTP/1.1)
HTTP/1.1 200 OK
Content-Type: application/json; charset=utf-8
cache-control: no-cache
content-length: 14

18:01:41.440 [AsyncHttpClient-1-14] DEBUG org.asynchttpclient.netty.channel.ChannelManager - Adding key: http://localhost:54752 for channel [id: 0x4f206c78, L:/127.0.0.1:55013 - R:localhost/127.0.0.1:54752]
18:01:41.485 [Forwarding screenshot on session f07f8a88d5bf2091e06b7c3f91ccd41f to remote] DEBUG org.asynchttpclient.netty.request.NettyRequestSender - Using pooled Channel '[id: 0x4f206c78, L:/127.0.0.1:55013 - R:localhost/127.0.0.1:54752]' for 'GET' to 'http://localhost:54752/session/f07f8a88d5bf2091e06b7c3f91ccd41f/screenshot'
18:01:41.485 [Forwarding screenshot on session f07f8a88d5bf2091e06b7c3f91ccd41f to remote] DEBUG org.asynchttpclient.netty.request.NettyRequestSender - Using open Channel [id: 0x4f206c78, L:/127.0.0.1:55013 - R:localhost/127.0.0.1:54752] for GET '/session/f07f8a88d5bf2091e06b7c3f91ccd41f/screenshot'
18:01:41.887 [AsyncHttpClient-1-14] DEBUG org.asynchttpclient.netty.handler.HttpHandler - 

Request DefaultFullHttpRequest(decodeResult: success, version: HTTP/1.1, content: EmptyByteBufBE)
GET /session/f07f8a88d5bf2091e06b7c3f91ccd41f/screenshot HTTP/1.1
User-Agent: selenium/4.1.2 (java windows)
Cache-Control: no-cache
Content-Type: application/json; charset=utf-8
host: localhost:54752
accept: */*

Response DefaultHttpResponse(decodeResult: success, version: HTTP/1.1)
HTTP/1.1 200 OK
Content-Type: application/json; charset=utf-8
cache-control: no-cache
content-length: 375784

18:01:41.888 [AsyncHttpClient-1-14] DEBUG org.asynchttpclient.netty.channel.ChannelManager - Adding key: http://localhost:54752 for channel [id: 0x4f206c78, L:/127.0.0.1:55013 - R:localhost/127.0.0.1:54752]
18:01:41.919 [Test worker] DEBUG net.serenitybdd.core.photography.Darkroom - Send negative for processing for C:\Users\johan\OneDrive\Documentos\KONEX\Pruebas automatizadas\automatizacion_login_backoffice_1v\target\site\serenity\29ba0d226d74ba75769fb1c95aeda6bcea365293ae93d3c7134160352b8436ee.png
18:01:41.981 [Forwarding screenshot on session f07f8a88d5bf2091e06b7c3f91ccd41f to remote] DEBUG org.asynchttpclient.netty.request.NettyRequestSender - Using pooled Channel '[id: 0x4f206c78, L:/127.0.0.1:55013 - R:localhost/127.0.0.1:54752]' for 'GET' to 'http://localhost:54752/session/f07f8a88d5bf2091e06b7c3f91ccd41f/screenshot'
18:01:41.981 [Forwarding screenshot on session f07f8a88d5bf2091e06b7c3f91ccd41f to remote] DEBUG org.asynchttpclient.netty.request.NettyRequestSender - Using open Channel [id: 0x4f206c78, L:/127.0.0.1:55013 - R:localhost/127.0.0.1:54752] for GET '/session/f07f8a88d5bf2091e06b7c3f91ccd41f/screenshot'
18:01:42.444 [AsyncHttpClient-1-14] DEBUG org.asynchttpclient.netty.handler.HttpHandler - 

Request DefaultFullHttpRequest(decodeResult: success, version: HTTP/1.1, content: EmptyByteBufBE)
GET /session/f07f8a88d5bf2091e06b7c3f91ccd41f/screenshot HTTP/1.1
User-Agent: selenium/4.1.2 (java windows)
Cache-Control: no-cache
Content-Type: application/json; charset=utf-8
host: localhost:54752
accept: */*

Response DefaultHttpResponse(decodeResult: success, version: HTTP/1.1)
HTTP/1.1 200 OK
Content-Type: application/json; charset=utf-8
cache-control: no-cache
content-length: 375740

18:01:42.445 [AsyncHttpClient-1-14] DEBUG org.asynchttpclient.netty.channel.ChannelManager - Adding key: http://localhost:54752 for channel [id: 0x4f206c78, L:/127.0.0.1:55013 - R:localhost/127.0.0.1:54752]
18:01:42.498 [Test worker] DEBUG net.serenitybdd.core.photography.Darkroom - Send negative for processing for C:\Users\johan\OneDrive\Documentos\KONEX\Pruebas automatizadas\automatizacion_login_backoffice_1v\target\site\serenity\66d216a08114877bb5f80593c8d0b9e77b363f6764f1d635fe15c35ab790323e.png
18:01:42.499 [Test worker] DEBUG net.thucydides.core.steps.StepInterceptor - STEP DONE: {0} enters #theTextAsAString into #target
18:01:42.499 [Darkroom Processing Line] DEBUG net.serenitybdd.core.photography.DarkroomProcessingLine - Processing screenshot image in /var/screenshots/screenshot-7744285633658339190
18:01:42.499 [Darkroom Processing Line] DEBUG net.serenitybdd.core.photography.DarkroomProcessingLine - Saving screenshot to C:\Users\johan\OneDrive\Documentos\KONEX\Pruebas automatizadas\automatizacion_login_backoffice_1v\target\site\serenity\66d216a08114877bb5f80593c8d0b9e77b363f6764f1d635fe15c35ab790323e.png
18:01:42.519 [AsyncHttpClient-1-1] DEBUG org.asynchttpclient.netty.channel.DefaultChannelPool - Entry count for : http://localhost:55014 : 1
18:01:42.519 [AsyncHttpClient-1-1] DEBUG org.asynchttpclient.netty.channel.DefaultChannelPool - Entry count for : http://localhost:54752 : 1
18:01:42.599 [Forwarding screenshot on session f07f8a88d5bf2091e06b7c3f91ccd41f to remote] DEBUG org.asynchttpclient.netty.request.NettyRequestSender - Using pooled Channel '[id: 0x4f206c78, L:/127.0.0.1:55013 - R:localhost/127.0.0.1:54752]' for 'GET' to 'http://localhost:54752/session/f07f8a88d5bf2091e06b7c3f91ccd41f/screenshot'
18:01:42.599 [Forwarding screenshot on session f07f8a88d5bf2091e06b7c3f91ccd41f to remote] DEBUG org.asynchttpclient.netty.request.NettyRequestSender - Using open Channel [id: 0x4f206c78, L:/127.0.0.1:55013 - R:localhost/127.0.0.1:54752] for GET '/session/f07f8a88d5bf2091e06b7c3f91ccd41f/screenshot'
18:01:43.123 [AsyncHttpClient-1-14] DEBUG org.asynchttpclient.netty.handler.HttpHandler - 

Request DefaultFullHttpRequest(decodeResult: success, version: HTTP/1.1, content: EmptyByteBufBE)
GET /session/f07f8a88d5bf2091e06b7c3f91ccd41f/screenshot HTTP/1.1
User-Agent: selenium/4.1.2 (java windows)
Cache-Control: no-cache
Content-Type: application/json; charset=utf-8
host: localhost:54752
accept: */*

Response DefaultHttpResponse(decodeResult: success, version: HTTP/1.1)
HTTP/1.1 200 OK
Content-Type: application/json; charset=utf-8
cache-control: no-cache
content-length: 375784

18:01:43.124 [AsyncHttpClient-1-14] DEBUG org.asynchttpclient.netty.channel.ChannelManager - Adding key: http://localhost:54752 for channel [id: 0x4f206c78, L:/127.0.0.1:55013 - R:localhost/127.0.0.1:54752]
18:01:43.152 [Test worker] DEBUG net.serenitybdd.core.photography.Darkroom - Send negative for processing for C:\Users\johan\OneDrive\Documentos\KONEX\Pruebas automatizadas\automatizacion_login_backoffice_1v\target\site\serenity\29ba0d226d74ba75769fb1c95aeda6bcea365293ae93d3c7134160352b8436ee.png
18:01:43.153 [Test worker] DEBUG net.thucydides.core.steps.StepInterceptor - STARTING STEP: Digitar.performAs - {0} clicks on #target
18:01:43.154 [Test worker] DEBUG net.serenitybdd.screenplay.targets.IFrameSwitcher - default content already selected for Boton iniciar sesion
18:01:43.296 [Forwarding findElement on session f07f8a88d5bf2091e06b7c3f91ccd41f to remote] DEBUG org.asynchttpclient.netty.request.NettyRequestSender - Using pooled Channel '[id: 0x4f206c78, L:/127.0.0.1:55013 - R:localhost/127.0.0.1:54752]' for 'POST' to 'http://localhost:54752/session/f07f8a88d5bf2091e06b7c3f91ccd41f/element'
18:01:43.296 [Forwarding findElement on session f07f8a88d5bf2091e06b7c3f91ccd41f to remote] DEBUG org.asynchttpclient.netty.request.NettyRequestSender - Using open Channel [id: 0x4f206c78, L:/127.0.0.1:55013 - R:localhost/127.0.0.1:54752] for POST '/session/f07f8a88d5bf2091e06b7c3f91ccd41f/element'
18:01:43.319 [AsyncHttpClient-1-14] DEBUG org.asynchttpclient.netty.handler.HttpHandler - 

Request DefaultHttpRequest(decodeResult: success, version: HTTP/1.1)
POST /session/f07f8a88d5bf2091e06b7c3f91ccd41f/element HTTP/1.1
User-Agent: selenium/4.1.2 (java windows)
Content-Length: 89
Content-Type: application/json; charset=utf-8
host: localhost:54752
accept: */*

Response DefaultHttpResponse(decodeResult: success, version: HTTP/1.1)
HTTP/1.1 200 OK
Content-Type: application/json; charset=utf-8
cache-control: no-cache
content-length: 88

18:01:43.319 [AsyncHttpClient-1-14] DEBUG org.asynchttpclient.netty.channel.ChannelManager - Adding key: http://localhost:54752 for channel [id: 0x4f206c78, L:/127.0.0.1:55013 - R:localhost/127.0.0.1:54752]
18:01:43.352 [Forwarding isElementDisplayed on session f07f8a88d5bf2091e06b7c3f91ccd41f to remote] DEBUG org.asynchttpclient.netty.request.NettyRequestSender - Using pooled Channel '[id: 0x4f206c78, L:/127.0.0.1:55013 - R:localhost/127.0.0.1:54752]' for 'POST' to 'http://localhost:54752/session/f07f8a88d5bf2091e06b7c3f91ccd41f/execute/sync'
18:01:43.352 [Forwarding isElementDisplayed on session f07f8a88d5bf2091e06b7c3f91ccd41f to remote] DEBUG org.asynchttpclient.netty.request.NettyRequestSender - Using open Channel [id: 0x4f206c78, L:/127.0.0.1:55013 - R:localhost/127.0.0.1:54752] for POST '/session/f07f8a88d5bf2091e06b7c3f91ccd41f/execute/sync'
18:01:43.378 [AsyncHttpClient-1-14] DEBUG org.asynchttpclient.netty.handler.HttpHandler - 

Request DefaultHttpRequest(decodeResult: success, version: HTTP/1.1)
POST /session/f07f8a88d5bf2091e06b7c3f91ccd41f/execute/sync HTTP/1.1
User-Agent: selenium/4.1.2 (java windows)
Content-Length: 48780
Content-Type: application/json; charset=utf-8
host: localhost:54752
accept: */*

Response DefaultHttpResponse(decodeResult: success, version: HTTP/1.1)
HTTP/1.1 200 OK
Content-Type: application/json; charset=utf-8
cache-control: no-cache
content-length: 14

18:01:43.378 [AsyncHttpClient-1-14] DEBUG org.asynchttpclient.netty.channel.ChannelManager - Adding key: http://localhost:54752 for channel [id: 0x4f206c78, L:/127.0.0.1:55013 - R:localhost/127.0.0.1:54752]
18:01:43.442 [Forwarding findElement on session f07f8a88d5bf2091e06b7c3f91ccd41f to remote] DEBUG org.asynchttpclient.netty.request.NettyRequestSender - Using pooled Channel '[id: 0x4f206c78, L:/127.0.0.1:55013 - R:localhost/127.0.0.1:54752]' for 'POST' to 'http://localhost:54752/session/f07f8a88d5bf2091e06b7c3f91ccd41f/element'
18:01:43.442 [Forwarding findElement on session f07f8a88d5bf2091e06b7c3f91ccd41f to remote] DEBUG org.asynchttpclient.netty.request.NettyRequestSender - Using open Channel [id: 0x4f206c78, L:/127.0.0.1:55013 - R:localhost/127.0.0.1:54752] for POST '/session/f07f8a88d5bf2091e06b7c3f91ccd41f/element'
18:01:43.456 [AsyncHttpClient-1-14] DEBUG org.asynchttpclient.netty.handler.HttpHandler - 

Request DefaultHttpRequest(decodeResult: success, version: HTTP/1.1)
POST /session/f07f8a88d5bf2091e06b7c3f91ccd41f/element HTTP/1.1
User-Agent: selenium/4.1.2 (java windows)
Content-Length: 89
Content-Type: application/json; charset=utf-8
host: localhost:54752
accept: */*

Response DefaultHttpResponse(decodeResult: success, version: HTTP/1.1)
HTTP/1.1 200 OK
Content-Type: application/json; charset=utf-8
cache-control: no-cache
content-length: 88

18:01:43.456 [AsyncHttpClient-1-14] DEBUG org.asynchttpclient.netty.channel.ChannelManager - Adding key: http://localhost:54752 for channel [id: 0x4f206c78, L:/127.0.0.1:55013 - R:localhost/127.0.0.1:54752]
18:01:43.459 [Forwarding clickElement on session f07f8a88d5bf2091e06b7c3f91ccd41f to remote] DEBUG org.asynchttpclient.netty.request.NettyRequestSender - Using pooled Channel '[id: 0x4f206c78, L:/127.0.0.1:55013 - R:localhost/127.0.0.1:54752]' for 'POST' to 'http://localhost:54752/session/f07f8a88d5bf2091e06b7c3f91ccd41f/element/833642d6-d248-4b36-ab38-db8d281813d8/click'
18:01:43.459 [Forwarding clickElement on session f07f8a88d5bf2091e06b7c3f91ccd41f to remote] DEBUG org.asynchttpclient.netty.request.NettyRequestSender - Using open Channel [id: 0x4f206c78, L:/127.0.0.1:55013 - R:localhost/127.0.0.1:54752] for POST '/session/f07f8a88d5bf2091e06b7c3f91ccd41f/element/833642d6-d248-4b36-ab38-db8d281813d8/click'
18:01:43.549 [AsyncHttpClient-1-14] DEBUG org.asynchttpclient.netty.handler.HttpHandler - 

Request DefaultHttpRequest(decodeResult: success, version: HTTP/1.1)
POST /session/f07f8a88d5bf2091e06b7c3f91ccd41f/element/833642d6-d248-4b36-ab38-db8d281813d8/click HTTP/1.1
User-Agent: selenium/4.1.2 (java windows)
Content-Length: 50
Content-Type: application/json; charset=utf-8
host: localhost:54752
accept: */*

Response DefaultHttpResponse(decodeResult: success, version: HTTP/1.1)
HTTP/1.1 200 OK
Content-Type: application/json; charset=utf-8
cache-control: no-cache
content-length: 14

18:01:43.549 [AsyncHttpClient-1-14] DEBUG org.asynchttpclient.netty.channel.ChannelManager - Adding key: http://localhost:54752 for channel [id: 0x4f206c78, L:/127.0.0.1:55013 - R:localhost/127.0.0.1:54752]
18:01:43.595 [Forwarding screenshot on session f07f8a88d5bf2091e06b7c3f91ccd41f to remote] DEBUG org.asynchttpclient.netty.request.NettyRequestSender - Using pooled Channel '[id: 0x4f206c78, L:/127.0.0.1:55013 - R:localhost/127.0.0.1:54752]' for 'GET' to 'http://localhost:54752/session/f07f8a88d5bf2091e06b7c3f91ccd41f/screenshot'
18:01:43.595 [Forwarding screenshot on session f07f8a88d5bf2091e06b7c3f91ccd41f to remote] DEBUG org.asynchttpclient.netty.request.NettyRequestSender - Using open Channel [id: 0x4f206c78, L:/127.0.0.1:55013 - R:localhost/127.0.0.1:54752] for GET '/session/f07f8a88d5bf2091e06b7c3f91ccd41f/screenshot'
18:01:43.609 [AsyncHttpClient-1-1] DEBUG org.asynchttpclient.netty.channel.DefaultChannelPool - Entry count for : http://localhost:55014 : 1
18:01:44.113 [AsyncHttpClient-1-14] DEBUG org.asynchttpclient.netty.handler.HttpHandler - 

Request DefaultFullHttpRequest(decodeResult: success, version: HTTP/1.1, content: EmptyByteBufBE)
GET /session/f07f8a88d5bf2091e06b7c3f91ccd41f/screenshot HTTP/1.1
User-Agent: selenium/4.1.2 (java windows)
Cache-Control: no-cache
Content-Type: application/json; charset=utf-8
host: localhost:54752
accept: */*

Response DefaultHttpResponse(decodeResult: success, version: HTTP/1.1)
HTTP/1.1 200 OK
Content-Type: application/json; charset=utf-8
cache-control: no-cache
content-length: 355508

18:01:44.115 [AsyncHttpClient-1-14] DEBUG org.asynchttpclient.netty.channel.ChannelManager - Adding key: http://localhost:54752 for channel [id: 0x4f206c78, L:/127.0.0.1:55013 - R:localhost/127.0.0.1:54752]
18:01:44.149 [Test worker] DEBUG net.serenitybdd.core.photography.Darkroom - Send negative for processing for C:\Users\johan\OneDrive\Documentos\KONEX\Pruebas automatizadas\automatizacion_login_backoffice_1v\target\site\serenity\cec435b2f86c7114c00d4ff1cbe23bc074aa575a798cb199521f9f4e8a6563a0.png
18:01:44.149 [Darkroom Processing Line] DEBUG net.serenitybdd.core.photography.DarkroomProcessingLine - Processing screenshot image in /var/screenshots/screenshot-3116795835961637261
18:01:44.149 [Darkroom Processing Line] DEBUG net.serenitybdd.core.photography.DarkroomProcessingLine - Saving screenshot to C:\Users\johan\OneDrive\Documentos\KONEX\Pruebas automatizadas\automatizacion_login_backoffice_1v\target\site\serenity\cec435b2f86c7114c00d4ff1cbe23bc074aa575a798cb199521f9f4e8a6563a0.png
18:01:44.217 [Forwarding screenshot on session f07f8a88d5bf2091e06b7c3f91ccd41f to remote] DEBUG org.asynchttpclient.netty.request.NettyRequestSender - Using pooled Channel '[id: 0x4f206c78, L:/127.0.0.1:55013 - R:localhost/127.0.0.1:54752]' for 'GET' to 'http://localhost:54752/session/f07f8a88d5bf2091e06b7c3f91ccd41f/screenshot'
18:01:44.218 [Forwarding screenshot on session f07f8a88d5bf2091e06b7c3f91ccd41f to remote] DEBUG org.asynchttpclient.netty.request.NettyRequestSender - Using open Channel [id: 0x4f206c78, L:/127.0.0.1:55013 - R:localhost/127.0.0.1:54752] for GET '/session/f07f8a88d5bf2091e06b7c3f91ccd41f/screenshot'
18:01:44.701 [AsyncHttpClient-1-14] DEBUG org.asynchttpclient.netty.handler.HttpHandler - 

Request DefaultFullHttpRequest(decodeResult: success, version: HTTP/1.1, content: EmptyByteBufBE)
GET /session/f07f8a88d5bf2091e06b7c3f91ccd41f/screenshot HTTP/1.1
User-Agent: selenium/4.1.2 (java windows)
Cache-Control: no-cache
Content-Type: application/json; charset=utf-8
host: localhost:54752
accept: */*

Response DefaultHttpResponse(decodeResult: success, version: HTTP/1.1)
HTTP/1.1 200 OK
Content-Type: application/json; charset=utf-8
cache-control: no-cache
content-length: 355316

18:01:44.702 [AsyncHttpClient-1-14] DEBUG org.asynchttpclient.netty.channel.ChannelManager - Adding key: http://localhost:54752 for channel [id: 0x4f206c78, L:/127.0.0.1:55013 - R:localhost/127.0.0.1:54752]
18:01:44.710 [AsyncHttpClient-1-1] DEBUG org.asynchttpclient.netty.channel.DefaultChannelPool - Entry count for : http://localhost:55014 : 1
18:01:44.710 [AsyncHttpClient-1-1] DEBUG org.asynchttpclient.netty.channel.DefaultChannelPool - Entry count for : http://localhost:54752 : 1
18:01:44.730 [Test worker] DEBUG net.serenitybdd.core.photography.Darkroom - Send negative for processing for C:\Users\johan\OneDrive\Documentos\KONEX\Pruebas automatizadas\automatizacion_login_backoffice_1v\target\site\serenity\619cfb64e8ad3e5958a146732dd88166baa4df938deff27c143a3a930985d02e.png
18:01:44.730 [Test worker] DEBUG net.thucydides.core.steps.StepInterceptor - STEP DONE: {0} clicks on #target
18:01:44.730 [Darkroom Processing Line] DEBUG net.serenitybdd.core.photography.DarkroomProcessingLine - Processing screenshot image in /var/screenshots/screenshot-1624719158002396232
18:01:44.730 [Darkroom Processing Line] DEBUG net.serenitybdd.core.photography.DarkroomProcessingLine - Saving screenshot to C:\Users\johan\OneDrive\Documentos\KONEX\Pruebas automatizadas\automatizacion_login_backoffice_1v\target\site\serenity\619cfb64e8ad3e5958a146732dd88166baa4df938deff27c143a3a930985d02e.png
18:01:44.782 [Forwarding screenshot on session f07f8a88d5bf2091e06b7c3f91ccd41f to remote] DEBUG org.asynchttpclient.netty.request.NettyRequestSender - Using pooled Channel '[id: 0x4f206c78, L:/127.0.0.1:55013 - R:localhost/127.0.0.1:54752]' for 'GET' to 'http://localhost:54752/session/f07f8a88d5bf2091e06b7c3f91ccd41f/screenshot'
18:01:44.782 [Forwarding screenshot on session f07f8a88d5bf2091e06b7c3f91ccd41f to remote] DEBUG org.asynchttpclient.netty.request.NettyRequestSender - Using open Channel [id: 0x4f206c78, L:/127.0.0.1:55013 - R:localhost/127.0.0.1:54752] for GET '/session/f07f8a88d5bf2091e06b7c3f91ccd41f/screenshot'
18:01:45.231 [AsyncHttpClient-1-14] DEBUG org.asynchttpclient.netty.handler.HttpHandler - 

Request DefaultFullHttpRequest(decodeResult: success, version: HTTP/1.1, content: EmptyByteBufBE)
GET /session/f07f8a88d5bf2091e06b7c3f91ccd41f/screenshot HTTP/1.1
User-Agent: selenium/4.1.2 (java windows)
Cache-Control: no-cache
Content-Type: application/json; charset=utf-8
host: localhost:54752
accept: */*

Response DefaultHttpResponse(decodeResult: success, version: HTTP/1.1)
HTTP/1.1 200 OK
Content-Type: application/json; charset=utf-8
cache-control: no-cache
content-length: 355432

18:01:45.232 [AsyncHttpClient-1-14] DEBUG org.asynchttpclient.netty.channel.ChannelManager - Adding key: http://localhost:54752 for channel [id: 0x4f206c78, L:/127.0.0.1:55013 - R:localhost/127.0.0.1:54752]
18:01:45.265 [Test worker] DEBUG net.serenitybdd.core.photography.Darkroom - Send negative for processing for C:\Users\johan\OneDrive\Documentos\KONEX\Pruebas automatizadas\automatizacion_login_backoffice_1v\target\site\serenity\8138b9de91a47d0be6cfdb468a6d10cc5df446459729225dcad0ec6b7f65d3ff.png
18:01:45.266 [Test worker] DEBUG net.thucydides.core.steps.StepInterceptor - STEP DONE: performAs
18:01:45.266 [Darkroom Processing Line] DEBUG net.serenitybdd.core.photography.DarkroomProcessingLine - Processing screenshot image in /var/screenshots/screenshot-5984306338327775751
18:01:45.266 [Darkroom Processing Line] DEBUG net.serenitybdd.core.photography.DarkroomProcessingLine - Saving screenshot to C:\Users\johan\OneDrive\Documentos\KONEX\Pruebas automatizadas\automatizacion_login_backoffice_1v\target\site\serenity\8138b9de91a47d0be6cfdb468a6d10cc5df446459729225dcad0ec6b7f65d3ff.png
18:01:45.331 [Forwarding screenshot on session f07f8a88d5bf2091e06b7c3f91ccd41f to remote] DEBUG org.asynchttpclient.netty.request.NettyRequestSender - Using pooled Channel '[id: 0x4f206c78, L:/127.0.0.1:55013 - R:localhost/127.0.0.1:54752]' for 'GET' to 'http://localhost:54752/session/f07f8a88d5bf2091e06b7c3f91ccd41f/screenshot'
18:01:45.331 [Forwarding screenshot on session f07f8a88d5bf2091e06b7c3f91ccd41f to remote] DEBUG org.asynchttpclient.netty.request.NettyRequestSender - Using open Channel [id: 0x4f206c78, L:/127.0.0.1:55013 - R:localhost/127.0.0.1:54752] for GET '/session/f07f8a88d5bf2091e06b7c3f91ccd41f/screenshot'
18:01:45.752 [AsyncHttpClient-1-14] DEBUG org.asynchttpclient.netty.handler.HttpHandler - 

Request DefaultFullHttpRequest(decodeResult: success, version: HTTP/1.1, content: EmptyByteBufBE)
GET /session/f07f8a88d5bf2091e06b7c3f91ccd41f/screenshot HTTP/1.1
User-Agent: selenium/4.1.2 (java windows)
Cache-Control: no-cache
Content-Type: application/json; charset=utf-8
host: localhost:54752
accept: */*

Response DefaultHttpResponse(decodeResult: success, version: HTTP/1.1)
HTTP/1.1 200 OK
Content-Type: application/json; charset=utf-8
cache-control: no-cache
content-length: 355428

18:01:45.753 [AsyncHttpClient-1-14] DEBUG org.asynchttpclient.netty.channel.ChannelManager - Adding key: http://localhost:54752 for channel [id: 0x4f206c78, L:/127.0.0.1:55013 - R:localhost/127.0.0.1:54752]
18:01:45.778 [Test worker] DEBUG net.serenitybdd.core.photography.Darkroom - Send negative for processing for C:\Users\johan\OneDrive\Documentos\KONEX\Pruebas automatizadas\automatizacion_login_backoffice_1v\target\site\serenity\cf2776dd75e4df8a3e08ad689d9b336d2c1b98db90f62eb3085e6749becc0308.png
18:01:45.778 [Darkroom Processing Line] DEBUG net.serenitybdd.core.photography.DarkroomProcessingLine - Processing screenshot image in /var/screenshots/screenshot-4870907644369052575
18:01:45.778 [Darkroom Processing Line] DEBUG net.serenitybdd.core.photography.DarkroomProcessingLine - Saving screenshot to C:\Users\johan\OneDrive\Documentos\KONEX\Pruebas automatizadas\automatizacion_login_backoffice_1v\target\site\serenity\cf2776dd75e4df8a3e08ad689d9b336d2c1b98db90f62eb3085e6749becc0308.png
18:01:45.809 [AsyncHttpClient-1-1] DEBUG org.asynchttpclient.netty.channel.DefaultChannelPool - Entry count for : http://localhost:55014 : 1
18:01:45.814 [AsyncHttpClient-1-1] DEBUG org.asynchttpclient.netty.channel.DefaultChannelPool - Entry count for : http://localhost:54752 : 1
18:01:45.850 [Forwarding screenshot on session f07f8a88d5bf2091e06b7c3f91ccd41f to remote] DEBUG org.asynchttpclient.netty.request.NettyRequestSender - Using pooled Channel '[id: 0x4f206c78, L:/127.0.0.1:55013 - R:localhost/127.0.0.1:54752]' for 'GET' to 'http://localhost:54752/session/f07f8a88d5bf2091e06b7c3f91ccd41f/screenshot'
18:01:45.850 [Forwarding screenshot on session f07f8a88d5bf2091e06b7c3f91ccd41f to remote] DEBUG org.asynchttpclient.netty.request.NettyRequestSender - Using open Channel [id: 0x4f206c78, L:/127.0.0.1:55013 - R:localhost/127.0.0.1:54752] for GET '/session/f07f8a88d5bf2091e06b7c3f91ccd41f/screenshot'
18:01:46.352 [AsyncHttpClient-1-14] DEBUG org.asynchttpclient.netty.handler.HttpHandler - 

Request DefaultFullHttpRequest(decodeResult: success, version: HTTP/1.1, content: EmptyByteBufBE)
GET /session/f07f8a88d5bf2091e06b7c3f91ccd41f/screenshot HTTP/1.1
User-Agent: selenium/4.1.2 (java windows)
Cache-Control: no-cache
Content-Type: application/json; charset=utf-8
host: localhost:54752
accept: */*

Response DefaultHttpResponse(decodeResult: success, version: HTTP/1.1)
HTTP/1.1 200 OK
Content-Type: application/json; charset=utf-8
cache-control: no-cache
content-length: 384592

18:01:46.353 [AsyncHttpClient-1-14] DEBUG org.asynchttpclient.netty.channel.ChannelManager - Adding key: http://localhost:54752 for channel [id: 0x4f206c78, L:/127.0.0.1:55013 - R:localhost/127.0.0.1:54752]
18:01:46.400 [Test worker] DEBUG net.serenitybdd.core.photography.Darkroom - Send negative for processing for C:\Users\johan\OneDrive\Documentos\KONEX\Pruebas automatizadas\automatizacion_login_backoffice_1v\target\site\serenity\524292d9b0a2c641e80856de2314e5e47ea468398735302e60abc480391e83e3.png
18:01:46.514 [Test worker] DEBUG net.serenitybdd.screenplay.targets.IFrameSwitcher - default content already selected for Mensaje error credenciales
18:01:46.540 [Forwarding findElements on session f07f8a88d5bf2091e06b7c3f91ccd41f to remote] DEBUG org.asynchttpclient.netty.request.NettyRequestSender - Using pooled Channel '[id: 0x4f206c78, L:/127.0.0.1:55013 - R:localhost/127.0.0.1:54752]' for 'POST' to 'http://localhost:54752/session/f07f8a88d5bf2091e06b7c3f91ccd41f/elements'
18:01:46.541 [Forwarding findElements on session f07f8a88d5bf2091e06b7c3f91ccd41f to remote] DEBUG org.asynchttpclient.netty.request.NettyRequestSender - Using open Channel [id: 0x4f206c78, L:/127.0.0.1:55013 - R:localhost/127.0.0.1:54752] for POST '/session/f07f8a88d5bf2091e06b7c3f91ccd41f/elements'
18:01:46.572 [AsyncHttpClient-1-14] DEBUG org.asynchttpclient.netty.handler.HttpHandler - 

Request DefaultHttpRequest(decodeResult: success, version: HTTP/1.1)
POST /session/f07f8a88d5bf2091e06b7c3f91ccd41f/elements HTTP/1.1
User-Agent: selenium/4.1.2 (java windows)
Content-Length: 117
Content-Type: application/json; charset=utf-8
host: localhost:54752
accept: */*

Response DefaultHttpResponse(decodeResult: success, version: HTTP/1.1)
HTTP/1.1 200 OK
Content-Type: application/json; charset=utf-8
cache-control: no-cache
content-length: 90

18:01:46.572 [AsyncHttpClient-1-14] DEBUG org.asynchttpclient.netty.channel.ChannelManager - Adding key: http://localhost:54752 for channel [id: 0x4f206c78, L:/127.0.0.1:55013 - R:localhost/127.0.0.1:54752]
18:01:46.634 [Forwarding getElementText on session f07f8a88d5bf2091e06b7c3f91ccd41f to remote] DEBUG org.asynchttpclient.netty.request.NettyRequestSender - Using pooled Channel '[id: 0x4f206c78, L:/127.0.0.1:55013 - R:localhost/127.0.0.1:54752]' for 'GET' to 'http://localhost:54752/session/f07f8a88d5bf2091e06b7c3f91ccd41f/element/6dc34bf6-5c84-4b80-844a-cfd51b7881f0/text'
18:01:46.634 [Forwarding getElementText on session f07f8a88d5bf2091e06b7c3f91ccd41f to remote] DEBUG org.asynchttpclient.netty.request.NettyRequestSender - Using open Channel [id: 0x4f206c78, L:/127.0.0.1:55013 - R:localhost/127.0.0.1:54752] for GET '/session/f07f8a88d5bf2091e06b7c3f91ccd41f/element/6dc34bf6-5c84-4b80-844a-cfd51b7881f0/text'
18:01:46.671 [AsyncHttpClient-1-14] DEBUG org.asynchttpclient.netty.handler.HttpHandler - 

Request DefaultFullHttpRequest(decodeResult: success, version: HTTP/1.1, content: EmptyByteBufBE)
GET /session/f07f8a88d5bf2091e06b7c3f91ccd41f/element/6dc34bf6-5c84-4b80-844a-cfd51b7881f0/text HTTP/1.1
User-Agent: selenium/4.1.2 (java windows)
Cache-Control: no-cache
Content-Type: application/json; charset=utf-8
host: localhost:54752
accept: */*

Response DefaultHttpResponse(decodeResult: success, version: HTTP/1.1)
HTTP/1.1 200 OK
Content-Type: application/json; charset=utf-8
cache-control: no-cache
content-length: 58

18:01:46.671 [AsyncHttpClient-1-14] DEBUG org.asynchttpclient.netty.channel.ChannelManager - Adding key: http://localhost:54752 for channel [id: 0x4f206c78, L:/127.0.0.1:55013 - R:localhost/127.0.0.1:54752]
18:01:46.718 [Forwarding screenshot on session f07f8a88d5bf2091e06b7c3f91ccd41f to remote] DEBUG org.asynchttpclient.netty.request.NettyRequestSender - Using pooled Channel '[id: 0x4f206c78, L:/127.0.0.1:55013 - R:localhost/127.0.0.1:54752]' for 'GET' to 'http://localhost:54752/session/f07f8a88d5bf2091e06b7c3f91ccd41f/screenshot'
18:01:46.718 [Forwarding screenshot on session f07f8a88d5bf2091e06b7c3f91ccd41f to remote] DEBUG org.asynchttpclient.netty.request.NettyRequestSender - Using open Channel [id: 0x4f206c78, L:/127.0.0.1:55013 - R:localhost/127.0.0.1:54752] for GET '/session/f07f8a88d5bf2091e06b7c3f91ccd41f/screenshot'
18:01:46.910 [AsyncHttpClient-1-1] DEBUG org.asynchttpclient.netty.channel.DefaultChannelPool - Entry count for : http://localhost:55014 : 1
18:01:47.166 [AsyncHttpClient-1-14] DEBUG org.asynchttpclient.netty.handler.HttpHandler - 

Request DefaultFullHttpRequest(decodeResult: success, version: HTTP/1.1, content: EmptyByteBufBE)
GET /session/f07f8a88d5bf2091e06b7c3f91ccd41f/screenshot HTTP/1.1
User-Agent: selenium/4.1.2 (java windows)
Cache-Control: no-cache
Content-Type: application/json; charset=utf-8
host: localhost:54752
accept: */*

Response DefaultHttpResponse(decodeResult: success, version: HTTP/1.1)
HTTP/1.1 200 OK
Content-Type: application/json; charset=utf-8
cache-control: no-cache
content-length: 384592

18:01:47.167 [AsyncHttpClient-1-14] DEBUG org.asynchttpclient.netty.channel.ChannelManager - Adding key: http://localhost:54752 for channel [id: 0x4f206c78, L:/127.0.0.1:55013 - R:localhost/127.0.0.1:54752]
18:01:47.196 [Test worker] DEBUG net.serenitybdd.core.photography.Darkroom - Send negative for processing for C:\Users\johan\OneDrive\Documentos\KONEX\Pruebas automatizadas\automatizacion_login_backoffice_1v\target\site\serenity\524292d9b0a2c641e80856de2314e5e47ea468398735302e60abc480391e83e3.png
18:01:47.255 [Forwarding screenshot on session f07f8a88d5bf2091e06b7c3f91ccd41f to remote] DEBUG org.asynchttpclient.netty.request.NettyRequestSender - Using pooled Channel '[id: 0x4f206c78, L:/127.0.0.1:55013 - R:localhost/127.0.0.1:54752]' for 'GET' to 'http://localhost:54752/session/f07f8a88d5bf2091e06b7c3f91ccd41f/screenshot'
18:01:47.255 [Forwarding screenshot on session f07f8a88d5bf2091e06b7c3f91ccd41f to remote] DEBUG org.asynchttpclient.netty.request.NettyRequestSender - Using open Channel [id: 0x4f206c78, L:/127.0.0.1:55013 - R:localhost/127.0.0.1:54752] for GET '/session/f07f8a88d5bf2091e06b7c3f91ccd41f/screenshot'
18:01:47.681 [AsyncHttpClient-1-14] DEBUG org.asynchttpclient.netty.handler.HttpHandler - 

Request DefaultFullHttpRequest(decodeResult: success, version: HTTP/1.1, content: EmptyByteBufBE)
GET /session/f07f8a88d5bf2091e06b7c3f91ccd41f/screenshot HTTP/1.1
User-Agent: selenium/4.1.2 (java windows)
Cache-Control: no-cache
Content-Type: application/json; charset=utf-8
host: localhost:54752
accept: */*

Response DefaultHttpResponse(decodeResult: success, version: HTTP/1.1)
HTTP/1.1 200 OK
Content-Type: application/json; charset=utf-8
cache-control: no-cache
content-length: 384592

18:01:47.682 [AsyncHttpClient-1-14] DEBUG org.asynchttpclient.netty.channel.ChannelManager - Adding key: http://localhost:54752 for channel [id: 0x4f206c78, L:/127.0.0.1:55013 - R:localhost/127.0.0.1:54752]
18:01:47.712 [Test worker] DEBUG net.serenitybdd.core.photography.Darkroom - Send negative for processing for C:\Users\johan\OneDrive\Documentos\KONEX\Pruebas automatizadas\automatizacion_login_backoffice_1v\target\site\serenity\524292d9b0a2c641e80856de2314e5e47ea468398735302e60abc480391e83e3.png
18:01:47.748 [AsyncHttpClient-1-16] DEBUG org.asynchttpclient.netty.handler.WebSocketHandler - Channel Closed: [id: 0x163604ae, L:/127.0.0.1:55022 ! R:localhost/127.0.0.1:55014] with attribute NettyResponseFuture{currentRetry=5,
	isDone=1,
	isCancelled=0,
	asyncHandler=org.asynchttpclient.ws.WebSocketUpgradeHandler@72907799,
	nettyRequest=org.asynchttpclient.netty.request.NettyRequest@3792e7af,
	future=java.util.concurrent.CompletableFuture@f252ae0[Completed normally],
	uri=ws://localhost:55014/devtools/browser/46d2b114-49ec-4c54-a927-bb34319e7b62,
	keepAlive=true,
	redirectCount=0,
	timeoutsHolder=null,
	inAuth=0,
	touch=1681254094499}
18:01:47.749 [AsyncHttpClient-1-16] DEBUG org.asynchttpclient.netty.channel.ChannelManager - Closing Channel [id: 0x163604ae, L:/127.0.0.1:55022 ! R:localhost/127.0.0.1:55014] 
18:01:47.750 [Driver Command Executor] DEBUG org.asynchttpclient.netty.request.NettyRequestSender - Using pooled Channel '[id: 0x4f206c78, L:/127.0.0.1:55013 - R:localhost/127.0.0.1:54752]' for 'DELETE' to 'http://localhost:54752/session/f07f8a88d5bf2091e06b7c3f91ccd41f'
18:01:47.750 [Driver Command Executor] DEBUG org.asynchttpclient.netty.request.NettyRequestSender - Using open Channel [id: 0x4f206c78, L:/127.0.0.1:55013 - R:localhost/127.0.0.1:54752] for DELETE '/session/f07f8a88d5bf2091e06b7c3f91ccd41f'
18:01:47.845 [AsyncHttpClient-1-15] DEBUG org.asynchttpclient.netty.handler.HttpHandler - Unexpected I/O exception on channel [id: 0xb08d1b06, L:/127.0.0.1:55021 - R:localhost/127.0.0.1:55014]
java.io.IOException: Se ha forzado la interrupción de una conexión existente por el host remoto
	at sun.nio.ch.SocketDispatcher.read0(Native Method)
	at sun.nio.ch.SocketDispatcher.read(SocketDispatcher.java:43)
	at sun.nio.ch.IOUtil.readIntoNativeBuffer(IOUtil.java:223)
	at sun.nio.ch.IOUtil.read(IOUtil.java:192)
	at sun.nio.ch.SocketChannelImpl.read(SocketChannelImpl.java:380)
	at io.netty.buffer.PooledByteBuf.setBytes(PooledByteBuf.java:258)
	at io.netty.buffer.AbstractByteBuf.writeBytes(AbstractByteBuf.java:1132)
	at io.netty.channel.socket.nio.NioSocketChannel.doReadBytes(NioSocketChannel.java:350)
	at io.netty.channel.nio.AbstractNioByteChannel$NioByteUnsafe.read(AbstractNioByteChannel.java:151)
	at io.netty.channel.nio.NioEventLoop.processSelectedKey(NioEventLoop.java:722)
	at io.netty.channel.nio.NioEventLoop.processSelectedKeysOptimized(NioEventLoop.java:658)
	at io.netty.channel.nio.NioEventLoop.processSelectedKeys(NioEventLoop.java:584)
	at io.netty.channel.nio.NioEventLoop.run(NioEventLoop.java:496)
	at io.netty.util.concurrent.SingleThreadEventExecutor$4.run(SingleThreadEventExecutor.java:986)
	at io.netty.util.internal.ThreadExecutorMap$2.run(ThreadExecutorMap.java:74)
	at io.netty.util.concurrent.FastThreadLocalRunnable.run(FastThreadLocalRunnable.java:30)
	at java.lang.Thread.run(Thread.java:748)
18:01:47.847 [AsyncHttpClient-1-15] DEBUG org.asynchttpclient.netty.channel.ChannelManager - Closing Channel [id: 0xb08d1b06, L:/127.0.0.1:55021 - R:localhost/127.0.0.1:55014] 
18:01:47.847 [AsyncHttpClient-1-15] DEBUG org.asynchttpclient.netty.handler.HttpHandler - Channel Closed: [id: 0xb08d1b06, L:/127.0.0.1:55021 ! R:localhost/127.0.0.1:55014] with attribute DISCARD
18:01:47.892 [AsyncHttpClient-1-14] DEBUG org.asynchttpclient.netty.handler.HttpHandler - 

Request DefaultFullHttpRequest(decodeResult: success, version: HTTP/1.1, content: EmptyByteBufBE)
DELETE /session/f07f8a88d5bf2091e06b7c3f91ccd41f HTTP/1.1
User-Agent: selenium/4.1.2 (java windows)
Content-Type: application/json; charset=utf-8
host: localhost:54752
accept: */*

Response DefaultHttpResponse(decodeResult: success, version: HTTP/1.1)
HTTP/1.1 200 OK
Content-Type: application/json; charset=utf-8
cache-control: no-cache
content-length: 14

18:01:47.893 [AsyncHttpClient-1-14] DEBUG org.asynchttpclient.netty.channel.ChannelManager - Adding key: http://localhost:54752 for channel [id: 0x4f206c78, L:/127.0.0.1:55013 - R:localhost/127.0.0.1:54752]
18:01:48.012 [AsyncHttpClient-1-1] DEBUG org.asynchttpclient.netty.channel.DefaultChannelPool - Entry count for : http://localhost:55014 : 1
18:01:48.012 [AsyncHttpClient-1-1] DEBUG org.asynchttpclient.netty.channel.DefaultChannelPool - Entry count for : http://localhost:54752 : 1
18:01:48.013 [AsyncHttpClient-1-1] DEBUG org.asynchttpclient.netty.channel.DefaultChannelPool - Adding Candidate expired Channel [id: 0xb08d1b06, L:/127.0.0.1:55021 ! R:localhost/127.0.0.1:55014] isIdleTimeoutExpired=false isRemotelyClosed=true isTtlExpired=false
18:01:48.013 [AsyncHttpClient-1-1] DEBUG org.asynchttpclient.netty.channel.DefaultChannelPool - Closing Idle Channel [id: 0xb08d1b06, L:/127.0.0.1:55021 ! R:localhost/127.0.0.1:55014]
18:01:48.013 [AsyncHttpClient-1-1] DEBUG org.asynchttpclient.netty.channel.DefaultChannelPool - Closed 1 connections out of 2 in 1 ms
18:01:48.920 [AsyncHttpClient-1-14] DEBUG org.asynchttpclient.netty.handler.HttpHandler - Unexpected I/O exception on channel [id: 0x4f206c78, L:/127.0.0.1:55013 - R:localhost/127.0.0.1:54752]
java.io.IOException: Se ha forzado la interrupción de una conexión existente por el host remoto
	at sun.nio.ch.SocketDispatcher.read0(Native Method)
	at sun.nio.ch.SocketDispatcher.read(SocketDispatcher.java:43)
	at sun.nio.ch.IOUtil.readIntoNativeBuffer(IOUtil.java:223)
	at sun.nio.ch.IOUtil.read(IOUtil.java:192)
	at sun.nio.ch.SocketChannelImpl.read(SocketChannelImpl.java:380)
	at io.netty.buffer.PooledByteBuf.setBytes(PooledByteBuf.java:258)
	at io.netty.buffer.AbstractByteBuf.writeBytes(AbstractByteBuf.java:1132)
	at io.netty.channel.socket.nio.NioSocketChannel.doReadBytes(NioSocketChannel.java:350)
	at io.netty.channel.nio.AbstractNioByteChannel$NioByteUnsafe.read(AbstractNioByteChannel.java:151)
	at io.netty.channel.nio.NioEventLoop.processSelectedKey(NioEventLoop.java:722)
	at io.netty.channel.nio.NioEventLoop.processSelectedKeysOptimized(NioEventLoop.java:658)
	at io.netty.channel.nio.NioEventLoop.processSelectedKeys(NioEventLoop.java:584)
	at io.netty.channel.nio.NioEventLoop.run(NioEventLoop.java:496)
	at io.netty.util.concurrent.SingleThreadEventExecutor$4.run(SingleThreadEventExecutor.java:986)
	at io.netty.util.internal.ThreadExecutorMap$2.run(ThreadExecutorMap.java:74)
	at io.netty.util.concurrent.FastThreadLocalRunnable.run(FastThreadLocalRunnable.java:30)
	at java.lang.Thread.run(Thread.java:748)
18:01:48.920 [AsyncHttpClient-1-14] DEBUG org.asynchttpclient.netty.channel.ChannelManager - Closing Channel [id: 0x4f206c78, L:/127.0.0.1:55013 - R:localhost/127.0.0.1:54752] 
18:01:48.921 [AsyncHttpClient-1-14] DEBUG org.asynchttpclient.netty.handler.HttpHandler - Channel Closed: [id: 0x4f206c78, L:/127.0.0.1:55013 ! R:localhost/127.0.0.1:54752] with attribute DISCARD
18:01:48.983 [Test worker] INFO  - 
  _____   ___   ___   _____     ___     _     ___   ___   ___   ___  
 |_   _| | __| / __| |_   _|   | _ \   /_\   / __| / __| | __| |   \ 
   | |   | _|  \__ \   | |     |  _/  / _ \  \__ \ \__ \ | _|  | |) |
   |_|   |___| |___/   |_|     |_|   /_/ \_\ |___/ |___/ |___| |___/ 

Verificar el ingreso con credenciales incorrectas
----------------------------------------------------------------------
18:01:48.992 [Test worker] INFO io.cucumber.core.plugin.SerenityReporter - Running feature from file:///C:/Users/johan/OneDrive/Documentos/KONEX/Pruebas%20automatizadas/automatizacion_login_backoffice_1v/src/test/resources/features/login_backoffice.feature
18:01:49.008 [Test worker] DEBUG net.thucydides.core.steps.StepInterceptor - STARTING STEP: MyStepdefinitions.queElUsuarioIngreseAlBackoffice - performAs
18:01:49.013 [Test worker] DEBUG net.thucydides.core.steps.StepInterceptor - STARTING STEP: Abrir.performAs - {0} opens the #targetPage
18:01:49.067 [Test worker] INFO net.serenitybdd.core.webdriver.driverproviders.ChromeDriverProvider - Using automatically driver download
18:01:49.110 [AsyncHttpClient-1-1] DEBUG org.asynchttpclient.netty.channel.DefaultChannelPool - Entry count for : http://localhost:54752 : 1
18:01:49.110 [AsyncHttpClient-1-1] DEBUG org.asynchttpclient.netty.channel.DefaultChannelPool - Adding Candidate expired Channel [id: 0x4f206c78, L:/127.0.0.1:55013 ! R:localhost/127.0.0.1:54752] isIdleTimeoutExpired=false isRemotelyClosed=true isTtlExpired=false
18:01:49.110 [AsyncHttpClient-1-1] DEBUG org.asynchttpclient.netty.channel.DefaultChannelPool - Closing Idle Channel [id: 0x4f206c78, L:/127.0.0.1:55013 ! R:localhost/127.0.0.1:54752]
18:01:49.110 [AsyncHttpClient-1-1] DEBUG org.asynchttpclient.netty.channel.DefaultChannelPool - Closed 1 connections out of 1 in 0 ms
18:01:49.309 [Test worker] DEBUG io.github.bonigarcia.wdm.cache.ResolutionCache - Resolution chrome=112 in cache (valid until 19:00:10 11/04/2023 COT)
18:01:49.310 [Test worker] DEBUG io.github.bonigarcia.wdm.cache.ResolutionCache - Resolution chrome112=112.0.5615.49 in cache (valid until 12:12:55 12/04/2023 COT)
18:01:49.310 [Test worker] INFO io.github.bonigarcia.wdm.WebDriverManager - Using chromedriver 112.0.5615.49 (resolved driver for Chrome 112)
18:01:49.317 [Test worker] DEBUG io.github.bonigarcia.wdm.WebDriverManager - Driver chromedriver 112.0.5615.49 found in cache
18:01:49.318 [Test worker] INFO io.github.bonigarcia.wdm.WebDriverManager - Exporting webdriver.chrome.driver as C:\Users\johan\.cache\selenium\chromedriver\win32\112.0.5615.49\chromedriver.exe
18:01:49.555 [Test worker] DEBUG net.serenitybdd.core.webdriver.driverproviders.ProvideNewDriver - Instantiating driver
18:01:49.555 [Test worker] DEBUG net.serenitybdd.core.webdriver.driverproviders.ProvideNewDriver - Driver capabilities: Capabilities {acceptInsecureCerts: false, autodownload: true, browserName: chrome, chrome.silentOutput: true, driver: chrome, goog:chromeOptions: {args: [--start-maximized --disable...], extensions: []}}
18:01:50.109 [AsyncHttpClient-1-17] DEBUG org.asynchttpclient.netty.channel.NettyConnectListener - Using new Channel '[id: 0xd8f3a16c, L:/127.0.0.1:55047 - R:localhost/127.0.0.1:57487]' for 'POST' to '/session'
18:01:51.690 [AsyncHttpClient-1-17] DEBUG org.asynchttpclient.netty.handler.HttpHandler - 

Request DefaultHttpRequest(decodeResult: success, version: HTTP/1.1)
POST /session HTTP/1.1
User-Agent: selenium/4.1.2 (java windows)
Content-Length: 776
Content-Type: application/json; charset=utf-8
host: localhost:57487
accept: */*

Response DefaultHttpResponse(decodeResult: success, version: HTTP/1.1)
HTTP/1.1 200 OK
Content-Type: application/json; charset=utf-8
cache-control: no-cache
content-length: 855

18:01:51.690 [AsyncHttpClient-1-17] DEBUG org.asynchttpclient.netty.channel.ChannelManager - Adding key: http://localhost:57487 for channel [id: 0xd8f3a16c, L:/127.0.0.1:55047 - R:localhost/127.0.0.1:57487]
18:01:51.709 [AsyncHttpClient-1-2] DEBUG org.asynchttpclient.netty.channel.NettyConnectListener - Using new Channel '[id: 0xd29ecba6, L:/127.0.0.1:55055 - R:localhost/127.0.0.1:55048]' for 'GET' to '/json/version'
18:01:51.710 [AsyncHttpClient-1-2] DEBUG org.asynchttpclient.netty.handler.HttpHandler - 

Request DefaultFullHttpRequest(decodeResult: success, version: HTTP/1.1, content: EmptyByteBufBE)
GET /json/version HTTP/1.1
User-Agent: selenium/4.1.2 (java windows)
host: localhost:55048
accept: */*

Response DefaultHttpResponse(decodeResult: success, version: HTTP/1.1)
HTTP/1.1 200 OK
Content-Security-Policy: frame-ancestors 'none'
Content-Type: application/json; charset=UTF-8
content-length: 422

18:01:51.710 [AsyncHttpClient-1-2] DEBUG org.asynchttpclient.netty.channel.ChannelManager - Adding key: http://localhost:55048 for channel [id: 0xd29ecba6, L:/127.0.0.1:55055 - R:localhost/127.0.0.1:55048]
18:01:51.714 [AsyncHttpClient-1-3] DEBUG org.asynchttpclient.netty.channel.NettyConnectListener - Using new Channel '[id: 0x24e8c67f, L:/127.0.0.1:55056 - R:localhost/127.0.0.1:55048]' for 'GET' to '/devtools/browser/f18ba158-44f9-4c0b-a151-f809e3387240'
18:01:51.718 [AsyncHttpClient-1-3] DEBUG org.asynchttpclient.netty.handler.WebSocketHandler - 

Request DefaultFullHttpRequest(decodeResult: success, version: HTTP/1.1, content: EmptyByteBufBE)
GET /devtools/browser/f18ba158-44f9-4c0b-a151-f809e3387240 HTTP/1.1
upgrade: websocket
connection: upgrade
sec-websocket-key: RmI6OTyimDeixgHzTVHMqw==
sec-websocket-version: 13
origin: http://localhost:55048
host: localhost:55048
accept: */*
user-agent: AHC/2.1

Response DefaultHttpResponse(decodeResult: success, version: HTTP/1.1)
HTTP/1.1 101 WebSocket Protocol Handshake
Upgrade: WebSocket
Connection: Upgrade
Sec-WebSocket-Accept: EXRQ1Sltkc1Nogd4kVpuC5M3NXE=

18:01:51.726 [Forwarding get on session ead48c53bfb4b00769afd63356ca93e8 to remote] DEBUG org.asynchttpclient.netty.request.NettyRequestSender - Using pooled Channel '[id: 0xd8f3a16c, L:/127.0.0.1:55047 - R:localhost/127.0.0.1:57487]' for 'POST' to 'http://localhost:57487/session/ead48c53bfb4b00769afd63356ca93e8/url'
18:01:51.726 [Forwarding get on session ead48c53bfb4b00769afd63356ca93e8 to remote] DEBUG org.asynchttpclient.netty.request.NettyRequestSender - Using open Channel [id: 0xd8f3a16c, L:/127.0.0.1:55047 - R:localhost/127.0.0.1:57487] for POST '/session/ead48c53bfb4b00769afd63356ca93e8/url'
18:01:52.415 [AsyncHttpClient-1-1] DEBUG org.asynchttpclient.netty.channel.DefaultChannelPool - Entry count for : http://localhost:55048 : 1
18:01:53.509 [AsyncHttpClient-1-1] DEBUG org.asynchttpclient.netty.channel.DefaultChannelPool - Entry count for : http://localhost:55048 : 1
18:01:53.899 [AsyncHttpClient-1-17] DEBUG org.asynchttpclient.netty.handler.HttpHandler - 

Request DefaultHttpRequest(decodeResult: success, version: HTTP/1.1)
POST /session/ead48c53bfb4b00769afd63356ca93e8/url HTTP/1.1
User-Agent: selenium/4.1.2 (java windows)
Content-Length: 80
Content-Type: application/json; charset=utf-8
host: localhost:57487
accept: */*

Response DefaultHttpResponse(decodeResult: success, version: HTTP/1.1)
HTTP/1.1 200 OK
Content-Type: application/json; charset=utf-8
cache-control: no-cache
content-length: 14

18:01:53.899 [AsyncHttpClient-1-17] DEBUG org.asynchttpclient.netty.channel.ChannelManager - Adding key: http://localhost:57487 for channel [id: 0xd8f3a16c, L:/127.0.0.1:55047 - R:localhost/127.0.0.1:57487]
18:01:53.904 [Forwarding setTimeout on session ead48c53bfb4b00769afd63356ca93e8 to remote] DEBUG org.asynchttpclient.netty.request.NettyRequestSender - Using pooled Channel '[id: 0xd8f3a16c, L:/127.0.0.1:55047 - R:localhost/127.0.0.1:57487]' for 'POST' to 'http://localhost:57487/session/ead48c53bfb4b00769afd63356ca93e8/timeouts'
18:01:53.904 [Forwarding setTimeout on session ead48c53bfb4b00769afd63356ca93e8 to remote] DEBUG org.asynchttpclient.netty.request.NettyRequestSender - Using open Channel [id: 0xd8f3a16c, L:/127.0.0.1:55047 - R:localhost/127.0.0.1:57487] for POST '/session/ead48c53bfb4b00769afd63356ca93e8/timeouts'
18:01:53.906 [AsyncHttpClient-1-17] DEBUG org.asynchttpclient.netty.handler.HttpHandler - 

Request DefaultHttpRequest(decodeResult: success, version: HTTP/1.1)
POST /session/ead48c53bfb4b00769afd63356ca93e8/timeouts HTTP/1.1
User-Agent: selenium/4.1.2 (java windows)
Content-Length: 22
Content-Type: application/json; charset=utf-8
host: localhost:57487
accept: */*

Response DefaultHttpResponse(decodeResult: success, version: HTTP/1.1)
HTTP/1.1 200 OK
Content-Type: application/json; charset=utf-8
cache-control: no-cache
content-length: 14

18:01:53.906 [AsyncHttpClient-1-17] DEBUG org.asynchttpclient.netty.channel.ChannelManager - Adding key: http://localhost:57487 for channel [id: 0xd8f3a16c, L:/127.0.0.1:55047 - R:localhost/127.0.0.1:57487]
18:01:53.957 [Forwarding getCurrentUrl on session ead48c53bfb4b00769afd63356ca93e8 to remote] DEBUG org.asynchttpclient.netty.request.NettyRequestSender - Using pooled Channel '[id: 0xd8f3a16c, L:/127.0.0.1:55047 - R:localhost/127.0.0.1:57487]' for 'GET' to 'http://localhost:57487/session/ead48c53bfb4b00769afd63356ca93e8/url'
18:01:53.957 [Forwarding getCurrentUrl on session ead48c53bfb4b00769afd63356ca93e8 to remote] DEBUG org.asynchttpclient.netty.request.NettyRequestSender - Using open Channel [id: 0xd8f3a16c, L:/127.0.0.1:55047 - R:localhost/127.0.0.1:57487] for GET '/session/ead48c53bfb4b00769afd63356ca93e8/url'
18:01:53.966 [AsyncHttpClient-1-17] DEBUG org.asynchttpclient.netty.handler.HttpHandler - 

Request DefaultFullHttpRequest(decodeResult: success, version: HTTP/1.1, content: EmptyByteBufBE)
GET /session/ead48c53bfb4b00769afd63356ca93e8/url HTTP/1.1
User-Agent: selenium/4.1.2 (java windows)
Cache-Control: no-cache
Content-Type: application/json; charset=utf-8
host: localhost:57487
accept: */*

Response DefaultHttpResponse(decodeResult: success, version: HTTP/1.1)
HTTP/1.1 200 OK
Content-Type: application/json; charset=utf-8
cache-control: no-cache
content-length: 57

18:01:53.966 [AsyncHttpClient-1-17] DEBUG org.asynchttpclient.netty.channel.ChannelManager - Adding key: http://localhost:57487 for channel [id: 0xd8f3a16c, L:/127.0.0.1:55047 - R:localhost/127.0.0.1:57487]
18:01:54.008 [Forwarding getCurrentUrl on session ead48c53bfb4b00769afd63356ca93e8 to remote] DEBUG org.asynchttpclient.netty.request.NettyRequestSender - Using pooled Channel '[id: 0xd8f3a16c, L:/127.0.0.1:55047 - R:localhost/127.0.0.1:57487]' for 'GET' to 'http://localhost:57487/session/ead48c53bfb4b00769afd63356ca93e8/url'
18:01:54.008 [Forwarding getCurrentUrl on session ead48c53bfb4b00769afd63356ca93e8 to remote] DEBUG org.asynchttpclient.netty.request.NettyRequestSender - Using open Channel [id: 0xd8f3a16c, L:/127.0.0.1:55047 - R:localhost/127.0.0.1:57487] for GET '/session/ead48c53bfb4b00769afd63356ca93e8/url'
18:01:54.014 [AsyncHttpClient-1-17] DEBUG org.asynchttpclient.netty.handler.HttpHandler - 

Request DefaultFullHttpRequest(decodeResult: success, version: HTTP/1.1, content: EmptyByteBufBE)
GET /session/ead48c53bfb4b00769afd63356ca93e8/url HTTP/1.1
User-Agent: selenium/4.1.2 (java windows)
Cache-Control: no-cache
Content-Type: application/json; charset=utf-8
host: localhost:57487
accept: */*

Response DefaultHttpResponse(decodeResult: success, version: HTTP/1.1)
HTTP/1.1 200 OK
Content-Type: application/json; charset=utf-8
cache-control: no-cache
content-length: 57

18:01:54.014 [AsyncHttpClient-1-17] DEBUG org.asynchttpclient.netty.channel.ChannelManager - Adding key: http://localhost:57487 for channel [id: 0xd8f3a16c, L:/127.0.0.1:55047 - R:localhost/127.0.0.1:57487]
18:01:54.047 [Forwarding screenshot on session ead48c53bfb4b00769afd63356ca93e8 to remote] DEBUG org.asynchttpclient.netty.request.NettyRequestSender - Using pooled Channel '[id: 0xd8f3a16c, L:/127.0.0.1:55047 - R:localhost/127.0.0.1:57487]' for 'GET' to 'http://localhost:57487/session/ead48c53bfb4b00769afd63356ca93e8/screenshot'
18:01:54.047 [Forwarding screenshot on session ead48c53bfb4b00769afd63356ca93e8 to remote] DEBUG org.asynchttpclient.netty.request.NettyRequestSender - Using open Channel [id: 0xd8f3a16c, L:/127.0.0.1:55047 - R:localhost/127.0.0.1:57487] for GET '/session/ead48c53bfb4b00769afd63356ca93e8/screenshot'
18:01:54.441 [AsyncHttpClient-1-17] DEBUG org.asynchttpclient.netty.handler.HttpHandler - 

Request DefaultFullHttpRequest(decodeResult: success, version: HTTP/1.1, content: EmptyByteBufBE)
GET /session/ead48c53bfb4b00769afd63356ca93e8/screenshot HTTP/1.1
User-Agent: selenium/4.1.2 (java windows)
Cache-Control: no-cache
Content-Type: application/json; charset=utf-8
host: localhost:57487
accept: */*

Response DefaultHttpResponse(decodeResult: success, version: HTTP/1.1)
HTTP/1.1 200 OK
Content-Type: application/json; charset=utf-8
cache-control: no-cache
content-length: 379740

18:01:54.443 [AsyncHttpClient-1-17] DEBUG org.asynchttpclient.netty.channel.ChannelManager - Adding key: http://localhost:57487 for channel [id: 0xd8f3a16c, L:/127.0.0.1:55047 - R:localhost/127.0.0.1:57487]
18:01:54.478 [Test worker] DEBUG net.serenitybdd.core.photography.Darkroom - Send negative for processing for C:\Users\johan\OneDrive\Documentos\KONEX\Pruebas automatizadas\automatizacion_login_backoffice_1v\target\site\serenity\2906e0e514c90d11ffaf03067b12110de544ee879fa76ed63b517fad1e2e3380.png
18:01:54.478 [Test worker] DEBUG net.thucydides.core.steps.StepInterceptor - STEP DONE: {0} opens the #targetPage
18:01:54.526 [Test worker] DEBUG net.thucydides.core.steps.StepInterceptor - STEP DONE: performAs
18:01:54.571 [Forwarding screenshot on session ead48c53bfb4b00769afd63356ca93e8 to remote] DEBUG org.asynchttpclient.netty.request.NettyRequestSender - Using pooled Channel '[id: 0xd8f3a16c, L:/127.0.0.1:55047 - R:localhost/127.0.0.1:57487]' for 'GET' to 'http://localhost:57487/session/ead48c53bfb4b00769afd63356ca93e8/screenshot'
18:01:54.571 [Forwarding screenshot on session ead48c53bfb4b00769afd63356ca93e8 to remote] DEBUG org.asynchttpclient.netty.request.NettyRequestSender - Using open Channel [id: 0xd8f3a16c, L:/127.0.0.1:55047 - R:localhost/127.0.0.1:57487] for GET '/session/ead48c53bfb4b00769afd63356ca93e8/screenshot'
18:01:54.610 [AsyncHttpClient-1-1] DEBUG org.asynchttpclient.netty.channel.DefaultChannelPool - Entry count for : http://localhost:55048 : 1
18:01:54.943 [AsyncHttpClient-1-17] DEBUG org.asynchttpclient.netty.handler.HttpHandler - 

Request DefaultFullHttpRequest(decodeResult: success, version: HTTP/1.1, content: EmptyByteBufBE)
GET /session/ead48c53bfb4b00769afd63356ca93e8/screenshot HTTP/1.1
User-Agent: selenium/4.1.2 (java windows)
Cache-Control: no-cache
Content-Type: application/json; charset=utf-8
host: localhost:57487
accept: */*

Response DefaultHttpResponse(decodeResult: success, version: HTTP/1.1)
HTTP/1.1 200 OK
Content-Type: application/json; charset=utf-8
cache-control: no-cache
content-length: 379772

18:01:54.944 [AsyncHttpClient-1-17] DEBUG org.asynchttpclient.netty.channel.ChannelManager - Adding key: http://localhost:57487 for channel [id: 0xd8f3a16c, L:/127.0.0.1:55047 - R:localhost/127.0.0.1:57487]
18:01:54.970 [Test worker] DEBUG net.serenitybdd.core.photography.Darkroom - Send negative for processing for C:\Users\johan\OneDrive\Documentos\KONEX\Pruebas automatizadas\automatizacion_login_backoffice_1v\target\site\serenity\827eba772fc8c0a7b9dfb33684fbbfab2dbf1f790c8339d229e180e243a6dda7.png
18:01:55.029 [Forwarding screenshot on session ead48c53bfb4b00769afd63356ca93e8 to remote] DEBUG org.asynchttpclient.netty.request.NettyRequestSender - Using pooled Channel '[id: 0xd8f3a16c, L:/127.0.0.1:55047 - R:localhost/127.0.0.1:57487]' for 'GET' to 'http://localhost:57487/session/ead48c53bfb4b00769afd63356ca93e8/screenshot'
18:01:55.029 [Forwarding screenshot on session ead48c53bfb4b00769afd63356ca93e8 to remote] DEBUG org.asynchttpclient.netty.request.NettyRequestSender - Using open Channel [id: 0xd8f3a16c, L:/127.0.0.1:55047 - R:localhost/127.0.0.1:57487] for GET '/session/ead48c53bfb4b00769afd63356ca93e8/screenshot'
18:01:55.458 [AsyncHttpClient-1-17] DEBUG org.asynchttpclient.netty.handler.HttpHandler - 

Request DefaultFullHttpRequest(decodeResult: success, version: HTTP/1.1, content: EmptyByteBufBE)
GET /session/ead48c53bfb4b00769afd63356ca93e8/screenshot HTTP/1.1
User-Agent: selenium/4.1.2 (java windows)
Cache-Control: no-cache
Content-Type: application/json; charset=utf-8
host: localhost:57487
accept: */*

Response DefaultHttpResponse(decodeResult: success, version: HTTP/1.1)
HTTP/1.1 200 OK
Content-Type: application/json; charset=utf-8
cache-control: no-cache
content-length: 379740

18:01:55.460 [AsyncHttpClient-1-17] DEBUG org.asynchttpclient.netty.channel.ChannelManager - Adding key: http://localhost:57487 for channel [id: 0xd8f3a16c, L:/127.0.0.1:55047 - R:localhost/127.0.0.1:57487]
18:01:55.503 [Test worker] DEBUG net.serenitybdd.core.photography.Darkroom - Send negative for processing for C:\Users\johan\OneDrive\Documentos\KONEX\Pruebas automatizadas\automatizacion_login_backoffice_1v\target\site\serenity\2906e0e514c90d11ffaf03067b12110de544ee879fa76ed63b517fad1e2e3380.png
18:01:55.504 [Test worker] DEBUG net.thucydides.core.steps.StepInterceptor - STARTING STEP: MyStepdefinitions.digitaUsuarioOContrasennaIncorrectas - performAs
18:01:55.556 [Forwarding screenshot on session ead48c53bfb4b00769afd63356ca93e8 to remote] DEBUG org.asynchttpclient.netty.request.NettyRequestSender - Using pooled Channel '[id: 0xd8f3a16c, L:/127.0.0.1:55047 - R:localhost/127.0.0.1:57487]' for 'GET' to 'http://localhost:57487/session/ead48c53bfb4b00769afd63356ca93e8/screenshot'
18:01:55.556 [Forwarding screenshot on session ead48c53bfb4b00769afd63356ca93e8 to remote] DEBUG org.asynchttpclient.netty.request.NettyRequestSender - Using open Channel [id: 0xd8f3a16c, L:/127.0.0.1:55047 - R:localhost/127.0.0.1:57487] for GET '/session/ead48c53bfb4b00769afd63356ca93e8/screenshot'
18:01:55.710 [AsyncHttpClient-1-1] DEBUG org.asynchttpclient.netty.channel.DefaultChannelPool - Entry count for : http://localhost:55048 : 1
18:01:55.965 [AsyncHttpClient-1-17] DEBUG org.asynchttpclient.netty.handler.HttpHandler - 

Request DefaultFullHttpRequest(decodeResult: success, version: HTTP/1.1, content: EmptyByteBufBE)
GET /session/ead48c53bfb4b00769afd63356ca93e8/screenshot HTTP/1.1
User-Agent: selenium/4.1.2 (java windows)
Cache-Control: no-cache
Content-Type: application/json; charset=utf-8
host: localhost:57487
accept: */*

Response DefaultHttpResponse(decodeResult: success, version: HTTP/1.1)
HTTP/1.1 200 OK
Content-Type: application/json; charset=utf-8
cache-control: no-cache
content-length: 379772

18:01:55.966 [AsyncHttpClient-1-17] DEBUG org.asynchttpclient.netty.channel.ChannelManager - Adding key: http://localhost:57487 for channel [id: 0xd8f3a16c, L:/127.0.0.1:55047 - R:localhost/127.0.0.1:57487]
18:01:55.997 [Test worker] DEBUG net.serenitybdd.core.photography.Darkroom - Send negative for processing for C:\Users\johan\OneDrive\Documentos\KONEX\Pruebas automatizadas\automatizacion_login_backoffice_1v\target\site\serenity\827eba772fc8c0a7b9dfb33684fbbfab2dbf1f790c8339d229e180e243a6dda7.png
18:01:55.998 [Test worker] DEBUG net.thucydides.core.steps.StepInterceptor - STARTING STEP: Digitar.performAs - {0} enters #theTextAsAString into #target
18:01:56.021 [Test worker] DEBUG net.serenitybdd.screenplay.targets.IFrameSwitcher - default content already selected for Datos para campo de usuario
18:01:56.105 [Forwarding findElement on session ead48c53bfb4b00769afd63356ca93e8 to remote] DEBUG org.asynchttpclient.netty.request.NettyRequestSender - Using pooled Channel '[id: 0xd8f3a16c, L:/127.0.0.1:55047 - R:localhost/127.0.0.1:57487]' for 'POST' to 'http://localhost:57487/session/ead48c53bfb4b00769afd63356ca93e8/element'
18:01:56.105 [Forwarding findElement on session ead48c53bfb4b00769afd63356ca93e8 to remote] DEBUG org.asynchttpclient.netty.request.NettyRequestSender - Using open Channel [id: 0xd8f3a16c, L:/127.0.0.1:55047 - R:localhost/127.0.0.1:57487] for POST '/session/ead48c53bfb4b00769afd63356ca93e8/element'
18:01:56.129 [AsyncHttpClient-1-17] DEBUG org.asynchttpclient.netty.handler.HttpHandler - 

Request DefaultHttpRequest(decodeResult: success, version: HTTP/1.1)
POST /session/ead48c53bfb4b00769afd63356ca93e8/element HTTP/1.1
User-Agent: selenium/4.1.2 (java windows)
Content-Length: 53
Content-Type: application/json; charset=utf-8
host: localhost:57487
accept: */*

Response DefaultHttpResponse(decodeResult: success, version: HTTP/1.1)
HTTP/1.1 200 OK
Content-Type: application/json; charset=utf-8
cache-control: no-cache
content-length: 88

18:01:56.129 [AsyncHttpClient-1-17] DEBUG org.asynchttpclient.netty.channel.ChannelManager - Adding key: http://localhost:57487 for channel [id: 0xd8f3a16c, L:/127.0.0.1:55047 - R:localhost/127.0.0.1:57487]
18:01:56.131 [Forwarding clearElement on session ead48c53bfb4b00769afd63356ca93e8 to remote] DEBUG org.asynchttpclient.netty.request.NettyRequestSender - Using pooled Channel '[id: 0xd8f3a16c, L:/127.0.0.1:55047 - R:localhost/127.0.0.1:57487]' for 'POST' to 'http://localhost:57487/session/ead48c53bfb4b00769afd63356ca93e8/element/50411823-543a-466f-b3a1-4d302bd110a8/clear'
18:01:56.131 [Forwarding clearElement on session ead48c53bfb4b00769afd63356ca93e8 to remote] DEBUG org.asynchttpclient.netty.request.NettyRequestSender - Using open Channel [id: 0xd8f3a16c, L:/127.0.0.1:55047 - R:localhost/127.0.0.1:57487] for POST '/session/ead48c53bfb4b00769afd63356ca93e8/element/50411823-543a-466f-b3a1-4d302bd110a8/clear'
18:01:56.192 [AsyncHttpClient-1-17] DEBUG org.asynchttpclient.netty.handler.HttpHandler - 

Request DefaultHttpRequest(decodeResult: success, version: HTTP/1.1)
POST /session/ead48c53bfb4b00769afd63356ca93e8/element/50411823-543a-466f-b3a1-4d302bd110a8/clear HTTP/1.1
User-Agent: selenium/4.1.2 (java windows)
Content-Length: 50
Content-Type: application/json; charset=utf-8
host: localhost:57487
accept: */*

Response DefaultHttpResponse(decodeResult: success, version: HTTP/1.1)
HTTP/1.1 200 OK
Content-Type: application/json; charset=utf-8
cache-control: no-cache
content-length: 14

18:01:56.192 [AsyncHttpClient-1-17] DEBUG org.asynchttpclient.netty.channel.ChannelManager - Adding key: http://localhost:57487 for channel [id: 0xd8f3a16c, L:/127.0.0.1:55047 - R:localhost/127.0.0.1:57487]
18:01:56.214 [Forwarding sendKeysToElement on session ead48c53bfb4b00769afd63356ca93e8 to remote] DEBUG org.asynchttpclient.netty.request.NettyRequestSender - Using pooled Channel '[id: 0xd8f3a16c, L:/127.0.0.1:55047 - R:localhost/127.0.0.1:57487]' for 'POST' to 'http://localhost:57487/session/ead48c53bfb4b00769afd63356ca93e8/element/50411823-543a-466f-b3a1-4d302bd110a8/value'
18:01:56.214 [Forwarding sendKeysToElement on session ead48c53bfb4b00769afd63356ca93e8 to remote] DEBUG org.asynchttpclient.netty.request.NettyRequestSender - Using open Channel [id: 0xd8f3a16c, L:/127.0.0.1:55047 - R:localhost/127.0.0.1:57487] for POST '/session/ead48c53bfb4b00769afd63356ca93e8/element/50411823-543a-466f-b3a1-4d302bd110a8/value'
18:01:56.273 [AsyncHttpClient-1-17] DEBUG org.asynchttpclient.netty.handler.HttpHandler - 

Request DefaultHttpRequest(decodeResult: success, version: HTTP/1.1)
POST /session/ead48c53bfb4b00769afd63356ca93e8/element/50411823-543a-466f-b3a1-4d302bd110a8/value HTTP/1.1
User-Agent: selenium/4.1.2 (java windows)
Content-Length: 121
Content-Type: application/json; charset=utf-8
host: localhost:57487
accept: */*

Response DefaultHttpResponse(decodeResult: success, version: HTTP/1.1)
HTTP/1.1 200 OK
Content-Type: application/json; charset=utf-8
cache-control: no-cache
content-length: 14

18:01:56.273 [AsyncHttpClient-1-17] DEBUG org.asynchttpclient.netty.channel.ChannelManager - Adding key: http://localhost:57487 for channel [id: 0xd8f3a16c, L:/127.0.0.1:55047 - R:localhost/127.0.0.1:57487]
18:01:56.329 [Forwarding screenshot on session ead48c53bfb4b00769afd63356ca93e8 to remote] DEBUG org.asynchttpclient.netty.request.NettyRequestSender - Using pooled Channel '[id: 0xd8f3a16c, L:/127.0.0.1:55047 - R:localhost/127.0.0.1:57487]' for 'GET' to 'http://localhost:57487/session/ead48c53bfb4b00769afd63356ca93e8/screenshot'
18:01:56.329 [Forwarding screenshot on session ead48c53bfb4b00769afd63356ca93e8 to remote] DEBUG org.asynchttpclient.netty.request.NettyRequestSender - Using open Channel [id: 0xd8f3a16c, L:/127.0.0.1:55047 - R:localhost/127.0.0.1:57487] for GET '/session/ead48c53bfb4b00769afd63356ca93e8/screenshot'
18:01:56.747 [AsyncHttpClient-1-17] DEBUG org.asynchttpclient.netty.handler.HttpHandler - 

Request DefaultFullHttpRequest(decodeResult: success, version: HTTP/1.1, content: EmptyByteBufBE)
GET /session/ead48c53bfb4b00769afd63356ca93e8/screenshot HTTP/1.1
User-Agent: selenium/4.1.2 (java windows)
Cache-Control: no-cache
Content-Type: application/json; charset=utf-8
host: localhost:57487
accept: */*

Response DefaultHttpResponse(decodeResult: success, version: HTTP/1.1)
HTTP/1.1 200 OK
Content-Type: application/json; charset=utf-8
cache-control: no-cache
content-length: 377108

18:01:56.749 [AsyncHttpClient-1-17] DEBUG org.asynchttpclient.netty.channel.ChannelManager - Adding key: http://localhost:57487 for channel [id: 0xd8f3a16c, L:/127.0.0.1:55047 - R:localhost/127.0.0.1:57487]
18:01:56.777 [Test worker] DEBUG net.serenitybdd.core.photography.Darkroom - Send negative for processing for C:\Users\johan\OneDrive\Documentos\KONEX\Pruebas automatizadas\automatizacion_login_backoffice_1v\target\site\serenity\6ee518bde31ed9748cbc1bf75e25759204ba5cc7e95cddb292a2cb469132bd94.png
18:01:56.810 [AsyncHttpClient-1-1] DEBUG org.asynchttpclient.netty.channel.DefaultChannelPool - Entry count for : http://localhost:55048 : 1
18:01:56.810 [AsyncHttpClient-1-1] DEBUG org.asynchttpclient.netty.channel.DefaultChannelPool - Entry count for : http://localhost:57487 : 1
18:01:56.833 [Forwarding screenshot on session ead48c53bfb4b00769afd63356ca93e8 to remote] DEBUG org.asynchttpclient.netty.request.NettyRequestSender - Using pooled Channel '[id: 0xd8f3a16c, L:/127.0.0.1:55047 - R:localhost/127.0.0.1:57487]' for 'GET' to 'http://localhost:57487/session/ead48c53bfb4b00769afd63356ca93e8/screenshot'
18:01:56.833 [Forwarding screenshot on session ead48c53bfb4b00769afd63356ca93e8 to remote] DEBUG org.asynchttpclient.netty.request.NettyRequestSender - Using open Channel [id: 0xd8f3a16c, L:/127.0.0.1:55047 - R:localhost/127.0.0.1:57487] for GET '/session/ead48c53bfb4b00769afd63356ca93e8/screenshot'
18:01:57.232 [AsyncHttpClient-1-17] DEBUG org.asynchttpclient.netty.handler.HttpHandler - 

Request DefaultFullHttpRequest(decodeResult: success, version: HTTP/1.1, content: EmptyByteBufBE)
GET /session/ead48c53bfb4b00769afd63356ca93e8/screenshot HTTP/1.1
User-Agent: selenium/4.1.2 (java windows)
Cache-Control: no-cache
Content-Type: application/json; charset=utf-8
host: localhost:57487
accept: */*

Response DefaultHttpResponse(decodeResult: success, version: HTTP/1.1)
HTTP/1.1 200 OK
Content-Type: application/json; charset=utf-8
cache-control: no-cache
content-length: 377072

18:01:57.233 [AsyncHttpClient-1-17] DEBUG org.asynchttpclient.netty.channel.ChannelManager - Adding key: http://localhost:57487 for channel [id: 0xd8f3a16c, L:/127.0.0.1:55047 - R:localhost/127.0.0.1:57487]
18:01:57.266 [Test worker] DEBUG net.serenitybdd.core.photography.Darkroom - Send negative for processing for C:\Users\johan\OneDrive\Documentos\KONEX\Pruebas automatizadas\automatizacion_login_backoffice_1v\target\site\serenity\99f853fc455550c4b3f1007f0b36ec61ba43767a91f657eabe3476d44d0c0263.png
18:01:57.266 [Test worker] DEBUG net.thucydides.core.steps.StepInterceptor - STEP DONE: {0} enters #theTextAsAString into #target
18:01:57.267 [Darkroom Processing Line] DEBUG net.serenitybdd.core.photography.DarkroomProcessingLine - Processing screenshot image in /var/screenshots/screenshot-3182635875045860700
18:01:57.267 [Darkroom Processing Line] DEBUG net.serenitybdd.core.photography.DarkroomProcessingLine - Saving screenshot to C:\Users\johan\OneDrive\Documentos\KONEX\Pruebas automatizadas\automatizacion_login_backoffice_1v\target\site\serenity\99f853fc455550c4b3f1007f0b36ec61ba43767a91f657eabe3476d44d0c0263.png
18:01:57.316 [Test worker] DEBUG net.thucydides.core.steps.StepInterceptor - STARTING STEP: Digitar.performAs - {0} enters #theTextAsAString into #target
18:01:57.352 [Test worker] DEBUG net.serenitybdd.screenplay.targets.IFrameSwitcher - default content already selected for Datos para campo contrasenna
18:01:57.451 [Forwarding findElement on session ead48c53bfb4b00769afd63356ca93e8 to remote] DEBUG org.asynchttpclient.netty.request.NettyRequestSender - Using pooled Channel '[id: 0xd8f3a16c, L:/127.0.0.1:55047 - R:localhost/127.0.0.1:57487]' for 'POST' to 'http://localhost:57487/session/ead48c53bfb4b00769afd63356ca93e8/element'
18:01:57.451 [Forwarding findElement on session ead48c53bfb4b00769afd63356ca93e8 to remote] DEBUG org.asynchttpclient.netty.request.NettyRequestSender - Using open Channel [id: 0xd8f3a16c, L:/127.0.0.1:55047 - R:localhost/127.0.0.1:57487] for POST '/session/ead48c53bfb4b00769afd63356ca93e8/element'
18:01:57.470 [AsyncHttpClient-1-17] DEBUG org.asynchttpclient.netty.handler.HttpHandler - 

Request DefaultHttpRequest(decodeResult: success, version: HTTP/1.1)
POST /session/ead48c53bfb4b00769afd63356ca93e8/element HTTP/1.1
User-Agent: selenium/4.1.2 (java windows)
Content-Length: 50
Content-Type: application/json; charset=utf-8
host: localhost:57487
accept: */*

Response DefaultHttpResponse(decodeResult: success, version: HTTP/1.1)
HTTP/1.1 200 OK
Content-Type: application/json; charset=utf-8
cache-control: no-cache
content-length: 88

18:01:57.470 [AsyncHttpClient-1-17] DEBUG org.asynchttpclient.netty.channel.ChannelManager - Adding key: http://localhost:57487 for channel [id: 0xd8f3a16c, L:/127.0.0.1:55047 - R:localhost/127.0.0.1:57487]
18:01:57.472 [Forwarding clearElement on session ead48c53bfb4b00769afd63356ca93e8 to remote] DEBUG org.asynchttpclient.netty.request.NettyRequestSender - Using pooled Channel '[id: 0xd8f3a16c, L:/127.0.0.1:55047 - R:localhost/127.0.0.1:57487]' for 'POST' to 'http://localhost:57487/session/ead48c53bfb4b00769afd63356ca93e8/element/514fcab8-b170-4e76-b7cd-d8c54d9c5b3b/clear'
18:01:57.472 [Forwarding clearElement on session ead48c53bfb4b00769afd63356ca93e8 to remote] DEBUG org.asynchttpclient.netty.request.NettyRequestSender - Using open Channel [id: 0xd8f3a16c, L:/127.0.0.1:55047 - R:localhost/127.0.0.1:57487] for POST '/session/ead48c53bfb4b00769afd63356ca93e8/element/514fcab8-b170-4e76-b7cd-d8c54d9c5b3b/clear'
18:01:57.532 [AsyncHttpClient-1-17] DEBUG org.asynchttpclient.netty.handler.HttpHandler - 

Request DefaultHttpRequest(decodeResult: success, version: HTTP/1.1)
POST /session/ead48c53bfb4b00769afd63356ca93e8/element/514fcab8-b170-4e76-b7cd-d8c54d9c5b3b/clear HTTP/1.1
User-Agent: selenium/4.1.2 (java windows)
Content-Length: 50
Content-Type: application/json; charset=utf-8
host: localhost:57487
accept: */*

Response DefaultHttpResponse(decodeResult: success, version: HTTP/1.1)
HTTP/1.1 200 OK
Content-Type: application/json; charset=utf-8
cache-control: no-cache
content-length: 14

18:01:57.532 [AsyncHttpClient-1-17] DEBUG org.asynchttpclient.netty.channel.ChannelManager - Adding key: http://localhost:57487 for channel [id: 0xd8f3a16c, L:/127.0.0.1:55047 - R:localhost/127.0.0.1:57487]
18:01:57.569 [Forwarding sendKeysToElement on session ead48c53bfb4b00769afd63356ca93e8 to remote] DEBUG org.asynchttpclient.netty.request.NettyRequestSender - Using pooled Channel '[id: 0xd8f3a16c, L:/127.0.0.1:55047 - R:localhost/127.0.0.1:57487]' for 'POST' to 'http://localhost:57487/session/ead48c53bfb4b00769afd63356ca93e8/element/514fcab8-b170-4e76-b7cd-d8c54d9c5b3b/value'
18:01:57.569 [Forwarding sendKeysToElement on session ead48c53bfb4b00769afd63356ca93e8 to remote] DEBUG org.asynchttpclient.netty.request.NettyRequestSender - Using open Channel [id: 0xd8f3a16c, L:/127.0.0.1:55047 - R:localhost/127.0.0.1:57487] for POST '/session/ead48c53bfb4b00769afd63356ca93e8/element/514fcab8-b170-4e76-b7cd-d8c54d9c5b3b/value'
18:01:57.681 [AsyncHttpClient-1-17] DEBUG org.asynchttpclient.netty.handler.HttpHandler - 

Request DefaultHttpRequest(decodeResult: success, version: HTTP/1.1)
POST /session/ead48c53bfb4b00769afd63356ca93e8/element/514fcab8-b170-4e76-b7cd-d8c54d9c5b3b/value HTTP/1.1
User-Agent: selenium/4.1.2 (java windows)
Content-Length: 191
Content-Type: application/json; charset=utf-8
host: localhost:57487
accept: */*

Response DefaultHttpResponse(decodeResult: success, version: HTTP/1.1)
HTTP/1.1 200 OK
Content-Type: application/json; charset=utf-8
cache-control: no-cache
content-length: 14

18:01:57.682 [AsyncHttpClient-1-17] DEBUG org.asynchttpclient.netty.channel.ChannelManager - Adding key: http://localhost:57487 for channel [id: 0xd8f3a16c, L:/127.0.0.1:55047 - R:localhost/127.0.0.1:57487]
18:01:57.720 [Forwarding screenshot on session ead48c53bfb4b00769afd63356ca93e8 to remote] DEBUG org.asynchttpclient.netty.request.NettyRequestSender - Using pooled Channel '[id: 0xd8f3a16c, L:/127.0.0.1:55047 - R:localhost/127.0.0.1:57487]' for 'GET' to 'http://localhost:57487/session/ead48c53bfb4b00769afd63356ca93e8/screenshot'
18:01:57.720 [Forwarding screenshot on session ead48c53bfb4b00769afd63356ca93e8 to remote] DEBUG org.asynchttpclient.netty.request.NettyRequestSender - Using open Channel [id: 0xd8f3a16c, L:/127.0.0.1:55047 - R:localhost/127.0.0.1:57487] for GET '/session/ead48c53bfb4b00769afd63356ca93e8/screenshot'
18:01:57.911 [AsyncHttpClient-1-1] DEBUG org.asynchttpclient.netty.channel.DefaultChannelPool - Entry count for : http://localhost:55048 : 1
18:01:58.132 [AsyncHttpClient-1-17] DEBUG org.asynchttpclient.netty.handler.HttpHandler - 

Request DefaultFullHttpRequest(decodeResult: success, version: HTTP/1.1, content: EmptyByteBufBE)
GET /session/ead48c53bfb4b00769afd63356ca93e8/screenshot HTTP/1.1
User-Agent: selenium/4.1.2 (java windows)
Cache-Control: no-cache
Content-Type: application/json; charset=utf-8
host: localhost:57487
accept: */*

Response DefaultHttpResponse(decodeResult: success, version: HTTP/1.1)
HTTP/1.1 200 OK
Content-Type: application/json; charset=utf-8
cache-control: no-cache
content-length: 374868

18:01:58.134 [AsyncHttpClient-1-17] DEBUG org.asynchttpclient.netty.channel.ChannelManager - Adding key: http://localhost:57487 for channel [id: 0xd8f3a16c, L:/127.0.0.1:55047 - R:localhost/127.0.0.1:57487]
18:01:58.162 [Test worker] DEBUG net.serenitybdd.core.photography.Darkroom - Send negative for processing for C:\Users\johan\OneDrive\Documentos\KONEX\Pruebas automatizadas\automatizacion_login_backoffice_1v\target\site\serenity\5c635cea890abb491677e61cc50c8b9ad7e72d57ca385d3871f7b6b598d708d8.png
18:01:58.217 [Forwarding screenshot on session ead48c53bfb4b00769afd63356ca93e8 to remote] DEBUG org.asynchttpclient.netty.request.NettyRequestSender - Using pooled Channel '[id: 0xd8f3a16c, L:/127.0.0.1:55047 - R:localhost/127.0.0.1:57487]' for 'GET' to 'http://localhost:57487/session/ead48c53bfb4b00769afd63356ca93e8/screenshot'
18:01:58.217 [Forwarding screenshot on session ead48c53bfb4b00769afd63356ca93e8 to remote] DEBUG org.asynchttpclient.netty.request.NettyRequestSender - Using open Channel [id: 0xd8f3a16c, L:/127.0.0.1:55047 - R:localhost/127.0.0.1:57487] for GET '/session/ead48c53bfb4b00769afd63356ca93e8/screenshot'
18:01:58.685 [AsyncHttpClient-1-17] DEBUG org.asynchttpclient.netty.handler.HttpHandler - 

Request DefaultFullHttpRequest(decodeResult: success, version: HTTP/1.1, content: EmptyByteBufBE)
GET /session/ead48c53bfb4b00769afd63356ca93e8/screenshot HTTP/1.1
User-Agent: selenium/4.1.2 (java windows)
Cache-Control: no-cache
Content-Type: application/json; charset=utf-8
host: localhost:57487
accept: */*

Response DefaultHttpResponse(decodeResult: success, version: HTTP/1.1)
HTTP/1.1 200 OK
Content-Type: application/json; charset=utf-8
cache-control: no-cache
content-length: 374824

18:01:58.686 [AsyncHttpClient-1-17] DEBUG org.asynchttpclient.netty.channel.ChannelManager - Adding key: http://localhost:57487 for channel [id: 0xd8f3a16c, L:/127.0.0.1:55047 - R:localhost/127.0.0.1:57487]
18:01:58.723 [Test worker] DEBUG net.serenitybdd.core.photography.Darkroom - Send negative for processing for C:\Users\johan\OneDrive\Documentos\KONEX\Pruebas automatizadas\automatizacion_login_backoffice_1v\target\site\serenity\f887815663c507490ed12eac6d2b936ce9003d565405c1e18155fce5971141b5.png
18:01:58.723 [Test worker] DEBUG net.thucydides.core.steps.StepInterceptor - STEP DONE: {0} enters #theTextAsAString into #target
18:01:58.724 [Darkroom Processing Line] DEBUG net.serenitybdd.core.photography.DarkroomProcessingLine - Processing screenshot image in /var/screenshots/screenshot-3907968496225524123
18:01:58.724 [Darkroom Processing Line] DEBUG net.serenitybdd.core.photography.DarkroomProcessingLine - Saving screenshot to C:\Users\johan\OneDrive\Documentos\KONEX\Pruebas automatizadas\automatizacion_login_backoffice_1v\target\site\serenity\f887815663c507490ed12eac6d2b936ce9003d565405c1e18155fce5971141b5.png
18:01:58.761 [Test worker] DEBUG net.thucydides.core.steps.StepInterceptor - STARTING STEP: Digitar.performAs - {0} clicks on #target
18:01:58.762 [Test worker] DEBUG net.serenitybdd.screenplay.targets.IFrameSwitcher - default content already selected for Boton iniciar sesion
18:01:58.932 [Forwarding findElement on session ead48c53bfb4b00769afd63356ca93e8 to remote] DEBUG org.asynchttpclient.netty.request.NettyRequestSender - Using pooled Channel '[id: 0xd8f3a16c, L:/127.0.0.1:55047 - R:localhost/127.0.0.1:57487]' for 'POST' to 'http://localhost:57487/session/ead48c53bfb4b00769afd63356ca93e8/element'
18:01:58.932 [Forwarding findElement on session ead48c53bfb4b00769afd63356ca93e8 to remote] DEBUG org.asynchttpclient.netty.request.NettyRequestSender - Using open Channel [id: 0xd8f3a16c, L:/127.0.0.1:55047 - R:localhost/127.0.0.1:57487] for POST '/session/ead48c53bfb4b00769afd63356ca93e8/element'
18:01:58.964 [AsyncHttpClient-1-17] DEBUG org.asynchttpclient.netty.handler.HttpHandler - 

Request DefaultHttpRequest(decodeResult: success, version: HTTP/1.1)
POST /session/ead48c53bfb4b00769afd63356ca93e8/element HTTP/1.1
User-Agent: selenium/4.1.2 (java windows)
Content-Length: 89
Content-Type: application/json; charset=utf-8
host: localhost:57487
accept: */*

Response DefaultHttpResponse(decodeResult: success, version: HTTP/1.1)
HTTP/1.1 200 OK
Content-Type: application/json; charset=utf-8
cache-control: no-cache
content-length: 88

18:01:58.965 [AsyncHttpClient-1-17] DEBUG org.asynchttpclient.netty.channel.ChannelManager - Adding key: http://localhost:57487 for channel [id: 0xd8f3a16c, L:/127.0.0.1:55047 - R:localhost/127.0.0.1:57487]
18:01:59.006 [Forwarding isElementDisplayed on session ead48c53bfb4b00769afd63356ca93e8 to remote] DEBUG org.asynchttpclient.netty.request.NettyRequestSender - Using pooled Channel '[id: 0xd8f3a16c, L:/127.0.0.1:55047 - R:localhost/127.0.0.1:57487]' for 'POST' to 'http://localhost:57487/session/ead48c53bfb4b00769afd63356ca93e8/execute/sync'
18:01:59.006 [Forwarding isElementDisplayed on session ead48c53bfb4b00769afd63356ca93e8 to remote] DEBUG org.asynchttpclient.netty.request.NettyRequestSender - Using open Channel [id: 0xd8f3a16c, L:/127.0.0.1:55047 - R:localhost/127.0.0.1:57487] for POST '/session/ead48c53bfb4b00769afd63356ca93e8/execute/sync'
18:01:59.018 [AsyncHttpClient-1-1] DEBUG org.asynchttpclient.netty.channel.DefaultChannelPool - Entry count for : http://localhost:55048 : 1
18:01:59.041 [AsyncHttpClient-1-17] DEBUG org.asynchttpclient.netty.handler.HttpHandler - 

Request DefaultHttpRequest(decodeResult: success, version: HTTP/1.1)
POST /session/ead48c53bfb4b00769afd63356ca93e8/execute/sync HTTP/1.1
User-Agent: selenium/4.1.2 (java windows)
Content-Length: 48780
Content-Type: application/json; charset=utf-8
host: localhost:57487
accept: */*

Response DefaultHttpResponse(decodeResult: success, version: HTTP/1.1)
HTTP/1.1 200 OK
Content-Type: application/json; charset=utf-8
cache-control: no-cache
content-length: 14

18:01:59.041 [AsyncHttpClient-1-17] DEBUG org.asynchttpclient.netty.channel.ChannelManager - Adding key: http://localhost:57487 for channel [id: 0xd8f3a16c, L:/127.0.0.1:55047 - R:localhost/127.0.0.1:57487]
18:01:59.106 [Forwarding findElement on session ead48c53bfb4b00769afd63356ca93e8 to remote] DEBUG org.asynchttpclient.netty.request.NettyRequestSender - Using pooled Channel '[id: 0xd8f3a16c, L:/127.0.0.1:55047 - R:localhost/127.0.0.1:57487]' for 'POST' to 'http://localhost:57487/session/ead48c53bfb4b00769afd63356ca93e8/element'
18:01:59.106 [Forwarding findElement on session ead48c53bfb4b00769afd63356ca93e8 to remote] DEBUG org.asynchttpclient.netty.request.NettyRequestSender - Using open Channel [id: 0xd8f3a16c, L:/127.0.0.1:55047 - R:localhost/127.0.0.1:57487] for POST '/session/ead48c53bfb4b00769afd63356ca93e8/element'
18:01:59.122 [AsyncHttpClient-1-17] DEBUG org.asynchttpclient.netty.handler.HttpHandler - 

Request DefaultHttpRequest(decodeResult: success, version: HTTP/1.1)
POST /session/ead48c53bfb4b00769afd63356ca93e8/element HTTP/1.1
User-Agent: selenium/4.1.2 (java windows)
Content-Length: 89
Content-Type: application/json; charset=utf-8
host: localhost:57487
accept: */*

Response DefaultHttpResponse(decodeResult: success, version: HTTP/1.1)
HTTP/1.1 200 OK
Content-Type: application/json; charset=utf-8
cache-control: no-cache
content-length: 88

18:01:59.122 [AsyncHttpClient-1-17] DEBUG org.asynchttpclient.netty.channel.ChannelManager - Adding key: http://localhost:57487 for channel [id: 0xd8f3a16c, L:/127.0.0.1:55047 - R:localhost/127.0.0.1:57487]
18:01:59.125 [Forwarding clickElement on session ead48c53bfb4b00769afd63356ca93e8 to remote] DEBUG org.asynchttpclient.netty.request.NettyRequestSender - Using pooled Channel '[id: 0xd8f3a16c, L:/127.0.0.1:55047 - R:localhost/127.0.0.1:57487]' for 'POST' to 'http://localhost:57487/session/ead48c53bfb4b00769afd63356ca93e8/element/6317eaed-a550-4910-9503-c2ddd3cca909/click'
18:01:59.125 [Forwarding clickElement on session ead48c53bfb4b00769afd63356ca93e8 to remote] DEBUG org.asynchttpclient.netty.request.NettyRequestSender - Using open Channel [id: 0xd8f3a16c, L:/127.0.0.1:55047 - R:localhost/127.0.0.1:57487] for POST '/session/ead48c53bfb4b00769afd63356ca93e8/element/6317eaed-a550-4910-9503-c2ddd3cca909/click'
18:01:59.194 [AsyncHttpClient-1-17] DEBUG org.asynchttpclient.netty.handler.HttpHandler - 

Request DefaultHttpRequest(decodeResult: success, version: HTTP/1.1)
POST /session/ead48c53bfb4b00769afd63356ca93e8/element/6317eaed-a550-4910-9503-c2ddd3cca909/click HTTP/1.1
User-Agent: selenium/4.1.2 (java windows)
Content-Length: 50
Content-Type: application/json; charset=utf-8
host: localhost:57487
accept: */*

Response DefaultHttpResponse(decodeResult: success, version: HTTP/1.1)
HTTP/1.1 200 OK
Content-Type: application/json; charset=utf-8
cache-control: no-cache
content-length: 14

18:01:59.194 [AsyncHttpClient-1-17] DEBUG org.asynchttpclient.netty.channel.ChannelManager - Adding key: http://localhost:57487 for channel [id: 0xd8f3a16c, L:/127.0.0.1:55047 - R:localhost/127.0.0.1:57487]
18:01:59.237 [Forwarding screenshot on session ead48c53bfb4b00769afd63356ca93e8 to remote] DEBUG org.asynchttpclient.netty.request.NettyRequestSender - Using pooled Channel '[id: 0xd8f3a16c, L:/127.0.0.1:55047 - R:localhost/127.0.0.1:57487]' for 'GET' to 'http://localhost:57487/session/ead48c53bfb4b00769afd63356ca93e8/screenshot'
18:01:59.237 [Forwarding screenshot on session ead48c53bfb4b00769afd63356ca93e8 to remote] DEBUG org.asynchttpclient.netty.request.NettyRequestSender - Using open Channel [id: 0xd8f3a16c, L:/127.0.0.1:55047 - R:localhost/127.0.0.1:57487] for GET '/session/ead48c53bfb4b00769afd63356ca93e8/screenshot'
18:01:59.662 [AsyncHttpClient-1-17] DEBUG org.asynchttpclient.netty.handler.HttpHandler - 

Request DefaultFullHttpRequest(decodeResult: success, version: HTTP/1.1, content: EmptyByteBufBE)
GET /session/ead48c53bfb4b00769afd63356ca93e8/screenshot HTTP/1.1
User-Agent: selenium/4.1.2 (java windows)
Cache-Control: no-cache
Content-Type: application/json; charset=utf-8
host: localhost:57487
accept: */*

Response DefaultHttpResponse(decodeResult: success, version: HTTP/1.1)
HTTP/1.1 200 OK
Content-Type: application/json; charset=utf-8
cache-control: no-cache
content-length: 354792

18:01:59.663 [AsyncHttpClient-1-17] DEBUG org.asynchttpclient.netty.channel.ChannelManager - Adding key: http://localhost:57487 for channel [id: 0xd8f3a16c, L:/127.0.0.1:55047 - R:localhost/127.0.0.1:57487]
18:01:59.688 [Test worker] DEBUG net.serenitybdd.core.photography.Darkroom - Send negative for processing for C:\Users\johan\OneDrive\Documentos\KONEX\Pruebas automatizadas\automatizacion_login_backoffice_1v\target\site\serenity\8296927bd9cae128078c2697fb79a999d4aef8079a72ab11f0371d896d2836a3.png
18:01:59.689 [Darkroom Processing Line] DEBUG net.serenitybdd.core.photography.DarkroomProcessingLine - Processing screenshot image in /var/screenshots/screenshot-4264548056650410498
18:01:59.689 [Darkroom Processing Line] DEBUG net.serenitybdd.core.photography.DarkroomProcessingLine - Saving screenshot to C:\Users\johan\OneDrive\Documentos\KONEX\Pruebas automatizadas\automatizacion_login_backoffice_1v\target\site\serenity\8296927bd9cae128078c2697fb79a999d4aef8079a72ab11f0371d896d2836a3.png
18:01:59.719 [Test worker] DEBUG net.thucydides.core.steps.StepInterceptor - STEP DONE: {0} clicks on #target
18:01:59.770 [Forwarding screenshot on session ead48c53bfb4b00769afd63356ca93e8 to remote] DEBUG org.asynchttpclient.netty.request.NettyRequestSender - Using pooled Channel '[id: 0xd8f3a16c, L:/127.0.0.1:55047 - R:localhost/127.0.0.1:57487]' for 'GET' to 'http://localhost:57487/session/ead48c53bfb4b00769afd63356ca93e8/screenshot'
18:01:59.770 [Forwarding screenshot on session ead48c53bfb4b00769afd63356ca93e8 to remote] DEBUG org.asynchttpclient.netty.request.NettyRequestSender - Using open Channel [id: 0xd8f3a16c, L:/127.0.0.1:55047 - R:localhost/127.0.0.1:57487] for GET '/session/ead48c53bfb4b00769afd63356ca93e8/screenshot'
18:02:00.109 [AsyncHttpClient-1-1] DEBUG org.asynchttpclient.netty.channel.DefaultChannelPool - Entry count for : http://localhost:55048 : 1
18:02:00.208 [AsyncHttpClient-1-17] DEBUG org.asynchttpclient.netty.handler.HttpHandler - 

Request DefaultFullHttpRequest(decodeResult: success, version: HTTP/1.1, content: EmptyByteBufBE)
GET /session/ead48c53bfb4b00769afd63356ca93e8/screenshot HTTP/1.1
User-Agent: selenium/4.1.2 (java windows)
Cache-Control: no-cache
Content-Type: application/json; charset=utf-8
host: localhost:57487
accept: */*

Response DefaultHttpResponse(decodeResult: success, version: HTTP/1.1)
HTTP/1.1 200 OK
Content-Type: application/json; charset=utf-8
cache-control: no-cache
content-length: 354704

18:02:00.209 [AsyncHttpClient-1-17] DEBUG org.asynchttpclient.netty.channel.ChannelManager - Adding key: http://localhost:57487 for channel [id: 0xd8f3a16c, L:/127.0.0.1:55047 - R:localhost/127.0.0.1:57487]
18:02:00.239 [Test worker] DEBUG net.serenitybdd.core.photography.Darkroom - Send negative for processing for C:\Users\johan\OneDrive\Documentos\KONEX\Pruebas automatizadas\automatizacion_login_backoffice_1v\target\site\serenity\dddbd0e8a8576723356d4ec761797971776c516e2adad5e19c52df231176cf87.png
18:02:00.240 [Test worker] DEBUG net.thucydides.core.steps.StepInterceptor - STEP DONE: performAs
18:02:00.240 [Darkroom Processing Line] DEBUG net.serenitybdd.core.photography.DarkroomProcessingLine - Processing screenshot image in /var/screenshots/screenshot-3633553024365269626
18:02:00.240 [Darkroom Processing Line] DEBUG net.serenitybdd.core.photography.DarkroomProcessingLine - Saving screenshot to C:\Users\johan\OneDrive\Documentos\KONEX\Pruebas automatizadas\automatizacion_login_backoffice_1v\target\site\serenity\dddbd0e8a8576723356d4ec761797971776c516e2adad5e19c52df231176cf87.png
18:02:00.312 [Forwarding screenshot on session ead48c53bfb4b00769afd63356ca93e8 to remote] DEBUG org.asynchttpclient.netty.request.NettyRequestSender - Using pooled Channel '[id: 0xd8f3a16c, L:/127.0.0.1:55047 - R:localhost/127.0.0.1:57487]' for 'GET' to 'http://localhost:57487/session/ead48c53bfb4b00769afd63356ca93e8/screenshot'
18:02:00.312 [Forwarding screenshot on session ead48c53bfb4b00769afd63356ca93e8 to remote] DEBUG org.asynchttpclient.netty.request.NettyRequestSender - Using open Channel [id: 0xd8f3a16c, L:/127.0.0.1:55047 - R:localhost/127.0.0.1:57487] for GET '/session/ead48c53bfb4b00769afd63356ca93e8/screenshot'
18:02:00.698 [AsyncHttpClient-1-17] DEBUG org.asynchttpclient.netty.handler.HttpHandler - 

Request DefaultFullHttpRequest(decodeResult: success, version: HTTP/1.1, content: EmptyByteBufBE)
GET /session/ead48c53bfb4b00769afd63356ca93e8/screenshot HTTP/1.1
User-Agent: selenium/4.1.2 (java windows)
Cache-Control: no-cache
Content-Type: application/json; charset=utf-8
host: localhost:57487
accept: */*

Response DefaultHttpResponse(decodeResult: success, version: HTTP/1.1)
HTTP/1.1 200 OK
Content-Type: application/json; charset=utf-8
cache-control: no-cache
content-length: 383712

18:02:00.699 [AsyncHttpClient-1-17] DEBUG org.asynchttpclient.netty.channel.ChannelManager - Adding key: http://localhost:57487 for channel [id: 0xd8f3a16c, L:/127.0.0.1:55047 - R:localhost/127.0.0.1:57487]
18:02:00.729 [Test worker] DEBUG net.serenitybdd.core.photography.Darkroom - Send negative for processing for C:\Users\johan\OneDrive\Documentos\KONEX\Pruebas automatizadas\automatizacion_login_backoffice_1v\target\site\serenity\dcdf3ab0929e8ae1dfd07869a2f06a28c53a23cf63ec0b12ab3c4b18a5daa583.png
18:02:00.798 [Test worker] DEBUG net.serenitybdd.screenplay.targets.IFrameSwitcher - default content already selected for Mensaje error credenciales
18:02:00.816 [Forwarding findElements on session ead48c53bfb4b00769afd63356ca93e8 to remote] DEBUG org.asynchttpclient.netty.request.NettyRequestSender - Using pooled Channel '[id: 0xd8f3a16c, L:/127.0.0.1:55047 - R:localhost/127.0.0.1:57487]' for 'POST' to 'http://localhost:57487/session/ead48c53bfb4b00769afd63356ca93e8/elements'
18:02:00.816 [Forwarding findElements on session ead48c53bfb4b00769afd63356ca93e8 to remote] DEBUG org.asynchttpclient.netty.request.NettyRequestSender - Using open Channel [id: 0xd8f3a16c, L:/127.0.0.1:55047 - R:localhost/127.0.0.1:57487] for POST '/session/ead48c53bfb4b00769afd63356ca93e8/elements'
18:02:00.838 [AsyncHttpClient-1-17] DEBUG org.asynchttpclient.netty.handler.HttpHandler - 

Request DefaultHttpRequest(decodeResult: success, version: HTTP/1.1)
POST /session/ead48c53bfb4b00769afd63356ca93e8/elements HTTP/1.1
User-Agent: selenium/4.1.2 (java windows)
Content-Length: 117
Content-Type: application/json; charset=utf-8
host: localhost:57487
accept: */*

Response DefaultHttpResponse(decodeResult: success, version: HTTP/1.1)
HTTP/1.1 200 OK
Content-Type: application/json; charset=utf-8
cache-control: no-cache
content-length: 90

18:02:00.838 [AsyncHttpClient-1-17] DEBUG org.asynchttpclient.netty.channel.ChannelManager - Adding key: http://localhost:57487 for channel [id: 0xd8f3a16c, L:/127.0.0.1:55047 - R:localhost/127.0.0.1:57487]
18:02:00.877 [Forwarding getElementText on session ead48c53bfb4b00769afd63356ca93e8 to remote] DEBUG org.asynchttpclient.netty.request.NettyRequestSender - Using pooled Channel '[id: 0xd8f3a16c, L:/127.0.0.1:55047 - R:localhost/127.0.0.1:57487]' for 'GET' to 'http://localhost:57487/session/ead48c53bfb4b00769afd63356ca93e8/element/0c05a699-17ec-4f67-b3a3-ec63b9eef877/text'
18:02:00.877 [Forwarding getElementText on session ead48c53bfb4b00769afd63356ca93e8 to remote] DEBUG org.asynchttpclient.netty.request.NettyRequestSender - Using open Channel [id: 0xd8f3a16c, L:/127.0.0.1:55047 - R:localhost/127.0.0.1:57487] for GET '/session/ead48c53bfb4b00769afd63356ca93e8/element/0c05a699-17ec-4f67-b3a3-ec63b9eef877/text'
18:02:00.900 [AsyncHttpClient-1-17] DEBUG org.asynchttpclient.netty.handler.HttpHandler - 

Request DefaultFullHttpRequest(decodeResult: success, version: HTTP/1.1, content: EmptyByteBufBE)
GET /session/ead48c53bfb4b00769afd63356ca93e8/element/0c05a699-17ec-4f67-b3a3-ec63b9eef877/text HTTP/1.1
User-Agent: selenium/4.1.2 (java windows)
Cache-Control: no-cache
Content-Type: application/json; charset=utf-8
host: localhost:57487
accept: */*

Response DefaultHttpResponse(decodeResult: success, version: HTTP/1.1)
HTTP/1.1 200 OK
Content-Type: application/json; charset=utf-8
cache-control: no-cache
content-length: 58

18:02:00.900 [AsyncHttpClient-1-17] DEBUG org.asynchttpclient.netty.channel.ChannelManager - Adding key: http://localhost:57487 for channel [id: 0xd8f3a16c, L:/127.0.0.1:55047 - R:localhost/127.0.0.1:57487]
18:02:00.926 [Forwarding screenshot on session ead48c53bfb4b00769afd63356ca93e8 to remote] DEBUG org.asynchttpclient.netty.request.NettyRequestSender - Using pooled Channel '[id: 0xd8f3a16c, L:/127.0.0.1:55047 - R:localhost/127.0.0.1:57487]' for 'GET' to 'http://localhost:57487/session/ead48c53bfb4b00769afd63356ca93e8/screenshot'
18:02:00.926 [Forwarding screenshot on session ead48c53bfb4b00769afd63356ca93e8 to remote] DEBUG org.asynchttpclient.netty.request.NettyRequestSender - Using open Channel [id: 0xd8f3a16c, L:/127.0.0.1:55047 - R:localhost/127.0.0.1:57487] for GET '/session/ead48c53bfb4b00769afd63356ca93e8/screenshot'
18:02:01.210 [AsyncHttpClient-1-1] DEBUG org.asynchttpclient.netty.channel.DefaultChannelPool - Entry count for : http://localhost:55048 : 1
18:02:01.340 [AsyncHttpClient-1-17] DEBUG org.asynchttpclient.netty.handler.HttpHandler - 

Request DefaultFullHttpRequest(decodeResult: success, version: HTTP/1.1, content: EmptyByteBufBE)
GET /session/ead48c53bfb4b00769afd63356ca93e8/screenshot HTTP/1.1
User-Agent: selenium/4.1.2 (java windows)
Cache-Control: no-cache
Content-Type: application/json; charset=utf-8
host: localhost:57487
accept: */*

Response DefaultHttpResponse(decodeResult: success, version: HTTP/1.1)
HTTP/1.1 200 OK
Content-Type: application/json; charset=utf-8
cache-control: no-cache
content-length: 383712

18:02:01.341 [AsyncHttpClient-1-17] DEBUG org.asynchttpclient.netty.channel.ChannelManager - Adding key: http://localhost:57487 for channel [id: 0xd8f3a16c, L:/127.0.0.1:55047 - R:localhost/127.0.0.1:57487]
18:02:01.383 [Test worker] DEBUG net.serenitybdd.core.photography.Darkroom - Send negative for processing for C:\Users\johan\OneDrive\Documentos\KONEX\Pruebas automatizadas\automatizacion_login_backoffice_1v\target\site\serenity\dcdf3ab0929e8ae1dfd07869a2f06a28c53a23cf63ec0b12ab3c4b18a5daa583.png
18:02:01.459 [Forwarding screenshot on session ead48c53bfb4b00769afd63356ca93e8 to remote] DEBUG org.asynchttpclient.netty.request.NettyRequestSender - Using pooled Channel '[id: 0xd8f3a16c, L:/127.0.0.1:55047 - R:localhost/127.0.0.1:57487]' for 'GET' to 'http://localhost:57487/session/ead48c53bfb4b00769afd63356ca93e8/screenshot'
18:02:01.459 [Forwarding screenshot on session ead48c53bfb4b00769afd63356ca93e8 to remote] DEBUG org.asynchttpclient.netty.request.NettyRequestSender - Using open Channel [id: 0xd8f3a16c, L:/127.0.0.1:55047 - R:localhost/127.0.0.1:57487] for GET '/session/ead48c53bfb4b00769afd63356ca93e8/screenshot'
18:02:01.861 [AsyncHttpClient-1-17] DEBUG org.asynchttpclient.netty.handler.HttpHandler - 

Request DefaultFullHttpRequest(decodeResult: success, version: HTTP/1.1, content: EmptyByteBufBE)
GET /session/ead48c53bfb4b00769afd63356ca93e8/screenshot HTTP/1.1
User-Agent: selenium/4.1.2 (java windows)
Cache-Control: no-cache
Content-Type: application/json; charset=utf-8
host: localhost:57487
accept: */*

Response DefaultHttpResponse(decodeResult: success, version: HTTP/1.1)
HTTP/1.1 200 OK
Content-Type: application/json; charset=utf-8
cache-control: no-cache
content-length: 383712

18:02:01.861 [AsyncHttpClient-1-17] DEBUG org.asynchttpclient.netty.channel.ChannelManager - Adding key: http://localhost:57487 for channel [id: 0xd8f3a16c, L:/127.0.0.1:55047 - R:localhost/127.0.0.1:57487]
18:02:01.887 [Test worker] DEBUG net.serenitybdd.core.photography.Darkroom - Send negative for processing for C:\Users\johan\OneDrive\Documentos\KONEX\Pruebas automatizadas\automatizacion_login_backoffice_1v\target\site\serenity\dcdf3ab0929e8ae1dfd07869a2f06a28c53a23cf63ec0b12ab3c4b18a5daa583.png
18:02:01.890 [AsyncHttpClient-1-3] DEBUG org.asynchttpclient.netty.handler.WebSocketHandler - Channel Closed: [id: 0x24e8c67f, L:/127.0.0.1:55056 ! R:localhost/127.0.0.1:55048] with attribute NettyResponseFuture{currentRetry=5,
	isDone=1,
	isCancelled=0,
	asyncHandler=org.asynchttpclient.ws.WebSocketUpgradeHandler@3a637971,
	nettyRequest=org.asynchttpclient.netty.request.NettyRequest@3637731d,
	future=java.util.concurrent.CompletableFuture@556d6872[Completed normally],
	uri=ws://localhost:55048/devtools/browser/f18ba158-44f9-4c0b-a151-f809e3387240,
	keepAlive=true,
	redirectCount=0,
	timeoutsHolder=null,
	inAuth=0,
	touch=1681254111719}
18:02:01.890 [AsyncHttpClient-1-3] DEBUG org.asynchttpclient.netty.channel.ChannelManager - Closing Channel [id: 0x24e8c67f, L:/127.0.0.1:55056 ! R:localhost/127.0.0.1:55048] 
18:02:01.890 [Driver Command Executor] DEBUG org.asynchttpclient.netty.request.NettyRequestSender - Using pooled Channel '[id: 0xd8f3a16c, L:/127.0.0.1:55047 - R:localhost/127.0.0.1:57487]' for 'DELETE' to 'http://localhost:57487/session/ead48c53bfb4b00769afd63356ca93e8'
18:02:01.890 [Driver Command Executor] DEBUG org.asynchttpclient.netty.request.NettyRequestSender - Using open Channel [id: 0xd8f3a16c, L:/127.0.0.1:55047 - R:localhost/127.0.0.1:57487] for DELETE '/session/ead48c53bfb4b00769afd63356ca93e8'
18:02:01.998 [AsyncHttpClient-1-2] DEBUG org.asynchttpclient.netty.handler.HttpHandler - Unexpected I/O exception on channel [id: 0xd29ecba6, L:/127.0.0.1:55055 - R:localhost/127.0.0.1:55048]
java.io.IOException: Se ha forzado la interrupción de una conexión existente por el host remoto
	at sun.nio.ch.SocketDispatcher.read0(Native Method)
	at sun.nio.ch.SocketDispatcher.read(SocketDispatcher.java:43)
	at sun.nio.ch.IOUtil.readIntoNativeBuffer(IOUtil.java:223)
	at sun.nio.ch.IOUtil.read(IOUtil.java:192)
	at sun.nio.ch.SocketChannelImpl.read(SocketChannelImpl.java:380)
	at io.netty.buffer.PooledByteBuf.setBytes(PooledByteBuf.java:258)
	at io.netty.buffer.AbstractByteBuf.writeBytes(AbstractByteBuf.java:1132)
	at io.netty.channel.socket.nio.NioSocketChannel.doReadBytes(NioSocketChannel.java:350)
	at io.netty.channel.nio.AbstractNioByteChannel$NioByteUnsafe.read(AbstractNioByteChannel.java:151)
	at io.netty.channel.nio.NioEventLoop.processSelectedKey(NioEventLoop.java:722)
	at io.netty.channel.nio.NioEventLoop.processSelectedKeysOptimized(NioEventLoop.java:658)
	at io.netty.channel.nio.NioEventLoop.processSelectedKeys(NioEventLoop.java:584)
	at io.netty.channel.nio.NioEventLoop.run(NioEventLoop.java:496)
	at io.netty.util.concurrent.SingleThreadEventExecutor$4.run(SingleThreadEventExecutor.java:986)
	at io.netty.util.internal.ThreadExecutorMap$2.run(ThreadExecutorMap.java:74)
	at io.netty.util.concurrent.FastThreadLocalRunnable.run(FastThreadLocalRunnable.java:30)
	at java.lang.Thread.run(Thread.java:748)
18:02:02.000 [AsyncHttpClient-1-2] DEBUG org.asynchttpclient.netty.channel.ChannelManager - Closing Channel [id: 0xd29ecba6, L:/127.0.0.1:55055 - R:localhost/127.0.0.1:55048] 
18:02:02.000 [AsyncHttpClient-1-2] DEBUG org.asynchttpclient.netty.handler.HttpHandler - Channel Closed: [id: 0xd29ecba6, L:/127.0.0.1:55055 ! R:localhost/127.0.0.1:55048] with attribute DISCARD
18:02:02.055 [AsyncHttpClient-1-17] DEBUG org.asynchttpclient.netty.handler.HttpHandler - 

Request DefaultFullHttpRequest(decodeResult: success, version: HTTP/1.1, content: EmptyByteBufBE)
DELETE /session/ead48c53bfb4b00769afd63356ca93e8 HTTP/1.1
User-Agent: selenium/4.1.2 (java windows)
Content-Type: application/json; charset=utf-8
host: localhost:57487
accept: */*

Response DefaultHttpResponse(decodeResult: success, version: HTTP/1.1)
HTTP/1.1 200 OK
Content-Type: application/json; charset=utf-8
cache-control: no-cache
content-length: 14

18:02:02.055 [AsyncHttpClient-1-17] DEBUG org.asynchttpclient.netty.channel.ChannelManager - Adding key: http://localhost:57487 for channel [id: 0xd8f3a16c, L:/127.0.0.1:55047 - R:localhost/127.0.0.1:57487]
18:02:02.310 [AsyncHttpClient-1-1] DEBUG org.asynchttpclient.netty.channel.DefaultChannelPool - Entry count for : http://localhost:55048 : 1
18:02:02.310 [AsyncHttpClient-1-1] DEBUG org.asynchttpclient.netty.channel.DefaultChannelPool - Entry count for : http://localhost:57487 : 1
18:02:02.310 [AsyncHttpClient-1-1] DEBUG org.asynchttpclient.netty.channel.DefaultChannelPool - Adding Candidate expired Channel [id: 0xd29ecba6, L:/127.0.0.1:55055 ! R:localhost/127.0.0.1:55048] isIdleTimeoutExpired=false isRemotelyClosed=true isTtlExpired=false
18:02:02.310 [AsyncHttpClient-1-1] DEBUG org.asynchttpclient.netty.channel.DefaultChannelPool - Closing Idle Channel [id: 0xd29ecba6, L:/127.0.0.1:55055 ! R:localhost/127.0.0.1:55048]
18:02:02.310 [AsyncHttpClient-1-1] DEBUG org.asynchttpclient.netty.channel.DefaultChannelPool - Closed 1 connections out of 2 in 0 ms
18:02:03.064 [AsyncHttpClient-1-17] DEBUG org.asynchttpclient.netty.handler.HttpHandler - Unexpected I/O exception on channel [id: 0xd8f3a16c, L:/127.0.0.1:55047 - R:localhost/127.0.0.1:57487]
java.io.IOException: Se ha forzado la interrupción de una conexión existente por el host remoto
	at sun.nio.ch.SocketDispatcher.read0(Native Method)
	at sun.nio.ch.SocketDispatcher.read(SocketDispatcher.java:43)
	at sun.nio.ch.IOUtil.readIntoNativeBuffer(IOUtil.java:223)
	at sun.nio.ch.IOUtil.read(IOUtil.java:192)
	at sun.nio.ch.SocketChannelImpl.read(SocketChannelImpl.java:380)
	at io.netty.buffer.PooledByteBuf.setBytes(PooledByteBuf.java:258)
	at io.netty.buffer.AbstractByteBuf.writeBytes(AbstractByteBuf.java:1132)
	at io.netty.channel.socket.nio.NioSocketChannel.doReadBytes(NioSocketChannel.java:350)
	at io.netty.channel.nio.AbstractNioByteChannel$NioByteUnsafe.read(AbstractNioByteChannel.java:151)
	at io.netty.channel.nio.NioEventLoop.processSelectedKey(NioEventLoop.java:722)
	at io.netty.channel.nio.NioEventLoop.processSelectedKeysOptimized(NioEventLoop.java:658)
	at io.netty.channel.nio.NioEventLoop.processSelectedKeys(NioEventLoop.java:584)
	at io.netty.channel.nio.NioEventLoop.run(NioEventLoop.java:496)
	at io.netty.util.concurrent.SingleThreadEventExecutor$4.run(SingleThreadEventExecutor.java:986)
	at io.netty.util.internal.ThreadExecutorMap$2.run(ThreadExecutorMap.java:74)
	at io.netty.util.concurrent.FastThreadLocalRunnable.run(FastThreadLocalRunnable.java:30)
	at java.lang.Thread.run(Thread.java:748)
18:02:03.064 [AsyncHttpClient-1-17] DEBUG org.asynchttpclient.netty.channel.ChannelManager - Closing Channel [id: 0xd8f3a16c, L:/127.0.0.1:55047 - R:localhost/127.0.0.1:57487] 
18:02:03.064 [AsyncHttpClient-1-17] DEBUG org.asynchttpclient.netty.handler.HttpHandler - Channel Closed: [id: 0xd8f3a16c, L:/127.0.0.1:55047 ! R:localhost/127.0.0.1:57487] with attribute DISCARD
18:02:03.134 [Test worker] DEBUG net.thucydides.core.reports.ReportService - Reporting formats: [JSON, HTML]
18:02:03.389 [Test worker] DEBUG net.thucydides.core.reports.ReportService - Reporting formats: [JSON, HTML]
18:02:03.410 [AsyncHttpClient-1-1] DEBUG org.asynchttpclient.netty.channel.DefaultChannelPool - Entry count for : http://localhost:57487 : 1
18:02:03.410 [AsyncHttpClient-1-1] DEBUG org.asynchttpclient.netty.channel.DefaultChannelPool - Adding Candidate expired Channel [id: 0xd8f3a16c, L:/127.0.0.1:55047 ! R:localhost/127.0.0.1:57487] isIdleTimeoutExpired=false isRemotelyClosed=true isTtlExpired=false
18:02:03.410 [AsyncHttpClient-1-1] DEBUG org.asynchttpclient.netty.channel.DefaultChannelPool - Closing Idle Channel [id: 0xd8f3a16c, L:/127.0.0.1:55047 ! R:localhost/127.0.0.1:57487]
18:02:03.410 [AsyncHttpClient-1-1] DEBUG org.asynchttpclient.netty.channel.DefaultChannelPool - Closed 1 connections out of 1 in 0 ms
18:02:03.429 [Test worker] DEBUG net.thucydides.core.reports.ReportService - Generating reports for 2 test outcomes using: net.thucydides.core.reports.json.JSONTestOutcomeReporter@38394dc3
18:02:03.431 [pool-1-thread-2] DEBUG net.thucydides.core.reports.ReportService - Processing test outcome verificar el login con diferentes usuarios:Verificar el ingreso con credenciales incorrectas
18:02:03.431 [pool-1-thread-1] DEBUG net.thucydides.core.reports.ReportService - Processing test outcome verificar el login con diferentes usuarios:Verificar el ingreso correcto con diferentes usuarios
18:02:03.432 [pool-1-thread-2] DEBUG net.thucydides.core.reports.ReportService - net.thucydides.core.reports.json.JSONTestOutcomeReporter@38394dc3: Generating report for test outcome: verificar el login con diferentes usuarios:Verificar el ingreso con credenciales incorrectas
18:02:03.432 [pool-1-thread-1] DEBUG net.thucydides.core.reports.ReportService - net.thucydides.core.reports.json.JSONTestOutcomeReporter@38394dc3: Generating report for test outcome: verificar el login con diferentes usuarios:Verificar el ingreso correcto con diferentes usuarios
18:02:03.441 [pool-1-thread-2] DEBUG net.thucydides.core.reports.json.JSONTestOutcomeReporter - Generating JSON report for Verificar el ingreso con credenciales incorrectas to file C:\Users\johan\OneDrive\Documentos\KONEX\Pruebas automatizadas\automatizacion_login_backoffice_1v\target\site\serenity\b31018e1b4af94450e72fc6908942b347bcacb20217adf170efa6d738d1b0a6c.json (using temp file C:\Users\johan\OneDrive\Documentos\KONEX\Pruebas automatizadas\automatizacion_login_backoffice_1v\target\site\serenity\b31018e1b4af94450e72fc6908942b347bcacb20217adf170efa6d738d1b0a6c.json1b0ec50e-0b88-4c9d-9195-07e2269e33d4)
18:02:03.441 [pool-1-thread-1] DEBUG net.thucydides.core.reports.json.JSONTestOutcomeReporter - Generating JSON report for Verificar el ingreso correcto con diferentes usuarios to file C:\Users\johan\OneDrive\Documentos\KONEX\Pruebas automatizadas\automatizacion_login_backoffice_1v\target\site\serenity\47fef8703e6cc3c40b4776b64b6bdff4a982480c6a3f3e18a6ee93b8d72e0d5f.json (using temp file C:\Users\johan\OneDrive\Documentos\KONEX\Pruebas automatizadas\automatizacion_login_backoffice_1v\target\site\serenity\47fef8703e6cc3c40b4776b64b6bdff4a982480c6a3f3e18a6ee93b8d72e0d5f.json63c8a7a8-cb85-40ce-b8f1-204635c1d5aa)
18:02:03.553 [pool-1-thread-2] DEBUG net.thucydides.core.reports.ReportService - Processing test outcome verificar el login con diferentes usuarios:Verificar el ingreso con credenciales incorrectas done
18:02:03.554 [pool-1-thread-1] DEBUG net.thucydides.core.reports.ReportService - Processing test outcome verificar el login con diferentes usuarios:Verificar el ingreso correcto con diferentes usuarios done
18:02:03.555 [Test worker] DEBUG net.thucydides.core.reports.ReportService - Shutting down executor service
18:02:03.555 [Test worker] DEBUG net.thucydides.core.reports.ReportService - Reports generated in: 126 ms
18:02:03.555 [Test worker] DEBUG net.thucydides.core.reports.ReportService - Generating reports for 2 test outcomes using: net.thucydides.core.reports.html.HtmlAcceptanceTestReporter@6e66b498
18:02:03.557 [pool-2-thread-1] DEBUG net.thucydides.core.reports.ReportService - Processing test outcome verificar el login con diferentes usuarios:Verificar el ingreso correcto con diferentes usuarios
18:02:03.557 [pool-2-thread-1] DEBUG net.thucydides.core.reports.ReportService - net.thucydides.core.reports.html.HtmlAcceptanceTestReporter@6e66b498: Generating report for test outcome: verificar el login con diferentes usuarios:Verificar el ingreso correcto con diferentes usuarios
18:02:03.557 [pool-2-thread-2] DEBUG net.thucydides.core.reports.ReportService - Processing test outcome verificar el login con diferentes usuarios:Verificar el ingreso con credenciales incorrectas
18:02:03.557 [pool-2-thread-2] DEBUG net.thucydides.core.reports.ReportService - net.thucydides.core.reports.html.HtmlAcceptanceTestReporter@6e66b498: Generating report for test outcome: verificar el login con diferentes usuarios:Verificar el ingreso con credenciales incorrectas
18:02:10.149 [pool-2-thread-2] DEBUG net.thucydides.core.reports.ReportService - Processing test outcome verificar el login con diferentes usuarios:Verificar el ingreso con credenciales incorrectas done
18:02:14.084 [pool-2-thread-1] DEBUG net.thucydides.core.reports.ReportService - Processing test outcome verificar el login con diferentes usuarios:Verificar el ingreso correcto con diferentes usuarios done
18:02:14.085 [Test worker] DEBUG net.thucydides.core.reports.ReportService - Shutting down executor service
18:02:14.085 [Test worker] DEBUG net.thucydides.core.reports.ReportService - Reports generated in: 10530 ms
18:02:14.307 [Test worker] DEBUG net.serenitybdd.core.photography.Darkroom - Closing darkroom
18:02:14.308 [Darkroom Processing Line] DEBUG net.serenitybdd.core.photography.DarkroomProcessingLine - Darkroom processing line shutting down
18:02:14.315 [Test worker] DEBUG net.serenitybdd.core.photography.Darkroom - Closing darkroom
]]></system-out>
  <system-err><![CDATA[Starting ChromeDriver 112.0.5615.49 (bd2a7bcb881c11e8cfe3078709382934e3916914-refs/branch-heads/5615@{#936}) on port 64683
Only local connections are allowed.
Please see https://chromedriver.chromium.org/security-considerations for suggestions on keeping ChromeDriver safe.
ChromeDriver was started successfully.
abr 11, 2023 6:00:16 PM org.openqa.selenium.remote.ProtocolHandshake createSession
INFORMACIÓN: Detected dialect: W3C
abr 11, 2023 6:00:17 PM org.openqa.selenium.devtools.CdpVersionFinder findNearestMatch
ADVERTENCIA: Unable to find an exact match for CDP version 112, so returning the closest version found: a no-op implementation
abr 11, 2023 6:00:17 PM org.openqa.selenium.devtools.CdpVersionFinder findNearestMatch
INFORMACIÓN: Unable to find CDP implementation matching 112.
abr 11, 2023 6:00:17 PM org.openqa.selenium.chromium.ChromiumDriver lambda$new$3
ADVERTENCIA: Unable to find version of CDP to use for . You may need to include a dependency on a specific version of the CDP using something similar to `org.seleniumhq.selenium:selenium-devtools-v86:4.1.2` where the version ("v86") matches the version of the chromium-based browser you're using and the version number of the artifact is the same as Selenium's.
Starting ChromeDriver 112.0.5615.49 (bd2a7bcb881c11e8cfe3078709382934e3916914-refs/branch-heads/5615@{#936}) on port 61495
Only local connections are allowed.
Please see https://chromedriver.chromium.org/security-considerations for suggestions on keeping ChromeDriver safe.
ChromeDriver was started successfully.
abr 11, 2023 6:00:40 PM org.openqa.selenium.remote.ProtocolHandshake createSession
INFORMACIÓN: Detected dialect: W3C
abr 11, 2023 6:00:40 PM org.openqa.selenium.devtools.CdpVersionFinder findNearestMatch
ADVERTENCIA: Unable to find an exact match for CDP version 112, so returning the closest version found: a no-op implementation
abr 11, 2023 6:00:40 PM org.openqa.selenium.devtools.CdpVersionFinder findNearestMatch
INFORMACIÓN: Unable to find CDP implementation matching 112.
abr 11, 2023 6:00:40 PM org.openqa.selenium.chromium.ChromiumDriver lambda$new$3
ADVERTENCIA: Unable to find version of CDP to use for . You may need to include a dependency on a specific version of the CDP using something similar to `org.seleniumhq.selenium:selenium-devtools-v86:4.1.2` where the version ("v86") matches the version of the chromium-based browser you're using and the version number of the artifact is the same as Selenium's.
Starting ChromeDriver 112.0.5615.49 (bd2a7bcb881c11e8cfe3078709382934e3916914-refs/branch-heads/5615@{#936}) on port 54018
Only local connections are allowed.
Please see https://chromedriver.chromium.org/security-considerations for suggestions on keeping ChromeDriver safe.
ChromeDriver was started successfully.
abr 11, 2023 6:01:01 PM org.openqa.selenium.remote.ProtocolHandshake createSession
INFORMACIÓN: Detected dialect: W3C
abr 11, 2023 6:01:01 PM org.openqa.selenium.devtools.CdpVersionFinder findNearestMatch
ADVERTENCIA: Unable to find an exact match for CDP version 112, so returning the closest version found: a no-op implementation
abr 11, 2023 6:01:01 PM org.openqa.selenium.devtools.CdpVersionFinder findNearestMatch
INFORMACIÓN: Unable to find CDP implementation matching 112.
abr 11, 2023 6:01:01 PM org.openqa.selenium.chromium.ChromiumDriver lambda$new$3
ADVERTENCIA: Unable to find version of CDP to use for . You may need to include a dependency on a specific version of the CDP using something similar to `org.seleniumhq.selenium:selenium-devtools-v86:4.1.2` where the version ("v86") matches the version of the chromium-based browser you're using and the version number of the artifact is the same as Selenium's.
Starting ChromeDriver 112.0.5615.49 (bd2a7bcb881c11e8cfe3078709382934e3916914-refs/branch-heads/5615@{#936}) on port 54903
Only local connections are allowed.
Please see https://chromedriver.chromium.org/security-considerations for suggestions on keeping ChromeDriver safe.
ChromeDriver was started successfully.
abr 11, 2023 6:01:19 PM org.openqa.selenium.remote.ProtocolHandshake createSession
INFORMACIÓN: Detected dialect: W3C
abr 11, 2023 6:01:19 PM org.openqa.selenium.devtools.CdpVersionFinder findNearestMatch
ADVERTENCIA: Unable to find an exact match for CDP version 112, so returning the closest version found: a no-op implementation
abr 11, 2023 6:01:19 PM org.openqa.selenium.devtools.CdpVersionFinder findNearestMatch
INFORMACIÓN: Unable to find CDP implementation matching 112.
abr 11, 2023 6:01:19 PM org.openqa.selenium.chromium.ChromiumDriver lambda$new$3
ADVERTENCIA: Unable to find version of CDP to use for . You may need to include a dependency on a specific version of the CDP using something similar to `org.seleniumhq.selenium:selenium-devtools-v86:4.1.2` where the version ("v86") matches the version of the chromium-based browser you're using and the version number of the artifact is the same as Selenium's.
Starting ChromeDriver 112.0.5615.49 (bd2a7bcb881c11e8cfe3078709382934e3916914-refs/branch-heads/5615@{#936}) on port 54752
Only local connections are allowed.
Please see https://chromedriver.chromium.org/security-considerations for suggestions on keeping ChromeDriver safe.
ChromeDriver was started successfully.
abr 11, 2023 6:01:34 PM org.openqa.selenium.remote.ProtocolHandshake createSession
INFORMACIÓN: Detected dialect: W3C
abr 11, 2023 6:01:34 PM org.openqa.selenium.devtools.CdpVersionFinder findNearestMatch
ADVERTENCIA: Unable to find an exact match for CDP version 112, so returning the closest version found: a no-op implementation
abr 11, 2023 6:01:34 PM org.openqa.selenium.devtools.CdpVersionFinder findNearestMatch
INFORMACIÓN: Unable to find CDP implementation matching 112.
abr 11, 2023 6:01:34 PM org.openqa.selenium.chromium.ChromiumDriver lambda$new$3
ADVERTENCIA: Unable to find version of CDP to use for . You may need to include a dependency on a specific version of the CDP using something similar to `org.seleniumhq.selenium:selenium-devtools-v86:4.1.2` where the version ("v86") matches the version of the chromium-based browser you're using and the version number of the artifact is the same as Selenium's.
Starting ChromeDriver 112.0.5615.49 (bd2a7bcb881c11e8cfe3078709382934e3916914-refs/branch-heads/5615@{#936}) on port 57487
Only local connections are allowed.
Please see https://chromedriver.chromium.org/security-considerations for suggestions on keeping ChromeDriver safe.
ChromeDriver was started successfully.
abr 11, 2023 6:01:51 PM org.openqa.selenium.remote.ProtocolHandshake createSession
INFORMACIÓN: Detected dialect: W3C
abr 11, 2023 6:01:51 PM org.openqa.selenium.devtools.CdpVersionFinder findNearestMatch
ADVERTENCIA: Unable to find an exact match for CDP version 112, so returning the closest version found: a no-op implementation
abr 11, 2023 6:01:51 PM org.openqa.selenium.devtools.CdpVersionFinder findNearestMatch
INFORMACIÓN: Unable to find CDP implementation matching 112.
abr 11, 2023 6:01:51 PM org.openqa.selenium.chromium.ChromiumDriver lambda$new$3
ADVERTENCIA: Unable to find version of CDP to use for . You may need to include a dependency on a specific version of the CDP using something similar to `org.seleniumhq.selenium:selenium-devtools-v86:4.1.2` where the version ("v86") matches the version of the chromium-based browser you're using and the version number of the artifact is the same as Selenium's.
]]></system-err>
</testsuite>
