<?xml version="1.0" encoding="UTF-8"?>
<testsuite name="co.com.konex.certification.login.backoffice.runners.RunnerTags" tests="1" skipped="0" failures="0" errors="0" timestamp="2023-04-14T14:44:49" hostname="DESKTOP-SECB7O7" time="35.005">
  <properties/>
  <testcase name="Validar la creacion correcta de un sorteo" classname="co.com.konex.certification.login.backoffice.runners.RunnerTags" time="35.005"/>
  <system-out><![CDATA[09:44:49.224 [Test worker] INFO io.cucumber.core.plugin.SerenityReporter - Running feature from file:///C:/Users/johan/OneDrive/Documentos/KONEX/Pruebas%20automatizadas/automatizacion_login_backoffice_1v/src/test/resources/features/admin_sorteo.feature
09:44:49.381 [Test worker] INFO  - 

-------------------------------------------------------------------------------------
     _______. _______ .______       _______ .__   __.  __  .___________.____    ____ 
    /       ||   ____||   _  \     |   ____||  \ |  | |  | |           |\   \  /   / 
   |   (----`|  |__   |  |_)  |    |  |__   |   \|  | |  | `---|  |----` \   \/   /  
    \   \    |   __|  |      /     |   __|  |  . `  | |  |     |  |       \_    _/   
.----)   |   |  |____ |  |\  \----.|  |____ |  |\   | |  |     |  |         |  |     
|_______/    |_______|| _| `._____||_______||__| \__| |__|     |__|         |__|    
                                                                                     
 News and tutorials at http://www.serenity-bdd.info                                  
 Documentation at https://wakaleo.gitbooks.io/the-serenity-book/content/             
 Join the Serenity Community on Gitter: https://gitter.im/serenity-bdd/serenity-core 
 Serenity BDD Support and Training at http://serenity-bdd.info/#/trainingandsupport  
-------------------------------------------------------------------------------------

09:44:49.391 [Test worker] DEBUG net.thucydides.core.steps.StepEventBus - Test suite started for story net.thucydides.core.model.Story@43db9883
09:44:49.398 [Test worker] INFO  - Test Suite Started: Administracion de sorteos
09:44:49.449 [Test worker] INFO io.cucumber.core.plugin.SerenityReporter - Running feature from file:///C:/Users/johan/OneDrive/Documentos/KONEX/Pruebas%20automatizadas/automatizacion_login_backoffice_1v/src/test/resources/features/admin_sorteo.feature
09:44:49.454 [Test worker] DEBUG net.thucydides.core.steps.StepEventBus - Test suite started for story net.thucydides.core.model.Story@43db9883
09:44:49.456 [Test worker] INFO  - Test Suite Started: Administracion de sorteos
09:44:49.637 [Test worker] INFO io.cucumber.core.plugin.SerenityReporter - Running feature from file:///C:/Users/johan/OneDrive/Documentos/KONEX/Pruebas%20automatizadas/automatizacion_login_backoffice_1v/src/test/resources/features/admin_sorteo.feature
09:44:49.674 [Test worker] INFO  - 
  _____   ___   ___   _____     ___   _____     _     ___   _____   ___   ___  
 |_   _| | __| / __| |_   _|   / __| |_   _|   /_\   | _ \ |_   _| | __| |   \ 
   | |   | _|  \__ \   | |     \__ \   | |    / _ \  |   /   | |   | _|  | |) |
   |_|   |___| |___/   |_|     |___/   |_|   /_/ \_\ |_|_\   |_|   |___| |___/ 

Validar la creacion correcta de un sorteo(administracion-de-sorteos;validar-la-creacion-correcta-de-un-sorteo)
--------------------------------------------------------------------------------
09:44:50.683 [Test worker] DEBUG net.thucydides.core.steps.StepInterceptor - STARTING STEP: AdminSorteoStepdefinitions.queElAdministradorSeEncuentreEnElBackoffice - performAs
09:44:50.723 [Test worker] DEBUG net.thucydides.core.steps.StepInterceptor - STARTING STEP: Abrir.performAs - {0} opens the #targetPage
09:44:50.852 [Test worker] INFO net.serenitybdd.core.webdriver.driverproviders.ChromeDriverProvider - Using automatically driver download
09:44:52.462 [Test worker] DEBUG io.github.bonigarcia.wdm.cache.ResolutionCache - Resolution chrome=112 in cache (valid until 10:19:53 14/04/2023 COT)
09:44:52.462 [Test worker] DEBUG io.github.bonigarcia.wdm.cache.ResolutionCache - Resolution chrome112=112.0.5615.49 in cache (valid until 14:07:42 14/04/2023 COT)
09:44:52.463 [Test worker] INFO io.github.bonigarcia.wdm.WebDriverManager - Using chromedriver 112.0.5615.49 (resolved driver for Chrome 112)
09:44:52.468 [Test worker] DEBUG io.github.bonigarcia.wdm.WebDriverManager - Driver chromedriver 112.0.5615.49 found in cache
09:44:52.469 [Test worker] INFO io.github.bonigarcia.wdm.WebDriverManager - Exporting webdriver.chrome.driver as C:\Users\johan\.cache\selenium\chromedriver\win32\112.0.5615.49\chromedriver.exe
09:44:52.591 [Test worker] DEBUG net.thucydides.core.reflection.ClassFinder - Could not load class .co.com.konex.certification.login.backoffice.runners.RunnerTags
09:44:52.591 [Test worker] DEBUG net.thucydides.core.reflection.ClassFinder - Could not load class .co.com.konex.certification.login.backoffice.stepdefinitions.AdminLoteriaStepdefinitions
09:44:52.591 [Test worker] DEBUG net.thucydides.core.reflection.ClassFinder - Could not load class .co.com.konex.certification.login.backoffice.stepdefinitions.AdminSorteoStepdefinitions
09:44:52.591 [Test worker] DEBUG net.thucydides.core.reflection.ClassFinder - Could not load class .co.com.konex.certification.login.backoffice.stepdefinitions.MyStepdefinitions
09:44:52.591 [Test worker] DEBUG net.thucydides.core.reflection.ClassFinder - Could not load class .co.com.konex.cetificacion.login.backoffice.Main
09:44:52.591 [Test worker] DEBUG net.thucydides.core.reflection.ClassFinder - Could not load class .co.com.konex.cetificacion.login.backoffice.model.TablaCrearSorteo
09:44:52.592 [Test worker] DEBUG net.thucydides.core.reflection.ClassFinder - Could not load class .co.com.konex.cetificacion.login.backoffice.model.TablaLoterias
09:44:52.592 [Test worker] DEBUG net.thucydides.core.reflection.ClassFinder - Could not load class .co.com.konex.cetificacion.login.backoffice.model.TablaUsuarios
09:44:52.592 [Test worker] DEBUG net.thucydides.core.reflection.ClassFinder - Could not load class .co.com.konex.cetificacion.login.backoffice.questions.Revisar
09:44:52.592 [Test worker] DEBUG net.thucydides.core.reflection.ClassFinder - Could not load class .co.com.konex.cetificacion.login.backoffice.questions.Validar
09:44:52.592 [Test worker] DEBUG net.thucydides.core.reflection.ClassFinder - Could not load class .co.com.konex.cetificacion.login.backoffice.questions.Verificar
09:44:52.593 [Test worker] DEBUG net.thucydides.core.reflection.ClassFinder - Could not load class .co.com.konex.cetificacion.login.backoffice.tasks.Abrir
09:44:52.593 [Test worker] DEBUG net.thucydides.core.reflection.ClassFinder - Could not load class .co.com.konex.cetificacion.login.backoffice.tasks.Clickear
09:44:52.593 [Test worker] DEBUG net.thucydides.core.reflection.ClassFinder - Could not load class .co.com.konex.cetificacion.login.backoffice.tasks.Crear
09:44:52.593 [Test worker] DEBUG net.thucydides.core.reflection.ClassFinder - Could not load class .co.com.konex.cetificacion.login.backoffice.tasks.Digitar
09:44:52.593 [Test worker] DEBUG net.thucydides.core.reflection.ClassFinder - Could not load class .co.com.konex.cetificacion.login.backoffice.tasks.Ingresar
09:44:52.593 [Test worker] DEBUG net.thucydides.core.reflection.ClassFinder - Could not load class .co.com.konex.cetificacion.login.backoffice.tasks.Llenar
09:44:52.594 [Test worker] DEBUG net.thucydides.core.reflection.ClassFinder - Could not load class .co.com.konex.cetificacion.login.backoffice.tasks.Presionar
09:44:52.594 [Test worker] DEBUG net.thucydides.core.reflection.ClassFinder - Could not load class .co.com.konex.cetificacion.login.backoffice.userinterfaces.ContenedorDeObjetosLogin
09:44:52.594 [Test worker] DEBUG net.thucydides.core.reflection.ClassFinder - Could not load class .co.com.konex.cetificacion.login.backoffice.userinterfaces.ContenedordeObjetosLoteria
09:44:52.594 [Test worker] DEBUG net.thucydides.core.reflection.ClassFinder - Could not load class .co.com.konex.cetificacion.login.backoffice.userinterfaces.ContenedordeObjetosSorteo
09:44:52.594 [Test worker] DEBUG net.thucydides.core.reflection.ClassFinder - Could not load class .co.com.konex.cetificacion.login.backoffice.userinterfaces.PaginaBackoffice
09:44:52.691 [Test worker] DEBUG net.serenitybdd.core.webdriver.driverproviders.ProvideNewDriver - Instantiating driver
09:44:52.691 [Test worker] DEBUG net.serenitybdd.core.webdriver.driverproviders.ProvideNewDriver - Driver capabilities: Capabilities {acceptInsecureCerts: false, autodownload: true, browserName: chrome, chrome.silentOutput: true, driver: chrome, goog:chromeOptions: {args: [--start-maximized --disable...], extensions: []}}
09:44:52.768 [Test worker] DEBUG io.netty.util.internal.logging.InternalLoggerFactory - Using SLF4J as the default logging framework
09:44:52.772 [Test worker] DEBUG io.netty.util.ResourceLeakDetector - -Dio.netty.leakDetection.level: simple
09:44:52.772 [Test worker] DEBUG io.netty.util.ResourceLeakDetector - -Dio.netty.leakDetection.targetRecords: 4
09:44:52.777 [Test worker] DEBUG io.netty.util.ResourceLeakDetectorFactory - Loaded default ResourceLeakDetector: io.netty.util.ResourceLeakDetector@2921199d
09:44:52.805 [Test worker] DEBUG io.netty.util.internal.PlatformDependent0 - -Dio.netty.noUnsafe: false
09:44:52.805 [Test worker] DEBUG io.netty.util.internal.PlatformDependent0 - Java version: 8
09:44:52.806 [Test worker] DEBUG io.netty.util.internal.PlatformDependent0 - sun.misc.Unsafe.theUnsafe: available
09:44:52.807 [Test worker] DEBUG io.netty.util.internal.PlatformDependent0 - sun.misc.Unsafe.copyMemory: available
09:44:52.808 [Test worker] DEBUG io.netty.util.internal.PlatformDependent0 - java.nio.Buffer.address: available
09:44:52.809 [Test worker] DEBUG io.netty.util.internal.PlatformDependent0 - direct buffer constructor: available
09:44:52.810 [Test worker] DEBUG io.netty.util.internal.PlatformDependent0 - java.nio.Bits.unaligned: available, true
09:44:52.810 [Test worker] DEBUG io.netty.util.internal.PlatformDependent0 - jdk.internal.misc.Unsafe.allocateUninitializedArray(int): unavailable prior to Java9
09:44:52.810 [Test worker] DEBUG io.netty.util.internal.PlatformDependent0 - java.nio.DirectByteBuffer.<init>(long, int): available
09:44:52.810 [Test worker] DEBUG io.netty.util.internal.PlatformDependent - sun.misc.Unsafe: available
09:44:52.811 [Test worker] DEBUG io.netty.util.internal.PlatformDependent - -Dio.netty.tmpdir: C:\Users\johan\AppData\Local\Temp (java.io.tmpdir)
09:44:52.811 [Test worker] DEBUG io.netty.util.internal.PlatformDependent - -Dio.netty.bitMode: 64 (sun.arch.data.model)
09:44:52.811 [Test worker] DEBUG io.netty.util.internal.PlatformDependent - Platform: Windows
09:44:52.813 [Test worker] DEBUG io.netty.util.internal.PlatformDependent - -Dio.netty.maxDirectMemory: 477626368 bytes
09:44:52.813 [Test worker] DEBUG io.netty.util.internal.PlatformDependent - -Dio.netty.uninitializedArrayAllocationThreshold: -1
09:44:52.815 [Test worker] DEBUG io.netty.util.internal.CleanerJava6 - java.nio.ByteBuffer.cleaner(): available
09:44:52.815 [Test worker] DEBUG io.netty.util.internal.PlatformDependent - -Dio.netty.noPreferDirect: false
09:44:52.828 [Test worker] DEBUG io.netty.util.internal.PlatformDependent - org.jctools-core.MpscChunkedArrayQueue: available
09:44:52.856 [Test worker] DEBUG io.netty.util.internal.InternalThreadLocalMap - -Dio.netty.threadLocalMap.stringBuilder.initialSize: 1024
09:44:52.856 [Test worker] DEBUG io.netty.util.internal.InternalThreadLocalMap - -Dio.netty.threadLocalMap.stringBuilder.maxSize: 4096
09:44:52.891 [Test worker] DEBUG io.netty.handler.ssl.JdkSslContext - Default protocols (JDK): [TLSv1.2, TLSv1.1, TLSv1] 
09:44:52.891 [Test worker] DEBUG io.netty.handler.ssl.JdkSslContext - Default cipher suites (JDK): [TLS_ECDHE_ECDSA_WITH_AES_256_GCM_SHA384, TLS_ECDHE_ECDSA_WITH_AES_128_GCM_SHA256, TLS_ECDHE_RSA_WITH_AES_128_GCM_SHA256, TLS_ECDHE_RSA_WITH_AES_256_GCM_SHA384, TLS_ECDHE_RSA_WITH_AES_128_CBC_SHA, TLS_ECDHE_RSA_WITH_AES_256_CBC_SHA, TLS_RSA_WITH_AES_128_GCM_SHA256, TLS_RSA_WITH_AES_128_CBC_SHA, TLS_RSA_WITH_AES_256_CBC_SHA]
09:44:52.928 [Test worker] DEBUG io.netty.channel.MultithreadEventLoopGroup - -Dio.netty.eventLoopThreads: 16
09:44:52.938 [Test worker] DEBUG io.netty.channel.nio.NioEventLoop - -Dio.netty.noKeySetOptimization: false
09:44:52.938 [Test worker] DEBUG io.netty.channel.nio.NioEventLoop - -Dio.netty.selectorAutoRebuildThreshold: 512
09:44:52.993 [Test worker] DEBUG io.netty.buffer.PooledByteBufAllocator - -Dio.netty.allocator.numHeapArenas: 1
09:44:52.993 [Test worker] DEBUG io.netty.buffer.PooledByteBufAllocator - -Dio.netty.allocator.numDirectArenas: 1
09:44:52.993 [Test worker] DEBUG io.netty.buffer.PooledByteBufAllocator - -Dio.netty.allocator.pageSize: 8192
09:44:52.993 [Test worker] DEBUG io.netty.buffer.PooledByteBufAllocator - -Dio.netty.allocator.maxOrder: 11
09:44:52.993 [Test worker] DEBUG io.netty.buffer.PooledByteBufAllocator - -Dio.netty.allocator.chunkSize: 16777216
09:44:52.993 [Test worker] DEBUG io.netty.buffer.PooledByteBufAllocator - -Dio.netty.allocator.smallCacheSize: 256
09:44:52.993 [Test worker] DEBUG io.netty.buffer.PooledByteBufAllocator - -Dio.netty.allocator.normalCacheSize: 64
09:44:52.994 [Test worker] DEBUG io.netty.buffer.PooledByteBufAllocator - -Dio.netty.allocator.maxCachedBufferCapacity: 32768
09:44:52.994 [Test worker] DEBUG io.netty.buffer.PooledByteBufAllocator - -Dio.netty.allocator.cacheTrimInterval: 8192
09:44:52.994 [Test worker] DEBUG io.netty.buffer.PooledByteBufAllocator - -Dio.netty.allocator.cacheTrimIntervalMillis: 600000
09:44:52.994 [Test worker] DEBUG io.netty.buffer.PooledByteBufAllocator - -Dio.netty.allocator.useCacheForAllThreads: false
09:44:52.994 [Test worker] DEBUG io.netty.buffer.PooledByteBufAllocator - -Dio.netty.allocator.maxCachedByteBuffersPerChunk: 1023
09:44:53.019 [Test worker] DEBUG io.netty.buffer.ByteBufUtil - -Dio.netty.allocator.type: pooled
09:44:53.019 [Test worker] DEBUG io.netty.buffer.ByteBufUtil - -Dio.netty.threadLocalDirectBufferSize: 0
09:44:53.019 [Test worker] DEBUG io.netty.buffer.ByteBufUtil - -Dio.netty.maxThreadLocalCharBufferSize: 16384
09:44:54.819 [Forwarding newSession on session null to remote] DEBUG io.netty.channel.DefaultChannelId - -Dio.netty.processId: 6785 (user-set)
09:44:54.821 [Forwarding newSession on session null to remote] DEBUG io.netty.channel.DefaultChannelId - -Dio.netty.machineId: 28:f0:76:ff:fe:16:65:0e (user-set)
09:44:55.033 [AsyncHttpClient-1-2] DEBUG io.netty.buffer.AbstractByteBuf - -Dio.netty.buffer.checkAccessible: true
09:44:55.034 [AsyncHttpClient-1-2] DEBUG io.netty.buffer.AbstractByteBuf - -Dio.netty.buffer.checkBounds: true
09:44:55.034 [AsyncHttpClient-1-2] DEBUG io.netty.util.ResourceLeakDetectorFactory - Loaded default ResourceLeakDetector: io.netty.util.ResourceLeakDetector@576fa768
09:44:55.086 [AsyncHttpClient-1-2] DEBUG org.asynchttpclient.netty.channel.NettyConnectListener - Using new Channel '[id: 0x1a7bf238, L:/127.0.0.1:52501 - R:localhost/127.0.0.1:51630]' for 'POST' to '/session'
09:44:55.154 [AsyncHttpClient-1-2] DEBUG io.netty.util.Recycler - -Dio.netty.recycler.maxCapacityPerThread: 4096
09:44:55.154 [AsyncHttpClient-1-2] DEBUG io.netty.util.Recycler - -Dio.netty.recycler.ratio: 8
09:44:55.154 [AsyncHttpClient-1-2] DEBUG io.netty.util.Recycler - -Dio.netty.recycler.chunkSize: 32
09:44:55.154 [AsyncHttpClient-1-2] DEBUG io.netty.util.Recycler - -Dio.netty.recycler.blocking: false
09:44:56.764 [AsyncHttpClient-1-2] DEBUG io.netty.handler.codec.compression.Brotli - brotli4j not in the classpath; Brotli support will be unavailable.
09:44:56.764 [AsyncHttpClient-1-2] DEBUG org.asynchttpclient.netty.handler.HttpHandler - 

Request DefaultHttpRequest(decodeResult: success, version: HTTP/1.1)
POST /session HTTP/1.1
User-Agent: selenium/4.1.2 (java windows)
Content-Length: 776
Content-Type: application/json; charset=utf-8
host: localhost:51630
accept: */*

Response DefaultHttpResponse(decodeResult: success, version: HTTP/1.1)
HTTP/1.1 200 OK
Content-Type: application/json; charset=utf-8
cache-control: no-cache
content-length: 859

09:44:56.777 [AsyncHttpClient-1-2] DEBUG org.asynchttpclient.netty.channel.ChannelManager - Adding key: http://localhost:51630 for channel [id: 0x1a7bf238, L:/127.0.0.1:52501 - R:localhost/127.0.0.1:51630]
09:44:56.888 [AsyncHttpClient-1-3] DEBUG org.asynchttpclient.netty.channel.NettyConnectListener - Using new Channel '[id: 0x21857ee2, L:/127.0.0.1:52509 - R:localhost/127.0.0.1:52503]' for 'GET' to '/json/version'
09:44:56.890 [AsyncHttpClient-1-3] DEBUG org.asynchttpclient.netty.handler.HttpHandler - 

Request DefaultFullHttpRequest(decodeResult: success, version: HTTP/1.1, content: EmptyByteBufBE)
GET /json/version HTTP/1.1
User-Agent: selenium/4.1.2 (java windows)
host: localhost:52503
accept: */*

Response DefaultHttpResponse(decodeResult: success, version: HTTP/1.1)
HTTP/1.1 200 OK
Content-Security-Policy: frame-ancestors 'none'
Content-Type: application/json; charset=UTF-8
content-length: 422

09:44:56.890 [AsyncHttpClient-1-3] DEBUG org.asynchttpclient.netty.channel.ChannelManager - Adding key: http://localhost:52503 for channel [id: 0x21857ee2, L:/127.0.0.1:52509 - R:localhost/127.0.0.1:52503]
09:44:56.900 [Test worker] DEBUG io.netty.util.internal.ThreadLocalRandom - -Dio.netty.initialSeedUniquifier: 0x0edd0148118e3a55
09:44:56.907 [AsyncHttpClient-1-4] DEBUG org.asynchttpclient.netty.channel.NettyConnectListener - Using new Channel '[id: 0xbbd944df, L:/127.0.0.1:52510 - R:localhost/127.0.0.1:52503]' for 'GET' to '/devtools/browser/5886a848-268a-4abb-afc4-f48a91480b73'
09:44:56.908 [AsyncHttpClient-1-4] DEBUG org.asynchttpclient.netty.handler.WebSocketHandler - 

Request DefaultFullHttpRequest(decodeResult: success, version: HTTP/1.1, content: EmptyByteBufBE)
GET /devtools/browser/5886a848-268a-4abb-afc4-f48a91480b73 HTTP/1.1
upgrade: websocket
connection: upgrade
sec-websocket-key: QKe/rCcjs6aNtaas20CXiA==
sec-websocket-version: 13
origin: http://localhost:52503
host: localhost:52503
accept: */*
user-agent: AHC/2.1

Response DefaultHttpResponse(decodeResult: success, version: HTTP/1.1)
HTTP/1.1 101 WebSocket Protocol Handshake
Upgrade: WebSocket
Connection: Upgrade
Sec-WebSocket-Accept: CAWDQRBs2p9IjEa1czrp5ZS5BoM=

09:44:57.115 [Test worker] DEBUG net.thucydides.core.reflection.ClassFinder - Could not load class .co.com.konex.certification.login.backoffice.runners.RunnerTags
09:44:57.116 [Test worker] DEBUG net.thucydides.core.reflection.ClassFinder - Could not load class .co.com.konex.certification.login.backoffice.stepdefinitions.AdminLoteriaStepdefinitions
09:44:57.116 [Test worker] DEBUG net.thucydides.core.reflection.ClassFinder - Could not load class .co.com.konex.certification.login.backoffice.stepdefinitions.AdminSorteoStepdefinitions
09:44:57.116 [Test worker] DEBUG net.thucydides.core.reflection.ClassFinder - Could not load class .co.com.konex.certification.login.backoffice.stepdefinitions.MyStepdefinitions
09:44:57.116 [Test worker] DEBUG net.thucydides.core.reflection.ClassFinder - Could not load class .co.com.konex.cetificacion.login.backoffice.Main
09:44:57.116 [Test worker] DEBUG net.thucydides.core.reflection.ClassFinder - Could not load class .co.com.konex.cetificacion.login.backoffice.model.TablaCrearSorteo
09:44:57.116 [Test worker] DEBUG net.thucydides.core.reflection.ClassFinder - Could not load class .co.com.konex.cetificacion.login.backoffice.model.TablaLoterias
09:44:57.116 [Test worker] DEBUG net.thucydides.core.reflection.ClassFinder - Could not load class .co.com.konex.cetificacion.login.backoffice.model.TablaUsuarios
09:44:57.116 [Test worker] DEBUG net.thucydides.core.reflection.ClassFinder - Could not load class .co.com.konex.cetificacion.login.backoffice.questions.Revisar
09:44:57.117 [Test worker] DEBUG net.thucydides.core.reflection.ClassFinder - Could not load class .co.com.konex.cetificacion.login.backoffice.questions.Validar
09:44:57.117 [Test worker] DEBUG net.thucydides.core.reflection.ClassFinder - Could not load class .co.com.konex.cetificacion.login.backoffice.questions.Verificar
09:44:57.117 [Test worker] DEBUG net.thucydides.core.reflection.ClassFinder - Could not load class .co.com.konex.cetificacion.login.backoffice.tasks.Abrir
09:44:57.117 [Test worker] DEBUG net.thucydides.core.reflection.ClassFinder - Could not load class .co.com.konex.cetificacion.login.backoffice.tasks.Clickear
09:44:57.117 [Test worker] DEBUG net.thucydides.core.reflection.ClassFinder - Could not load class .co.com.konex.cetificacion.login.backoffice.tasks.Crear
09:44:57.117 [Test worker] DEBUG net.thucydides.core.reflection.ClassFinder - Could not load class .co.com.konex.cetificacion.login.backoffice.tasks.Digitar
09:44:57.117 [Test worker] DEBUG net.thucydides.core.reflection.ClassFinder - Could not load class .co.com.konex.cetificacion.login.backoffice.tasks.Ingresar
09:44:57.118 [Test worker] DEBUG net.thucydides.core.reflection.ClassFinder - Could not load class .co.com.konex.cetificacion.login.backoffice.tasks.Llenar
09:44:57.118 [Test worker] DEBUG net.thucydides.core.reflection.ClassFinder - Could not load class .co.com.konex.cetificacion.login.backoffice.tasks.Presionar
09:44:57.118 [Test worker] DEBUG net.thucydides.core.reflection.ClassFinder - Could not load class .co.com.konex.cetificacion.login.backoffice.userinterfaces.ContenedorDeObjetosLogin
09:44:57.118 [Test worker] DEBUG net.thucydides.core.reflection.ClassFinder - Could not load class .co.com.konex.cetificacion.login.backoffice.userinterfaces.ContenedordeObjetosLoteria
09:44:57.118 [Test worker] DEBUG net.thucydides.core.reflection.ClassFinder - Could not load class .co.com.konex.cetificacion.login.backoffice.userinterfaces.ContenedordeObjetosSorteo
09:44:57.118 [Test worker] DEBUG net.thucydides.core.reflection.ClassFinder - Could not load class .co.com.konex.cetificacion.login.backoffice.userinterfaces.PaginaBackoffice
09:44:57.125 [Forwarding get on session 6626572912d7dee2ecd67c17986ddc0f to remote] DEBUG org.asynchttpclient.netty.request.NettyRequestSender - Using pooled Channel '[id: 0x1a7bf238, L:/127.0.0.1:52501 - R:localhost/127.0.0.1:51630]' for 'POST' to 'http://localhost:51630/session/6626572912d7dee2ecd67c17986ddc0f/url'
09:44:57.126 [Forwarding get on session 6626572912d7dee2ecd67c17986ddc0f to remote] DEBUG org.asynchttpclient.netty.request.NettyRequestSender - Using open Channel [id: 0x1a7bf238, L:/127.0.0.1:52501 - R:localhost/127.0.0.1:51630] for POST '/session/6626572912d7dee2ecd67c17986ddc0f/url'
09:44:57.242 [AsyncHttpClient-1-1] DEBUG org.asynchttpclient.netty.channel.DefaultChannelPool - Entry count for : http://localhost:52503 : 1
09:44:58.535 [AsyncHttpClient-1-1] DEBUG org.asynchttpclient.netty.channel.DefaultChannelPool - Entry count for : http://localhost:52503 : 1
09:44:58.631 [AsyncHttpClient-1-2] DEBUG org.asynchttpclient.netty.handler.HttpHandler - 

Request DefaultHttpRequest(decodeResult: success, version: HTTP/1.1)
POST /session/6626572912d7dee2ecd67c17986ddc0f/url HTTP/1.1
User-Agent: selenium/4.1.2 (java windows)
Content-Length: 80
Content-Type: application/json; charset=utf-8
host: localhost:51630
accept: */*

Response DefaultHttpResponse(decodeResult: success, version: HTTP/1.1)
HTTP/1.1 200 OK
Content-Type: application/json; charset=utf-8
cache-control: no-cache
content-length: 14

09:44:58.633 [AsyncHttpClient-1-2] DEBUG org.asynchttpclient.netty.channel.ChannelManager - Adding key: http://localhost:51630 for channel [id: 0x1a7bf238, L:/127.0.0.1:52501 - R:localhost/127.0.0.1:51630]
09:44:58.642 [Forwarding setTimeout on session 6626572912d7dee2ecd67c17986ddc0f to remote] DEBUG org.asynchttpclient.netty.request.NettyRequestSender - Using pooled Channel '[id: 0x1a7bf238, L:/127.0.0.1:52501 - R:localhost/127.0.0.1:51630]' for 'POST' to 'http://localhost:51630/session/6626572912d7dee2ecd67c17986ddc0f/timeouts'
09:44:58.642 [Forwarding setTimeout on session 6626572912d7dee2ecd67c17986ddc0f to remote] DEBUG org.asynchttpclient.netty.request.NettyRequestSender - Using open Channel [id: 0x1a7bf238, L:/127.0.0.1:52501 - R:localhost/127.0.0.1:51630] for POST '/session/6626572912d7dee2ecd67c17986ddc0f/timeouts'
09:44:58.645 [AsyncHttpClient-1-2] DEBUG org.asynchttpclient.netty.handler.HttpHandler - 

Request DefaultHttpRequest(decodeResult: success, version: HTTP/1.1)
POST /session/6626572912d7dee2ecd67c17986ddc0f/timeouts HTTP/1.1
User-Agent: selenium/4.1.2 (java windows)
Content-Length: 22
Content-Type: application/json; charset=utf-8
host: localhost:51630
accept: */*

Response DefaultHttpResponse(decodeResult: success, version: HTTP/1.1)
HTTP/1.1 200 OK
Content-Type: application/json; charset=utf-8
cache-control: no-cache
content-length: 14

09:44:58.646 [AsyncHttpClient-1-2] DEBUG org.asynchttpclient.netty.channel.ChannelManager - Adding key: http://localhost:51630 for channel [id: 0x1a7bf238, L:/127.0.0.1:52501 - R:localhost/127.0.0.1:51630]
09:44:58.694 [Forwarding getCurrentUrl on session 6626572912d7dee2ecd67c17986ddc0f to remote] DEBUG org.asynchttpclient.netty.request.NettyRequestSender - Using pooled Channel '[id: 0x1a7bf238, L:/127.0.0.1:52501 - R:localhost/127.0.0.1:51630]' for 'GET' to 'http://localhost:51630/session/6626572912d7dee2ecd67c17986ddc0f/url'
09:44:58.694 [Forwarding getCurrentUrl on session 6626572912d7dee2ecd67c17986ddc0f to remote] DEBUG org.asynchttpclient.netty.request.NettyRequestSender - Using open Channel [id: 0x1a7bf238, L:/127.0.0.1:52501 - R:localhost/127.0.0.1:51630] for GET '/session/6626572912d7dee2ecd67c17986ddc0f/url'
09:44:58.704 [AsyncHttpClient-1-2] DEBUG org.asynchttpclient.netty.handler.HttpHandler - 

Request DefaultFullHttpRequest(decodeResult: success, version: HTTP/1.1, content: EmptyByteBufBE)
GET /session/6626572912d7dee2ecd67c17986ddc0f/url HTTP/1.1
User-Agent: selenium/4.1.2 (java windows)
Cache-Control: no-cache
Content-Type: application/json; charset=utf-8
host: localhost:51630
accept: */*

Response DefaultHttpResponse(decodeResult: success, version: HTTP/1.1)
HTTP/1.1 200 OK
Content-Type: application/json; charset=utf-8
cache-control: no-cache
content-length: 57

09:44:58.705 [AsyncHttpClient-1-2] DEBUG org.asynchttpclient.netty.channel.ChannelManager - Adding key: http://localhost:51630 for channel [id: 0x1a7bf238, L:/127.0.0.1:52501 - R:localhost/127.0.0.1:51630]
09:44:58.749 [Forwarding getCurrentUrl on session 6626572912d7dee2ecd67c17986ddc0f to remote] DEBUG org.asynchttpclient.netty.request.NettyRequestSender - Using pooled Channel '[id: 0x1a7bf238, L:/127.0.0.1:52501 - R:localhost/127.0.0.1:51630]' for 'GET' to 'http://localhost:51630/session/6626572912d7dee2ecd67c17986ddc0f/url'
09:44:58.750 [Forwarding getCurrentUrl on session 6626572912d7dee2ecd67c17986ddc0f to remote] DEBUG org.asynchttpclient.netty.request.NettyRequestSender - Using open Channel [id: 0x1a7bf238, L:/127.0.0.1:52501 - R:localhost/127.0.0.1:51630] for GET '/session/6626572912d7dee2ecd67c17986ddc0f/url'
09:44:58.757 [AsyncHttpClient-1-2] DEBUG org.asynchttpclient.netty.handler.HttpHandler - 

Request DefaultFullHttpRequest(decodeResult: success, version: HTTP/1.1, content: EmptyByteBufBE)
GET /session/6626572912d7dee2ecd67c17986ddc0f/url HTTP/1.1
User-Agent: selenium/4.1.2 (java windows)
Cache-Control: no-cache
Content-Type: application/json; charset=utf-8
host: localhost:51630
accept: */*

Response DefaultHttpResponse(decodeResult: success, version: HTTP/1.1)
HTTP/1.1 200 OK
Content-Type: application/json; charset=utf-8
cache-control: no-cache
content-length: 57

09:44:58.758 [AsyncHttpClient-1-2] DEBUG org.asynchttpclient.netty.channel.ChannelManager - Adding key: http://localhost:51630 for channel [id: 0x1a7bf238, L:/127.0.0.1:52501 - R:localhost/127.0.0.1:51630]
09:44:58.819 [Test worker] DEBUG net.serenitybdd.core.photography.Darkroom - Opening darkroom
09:44:58.820 [Darkroom Processing Line] DEBUG net.serenitybdd.core.photography.DarkroomProcessingLine - Darkroom processing line starting up
09:44:58.824 [Forwarding screenshot on session 6626572912d7dee2ecd67c17986ddc0f to remote] DEBUG org.asynchttpclient.netty.request.NettyRequestSender - Using pooled Channel '[id: 0x1a7bf238, L:/127.0.0.1:52501 - R:localhost/127.0.0.1:51630]' for 'GET' to 'http://localhost:51630/session/6626572912d7dee2ecd67c17986ddc0f/screenshot'
09:44:58.825 [Forwarding screenshot on session 6626572912d7dee2ecd67c17986ddc0f to remote] DEBUG org.asynchttpclient.netty.request.NettyRequestSender - Using open Channel [id: 0x1a7bf238, L:/127.0.0.1:52501 - R:localhost/127.0.0.1:51630] for GET '/session/6626572912d7dee2ecd67c17986ddc0f/screenshot'
09:44:59.248 [AsyncHttpClient-1-2] DEBUG org.asynchttpclient.netty.handler.HttpHandler - 

Request DefaultFullHttpRequest(decodeResult: success, version: HTTP/1.1, content: EmptyByteBufBE)
GET /session/6626572912d7dee2ecd67c17986ddc0f/screenshot HTTP/1.1
User-Agent: selenium/4.1.2 (java windows)
Cache-Control: no-cache
Content-Type: application/json; charset=utf-8
host: localhost:51630
accept: */*

Response DefaultHttpResponse(decodeResult: success, version: HTTP/1.1)
HTTP/1.1 200 OK
Content-Type: application/json; charset=utf-8
cache-control: no-cache
content-length: 379740

09:44:59.257 [AsyncHttpClient-1-2] DEBUG org.asynchttpclient.netty.channel.ChannelManager - Adding key: http://localhost:51630 for channel [id: 0x1a7bf238, L:/127.0.0.1:52501 - R:localhost/127.0.0.1:51630]
09:44:59.517 [Test worker] DEBUG net.serenitybdd.core.photography.Darkroom - Send negative for processing for C:\Users\johan\OneDrive\Documentos\KONEX\Pruebas automatizadas\automatizacion_login_backoffice_1v\target\site\serenity\2906e0e514c90d11ffaf03067b12110de544ee879fa76ed63b517fad1e2e3380.png
09:44:59.525 [Test worker] DEBUG net.thucydides.core.steps.StepInterceptor - STEP DONE: {0} opens the #targetPage
09:44:59.582 [Forwarding screenshot on session 6626572912d7dee2ecd67c17986ddc0f to remote] DEBUG org.asynchttpclient.netty.request.NettyRequestSender - Using pooled Channel '[id: 0x1a7bf238, L:/127.0.0.1:52501 - R:localhost/127.0.0.1:51630]' for 'GET' to 'http://localhost:51630/session/6626572912d7dee2ecd67c17986ddc0f/screenshot'
09:44:59.582 [Forwarding screenshot on session 6626572912d7dee2ecd67c17986ddc0f to remote] DEBUG org.asynchttpclient.netty.request.NettyRequestSender - Using open Channel [id: 0x1a7bf238, L:/127.0.0.1:52501 - R:localhost/127.0.0.1:51630] for GET '/session/6626572912d7dee2ecd67c17986ddc0f/screenshot'
09:44:59.636 [AsyncHttpClient-1-1] DEBUG org.asynchttpclient.netty.channel.DefaultChannelPool - Entry count for : http://localhost:52503 : 1
09:44:59.952 [AsyncHttpClient-1-2] DEBUG org.asynchttpclient.netty.handler.HttpHandler - 

Request DefaultFullHttpRequest(decodeResult: success, version: HTTP/1.1, content: EmptyByteBufBE)
GET /session/6626572912d7dee2ecd67c17986ddc0f/screenshot HTTP/1.1
User-Agent: selenium/4.1.2 (java windows)
Cache-Control: no-cache
Content-Type: application/json; charset=utf-8
host: localhost:51630
accept: */*

Response DefaultHttpResponse(decodeResult: success, version: HTTP/1.1)
HTTP/1.1 200 OK
Content-Type: application/json; charset=utf-8
cache-control: no-cache
content-length: 379772

09:44:59.958 [AsyncHttpClient-1-2] DEBUG org.asynchttpclient.netty.channel.ChannelManager - Adding key: http://localhost:51630 for channel [id: 0x1a7bf238, L:/127.0.0.1:52501 - R:localhost/127.0.0.1:51630]
09:44:59.989 [Test worker] DEBUG net.serenitybdd.core.photography.Darkroom - Send negative for processing for C:\Users\johan\OneDrive\Documentos\KONEX\Pruebas automatizadas\automatizacion_login_backoffice_1v\target\site\serenity\827eba772fc8c0a7b9dfb33684fbbfab2dbf1f790c8339d229e180e243a6dda7.png
09:44:59.989 [Test worker] DEBUG net.thucydides.core.steps.StepInterceptor - STEP DONE: performAs
09:45:00.049 [Forwarding screenshot on session 6626572912d7dee2ecd67c17986ddc0f to remote] DEBUG org.asynchttpclient.netty.request.NettyRequestSender - Using pooled Channel '[id: 0x1a7bf238, L:/127.0.0.1:52501 - R:localhost/127.0.0.1:51630]' for 'GET' to 'http://localhost:51630/session/6626572912d7dee2ecd67c17986ddc0f/screenshot'
09:45:00.049 [Forwarding screenshot on session 6626572912d7dee2ecd67c17986ddc0f to remote] DEBUG org.asynchttpclient.netty.request.NettyRequestSender - Using open Channel [id: 0x1a7bf238, L:/127.0.0.1:52501 - R:localhost/127.0.0.1:51630] for GET '/session/6626572912d7dee2ecd67c17986ddc0f/screenshot'
09:45:00.428 [AsyncHttpClient-1-2] DEBUG org.asynchttpclient.netty.handler.HttpHandler - 

Request DefaultFullHttpRequest(decodeResult: success, version: HTTP/1.1, content: EmptyByteBufBE)
GET /session/6626572912d7dee2ecd67c17986ddc0f/screenshot HTTP/1.1
User-Agent: selenium/4.1.2 (java windows)
Cache-Control: no-cache
Content-Type: application/json; charset=utf-8
host: localhost:51630
accept: */*

Response DefaultHttpResponse(decodeResult: success, version: HTTP/1.1)
HTTP/1.1 200 OK
Content-Type: application/json; charset=utf-8
cache-control: no-cache
content-length: 379740

09:45:00.434 [AsyncHttpClient-1-2] DEBUG org.asynchttpclient.netty.channel.ChannelManager - Adding key: http://localhost:51630 for channel [id: 0x1a7bf238, L:/127.0.0.1:52501 - R:localhost/127.0.0.1:51630]
09:45:00.462 [Test worker] DEBUG net.serenitybdd.core.photography.Darkroom - Send negative for processing for C:\Users\johan\OneDrive\Documentos\KONEX\Pruebas automatizadas\automatizacion_login_backoffice_1v\target\site\serenity\2906e0e514c90d11ffaf03067b12110de544ee879fa76ed63b517fad1e2e3380.png
09:45:00.545 [Forwarding screenshot on session 6626572912d7dee2ecd67c17986ddc0f to remote] DEBUG org.asynchttpclient.netty.request.NettyRequestSender - Using pooled Channel '[id: 0x1a7bf238, L:/127.0.0.1:52501 - R:localhost/127.0.0.1:51630]' for 'GET' to 'http://localhost:51630/session/6626572912d7dee2ecd67c17986ddc0f/screenshot'
09:45:00.545 [Forwarding screenshot on session 6626572912d7dee2ecd67c17986ddc0f to remote] DEBUG org.asynchttpclient.netty.request.NettyRequestSender - Using open Channel [id: 0x1a7bf238, L:/127.0.0.1:52501 - R:localhost/127.0.0.1:51630] for GET '/session/6626572912d7dee2ecd67c17986ddc0f/screenshot'
09:45:00.744 [AsyncHttpClient-1-1] DEBUG org.asynchttpclient.netty.channel.DefaultChannelPool - Entry count for : http://localhost:52503 : 1
09:45:00.945 [AsyncHttpClient-1-2] DEBUG org.asynchttpclient.netty.handler.HttpHandler - 

Request DefaultFullHttpRequest(decodeResult: success, version: HTTP/1.1, content: EmptyByteBufBE)
GET /session/6626572912d7dee2ecd67c17986ddc0f/screenshot HTTP/1.1
User-Agent: selenium/4.1.2 (java windows)
Cache-Control: no-cache
Content-Type: application/json; charset=utf-8
host: localhost:51630
accept: */*

Response DefaultHttpResponse(decodeResult: success, version: HTTP/1.1)
HTTP/1.1 200 OK
Content-Type: application/json; charset=utf-8
cache-control: no-cache
content-length: 379772

09:45:00.955 [AsyncHttpClient-1-2] DEBUG org.asynchttpclient.netty.channel.ChannelManager - Adding key: http://localhost:51630 for channel [id: 0x1a7bf238, L:/127.0.0.1:52501 - R:localhost/127.0.0.1:51630]
09:45:01.028 [Test worker] DEBUG net.serenitybdd.core.photography.Darkroom - Send negative for processing for C:\Users\johan\OneDrive\Documentos\KONEX\Pruebas automatizadas\automatizacion_login_backoffice_1v\target\site\serenity\827eba772fc8c0a7b9dfb33684fbbfab2dbf1f790c8339d229e180e243a6dda7.png
09:45:01.031 [Test worker] DEBUG net.thucydides.core.steps.StepInterceptor - STARTING STEP: AdminSorteoStepdefinitions.seLogueaConUsuarioYContrasenna - performAs
09:45:01.308 [Forwarding screenshot on session 6626572912d7dee2ecd67c17986ddc0f to remote] DEBUG org.asynchttpclient.netty.request.NettyRequestSender - Using pooled Channel '[id: 0x1a7bf238, L:/127.0.0.1:52501 - R:localhost/127.0.0.1:51630]' for 'GET' to 'http://localhost:51630/session/6626572912d7dee2ecd67c17986ddc0f/screenshot'
09:45:01.308 [Forwarding screenshot on session 6626572912d7dee2ecd67c17986ddc0f to remote] DEBUG org.asynchttpclient.netty.request.NettyRequestSender - Using open Channel [id: 0x1a7bf238, L:/127.0.0.1:52501 - R:localhost/127.0.0.1:51630] for GET '/session/6626572912d7dee2ecd67c17986ddc0f/screenshot'
09:45:01.502 [AsyncHttpClient-1-2] DEBUG org.asynchttpclient.netty.handler.HttpHandler - 

Request DefaultFullHttpRequest(decodeResult: success, version: HTTP/1.1, content: EmptyByteBufBE)
GET /session/6626572912d7dee2ecd67c17986ddc0f/screenshot HTTP/1.1
User-Agent: selenium/4.1.2 (java windows)
Cache-Control: no-cache
Content-Type: application/json; charset=utf-8
host: localhost:51630
accept: */*

Response DefaultHttpResponse(decodeResult: success, version: HTTP/1.1)
HTTP/1.1 200 OK
Content-Type: application/json; charset=utf-8
cache-control: no-cache
content-length: 379772

09:45:01.504 [AsyncHttpClient-1-2] DEBUG org.asynchttpclient.netty.channel.ChannelManager - Adding key: http://localhost:51630 for channel [id: 0x1a7bf238, L:/127.0.0.1:52501 - R:localhost/127.0.0.1:51630]
09:45:01.517 [Test worker] DEBUG net.serenitybdd.core.photography.Darkroom - Send negative for processing for C:\Users\johan\OneDrive\Documentos\KONEX\Pruebas automatizadas\automatizacion_login_backoffice_1v\target\site\serenity\827eba772fc8c0a7b9dfb33684fbbfab2dbf1f790c8339d229e180e243a6dda7.png
09:45:01.518 [Test worker] DEBUG net.thucydides.core.steps.StepInterceptor - STARTING STEP: Ingresar.performAs - {0} enters #theTextAsAString into #target
09:45:01.582 [Test worker] DEBUG net.serenitybdd.screenplay.targets.IFrameSwitcher - default content already selected for Datos para campo de usuario
09:45:01.619 [Forwarding findElement on session 6626572912d7dee2ecd67c17986ddc0f to remote] DEBUG org.asynchttpclient.netty.request.NettyRequestSender - Using pooled Channel '[id: 0x1a7bf238, L:/127.0.0.1:52501 - R:localhost/127.0.0.1:51630]' for 'POST' to 'http://localhost:51630/session/6626572912d7dee2ecd67c17986ddc0f/element'
09:45:01.619 [Forwarding findElement on session 6626572912d7dee2ecd67c17986ddc0f to remote] DEBUG org.asynchttpclient.netty.request.NettyRequestSender - Using open Channel [id: 0x1a7bf238, L:/127.0.0.1:52501 - R:localhost/127.0.0.1:51630] for POST '/session/6626572912d7dee2ecd67c17986ddc0f/element'
09:45:01.633 [AsyncHttpClient-1-2] DEBUG org.asynchttpclient.netty.handler.HttpHandler - 

Request DefaultHttpRequest(decodeResult: success, version: HTTP/1.1)
POST /session/6626572912d7dee2ecd67c17986ddc0f/element HTTP/1.1
User-Agent: selenium/4.1.2 (java windows)
Content-Length: 53
Content-Type: application/json; charset=utf-8
host: localhost:51630
accept: */*

Response DefaultHttpResponse(decodeResult: success, version: HTTP/1.1)
HTTP/1.1 200 OK
Content-Type: application/json; charset=utf-8
cache-control: no-cache
content-length: 88

09:45:01.633 [AsyncHttpClient-1-2] DEBUG org.asynchttpclient.netty.channel.ChannelManager - Adding key: http://localhost:51630 for channel [id: 0x1a7bf238, L:/127.0.0.1:52501 - R:localhost/127.0.0.1:51630]
09:45:01.638 [Forwarding clearElement on session 6626572912d7dee2ecd67c17986ddc0f to remote] DEBUG org.asynchttpclient.netty.request.NettyRequestSender - Using pooled Channel '[id: 0x1a7bf238, L:/127.0.0.1:52501 - R:localhost/127.0.0.1:51630]' for 'POST' to 'http://localhost:51630/session/6626572912d7dee2ecd67c17986ddc0f/element/e96ac659-30d5-4407-90bd-d63d2fbe7817/clear'
09:45:01.638 [Forwarding clearElement on session 6626572912d7dee2ecd67c17986ddc0f to remote] DEBUG org.asynchttpclient.netty.request.NettyRequestSender - Using open Channel [id: 0x1a7bf238, L:/127.0.0.1:52501 - R:localhost/127.0.0.1:51630] for POST '/session/6626572912d7dee2ecd67c17986ddc0f/element/e96ac659-30d5-4407-90bd-d63d2fbe7817/clear'
09:45:01.676 [AsyncHttpClient-1-2] DEBUG org.asynchttpclient.netty.handler.HttpHandler - 

Request DefaultHttpRequest(decodeResult: success, version: HTTP/1.1)
POST /session/6626572912d7dee2ecd67c17986ddc0f/element/e96ac659-30d5-4407-90bd-d63d2fbe7817/clear HTTP/1.1
User-Agent: selenium/4.1.2 (java windows)
Content-Length: 50
Content-Type: application/json; charset=utf-8
host: localhost:51630
accept: */*

Response DefaultHttpResponse(decodeResult: success, version: HTTP/1.1)
HTTP/1.1 200 OK
Content-Type: application/json; charset=utf-8
cache-control: no-cache
content-length: 14

09:45:01.676 [AsyncHttpClient-1-2] DEBUG org.asynchttpclient.netty.channel.ChannelManager - Adding key: http://localhost:51630 for channel [id: 0x1a7bf238, L:/127.0.0.1:52501 - R:localhost/127.0.0.1:51630]
09:45:01.690 [Forwarding sendKeysToElement on session 6626572912d7dee2ecd67c17986ddc0f to remote] DEBUG org.asynchttpclient.netty.request.NettyRequestSender - Using pooled Channel '[id: 0x1a7bf238, L:/127.0.0.1:52501 - R:localhost/127.0.0.1:51630]' for 'POST' to 'http://localhost:51630/session/6626572912d7dee2ecd67c17986ddc0f/element/e96ac659-30d5-4407-90bd-d63d2fbe7817/value'
09:45:01.690 [Forwarding sendKeysToElement on session 6626572912d7dee2ecd67c17986ddc0f to remote] DEBUG org.asynchttpclient.netty.request.NettyRequestSender - Using open Channel [id: 0x1a7bf238, L:/127.0.0.1:52501 - R:localhost/127.0.0.1:51630] for POST '/session/6626572912d7dee2ecd67c17986ddc0f/element/e96ac659-30d5-4407-90bd-d63d2fbe7817/value'
09:45:01.724 [AsyncHttpClient-1-2] DEBUG org.asynchttpclient.netty.handler.HttpHandler - 

Request DefaultHttpRequest(decodeResult: success, version: HTTP/1.1)
POST /session/6626572912d7dee2ecd67c17986ddc0f/element/e96ac659-30d5-4407-90bd-d63d2fbe7817/value HTTP/1.1
User-Agent: selenium/4.1.2 (java windows)
Content-Length: 191
Content-Type: application/json; charset=utf-8
host: localhost:51630
accept: */*

Response DefaultHttpResponse(decodeResult: success, version: HTTP/1.1)
HTTP/1.1 200 OK
Content-Type: application/json; charset=utf-8
cache-control: no-cache
content-length: 14

09:45:01.725 [AsyncHttpClient-1-2] DEBUG org.asynchttpclient.netty.channel.ChannelManager - Adding key: http://localhost:51630 for channel [id: 0x1a7bf238, L:/127.0.0.1:52501 - R:localhost/127.0.0.1:51630]
09:45:01.743 [Forwarding screenshot on session 6626572912d7dee2ecd67c17986ddc0f to remote] DEBUG org.asynchttpclient.netty.request.NettyRequestSender - Using pooled Channel '[id: 0x1a7bf238, L:/127.0.0.1:52501 - R:localhost/127.0.0.1:51630]' for 'GET' to 'http://localhost:51630/session/6626572912d7dee2ecd67c17986ddc0f/screenshot'
09:45:01.744 [Forwarding screenshot on session 6626572912d7dee2ecd67c17986ddc0f to remote] DEBUG org.asynchttpclient.netty.request.NettyRequestSender - Using open Channel [id: 0x1a7bf238, L:/127.0.0.1:52501 - R:localhost/127.0.0.1:51630] for GET '/session/6626572912d7dee2ecd67c17986ddc0f/screenshot'
09:45:01.839 [AsyncHttpClient-1-1] DEBUG org.asynchttpclient.netty.channel.DefaultChannelPool - Entry count for : http://localhost:52503 : 1
09:45:01.952 [AsyncHttpClient-1-2] DEBUG org.asynchttpclient.netty.handler.HttpHandler - 

Request DefaultFullHttpRequest(decodeResult: success, version: HTTP/1.1, content: EmptyByteBufBE)
GET /session/6626572912d7dee2ecd67c17986ddc0f/screenshot HTTP/1.1
User-Agent: selenium/4.1.2 (java windows)
Cache-Control: no-cache
Content-Type: application/json; charset=utf-8
host: localhost:51630
accept: */*

Response DefaultHttpResponse(decodeResult: success, version: HTTP/1.1)
HTTP/1.1 200 OK
Content-Type: application/json; charset=utf-8
cache-control: no-cache
content-length: 378572

09:45:01.955 [AsyncHttpClient-1-2] DEBUG org.asynchttpclient.netty.channel.ChannelManager - Adding key: http://localhost:51630 for channel [id: 0x1a7bf238, L:/127.0.0.1:52501 - R:localhost/127.0.0.1:51630]
09:45:01.968 [Test worker] DEBUG net.serenitybdd.core.photography.Darkroom - Send negative for processing for C:\Users\johan\OneDrive\Documentos\KONEX\Pruebas automatizadas\automatizacion_login_backoffice_1v\target\site\serenity\006b24e5412277c5de3e2de51cd21d98827689b6fa88dab4e7de0ed1afc6cbb1.png
09:45:01.994 [Test worker] DEBUG net.thucydides.core.steps.StepInterceptor - STEP DONE: {0} enters #theTextAsAString into #target
09:45:02.011 [Test worker] DEBUG net.thucydides.core.steps.StepInterceptor - STARTING STEP: Ingresar.performAs - {0} enters #theTextAsAString into #target
09:45:02.023 [Test worker] DEBUG net.serenitybdd.screenplay.targets.IFrameSwitcher - default content already selected for Datos para campo contrasenna
09:45:02.064 [Forwarding findElement on session 6626572912d7dee2ecd67c17986ddc0f to remote] DEBUG org.asynchttpclient.netty.request.NettyRequestSender - Using pooled Channel '[id: 0x1a7bf238, L:/127.0.0.1:52501 - R:localhost/127.0.0.1:51630]' for 'POST' to 'http://localhost:51630/session/6626572912d7dee2ecd67c17986ddc0f/element'
09:45:02.064 [Forwarding findElement on session 6626572912d7dee2ecd67c17986ddc0f to remote] DEBUG org.asynchttpclient.netty.request.NettyRequestSender - Using open Channel [id: 0x1a7bf238, L:/127.0.0.1:52501 - R:localhost/127.0.0.1:51630] for POST '/session/6626572912d7dee2ecd67c17986ddc0f/element'
09:45:02.075 [AsyncHttpClient-1-2] DEBUG org.asynchttpclient.netty.handler.HttpHandler - 

Request DefaultHttpRequest(decodeResult: success, version: HTTP/1.1)
POST /session/6626572912d7dee2ecd67c17986ddc0f/element HTTP/1.1
User-Agent: selenium/4.1.2 (java windows)
Content-Length: 50
Content-Type: application/json; charset=utf-8
host: localhost:51630
accept: */*

Response DefaultHttpResponse(decodeResult: success, version: HTTP/1.1)
HTTP/1.1 200 OK
Content-Type: application/json; charset=utf-8
cache-control: no-cache
content-length: 88

09:45:02.075 [AsyncHttpClient-1-2] DEBUG org.asynchttpclient.netty.channel.ChannelManager - Adding key: http://localhost:51630 for channel [id: 0x1a7bf238, L:/127.0.0.1:52501 - R:localhost/127.0.0.1:51630]
09:45:02.077 [Forwarding clearElement on session 6626572912d7dee2ecd67c17986ddc0f to remote] DEBUG org.asynchttpclient.netty.request.NettyRequestSender - Using pooled Channel '[id: 0x1a7bf238, L:/127.0.0.1:52501 - R:localhost/127.0.0.1:51630]' for 'POST' to 'http://localhost:51630/session/6626572912d7dee2ecd67c17986ddc0f/element/1686bd90-ee00-4143-aee0-febf5d119ff4/clear'
09:45:02.077 [Forwarding clearElement on session 6626572912d7dee2ecd67c17986ddc0f to remote] DEBUG org.asynchttpclient.netty.request.NettyRequestSender - Using open Channel [id: 0x1a7bf238, L:/127.0.0.1:52501 - R:localhost/127.0.0.1:51630] for POST '/session/6626572912d7dee2ecd67c17986ddc0f/element/1686bd90-ee00-4143-aee0-febf5d119ff4/clear'
09:45:02.103 [AsyncHttpClient-1-2] DEBUG org.asynchttpclient.netty.handler.HttpHandler - 

Request DefaultHttpRequest(decodeResult: success, version: HTTP/1.1)
POST /session/6626572912d7dee2ecd67c17986ddc0f/element/1686bd90-ee00-4143-aee0-febf5d119ff4/clear HTTP/1.1
User-Agent: selenium/4.1.2 (java windows)
Content-Length: 50
Content-Type: application/json; charset=utf-8
host: localhost:51630
accept: */*

Response DefaultHttpResponse(decodeResult: success, version: HTTP/1.1)
HTTP/1.1 200 OK
Content-Type: application/json; charset=utf-8
cache-control: no-cache
content-length: 14

09:45:02.104 [AsyncHttpClient-1-2] DEBUG org.asynchttpclient.netty.channel.ChannelManager - Adding key: http://localhost:51630 for channel [id: 0x1a7bf238, L:/127.0.0.1:52501 - R:localhost/127.0.0.1:51630]
09:45:02.114 [Forwarding sendKeysToElement on session 6626572912d7dee2ecd67c17986ddc0f to remote] DEBUG org.asynchttpclient.netty.request.NettyRequestSender - Using pooled Channel '[id: 0x1a7bf238, L:/127.0.0.1:52501 - R:localhost/127.0.0.1:51630]' for 'POST' to 'http://localhost:51630/session/6626572912d7dee2ecd67c17986ddc0f/element/1686bd90-ee00-4143-aee0-febf5d119ff4/value'
09:45:02.114 [Forwarding sendKeysToElement on session 6626572912d7dee2ecd67c17986ddc0f to remote] DEBUG org.asynchttpclient.netty.request.NettyRequestSender - Using open Channel [id: 0x1a7bf238, L:/127.0.0.1:52501 - R:localhost/127.0.0.1:51630] for POST '/session/6626572912d7dee2ecd67c17986ddc0f/element/1686bd90-ee00-4143-aee0-febf5d119ff4/value'
09:45:02.161 [AsyncHttpClient-1-2] DEBUG org.asynchttpclient.netty.handler.HttpHandler - 

Request DefaultHttpRequest(decodeResult: success, version: HTTP/1.1)
POST /session/6626572912d7dee2ecd67c17986ddc0f/element/1686bd90-ee00-4143-aee0-febf5d119ff4/value HTTP/1.1
User-Agent: selenium/4.1.2 (java windows)
Content-Length: 181
Content-Type: application/json; charset=utf-8
host: localhost:51630
accept: */*

Response DefaultHttpResponse(decodeResult: success, version: HTTP/1.1)
HTTP/1.1 200 OK
Content-Type: application/json; charset=utf-8
cache-control: no-cache
content-length: 14

09:45:02.161 [AsyncHttpClient-1-2] DEBUG org.asynchttpclient.netty.channel.ChannelManager - Adding key: http://localhost:51630 for channel [id: 0x1a7bf238, L:/127.0.0.1:52501 - R:localhost/127.0.0.1:51630]
09:45:02.179 [Forwarding screenshot on session 6626572912d7dee2ecd67c17986ddc0f to remote] DEBUG org.asynchttpclient.netty.request.NettyRequestSender - Using pooled Channel '[id: 0x1a7bf238, L:/127.0.0.1:52501 - R:localhost/127.0.0.1:51630]' for 'GET' to 'http://localhost:51630/session/6626572912d7dee2ecd67c17986ddc0f/screenshot'
09:45:02.179 [Forwarding screenshot on session 6626572912d7dee2ecd67c17986ddc0f to remote] DEBUG org.asynchttpclient.netty.request.NettyRequestSender - Using open Channel [id: 0x1a7bf238, L:/127.0.0.1:52501 - R:localhost/127.0.0.1:51630] for GET '/session/6626572912d7dee2ecd67c17986ddc0f/screenshot'
09:45:02.389 [AsyncHttpClient-1-2] DEBUG org.asynchttpclient.netty.handler.HttpHandler - 

Request DefaultFullHttpRequest(decodeResult: success, version: HTTP/1.1, content: EmptyByteBufBE)
GET /session/6626572912d7dee2ecd67c17986ddc0f/screenshot HTTP/1.1
User-Agent: selenium/4.1.2 (java windows)
Cache-Control: no-cache
Content-Type: application/json; charset=utf-8
host: localhost:51630
accept: */*

Response DefaultHttpResponse(decodeResult: success, version: HTTP/1.1)
HTTP/1.1 200 OK
Content-Type: application/json; charset=utf-8
cache-control: no-cache
content-length: 376452

09:45:02.391 [AsyncHttpClient-1-2] DEBUG org.asynchttpclient.netty.channel.ChannelManager - Adding key: http://localhost:51630 for channel [id: 0x1a7bf238, L:/127.0.0.1:52501 - R:localhost/127.0.0.1:51630]
09:45:02.403 [Test worker] DEBUG net.serenitybdd.core.photography.Darkroom - Send negative for processing for C:\Users\johan\OneDrive\Documentos\KONEX\Pruebas automatizadas\automatizacion_login_backoffice_1v\target\site\serenity\6409296d25c248aedb7da1477f84c275db0599f87c2e3eeb6f484850a149a03f.png
09:45:02.425 [Test worker] DEBUG net.thucydides.core.steps.StepInterceptor - STEP DONE: {0} enters #theTextAsAString into #target
09:45:02.448 [Test worker] DEBUG net.thucydides.core.steps.StepInterceptor - STARTING STEP: Ingresar.performAs - {0} clicks on #target
09:45:02.448 [Test worker] DEBUG net.serenitybdd.screenplay.targets.IFrameSwitcher - default content already selected for Verificar contrasenna
09:45:02.510 [Forwarding findElement on session 6626572912d7dee2ecd67c17986ddc0f to remote] DEBUG org.asynchttpclient.netty.request.NettyRequestSender - Using pooled Channel '[id: 0x1a7bf238, L:/127.0.0.1:52501 - R:localhost/127.0.0.1:51630]' for 'POST' to 'http://localhost:51630/session/6626572912d7dee2ecd67c17986ddc0f/element'
09:45:02.510 [Forwarding findElement on session 6626572912d7dee2ecd67c17986ddc0f to remote] DEBUG org.asynchttpclient.netty.request.NettyRequestSender - Using open Channel [id: 0x1a7bf238, L:/127.0.0.1:52501 - R:localhost/127.0.0.1:51630] for POST '/session/6626572912d7dee2ecd67c17986ddc0f/element'
09:45:02.524 [AsyncHttpClient-1-2] DEBUG org.asynchttpclient.netty.handler.HttpHandler - 

Request DefaultHttpRequest(decodeResult: success, version: HTTP/1.1)
POST /session/6626572912d7dee2ecd67c17986ddc0f/element HTTP/1.1
User-Agent: selenium/4.1.2 (java windows)
Content-Length: 93
Content-Type: application/json; charset=utf-8
host: localhost:51630
accept: */*

Response DefaultHttpResponse(decodeResult: success, version: HTTP/1.1)
HTTP/1.1 200 OK
Content-Type: application/json; charset=utf-8
cache-control: no-cache
content-length: 88

09:45:02.524 [AsyncHttpClient-1-2] DEBUG org.asynchttpclient.netty.channel.ChannelManager - Adding key: http://localhost:51630 for channel [id: 0x1a7bf238, L:/127.0.0.1:52501 - R:localhost/127.0.0.1:51630]
09:45:02.549 [Forwarding isElementDisplayed on session 6626572912d7dee2ecd67c17986ddc0f to remote] DEBUG org.asynchttpclient.netty.request.NettyRequestSender - Using pooled Channel '[id: 0x1a7bf238, L:/127.0.0.1:52501 - R:localhost/127.0.0.1:51630]' for 'POST' to 'http://localhost:51630/session/6626572912d7dee2ecd67c17986ddc0f/execute/sync'
09:45:02.549 [Forwarding isElementDisplayed on session 6626572912d7dee2ecd67c17986ddc0f to remote] DEBUG org.asynchttpclient.netty.request.NettyRequestSender - Using open Channel [id: 0x1a7bf238, L:/127.0.0.1:52501 - R:localhost/127.0.0.1:51630] for POST '/session/6626572912d7dee2ecd67c17986ddc0f/execute/sync'
09:45:02.564 [AsyncHttpClient-1-2] DEBUG org.asynchttpclient.netty.handler.HttpHandler - 

Request DefaultHttpRequest(decodeResult: success, version: HTTP/1.1)
POST /session/6626572912d7dee2ecd67c17986ddc0f/execute/sync HTTP/1.1
User-Agent: selenium/4.1.2 (java windows)
Content-Length: 48780
Content-Type: application/json; charset=utf-8
host: localhost:51630
accept: */*

Response DefaultHttpResponse(decodeResult: success, version: HTTP/1.1)
HTTP/1.1 200 OK
Content-Type: application/json; charset=utf-8
cache-control: no-cache
content-length: 14

09:45:02.564 [AsyncHttpClient-1-2] DEBUG org.asynchttpclient.netty.channel.ChannelManager - Adding key: http://localhost:51630 for channel [id: 0x1a7bf238, L:/127.0.0.1:52501 - R:localhost/127.0.0.1:51630]
09:45:02.584 [Forwarding findElement on session 6626572912d7dee2ecd67c17986ddc0f to remote] DEBUG org.asynchttpclient.netty.request.NettyRequestSender - Using pooled Channel '[id: 0x1a7bf238, L:/127.0.0.1:52501 - R:localhost/127.0.0.1:51630]' for 'POST' to 'http://localhost:51630/session/6626572912d7dee2ecd67c17986ddc0f/element'
09:45:02.584 [Forwarding findElement on session 6626572912d7dee2ecd67c17986ddc0f to remote] DEBUG org.asynchttpclient.netty.request.NettyRequestSender - Using open Channel [id: 0x1a7bf238, L:/127.0.0.1:52501 - R:localhost/127.0.0.1:51630] for POST '/session/6626572912d7dee2ecd67c17986ddc0f/element'
09:45:02.590 [AsyncHttpClient-1-2] DEBUG org.asynchttpclient.netty.handler.HttpHandler - 

Request DefaultHttpRequest(decodeResult: success, version: HTTP/1.1)
POST /session/6626572912d7dee2ecd67c17986ddc0f/element HTTP/1.1
User-Agent: selenium/4.1.2 (java windows)
Content-Length: 93
Content-Type: application/json; charset=utf-8
host: localhost:51630
accept: */*

Response DefaultHttpResponse(decodeResult: success, version: HTTP/1.1)
HTTP/1.1 200 OK
Content-Type: application/json; charset=utf-8
cache-control: no-cache
content-length: 88

09:45:02.590 [AsyncHttpClient-1-2] DEBUG org.asynchttpclient.netty.channel.ChannelManager - Adding key: http://localhost:51630 for channel [id: 0x1a7bf238, L:/127.0.0.1:52501 - R:localhost/127.0.0.1:51630]
09:45:02.592 [Forwarding clickElement on session 6626572912d7dee2ecd67c17986ddc0f to remote] DEBUG org.asynchttpclient.netty.request.NettyRequestSender - Using pooled Channel '[id: 0x1a7bf238, L:/127.0.0.1:52501 - R:localhost/127.0.0.1:51630]' for 'POST' to 'http://localhost:51630/session/6626572912d7dee2ecd67c17986ddc0f/element/31e57e99-38af-4260-994a-23284bf8885b/click'
09:45:02.592 [Forwarding clickElement on session 6626572912d7dee2ecd67c17986ddc0f to remote] DEBUG org.asynchttpclient.netty.request.NettyRequestSender - Using open Channel [id: 0x1a7bf238, L:/127.0.0.1:52501 - R:localhost/127.0.0.1:51630] for POST '/session/6626572912d7dee2ecd67c17986ddc0f/element/31e57e99-38af-4260-994a-23284bf8885b/click'
09:45:02.624 [AsyncHttpClient-1-2] DEBUG org.asynchttpclient.netty.handler.HttpHandler - 

Request DefaultHttpRequest(decodeResult: success, version: HTTP/1.1)
POST /session/6626572912d7dee2ecd67c17986ddc0f/element/31e57e99-38af-4260-994a-23284bf8885b/click HTTP/1.1
User-Agent: selenium/4.1.2 (java windows)
Content-Length: 50
Content-Type: application/json; charset=utf-8
host: localhost:51630
accept: */*

Response DefaultHttpResponse(decodeResult: success, version: HTTP/1.1)
HTTP/1.1 200 OK
Content-Type: application/json; charset=utf-8
cache-control: no-cache
content-length: 14

09:45:02.624 [AsyncHttpClient-1-2] DEBUG org.asynchttpclient.netty.channel.ChannelManager - Adding key: http://localhost:51630 for channel [id: 0x1a7bf238, L:/127.0.0.1:52501 - R:localhost/127.0.0.1:51630]
09:45:02.642 [Forwarding screenshot on session 6626572912d7dee2ecd67c17986ddc0f to remote] DEBUG org.asynchttpclient.netty.request.NettyRequestSender - Using pooled Channel '[id: 0x1a7bf238, L:/127.0.0.1:52501 - R:localhost/127.0.0.1:51630]' for 'GET' to 'http://localhost:51630/session/6626572912d7dee2ecd67c17986ddc0f/screenshot'
09:45:02.642 [Forwarding screenshot on session 6626572912d7dee2ecd67c17986ddc0f to remote] DEBUG org.asynchttpclient.netty.request.NettyRequestSender - Using open Channel [id: 0x1a7bf238, L:/127.0.0.1:52501 - R:localhost/127.0.0.1:51630] for GET '/session/6626572912d7dee2ecd67c17986ddc0f/screenshot'
09:45:02.861 [AsyncHttpClient-1-2] DEBUG org.asynchttpclient.netty.handler.HttpHandler - 

Request DefaultFullHttpRequest(decodeResult: success, version: HTTP/1.1, content: EmptyByteBufBE)
GET /session/6626572912d7dee2ecd67c17986ddc0f/screenshot HTTP/1.1
User-Agent: selenium/4.1.2 (java windows)
Cache-Control: no-cache
Content-Type: application/json; charset=utf-8
host: localhost:51630
accept: */*

Response DefaultHttpResponse(decodeResult: success, version: HTTP/1.1)
HTTP/1.1 200 OK
Content-Type: application/json; charset=utf-8
cache-control: no-cache
content-length: 376324

09:45:02.863 [AsyncHttpClient-1-2] DEBUG org.asynchttpclient.netty.channel.ChannelManager - Adding key: http://localhost:51630 for channel [id: 0x1a7bf238, L:/127.0.0.1:52501 - R:localhost/127.0.0.1:51630]
09:45:02.880 [Test worker] DEBUG net.serenitybdd.core.photography.Darkroom - Send negative for processing for C:\Users\johan\OneDrive\Documentos\KONEX\Pruebas automatizadas\automatizacion_login_backoffice_1v\target\site\serenity\5a6ba8c2df8388bd4966dd7ccc4272c7a0ff783bc6367d82021d23e044e03244.png
09:45:02.894 [Test worker] DEBUG net.thucydides.core.steps.StepInterceptor - STEP DONE: {0} clicks on #target
09:45:02.912 [Test worker] DEBUG net.thucydides.core.steps.StepInterceptor - STARTING STEP: Ingresar.performAs - {0} clicks on #target
09:45:02.912 [Test worker] DEBUG net.serenitybdd.screenplay.targets.IFrameSwitcher - default content already selected for Boton iniciar sesion
09:45:02.934 [AsyncHttpClient-1-1] DEBUG org.asynchttpclient.netty.channel.DefaultChannelPool - Entry count for : http://localhost:52503 : 1
09:45:02.934 [AsyncHttpClient-1-1] DEBUG org.asynchttpclient.netty.channel.DefaultChannelPool - Entry count for : http://localhost:51630 : 1
09:45:03.016 [Forwarding findElement on session 6626572912d7dee2ecd67c17986ddc0f to remote] DEBUG org.asynchttpclient.netty.request.NettyRequestSender - Using pooled Channel '[id: 0x1a7bf238, L:/127.0.0.1:52501 - R:localhost/127.0.0.1:51630]' for 'POST' to 'http://localhost:51630/session/6626572912d7dee2ecd67c17986ddc0f/element'
09:45:03.016 [Forwarding findElement on session 6626572912d7dee2ecd67c17986ddc0f to remote] DEBUG org.asynchttpclient.netty.request.NettyRequestSender - Using open Channel [id: 0x1a7bf238, L:/127.0.0.1:52501 - R:localhost/127.0.0.1:51630] for POST '/session/6626572912d7dee2ecd67c17986ddc0f/element'
09:45:03.028 [AsyncHttpClient-1-2] DEBUG org.asynchttpclient.netty.handler.HttpHandler - 

Request DefaultHttpRequest(decodeResult: success, version: HTTP/1.1)
POST /session/6626572912d7dee2ecd67c17986ddc0f/element HTTP/1.1
User-Agent: selenium/4.1.2 (java windows)
Content-Length: 89
Content-Type: application/json; charset=utf-8
host: localhost:51630
accept: */*

Response DefaultHttpResponse(decodeResult: success, version: HTTP/1.1)
HTTP/1.1 200 OK
Content-Type: application/json; charset=utf-8
cache-control: no-cache
content-length: 88

09:45:03.028 [AsyncHttpClient-1-2] DEBUG org.asynchttpclient.netty.channel.ChannelManager - Adding key: http://localhost:51630 for channel [id: 0x1a7bf238, L:/127.0.0.1:52501 - R:localhost/127.0.0.1:51630]
09:45:03.046 [Forwarding isElementDisplayed on session 6626572912d7dee2ecd67c17986ddc0f to remote] DEBUG org.asynchttpclient.netty.request.NettyRequestSender - Using pooled Channel '[id: 0x1a7bf238, L:/127.0.0.1:52501 - R:localhost/127.0.0.1:51630]' for 'POST' to 'http://localhost:51630/session/6626572912d7dee2ecd67c17986ddc0f/execute/sync'
09:45:03.046 [Forwarding isElementDisplayed on session 6626572912d7dee2ecd67c17986ddc0f to remote] DEBUG org.asynchttpclient.netty.request.NettyRequestSender - Using open Channel [id: 0x1a7bf238, L:/127.0.0.1:52501 - R:localhost/127.0.0.1:51630] for POST '/session/6626572912d7dee2ecd67c17986ddc0f/execute/sync'
09:45:03.058 [AsyncHttpClient-1-2] DEBUG org.asynchttpclient.netty.handler.HttpHandler - 

Request DefaultHttpRequest(decodeResult: success, version: HTTP/1.1)
POST /session/6626572912d7dee2ecd67c17986ddc0f/execute/sync HTTP/1.1
User-Agent: selenium/4.1.2 (java windows)
Content-Length: 48780
Content-Type: application/json; charset=utf-8
host: localhost:51630
accept: */*

Response DefaultHttpResponse(decodeResult: success, version: HTTP/1.1)
HTTP/1.1 200 OK
Content-Type: application/json; charset=utf-8
cache-control: no-cache
content-length: 14

09:45:03.058 [AsyncHttpClient-1-2] DEBUG org.asynchttpclient.netty.channel.ChannelManager - Adding key: http://localhost:51630 for channel [id: 0x1a7bf238, L:/127.0.0.1:52501 - R:localhost/127.0.0.1:51630]
09:45:03.078 [Forwarding findElement on session 6626572912d7dee2ecd67c17986ddc0f to remote] DEBUG org.asynchttpclient.netty.request.NettyRequestSender - Using pooled Channel '[id: 0x1a7bf238, L:/127.0.0.1:52501 - R:localhost/127.0.0.1:51630]' for 'POST' to 'http://localhost:51630/session/6626572912d7dee2ecd67c17986ddc0f/element'
09:45:03.078 [Forwarding findElement on session 6626572912d7dee2ecd67c17986ddc0f to remote] DEBUG org.asynchttpclient.netty.request.NettyRequestSender - Using open Channel [id: 0x1a7bf238, L:/127.0.0.1:52501 - R:localhost/127.0.0.1:51630] for POST '/session/6626572912d7dee2ecd67c17986ddc0f/element'
09:45:03.086 [AsyncHttpClient-1-2] DEBUG org.asynchttpclient.netty.handler.HttpHandler - 

Request DefaultHttpRequest(decodeResult: success, version: HTTP/1.1)
POST /session/6626572912d7dee2ecd67c17986ddc0f/element HTTP/1.1
User-Agent: selenium/4.1.2 (java windows)
Content-Length: 89
Content-Type: application/json; charset=utf-8
host: localhost:51630
accept: */*

Response DefaultHttpResponse(decodeResult: success, version: HTTP/1.1)
HTTP/1.1 200 OK
Content-Type: application/json; charset=utf-8
cache-control: no-cache
content-length: 88

09:45:03.087 [AsyncHttpClient-1-2] DEBUG org.asynchttpclient.netty.channel.ChannelManager - Adding key: http://localhost:51630 for channel [id: 0x1a7bf238, L:/127.0.0.1:52501 - R:localhost/127.0.0.1:51630]
09:45:03.089 [Forwarding clickElement on session 6626572912d7dee2ecd67c17986ddc0f to remote] DEBUG org.asynchttpclient.netty.request.NettyRequestSender - Using pooled Channel '[id: 0x1a7bf238, L:/127.0.0.1:52501 - R:localhost/127.0.0.1:51630]' for 'POST' to 'http://localhost:51630/session/6626572912d7dee2ecd67c17986ddc0f/element/90434424-30ed-4fa8-a006-1e876cd6af03/click'
09:45:03.090 [Forwarding clickElement on session 6626572912d7dee2ecd67c17986ddc0f to remote] DEBUG org.asynchttpclient.netty.request.NettyRequestSender - Using open Channel [id: 0x1a7bf238, L:/127.0.0.1:52501 - R:localhost/127.0.0.1:51630] for POST '/session/6626572912d7dee2ecd67c17986ddc0f/element/90434424-30ed-4fa8-a006-1e876cd6af03/click'
09:45:03.130 [AsyncHttpClient-1-2] DEBUG org.asynchttpclient.netty.handler.HttpHandler - 

Request DefaultHttpRequest(decodeResult: success, version: HTTP/1.1)
POST /session/6626572912d7dee2ecd67c17986ddc0f/element/90434424-30ed-4fa8-a006-1e876cd6af03/click HTTP/1.1
User-Agent: selenium/4.1.2 (java windows)
Content-Length: 50
Content-Type: application/json; charset=utf-8
host: localhost:51630
accept: */*

Response DefaultHttpResponse(decodeResult: success, version: HTTP/1.1)
HTTP/1.1 200 OK
Content-Type: application/json; charset=utf-8
cache-control: no-cache
content-length: 14

09:45:03.130 [AsyncHttpClient-1-2] DEBUG org.asynchttpclient.netty.channel.ChannelManager - Adding key: http://localhost:51630 for channel [id: 0x1a7bf238, L:/127.0.0.1:52501 - R:localhost/127.0.0.1:51630]
09:45:03.162 [Forwarding screenshot on session 6626572912d7dee2ecd67c17986ddc0f to remote] DEBUG org.asynchttpclient.netty.request.NettyRequestSender - Using pooled Channel '[id: 0x1a7bf238, L:/127.0.0.1:52501 - R:localhost/127.0.0.1:51630]' for 'GET' to 'http://localhost:51630/session/6626572912d7dee2ecd67c17986ddc0f/screenshot'
09:45:03.163 [Forwarding screenshot on session 6626572912d7dee2ecd67c17986ddc0f to remote] DEBUG org.asynchttpclient.netty.request.NettyRequestSender - Using open Channel [id: 0x1a7bf238, L:/127.0.0.1:52501 - R:localhost/127.0.0.1:51630] for GET '/session/6626572912d7dee2ecd67c17986ddc0f/screenshot'
09:45:03.693 [AsyncHttpClient-1-2] DEBUG org.asynchttpclient.netty.handler.HttpHandler - 

Request DefaultFullHttpRequest(decodeResult: success, version: HTTP/1.1, content: EmptyByteBufBE)
GET /session/6626572912d7dee2ecd67c17986ddc0f/screenshot HTTP/1.1
User-Agent: selenium/4.1.2 (java windows)
Cache-Control: no-cache
Content-Type: application/json; charset=utf-8
host: localhost:51630
accept: */*

Response DefaultHttpResponse(decodeResult: success, version: HTTP/1.1)
HTTP/1.1 200 OK
Content-Type: application/json; charset=utf-8
cache-control: no-cache
content-length: 356292

09:45:03.699 [AsyncHttpClient-1-2] DEBUG org.asynchttpclient.netty.channel.ChannelManager - Adding key: http://localhost:51630 for channel [id: 0x1a7bf238, L:/127.0.0.1:52501 - R:localhost/127.0.0.1:51630]
09:45:03.781 [Test worker] DEBUG net.serenitybdd.core.photography.Darkroom - Send negative for processing for C:\Users\johan\OneDrive\Documentos\KONEX\Pruebas automatizadas\automatizacion_login_backoffice_1v\target\site\serenity\7ca8e1b57829c19636e6ed8bae08dbdbced8b7157d5dca80e47894e941ba3fc0.png
09:45:03.859 [Forwarding screenshot on session 6626572912d7dee2ecd67c17986ddc0f to remote] DEBUG org.asynchttpclient.netty.request.NettyRequestSender - Using pooled Channel '[id: 0x1a7bf238, L:/127.0.0.1:52501 - R:localhost/127.0.0.1:51630]' for 'GET' to 'http://localhost:51630/session/6626572912d7dee2ecd67c17986ddc0f/screenshot'
09:45:03.859 [Forwarding screenshot on session 6626572912d7dee2ecd67c17986ddc0f to remote] DEBUG org.asynchttpclient.netty.request.NettyRequestSender - Using open Channel [id: 0x1a7bf238, L:/127.0.0.1:52501 - R:localhost/127.0.0.1:51630] for GET '/session/6626572912d7dee2ecd67c17986ddc0f/screenshot'
09:45:04.035 [AsyncHttpClient-1-1] DEBUG org.asynchttpclient.netty.channel.DefaultChannelPool - Entry count for : http://localhost:52503 : 1
09:45:04.300 [AsyncHttpClient-1-2] DEBUG org.asynchttpclient.netty.handler.HttpHandler - 

Request DefaultFullHttpRequest(decodeResult: success, version: HTTP/1.1, content: EmptyByteBufBE)
GET /session/6626572912d7dee2ecd67c17986ddc0f/screenshot HTTP/1.1
User-Agent: selenium/4.1.2 (java windows)
Cache-Control: no-cache
Content-Type: application/json; charset=utf-8
host: localhost:51630
accept: */*

Response DefaultHttpResponse(decodeResult: success, version: HTTP/1.1)
HTTP/1.1 200 OK
Content-Type: application/json; charset=utf-8
cache-control: no-cache
content-length: 356016

09:45:04.304 [AsyncHttpClient-1-2] DEBUG org.asynchttpclient.netty.channel.ChannelManager - Adding key: http://localhost:51630 for channel [id: 0x1a7bf238, L:/127.0.0.1:52501 - R:localhost/127.0.0.1:51630]
09:45:04.331 [Test worker] DEBUG net.serenitybdd.core.photography.Darkroom - Send negative for processing for C:\Users\johan\OneDrive\Documentos\KONEX\Pruebas automatizadas\automatizacion_login_backoffice_1v\target\site\serenity\74d307cad5d1f5a1c5d63c1e5ad15f7b77bb700e53963cd67fafc50c30b6ce85.png
09:45:04.331 [Test worker] DEBUG net.thucydides.core.steps.StepInterceptor - STEP DONE: {0} clicks on #target
09:45:04.368 [Test worker] DEBUG net.thucydides.core.steps.StepInterceptor - STARTING STEP: Ingresar.performAs - {0} clicks on #target
09:45:04.369 [Test worker] DEBUG net.serenitybdd.screenplay.targets.IFrameSwitcher - default content already selected for Opcion empresa
09:45:04.521 [Forwarding findElement on session 6626572912d7dee2ecd67c17986ddc0f to remote] DEBUG org.asynchttpclient.netty.request.NettyRequestSender - Using pooled Channel '[id: 0x1a7bf238, L:/127.0.0.1:52501 - R:localhost/127.0.0.1:51630]' for 'POST' to 'http://localhost:51630/session/6626572912d7dee2ecd67c17986ddc0f/element'
09:45:04.522 [Forwarding findElement on session 6626572912d7dee2ecd67c17986ddc0f to remote] DEBUG org.asynchttpclient.netty.request.NettyRequestSender - Using open Channel [id: 0x1a7bf238, L:/127.0.0.1:52501 - R:localhost/127.0.0.1:51630] for POST '/session/6626572912d7dee2ecd67c17986ddc0f/element'
09:45:04.549 [AsyncHttpClient-1-2] DEBUG org.asynchttpclient.netty.handler.HttpHandler - 

Request DefaultHttpRequest(decodeResult: success, version: HTTP/1.1)
POST /session/6626572912d7dee2ecd67c17986ddc0f/element HTTP/1.1
User-Agent: selenium/4.1.2 (java windows)
Content-Length: 78
Content-Type: application/json; charset=utf-8
host: localhost:51630
accept: */*

Response DefaultHttpResponse(decodeResult: success, version: HTTP/1.1)
HTTP/1.1 200 OK
Content-Type: application/json; charset=utf-8
cache-control: no-cache
content-length: 88

09:45:04.549 [AsyncHttpClient-1-2] DEBUG org.asynchttpclient.netty.channel.ChannelManager - Adding key: http://localhost:51630 for channel [id: 0x1a7bf238, L:/127.0.0.1:52501 - R:localhost/127.0.0.1:51630]
09:45:04.581 [Forwarding isElementDisplayed on session 6626572912d7dee2ecd67c17986ddc0f to remote] DEBUG org.asynchttpclient.netty.request.NettyRequestSender - Using pooled Channel '[id: 0x1a7bf238, L:/127.0.0.1:52501 - R:localhost/127.0.0.1:51630]' for 'POST' to 'http://localhost:51630/session/6626572912d7dee2ecd67c17986ddc0f/execute/sync'
09:45:04.581 [Forwarding isElementDisplayed on session 6626572912d7dee2ecd67c17986ddc0f to remote] DEBUG org.asynchttpclient.netty.request.NettyRequestSender - Using open Channel [id: 0x1a7bf238, L:/127.0.0.1:52501 - R:localhost/127.0.0.1:51630] for POST '/session/6626572912d7dee2ecd67c17986ddc0f/execute/sync'
09:45:04.601 [AsyncHttpClient-1-2] DEBUG org.asynchttpclient.netty.handler.HttpHandler - 

Request DefaultHttpRequest(decodeResult: success, version: HTTP/1.1)
POST /session/6626572912d7dee2ecd67c17986ddc0f/execute/sync HTTP/1.1
User-Agent: selenium/4.1.2 (java windows)
Content-Length: 48780
Content-Type: application/json; charset=utf-8
host: localhost:51630
accept: */*

Response DefaultHttpResponse(decodeResult: success, version: HTTP/1.1)
HTTP/1.1 200 OK
Content-Type: application/json; charset=utf-8
cache-control: no-cache
content-length: 14

09:45:04.601 [AsyncHttpClient-1-2] DEBUG org.asynchttpclient.netty.channel.ChannelManager - Adding key: http://localhost:51630 for channel [id: 0x1a7bf238, L:/127.0.0.1:52501 - R:localhost/127.0.0.1:51630]
09:45:04.665 [Forwarding findElement on session 6626572912d7dee2ecd67c17986ddc0f to remote] DEBUG org.asynchttpclient.netty.request.NettyRequestSender - Using pooled Channel '[id: 0x1a7bf238, L:/127.0.0.1:52501 - R:localhost/127.0.0.1:51630]' for 'POST' to 'http://localhost:51630/session/6626572912d7dee2ecd67c17986ddc0f/element'
09:45:04.665 [Forwarding findElement on session 6626572912d7dee2ecd67c17986ddc0f to remote] DEBUG org.asynchttpclient.netty.request.NettyRequestSender - Using open Channel [id: 0x1a7bf238, L:/127.0.0.1:52501 - R:localhost/127.0.0.1:51630] for POST '/session/6626572912d7dee2ecd67c17986ddc0f/element'
09:45:04.681 [AsyncHttpClient-1-2] DEBUG org.asynchttpclient.netty.handler.HttpHandler - 

Request DefaultHttpRequest(decodeResult: success, version: HTTP/1.1)
POST /session/6626572912d7dee2ecd67c17986ddc0f/element HTTP/1.1
User-Agent: selenium/4.1.2 (java windows)
Content-Length: 78
Content-Type: application/json; charset=utf-8
host: localhost:51630
accept: */*

Response DefaultHttpResponse(decodeResult: success, version: HTTP/1.1)
HTTP/1.1 200 OK
Content-Type: application/json; charset=utf-8
cache-control: no-cache
content-length: 88

09:45:04.682 [AsyncHttpClient-1-2] DEBUG org.asynchttpclient.netty.channel.ChannelManager - Adding key: http://localhost:51630 for channel [id: 0x1a7bf238, L:/127.0.0.1:52501 - R:localhost/127.0.0.1:51630]
09:45:04.686 [Forwarding clickElement on session 6626572912d7dee2ecd67c17986ddc0f to remote] DEBUG org.asynchttpclient.netty.request.NettyRequestSender - Using pooled Channel '[id: 0x1a7bf238, L:/127.0.0.1:52501 - R:localhost/127.0.0.1:51630]' for 'POST' to 'http://localhost:51630/session/6626572912d7dee2ecd67c17986ddc0f/element/d72e1035-8a86-4154-b9b7-12a676c20f93/click'
09:45:04.686 [Forwarding clickElement on session 6626572912d7dee2ecd67c17986ddc0f to remote] DEBUG org.asynchttpclient.netty.request.NettyRequestSender - Using open Channel [id: 0x1a7bf238, L:/127.0.0.1:52501 - R:localhost/127.0.0.1:51630] for POST '/session/6626572912d7dee2ecd67c17986ddc0f/element/d72e1035-8a86-4154-b9b7-12a676c20f93/click'
09:45:04.756 [AsyncHttpClient-1-2] DEBUG org.asynchttpclient.netty.handler.HttpHandler - 

Request DefaultHttpRequest(decodeResult: success, version: HTTP/1.1)
POST /session/6626572912d7dee2ecd67c17986ddc0f/element/d72e1035-8a86-4154-b9b7-12a676c20f93/click HTTP/1.1
User-Agent: selenium/4.1.2 (java windows)
Content-Length: 50
Content-Type: application/json; charset=utf-8
host: localhost:51630
accept: */*

Response DefaultHttpResponse(decodeResult: success, version: HTTP/1.1)
HTTP/1.1 200 OK
Content-Type: application/json; charset=utf-8
cache-control: no-cache
content-length: 14

09:45:04.756 [AsyncHttpClient-1-2] DEBUG org.asynchttpclient.netty.channel.ChannelManager - Adding key: http://localhost:51630 for channel [id: 0x1a7bf238, L:/127.0.0.1:52501 - R:localhost/127.0.0.1:51630]
09:45:04.794 [Forwarding screenshot on session 6626572912d7dee2ecd67c17986ddc0f to remote] DEBUG org.asynchttpclient.netty.request.NettyRequestSender - Using pooled Channel '[id: 0x1a7bf238, L:/127.0.0.1:52501 - R:localhost/127.0.0.1:51630]' for 'GET' to 'http://localhost:51630/session/6626572912d7dee2ecd67c17986ddc0f/screenshot'
09:45:04.794 [Forwarding screenshot on session 6626572912d7dee2ecd67c17986ddc0f to remote] DEBUG org.asynchttpclient.netty.request.NettyRequestSender - Using open Channel [id: 0x1a7bf238, L:/127.0.0.1:52501 - R:localhost/127.0.0.1:51630] for GET '/session/6626572912d7dee2ecd67c17986ddc0f/screenshot'
09:45:05.135 [AsyncHttpClient-1-1] DEBUG org.asynchttpclient.netty.channel.DefaultChannelPool - Entry count for : http://localhost:52503 : 1
09:45:05.191 [AsyncHttpClient-1-2] DEBUG org.asynchttpclient.netty.handler.HttpHandler - 

Request DefaultFullHttpRequest(decodeResult: success, version: HTTP/1.1, content: EmptyByteBufBE)
GET /session/6626572912d7dee2ecd67c17986ddc0f/screenshot HTTP/1.1
User-Agent: selenium/4.1.2 (java windows)
Cache-Control: no-cache
Content-Type: application/json; charset=utf-8
host: localhost:51630
accept: */*

Response DefaultHttpResponse(decodeResult: success, version: HTTP/1.1)
HTTP/1.1 200 OK
Content-Type: application/json; charset=utf-8
cache-control: no-cache
content-length: 338272

09:45:05.195 [AsyncHttpClient-1-2] DEBUG org.asynchttpclient.netty.channel.ChannelManager - Adding key: http://localhost:51630 for channel [id: 0x1a7bf238, L:/127.0.0.1:52501 - R:localhost/127.0.0.1:51630]
09:45:05.219 [Test worker] DEBUG net.serenitybdd.core.photography.Darkroom - Send negative for processing for C:\Users\johan\OneDrive\Documentos\KONEX\Pruebas automatizadas\automatizacion_login_backoffice_1v\target\site\serenity\c6290637268dab11d9720b92905ffeb5dc68755659dce6cf11fd67be245c985d.png
09:45:05.248 [Test worker] DEBUG net.thucydides.core.steps.StepInterceptor - STEP DONE: {0} clicks on #target
09:45:05.280 [Forwarding screenshot on session 6626572912d7dee2ecd67c17986ddc0f to remote] DEBUG org.asynchttpclient.netty.request.NettyRequestSender - Using pooled Channel '[id: 0x1a7bf238, L:/127.0.0.1:52501 - R:localhost/127.0.0.1:51630]' for 'GET' to 'http://localhost:51630/session/6626572912d7dee2ecd67c17986ddc0f/screenshot'
09:45:05.280 [Forwarding screenshot on session 6626572912d7dee2ecd67c17986ddc0f to remote] DEBUG org.asynchttpclient.netty.request.NettyRequestSender - Using open Channel [id: 0x1a7bf238, L:/127.0.0.1:52501 - R:localhost/127.0.0.1:51630] for GET '/session/6626572912d7dee2ecd67c17986ddc0f/screenshot'
09:45:05.651 [AsyncHttpClient-1-2] DEBUG org.asynchttpclient.netty.handler.HttpHandler - 

Request DefaultFullHttpRequest(decodeResult: success, version: HTTP/1.1, content: EmptyByteBufBE)
GET /session/6626572912d7dee2ecd67c17986ddc0f/screenshot HTTP/1.1
User-Agent: selenium/4.1.2 (java windows)
Cache-Control: no-cache
Content-Type: application/json; charset=utf-8
host: localhost:51630
accept: */*

Response DefaultHttpResponse(decodeResult: success, version: HTTP/1.1)
HTTP/1.1 200 OK
Content-Type: application/json; charset=utf-8
cache-control: no-cache
content-length: 357780

09:45:05.654 [AsyncHttpClient-1-2] DEBUG org.asynchttpclient.netty.channel.ChannelManager - Adding key: http://localhost:51630 for channel [id: 0x1a7bf238, L:/127.0.0.1:52501 - R:localhost/127.0.0.1:51630]
09:45:05.678 [Test worker] DEBUG net.serenitybdd.core.photography.Darkroom - Send negative for processing for C:\Users\johan\OneDrive\Documentos\KONEX\Pruebas automatizadas\automatizacion_login_backoffice_1v\target\site\serenity\9c022d68cccc6bf16f8f387ef313c533d9ff6b48c8b1660750298df8a324807f.png
09:45:05.679 [Test worker] DEBUG net.thucydides.core.steps.StepInterceptor - STARTING STEP: Ingresar.performAs - {0} clicks on #target
09:45:05.681 [Test worker] DEBUG net.serenitybdd.screenplay.targets.IFrameSwitcher - default content already selected for Boton Aceptar
09:45:05.809 [Forwarding findElement on session 6626572912d7dee2ecd67c17986ddc0f to remote] DEBUG org.asynchttpclient.netty.request.NettyRequestSender - Using pooled Channel '[id: 0x1a7bf238, L:/127.0.0.1:52501 - R:localhost/127.0.0.1:51630]' for 'POST' to 'http://localhost:51630/session/6626572912d7dee2ecd67c17986ddc0f/element'
09:45:05.809 [Forwarding findElement on session 6626572912d7dee2ecd67c17986ddc0f to remote] DEBUG org.asynchttpclient.netty.request.NettyRequestSender - Using open Channel [id: 0x1a7bf238, L:/127.0.0.1:52501 - R:localhost/127.0.0.1:51630] for POST '/session/6626572912d7dee2ecd67c17986ddc0f/element'
09:45:05.829 [AsyncHttpClient-1-2] DEBUG org.asynchttpclient.netty.handler.HttpHandler - 

Request DefaultHttpRequest(decodeResult: success, version: HTTP/1.1)
POST /session/6626572912d7dee2ecd67c17986ddc0f/element HTTP/1.1
User-Agent: selenium/4.1.2 (java windows)
Content-Length: 89
Content-Type: application/json; charset=utf-8
host: localhost:51630
accept: */*

Response DefaultHttpResponse(decodeResult: success, version: HTTP/1.1)
HTTP/1.1 200 OK
Content-Type: application/json; charset=utf-8
cache-control: no-cache
content-length: 88

09:45:05.830 [AsyncHttpClient-1-2] DEBUG org.asynchttpclient.netty.channel.ChannelManager - Adding key: http://localhost:51630 for channel [id: 0x1a7bf238, L:/127.0.0.1:52501 - R:localhost/127.0.0.1:51630]
09:45:05.864 [Forwarding isElementDisplayed on session 6626572912d7dee2ecd67c17986ddc0f to remote] DEBUG org.asynchttpclient.netty.request.NettyRequestSender - Using pooled Channel '[id: 0x1a7bf238, L:/127.0.0.1:52501 - R:localhost/127.0.0.1:51630]' for 'POST' to 'http://localhost:51630/session/6626572912d7dee2ecd67c17986ddc0f/execute/sync'
09:45:05.865 [Forwarding isElementDisplayed on session 6626572912d7dee2ecd67c17986ddc0f to remote] DEBUG org.asynchttpclient.netty.request.NettyRequestSender - Using open Channel [id: 0x1a7bf238, L:/127.0.0.1:52501 - R:localhost/127.0.0.1:51630] for POST '/session/6626572912d7dee2ecd67c17986ddc0f/execute/sync'
09:45:05.883 [AsyncHttpClient-1-2] DEBUG org.asynchttpclient.netty.handler.HttpHandler - 

Request DefaultHttpRequest(decodeResult: success, version: HTTP/1.1)
POST /session/6626572912d7dee2ecd67c17986ddc0f/execute/sync HTTP/1.1
User-Agent: selenium/4.1.2 (java windows)
Content-Length: 48780
Content-Type: application/json; charset=utf-8
host: localhost:51630
accept: */*

Response DefaultHttpResponse(decodeResult: success, version: HTTP/1.1)
HTTP/1.1 200 OK
Content-Type: application/json; charset=utf-8
cache-control: no-cache
content-length: 14

09:45:05.883 [AsyncHttpClient-1-2] DEBUG org.asynchttpclient.netty.channel.ChannelManager - Adding key: http://localhost:51630 for channel [id: 0x1a7bf238, L:/127.0.0.1:52501 - R:localhost/127.0.0.1:51630]
09:45:05.922 [Forwarding findElement on session 6626572912d7dee2ecd67c17986ddc0f to remote] DEBUG org.asynchttpclient.netty.request.NettyRequestSender - Using pooled Channel '[id: 0x1a7bf238, L:/127.0.0.1:52501 - R:localhost/127.0.0.1:51630]' for 'POST' to 'http://localhost:51630/session/6626572912d7dee2ecd67c17986ddc0f/element'
09:45:05.923 [Forwarding findElement on session 6626572912d7dee2ecd67c17986ddc0f to remote] DEBUG org.asynchttpclient.netty.request.NettyRequestSender - Using open Channel [id: 0x1a7bf238, L:/127.0.0.1:52501 - R:localhost/127.0.0.1:51630] for POST '/session/6626572912d7dee2ecd67c17986ddc0f/element'
09:45:05.935 [AsyncHttpClient-1-2] DEBUG org.asynchttpclient.netty.handler.HttpHandler - 

Request DefaultHttpRequest(decodeResult: success, version: HTTP/1.1)
POST /session/6626572912d7dee2ecd67c17986ddc0f/element HTTP/1.1
User-Agent: selenium/4.1.2 (java windows)
Content-Length: 89
Content-Type: application/json; charset=utf-8
host: localhost:51630
accept: */*

Response DefaultHttpResponse(decodeResult: success, version: HTTP/1.1)
HTTP/1.1 200 OK
Content-Type: application/json; charset=utf-8
cache-control: no-cache
content-length: 88

09:45:05.935 [AsyncHttpClient-1-2] DEBUG org.asynchttpclient.netty.channel.ChannelManager - Adding key: http://localhost:51630 for channel [id: 0x1a7bf238, L:/127.0.0.1:52501 - R:localhost/127.0.0.1:51630]
09:45:05.939 [Forwarding clickElement on session 6626572912d7dee2ecd67c17986ddc0f to remote] DEBUG org.asynchttpclient.netty.request.NettyRequestSender - Using pooled Channel '[id: 0x1a7bf238, L:/127.0.0.1:52501 - R:localhost/127.0.0.1:51630]' for 'POST' to 'http://localhost:51630/session/6626572912d7dee2ecd67c17986ddc0f/element/5e52373d-07bf-4174-adda-4ce075424be6/click'
09:45:05.940 [Forwarding clickElement on session 6626572912d7dee2ecd67c17986ddc0f to remote] DEBUG org.asynchttpclient.netty.request.NettyRequestSender - Using open Channel [id: 0x1a7bf238, L:/127.0.0.1:52501 - R:localhost/127.0.0.1:51630] for POST '/session/6626572912d7dee2ecd67c17986ddc0f/element/5e52373d-07bf-4174-adda-4ce075424be6/click'
09:45:06.178 [AsyncHttpClient-1-2] DEBUG org.asynchttpclient.netty.handler.HttpHandler - 

Request DefaultHttpRequest(decodeResult: success, version: HTTP/1.1)
POST /session/6626572912d7dee2ecd67c17986ddc0f/element/5e52373d-07bf-4174-adda-4ce075424be6/click HTTP/1.1
User-Agent: selenium/4.1.2 (java windows)
Content-Length: 50
Content-Type: application/json; charset=utf-8
host: localhost:51630
accept: */*

Response DefaultHttpResponse(decodeResult: success, version: HTTP/1.1)
HTTP/1.1 200 OK
Content-Type: application/json; charset=utf-8
cache-control: no-cache
content-length: 14

09:45:06.179 [AsyncHttpClient-1-2] DEBUG org.asynchttpclient.netty.channel.ChannelManager - Adding key: http://localhost:51630 for channel [id: 0x1a7bf238, L:/127.0.0.1:52501 - R:localhost/127.0.0.1:51630]
09:45:06.236 [AsyncHttpClient-1-1] DEBUG org.asynchttpclient.netty.channel.DefaultChannelPool - Entry count for : http://localhost:52503 : 1
09:45:06.236 [AsyncHttpClient-1-1] DEBUG org.asynchttpclient.netty.channel.DefaultChannelPool - Entry count for : http://localhost:51630 : 1
09:45:06.244 [Forwarding screenshot on session 6626572912d7dee2ecd67c17986ddc0f to remote] DEBUG org.asynchttpclient.netty.request.NettyRequestSender - Using pooled Channel '[id: 0x1a7bf238, L:/127.0.0.1:52501 - R:localhost/127.0.0.1:51630]' for 'GET' to 'http://localhost:51630/session/6626572912d7dee2ecd67c17986ddc0f/screenshot'
09:45:06.244 [Forwarding screenshot on session 6626572912d7dee2ecd67c17986ddc0f to remote] DEBUG org.asynchttpclient.netty.request.NettyRequestSender - Using open Channel [id: 0x1a7bf238, L:/127.0.0.1:52501 - R:localhost/127.0.0.1:51630] for GET '/session/6626572912d7dee2ecd67c17986ddc0f/screenshot'
09:45:06.557 [AsyncHttpClient-1-2] DEBUG org.asynchttpclient.netty.handler.HttpHandler - 

Request DefaultFullHttpRequest(decodeResult: success, version: HTTP/1.1, content: EmptyByteBufBE)
GET /session/6626572912d7dee2ecd67c17986ddc0f/screenshot HTTP/1.1
User-Agent: selenium/4.1.2 (java windows)
Cache-Control: no-cache
Content-Type: application/json; charset=utf-8
host: localhost:51630
accept: */*

Response DefaultHttpResponse(decodeResult: success, version: HTTP/1.1)
HTTP/1.1 200 OK
Content-Type: application/json; charset=utf-8
cache-control: no-cache
content-length: 92816

09:45:06.558 [AsyncHttpClient-1-2] DEBUG org.asynchttpclient.netty.channel.ChannelManager - Adding key: http://localhost:51630 for channel [id: 0x1a7bf238, L:/127.0.0.1:52501 - R:localhost/127.0.0.1:51630]
09:45:06.568 [Test worker] DEBUG net.serenitybdd.core.photography.Darkroom - Send negative for processing for C:\Users\johan\OneDrive\Documentos\KONEX\Pruebas automatizadas\automatizacion_login_backoffice_1v\target\site\serenity\729c515113d502ef3e096def8a6b2521cd01f8e71fdacc9a2973ee79fbd9578d.png
09:45:06.568 [Darkroom Processing Line] DEBUG net.serenitybdd.core.photography.DarkroomProcessingLine - Processing screenshot image in /var/screenshots/screenshot-2724260890929215376
09:45:06.569 [Darkroom Processing Line] DEBUG net.serenitybdd.core.photography.DarkroomProcessingLine - Saving screenshot to C:\Users\johan\OneDrive\Documentos\KONEX\Pruebas automatizadas\automatizacion_login_backoffice_1v\target\site\serenity\729c515113d502ef3e096def8a6b2521cd01f8e71fdacc9a2973ee79fbd9578d.png
09:45:06.598 [Test worker] DEBUG net.thucydides.core.steps.StepInterceptor - STEP DONE: {0} clicks on #target
09:45:06.644 [Forwarding screenshot on session 6626572912d7dee2ecd67c17986ddc0f to remote] DEBUG org.asynchttpclient.netty.request.NettyRequestSender - Using pooled Channel '[id: 0x1a7bf238, L:/127.0.0.1:52501 - R:localhost/127.0.0.1:51630]' for 'GET' to 'http://localhost:51630/session/6626572912d7dee2ecd67c17986ddc0f/screenshot'
09:45:06.644 [Forwarding screenshot on session 6626572912d7dee2ecd67c17986ddc0f to remote] DEBUG org.asynchttpclient.netty.request.NettyRequestSender - Using open Channel [id: 0x1a7bf238, L:/127.0.0.1:52501 - R:localhost/127.0.0.1:51630] for GET '/session/6626572912d7dee2ecd67c17986ddc0f/screenshot'
09:45:06.796 [AsyncHttpClient-1-2] DEBUG org.asynchttpclient.netty.handler.HttpHandler - 

Request DefaultFullHttpRequest(decodeResult: success, version: HTTP/1.1, content: EmptyByteBufBE)
GET /session/6626572912d7dee2ecd67c17986ddc0f/screenshot HTTP/1.1
User-Agent: selenium/4.1.2 (java windows)
Cache-Control: no-cache
Content-Type: application/json; charset=utf-8
host: localhost:51630
accept: */*

Response DefaultHttpResponse(decodeResult: success, version: HTTP/1.1)
HTTP/1.1 200 OK
Content-Type: application/json; charset=utf-8
cache-control: no-cache
content-length: 106620

09:45:06.798 [AsyncHttpClient-1-2] DEBUG org.asynchttpclient.netty.channel.ChannelManager - Adding key: http://localhost:51630 for channel [id: 0x1a7bf238, L:/127.0.0.1:52501 - R:localhost/127.0.0.1:51630]
09:45:06.811 [Test worker] DEBUG net.serenitybdd.core.photography.Darkroom - Send negative for processing for C:\Users\johan\OneDrive\Documentos\KONEX\Pruebas automatizadas\automatizacion_login_backoffice_1v\target\site\serenity\8f69a7214ac874f6e24a252fefec2764588852d66eb2d3ff2fa576ae34b02c40.png
09:45:06.811 [Test worker] DEBUG net.thucydides.core.steps.StepInterceptor - STEP DONE: performAs
09:45:06.812 [Darkroom Processing Line] DEBUG net.serenitybdd.core.photography.DarkroomProcessingLine - Processing screenshot image in /var/screenshots/screenshot-4889397453902521809
09:45:06.812 [Darkroom Processing Line] DEBUG net.serenitybdd.core.photography.DarkroomProcessingLine - Saving screenshot to C:\Users\johan\OneDrive\Documentos\KONEX\Pruebas automatizadas\automatizacion_login_backoffice_1v\target\site\serenity\8f69a7214ac874f6e24a252fefec2764588852d66eb2d3ff2fa576ae34b02c40.png
09:45:06.885 [Forwarding screenshot on session 6626572912d7dee2ecd67c17986ddc0f to remote] DEBUG org.asynchttpclient.netty.request.NettyRequestSender - Using pooled Channel '[id: 0x1a7bf238, L:/127.0.0.1:52501 - R:localhost/127.0.0.1:51630]' for 'GET' to 'http://localhost:51630/session/6626572912d7dee2ecd67c17986ddc0f/screenshot'
09:45:06.885 [Forwarding screenshot on session 6626572912d7dee2ecd67c17986ddc0f to remote] DEBUG org.asynchttpclient.netty.request.NettyRequestSender - Using open Channel [id: 0x1a7bf238, L:/127.0.0.1:52501 - R:localhost/127.0.0.1:51630] for GET '/session/6626572912d7dee2ecd67c17986ddc0f/screenshot'
09:45:07.038 [AsyncHttpClient-1-2] DEBUG org.asynchttpclient.netty.handler.HttpHandler - 

Request DefaultFullHttpRequest(decodeResult: success, version: HTTP/1.1, content: EmptyByteBufBE)
GET /session/6626572912d7dee2ecd67c17986ddc0f/screenshot HTTP/1.1
User-Agent: selenium/4.1.2 (java windows)
Cache-Control: no-cache
Content-Type: application/json; charset=utf-8
host: localhost:51630
accept: */*

Response DefaultHttpResponse(decodeResult: success, version: HTTP/1.1)
HTTP/1.1 200 OK
Content-Type: application/json; charset=utf-8
cache-control: no-cache
content-length: 106620

09:45:07.039 [AsyncHttpClient-1-2] DEBUG org.asynchttpclient.netty.channel.ChannelManager - Adding key: http://localhost:51630 for channel [id: 0x1a7bf238, L:/127.0.0.1:52501 - R:localhost/127.0.0.1:51630]
09:45:07.050 [Test worker] DEBUG net.serenitybdd.core.photography.Darkroom - Send negative for processing for C:\Users\johan\OneDrive\Documentos\KONEX\Pruebas automatizadas\automatizacion_login_backoffice_1v\target\site\serenity\8f69a7214ac874f6e24a252fefec2764588852d66eb2d3ff2fa576ae34b02c40.png
09:45:07.108 [Forwarding screenshot on session 6626572912d7dee2ecd67c17986ddc0f to remote] DEBUG org.asynchttpclient.netty.request.NettyRequestSender - Using pooled Channel '[id: 0x1a7bf238, L:/127.0.0.1:52501 - R:localhost/127.0.0.1:51630]' for 'GET' to 'http://localhost:51630/session/6626572912d7dee2ecd67c17986ddc0f/screenshot'
09:45:07.108 [Forwarding screenshot on session 6626572912d7dee2ecd67c17986ddc0f to remote] DEBUG org.asynchttpclient.netty.request.NettyRequestSender - Using open Channel [id: 0x1a7bf238, L:/127.0.0.1:52501 - R:localhost/127.0.0.1:51630] for GET '/session/6626572912d7dee2ecd67c17986ddc0f/screenshot'
09:45:07.238 [AsyncHttpClient-1-2] DEBUG org.asynchttpclient.netty.handler.HttpHandler - 

Request DefaultFullHttpRequest(decodeResult: success, version: HTTP/1.1, content: EmptyByteBufBE)
GET /session/6626572912d7dee2ecd67c17986ddc0f/screenshot HTTP/1.1
User-Agent: selenium/4.1.2 (java windows)
Cache-Control: no-cache
Content-Type: application/json; charset=utf-8
host: localhost:51630
accept: */*

Response DefaultHttpResponse(decodeResult: success, version: HTTP/1.1)
HTTP/1.1 200 OK
Content-Type: application/json; charset=utf-8
cache-control: no-cache
content-length: 106708

09:45:07.238 [AsyncHttpClient-1-2] DEBUG org.asynchttpclient.netty.channel.ChannelManager - Adding key: http://localhost:51630 for channel [id: 0x1a7bf238, L:/127.0.0.1:52501 - R:localhost/127.0.0.1:51630]
09:45:07.242 [Test worker] DEBUG net.serenitybdd.core.photography.Darkroom - Send negative for processing for C:\Users\johan\OneDrive\Documentos\KONEX\Pruebas automatizadas\automatizacion_login_backoffice_1v\target\site\serenity\1e2ff989d9d9a1d0e2db3d6b6d4c72c5aca554c50925f138d835a3a01922845e.png
09:45:07.243 [Test worker] DEBUG net.thucydides.core.steps.StepInterceptor - STARTING STEP: AdminSorteoStepdefinitions.ingreseAlModuloEscrutinioYSubmoduloSorteo - performAs
09:45:07.243 [Darkroom Processing Line] DEBUG net.serenitybdd.core.photography.DarkroomProcessingLine - Processing screenshot image in /var/screenshots/screenshot-5028230886077260143
09:45:07.243 [Darkroom Processing Line] DEBUG net.serenitybdd.core.photography.DarkroomProcessingLine - Saving screenshot to C:\Users\johan\OneDrive\Documentos\KONEX\Pruebas automatizadas\automatizacion_login_backoffice_1v\target\site\serenity\1e2ff989d9d9a1d0e2db3d6b6d4c72c5aca554c50925f138d835a3a01922845e.png
09:45:07.263 [Test worker] DEBUG net.thucydides.core.steps.StepInterceptor - STARTING STEP: Clickear.performAs - {0} clicks on #target
09:45:07.264 [Test worker] DEBUG net.serenitybdd.screenplay.targets.IFrameSwitcher - default content already selected for Modulo de escrutinio
09:45:07.319 [Forwarding findElement on session 6626572912d7dee2ecd67c17986ddc0f to remote] DEBUG org.asynchttpclient.netty.request.NettyRequestSender - Using pooled Channel '[id: 0x1a7bf238, L:/127.0.0.1:52501 - R:localhost/127.0.0.1:51630]' for 'POST' to 'http://localhost:51630/session/6626572912d7dee2ecd67c17986ddc0f/element'
09:45:07.320 [Forwarding findElement on session 6626572912d7dee2ecd67c17986ddc0f to remote] DEBUG org.asynchttpclient.netty.request.NettyRequestSender - Using open Channel [id: 0x1a7bf238, L:/127.0.0.1:52501 - R:localhost/127.0.0.1:51630] for POST '/session/6626572912d7dee2ecd67c17986ddc0f/element'
09:45:07.330 [AsyncHttpClient-1-2] DEBUG org.asynchttpclient.netty.handler.HttpHandler - 

Request DefaultHttpRequest(decodeResult: success, version: HTTP/1.1)
POST /session/6626572912d7dee2ecd67c17986ddc0f/element HTTP/1.1
User-Agent: selenium/4.1.2 (java windows)
Content-Length: 83
Content-Type: application/json; charset=utf-8
host: localhost:51630
accept: */*

Response DefaultHttpResponse(decodeResult: success, version: HTTP/1.1)
HTTP/1.1 200 OK
Content-Type: application/json; charset=utf-8
cache-control: no-cache
content-length: 88

09:45:07.330 [AsyncHttpClient-1-2] DEBUG org.asynchttpclient.netty.channel.ChannelManager - Adding key: http://localhost:51630 for channel [id: 0x1a7bf238, L:/127.0.0.1:52501 - R:localhost/127.0.0.1:51630]
09:45:07.336 [AsyncHttpClient-1-1] DEBUG org.asynchttpclient.netty.channel.DefaultChannelPool - Entry count for : http://localhost:52503 : 1
09:45:07.336 [AsyncHttpClient-1-1] DEBUG org.asynchttpclient.netty.channel.DefaultChannelPool - Entry count for : http://localhost:51630 : 1
09:45:07.342 [Forwarding isElementDisplayed on session 6626572912d7dee2ecd67c17986ddc0f to remote] DEBUG org.asynchttpclient.netty.request.NettyRequestSender - Using pooled Channel '[id: 0x1a7bf238, L:/127.0.0.1:52501 - R:localhost/127.0.0.1:51630]' for 'POST' to 'http://localhost:51630/session/6626572912d7dee2ecd67c17986ddc0f/execute/sync'
09:45:07.342 [Forwarding isElementDisplayed on session 6626572912d7dee2ecd67c17986ddc0f to remote] DEBUG org.asynchttpclient.netty.request.NettyRequestSender - Using open Channel [id: 0x1a7bf238, L:/127.0.0.1:52501 - R:localhost/127.0.0.1:51630] for POST '/session/6626572912d7dee2ecd67c17986ddc0f/execute/sync'
09:45:07.352 [AsyncHttpClient-1-2] DEBUG org.asynchttpclient.netty.handler.HttpHandler - 

Request DefaultHttpRequest(decodeResult: success, version: HTTP/1.1)
POST /session/6626572912d7dee2ecd67c17986ddc0f/execute/sync HTTP/1.1
User-Agent: selenium/4.1.2 (java windows)
Content-Length: 48780
Content-Type: application/json; charset=utf-8
host: localhost:51630
accept: */*

Response DefaultHttpResponse(decodeResult: success, version: HTTP/1.1)
HTTP/1.1 200 OK
Content-Type: application/json; charset=utf-8
cache-control: no-cache
content-length: 14

09:45:07.352 [AsyncHttpClient-1-2] DEBUG org.asynchttpclient.netty.channel.ChannelManager - Adding key: http://localhost:51630 for channel [id: 0x1a7bf238, L:/127.0.0.1:52501 - R:localhost/127.0.0.1:51630]
09:45:07.372 [Forwarding findElement on session 6626572912d7dee2ecd67c17986ddc0f to remote] DEBUG org.asynchttpclient.netty.request.NettyRequestSender - Using pooled Channel '[id: 0x1a7bf238, L:/127.0.0.1:52501 - R:localhost/127.0.0.1:51630]' for 'POST' to 'http://localhost:51630/session/6626572912d7dee2ecd67c17986ddc0f/element'
09:45:07.372 [Forwarding findElement on session 6626572912d7dee2ecd67c17986ddc0f to remote] DEBUG org.asynchttpclient.netty.request.NettyRequestSender - Using open Channel [id: 0x1a7bf238, L:/127.0.0.1:52501 - R:localhost/127.0.0.1:51630] for POST '/session/6626572912d7dee2ecd67c17986ddc0f/element'
09:45:07.378 [AsyncHttpClient-1-2] DEBUG org.asynchttpclient.netty.handler.HttpHandler - 

Request DefaultHttpRequest(decodeResult: success, version: HTTP/1.1)
POST /session/6626572912d7dee2ecd67c17986ddc0f/element HTTP/1.1
User-Agent: selenium/4.1.2 (java windows)
Content-Length: 83
Content-Type: application/json; charset=utf-8
host: localhost:51630
accept: */*

Response DefaultHttpResponse(decodeResult: success, version: HTTP/1.1)
HTTP/1.1 200 OK
Content-Type: application/json; charset=utf-8
cache-control: no-cache
content-length: 88

09:45:07.378 [AsyncHttpClient-1-2] DEBUG org.asynchttpclient.netty.channel.ChannelManager - Adding key: http://localhost:51630 for channel [id: 0x1a7bf238, L:/127.0.0.1:52501 - R:localhost/127.0.0.1:51630]
09:45:07.380 [Forwarding clickElement on session 6626572912d7dee2ecd67c17986ddc0f to remote] DEBUG org.asynchttpclient.netty.request.NettyRequestSender - Using pooled Channel '[id: 0x1a7bf238, L:/127.0.0.1:52501 - R:localhost/127.0.0.1:51630]' for 'POST' to 'http://localhost:51630/session/6626572912d7dee2ecd67c17986ddc0f/element/bdee050c-4aa9-49f0-95fa-98b6ba96c41f/click'
09:45:07.380 [Forwarding clickElement on session 6626572912d7dee2ecd67c17986ddc0f to remote] DEBUG org.asynchttpclient.netty.request.NettyRequestSender - Using open Channel [id: 0x1a7bf238, L:/127.0.0.1:52501 - R:localhost/127.0.0.1:51630] for POST '/session/6626572912d7dee2ecd67c17986ddc0f/element/bdee050c-4aa9-49f0-95fa-98b6ba96c41f/click'
09:45:07.412 [AsyncHttpClient-1-2] DEBUG org.asynchttpclient.netty.handler.HttpHandler - 

Request DefaultHttpRequest(decodeResult: success, version: HTTP/1.1)
POST /session/6626572912d7dee2ecd67c17986ddc0f/element/bdee050c-4aa9-49f0-95fa-98b6ba96c41f/click HTTP/1.1
User-Agent: selenium/4.1.2 (java windows)
Content-Length: 50
Content-Type: application/json; charset=utf-8
host: localhost:51630
accept: */*

Response DefaultHttpResponse(decodeResult: success, version: HTTP/1.1)
HTTP/1.1 200 OK
Content-Type: application/json; charset=utf-8
cache-control: no-cache
content-length: 14

09:45:07.413 [AsyncHttpClient-1-2] DEBUG org.asynchttpclient.netty.channel.ChannelManager - Adding key: http://localhost:51630 for channel [id: 0x1a7bf238, L:/127.0.0.1:52501 - R:localhost/127.0.0.1:51630]
09:45:07.433 [Forwarding screenshot on session 6626572912d7dee2ecd67c17986ddc0f to remote] DEBUG org.asynchttpclient.netty.request.NettyRequestSender - Using pooled Channel '[id: 0x1a7bf238, L:/127.0.0.1:52501 - R:localhost/127.0.0.1:51630]' for 'GET' to 'http://localhost:51630/session/6626572912d7dee2ecd67c17986ddc0f/screenshot'
09:45:07.433 [Forwarding screenshot on session 6626572912d7dee2ecd67c17986ddc0f to remote] DEBUG org.asynchttpclient.netty.request.NettyRequestSender - Using open Channel [id: 0x1a7bf238, L:/127.0.0.1:52501 - R:localhost/127.0.0.1:51630] for GET '/session/6626572912d7dee2ecd67c17986ddc0f/screenshot'
09:45:07.561 [AsyncHttpClient-1-2] DEBUG org.asynchttpclient.netty.handler.HttpHandler - 

Request DefaultFullHttpRequest(decodeResult: success, version: HTTP/1.1, content: EmptyByteBufBE)
GET /session/6626572912d7dee2ecd67c17986ddc0f/screenshot HTTP/1.1
User-Agent: selenium/4.1.2 (java windows)
Cache-Control: no-cache
Content-Type: application/json; charset=utf-8
host: localhost:51630
accept: */*

Response DefaultHttpResponse(decodeResult: success, version: HTTP/1.1)
HTTP/1.1 200 OK
Content-Type: application/json; charset=utf-8
cache-control: no-cache
content-length: 119904

09:45:07.562 [AsyncHttpClient-1-2] DEBUG org.asynchttpclient.netty.channel.ChannelManager - Adding key: http://localhost:51630 for channel [id: 0x1a7bf238, L:/127.0.0.1:52501 - R:localhost/127.0.0.1:51630]
09:45:07.568 [Test worker] DEBUG net.serenitybdd.core.photography.Darkroom - Send negative for processing for C:\Users\johan\OneDrive\Documentos\KONEX\Pruebas automatizadas\automatizacion_login_backoffice_1v\target\site\serenity\73cde31a822aed3976e80b344652c2ecddbe60c195e831b1a9b873a34a185319.png
09:45:07.568 [Darkroom Processing Line] DEBUG net.serenitybdd.core.photography.DarkroomProcessingLine - Processing screenshot image in /var/screenshots/screenshot-127966319986132653
09:45:07.568 [Darkroom Processing Line] DEBUG net.serenitybdd.core.photography.DarkroomProcessingLine - Saving screenshot to C:\Users\johan\OneDrive\Documentos\KONEX\Pruebas automatizadas\automatizacion_login_backoffice_1v\target\site\serenity\73cde31a822aed3976e80b344652c2ecddbe60c195e831b1a9b873a34a185319.png
09:45:07.585 [Test worker] DEBUG net.thucydides.core.steps.StepInterceptor - STEP DONE: {0} clicks on #target
09:45:07.608 [Test worker] DEBUG net.thucydides.core.steps.StepInterceptor - STARTING STEP: Clickear.performAs - {0} clicks on #target
09:45:07.609 [Test worker] DEBUG net.serenitybdd.screenplay.targets.IFrameSwitcher - default content already selected for Submodulo sorteo
09:45:07.673 [Forwarding findElement on session 6626572912d7dee2ecd67c17986ddc0f to remote] DEBUG org.asynchttpclient.netty.request.NettyRequestSender - Using pooled Channel '[id: 0x1a7bf238, L:/127.0.0.1:52501 - R:localhost/127.0.0.1:51630]' for 'POST' to 'http://localhost:51630/session/6626572912d7dee2ecd67c17986ddc0f/element'
09:45:07.673 [Forwarding findElement on session 6626572912d7dee2ecd67c17986ddc0f to remote] DEBUG org.asynchttpclient.netty.request.NettyRequestSender - Using open Channel [id: 0x1a7bf238, L:/127.0.0.1:52501 - R:localhost/127.0.0.1:51630] for POST '/session/6626572912d7dee2ecd67c17986ddc0f/element'
09:45:07.684 [AsyncHttpClient-1-2] DEBUG org.asynchttpclient.netty.handler.HttpHandler - 

Request DefaultHttpRequest(decodeResult: success, version: HTTP/1.1)
POST /session/6626572912d7dee2ecd67c17986ddc0f/element HTTP/1.1
User-Agent: selenium/4.1.2 (java windows)
Content-Length: 118
Content-Type: application/json; charset=utf-8
host: localhost:51630
accept: */*

Response DefaultHttpResponse(decodeResult: success, version: HTTP/1.1)
HTTP/1.1 200 OK
Content-Type: application/json; charset=utf-8
cache-control: no-cache
content-length: 88

09:45:07.684 [AsyncHttpClient-1-2] DEBUG org.asynchttpclient.netty.channel.ChannelManager - Adding key: http://localhost:51630 for channel [id: 0x1a7bf238, L:/127.0.0.1:52501 - R:localhost/127.0.0.1:51630]
09:45:07.696 [Forwarding isElementDisplayed on session 6626572912d7dee2ecd67c17986ddc0f to remote] DEBUG org.asynchttpclient.netty.request.NettyRequestSender - Using pooled Channel '[id: 0x1a7bf238, L:/127.0.0.1:52501 - R:localhost/127.0.0.1:51630]' for 'POST' to 'http://localhost:51630/session/6626572912d7dee2ecd67c17986ddc0f/execute/sync'
09:45:07.696 [Forwarding isElementDisplayed on session 6626572912d7dee2ecd67c17986ddc0f to remote] DEBUG org.asynchttpclient.netty.request.NettyRequestSender - Using open Channel [id: 0x1a7bf238, L:/127.0.0.1:52501 - R:localhost/127.0.0.1:51630] for POST '/session/6626572912d7dee2ecd67c17986ddc0f/execute/sync'
09:45:07.705 [AsyncHttpClient-1-2] DEBUG org.asynchttpclient.netty.handler.HttpHandler - 

Request DefaultHttpRequest(decodeResult: success, version: HTTP/1.1)
POST /session/6626572912d7dee2ecd67c17986ddc0f/execute/sync HTTP/1.1
User-Agent: selenium/4.1.2 (java windows)
Content-Length: 48780
Content-Type: application/json; charset=utf-8
host: localhost:51630
accept: */*

Response DefaultHttpResponse(decodeResult: success, version: HTTP/1.1)
HTTP/1.1 200 OK
Content-Type: application/json; charset=utf-8
cache-control: no-cache
content-length: 14

09:45:07.705 [AsyncHttpClient-1-2] DEBUG org.asynchttpclient.netty.channel.ChannelManager - Adding key: http://localhost:51630 for channel [id: 0x1a7bf238, L:/127.0.0.1:52501 - R:localhost/127.0.0.1:51630]
09:45:07.725 [Forwarding findElement on session 6626572912d7dee2ecd67c17986ddc0f to remote] DEBUG org.asynchttpclient.netty.request.NettyRequestSender - Using pooled Channel '[id: 0x1a7bf238, L:/127.0.0.1:52501 - R:localhost/127.0.0.1:51630]' for 'POST' to 'http://localhost:51630/session/6626572912d7dee2ecd67c17986ddc0f/element'
09:45:07.725 [Forwarding findElement on session 6626572912d7dee2ecd67c17986ddc0f to remote] DEBUG org.asynchttpclient.netty.request.NettyRequestSender - Using open Channel [id: 0x1a7bf238, L:/127.0.0.1:52501 - R:localhost/127.0.0.1:51630] for POST '/session/6626572912d7dee2ecd67c17986ddc0f/element'
09:45:07.734 [AsyncHttpClient-1-2] DEBUG org.asynchttpclient.netty.handler.HttpHandler - 

Request DefaultHttpRequest(decodeResult: success, version: HTTP/1.1)
POST /session/6626572912d7dee2ecd67c17986ddc0f/element HTTP/1.1
User-Agent: selenium/4.1.2 (java windows)
Content-Length: 118
Content-Type: application/json; charset=utf-8
host: localhost:51630
accept: */*

Response DefaultHttpResponse(decodeResult: success, version: HTTP/1.1)
HTTP/1.1 200 OK
Content-Type: application/json; charset=utf-8
cache-control: no-cache
content-length: 88

09:45:07.734 [AsyncHttpClient-1-2] DEBUG org.asynchttpclient.netty.channel.ChannelManager - Adding key: http://localhost:51630 for channel [id: 0x1a7bf238, L:/127.0.0.1:52501 - R:localhost/127.0.0.1:51630]
09:45:07.735 [Forwarding clickElement on session 6626572912d7dee2ecd67c17986ddc0f to remote] DEBUG org.asynchttpclient.netty.request.NettyRequestSender - Using pooled Channel '[id: 0x1a7bf238, L:/127.0.0.1:52501 - R:localhost/127.0.0.1:51630]' for 'POST' to 'http://localhost:51630/session/6626572912d7dee2ecd67c17986ddc0f/element/53daed6f-41d8-4565-a26b-581bf796e40a/click'
09:45:07.735 [Forwarding clickElement on session 6626572912d7dee2ecd67c17986ddc0f to remote] DEBUG org.asynchttpclient.netty.request.NettyRequestSender - Using open Channel [id: 0x1a7bf238, L:/127.0.0.1:52501 - R:localhost/127.0.0.1:51630] for POST '/session/6626572912d7dee2ecd67c17986ddc0f/element/53daed6f-41d8-4565-a26b-581bf796e40a/click'
09:45:07.810 [AsyncHttpClient-1-2] DEBUG org.asynchttpclient.netty.handler.HttpHandler - 

Request DefaultHttpRequest(decodeResult: success, version: HTTP/1.1)
POST /session/6626572912d7dee2ecd67c17986ddc0f/element/53daed6f-41d8-4565-a26b-581bf796e40a/click HTTP/1.1
User-Agent: selenium/4.1.2 (java windows)
Content-Length: 50
Content-Type: application/json; charset=utf-8
host: localhost:51630
accept: */*

Response DefaultHttpResponse(decodeResult: success, version: HTTP/1.1)
HTTP/1.1 200 OK
Content-Type: application/json; charset=utf-8
cache-control: no-cache
content-length: 14

09:45:07.811 [AsyncHttpClient-1-2] DEBUG org.asynchttpclient.netty.channel.ChannelManager - Adding key: http://localhost:51630 for channel [id: 0x1a7bf238, L:/127.0.0.1:52501 - R:localhost/127.0.0.1:51630]
09:45:07.829 [Forwarding screenshot on session 6626572912d7dee2ecd67c17986ddc0f to remote] DEBUG org.asynchttpclient.netty.request.NettyRequestSender - Using pooled Channel '[id: 0x1a7bf238, L:/127.0.0.1:52501 - R:localhost/127.0.0.1:51630]' for 'GET' to 'http://localhost:51630/session/6626572912d7dee2ecd67c17986ddc0f/screenshot'
09:45:07.830 [Forwarding screenshot on session 6626572912d7dee2ecd67c17986ddc0f to remote] DEBUG org.asynchttpclient.netty.request.NettyRequestSender - Using open Channel [id: 0x1a7bf238, L:/127.0.0.1:52501 - R:localhost/127.0.0.1:51630] for GET '/session/6626572912d7dee2ecd67c17986ddc0f/screenshot'
09:45:08.104 [AsyncHttpClient-1-2] DEBUG org.asynchttpclient.netty.handler.HttpHandler - 

Request DefaultFullHttpRequest(decodeResult: success, version: HTTP/1.1, content: EmptyByteBufBE)
GET /session/6626572912d7dee2ecd67c17986ddc0f/screenshot HTTP/1.1
User-Agent: selenium/4.1.2 (java windows)
Cache-Control: no-cache
Content-Type: application/json; charset=utf-8
host: localhost:51630
accept: */*

Response DefaultHttpResponse(decodeResult: success, version: HTTP/1.1)
HTTP/1.1 200 OK
Content-Type: application/json; charset=utf-8
cache-control: no-cache
content-length: 132092

09:45:08.104 [AsyncHttpClient-1-2] DEBUG org.asynchttpclient.netty.channel.ChannelManager - Adding key: http://localhost:51630 for channel [id: 0x1a7bf238, L:/127.0.0.1:52501 - R:localhost/127.0.0.1:51630]
09:45:08.109 [Test worker] DEBUG net.serenitybdd.core.photography.Darkroom - Send negative for processing for C:\Users\johan\OneDrive\Documentos\KONEX\Pruebas automatizadas\automatizacion_login_backoffice_1v\target\site\serenity\39b0d76ee92d28283e12dd1218eeef35fe496b214f9e9d28956664db9771ba4e.png
09:45:08.110 [Darkroom Processing Line] DEBUG net.serenitybdd.core.photography.DarkroomProcessingLine - Processing screenshot image in /var/screenshots/screenshot-1104218602615802971
09:45:08.110 [Darkroom Processing Line] DEBUG net.serenitybdd.core.photography.DarkroomProcessingLine - Saving screenshot to C:\Users\johan\OneDrive\Documentos\KONEX\Pruebas automatizadas\automatizacion_login_backoffice_1v\target\site\serenity\39b0d76ee92d28283e12dd1218eeef35fe496b214f9e9d28956664db9771ba4e.png
09:45:08.128 [Test worker] DEBUG net.thucydides.core.steps.StepInterceptor - STEP DONE: {0} clicks on #target
09:45:08.144 [Test worker] DEBUG net.thucydides.core.steps.StepInterceptor - STARTING STEP: Clickear.performAs - {0} clicks on #target
09:45:08.144 [Test worker] DEBUG net.serenitybdd.screenplay.targets.IFrameSwitcher - default content already selected for Boton crear sorteo+
09:45:08.211 [Forwarding findElement on session 6626572912d7dee2ecd67c17986ddc0f to remote] DEBUG org.asynchttpclient.netty.request.NettyRequestSender - Using pooled Channel '[id: 0x1a7bf238, L:/127.0.0.1:52501 - R:localhost/127.0.0.1:51630]' for 'POST' to 'http://localhost:51630/session/6626572912d7dee2ecd67c17986ddc0f/element'
09:45:08.211 [Forwarding findElement on session 6626572912d7dee2ecd67c17986ddc0f to remote] DEBUG org.asynchttpclient.netty.request.NettyRequestSender - Using open Channel [id: 0x1a7bf238, L:/127.0.0.1:52501 - R:localhost/127.0.0.1:51630] for POST '/session/6626572912d7dee2ecd67c17986ddc0f/element'
09:45:08.221 [AsyncHttpClient-1-2] DEBUG org.asynchttpclient.netty.handler.HttpHandler - 

Request DefaultHttpRequest(decodeResult: success, version: HTTP/1.1)
POST /session/6626572912d7dee2ecd67c17986ddc0f/element HTTP/1.1
User-Agent: selenium/4.1.2 (java windows)
Content-Length: 94
Content-Type: application/json; charset=utf-8
host: localhost:51630
accept: */*

Response DefaultHttpResponse(decodeResult: success, version: HTTP/1.1)
HTTP/1.1 200 OK
Content-Type: application/json; charset=utf-8
cache-control: no-cache
content-length: 88

09:45:08.221 [AsyncHttpClient-1-2] DEBUG org.asynchttpclient.netty.channel.ChannelManager - Adding key: http://localhost:51630 for channel [id: 0x1a7bf238, L:/127.0.0.1:52501 - R:localhost/127.0.0.1:51630]
09:45:08.233 [Forwarding isElementDisplayed on session 6626572912d7dee2ecd67c17986ddc0f to remote] DEBUG org.asynchttpclient.netty.request.NettyRequestSender - Using pooled Channel '[id: 0x1a7bf238, L:/127.0.0.1:52501 - R:localhost/127.0.0.1:51630]' for 'POST' to 'http://localhost:51630/session/6626572912d7dee2ecd67c17986ddc0f/execute/sync'
09:45:08.233 [Forwarding isElementDisplayed on session 6626572912d7dee2ecd67c17986ddc0f to remote] DEBUG org.asynchttpclient.netty.request.NettyRequestSender - Using open Channel [id: 0x1a7bf238, L:/127.0.0.1:52501 - R:localhost/127.0.0.1:51630] for POST '/session/6626572912d7dee2ecd67c17986ddc0f/execute/sync'
09:45:08.243 [AsyncHttpClient-1-2] DEBUG org.asynchttpclient.netty.handler.HttpHandler - 

Request DefaultHttpRequest(decodeResult: success, version: HTTP/1.1)
POST /session/6626572912d7dee2ecd67c17986ddc0f/execute/sync HTTP/1.1
User-Agent: selenium/4.1.2 (java windows)
Content-Length: 48780
Content-Type: application/json; charset=utf-8
host: localhost:51630
accept: */*

Response DefaultHttpResponse(decodeResult: success, version: HTTP/1.1)
HTTP/1.1 200 OK
Content-Type: application/json; charset=utf-8
cache-control: no-cache
content-length: 14

09:45:08.243 [AsyncHttpClient-1-2] DEBUG org.asynchttpclient.netty.channel.ChannelManager - Adding key: http://localhost:51630 for channel [id: 0x1a7bf238, L:/127.0.0.1:52501 - R:localhost/127.0.0.1:51630]
09:45:08.262 [Forwarding findElement on session 6626572912d7dee2ecd67c17986ddc0f to remote] DEBUG org.asynchttpclient.netty.request.NettyRequestSender - Using pooled Channel '[id: 0x1a7bf238, L:/127.0.0.1:52501 - R:localhost/127.0.0.1:51630]' for 'POST' to 'http://localhost:51630/session/6626572912d7dee2ecd67c17986ddc0f/element'
09:45:08.263 [Forwarding findElement on session 6626572912d7dee2ecd67c17986ddc0f to remote] DEBUG org.asynchttpclient.netty.request.NettyRequestSender - Using open Channel [id: 0x1a7bf238, L:/127.0.0.1:52501 - R:localhost/127.0.0.1:51630] for POST '/session/6626572912d7dee2ecd67c17986ddc0f/element'
09:45:08.269 [AsyncHttpClient-1-2] DEBUG org.asynchttpclient.netty.handler.HttpHandler - 

Request DefaultHttpRequest(decodeResult: success, version: HTTP/1.1)
POST /session/6626572912d7dee2ecd67c17986ddc0f/element HTTP/1.1
User-Agent: selenium/4.1.2 (java windows)
Content-Length: 94
Content-Type: application/json; charset=utf-8
host: localhost:51630
accept: */*

Response DefaultHttpResponse(decodeResult: success, version: HTTP/1.1)
HTTP/1.1 200 OK
Content-Type: application/json; charset=utf-8
cache-control: no-cache
content-length: 88

09:45:08.270 [AsyncHttpClient-1-2] DEBUG org.asynchttpclient.netty.channel.ChannelManager - Adding key: http://localhost:51630 for channel [id: 0x1a7bf238, L:/127.0.0.1:52501 - R:localhost/127.0.0.1:51630]
09:45:08.271 [Forwarding clickElement on session 6626572912d7dee2ecd67c17986ddc0f to remote] DEBUG org.asynchttpclient.netty.request.NettyRequestSender - Using pooled Channel '[id: 0x1a7bf238, L:/127.0.0.1:52501 - R:localhost/127.0.0.1:51630]' for 'POST' to 'http://localhost:51630/session/6626572912d7dee2ecd67c17986ddc0f/element/a91efb0c-2bc7-484d-9d98-6d1d22fd9f86/click'
09:45:08.271 [Forwarding clickElement on session 6626572912d7dee2ecd67c17986ddc0f to remote] DEBUG org.asynchttpclient.netty.request.NettyRequestSender - Using open Channel [id: 0x1a7bf238, L:/127.0.0.1:52501 - R:localhost/127.0.0.1:51630] for POST '/session/6626572912d7dee2ecd67c17986ddc0f/element/a91efb0c-2bc7-484d-9d98-6d1d22fd9f86/click'
09:45:08.372 [AsyncHttpClient-1-2] DEBUG org.asynchttpclient.netty.handler.HttpHandler - 

Request DefaultHttpRequest(decodeResult: success, version: HTTP/1.1)
POST /session/6626572912d7dee2ecd67c17986ddc0f/element/a91efb0c-2bc7-484d-9d98-6d1d22fd9f86/click HTTP/1.1
User-Agent: selenium/4.1.2 (java windows)
Content-Length: 50
Content-Type: application/json; charset=utf-8
host: localhost:51630
accept: */*

Response DefaultHttpResponse(decodeResult: success, version: HTTP/1.1)
HTTP/1.1 200 OK
Content-Type: application/json; charset=utf-8
cache-control: no-cache
content-length: 14

09:45:08.372 [AsyncHttpClient-1-2] DEBUG org.asynchttpclient.netty.channel.ChannelManager - Adding key: http://localhost:51630 for channel [id: 0x1a7bf238, L:/127.0.0.1:52501 - R:localhost/127.0.0.1:51630]
09:45:08.392 [Forwarding screenshot on session 6626572912d7dee2ecd67c17986ddc0f to remote] DEBUG org.asynchttpclient.netty.request.NettyRequestSender - Using pooled Channel '[id: 0x1a7bf238, L:/127.0.0.1:52501 - R:localhost/127.0.0.1:51630]' for 'GET' to 'http://localhost:51630/session/6626572912d7dee2ecd67c17986ddc0f/screenshot'
09:45:08.392 [Forwarding screenshot on session 6626572912d7dee2ecd67c17986ddc0f to remote] DEBUG org.asynchttpclient.netty.request.NettyRequestSender - Using open Channel [id: 0x1a7bf238, L:/127.0.0.1:52501 - R:localhost/127.0.0.1:51630] for GET '/session/6626572912d7dee2ecd67c17986ddc0f/screenshot'
09:45:08.438 [AsyncHttpClient-1-1] DEBUG org.asynchttpclient.netty.channel.DefaultChannelPool - Entry count for : http://localhost:52503 : 1
09:45:08.607 [AsyncHttpClient-1-2] DEBUG org.asynchttpclient.netty.handler.HttpHandler - 

Request DefaultFullHttpRequest(decodeResult: success, version: HTTP/1.1, content: EmptyByteBufBE)
GET /session/6626572912d7dee2ecd67c17986ddc0f/screenshot HTTP/1.1
User-Agent: selenium/4.1.2 (java windows)
Cache-Control: no-cache
Content-Type: application/json; charset=utf-8
host: localhost:51630
accept: */*

Response DefaultHttpResponse(decodeResult: success, version: HTTP/1.1)
HTTP/1.1 200 OK
Content-Type: application/json; charset=utf-8
cache-control: no-cache
content-length: 127296

09:45:08.608 [AsyncHttpClient-1-2] DEBUG org.asynchttpclient.netty.channel.ChannelManager - Adding key: http://localhost:51630 for channel [id: 0x1a7bf238, L:/127.0.0.1:52501 - R:localhost/127.0.0.1:51630]
09:45:08.614 [Test worker] DEBUG net.serenitybdd.core.photography.Darkroom - Send negative for processing for C:\Users\johan\OneDrive\Documentos\KONEX\Pruebas automatizadas\automatizacion_login_backoffice_1v\target\site\serenity\2506c053590cebb0b116a65856753773a1f0be39bc6aba0f47a1365375c95326.png
09:45:08.615 [Darkroom Processing Line] DEBUG net.serenitybdd.core.photography.DarkroomProcessingLine - Processing screenshot image in /var/screenshots/screenshot-5179696608403440746
09:45:08.615 [Darkroom Processing Line] DEBUG net.serenitybdd.core.photography.DarkroomProcessingLine - Saving screenshot to C:\Users\johan\OneDrive\Documentos\KONEX\Pruebas automatizadas\automatizacion_login_backoffice_1v\target\site\serenity\2506c053590cebb0b116a65856753773a1f0be39bc6aba0f47a1365375c95326.png
09:45:08.631 [Test worker] DEBUG net.thucydides.core.steps.StepInterceptor - STEP DONE: {0} clicks on #target
09:45:08.655 [Test worker] DEBUG net.thucydides.core.steps.StepInterceptor - STEP DONE: performAs
09:45:08.675 [Forwarding screenshot on session 6626572912d7dee2ecd67c17986ddc0f to remote] DEBUG org.asynchttpclient.netty.request.NettyRequestSender - Using pooled Channel '[id: 0x1a7bf238, L:/127.0.0.1:52501 - R:localhost/127.0.0.1:51630]' for 'GET' to 'http://localhost:51630/session/6626572912d7dee2ecd67c17986ddc0f/screenshot'
09:45:08.675 [Forwarding screenshot on session 6626572912d7dee2ecd67c17986ddc0f to remote] DEBUG org.asynchttpclient.netty.request.NettyRequestSender - Using open Channel [id: 0x1a7bf238, L:/127.0.0.1:52501 - R:localhost/127.0.0.1:51630] for GET '/session/6626572912d7dee2ecd67c17986ddc0f/screenshot'
09:45:08.791 [AsyncHttpClient-1-2] DEBUG org.asynchttpclient.netty.handler.HttpHandler - 

Request DefaultFullHttpRequest(decodeResult: success, version: HTTP/1.1, content: EmptyByteBufBE)
GET /session/6626572912d7dee2ecd67c17986ddc0f/screenshot HTTP/1.1
User-Agent: selenium/4.1.2 (java windows)
Cache-Control: no-cache
Content-Type: application/json; charset=utf-8
host: localhost:51630
accept: */*

Response DefaultHttpResponse(decodeResult: success, version: HTTP/1.1)
HTTP/1.1 200 OK
Content-Type: application/json; charset=utf-8
cache-control: no-cache
content-length: 128052

09:45:08.791 [AsyncHttpClient-1-2] DEBUG org.asynchttpclient.netty.channel.ChannelManager - Adding key: http://localhost:51630 for channel [id: 0x1a7bf238, L:/127.0.0.1:52501 - R:localhost/127.0.0.1:51630]
09:45:08.798 [Test worker] DEBUG net.serenitybdd.core.photography.Darkroom - Send negative for processing for C:\Users\johan\OneDrive\Documentos\KONEX\Pruebas automatizadas\automatizacion_login_backoffice_1v\target\site\serenity\7344439a2252215686410bb94b7930fed36903a0b821e8010fd37f34ec251056.png
09:45:08.798 [Darkroom Processing Line] DEBUG net.serenitybdd.core.photography.DarkroomProcessingLine - Processing screenshot image in /var/screenshots/screenshot-2372732420530811372
09:45:08.798 [Darkroom Processing Line] DEBUG net.serenitybdd.core.photography.DarkroomProcessingLine - Saving screenshot to C:\Users\johan\OneDrive\Documentos\KONEX\Pruebas automatizadas\automatizacion_login_backoffice_1v\target\site\serenity\7344439a2252215686410bb94b7930fed36903a0b821e8010fd37f34ec251056.png
09:45:08.832 [Test worker] DEBUG net.thucydides.core.steps.StepInterceptor - STARTING STEP: AdminSorteoStepdefinitions.creeUnSorteo - performAs
09:45:08.882 [Forwarding screenshot on session 6626572912d7dee2ecd67c17986ddc0f to remote] DEBUG org.asynchttpclient.netty.request.NettyRequestSender - Using pooled Channel '[id: 0x1a7bf238, L:/127.0.0.1:52501 - R:localhost/127.0.0.1:51630]' for 'GET' to 'http://localhost:51630/session/6626572912d7dee2ecd67c17986ddc0f/screenshot'
09:45:08.882 [Forwarding screenshot on session 6626572912d7dee2ecd67c17986ddc0f to remote] DEBUG org.asynchttpclient.netty.request.NettyRequestSender - Using open Channel [id: 0x1a7bf238, L:/127.0.0.1:52501 - R:localhost/127.0.0.1:51630] for GET '/session/6626572912d7dee2ecd67c17986ddc0f/screenshot'
09:45:08.996 [AsyncHttpClient-1-2] DEBUG org.asynchttpclient.netty.handler.HttpHandler - 

Request DefaultFullHttpRequest(decodeResult: success, version: HTTP/1.1, content: EmptyByteBufBE)
GET /session/6626572912d7dee2ecd67c17986ddc0f/screenshot HTTP/1.1
User-Agent: selenium/4.1.2 (java windows)
Cache-Control: no-cache
Content-Type: application/json; charset=utf-8
host: localhost:51630
accept: */*

Response DefaultHttpResponse(decodeResult: success, version: HTTP/1.1)
HTTP/1.1 200 OK
Content-Type: application/json; charset=utf-8
cache-control: no-cache
content-length: 129156

09:45:08.996 [AsyncHttpClient-1-2] DEBUG org.asynchttpclient.netty.channel.ChannelManager - Adding key: http://localhost:51630 for channel [id: 0x1a7bf238, L:/127.0.0.1:52501 - R:localhost/127.0.0.1:51630]
09:45:09.002 [Test worker] DEBUG net.serenitybdd.core.photography.Darkroom - Send negative for processing for C:\Users\johan\OneDrive\Documentos\KONEX\Pruebas automatizadas\automatizacion_login_backoffice_1v\target\site\serenity\80c13136d33961e9862c48a8bf62f58ad6c42db469882520ae53cd8f6a8d9174.png
09:45:09.003 [Darkroom Processing Line] DEBUG net.serenitybdd.core.photography.DarkroomProcessingLine - Processing screenshot image in /var/screenshots/screenshot-8403798898795546313
09:45:09.003 [Darkroom Processing Line] DEBUG net.serenitybdd.core.photography.DarkroomProcessingLine - Saving screenshot to C:\Users\johan\OneDrive\Documentos\KONEX\Pruebas automatizadas\automatizacion_login_backoffice_1v\target\site\serenity\80c13136d33961e9862c48a8bf62f58ad6c42db469882520ae53cd8f6a8d9174.png
09:45:09.003 [Test worker] DEBUG net.thucydides.core.steps.StepInterceptor - STARTING STEP: Crear.performAs - {0} clicks on #target
09:45:09.004 [Test worker] DEBUG net.serenitybdd.screenplay.targets.IFrameSwitcher - default content already selected for campo fecha inicial sorteo
09:45:09.072 [Forwarding findElement on session 6626572912d7dee2ecd67c17986ddc0f to remote] DEBUG org.asynchttpclient.netty.request.NettyRequestSender - Using pooled Channel '[id: 0x1a7bf238, L:/127.0.0.1:52501 - R:localhost/127.0.0.1:51630]' for 'POST' to 'http://localhost:51630/session/6626572912d7dee2ecd67c17986ddc0f/element'
09:45:09.072 [Forwarding findElement on session 6626572912d7dee2ecd67c17986ddc0f to remote] DEBUG org.asynchttpclient.netty.request.NettyRequestSender - Using open Channel [id: 0x1a7bf238, L:/127.0.0.1:52501 - R:localhost/127.0.0.1:51630] for POST '/session/6626572912d7dee2ecd67c17986ddc0f/element'
09:45:09.083 [AsyncHttpClient-1-2] DEBUG org.asynchttpclient.netty.handler.HttpHandler - 

Request DefaultHttpRequest(decodeResult: success, version: HTTP/1.1)
POST /session/6626572912d7dee2ecd67c17986ddc0f/element HTTP/1.1
User-Agent: selenium/4.1.2 (java windows)
Content-Length: 51
Content-Type: application/json; charset=utf-8
host: localhost:51630
accept: */*

Response DefaultHttpResponse(decodeResult: success, version: HTTP/1.1)
HTTP/1.1 200 OK
Content-Type: application/json; charset=utf-8
cache-control: no-cache
content-length: 88

09:45:09.083 [AsyncHttpClient-1-2] DEBUG org.asynchttpclient.netty.channel.ChannelManager - Adding key: http://localhost:51630 for channel [id: 0x1a7bf238, L:/127.0.0.1:52501 - R:localhost/127.0.0.1:51630]
09:45:09.095 [Forwarding isElementDisplayed on session 6626572912d7dee2ecd67c17986ddc0f to remote] DEBUG org.asynchttpclient.netty.request.NettyRequestSender - Using pooled Channel '[id: 0x1a7bf238, L:/127.0.0.1:52501 - R:localhost/127.0.0.1:51630]' for 'POST' to 'http://localhost:51630/session/6626572912d7dee2ecd67c17986ddc0f/execute/sync'
09:45:09.095 [Forwarding isElementDisplayed on session 6626572912d7dee2ecd67c17986ddc0f to remote] DEBUG org.asynchttpclient.netty.request.NettyRequestSender - Using open Channel [id: 0x1a7bf238, L:/127.0.0.1:52501 - R:localhost/127.0.0.1:51630] for POST '/session/6626572912d7dee2ecd67c17986ddc0f/execute/sync'
09:45:09.104 [AsyncHttpClient-1-2] DEBUG org.asynchttpclient.netty.handler.HttpHandler - 

Request DefaultHttpRequest(decodeResult: success, version: HTTP/1.1)
POST /session/6626572912d7dee2ecd67c17986ddc0f/execute/sync HTTP/1.1
User-Agent: selenium/4.1.2 (java windows)
Content-Length: 48780
Content-Type: application/json; charset=utf-8
host: localhost:51630
accept: */*

Response DefaultHttpResponse(decodeResult: success, version: HTTP/1.1)
HTTP/1.1 200 OK
Content-Type: application/json; charset=utf-8
cache-control: no-cache
content-length: 14

09:45:09.105 [AsyncHttpClient-1-2] DEBUG org.asynchttpclient.netty.channel.ChannelManager - Adding key: http://localhost:51630 for channel [id: 0x1a7bf238, L:/127.0.0.1:52501 - R:localhost/127.0.0.1:51630]
09:45:09.122 [Forwarding findElement on session 6626572912d7dee2ecd67c17986ddc0f to remote] DEBUG org.asynchttpclient.netty.request.NettyRequestSender - Using pooled Channel '[id: 0x1a7bf238, L:/127.0.0.1:52501 - R:localhost/127.0.0.1:51630]' for 'POST' to 'http://localhost:51630/session/6626572912d7dee2ecd67c17986ddc0f/element'
09:45:09.122 [Forwarding findElement on session 6626572912d7dee2ecd67c17986ddc0f to remote] DEBUG org.asynchttpclient.netty.request.NettyRequestSender - Using open Channel [id: 0x1a7bf238, L:/127.0.0.1:52501 - R:localhost/127.0.0.1:51630] for POST '/session/6626572912d7dee2ecd67c17986ddc0f/element'
09:45:09.129 [AsyncHttpClient-1-2] DEBUG org.asynchttpclient.netty.handler.HttpHandler - 

Request DefaultHttpRequest(decodeResult: success, version: HTTP/1.1)
POST /session/6626572912d7dee2ecd67c17986ddc0f/element HTTP/1.1
User-Agent: selenium/4.1.2 (java windows)
Content-Length: 51
Content-Type: application/json; charset=utf-8
host: localhost:51630
accept: */*

Response DefaultHttpResponse(decodeResult: success, version: HTTP/1.1)
HTTP/1.1 200 OK
Content-Type: application/json; charset=utf-8
cache-control: no-cache
content-length: 88

09:45:09.129 [AsyncHttpClient-1-2] DEBUG org.asynchttpclient.netty.channel.ChannelManager - Adding key: http://localhost:51630 for channel [id: 0x1a7bf238, L:/127.0.0.1:52501 - R:localhost/127.0.0.1:51630]
09:45:09.131 [Forwarding clickElement on session 6626572912d7dee2ecd67c17986ddc0f to remote] DEBUG org.asynchttpclient.netty.request.NettyRequestSender - Using pooled Channel '[id: 0x1a7bf238, L:/127.0.0.1:52501 - R:localhost/127.0.0.1:51630]' for 'POST' to 'http://localhost:51630/session/6626572912d7dee2ecd67c17986ddc0f/element/1b84c347-4587-498e-9184-55aca3ea6f99/click'
09:45:09.131 [Forwarding clickElement on session 6626572912d7dee2ecd67c17986ddc0f to remote] DEBUG org.asynchttpclient.netty.request.NettyRequestSender - Using open Channel [id: 0x1a7bf238, L:/127.0.0.1:52501 - R:localhost/127.0.0.1:51630] for POST '/session/6626572912d7dee2ecd67c17986ddc0f/element/1b84c347-4587-498e-9184-55aca3ea6f99/click'
09:45:09.207 [AsyncHttpClient-1-2] DEBUG org.asynchttpclient.netty.handler.HttpHandler - 

Request DefaultHttpRequest(decodeResult: success, version: HTTP/1.1)
POST /session/6626572912d7dee2ecd67c17986ddc0f/element/1b84c347-4587-498e-9184-55aca3ea6f99/click HTTP/1.1
User-Agent: selenium/4.1.2 (java windows)
Content-Length: 50
Content-Type: application/json; charset=utf-8
host: localhost:51630
accept: */*

Response DefaultHttpResponse(decodeResult: success, version: HTTP/1.1)
HTTP/1.1 200 OK
Content-Type: application/json; charset=utf-8
cache-control: no-cache
content-length: 14

09:45:09.208 [AsyncHttpClient-1-2] DEBUG org.asynchttpclient.netty.channel.ChannelManager - Adding key: http://localhost:51630 for channel [id: 0x1a7bf238, L:/127.0.0.1:52501 - R:localhost/127.0.0.1:51630]
09:45:09.255 [Forwarding screenshot on session 6626572912d7dee2ecd67c17986ddc0f to remote] DEBUG org.asynchttpclient.netty.request.NettyRequestSender - Using pooled Channel '[id: 0x1a7bf238, L:/127.0.0.1:52501 - R:localhost/127.0.0.1:51630]' for 'GET' to 'http://localhost:51630/session/6626572912d7dee2ecd67c17986ddc0f/screenshot'
09:45:09.255 [Forwarding screenshot on session 6626572912d7dee2ecd67c17986ddc0f to remote] DEBUG org.asynchttpclient.netty.request.NettyRequestSender - Using open Channel [id: 0x1a7bf238, L:/127.0.0.1:52501 - R:localhost/127.0.0.1:51630] for GET '/session/6626572912d7dee2ecd67c17986ddc0f/screenshot'
09:45:09.469 [AsyncHttpClient-1-2] DEBUG org.asynchttpclient.netty.handler.HttpHandler - 

Request DefaultFullHttpRequest(decodeResult: success, version: HTTP/1.1, content: EmptyByteBufBE)
GET /session/6626572912d7dee2ecd67c17986ddc0f/screenshot HTTP/1.1
User-Agent: selenium/4.1.2 (java windows)
Cache-Control: no-cache
Content-Type: application/json; charset=utf-8
host: localhost:51630
accept: */*

Response DefaultHttpResponse(decodeResult: success, version: HTTP/1.1)
HTTP/1.1 200 OK
Content-Type: application/json; charset=utf-8
cache-control: no-cache
content-length: 148208

09:45:09.471 [AsyncHttpClient-1-2] DEBUG org.asynchttpclient.netty.channel.ChannelManager - Adding key: http://localhost:51630 for channel [id: 0x1a7bf238, L:/127.0.0.1:52501 - R:localhost/127.0.0.1:51630]
09:45:09.482 [Test worker] DEBUG net.serenitybdd.core.photography.Darkroom - Send negative for processing for C:\Users\johan\OneDrive\Documentos\KONEX\Pruebas automatizadas\automatizacion_login_backoffice_1v\target\site\serenity\9b5ab8623c3917738dbf24094f55ec338dd2c9da8bf4fb849377429cd81dc7f4.png
09:45:09.483 [Darkroom Processing Line] DEBUG net.serenitybdd.core.photography.DarkroomProcessingLine - Processing screenshot image in /var/screenshots/screenshot-515470652455694658
09:45:09.483 [Darkroom Processing Line] DEBUG net.serenitybdd.core.photography.DarkroomProcessingLine - Saving screenshot to C:\Users\johan\OneDrive\Documentos\KONEX\Pruebas automatizadas\automatizacion_login_backoffice_1v\target\site\serenity\9b5ab8623c3917738dbf24094f55ec338dd2c9da8bf4fb849377429cd81dc7f4.png
09:45:09.512 [Test worker] DEBUG net.thucydides.core.steps.StepInterceptor - STEP DONE: {0} clicks on #target
09:45:09.541 [AsyncHttpClient-1-1] DEBUG org.asynchttpclient.netty.channel.DefaultChannelPool - Entry count for : http://localhost:52503 : 1
09:45:09.541 [AsyncHttpClient-1-1] DEBUG org.asynchttpclient.netty.channel.DefaultChannelPool - Entry count for : http://localhost:51630 : 1
09:45:09.543 [Forwarding screenshot on session 6626572912d7dee2ecd67c17986ddc0f to remote] DEBUG org.asynchttpclient.netty.request.NettyRequestSender - Using pooled Channel '[id: 0x1a7bf238, L:/127.0.0.1:52501 - R:localhost/127.0.0.1:51630]' for 'GET' to 'http://localhost:51630/session/6626572912d7dee2ecd67c17986ddc0f/screenshot'
09:45:09.543 [Forwarding screenshot on session 6626572912d7dee2ecd67c17986ddc0f to remote] DEBUG org.asynchttpclient.netty.request.NettyRequestSender - Using open Channel [id: 0x1a7bf238, L:/127.0.0.1:52501 - R:localhost/127.0.0.1:51630] for GET '/session/6626572912d7dee2ecd67c17986ddc0f/screenshot'
09:45:09.719 [AsyncHttpClient-1-2] DEBUG org.asynchttpclient.netty.handler.HttpHandler - 

Request DefaultFullHttpRequest(decodeResult: success, version: HTTP/1.1, content: EmptyByteBufBE)
GET /session/6626572912d7dee2ecd67c17986ddc0f/screenshot HTTP/1.1
User-Agent: selenium/4.1.2 (java windows)
Cache-Control: no-cache
Content-Type: application/json; charset=utf-8
host: localhost:51630
accept: */*

Response DefaultHttpResponse(decodeResult: success, version: HTTP/1.1)
HTTP/1.1 200 OK
Content-Type: application/json; charset=utf-8
cache-control: no-cache
content-length: 131648

09:45:09.721 [AsyncHttpClient-1-2] DEBUG org.asynchttpclient.netty.channel.ChannelManager - Adding key: http://localhost:51630 for channel [id: 0x1a7bf238, L:/127.0.0.1:52501 - R:localhost/127.0.0.1:51630]
09:45:09.731 [Test worker] DEBUG net.serenitybdd.core.photography.Darkroom - Send negative for processing for C:\Users\johan\OneDrive\Documentos\KONEX\Pruebas automatizadas\automatizacion_login_backoffice_1v\target\site\serenity\a15b5b5b6f3c00e802654c6d1fd1315888daffd5d2aba8313b93b3af4096d406.png
09:45:09.732 [Darkroom Processing Line] DEBUG net.serenitybdd.core.photography.DarkroomProcessingLine - Processing screenshot image in /var/screenshots/screenshot-1893705375465448650
09:45:09.732 [Test worker] DEBUG net.thucydides.core.steps.StepInterceptor - STARTING STEP: Crear.performAs - {0} clicks on #target
09:45:09.732 [Darkroom Processing Line] DEBUG net.serenitybdd.core.photography.DarkroomProcessingLine - Saving screenshot to C:\Users\johan\OneDrive\Documentos\KONEX\Pruebas automatizadas\automatizacion_login_backoffice_1v\target\site\serenity\a15b5b5b6f3c00e802654c6d1fd1315888daffd5d2aba8313b93b3af4096d406.png
09:45:09.733 [Test worker] DEBUG net.serenitybdd.screenplay.targets.IFrameSwitcher - default content already selected for mes inicial del sorteo
09:45:09.885 [Forwarding findElement on session 6626572912d7dee2ecd67c17986ddc0f to remote] DEBUG org.asynchttpclient.netty.request.NettyRequestSender - Using pooled Channel '[id: 0x1a7bf238, L:/127.0.0.1:52501 - R:localhost/127.0.0.1:51630]' for 'POST' to 'http://localhost:51630/session/6626572912d7dee2ecd67c17986ddc0f/element'
09:45:09.886 [Forwarding findElement on session 6626572912d7dee2ecd67c17986ddc0f to remote] DEBUG org.asynchttpclient.netty.request.NettyRequestSender - Using open Channel [id: 0x1a7bf238, L:/127.0.0.1:52501 - R:localhost/127.0.0.1:51630] for POST '/session/6626572912d7dee2ecd67c17986ddc0f/element'
09:45:09.907 [AsyncHttpClient-1-2] DEBUG org.asynchttpclient.netty.handler.HttpHandler - 

Request DefaultHttpRequest(decodeResult: success, version: HTTP/1.1)
POST /session/6626572912d7dee2ecd67c17986ddc0f/element HTTP/1.1
User-Agent: selenium/4.1.2 (java windows)
Content-Length: 81
Content-Type: application/json; charset=utf-8
host: localhost:51630
accept: */*

Response DefaultHttpResponse(decodeResult: success, version: HTTP/1.1)
HTTP/1.1 200 OK
Content-Type: application/json; charset=utf-8
cache-control: no-cache
content-length: 88

09:45:09.907 [AsyncHttpClient-1-2] DEBUG org.asynchttpclient.netty.channel.ChannelManager - Adding key: http://localhost:51630 for channel [id: 0x1a7bf238, L:/127.0.0.1:52501 - R:localhost/127.0.0.1:51630]
09:45:09.933 [Forwarding isElementDisplayed on session 6626572912d7dee2ecd67c17986ddc0f to remote] DEBUG org.asynchttpclient.netty.request.NettyRequestSender - Using pooled Channel '[id: 0x1a7bf238, L:/127.0.0.1:52501 - R:localhost/127.0.0.1:51630]' for 'POST' to 'http://localhost:51630/session/6626572912d7dee2ecd67c17986ddc0f/execute/sync'
09:45:09.933 [Forwarding isElementDisplayed on session 6626572912d7dee2ecd67c17986ddc0f to remote] DEBUG org.asynchttpclient.netty.request.NettyRequestSender - Using open Channel [id: 0x1a7bf238, L:/127.0.0.1:52501 - R:localhost/127.0.0.1:51630] for POST '/session/6626572912d7dee2ecd67c17986ddc0f/execute/sync'
09:45:09.953 [AsyncHttpClient-1-2] DEBUG org.asynchttpclient.netty.handler.HttpHandler - 

Request DefaultHttpRequest(decodeResult: success, version: HTTP/1.1)
POST /session/6626572912d7dee2ecd67c17986ddc0f/execute/sync HTTP/1.1
User-Agent: selenium/4.1.2 (java windows)
Content-Length: 48780
Content-Type: application/json; charset=utf-8
host: localhost:51630
accept: */*

Response DefaultHttpResponse(decodeResult: success, version: HTTP/1.1)
HTTP/1.1 200 OK
Content-Type: application/json; charset=utf-8
cache-control: no-cache
content-length: 14

09:45:09.953 [AsyncHttpClient-1-2] DEBUG org.asynchttpclient.netty.channel.ChannelManager - Adding key: http://localhost:51630 for channel [id: 0x1a7bf238, L:/127.0.0.1:52501 - R:localhost/127.0.0.1:51630]
09:45:10.005 [Forwarding findElement on session 6626572912d7dee2ecd67c17986ddc0f to remote] DEBUG org.asynchttpclient.netty.request.NettyRequestSender - Using pooled Channel '[id: 0x1a7bf238, L:/127.0.0.1:52501 - R:localhost/127.0.0.1:51630]' for 'POST' to 'http://localhost:51630/session/6626572912d7dee2ecd67c17986ddc0f/element'
09:45:10.005 [Forwarding findElement on session 6626572912d7dee2ecd67c17986ddc0f to remote] DEBUG org.asynchttpclient.netty.request.NettyRequestSender - Using open Channel [id: 0x1a7bf238, L:/127.0.0.1:52501 - R:localhost/127.0.0.1:51630] for POST '/session/6626572912d7dee2ecd67c17986ddc0f/element'
09:45:10.020 [AsyncHttpClient-1-2] DEBUG org.asynchttpclient.netty.handler.HttpHandler - 

Request DefaultHttpRequest(decodeResult: success, version: HTTP/1.1)
POST /session/6626572912d7dee2ecd67c17986ddc0f/element HTTP/1.1
User-Agent: selenium/4.1.2 (java windows)
Content-Length: 81
Content-Type: application/json; charset=utf-8
host: localhost:51630
accept: */*

Response DefaultHttpResponse(decodeResult: success, version: HTTP/1.1)
HTTP/1.1 200 OK
Content-Type: application/json; charset=utf-8
cache-control: no-cache
content-length: 88

09:45:10.020 [AsyncHttpClient-1-2] DEBUG org.asynchttpclient.netty.channel.ChannelManager - Adding key: http://localhost:51630 for channel [id: 0x1a7bf238, L:/127.0.0.1:52501 - R:localhost/127.0.0.1:51630]
09:45:10.023 [Forwarding clickElement on session 6626572912d7dee2ecd67c17986ddc0f to remote] DEBUG org.asynchttpclient.netty.request.NettyRequestSender - Using pooled Channel '[id: 0x1a7bf238, L:/127.0.0.1:52501 - R:localhost/127.0.0.1:51630]' for 'POST' to 'http://localhost:51630/session/6626572912d7dee2ecd67c17986ddc0f/element/1cd1a108-b22b-46c7-9018-e5433f500de0/click'
09:45:10.023 [Forwarding clickElement on session 6626572912d7dee2ecd67c17986ddc0f to remote] DEBUG org.asynchttpclient.netty.request.NettyRequestSender - Using open Channel [id: 0x1a7bf238, L:/127.0.0.1:52501 - R:localhost/127.0.0.1:51630] for POST '/session/6626572912d7dee2ecd67c17986ddc0f/element/1cd1a108-b22b-46c7-9018-e5433f500de0/click'
09:45:10.096 [AsyncHttpClient-1-2] DEBUG org.asynchttpclient.netty.handler.HttpHandler - 

Request DefaultHttpRequest(decodeResult: success, version: HTTP/1.1)
POST /session/6626572912d7dee2ecd67c17986ddc0f/element/1cd1a108-b22b-46c7-9018-e5433f500de0/click HTTP/1.1
User-Agent: selenium/4.1.2 (java windows)
Content-Length: 50
Content-Type: application/json; charset=utf-8
host: localhost:51630
accept: */*

Response DefaultHttpResponse(decodeResult: success, version: HTTP/1.1)
HTTP/1.1 200 OK
Content-Type: application/json; charset=utf-8
cache-control: no-cache
content-length: 14

09:45:10.097 [AsyncHttpClient-1-2] DEBUG org.asynchttpclient.netty.channel.ChannelManager - Adding key: http://localhost:51630 for channel [id: 0x1a7bf238, L:/127.0.0.1:52501 - R:localhost/127.0.0.1:51630]
09:45:10.132 [Forwarding screenshot on session 6626572912d7dee2ecd67c17986ddc0f to remote] DEBUG org.asynchttpclient.netty.request.NettyRequestSender - Using pooled Channel '[id: 0x1a7bf238, L:/127.0.0.1:52501 - R:localhost/127.0.0.1:51630]' for 'GET' to 'http://localhost:51630/session/6626572912d7dee2ecd67c17986ddc0f/screenshot'
09:45:10.132 [Forwarding screenshot on session 6626572912d7dee2ecd67c17986ddc0f to remote] DEBUG org.asynchttpclient.netty.request.NettyRequestSender - Using open Channel [id: 0x1a7bf238, L:/127.0.0.1:52501 - R:localhost/127.0.0.1:51630] for GET '/session/6626572912d7dee2ecd67c17986ddc0f/screenshot'
09:45:10.331 [AsyncHttpClient-1-2] DEBUG org.asynchttpclient.netty.handler.HttpHandler - 

Request DefaultFullHttpRequest(decodeResult: success, version: HTTP/1.1, content: EmptyByteBufBE)
GET /session/6626572912d7dee2ecd67c17986ddc0f/screenshot HTTP/1.1
User-Agent: selenium/4.1.2 (java windows)
Cache-Control: no-cache
Content-Type: application/json; charset=utf-8
host: localhost:51630
accept: */*

Response DefaultHttpResponse(decodeResult: success, version: HTTP/1.1)
HTTP/1.1 200 OK
Content-Type: application/json; charset=utf-8
cache-control: no-cache
content-length: 131696

09:45:10.332 [AsyncHttpClient-1-2] DEBUG org.asynchttpclient.netty.channel.ChannelManager - Adding key: http://localhost:51630 for channel [id: 0x1a7bf238, L:/127.0.0.1:52501 - R:localhost/127.0.0.1:51630]
09:45:10.343 [Test worker] DEBUG net.serenitybdd.core.photography.Darkroom - Send negative for processing for C:\Users\johan\OneDrive\Documentos\KONEX\Pruebas automatizadas\automatizacion_login_backoffice_1v\target\site\serenity\0c0a49b4f040b19df0f747e463e66d663e61d0709719dadd488a54adfadc4d34.png
09:45:10.344 [Darkroom Processing Line] DEBUG net.serenitybdd.core.photography.DarkroomProcessingLine - Processing screenshot image in /var/screenshots/screenshot-3045941416851628941
09:45:10.344 [Darkroom Processing Line] DEBUG net.serenitybdd.core.photography.DarkroomProcessingLine - Saving screenshot to C:\Users\johan\OneDrive\Documentos\KONEX\Pruebas automatizadas\automatizacion_login_backoffice_1v\target\site\serenity\0c0a49b4f040b19df0f747e463e66d663e61d0709719dadd488a54adfadc4d34.png
09:45:10.378 [Test worker] DEBUG net.thucydides.core.steps.StepInterceptor - STEP DONE: {0} clicks on #target
09:45:10.415 [Forwarding screenshot on session 6626572912d7dee2ecd67c17986ddc0f to remote] DEBUG org.asynchttpclient.netty.request.NettyRequestSender - Using pooled Channel '[id: 0x1a7bf238, L:/127.0.0.1:52501 - R:localhost/127.0.0.1:51630]' for 'GET' to 'http://localhost:51630/session/6626572912d7dee2ecd67c17986ddc0f/screenshot'
09:45:10.415 [Forwarding screenshot on session 6626572912d7dee2ecd67c17986ddc0f to remote] DEBUG org.asynchttpclient.netty.request.NettyRequestSender - Using open Channel [id: 0x1a7bf238, L:/127.0.0.1:52501 - R:localhost/127.0.0.1:51630] for GET '/session/6626572912d7dee2ecd67c17986ddc0f/screenshot'
09:45:10.581 [AsyncHttpClient-1-2] DEBUG org.asynchttpclient.netty.handler.HttpHandler - 

Request DefaultFullHttpRequest(decodeResult: success, version: HTTP/1.1, content: EmptyByteBufBE)
GET /session/6626572912d7dee2ecd67c17986ddc0f/screenshot HTTP/1.1
User-Agent: selenium/4.1.2 (java windows)
Cache-Control: no-cache
Content-Type: application/json; charset=utf-8
host: localhost:51630
accept: */*

Response DefaultHttpResponse(decodeResult: success, version: HTTP/1.1)
HTTP/1.1 200 OK
Content-Type: application/json; charset=utf-8
cache-control: no-cache
content-length: 131696

09:45:10.582 [AsyncHttpClient-1-2] DEBUG org.asynchttpclient.netty.channel.ChannelManager - Adding key: http://localhost:51630 for channel [id: 0x1a7bf238, L:/127.0.0.1:52501 - R:localhost/127.0.0.1:51630]
09:45:10.593 [Test worker] DEBUG net.serenitybdd.core.photography.Darkroom - Send negative for processing for C:\Users\johan\OneDrive\Documentos\KONEX\Pruebas automatizadas\automatizacion_login_backoffice_1v\target\site\serenity\0c0a49b4f040b19df0f747e463e66d663e61d0709719dadd488a54adfadc4d34.png
09:45:10.593 [Test worker] DEBUG net.thucydides.core.steps.StepInterceptor - STARTING STEP: Crear.performAs - {0} clicks on #target
09:45:10.595 [Test worker] DEBUG net.serenitybdd.screenplay.targets.IFrameSwitcher - default content already selected for Anno inicial del sorteo
09:45:10.636 [AsyncHttpClient-1-1] DEBUG org.asynchttpclient.netty.channel.DefaultChannelPool - Entry count for : http://localhost:52503 : 1
09:45:10.636 [AsyncHttpClient-1-1] DEBUG org.asynchttpclient.netty.channel.DefaultChannelPool - Entry count for : http://localhost:51630 : 1
09:45:10.733 [Forwarding findElement on session 6626572912d7dee2ecd67c17986ddc0f to remote] DEBUG org.asynchttpclient.netty.request.NettyRequestSender - Using pooled Channel '[id: 0x1a7bf238, L:/127.0.0.1:52501 - R:localhost/127.0.0.1:51630]' for 'POST' to 'http://localhost:51630/session/6626572912d7dee2ecd67c17986ddc0f/element'
09:45:10.733 [Forwarding findElement on session 6626572912d7dee2ecd67c17986ddc0f to remote] DEBUG org.asynchttpclient.netty.request.NettyRequestSender - Using open Channel [id: 0x1a7bf238, L:/127.0.0.1:52501 - R:localhost/127.0.0.1:51630] for POST '/session/6626572912d7dee2ecd67c17986ddc0f/element'
09:45:10.758 [AsyncHttpClient-1-2] DEBUG org.asynchttpclient.netty.handler.HttpHandler - 

Request DefaultHttpRequest(decodeResult: success, version: HTTP/1.1)
POST /session/6626572912d7dee2ecd67c17986ddc0f/element HTTP/1.1
User-Agent: selenium/4.1.2 (java windows)
Content-Length: 80
Content-Type: application/json; charset=utf-8
host: localhost:51630
accept: */*

Response DefaultHttpResponse(decodeResult: success, version: HTTP/1.1)
HTTP/1.1 200 OK
Content-Type: application/json; charset=utf-8
cache-control: no-cache
content-length: 88

09:45:10.759 [AsyncHttpClient-1-2] DEBUG org.asynchttpclient.netty.channel.ChannelManager - Adding key: http://localhost:51630 for channel [id: 0x1a7bf238, L:/127.0.0.1:52501 - R:localhost/127.0.0.1:51630]
09:45:10.784 [Forwarding isElementDisplayed on session 6626572912d7dee2ecd67c17986ddc0f to remote] DEBUG org.asynchttpclient.netty.request.NettyRequestSender - Using pooled Channel '[id: 0x1a7bf238, L:/127.0.0.1:52501 - R:localhost/127.0.0.1:51630]' for 'POST' to 'http://localhost:51630/session/6626572912d7dee2ecd67c17986ddc0f/execute/sync'
09:45:10.784 [Forwarding isElementDisplayed on session 6626572912d7dee2ecd67c17986ddc0f to remote] DEBUG org.asynchttpclient.netty.request.NettyRequestSender - Using open Channel [id: 0x1a7bf238, L:/127.0.0.1:52501 - R:localhost/127.0.0.1:51630] for POST '/session/6626572912d7dee2ecd67c17986ddc0f/execute/sync'
09:45:10.802 [AsyncHttpClient-1-2] DEBUG org.asynchttpclient.netty.handler.HttpHandler - 

Request DefaultHttpRequest(decodeResult: success, version: HTTP/1.1)
POST /session/6626572912d7dee2ecd67c17986ddc0f/execute/sync HTTP/1.1
User-Agent: selenium/4.1.2 (java windows)
Content-Length: 48780
Content-Type: application/json; charset=utf-8
host: localhost:51630
accept: */*

Response DefaultHttpResponse(decodeResult: success, version: HTTP/1.1)
HTTP/1.1 200 OK
Content-Type: application/json; charset=utf-8
cache-control: no-cache
content-length: 14

09:45:10.803 [AsyncHttpClient-1-2] DEBUG org.asynchttpclient.netty.channel.ChannelManager - Adding key: http://localhost:51630 for channel [id: 0x1a7bf238, L:/127.0.0.1:52501 - R:localhost/127.0.0.1:51630]
09:45:10.842 [Forwarding findElement on session 6626572912d7dee2ecd67c17986ddc0f to remote] DEBUG org.asynchttpclient.netty.request.NettyRequestSender - Using pooled Channel '[id: 0x1a7bf238, L:/127.0.0.1:52501 - R:localhost/127.0.0.1:51630]' for 'POST' to 'http://localhost:51630/session/6626572912d7dee2ecd67c17986ddc0f/element'
09:45:10.842 [Forwarding findElement on session 6626572912d7dee2ecd67c17986ddc0f to remote] DEBUG org.asynchttpclient.netty.request.NettyRequestSender - Using open Channel [id: 0x1a7bf238, L:/127.0.0.1:52501 - R:localhost/127.0.0.1:51630] for POST '/session/6626572912d7dee2ecd67c17986ddc0f/element'
09:45:10.854 [AsyncHttpClient-1-2] DEBUG org.asynchttpclient.netty.handler.HttpHandler - 

Request DefaultHttpRequest(decodeResult: success, version: HTTP/1.1)
POST /session/6626572912d7dee2ecd67c17986ddc0f/element HTTP/1.1
User-Agent: selenium/4.1.2 (java windows)
Content-Length: 80
Content-Type: application/json; charset=utf-8
host: localhost:51630
accept: */*

Response DefaultHttpResponse(decodeResult: success, version: HTTP/1.1)
HTTP/1.1 200 OK
Content-Type: application/json; charset=utf-8
cache-control: no-cache
content-length: 88

09:45:10.855 [AsyncHttpClient-1-2] DEBUG org.asynchttpclient.netty.channel.ChannelManager - Adding key: http://localhost:51630 for channel [id: 0x1a7bf238, L:/127.0.0.1:52501 - R:localhost/127.0.0.1:51630]
09:45:10.857 [Forwarding clickElement on session 6626572912d7dee2ecd67c17986ddc0f to remote] DEBUG org.asynchttpclient.netty.request.NettyRequestSender - Using pooled Channel '[id: 0x1a7bf238, L:/127.0.0.1:52501 - R:localhost/127.0.0.1:51630]' for 'POST' to 'http://localhost:51630/session/6626572912d7dee2ecd67c17986ddc0f/element/b64cc06a-a1e8-457b-9df2-5a5a4cd52628/click'
09:45:10.858 [Forwarding clickElement on session 6626572912d7dee2ecd67c17986ddc0f to remote] DEBUG org.asynchttpclient.netty.request.NettyRequestSender - Using open Channel [id: 0x1a7bf238, L:/127.0.0.1:52501 - R:localhost/127.0.0.1:51630] for POST '/session/6626572912d7dee2ecd67c17986ddc0f/element/b64cc06a-a1e8-457b-9df2-5a5a4cd52628/click'
09:45:10.904 [AsyncHttpClient-1-2] DEBUG org.asynchttpclient.netty.handler.HttpHandler - 

Request DefaultHttpRequest(decodeResult: success, version: HTTP/1.1)
POST /session/6626572912d7dee2ecd67c17986ddc0f/element/b64cc06a-a1e8-457b-9df2-5a5a4cd52628/click HTTP/1.1
User-Agent: selenium/4.1.2 (java windows)
Content-Length: 50
Content-Type: application/json; charset=utf-8
host: localhost:51630
accept: */*

Response DefaultHttpResponse(decodeResult: success, version: HTTP/1.1)
HTTP/1.1 200 OK
Content-Type: application/json; charset=utf-8
cache-control: no-cache
content-length: 14

09:45:10.904 [AsyncHttpClient-1-2] DEBUG org.asynchttpclient.netty.channel.ChannelManager - Adding key: http://localhost:51630 for channel [id: 0x1a7bf238, L:/127.0.0.1:52501 - R:localhost/127.0.0.1:51630]
09:45:10.940 [Forwarding screenshot on session 6626572912d7dee2ecd67c17986ddc0f to remote] DEBUG org.asynchttpclient.netty.request.NettyRequestSender - Using pooled Channel '[id: 0x1a7bf238, L:/127.0.0.1:52501 - R:localhost/127.0.0.1:51630]' for 'GET' to 'http://localhost:51630/session/6626572912d7dee2ecd67c17986ddc0f/screenshot'
09:45:10.940 [Forwarding screenshot on session 6626572912d7dee2ecd67c17986ddc0f to remote] DEBUG org.asynchttpclient.netty.request.NettyRequestSender - Using open Channel [id: 0x1a7bf238, L:/127.0.0.1:52501 - R:localhost/127.0.0.1:51630] for GET '/session/6626572912d7dee2ecd67c17986ddc0f/screenshot'
09:45:11.130 [AsyncHttpClient-1-2] DEBUG org.asynchttpclient.netty.handler.HttpHandler - 

Request DefaultFullHttpRequest(decodeResult: success, version: HTTP/1.1, content: EmptyByteBufBE)
GET /session/6626572912d7dee2ecd67c17986ddc0f/screenshot HTTP/1.1
User-Agent: selenium/4.1.2 (java windows)
Cache-Control: no-cache
Content-Type: application/json; charset=utf-8
host: localhost:51630
accept: */*

Response DefaultHttpResponse(decodeResult: success, version: HTTP/1.1)
HTTP/1.1 200 OK
Content-Type: application/json; charset=utf-8
cache-control: no-cache
content-length: 131816

09:45:11.131 [AsyncHttpClient-1-2] DEBUG org.asynchttpclient.netty.channel.ChannelManager - Adding key: http://localhost:51630 for channel [id: 0x1a7bf238, L:/127.0.0.1:52501 - R:localhost/127.0.0.1:51630]
09:45:11.142 [Test worker] DEBUG net.serenitybdd.core.photography.Darkroom - Send negative for processing for C:\Users\johan\OneDrive\Documentos\KONEX\Pruebas automatizadas\automatizacion_login_backoffice_1v\target\site\serenity\63b01f7f14d7d5cc4342f70144f0c74cd58403ce3dc6529dda9af9f3598846d0.png
09:45:11.144 [Darkroom Processing Line] DEBUG net.serenitybdd.core.photography.DarkroomProcessingLine - Processing screenshot image in /var/screenshots/screenshot-91365961016391564
09:45:11.144 [Darkroom Processing Line] DEBUG net.serenitybdd.core.photography.DarkroomProcessingLine - Saving screenshot to C:\Users\johan\OneDrive\Documentos\KONEX\Pruebas automatizadas\automatizacion_login_backoffice_1v\target\site\serenity\63b01f7f14d7d5cc4342f70144f0c74cd58403ce3dc6529dda9af9f3598846d0.png
09:45:11.177 [Test worker] DEBUG net.thucydides.core.steps.StepInterceptor - STEP DONE: {0} clicks on #target
09:45:11.212 [Forwarding screenshot on session 6626572912d7dee2ecd67c17986ddc0f to remote] DEBUG org.asynchttpclient.netty.request.NettyRequestSender - Using pooled Channel '[id: 0x1a7bf238, L:/127.0.0.1:52501 - R:localhost/127.0.0.1:51630]' for 'GET' to 'http://localhost:51630/session/6626572912d7dee2ecd67c17986ddc0f/screenshot'
09:45:11.212 [Forwarding screenshot on session 6626572912d7dee2ecd67c17986ddc0f to remote] DEBUG org.asynchttpclient.netty.request.NettyRequestSender - Using open Channel [id: 0x1a7bf238, L:/127.0.0.1:52501 - R:localhost/127.0.0.1:51630] for GET '/session/6626572912d7dee2ecd67c17986ddc0f/screenshot'
09:45:11.371 [AsyncHttpClient-1-2] DEBUG org.asynchttpclient.netty.handler.HttpHandler - 

Request DefaultFullHttpRequest(decodeResult: success, version: HTTP/1.1, content: EmptyByteBufBE)
GET /session/6626572912d7dee2ecd67c17986ddc0f/screenshot HTTP/1.1
User-Agent: selenium/4.1.2 (java windows)
Cache-Control: no-cache
Content-Type: application/json; charset=utf-8
host: localhost:51630
accept: */*

Response DefaultHttpResponse(decodeResult: success, version: HTTP/1.1)
HTTP/1.1 200 OK
Content-Type: application/json; charset=utf-8
cache-control: no-cache
content-length: 131772

09:45:11.371 [AsyncHttpClient-1-2] DEBUG org.asynchttpclient.netty.channel.ChannelManager - Adding key: http://localhost:51630 for channel [id: 0x1a7bf238, L:/127.0.0.1:52501 - R:localhost/127.0.0.1:51630]
09:45:11.381 [Test worker] DEBUG net.serenitybdd.core.photography.Darkroom - Send negative for processing for C:\Users\johan\OneDrive\Documentos\KONEX\Pruebas automatizadas\automatizacion_login_backoffice_1v\target\site\serenity\382c51fbd8d06936e36491787f7e1da5dda9290528799a3fb67161df4f3f6928.png
09:45:11.382 [Test worker] DEBUG net.thucydides.core.steps.StepInterceptor - STARTING STEP: Crear.performAs - {0} clicks on #target
09:45:11.382 [Darkroom Processing Line] DEBUG net.serenitybdd.core.photography.DarkroomProcessingLine - Processing screenshot image in /var/screenshots/screenshot-438634601762810368
09:45:11.382 [Darkroom Processing Line] DEBUG net.serenitybdd.core.photography.DarkroomProcessingLine - Saving screenshot to C:\Users\johan\OneDrive\Documentos\KONEX\Pruebas automatizadas\automatizacion_login_backoffice_1v\target\site\serenity\382c51fbd8d06936e36491787f7e1da5dda9290528799a3fb67161df4f3f6928.png
09:45:11.383 [Test worker] DEBUG net.serenitybdd.screenplay.targets.IFrameSwitcher - default content already selected for dia inicio del sorteo
09:45:11.522 [Forwarding findElement on session 6626572912d7dee2ecd67c17986ddc0f to remote] DEBUG org.asynchttpclient.netty.request.NettyRequestSender - Using pooled Channel '[id: 0x1a7bf238, L:/127.0.0.1:52501 - R:localhost/127.0.0.1:51630]' for 'POST' to 'http://localhost:51630/session/6626572912d7dee2ecd67c17986ddc0f/element'
09:45:11.522 [Forwarding findElement on session 6626572912d7dee2ecd67c17986ddc0f to remote] DEBUG org.asynchttpclient.netty.request.NettyRequestSender - Using open Channel [id: 0x1a7bf238, L:/127.0.0.1:52501 - R:localhost/127.0.0.1:51630] for POST '/session/6626572912d7dee2ecd67c17986ddc0f/element'
09:45:11.543 [AsyncHttpClient-1-2] DEBUG org.asynchttpclient.netty.handler.HttpHandler - 

Request DefaultHttpRequest(decodeResult: success, version: HTTP/1.1)
POST /session/6626572912d7dee2ecd67c17986ddc0f/element HTTP/1.1
User-Agent: selenium/4.1.2 (java windows)
Content-Length: 73
Content-Type: application/json; charset=utf-8
host: localhost:51630
accept: */*

Response DefaultHttpResponse(decodeResult: success, version: HTTP/1.1)
HTTP/1.1 200 OK
Content-Type: application/json; charset=utf-8
cache-control: no-cache
content-length: 88

09:45:11.543 [AsyncHttpClient-1-2] DEBUG org.asynchttpclient.netty.channel.ChannelManager - Adding key: http://localhost:51630 for channel [id: 0x1a7bf238, L:/127.0.0.1:52501 - R:localhost/127.0.0.1:51630]
09:45:11.567 [Forwarding isElementDisplayed on session 6626572912d7dee2ecd67c17986ddc0f to remote] DEBUG org.asynchttpclient.netty.request.NettyRequestSender - Using pooled Channel '[id: 0x1a7bf238, L:/127.0.0.1:52501 - R:localhost/127.0.0.1:51630]' for 'POST' to 'http://localhost:51630/session/6626572912d7dee2ecd67c17986ddc0f/execute/sync'
09:45:11.568 [Forwarding isElementDisplayed on session 6626572912d7dee2ecd67c17986ddc0f to remote] DEBUG org.asynchttpclient.netty.request.NettyRequestSender - Using open Channel [id: 0x1a7bf238, L:/127.0.0.1:52501 - R:localhost/127.0.0.1:51630] for POST '/session/6626572912d7dee2ecd67c17986ddc0f/execute/sync'
09:45:11.587 [AsyncHttpClient-1-2] DEBUG org.asynchttpclient.netty.handler.HttpHandler - 

Request DefaultHttpRequest(decodeResult: success, version: HTTP/1.1)
POST /session/6626572912d7dee2ecd67c17986ddc0f/execute/sync HTTP/1.1
User-Agent: selenium/4.1.2 (java windows)
Content-Length: 48780
Content-Type: application/json; charset=utf-8
host: localhost:51630
accept: */*

Response DefaultHttpResponse(decodeResult: success, version: HTTP/1.1)
HTTP/1.1 200 OK
Content-Type: application/json; charset=utf-8
cache-control: no-cache
content-length: 14

09:45:11.587 [AsyncHttpClient-1-2] DEBUG org.asynchttpclient.netty.channel.ChannelManager - Adding key: http://localhost:51630 for channel [id: 0x1a7bf238, L:/127.0.0.1:52501 - R:localhost/127.0.0.1:51630]
09:45:11.640 [Forwarding findElement on session 6626572912d7dee2ecd67c17986ddc0f to remote] DEBUG org.asynchttpclient.netty.request.NettyRequestSender - Using pooled Channel '[id: 0x1a7bf238, L:/127.0.0.1:52501 - R:localhost/127.0.0.1:51630]' for 'POST' to 'http://localhost:51630/session/6626572912d7dee2ecd67c17986ddc0f/element'
09:45:11.640 [Forwarding findElement on session 6626572912d7dee2ecd67c17986ddc0f to remote] DEBUG org.asynchttpclient.netty.request.NettyRequestSender - Using open Channel [id: 0x1a7bf238, L:/127.0.0.1:52501 - R:localhost/127.0.0.1:51630] for POST '/session/6626572912d7dee2ecd67c17986ddc0f/element'
09:45:11.653 [AsyncHttpClient-1-2] DEBUG org.asynchttpclient.netty.handler.HttpHandler - 

Request DefaultHttpRequest(decodeResult: success, version: HTTP/1.1)
POST /session/6626572912d7dee2ecd67c17986ddc0f/element HTTP/1.1
User-Agent: selenium/4.1.2 (java windows)
Content-Length: 73
Content-Type: application/json; charset=utf-8
host: localhost:51630
accept: */*

Response DefaultHttpResponse(decodeResult: success, version: HTTP/1.1)
HTTP/1.1 200 OK
Content-Type: application/json; charset=utf-8
cache-control: no-cache
content-length: 88

09:45:11.653 [AsyncHttpClient-1-2] DEBUG org.asynchttpclient.netty.channel.ChannelManager - Adding key: http://localhost:51630 for channel [id: 0x1a7bf238, L:/127.0.0.1:52501 - R:localhost/127.0.0.1:51630]
09:45:11.655 [Forwarding clickElement on session 6626572912d7dee2ecd67c17986ddc0f to remote] DEBUG org.asynchttpclient.netty.request.NettyRequestSender - Using pooled Channel '[id: 0x1a7bf238, L:/127.0.0.1:52501 - R:localhost/127.0.0.1:51630]' for 'POST' to 'http://localhost:51630/session/6626572912d7dee2ecd67c17986ddc0f/element/518395b1-473c-4bd9-8e8a-c7b92bf03378/click'
09:45:11.656 [Forwarding clickElement on session 6626572912d7dee2ecd67c17986ddc0f to remote] DEBUG org.asynchttpclient.netty.request.NettyRequestSender - Using open Channel [id: 0x1a7bf238, L:/127.0.0.1:52501 - R:localhost/127.0.0.1:51630] for POST '/session/6626572912d7dee2ecd67c17986ddc0f/element/518395b1-473c-4bd9-8e8a-c7b92bf03378/click'
09:45:11.724 [AsyncHttpClient-1-2] DEBUG org.asynchttpclient.netty.handler.HttpHandler - 

Request DefaultHttpRequest(decodeResult: success, version: HTTP/1.1)
POST /session/6626572912d7dee2ecd67c17986ddc0f/element/518395b1-473c-4bd9-8e8a-c7b92bf03378/click HTTP/1.1
User-Agent: selenium/4.1.2 (java windows)
Content-Length: 50
Content-Type: application/json; charset=utf-8
host: localhost:51630
accept: */*

Response DefaultHttpResponse(decodeResult: success, version: HTTP/1.1)
HTTP/1.1 200 OK
Content-Type: application/json; charset=utf-8
cache-control: no-cache
content-length: 14

09:45:11.724 [AsyncHttpClient-1-2] DEBUG org.asynchttpclient.netty.channel.ChannelManager - Adding key: http://localhost:51630 for channel [id: 0x1a7bf238, L:/127.0.0.1:52501 - R:localhost/127.0.0.1:51630]
09:45:11.736 [AsyncHttpClient-1-1] DEBUG org.asynchttpclient.netty.channel.DefaultChannelPool - Entry count for : http://localhost:52503 : 1
09:45:11.736 [AsyncHttpClient-1-1] DEBUG org.asynchttpclient.netty.channel.DefaultChannelPool - Entry count for : http://localhost:51630 : 1
09:45:11.760 [Forwarding screenshot on session 6626572912d7dee2ecd67c17986ddc0f to remote] DEBUG org.asynchttpclient.netty.request.NettyRequestSender - Using pooled Channel '[id: 0x1a7bf238, L:/127.0.0.1:52501 - R:localhost/127.0.0.1:51630]' for 'GET' to 'http://localhost:51630/session/6626572912d7dee2ecd67c17986ddc0f/screenshot'
09:45:11.760 [Forwarding screenshot on session 6626572912d7dee2ecd67c17986ddc0f to remote] DEBUG org.asynchttpclient.netty.request.NettyRequestSender - Using open Channel [id: 0x1a7bf238, L:/127.0.0.1:52501 - R:localhost/127.0.0.1:51630] for GET '/session/6626572912d7dee2ecd67c17986ddc0f/screenshot'
09:45:11.962 [AsyncHttpClient-1-2] DEBUG org.asynchttpclient.netty.handler.HttpHandler - 

Request DefaultFullHttpRequest(decodeResult: success, version: HTTP/1.1, content: EmptyByteBufBE)
GET /session/6626572912d7dee2ecd67c17986ddc0f/screenshot HTTP/1.1
User-Agent: selenium/4.1.2 (java windows)
Cache-Control: no-cache
Content-Type: application/json; charset=utf-8
host: localhost:51630
accept: */*

Response DefaultHttpResponse(decodeResult: success, version: HTTP/1.1)
HTTP/1.1 200 OK
Content-Type: application/json; charset=utf-8
cache-control: no-cache
content-length: 132188

09:45:11.963 [AsyncHttpClient-1-2] DEBUG org.asynchttpclient.netty.channel.ChannelManager - Adding key: http://localhost:51630 for channel [id: 0x1a7bf238, L:/127.0.0.1:52501 - R:localhost/127.0.0.1:51630]
09:45:11.972 [Test worker] DEBUG net.serenitybdd.core.photography.Darkroom - Send negative for processing for C:\Users\johan\OneDrive\Documentos\KONEX\Pruebas automatizadas\automatizacion_login_backoffice_1v\target\site\serenity\8cddac527a29ce4a4cd4b81c692da38f3bd85334d133e514e2ff243204ef9783.png
09:45:11.974 [Darkroom Processing Line] DEBUG net.serenitybdd.core.photography.DarkroomProcessingLine - Processing screenshot image in /var/screenshots/screenshot-749962052655005355
09:45:11.974 [Darkroom Processing Line] DEBUG net.serenitybdd.core.photography.DarkroomProcessingLine - Saving screenshot to C:\Users\johan\OneDrive\Documentos\KONEX\Pruebas automatizadas\automatizacion_login_backoffice_1v\target\site\serenity\8cddac527a29ce4a4cd4b81c692da38f3bd85334d133e514e2ff243204ef9783.png
09:45:12.003 [Test worker] DEBUG net.thucydides.core.steps.StepInterceptor - STEP DONE: {0} clicks on #target
09:45:12.037 [Forwarding screenshot on session 6626572912d7dee2ecd67c17986ddc0f to remote] DEBUG org.asynchttpclient.netty.request.NettyRequestSender - Using pooled Channel '[id: 0x1a7bf238, L:/127.0.0.1:52501 - R:localhost/127.0.0.1:51630]' for 'GET' to 'http://localhost:51630/session/6626572912d7dee2ecd67c17986ddc0f/screenshot'
09:45:12.037 [Forwarding screenshot on session 6626572912d7dee2ecd67c17986ddc0f to remote] DEBUG org.asynchttpclient.netty.request.NettyRequestSender - Using open Channel [id: 0x1a7bf238, L:/127.0.0.1:52501 - R:localhost/127.0.0.1:51630] for GET '/session/6626572912d7dee2ecd67c17986ddc0f/screenshot'
09:45:12.220 [AsyncHttpClient-1-2] DEBUG org.asynchttpclient.netty.handler.HttpHandler - 

Request DefaultFullHttpRequest(decodeResult: success, version: HTTP/1.1, content: EmptyByteBufBE)
GET /session/6626572912d7dee2ecd67c17986ddc0f/screenshot HTTP/1.1
User-Agent: selenium/4.1.2 (java windows)
Cache-Control: no-cache
Content-Type: application/json; charset=utf-8
host: localhost:51630
accept: */*

Response DefaultHttpResponse(decodeResult: success, version: HTTP/1.1)
HTTP/1.1 200 OK
Content-Type: application/json; charset=utf-8
cache-control: no-cache
content-length: 128856

09:45:12.220 [AsyncHttpClient-1-2] DEBUG org.asynchttpclient.netty.channel.ChannelManager - Adding key: http://localhost:51630 for channel [id: 0x1a7bf238, L:/127.0.0.1:52501 - R:localhost/127.0.0.1:51630]
09:45:12.225 [Test worker] DEBUG net.serenitybdd.core.photography.Darkroom - Send negative for processing for C:\Users\johan\OneDrive\Documentos\KONEX\Pruebas automatizadas\automatizacion_login_backoffice_1v\target\site\serenity\7f527e8af81cc39d077b06e51515e833b4b388b60a9bd36b9597cce69879e294.png
09:45:12.225 [Darkroom Processing Line] DEBUG net.serenitybdd.core.photography.DarkroomProcessingLine - Processing screenshot image in /var/screenshots/screenshot-5534079766089904950
09:45:12.225 [Darkroom Processing Line] DEBUG net.serenitybdd.core.photography.DarkroomProcessingLine - Saving screenshot to C:\Users\johan\OneDrive\Documentos\KONEX\Pruebas automatizadas\automatizacion_login_backoffice_1v\target\site\serenity\7f527e8af81cc39d077b06e51515e833b4b388b60a9bd36b9597cce69879e294.png
09:45:12.225 [Test worker] DEBUG net.thucydides.core.steps.StepInterceptor - STARTING STEP: Crear.performAs - {0} clicks on #target
09:45:12.226 [Test worker] DEBUG net.serenitybdd.screenplay.targets.IFrameSwitcher - default content already selected for campo fecha final sorteo
09:45:12.282 [Forwarding findElement on session 6626572912d7dee2ecd67c17986ddc0f to remote] DEBUG org.asynchttpclient.netty.request.NettyRequestSender - Using pooled Channel '[id: 0x1a7bf238, L:/127.0.0.1:52501 - R:localhost/127.0.0.1:51630]' for 'POST' to 'http://localhost:51630/session/6626572912d7dee2ecd67c17986ddc0f/element'
09:45:12.282 [Forwarding findElement on session 6626572912d7dee2ecd67c17986ddc0f to remote] DEBUG org.asynchttpclient.netty.request.NettyRequestSender - Using open Channel [id: 0x1a7bf238, L:/127.0.0.1:52501 - R:localhost/127.0.0.1:51630] for POST '/session/6626572912d7dee2ecd67c17986ddc0f/element'
09:45:12.291 [AsyncHttpClient-1-2] DEBUG org.asynchttpclient.netty.handler.HttpHandler - 

Request DefaultHttpRequest(decodeResult: success, version: HTTP/1.1)
POST /session/6626572912d7dee2ecd67c17986ddc0f/element HTTP/1.1
User-Agent: selenium/4.1.2 (java windows)
Content-Length: 52
Content-Type: application/json; charset=utf-8
host: localhost:51630
accept: */*

Response DefaultHttpResponse(decodeResult: success, version: HTTP/1.1)
HTTP/1.1 200 OK
Content-Type: application/json; charset=utf-8
cache-control: no-cache
content-length: 88

09:45:12.291 [AsyncHttpClient-1-2] DEBUG org.asynchttpclient.netty.channel.ChannelManager - Adding key: http://localhost:51630 for channel [id: 0x1a7bf238, L:/127.0.0.1:52501 - R:localhost/127.0.0.1:51630]
09:45:12.302 [Forwarding isElementDisplayed on session 6626572912d7dee2ecd67c17986ddc0f to remote] DEBUG org.asynchttpclient.netty.request.NettyRequestSender - Using pooled Channel '[id: 0x1a7bf238, L:/127.0.0.1:52501 - R:localhost/127.0.0.1:51630]' for 'POST' to 'http://localhost:51630/session/6626572912d7dee2ecd67c17986ddc0f/execute/sync'
09:45:12.302 [Forwarding isElementDisplayed on session 6626572912d7dee2ecd67c17986ddc0f to remote] DEBUG org.asynchttpclient.netty.request.NettyRequestSender - Using open Channel [id: 0x1a7bf238, L:/127.0.0.1:52501 - R:localhost/127.0.0.1:51630] for POST '/session/6626572912d7dee2ecd67c17986ddc0f/execute/sync'
09:45:12.311 [AsyncHttpClient-1-2] DEBUG org.asynchttpclient.netty.handler.HttpHandler - 

Request DefaultHttpRequest(decodeResult: success, version: HTTP/1.1)
POST /session/6626572912d7dee2ecd67c17986ddc0f/execute/sync HTTP/1.1
User-Agent: selenium/4.1.2 (java windows)
Content-Length: 48780
Content-Type: application/json; charset=utf-8
host: localhost:51630
accept: */*

Response DefaultHttpResponse(decodeResult: success, version: HTTP/1.1)
HTTP/1.1 200 OK
Content-Type: application/json; charset=utf-8
cache-control: no-cache
content-length: 14

09:45:12.311 [AsyncHttpClient-1-2] DEBUG org.asynchttpclient.netty.channel.ChannelManager - Adding key: http://localhost:51630 for channel [id: 0x1a7bf238, L:/127.0.0.1:52501 - R:localhost/127.0.0.1:51630]
09:45:12.328 [Forwarding findElement on session 6626572912d7dee2ecd67c17986ddc0f to remote] DEBUG org.asynchttpclient.netty.request.NettyRequestSender - Using pooled Channel '[id: 0x1a7bf238, L:/127.0.0.1:52501 - R:localhost/127.0.0.1:51630]' for 'POST' to 'http://localhost:51630/session/6626572912d7dee2ecd67c17986ddc0f/element'
09:45:12.328 [Forwarding findElement on session 6626572912d7dee2ecd67c17986ddc0f to remote] DEBUG org.asynchttpclient.netty.request.NettyRequestSender - Using open Channel [id: 0x1a7bf238, L:/127.0.0.1:52501 - R:localhost/127.0.0.1:51630] for POST '/session/6626572912d7dee2ecd67c17986ddc0f/element'
09:45:12.334 [AsyncHttpClient-1-2] DEBUG org.asynchttpclient.netty.handler.HttpHandler - 

Request DefaultHttpRequest(decodeResult: success, version: HTTP/1.1)
POST /session/6626572912d7dee2ecd67c17986ddc0f/element HTTP/1.1
User-Agent: selenium/4.1.2 (java windows)
Content-Length: 52
Content-Type: application/json; charset=utf-8
host: localhost:51630
accept: */*

Response DefaultHttpResponse(decodeResult: success, version: HTTP/1.1)
HTTP/1.1 200 OK
Content-Type: application/json; charset=utf-8
cache-control: no-cache
content-length: 88

09:45:12.335 [AsyncHttpClient-1-2] DEBUG org.asynchttpclient.netty.channel.ChannelManager - Adding key: http://localhost:51630 for channel [id: 0x1a7bf238, L:/127.0.0.1:52501 - R:localhost/127.0.0.1:51630]
09:45:12.336 [Forwarding clickElement on session 6626572912d7dee2ecd67c17986ddc0f to remote] DEBUG org.asynchttpclient.netty.request.NettyRequestSender - Using pooled Channel '[id: 0x1a7bf238, L:/127.0.0.1:52501 - R:localhost/127.0.0.1:51630]' for 'POST' to 'http://localhost:51630/session/6626572912d7dee2ecd67c17986ddc0f/element/ec9009b8-5b7c-4ada-8604-d1199003e139/click'
09:45:12.336 [Forwarding clickElement on session 6626572912d7dee2ecd67c17986ddc0f to remote] DEBUG org.asynchttpclient.netty.request.NettyRequestSender - Using open Channel [id: 0x1a7bf238, L:/127.0.0.1:52501 - R:localhost/127.0.0.1:51630] for POST '/session/6626572912d7dee2ecd67c17986ddc0f/element/ec9009b8-5b7c-4ada-8604-d1199003e139/click'
09:45:12.391 [AsyncHttpClient-1-2] DEBUG org.asynchttpclient.netty.handler.HttpHandler - 

Request DefaultHttpRequest(decodeResult: success, version: HTTP/1.1)
POST /session/6626572912d7dee2ecd67c17986ddc0f/element/ec9009b8-5b7c-4ada-8604-d1199003e139/click HTTP/1.1
User-Agent: selenium/4.1.2 (java windows)
Content-Length: 50
Content-Type: application/json; charset=utf-8
host: localhost:51630
accept: */*

Response DefaultHttpResponse(decodeResult: success, version: HTTP/1.1)
HTTP/1.1 200 OK
Content-Type: application/json; charset=utf-8
cache-control: no-cache
content-length: 14

09:45:12.391 [AsyncHttpClient-1-2] DEBUG org.asynchttpclient.netty.channel.ChannelManager - Adding key: http://localhost:51630 for channel [id: 0x1a7bf238, L:/127.0.0.1:52501 - R:localhost/127.0.0.1:51630]
09:45:12.409 [Forwarding screenshot on session 6626572912d7dee2ecd67c17986ddc0f to remote] DEBUG org.asynchttpclient.netty.request.NettyRequestSender - Using pooled Channel '[id: 0x1a7bf238, L:/127.0.0.1:52501 - R:localhost/127.0.0.1:51630]' for 'GET' to 'http://localhost:51630/session/6626572912d7dee2ecd67c17986ddc0f/screenshot'
09:45:12.409 [Forwarding screenshot on session 6626572912d7dee2ecd67c17986ddc0f to remote] DEBUG org.asynchttpclient.netty.request.NettyRequestSender - Using open Channel [id: 0x1a7bf238, L:/127.0.0.1:52501 - R:localhost/127.0.0.1:51630] for GET '/session/6626572912d7dee2ecd67c17986ddc0f/screenshot'
09:45:12.531 [AsyncHttpClient-1-2] DEBUG org.asynchttpclient.netty.handler.HttpHandler - 

Request DefaultFullHttpRequest(decodeResult: success, version: HTTP/1.1, content: EmptyByteBufBE)
GET /session/6626572912d7dee2ecd67c17986ddc0f/screenshot HTTP/1.1
User-Agent: selenium/4.1.2 (java windows)
Cache-Control: no-cache
Content-Type: application/json; charset=utf-8
host: localhost:51630
accept: */*

Response DefaultHttpResponse(decodeResult: success, version: HTTP/1.1)
HTTP/1.1 200 OK
Content-Type: application/json; charset=utf-8
cache-control: no-cache
content-length: 152164

09:45:12.531 [AsyncHttpClient-1-2] DEBUG org.asynchttpclient.netty.channel.ChannelManager - Adding key: http://localhost:51630 for channel [id: 0x1a7bf238, L:/127.0.0.1:52501 - R:localhost/127.0.0.1:51630]
09:45:12.537 [Test worker] DEBUG net.serenitybdd.core.photography.Darkroom - Send negative for processing for C:\Users\johan\OneDrive\Documentos\KONEX\Pruebas automatizadas\automatizacion_login_backoffice_1v\target\site\serenity\b5ff519a43a05a185cfc32cb5550fcaf5e392d13e2a5a51a5b306345bfb46618.png
09:45:12.539 [Darkroom Processing Line] DEBUG net.serenitybdd.core.photography.DarkroomProcessingLine - Processing screenshot image in /var/screenshots/screenshot-4185183812477132350
09:45:12.539 [Darkroom Processing Line] DEBUG net.serenitybdd.core.photography.DarkroomProcessingLine - Saving screenshot to C:\Users\johan\OneDrive\Documentos\KONEX\Pruebas automatizadas\automatizacion_login_backoffice_1v\target\site\serenity\b5ff519a43a05a185cfc32cb5550fcaf5e392d13e2a5a51a5b306345bfb46618.png
09:45:12.553 [Test worker] DEBUG net.thucydides.core.steps.StepInterceptor - STEP DONE: {0} clicks on #target
09:45:12.569 [Test worker] DEBUG net.thucydides.core.steps.StepInterceptor - STARTING STEP: Crear.performAs - {0} clicks on #target
09:45:12.570 [Test worker] DEBUG net.serenitybdd.screenplay.targets.IFrameSwitcher - default content already selected for mes final sorteo
09:45:12.635 [Forwarding findElement on session 6626572912d7dee2ecd67c17986ddc0f to remote] DEBUG org.asynchttpclient.netty.request.NettyRequestSender - Using pooled Channel '[id: 0x1a7bf238, L:/127.0.0.1:52501 - R:localhost/127.0.0.1:51630]' for 'POST' to 'http://localhost:51630/session/6626572912d7dee2ecd67c17986ddc0f/element'
09:45:12.635 [Forwarding findElement on session 6626572912d7dee2ecd67c17986ddc0f to remote] DEBUG org.asynchttpclient.netty.request.NettyRequestSender - Using open Channel [id: 0x1a7bf238, L:/127.0.0.1:52501 - R:localhost/127.0.0.1:51630] for POST '/session/6626572912d7dee2ecd67c17986ddc0f/element'
09:45:12.646 [AsyncHttpClient-1-2] DEBUG org.asynchttpclient.netty.handler.HttpHandler - 

Request DefaultHttpRequest(decodeResult: success, version: HTTP/1.1)
POST /session/6626572912d7dee2ecd67c17986ddc0f/element HTTP/1.1
User-Agent: selenium/4.1.2 (java windows)
Content-Length: 82
Content-Type: application/json; charset=utf-8
host: localhost:51630
accept: */*

Response DefaultHttpResponse(decodeResult: success, version: HTTP/1.1)
HTTP/1.1 200 OK
Content-Type: application/json; charset=utf-8
cache-control: no-cache
content-length: 88

09:45:12.646 [AsyncHttpClient-1-2] DEBUG org.asynchttpclient.netty.channel.ChannelManager - Adding key: http://localhost:51630 for channel [id: 0x1a7bf238, L:/127.0.0.1:52501 - R:localhost/127.0.0.1:51630]
09:45:12.657 [Forwarding isElementDisplayed on session 6626572912d7dee2ecd67c17986ddc0f to remote] DEBUG org.asynchttpclient.netty.request.NettyRequestSender - Using pooled Channel '[id: 0x1a7bf238, L:/127.0.0.1:52501 - R:localhost/127.0.0.1:51630]' for 'POST' to 'http://localhost:51630/session/6626572912d7dee2ecd67c17986ddc0f/execute/sync'
09:45:12.657 [Forwarding isElementDisplayed on session 6626572912d7dee2ecd67c17986ddc0f to remote] DEBUG org.asynchttpclient.netty.request.NettyRequestSender - Using open Channel [id: 0x1a7bf238, L:/127.0.0.1:52501 - R:localhost/127.0.0.1:51630] for POST '/session/6626572912d7dee2ecd67c17986ddc0f/execute/sync'
09:45:12.667 [AsyncHttpClient-1-2] DEBUG org.asynchttpclient.netty.handler.HttpHandler - 

Request DefaultHttpRequest(decodeResult: success, version: HTTP/1.1)
POST /session/6626572912d7dee2ecd67c17986ddc0f/execute/sync HTTP/1.1
User-Agent: selenium/4.1.2 (java windows)
Content-Length: 48780
Content-Type: application/json; charset=utf-8
host: localhost:51630
accept: */*

Response DefaultHttpResponse(decodeResult: success, version: HTTP/1.1)
HTTP/1.1 200 OK
Content-Type: application/json; charset=utf-8
cache-control: no-cache
content-length: 14

09:45:12.667 [AsyncHttpClient-1-2] DEBUG org.asynchttpclient.netty.channel.ChannelManager - Adding key: http://localhost:51630 for channel [id: 0x1a7bf238, L:/127.0.0.1:52501 - R:localhost/127.0.0.1:51630]
09:45:12.685 [Forwarding findElement on session 6626572912d7dee2ecd67c17986ddc0f to remote] DEBUG org.asynchttpclient.netty.request.NettyRequestSender - Using pooled Channel '[id: 0x1a7bf238, L:/127.0.0.1:52501 - R:localhost/127.0.0.1:51630]' for 'POST' to 'http://localhost:51630/session/6626572912d7dee2ecd67c17986ddc0f/element'
09:45:12.685 [Forwarding findElement on session 6626572912d7dee2ecd67c17986ddc0f to remote] DEBUG org.asynchttpclient.netty.request.NettyRequestSender - Using open Channel [id: 0x1a7bf238, L:/127.0.0.1:52501 - R:localhost/127.0.0.1:51630] for POST '/session/6626572912d7dee2ecd67c17986ddc0f/element'
09:45:12.692 [AsyncHttpClient-1-2] DEBUG org.asynchttpclient.netty.handler.HttpHandler - 

Request DefaultHttpRequest(decodeResult: success, version: HTTP/1.1)
POST /session/6626572912d7dee2ecd67c17986ddc0f/element HTTP/1.1
User-Agent: selenium/4.1.2 (java windows)
Content-Length: 82
Content-Type: application/json; charset=utf-8
host: localhost:51630
accept: */*

Response DefaultHttpResponse(decodeResult: success, version: HTTP/1.1)
HTTP/1.1 200 OK
Content-Type: application/json; charset=utf-8
cache-control: no-cache
content-length: 88

09:45:12.692 [AsyncHttpClient-1-2] DEBUG org.asynchttpclient.netty.channel.ChannelManager - Adding key: http://localhost:51630 for channel [id: 0x1a7bf238, L:/127.0.0.1:52501 - R:localhost/127.0.0.1:51630]
09:45:12.693 [Forwarding clickElement on session 6626572912d7dee2ecd67c17986ddc0f to remote] DEBUG org.asynchttpclient.netty.request.NettyRequestSender - Using pooled Channel '[id: 0x1a7bf238, L:/127.0.0.1:52501 - R:localhost/127.0.0.1:51630]' for 'POST' to 'http://localhost:51630/session/6626572912d7dee2ecd67c17986ddc0f/element/24c3ec8f-c622-4cd8-9af4-9b3420ab7e19/click'
09:45:12.693 [Forwarding clickElement on session 6626572912d7dee2ecd67c17986ddc0f to remote] DEBUG org.asynchttpclient.netty.request.NettyRequestSender - Using open Channel [id: 0x1a7bf238, L:/127.0.0.1:52501 - R:localhost/127.0.0.1:51630] for POST '/session/6626572912d7dee2ecd67c17986ddc0f/element/24c3ec8f-c622-4cd8-9af4-9b3420ab7e19/click'
09:45:12.728 [AsyncHttpClient-1-2] DEBUG org.asynchttpclient.netty.handler.HttpHandler - 

Request DefaultHttpRequest(decodeResult: success, version: HTTP/1.1)
POST /session/6626572912d7dee2ecd67c17986ddc0f/element/24c3ec8f-c622-4cd8-9af4-9b3420ab7e19/click HTTP/1.1
User-Agent: selenium/4.1.2 (java windows)
Content-Length: 50
Content-Type: application/json; charset=utf-8
host: localhost:51630
accept: */*

Response DefaultHttpResponse(decodeResult: success, version: HTTP/1.1)
HTTP/1.1 200 OK
Content-Type: application/json; charset=utf-8
cache-control: no-cache
content-length: 14

09:45:12.728 [AsyncHttpClient-1-2] DEBUG org.asynchttpclient.netty.channel.ChannelManager - Adding key: http://localhost:51630 for channel [id: 0x1a7bf238, L:/127.0.0.1:52501 - R:localhost/127.0.0.1:51630]
09:45:12.743 [Forwarding screenshot on session 6626572912d7dee2ecd67c17986ddc0f to remote] DEBUG org.asynchttpclient.netty.request.NettyRequestSender - Using pooled Channel '[id: 0x1a7bf238, L:/127.0.0.1:52501 - R:localhost/127.0.0.1:51630]' for 'GET' to 'http://localhost:51630/session/6626572912d7dee2ecd67c17986ddc0f/screenshot'
09:45:12.743 [Forwarding screenshot on session 6626572912d7dee2ecd67c17986ddc0f to remote] DEBUG org.asynchttpclient.netty.request.NettyRequestSender - Using open Channel [id: 0x1a7bf238, L:/127.0.0.1:52501 - R:localhost/127.0.0.1:51630] for GET '/session/6626572912d7dee2ecd67c17986ddc0f/screenshot'
09:45:12.837 [AsyncHttpClient-1-1] DEBUG org.asynchttpclient.netty.channel.DefaultChannelPool - Entry count for : http://localhost:52503 : 1
09:45:12.846 [AsyncHttpClient-1-2] DEBUG org.asynchttpclient.netty.handler.HttpHandler - 

Request DefaultFullHttpRequest(decodeResult: success, version: HTTP/1.1, content: EmptyByteBufBE)
GET /session/6626572912d7dee2ecd67c17986ddc0f/screenshot HTTP/1.1
User-Agent: selenium/4.1.2 (java windows)
Cache-Control: no-cache
Content-Type: application/json; charset=utf-8
host: localhost:51630
accept: */*

Response DefaultHttpResponse(decodeResult: success, version: HTTP/1.1)
HTTP/1.1 200 OK
Content-Type: application/json; charset=utf-8
cache-control: no-cache
content-length: 143560

09:45:12.846 [AsyncHttpClient-1-2] DEBUG org.asynchttpclient.netty.channel.ChannelManager - Adding key: http://localhost:51630 for channel [id: 0x1a7bf238, L:/127.0.0.1:52501 - R:localhost/127.0.0.1:51630]
09:45:12.852 [Test worker] DEBUG net.serenitybdd.core.photography.Darkroom - Send negative for processing for C:\Users\johan\OneDrive\Documentos\KONEX\Pruebas automatizadas\automatizacion_login_backoffice_1v\target\site\serenity\5fd562b0605051c0f9b4b26e2dd43c98a4c5b568e06fd8a77f29274e71f8386e.png
09:45:12.852 [Darkroom Processing Line] DEBUG net.serenitybdd.core.photography.DarkroomProcessingLine - Processing screenshot image in /var/screenshots/screenshot-6049583903198377500
09:45:12.853 [Darkroom Processing Line] DEBUG net.serenitybdd.core.photography.DarkroomProcessingLine - Saving screenshot to C:\Users\johan\OneDrive\Documentos\KONEX\Pruebas automatizadas\automatizacion_login_backoffice_1v\target\site\serenity\5fd562b0605051c0f9b4b26e2dd43c98a4c5b568e06fd8a77f29274e71f8386e.png
09:45:12.869 [Test worker] DEBUG net.thucydides.core.steps.StepInterceptor - STEP DONE: {0} clicks on #target
09:45:12.884 [Test worker] DEBUG net.thucydides.core.steps.StepInterceptor - STARTING STEP: Crear.performAs - {0} clicks on #target
09:45:12.885 [Test worker] DEBUG net.serenitybdd.screenplay.targets.IFrameSwitcher - default content already selected for anno final sorteo
09:45:12.954 [Forwarding findElement on session 6626572912d7dee2ecd67c17986ddc0f to remote] DEBUG org.asynchttpclient.netty.request.NettyRequestSender - Using pooled Channel '[id: 0x1a7bf238, L:/127.0.0.1:52501 - R:localhost/127.0.0.1:51630]' for 'POST' to 'http://localhost:51630/session/6626572912d7dee2ecd67c17986ddc0f/element'
09:45:12.954 [Forwarding findElement on session 6626572912d7dee2ecd67c17986ddc0f to remote] DEBUG org.asynchttpclient.netty.request.NettyRequestSender - Using open Channel [id: 0x1a7bf238, L:/127.0.0.1:52501 - R:localhost/127.0.0.1:51630] for POST '/session/6626572912d7dee2ecd67c17986ddc0f/element'
09:45:12.961 [AsyncHttpClient-1-2] DEBUG org.asynchttpclient.netty.handler.HttpHandler - 

Request DefaultHttpRequest(decodeResult: success, version: HTTP/1.1)
POST /session/6626572912d7dee2ecd67c17986ddc0f/element HTTP/1.1
User-Agent: selenium/4.1.2 (java windows)
Content-Length: 80
Content-Type: application/json; charset=utf-8
host: localhost:51630
accept: */*

Response DefaultHttpResponse(decodeResult: success, version: HTTP/1.1)
HTTP/1.1 200 OK
Content-Type: application/json; charset=utf-8
cache-control: no-cache
content-length: 88

09:45:12.961 [AsyncHttpClient-1-2] DEBUG org.asynchttpclient.netty.channel.ChannelManager - Adding key: http://localhost:51630 for channel [id: 0x1a7bf238, L:/127.0.0.1:52501 - R:localhost/127.0.0.1:51630]
09:45:12.972 [Forwarding isElementDisplayed on session 6626572912d7dee2ecd67c17986ddc0f to remote] DEBUG org.asynchttpclient.netty.request.NettyRequestSender - Using pooled Channel '[id: 0x1a7bf238, L:/127.0.0.1:52501 - R:localhost/127.0.0.1:51630]' for 'POST' to 'http://localhost:51630/session/6626572912d7dee2ecd67c17986ddc0f/execute/sync'
09:45:12.973 [Forwarding isElementDisplayed on session 6626572912d7dee2ecd67c17986ddc0f to remote] DEBUG org.asynchttpclient.netty.request.NettyRequestSender - Using open Channel [id: 0x1a7bf238, L:/127.0.0.1:52501 - R:localhost/127.0.0.1:51630] for POST '/session/6626572912d7dee2ecd67c17986ddc0f/execute/sync'
09:45:12.982 [AsyncHttpClient-1-2] DEBUG org.asynchttpclient.netty.handler.HttpHandler - 

Request DefaultHttpRequest(decodeResult: success, version: HTTP/1.1)
POST /session/6626572912d7dee2ecd67c17986ddc0f/execute/sync HTTP/1.1
User-Agent: selenium/4.1.2 (java windows)
Content-Length: 48780
Content-Type: application/json; charset=utf-8
host: localhost:51630
accept: */*

Response DefaultHttpResponse(decodeResult: success, version: HTTP/1.1)
HTTP/1.1 200 OK
Content-Type: application/json; charset=utf-8
cache-control: no-cache
content-length: 14

09:45:12.982 [AsyncHttpClient-1-2] DEBUG org.asynchttpclient.netty.channel.ChannelManager - Adding key: http://localhost:51630 for channel [id: 0x1a7bf238, L:/127.0.0.1:52501 - R:localhost/127.0.0.1:51630]
09:45:12.999 [Forwarding findElement on session 6626572912d7dee2ecd67c17986ddc0f to remote] DEBUG org.asynchttpclient.netty.request.NettyRequestSender - Using pooled Channel '[id: 0x1a7bf238, L:/127.0.0.1:52501 - R:localhost/127.0.0.1:51630]' for 'POST' to 'http://localhost:51630/session/6626572912d7dee2ecd67c17986ddc0f/element'
09:45:12.999 [Forwarding findElement on session 6626572912d7dee2ecd67c17986ddc0f to remote] DEBUG org.asynchttpclient.netty.request.NettyRequestSender - Using open Channel [id: 0x1a7bf238, L:/127.0.0.1:52501 - R:localhost/127.0.0.1:51630] for POST '/session/6626572912d7dee2ecd67c17986ddc0f/element'
09:45:13.006 [AsyncHttpClient-1-2] DEBUG org.asynchttpclient.netty.handler.HttpHandler - 

Request DefaultHttpRequest(decodeResult: success, version: HTTP/1.1)
POST /session/6626572912d7dee2ecd67c17986ddc0f/element HTTP/1.1
User-Agent: selenium/4.1.2 (java windows)
Content-Length: 80
Content-Type: application/json; charset=utf-8
host: localhost:51630
accept: */*

Response DefaultHttpResponse(decodeResult: success, version: HTTP/1.1)
HTTP/1.1 200 OK
Content-Type: application/json; charset=utf-8
cache-control: no-cache
content-length: 88

09:45:13.006 [AsyncHttpClient-1-2] DEBUG org.asynchttpclient.netty.channel.ChannelManager - Adding key: http://localhost:51630 for channel [id: 0x1a7bf238, L:/127.0.0.1:52501 - R:localhost/127.0.0.1:51630]
09:45:13.008 [Forwarding clickElement on session 6626572912d7dee2ecd67c17986ddc0f to remote] DEBUG org.asynchttpclient.netty.request.NettyRequestSender - Using pooled Channel '[id: 0x1a7bf238, L:/127.0.0.1:52501 - R:localhost/127.0.0.1:51630]' for 'POST' to 'http://localhost:51630/session/6626572912d7dee2ecd67c17986ddc0f/element/30695237-5385-4bc6-828c-dcd5cd80cc52/click'
09:45:13.008 [Forwarding clickElement on session 6626572912d7dee2ecd67c17986ddc0f to remote] DEBUG org.asynchttpclient.netty.request.NettyRequestSender - Using open Channel [id: 0x1a7bf238, L:/127.0.0.1:52501 - R:localhost/127.0.0.1:51630] for POST '/session/6626572912d7dee2ecd67c17986ddc0f/element/30695237-5385-4bc6-828c-dcd5cd80cc52/click'
09:45:13.031 [AsyncHttpClient-1-2] DEBUG org.asynchttpclient.netty.handler.HttpHandler - 

Request DefaultHttpRequest(decodeResult: success, version: HTTP/1.1)
POST /session/6626572912d7dee2ecd67c17986ddc0f/element/30695237-5385-4bc6-828c-dcd5cd80cc52/click HTTP/1.1
User-Agent: selenium/4.1.2 (java windows)
Content-Length: 50
Content-Type: application/json; charset=utf-8
host: localhost:51630
accept: */*

Response DefaultHttpResponse(decodeResult: success, version: HTTP/1.1)
HTTP/1.1 200 OK
Content-Type: application/json; charset=utf-8
cache-control: no-cache
content-length: 14

09:45:13.031 [AsyncHttpClient-1-2] DEBUG org.asynchttpclient.netty.channel.ChannelManager - Adding key: http://localhost:51630 for channel [id: 0x1a7bf238, L:/127.0.0.1:52501 - R:localhost/127.0.0.1:51630]
09:45:13.047 [Forwarding screenshot on session 6626572912d7dee2ecd67c17986ddc0f to remote] DEBUG org.asynchttpclient.netty.request.NettyRequestSender - Using pooled Channel '[id: 0x1a7bf238, L:/127.0.0.1:52501 - R:localhost/127.0.0.1:51630]' for 'GET' to 'http://localhost:51630/session/6626572912d7dee2ecd67c17986ddc0f/screenshot'
09:45:13.047 [Forwarding screenshot on session 6626572912d7dee2ecd67c17986ddc0f to remote] DEBUG org.asynchttpclient.netty.request.NettyRequestSender - Using open Channel [id: 0x1a7bf238, L:/127.0.0.1:52501 - R:localhost/127.0.0.1:51630] for GET '/session/6626572912d7dee2ecd67c17986ddc0f/screenshot'
09:45:13.166 [AsyncHttpClient-1-2] DEBUG org.asynchttpclient.netty.handler.HttpHandler - 

Request DefaultFullHttpRequest(decodeResult: success, version: HTTP/1.1, content: EmptyByteBufBE)
GET /session/6626572912d7dee2ecd67c17986ddc0f/screenshot HTTP/1.1
User-Agent: selenium/4.1.2 (java windows)
Cache-Control: no-cache
Content-Type: application/json; charset=utf-8
host: localhost:51630
accept: */*

Response DefaultHttpResponse(decodeResult: success, version: HTTP/1.1)
HTTP/1.1 200 OK
Content-Type: application/json; charset=utf-8
cache-control: no-cache
content-length: 143992

09:45:13.166 [AsyncHttpClient-1-2] DEBUG org.asynchttpclient.netty.channel.ChannelManager - Adding key: http://localhost:51630 for channel [id: 0x1a7bf238, L:/127.0.0.1:52501 - R:localhost/127.0.0.1:51630]
09:45:13.171 [Test worker] DEBUG net.serenitybdd.core.photography.Darkroom - Send negative for processing for C:\Users\johan\OneDrive\Documentos\KONEX\Pruebas automatizadas\automatizacion_login_backoffice_1v\target\site\serenity\54f6a81aa7e66bf7466503c9501f1ba6c2d9744c4c29f33cede2ca02ac811757.png
09:45:13.172 [Darkroom Processing Line] DEBUG net.serenitybdd.core.photography.DarkroomProcessingLine - Processing screenshot image in /var/screenshots/screenshot-2613060953256791538
09:45:13.172 [Darkroom Processing Line] DEBUG net.serenitybdd.core.photography.DarkroomProcessingLine - Saving screenshot to C:\Users\johan\OneDrive\Documentos\KONEX\Pruebas automatizadas\automatizacion_login_backoffice_1v\target\site\serenity\54f6a81aa7e66bf7466503c9501f1ba6c2d9744c4c29f33cede2ca02ac811757.png
09:45:13.186 [Test worker] DEBUG net.thucydides.core.steps.StepInterceptor - STEP DONE: {0} clicks on #target
09:45:13.199 [Test worker] DEBUG net.thucydides.core.steps.StepInterceptor - STARTING STEP: Crear.performAs - {0} clicks on #target
09:45:13.199 [Test worker] DEBUG net.serenitybdd.screenplay.targets.IFrameSwitcher - default content already selected for dia inicio del sorteo
09:45:13.259 [Forwarding findElement on session 6626572912d7dee2ecd67c17986ddc0f to remote] DEBUG org.asynchttpclient.netty.request.NettyRequestSender - Using pooled Channel '[id: 0x1a7bf238, L:/127.0.0.1:52501 - R:localhost/127.0.0.1:51630]' for 'POST' to 'http://localhost:51630/session/6626572912d7dee2ecd67c17986ddc0f/element'
09:45:13.259 [Forwarding findElement on session 6626572912d7dee2ecd67c17986ddc0f to remote] DEBUG org.asynchttpclient.netty.request.NettyRequestSender - Using open Channel [id: 0x1a7bf238, L:/127.0.0.1:52501 - R:localhost/127.0.0.1:51630] for POST '/session/6626572912d7dee2ecd67c17986ddc0f/element'
09:45:13.267 [AsyncHttpClient-1-2] DEBUG org.asynchttpclient.netty.handler.HttpHandler - 

Request DefaultHttpRequest(decodeResult: success, version: HTTP/1.1)
POST /session/6626572912d7dee2ecd67c17986ddc0f/element HTTP/1.1
User-Agent: selenium/4.1.2 (java windows)
Content-Length: 73
Content-Type: application/json; charset=utf-8
host: localhost:51630
accept: */*

Response DefaultHttpResponse(decodeResult: success, version: HTTP/1.1)
HTTP/1.1 200 OK
Content-Type: application/json; charset=utf-8
cache-control: no-cache
content-length: 88

09:45:13.267 [AsyncHttpClient-1-2] DEBUG org.asynchttpclient.netty.channel.ChannelManager - Adding key: http://localhost:51630 for channel [id: 0x1a7bf238, L:/127.0.0.1:52501 - R:localhost/127.0.0.1:51630]
09:45:13.278 [Forwarding isElementDisplayed on session 6626572912d7dee2ecd67c17986ddc0f to remote] DEBUG org.asynchttpclient.netty.request.NettyRequestSender - Using pooled Channel '[id: 0x1a7bf238, L:/127.0.0.1:52501 - R:localhost/127.0.0.1:51630]' for 'POST' to 'http://localhost:51630/session/6626572912d7dee2ecd67c17986ddc0f/execute/sync'
09:45:13.278 [Forwarding isElementDisplayed on session 6626572912d7dee2ecd67c17986ddc0f to remote] DEBUG org.asynchttpclient.netty.request.NettyRequestSender - Using open Channel [id: 0x1a7bf238, L:/127.0.0.1:52501 - R:localhost/127.0.0.1:51630] for POST '/session/6626572912d7dee2ecd67c17986ddc0f/execute/sync'
09:45:13.288 [AsyncHttpClient-1-2] DEBUG org.asynchttpclient.netty.handler.HttpHandler - 

Request DefaultHttpRequest(decodeResult: success, version: HTTP/1.1)
POST /session/6626572912d7dee2ecd67c17986ddc0f/execute/sync HTTP/1.1
User-Agent: selenium/4.1.2 (java windows)
Content-Length: 48780
Content-Type: application/json; charset=utf-8
host: localhost:51630
accept: */*

Response DefaultHttpResponse(decodeResult: success, version: HTTP/1.1)
HTTP/1.1 200 OK
Content-Type: application/json; charset=utf-8
cache-control: no-cache
content-length: 14

09:45:13.288 [AsyncHttpClient-1-2] DEBUG org.asynchttpclient.netty.channel.ChannelManager - Adding key: http://localhost:51630 for channel [id: 0x1a7bf238, L:/127.0.0.1:52501 - R:localhost/127.0.0.1:51630]
09:45:13.305 [Forwarding findElement on session 6626572912d7dee2ecd67c17986ddc0f to remote] DEBUG org.asynchttpclient.netty.request.NettyRequestSender - Using pooled Channel '[id: 0x1a7bf238, L:/127.0.0.1:52501 - R:localhost/127.0.0.1:51630]' for 'POST' to 'http://localhost:51630/session/6626572912d7dee2ecd67c17986ddc0f/element'
09:45:13.305 [Forwarding findElement on session 6626572912d7dee2ecd67c17986ddc0f to remote] DEBUG org.asynchttpclient.netty.request.NettyRequestSender - Using open Channel [id: 0x1a7bf238, L:/127.0.0.1:52501 - R:localhost/127.0.0.1:51630] for POST '/session/6626572912d7dee2ecd67c17986ddc0f/element'
09:45:13.311 [AsyncHttpClient-1-2] DEBUG org.asynchttpclient.netty.handler.HttpHandler - 

Request DefaultHttpRequest(decodeResult: success, version: HTTP/1.1)
POST /session/6626572912d7dee2ecd67c17986ddc0f/element HTTP/1.1
User-Agent: selenium/4.1.2 (java windows)
Content-Length: 73
Content-Type: application/json; charset=utf-8
host: localhost:51630
accept: */*

Response DefaultHttpResponse(decodeResult: success, version: HTTP/1.1)
HTTP/1.1 200 OK
Content-Type: application/json; charset=utf-8
cache-control: no-cache
content-length: 88

09:45:13.311 [AsyncHttpClient-1-2] DEBUG org.asynchttpclient.netty.channel.ChannelManager - Adding key: http://localhost:51630 for channel [id: 0x1a7bf238, L:/127.0.0.1:52501 - R:localhost/127.0.0.1:51630]
09:45:13.312 [Forwarding clickElement on session 6626572912d7dee2ecd67c17986ddc0f to remote] DEBUG org.asynchttpclient.netty.request.NettyRequestSender - Using pooled Channel '[id: 0x1a7bf238, L:/127.0.0.1:52501 - R:localhost/127.0.0.1:51630]' for 'POST' to 'http://localhost:51630/session/6626572912d7dee2ecd67c17986ddc0f/element/5f2a4cff-c675-4da3-9a29-4063970f210d/click'
09:45:13.312 [Forwarding clickElement on session 6626572912d7dee2ecd67c17986ddc0f to remote] DEBUG org.asynchttpclient.netty.request.NettyRequestSender - Using open Channel [id: 0x1a7bf238, L:/127.0.0.1:52501 - R:localhost/127.0.0.1:51630] for POST '/session/6626572912d7dee2ecd67c17986ddc0f/element/5f2a4cff-c675-4da3-9a29-4063970f210d/click'
09:45:13.346 [AsyncHttpClient-1-2] DEBUG org.asynchttpclient.netty.handler.HttpHandler - 

Request DefaultHttpRequest(decodeResult: success, version: HTTP/1.1)
POST /session/6626572912d7dee2ecd67c17986ddc0f/element/5f2a4cff-c675-4da3-9a29-4063970f210d/click HTTP/1.1
User-Agent: selenium/4.1.2 (java windows)
Content-Length: 50
Content-Type: application/json; charset=utf-8
host: localhost:51630
accept: */*

Response DefaultHttpResponse(decodeResult: success, version: HTTP/1.1)
HTTP/1.1 200 OK
Content-Type: application/json; charset=utf-8
cache-control: no-cache
content-length: 14

09:45:13.346 [AsyncHttpClient-1-2] DEBUG org.asynchttpclient.netty.channel.ChannelManager - Adding key: http://localhost:51630 for channel [id: 0x1a7bf238, L:/127.0.0.1:52501 - R:localhost/127.0.0.1:51630]
09:45:13.363 [Forwarding screenshot on session 6626572912d7dee2ecd67c17986ddc0f to remote] DEBUG org.asynchttpclient.netty.request.NettyRequestSender - Using pooled Channel '[id: 0x1a7bf238, L:/127.0.0.1:52501 - R:localhost/127.0.0.1:51630]' for 'GET' to 'http://localhost:51630/session/6626572912d7dee2ecd67c17986ddc0f/screenshot'
09:45:13.363 [Forwarding screenshot on session 6626572912d7dee2ecd67c17986ddc0f to remote] DEBUG org.asynchttpclient.netty.request.NettyRequestSender - Using open Channel [id: 0x1a7bf238, L:/127.0.0.1:52501 - R:localhost/127.0.0.1:51630] for GET '/session/6626572912d7dee2ecd67c17986ddc0f/screenshot'
09:45:13.480 [AsyncHttpClient-1-2] DEBUG org.asynchttpclient.netty.handler.HttpHandler - 

Request DefaultFullHttpRequest(decodeResult: success, version: HTTP/1.1, content: EmptyByteBufBE)
GET /session/6626572912d7dee2ecd67c17986ddc0f/screenshot HTTP/1.1
User-Agent: selenium/4.1.2 (java windows)
Cache-Control: no-cache
Content-Type: application/json; charset=utf-8
host: localhost:51630
accept: */*

Response DefaultHttpResponse(decodeResult: success, version: HTTP/1.1)
HTTP/1.1 200 OK
Content-Type: application/json; charset=utf-8
cache-control: no-cache
content-length: 146056

09:45:13.481 [AsyncHttpClient-1-2] DEBUG org.asynchttpclient.netty.channel.ChannelManager - Adding key: http://localhost:51630 for channel [id: 0x1a7bf238, L:/127.0.0.1:52501 - R:localhost/127.0.0.1:51630]
09:45:13.486 [Test worker] DEBUG net.serenitybdd.core.photography.Darkroom - Send negative for processing for C:\Users\johan\OneDrive\Documentos\KONEX\Pruebas automatizadas\automatizacion_login_backoffice_1v\target\site\serenity\726fb0dde7bdbbf3e8ac8dd74dcf6814ab76a8cdb91a1c74c16807fdd0e3189a.png
09:45:13.488 [Darkroom Processing Line] DEBUG net.serenitybdd.core.photography.DarkroomProcessingLine - Processing screenshot image in /var/screenshots/screenshot-8160005248790045695
09:45:13.488 [Darkroom Processing Line] DEBUG net.serenitybdd.core.photography.DarkroomProcessingLine - Saving screenshot to C:\Users\johan\OneDrive\Documentos\KONEX\Pruebas automatizadas\automatizacion_login_backoffice_1v\target\site\serenity\726fb0dde7bdbbf3e8ac8dd74dcf6814ab76a8cdb91a1c74c16807fdd0e3189a.png
09:45:13.500 [Test worker] DEBUG net.thucydides.core.steps.StepInterceptor - STEP DONE: {0} clicks on #target
09:45:13.515 [Test worker] DEBUG net.thucydides.core.steps.StepInterceptor - STARTING STEP: Crear.performAs - {0} clicks on #target
09:45:13.516 [Test worker] DEBUG net.serenitybdd.screenplay.targets.IFrameSwitcher - default content already selected for campo loteria
09:45:13.583 [Forwarding findElement on session 6626572912d7dee2ecd67c17986ddc0f to remote] DEBUG org.asynchttpclient.netty.request.NettyRequestSender - Using pooled Channel '[id: 0x1a7bf238, L:/127.0.0.1:52501 - R:localhost/127.0.0.1:51630]' for 'POST' to 'http://localhost:51630/session/6626572912d7dee2ecd67c17986ddc0f/element'
09:45:13.583 [Forwarding findElement on session 6626572912d7dee2ecd67c17986ddc0f to remote] DEBUG org.asynchttpclient.netty.request.NettyRequestSender - Using open Channel [id: 0x1a7bf238, L:/127.0.0.1:52501 - R:localhost/127.0.0.1:51630] for POST '/session/6626572912d7dee2ecd67c17986ddc0f/element'
09:45:13.596 [AsyncHttpClient-1-2] DEBUG org.asynchttpclient.netty.handler.HttpHandler - 

Request DefaultHttpRequest(decodeResult: success, version: HTTP/1.1)
POST /session/6626572912d7dee2ecd67c17986ddc0f/element HTTP/1.1
User-Agent: selenium/4.1.2 (java windows)
Content-Length: 97
Content-Type: application/json; charset=utf-8
host: localhost:51630
accept: */*

Response DefaultHttpResponse(decodeResult: success, version: HTTP/1.1)
HTTP/1.1 200 OK
Content-Type: application/json; charset=utf-8
cache-control: no-cache
content-length: 88

09:45:13.596 [AsyncHttpClient-1-2] DEBUG org.asynchttpclient.netty.channel.ChannelManager - Adding key: http://localhost:51630 for channel [id: 0x1a7bf238, L:/127.0.0.1:52501 - R:localhost/127.0.0.1:51630]
09:45:13.610 [Forwarding isElementDisplayed on session 6626572912d7dee2ecd67c17986ddc0f to remote] DEBUG org.asynchttpclient.netty.request.NettyRequestSender - Using pooled Channel '[id: 0x1a7bf238, L:/127.0.0.1:52501 - R:localhost/127.0.0.1:51630]' for 'POST' to 'http://localhost:51630/session/6626572912d7dee2ecd67c17986ddc0f/execute/sync'
09:45:13.610 [Forwarding isElementDisplayed on session 6626572912d7dee2ecd67c17986ddc0f to remote] DEBUG org.asynchttpclient.netty.request.NettyRequestSender - Using open Channel [id: 0x1a7bf238, L:/127.0.0.1:52501 - R:localhost/127.0.0.1:51630] for POST '/session/6626572912d7dee2ecd67c17986ddc0f/execute/sync'
09:45:13.620 [AsyncHttpClient-1-2] DEBUG org.asynchttpclient.netty.handler.HttpHandler - 

Request DefaultHttpRequest(decodeResult: success, version: HTTP/1.1)
POST /session/6626572912d7dee2ecd67c17986ddc0f/execute/sync HTTP/1.1
User-Agent: selenium/4.1.2 (java windows)
Content-Length: 48780
Content-Type: application/json; charset=utf-8
host: localhost:51630
accept: */*

Response DefaultHttpResponse(decodeResult: success, version: HTTP/1.1)
HTTP/1.1 200 OK
Content-Type: application/json; charset=utf-8
cache-control: no-cache
content-length: 14

09:45:13.620 [AsyncHttpClient-1-2] DEBUG org.asynchttpclient.netty.channel.ChannelManager - Adding key: http://localhost:51630 for channel [id: 0x1a7bf238, L:/127.0.0.1:52501 - R:localhost/127.0.0.1:51630]
09:45:13.639 [Forwarding findElement on session 6626572912d7dee2ecd67c17986ddc0f to remote] DEBUG org.asynchttpclient.netty.request.NettyRequestSender - Using pooled Channel '[id: 0x1a7bf238, L:/127.0.0.1:52501 - R:localhost/127.0.0.1:51630]' for 'POST' to 'http://localhost:51630/session/6626572912d7dee2ecd67c17986ddc0f/element'
09:45:13.639 [Forwarding findElement on session 6626572912d7dee2ecd67c17986ddc0f to remote] DEBUG org.asynchttpclient.netty.request.NettyRequestSender - Using open Channel [id: 0x1a7bf238, L:/127.0.0.1:52501 - R:localhost/127.0.0.1:51630] for POST '/session/6626572912d7dee2ecd67c17986ddc0f/element'
09:45:13.647 [AsyncHttpClient-1-2] DEBUG org.asynchttpclient.netty.handler.HttpHandler - 

Request DefaultHttpRequest(decodeResult: success, version: HTTP/1.1)
POST /session/6626572912d7dee2ecd67c17986ddc0f/element HTTP/1.1
User-Agent: selenium/4.1.2 (java windows)
Content-Length: 97
Content-Type: application/json; charset=utf-8
host: localhost:51630
accept: */*

Response DefaultHttpResponse(decodeResult: success, version: HTTP/1.1)
HTTP/1.1 200 OK
Content-Type: application/json; charset=utf-8
cache-control: no-cache
content-length: 88

09:45:13.647 [AsyncHttpClient-1-2] DEBUG org.asynchttpclient.netty.channel.ChannelManager - Adding key: http://localhost:51630 for channel [id: 0x1a7bf238, L:/127.0.0.1:52501 - R:localhost/127.0.0.1:51630]
09:45:13.648 [Forwarding clickElement on session 6626572912d7dee2ecd67c17986ddc0f to remote] DEBUG org.asynchttpclient.netty.request.NettyRequestSender - Using pooled Channel '[id: 0x1a7bf238, L:/127.0.0.1:52501 - R:localhost/127.0.0.1:51630]' for 'POST' to 'http://localhost:51630/session/6626572912d7dee2ecd67c17986ddc0f/element/4c8c2e51-f3ce-4a3b-b6b5-ca2ceed84608/click'
09:45:13.648 [Forwarding clickElement on session 6626572912d7dee2ecd67c17986ddc0f to remote] DEBUG org.asynchttpclient.netty.request.NettyRequestSender - Using open Channel [id: 0x1a7bf238, L:/127.0.0.1:52501 - R:localhost/127.0.0.1:51630] for POST '/session/6626572912d7dee2ecd67c17986ddc0f/element/4c8c2e51-f3ce-4a3b-b6b5-ca2ceed84608/click'
09:45:13.702 [AsyncHttpClient-1-2] DEBUG org.asynchttpclient.netty.handler.HttpHandler - 

Request DefaultHttpRequest(decodeResult: success, version: HTTP/1.1)
POST /session/6626572912d7dee2ecd67c17986ddc0f/element/4c8c2e51-f3ce-4a3b-b6b5-ca2ceed84608/click HTTP/1.1
User-Agent: selenium/4.1.2 (java windows)
Content-Length: 50
Content-Type: application/json; charset=utf-8
host: localhost:51630
accept: */*

Response DefaultHttpResponse(decodeResult: success, version: HTTP/1.1)
HTTP/1.1 200 OK
Content-Type: application/json; charset=utf-8
cache-control: no-cache
content-length: 14

09:45:13.702 [AsyncHttpClient-1-2] DEBUG org.asynchttpclient.netty.channel.ChannelManager - Adding key: http://localhost:51630 for channel [id: 0x1a7bf238, L:/127.0.0.1:52501 - R:localhost/127.0.0.1:51630]
09:45:13.717 [Forwarding screenshot on session 6626572912d7dee2ecd67c17986ddc0f to remote] DEBUG org.asynchttpclient.netty.request.NettyRequestSender - Using pooled Channel '[id: 0x1a7bf238, L:/127.0.0.1:52501 - R:localhost/127.0.0.1:51630]' for 'GET' to 'http://localhost:51630/session/6626572912d7dee2ecd67c17986ddc0f/screenshot'
09:45:13.717 [Forwarding screenshot on session 6626572912d7dee2ecd67c17986ddc0f to remote] DEBUG org.asynchttpclient.netty.request.NettyRequestSender - Using open Channel [id: 0x1a7bf238, L:/127.0.0.1:52501 - R:localhost/127.0.0.1:51630] for GET '/session/6626572912d7dee2ecd67c17986ddc0f/screenshot'
09:45:13.933 [AsyncHttpClient-1-2] DEBUG org.asynchttpclient.netty.handler.HttpHandler - 

Request DefaultFullHttpRequest(decodeResult: success, version: HTTP/1.1, content: EmptyByteBufBE)
GET /session/6626572912d7dee2ecd67c17986ddc0f/screenshot HTTP/1.1
User-Agent: selenium/4.1.2 (java windows)
Cache-Control: no-cache
Content-Type: application/json; charset=utf-8
host: localhost:51630
accept: */*

Response DefaultHttpResponse(decodeResult: success, version: HTTP/1.1)
HTTP/1.1 200 OK
Content-Type: application/json; charset=utf-8
cache-control: no-cache
content-length: 152740

09:45:13.935 [AsyncHttpClient-1-2] DEBUG org.asynchttpclient.netty.channel.ChannelManager - Adding key: http://localhost:51630 for channel [id: 0x1a7bf238, L:/127.0.0.1:52501 - R:localhost/127.0.0.1:51630]
09:45:13.937 [AsyncHttpClient-1-1] DEBUG org.asynchttpclient.netty.channel.DefaultChannelPool - Entry count for : http://localhost:52503 : 1
09:45:13.937 [AsyncHttpClient-1-1] DEBUG org.asynchttpclient.netty.channel.DefaultChannelPool - Entry count for : http://localhost:51630 : 1
09:45:13.941 [Test worker] DEBUG net.serenitybdd.core.photography.Darkroom - Send negative for processing for C:\Users\johan\OneDrive\Documentos\KONEX\Pruebas automatizadas\automatizacion_login_backoffice_1v\target\site\serenity\ab280cba5f98e776c1c00dd7b43031c9890e3c00b8eaf7e5b2639ff5b5afa21a.png
09:45:13.942 [Darkroom Processing Line] DEBUG net.serenitybdd.core.photography.DarkroomProcessingLine - Processing screenshot image in /var/screenshots/screenshot-4493372584327023138
09:45:13.942 [Darkroom Processing Line] DEBUG net.serenitybdd.core.photography.DarkroomProcessingLine - Saving screenshot to C:\Users\johan\OneDrive\Documentos\KONEX\Pruebas automatizadas\automatizacion_login_backoffice_1v\target\site\serenity\ab280cba5f98e776c1c00dd7b43031c9890e3c00b8eaf7e5b2639ff5b5afa21a.png
09:45:13.957 [Test worker] DEBUG net.thucydides.core.steps.StepInterceptor - STEP DONE: {0} clicks on #target
09:45:13.957 [Test worker] DEBUG net.serenitybdd.screenplay.targets.IFrameSwitcher - default content already selected for Seleccionar loteria
09:45:13.974 [Forwarding getCurrentUrl on session 6626572912d7dee2ecd67c17986ddc0f to remote] DEBUG org.asynchttpclient.netty.request.NettyRequestSender - Using pooled Channel '[id: 0x1a7bf238, L:/127.0.0.1:52501 - R:localhost/127.0.0.1:51630]' for 'GET' to 'http://localhost:51630/session/6626572912d7dee2ecd67c17986ddc0f/url'
09:45:13.974 [Forwarding getCurrentUrl on session 6626572912d7dee2ecd67c17986ddc0f to remote] DEBUG org.asynchttpclient.netty.request.NettyRequestSender - Using open Channel [id: 0x1a7bf238, L:/127.0.0.1:52501 - R:localhost/127.0.0.1:51630] for GET '/session/6626572912d7dee2ecd67c17986ddc0f/url'
09:45:13.978 [AsyncHttpClient-1-2] DEBUG org.asynchttpclient.netty.handler.HttpHandler - 

Request DefaultFullHttpRequest(decodeResult: success, version: HTTP/1.1, content: EmptyByteBufBE)
GET /session/6626572912d7dee2ecd67c17986ddc0f/url HTTP/1.1
User-Agent: selenium/4.1.2 (java windows)
Cache-Control: no-cache
Content-Type: application/json; charset=utf-8
host: localhost:51630
accept: */*

Response DefaultHttpResponse(decodeResult: success, version: HTTP/1.1)
HTTP/1.1 200 OK
Content-Type: application/json; charset=utf-8
cache-control: no-cache
content-length: 93

09:45:13.978 [AsyncHttpClient-1-2] DEBUG org.asynchttpclient.netty.channel.ChannelManager - Adding key: http://localhost:51630 for channel [id: 0x1a7bf238, L:/127.0.0.1:52501 - R:localhost/127.0.0.1:51630]
09:45:13.998 [Forwarding findElement on session 6626572912d7dee2ecd67c17986ddc0f to remote] DEBUG org.asynchttpclient.netty.request.NettyRequestSender - Using pooled Channel '[id: 0x1a7bf238, L:/127.0.0.1:52501 - R:localhost/127.0.0.1:51630]' for 'POST' to 'http://localhost:51630/session/6626572912d7dee2ecd67c17986ddc0f/element'
09:45:13.998 [Forwarding findElement on session 6626572912d7dee2ecd67c17986ddc0f to remote] DEBUG org.asynchttpclient.netty.request.NettyRequestSender - Using open Channel [id: 0x1a7bf238, L:/127.0.0.1:52501 - R:localhost/127.0.0.1:51630] for POST '/session/6626572912d7dee2ecd67c17986ddc0f/element'
09:45:14.009 [AsyncHttpClient-1-2] DEBUG org.asynchttpclient.netty.handler.HttpHandler - 

Request DefaultHttpRequest(decodeResult: success, version: HTTP/1.1)
POST /session/6626572912d7dee2ecd67c17986ddc0f/element HTTP/1.1
User-Agent: selenium/4.1.2 (java windows)
Content-Length: 83
Content-Type: application/json; charset=utf-8
host: localhost:51630
accept: */*

Response DefaultHttpResponse(decodeResult: success, version: HTTP/1.1)
HTTP/1.1 200 OK
Content-Type: application/json; charset=utf-8
cache-control: no-cache
content-length: 88

09:45:14.009 [AsyncHttpClient-1-2] DEBUG org.asynchttpclient.netty.channel.ChannelManager - Adding key: http://localhost:51630 for channel [id: 0x1a7bf238, L:/127.0.0.1:52501 - R:localhost/127.0.0.1:51630]
09:45:14.019 [Forwarding executeScript on session 6626572912d7dee2ecd67c17986ddc0f to remote] DEBUG org.asynchttpclient.netty.request.NettyRequestSender - Using pooled Channel '[id: 0x1a7bf238, L:/127.0.0.1:52501 - R:localhost/127.0.0.1:51630]' for 'POST' to 'http://localhost:51630/session/6626572912d7dee2ecd67c17986ddc0f/execute/sync'
09:45:14.019 [Forwarding executeScript on session 6626572912d7dee2ecd67c17986ddc0f to remote] DEBUG org.asynchttpclient.netty.request.NettyRequestSender - Using open Channel [id: 0x1a7bf238, L:/127.0.0.1:52501 - R:localhost/127.0.0.1:51630] for POST '/session/6626572912d7dee2ecd67c17986ddc0f/execute/sync'
09:45:14.023 [AsyncHttpClient-1-2] DEBUG org.asynchttpclient.netty.handler.HttpHandler - 

Request DefaultHttpRequest(decodeResult: success, version: HTTP/1.1)
POST /session/6626572912d7dee2ecd67c17986ddc0f/execute/sync HTTP/1.1
User-Agent: selenium/4.1.2 (java windows)
Content-Length: 240
Content-Type: application/json; charset=utf-8
host: localhost:51630
accept: */*

Response DefaultHttpResponse(decodeResult: success, version: HTTP/1.1)
HTTP/1.1 200 OK
Content-Type: application/json; charset=utf-8
cache-control: no-cache
content-length: 14

09:45:14.023 [AsyncHttpClient-1-2] DEBUG org.asynchttpclient.netty.channel.ChannelManager - Adding key: http://localhost:51630 for channel [id: 0x1a7bf238, L:/127.0.0.1:52501 - R:localhost/127.0.0.1:51630]
09:45:14.038 [Forwarding screenshot on session 6626572912d7dee2ecd67c17986ddc0f to remote] DEBUG org.asynchttpclient.netty.request.NettyRequestSender - Using pooled Channel '[id: 0x1a7bf238, L:/127.0.0.1:52501 - R:localhost/127.0.0.1:51630]' for 'GET' to 'http://localhost:51630/session/6626572912d7dee2ecd67c17986ddc0f/screenshot'
09:45:14.038 [Forwarding screenshot on session 6626572912d7dee2ecd67c17986ddc0f to remote] DEBUG org.asynchttpclient.netty.request.NettyRequestSender - Using open Channel [id: 0x1a7bf238, L:/127.0.0.1:52501 - R:localhost/127.0.0.1:51630] for GET '/session/6626572912d7dee2ecd67c17986ddc0f/screenshot'
09:45:14.128 [AsyncHttpClient-1-2] DEBUG org.asynchttpclient.netty.handler.HttpHandler - 

Request DefaultFullHttpRequest(decodeResult: success, version: HTTP/1.1, content: EmptyByteBufBE)
GET /session/6626572912d7dee2ecd67c17986ddc0f/screenshot HTTP/1.1
User-Agent: selenium/4.1.2 (java windows)
Cache-Control: no-cache
Content-Type: application/json; charset=utf-8
host: localhost:51630
accept: */*

Response DefaultHttpResponse(decodeResult: success, version: HTTP/1.1)
HTTP/1.1 200 OK
Content-Type: application/json; charset=utf-8
cache-control: no-cache
content-length: 141508

09:45:14.129 [AsyncHttpClient-1-2] DEBUG org.asynchttpclient.netty.channel.ChannelManager - Adding key: http://localhost:51630 for channel [id: 0x1a7bf238, L:/127.0.0.1:52501 - R:localhost/127.0.0.1:51630]
09:45:14.134 [Test worker] DEBUG net.serenitybdd.core.photography.Darkroom - Send negative for processing for C:\Users\johan\OneDrive\Documentos\KONEX\Pruebas automatizadas\automatizacion_login_backoffice_1v\target\site\serenity\7eb5717ce8549a41108f6944c245a63b39514190de6fa011c685690907042449.png
09:45:14.134 [Test worker] DEBUG net.thucydides.core.steps.StepInterceptor - STARTING STEP: Crear.performAs - {0} clicks on #target
09:45:14.134 [Test worker] DEBUG net.serenitybdd.screenplay.targets.IFrameSwitcher - default content already selected for Seleccionar loteria
09:45:14.135 [Darkroom Processing Line] DEBUG net.serenitybdd.core.photography.DarkroomProcessingLine - Processing screenshot image in /var/screenshots/screenshot-9029955095395463529
09:45:14.135 [Darkroom Processing Line] DEBUG net.serenitybdd.core.photography.DarkroomProcessingLine - Saving screenshot to C:\Users\johan\OneDrive\Documentos\KONEX\Pruebas automatizadas\automatizacion_login_backoffice_1v\target\site\serenity\7eb5717ce8549a41108f6944c245a63b39514190de6fa011c685690907042449.png
09:45:14.196 [Forwarding findElement on session 6626572912d7dee2ecd67c17986ddc0f to remote] DEBUG org.asynchttpclient.netty.request.NettyRequestSender - Using pooled Channel '[id: 0x1a7bf238, L:/127.0.0.1:52501 - R:localhost/127.0.0.1:51630]' for 'POST' to 'http://localhost:51630/session/6626572912d7dee2ecd67c17986ddc0f/element'
09:45:14.196 [Forwarding findElement on session 6626572912d7dee2ecd67c17986ddc0f to remote] DEBUG org.asynchttpclient.netty.request.NettyRequestSender - Using open Channel [id: 0x1a7bf238, L:/127.0.0.1:52501 - R:localhost/127.0.0.1:51630] for POST '/session/6626572912d7dee2ecd67c17986ddc0f/element'
09:45:14.203 [AsyncHttpClient-1-2] DEBUG org.asynchttpclient.netty.handler.HttpHandler - 

Request DefaultHttpRequest(decodeResult: success, version: HTTP/1.1)
POST /session/6626572912d7dee2ecd67c17986ddc0f/element HTTP/1.1
User-Agent: selenium/4.1.2 (java windows)
Content-Length: 83
Content-Type: application/json; charset=utf-8
host: localhost:51630
accept: */*

Response DefaultHttpResponse(decodeResult: success, version: HTTP/1.1)
HTTP/1.1 200 OK
Content-Type: application/json; charset=utf-8
cache-control: no-cache
content-length: 88

09:45:14.203 [AsyncHttpClient-1-2] DEBUG org.asynchttpclient.netty.channel.ChannelManager - Adding key: http://localhost:51630 for channel [id: 0x1a7bf238, L:/127.0.0.1:52501 - R:localhost/127.0.0.1:51630]
09:45:14.225 [Forwarding isElementDisplayed on session 6626572912d7dee2ecd67c17986ddc0f to remote] DEBUG org.asynchttpclient.netty.request.NettyRequestSender - Using pooled Channel '[id: 0x1a7bf238, L:/127.0.0.1:52501 - R:localhost/127.0.0.1:51630]' for 'POST' to 'http://localhost:51630/session/6626572912d7dee2ecd67c17986ddc0f/execute/sync'
09:45:14.225 [Forwarding isElementDisplayed on session 6626572912d7dee2ecd67c17986ddc0f to remote] DEBUG org.asynchttpclient.netty.request.NettyRequestSender - Using open Channel [id: 0x1a7bf238, L:/127.0.0.1:52501 - R:localhost/127.0.0.1:51630] for POST '/session/6626572912d7dee2ecd67c17986ddc0f/execute/sync'
09:45:14.243 [AsyncHttpClient-1-2] DEBUG org.asynchttpclient.netty.handler.HttpHandler - 

Request DefaultHttpRequest(decodeResult: success, version: HTTP/1.1)
POST /session/6626572912d7dee2ecd67c17986ddc0f/execute/sync HTTP/1.1
User-Agent: selenium/4.1.2 (java windows)
Content-Length: 48780
Content-Type: application/json; charset=utf-8
host: localhost:51630
accept: */*

Response DefaultHttpResponse(decodeResult: success, version: HTTP/1.1)
HTTP/1.1 200 OK
Content-Type: application/json; charset=utf-8
cache-control: no-cache
content-length: 14

09:45:14.243 [AsyncHttpClient-1-2] DEBUG org.asynchttpclient.netty.channel.ChannelManager - Adding key: http://localhost:51630 for channel [id: 0x1a7bf238, L:/127.0.0.1:52501 - R:localhost/127.0.0.1:51630]
09:45:14.289 [Forwarding findElement on session 6626572912d7dee2ecd67c17986ddc0f to remote] DEBUG org.asynchttpclient.netty.request.NettyRequestSender - Using pooled Channel '[id: 0x1a7bf238, L:/127.0.0.1:52501 - R:localhost/127.0.0.1:51630]' for 'POST' to 'http://localhost:51630/session/6626572912d7dee2ecd67c17986ddc0f/element'
09:45:14.289 [Forwarding findElement on session 6626572912d7dee2ecd67c17986ddc0f to remote] DEBUG org.asynchttpclient.netty.request.NettyRequestSender - Using open Channel [id: 0x1a7bf238, L:/127.0.0.1:52501 - R:localhost/127.0.0.1:51630] for POST '/session/6626572912d7dee2ecd67c17986ddc0f/element'
09:45:14.302 [AsyncHttpClient-1-2] DEBUG org.asynchttpclient.netty.handler.HttpHandler - 

Request DefaultHttpRequest(decodeResult: success, version: HTTP/1.1)
POST /session/6626572912d7dee2ecd67c17986ddc0f/element HTTP/1.1
User-Agent: selenium/4.1.2 (java windows)
Content-Length: 83
Content-Type: application/json; charset=utf-8
host: localhost:51630
accept: */*

Response DefaultHttpResponse(decodeResult: success, version: HTTP/1.1)
HTTP/1.1 200 OK
Content-Type: application/json; charset=utf-8
cache-control: no-cache
content-length: 88

09:45:14.303 [AsyncHttpClient-1-2] DEBUG org.asynchttpclient.netty.channel.ChannelManager - Adding key: http://localhost:51630 for channel [id: 0x1a7bf238, L:/127.0.0.1:52501 - R:localhost/127.0.0.1:51630]
09:45:14.305 [Forwarding clickElement on session 6626572912d7dee2ecd67c17986ddc0f to remote] DEBUG org.asynchttpclient.netty.request.NettyRequestSender - Using pooled Channel '[id: 0x1a7bf238, L:/127.0.0.1:52501 - R:localhost/127.0.0.1:51630]' for 'POST' to 'http://localhost:51630/session/6626572912d7dee2ecd67c17986ddc0f/element/db7666eb-93bd-45ea-9a3e-9878d54d6d41/click'
09:45:14.306 [Forwarding clickElement on session 6626572912d7dee2ecd67c17986ddc0f to remote] DEBUG org.asynchttpclient.netty.request.NettyRequestSender - Using open Channel [id: 0x1a7bf238, L:/127.0.0.1:52501 - R:localhost/127.0.0.1:51630] for POST '/session/6626572912d7dee2ecd67c17986ddc0f/element/db7666eb-93bd-45ea-9a3e-9878d54d6d41/click'
09:45:14.394 [AsyncHttpClient-1-2] DEBUG org.asynchttpclient.netty.handler.HttpHandler - 

Request DefaultHttpRequest(decodeResult: success, version: HTTP/1.1)
POST /session/6626572912d7dee2ecd67c17986ddc0f/element/db7666eb-93bd-45ea-9a3e-9878d54d6d41/click HTTP/1.1
User-Agent: selenium/4.1.2 (java windows)
Content-Length: 50
Content-Type: application/json; charset=utf-8
host: localhost:51630
accept: */*

Response DefaultHttpResponse(decodeResult: success, version: HTTP/1.1)
HTTP/1.1 200 OK
Content-Type: application/json; charset=utf-8
cache-control: no-cache
content-length: 14

09:45:14.395 [AsyncHttpClient-1-2] DEBUG org.asynchttpclient.netty.channel.ChannelManager - Adding key: http://localhost:51630 for channel [id: 0x1a7bf238, L:/127.0.0.1:52501 - R:localhost/127.0.0.1:51630]
09:45:14.440 [Forwarding screenshot on session 6626572912d7dee2ecd67c17986ddc0f to remote] DEBUG org.asynchttpclient.netty.request.NettyRequestSender - Using pooled Channel '[id: 0x1a7bf238, L:/127.0.0.1:52501 - R:localhost/127.0.0.1:51630]' for 'GET' to 'http://localhost:51630/session/6626572912d7dee2ecd67c17986ddc0f/screenshot'
09:45:14.440 [Forwarding screenshot on session 6626572912d7dee2ecd67c17986ddc0f to remote] DEBUG org.asynchttpclient.netty.request.NettyRequestSender - Using open Channel [id: 0x1a7bf238, L:/127.0.0.1:52501 - R:localhost/127.0.0.1:51630] for GET '/session/6626572912d7dee2ecd67c17986ddc0f/screenshot'
09:45:14.635 [AsyncHttpClient-1-2] DEBUG org.asynchttpclient.netty.handler.HttpHandler - 

Request DefaultFullHttpRequest(decodeResult: success, version: HTTP/1.1, content: EmptyByteBufBE)
GET /session/6626572912d7dee2ecd67c17986ddc0f/screenshot HTTP/1.1
User-Agent: selenium/4.1.2 (java windows)
Cache-Control: no-cache
Content-Type: application/json; charset=utf-8
host: localhost:51630
accept: */*

Response DefaultHttpResponse(decodeResult: success, version: HTTP/1.1)
HTTP/1.1 200 OK
Content-Type: application/json; charset=utf-8
cache-control: no-cache
content-length: 139196

09:45:14.636 [AsyncHttpClient-1-2] DEBUG org.asynchttpclient.netty.channel.ChannelManager - Adding key: http://localhost:51630 for channel [id: 0x1a7bf238, L:/127.0.0.1:52501 - R:localhost/127.0.0.1:51630]
09:45:14.646 [Test worker] DEBUG net.serenitybdd.core.photography.Darkroom - Send negative for processing for C:\Users\johan\OneDrive\Documentos\KONEX\Pruebas automatizadas\automatizacion_login_backoffice_1v\target\site\serenity\3b665c743558455fcfc83f42f54ac0210482804feecacedc0e80dd0885fbd0ee.png
09:45:14.647 [Darkroom Processing Line] DEBUG net.serenitybdd.core.photography.DarkroomProcessingLine - Processing screenshot image in /var/screenshots/screenshot-2137347807458631642
09:45:14.647 [Darkroom Processing Line] DEBUG net.serenitybdd.core.photography.DarkroomProcessingLine - Saving screenshot to C:\Users\johan\OneDrive\Documentos\KONEX\Pruebas automatizadas\automatizacion_login_backoffice_1v\target\site\serenity\3b665c743558455fcfc83f42f54ac0210482804feecacedc0e80dd0885fbd0ee.png
09:45:14.680 [Test worker] DEBUG net.thucydides.core.steps.StepInterceptor - STEP DONE: {0} clicks on #target
09:45:14.713 [Forwarding screenshot on session 6626572912d7dee2ecd67c17986ddc0f to remote] DEBUG org.asynchttpclient.netty.request.NettyRequestSender - Using pooled Channel '[id: 0x1a7bf238, L:/127.0.0.1:52501 - R:localhost/127.0.0.1:51630]' for 'GET' to 'http://localhost:51630/session/6626572912d7dee2ecd67c17986ddc0f/screenshot'
09:45:14.713 [Forwarding screenshot on session 6626572912d7dee2ecd67c17986ddc0f to remote] DEBUG org.asynchttpclient.netty.request.NettyRequestSender - Using open Channel [id: 0x1a7bf238, L:/127.0.0.1:52501 - R:localhost/127.0.0.1:51630] for GET '/session/6626572912d7dee2ecd67c17986ddc0f/screenshot'
09:45:14.908 [AsyncHttpClient-1-2] DEBUG org.asynchttpclient.netty.handler.HttpHandler - 

Request DefaultFullHttpRequest(decodeResult: success, version: HTTP/1.1, content: EmptyByteBufBE)
GET /session/6626572912d7dee2ecd67c17986ddc0f/screenshot HTTP/1.1
User-Agent: selenium/4.1.2 (java windows)
Cache-Control: no-cache
Content-Type: application/json; charset=utf-8
host: localhost:51630
accept: */*

Response DefaultHttpResponse(decodeResult: success, version: HTTP/1.1)
HTTP/1.1 200 OK
Content-Type: application/json; charset=utf-8
cache-control: no-cache
content-length: 128984

09:45:14.909 [AsyncHttpClient-1-2] DEBUG org.asynchttpclient.netty.channel.ChannelManager - Adding key: http://localhost:51630 for channel [id: 0x1a7bf238, L:/127.0.0.1:52501 - R:localhost/127.0.0.1:51630]
09:45:14.919 [Test worker] DEBUG net.serenitybdd.core.photography.Darkroom - Send negative for processing for C:\Users\johan\OneDrive\Documentos\KONEX\Pruebas automatizadas\automatizacion_login_backoffice_1v\target\site\serenity\63af9549e9520b7a7e719196e9308a7955b2bcd9a299549b1cfac9e4dc3ea9aa.png
09:45:14.919 [Darkroom Processing Line] DEBUG net.serenitybdd.core.photography.DarkroomProcessingLine - Processing screenshot image in /var/screenshots/screenshot-6992263147584820278
09:45:14.919 [Darkroom Processing Line] DEBUG net.serenitybdd.core.photography.DarkroomProcessingLine - Saving screenshot to C:\Users\johan\OneDrive\Documentos\KONEX\Pruebas automatizadas\automatizacion_login_backoffice_1v\target\site\serenity\63af9549e9520b7a7e719196e9308a7955b2bcd9a299549b1cfac9e4dc3ea9aa.png
09:45:14.919 [Test worker] DEBUG net.thucydides.core.steps.StepInterceptor - STARTING STEP: Crear.performAs - {0} enters #theTextAsAString into #target
09:45:14.940 [Test worker] DEBUG net.serenitybdd.screenplay.targets.IFrameSwitcher - default content already selected for campo numero sorteo
09:45:15.026 [Forwarding findElement on session 6626572912d7dee2ecd67c17986ddc0f to remote] DEBUG org.asynchttpclient.netty.request.NettyRequestSender - Using pooled Channel '[id: 0x1a7bf238, L:/127.0.0.1:52501 - R:localhost/127.0.0.1:51630]' for 'POST' to 'http://localhost:51630/session/6626572912d7dee2ecd67c17986ddc0f/element'
09:45:15.026 [Forwarding findElement on session 6626572912d7dee2ecd67c17986ddc0f to remote] DEBUG org.asynchttpclient.netty.request.NettyRequestSender - Using open Channel [id: 0x1a7bf238, L:/127.0.0.1:52501 - R:localhost/127.0.0.1:51630] for POST '/session/6626572912d7dee2ecd67c17986ddc0f/element'
09:45:15.040 [AsyncHttpClient-1-1] DEBUG org.asynchttpclient.netty.channel.DefaultChannelPool - Entry count for : http://localhost:52503 : 1
09:45:15.050 [AsyncHttpClient-1-2] DEBUG org.asynchttpclient.netty.handler.HttpHandler - 

Request DefaultHttpRequest(decodeResult: success, version: HTTP/1.1)
POST /session/6626572912d7dee2ecd67c17986ddc0f/element HTTP/1.1
User-Agent: selenium/4.1.2 (java windows)
Content-Length: 74
Content-Type: application/json; charset=utf-8
host: localhost:51630
accept: */*

Response DefaultHttpResponse(decodeResult: success, version: HTTP/1.1)
HTTP/1.1 200 OK
Content-Type: application/json; charset=utf-8
cache-control: no-cache
content-length: 88

09:45:15.050 [AsyncHttpClient-1-2] DEBUG org.asynchttpclient.netty.channel.ChannelManager - Adding key: http://localhost:51630 for channel [id: 0x1a7bf238, L:/127.0.0.1:52501 - R:localhost/127.0.0.1:51630]
09:45:15.053 [Forwarding clearElement on session 6626572912d7dee2ecd67c17986ddc0f to remote] DEBUG org.asynchttpclient.netty.request.NettyRequestSender - Using pooled Channel '[id: 0x1a7bf238, L:/127.0.0.1:52501 - R:localhost/127.0.0.1:51630]' for 'POST' to 'http://localhost:51630/session/6626572912d7dee2ecd67c17986ddc0f/element/5c6e3221-bb3a-4f31-b52e-11a866cff86c/clear'
09:45:15.053 [Forwarding clearElement on session 6626572912d7dee2ecd67c17986ddc0f to remote] DEBUG org.asynchttpclient.netty.request.NettyRequestSender - Using open Channel [id: 0x1a7bf238, L:/127.0.0.1:52501 - R:localhost/127.0.0.1:51630] for POST '/session/6626572912d7dee2ecd67c17986ddc0f/element/5c6e3221-bb3a-4f31-b52e-11a866cff86c/clear'
09:45:15.111 [AsyncHttpClient-1-2] DEBUG org.asynchttpclient.netty.handler.HttpHandler - 

Request DefaultHttpRequest(decodeResult: success, version: HTTP/1.1)
POST /session/6626572912d7dee2ecd67c17986ddc0f/element/5c6e3221-bb3a-4f31-b52e-11a866cff86c/clear HTTP/1.1
User-Agent: selenium/4.1.2 (java windows)
Content-Length: 50
Content-Type: application/json; charset=utf-8
host: localhost:51630
accept: */*

Response DefaultHttpResponse(decodeResult: success, version: HTTP/1.1)
HTTP/1.1 200 OK
Content-Type: application/json; charset=utf-8
cache-control: no-cache
content-length: 14

09:45:15.111 [AsyncHttpClient-1-2] DEBUG org.asynchttpclient.netty.channel.ChannelManager - Adding key: http://localhost:51630 for channel [id: 0x1a7bf238, L:/127.0.0.1:52501 - R:localhost/127.0.0.1:51630]
09:45:15.134 [Forwarding sendKeysToElement on session 6626572912d7dee2ecd67c17986ddc0f to remote] DEBUG org.asynchttpclient.netty.request.NettyRequestSender - Using pooled Channel '[id: 0x1a7bf238, L:/127.0.0.1:52501 - R:localhost/127.0.0.1:51630]' for 'POST' to 'http://localhost:51630/session/6626572912d7dee2ecd67c17986ddc0f/element/5c6e3221-bb3a-4f31-b52e-11a866cff86c/value'
09:45:15.134 [Forwarding sendKeysToElement on session 6626572912d7dee2ecd67c17986ddc0f to remote] DEBUG org.asynchttpclient.netty.request.NettyRequestSender - Using open Channel [id: 0x1a7bf238, L:/127.0.0.1:52501 - R:localhost/127.0.0.1:51630] for POST '/session/6626572912d7dee2ecd67c17986ddc0f/element/5c6e3221-bb3a-4f31-b52e-11a866cff86c/value'
09:45:15.224 [AsyncHttpClient-1-2] DEBUG org.asynchttpclient.netty.handler.HttpHandler - 

Request DefaultHttpRequest(decodeResult: success, version: HTTP/1.1)
POST /session/6626572912d7dee2ecd67c17986ddc0f/element/5c6e3221-bb3a-4f31-b52e-11a866cff86c/value HTTP/1.1
User-Agent: selenium/4.1.2 (java windows)
Content-Length: 111
Content-Type: application/json; charset=utf-8
host: localhost:51630
accept: */*

Response DefaultHttpResponse(decodeResult: success, version: HTTP/1.1)
HTTP/1.1 200 OK
Content-Type: application/json; charset=utf-8
cache-control: no-cache
content-length: 14

09:45:15.224 [AsyncHttpClient-1-2] DEBUG org.asynchttpclient.netty.channel.ChannelManager - Adding key: http://localhost:51630 for channel [id: 0x1a7bf238, L:/127.0.0.1:52501 - R:localhost/127.0.0.1:51630]
09:45:15.261 [Forwarding screenshot on session 6626572912d7dee2ecd67c17986ddc0f to remote] DEBUG org.asynchttpclient.netty.request.NettyRequestSender - Using pooled Channel '[id: 0x1a7bf238, L:/127.0.0.1:52501 - R:localhost/127.0.0.1:51630]' for 'GET' to 'http://localhost:51630/session/6626572912d7dee2ecd67c17986ddc0f/screenshot'
09:45:15.262 [Forwarding screenshot on session 6626572912d7dee2ecd67c17986ddc0f to remote] DEBUG org.asynchttpclient.netty.request.NettyRequestSender - Using open Channel [id: 0x1a7bf238, L:/127.0.0.1:52501 - R:localhost/127.0.0.1:51630] for GET '/session/6626572912d7dee2ecd67c17986ddc0f/screenshot'
09:45:15.446 [AsyncHttpClient-1-2] DEBUG org.asynchttpclient.netty.handler.HttpHandler - 

Request DefaultFullHttpRequest(decodeResult: success, version: HTTP/1.1, content: EmptyByteBufBE)
GET /session/6626572912d7dee2ecd67c17986ddc0f/screenshot HTTP/1.1
User-Agent: selenium/4.1.2 (java windows)
Cache-Control: no-cache
Content-Type: application/json; charset=utf-8
host: localhost:51630
accept: */*

Response DefaultHttpResponse(decodeResult: success, version: HTTP/1.1)
HTTP/1.1 200 OK
Content-Type: application/json; charset=utf-8
cache-control: no-cache
content-length: 128152

09:45:15.447 [AsyncHttpClient-1-2] DEBUG org.asynchttpclient.netty.channel.ChannelManager - Adding key: http://localhost:51630 for channel [id: 0x1a7bf238, L:/127.0.0.1:52501 - R:localhost/127.0.0.1:51630]
09:45:15.457 [Test worker] DEBUG net.serenitybdd.core.photography.Darkroom - Send negative for processing for C:\Users\johan\OneDrive\Documentos\KONEX\Pruebas automatizadas\automatizacion_login_backoffice_1v\target\site\serenity\3e7b1b081552c1464f2f645d4136cc78eb1ef9ddff050f43899793c6d517e3ef.png
09:45:15.458 [Darkroom Processing Line] DEBUG net.serenitybdd.core.photography.DarkroomProcessingLine - Processing screenshot image in /var/screenshots/screenshot-1581548009859157891
09:45:15.459 [Darkroom Processing Line] DEBUG net.serenitybdd.core.photography.DarkroomProcessingLine - Saving screenshot to C:\Users\johan\OneDrive\Documentos\KONEX\Pruebas automatizadas\automatizacion_login_backoffice_1v\target\site\serenity\3e7b1b081552c1464f2f645d4136cc78eb1ef9ddff050f43899793c6d517e3ef.png
09:45:15.514 [Forwarding screenshot on session 6626572912d7dee2ecd67c17986ddc0f to remote] DEBUG org.asynchttpclient.netty.request.NettyRequestSender - Using pooled Channel '[id: 0x1a7bf238, L:/127.0.0.1:52501 - R:localhost/127.0.0.1:51630]' for 'GET' to 'http://localhost:51630/session/6626572912d7dee2ecd67c17986ddc0f/screenshot'
09:45:15.514 [Forwarding screenshot on session 6626572912d7dee2ecd67c17986ddc0f to remote] DEBUG org.asynchttpclient.netty.request.NettyRequestSender - Using open Channel [id: 0x1a7bf238, L:/127.0.0.1:52501 - R:localhost/127.0.0.1:51630] for GET '/session/6626572912d7dee2ecd67c17986ddc0f/screenshot'
09:45:15.672 [AsyncHttpClient-1-2] DEBUG org.asynchttpclient.netty.handler.HttpHandler - 

Request DefaultFullHttpRequest(decodeResult: success, version: HTTP/1.1, content: EmptyByteBufBE)
GET /session/6626572912d7dee2ecd67c17986ddc0f/screenshot HTTP/1.1
User-Agent: selenium/4.1.2 (java windows)
Cache-Control: no-cache
Content-Type: application/json; charset=utf-8
host: localhost:51630
accept: */*

Response DefaultHttpResponse(decodeResult: success, version: HTTP/1.1)
HTTP/1.1 200 OK
Content-Type: application/json; charset=utf-8
cache-control: no-cache
content-length: 128152

09:45:15.673 [AsyncHttpClient-1-2] DEBUG org.asynchttpclient.netty.channel.ChannelManager - Adding key: http://localhost:51630 for channel [id: 0x1a7bf238, L:/127.0.0.1:52501 - R:localhost/127.0.0.1:51630]
09:45:15.684 [Test worker] DEBUG net.serenitybdd.core.photography.Darkroom - Send negative for processing for C:\Users\johan\OneDrive\Documentos\KONEX\Pruebas automatizadas\automatizacion_login_backoffice_1v\target\site\serenity\3e7b1b081552c1464f2f645d4136cc78eb1ef9ddff050f43899793c6d517e3ef.png
09:45:15.685 [Test worker] DEBUG net.thucydides.core.steps.StepInterceptor - STEP DONE: {0} enters #theTextAsAString into #target
09:45:15.720 [Test worker] DEBUG net.thucydides.core.steps.StepInterceptor - STARTING STEP: Crear.performAs - {0} enters #theTextAsAString into #target
09:45:15.741 [Test worker] DEBUG net.serenitybdd.screenplay.targets.IFrameSwitcher - default content already selected for campo numero incremental sorteo
09:45:15.838 [Forwarding findElement on session 6626572912d7dee2ecd67c17986ddc0f to remote] DEBUG org.asynchttpclient.netty.request.NettyRequestSender - Using pooled Channel '[id: 0x1a7bf238, L:/127.0.0.1:52501 - R:localhost/127.0.0.1:51630]' for 'POST' to 'http://localhost:51630/session/6626572912d7dee2ecd67c17986ddc0f/element'
09:45:15.838 [Forwarding findElement on session 6626572912d7dee2ecd67c17986ddc0f to remote] DEBUG org.asynchttpclient.netty.request.NettyRequestSender - Using open Channel [id: 0x1a7bf238, L:/127.0.0.1:52501 - R:localhost/127.0.0.1:51630] for POST '/session/6626572912d7dee2ecd67c17986ddc0f/element'
09:45:15.859 [AsyncHttpClient-1-2] DEBUG org.asynchttpclient.netty.handler.HttpHandler - 

Request DefaultHttpRequest(decodeResult: success, version: HTTP/1.1)
POST /session/6626572912d7dee2ecd67c17986ddc0f/element HTTP/1.1
User-Agent: selenium/4.1.2 (java windows)
Content-Length: 78
Content-Type: application/json; charset=utf-8
host: localhost:51630
accept: */*

Response DefaultHttpResponse(decodeResult: success, version: HTTP/1.1)
HTTP/1.1 200 OK
Content-Type: application/json; charset=utf-8
cache-control: no-cache
content-length: 88

09:45:15.859 [AsyncHttpClient-1-2] DEBUG org.asynchttpclient.netty.channel.ChannelManager - Adding key: http://localhost:51630 for channel [id: 0x1a7bf238, L:/127.0.0.1:52501 - R:localhost/127.0.0.1:51630]
09:45:15.862 [Forwarding clearElement on session 6626572912d7dee2ecd67c17986ddc0f to remote] DEBUG org.asynchttpclient.netty.request.NettyRequestSender - Using pooled Channel '[id: 0x1a7bf238, L:/127.0.0.1:52501 - R:localhost/127.0.0.1:51630]' for 'POST' to 'http://localhost:51630/session/6626572912d7dee2ecd67c17986ddc0f/element/9efbaf4f-fd4b-4a62-84fc-0f014afec9e8/clear'
09:45:15.862 [Forwarding clearElement on session 6626572912d7dee2ecd67c17986ddc0f to remote] DEBUG org.asynchttpclient.netty.request.NettyRequestSender - Using open Channel [id: 0x1a7bf238, L:/127.0.0.1:52501 - R:localhost/127.0.0.1:51630] for POST '/session/6626572912d7dee2ecd67c17986ddc0f/element/9efbaf4f-fd4b-4a62-84fc-0f014afec9e8/clear'
09:45:15.927 [AsyncHttpClient-1-2] DEBUG org.asynchttpclient.netty.handler.HttpHandler - 

Request DefaultHttpRequest(decodeResult: success, version: HTTP/1.1)
POST /session/6626572912d7dee2ecd67c17986ddc0f/element/9efbaf4f-fd4b-4a62-84fc-0f014afec9e8/clear HTTP/1.1
User-Agent: selenium/4.1.2 (java windows)
Content-Length: 50
Content-Type: application/json; charset=utf-8
host: localhost:51630
accept: */*

Response DefaultHttpResponse(decodeResult: success, version: HTTP/1.1)
HTTP/1.1 200 OK
Content-Type: application/json; charset=utf-8
cache-control: no-cache
content-length: 14

09:45:15.927 [AsyncHttpClient-1-2] DEBUG org.asynchttpclient.netty.channel.ChannelManager - Adding key: http://localhost:51630 for channel [id: 0x1a7bf238, L:/127.0.0.1:52501 - R:localhost/127.0.0.1:51630]
09:45:15.957 [Forwarding sendKeysToElement on session 6626572912d7dee2ecd67c17986ddc0f to remote] DEBUG org.asynchttpclient.netty.request.NettyRequestSender - Using pooled Channel '[id: 0x1a7bf238, L:/127.0.0.1:52501 - R:localhost/127.0.0.1:51630]' for 'POST' to 'http://localhost:51630/session/6626572912d7dee2ecd67c17986ddc0f/element/9efbaf4f-fd4b-4a62-84fc-0f014afec9e8/value'
09:45:15.957 [Forwarding sendKeysToElement on session 6626572912d7dee2ecd67c17986ddc0f to remote] DEBUG org.asynchttpclient.netty.request.NettyRequestSender - Using open Channel [id: 0x1a7bf238, L:/127.0.0.1:52501 - R:localhost/127.0.0.1:51630] for POST '/session/6626572912d7dee2ecd67c17986ddc0f/element/9efbaf4f-fd4b-4a62-84fc-0f014afec9e8/value'
09:45:16.042 [AsyncHttpClient-1-2] DEBUG org.asynchttpclient.netty.handler.HttpHandler - 

Request DefaultHttpRequest(decodeResult: success, version: HTTP/1.1)
POST /session/6626572912d7dee2ecd67c17986ddc0f/element/9efbaf4f-fd4b-4a62-84fc-0f014afec9e8/value HTTP/1.1
User-Agent: selenium/4.1.2 (java windows)
Content-Length: 91
Content-Type: application/json; charset=utf-8
host: localhost:51630
accept: */*

Response DefaultHttpResponse(decodeResult: success, version: HTTP/1.1)
HTTP/1.1 200 OK
Content-Type: application/json; charset=utf-8
cache-control: no-cache
content-length: 14

09:45:16.042 [AsyncHttpClient-1-2] DEBUG org.asynchttpclient.netty.channel.ChannelManager - Adding key: http://localhost:51630 for channel [id: 0x1a7bf238, L:/127.0.0.1:52501 - R:localhost/127.0.0.1:51630]
09:45:16.093 [Forwarding screenshot on session 6626572912d7dee2ecd67c17986ddc0f to remote] DEBUG org.asynchttpclient.netty.request.NettyRequestSender - Using pooled Channel '[id: 0x1a7bf238, L:/127.0.0.1:52501 - R:localhost/127.0.0.1:51630]' for 'GET' to 'http://localhost:51630/session/6626572912d7dee2ecd67c17986ddc0f/screenshot'
09:45:16.093 [Forwarding screenshot on session 6626572912d7dee2ecd67c17986ddc0f to remote] DEBUG org.asynchttpclient.netty.request.NettyRequestSender - Using open Channel [id: 0x1a7bf238, L:/127.0.0.1:52501 - R:localhost/127.0.0.1:51630] for GET '/session/6626572912d7dee2ecd67c17986ddc0f/screenshot'
09:45:16.135 [AsyncHttpClient-1-1] DEBUG org.asynchttpclient.netty.channel.DefaultChannelPool - Entry count for : http://localhost:52503 : 1
09:45:16.343 [AsyncHttpClient-1-2] DEBUG org.asynchttpclient.netty.handler.HttpHandler - 

Request DefaultFullHttpRequest(decodeResult: success, version: HTTP/1.1, content: EmptyByteBufBE)
GET /session/6626572912d7dee2ecd67c17986ddc0f/screenshot HTTP/1.1
User-Agent: selenium/4.1.2 (java windows)
Cache-Control: no-cache
Content-Type: application/json; charset=utf-8
host: localhost:51630
accept: */*

Response DefaultHttpResponse(decodeResult: success, version: HTTP/1.1)
HTTP/1.1 200 OK
Content-Type: application/json; charset=utf-8
cache-control: no-cache
content-length: 128792

09:45:16.344 [AsyncHttpClient-1-2] DEBUG org.asynchttpclient.netty.channel.ChannelManager - Adding key: http://localhost:51630 for channel [id: 0x1a7bf238, L:/127.0.0.1:52501 - R:localhost/127.0.0.1:51630]
09:45:16.355 [Test worker] DEBUG net.serenitybdd.core.photography.Darkroom - Send negative for processing for C:\Users\johan\OneDrive\Documentos\KONEX\Pruebas automatizadas\automatizacion_login_backoffice_1v\target\site\serenity\0ffb5540687973ae5c48bd54bc9634803c7a680f4170c648b1df0903f93909b0.png
09:45:16.358 [Darkroom Processing Line] DEBUG net.serenitybdd.core.photography.DarkroomProcessingLine - Processing screenshot image in /var/screenshots/screenshot-3273790272962298354
09:45:16.358 [Darkroom Processing Line] DEBUG net.serenitybdd.core.photography.DarkroomProcessingLine - Saving screenshot to C:\Users\johan\OneDrive\Documentos\KONEX\Pruebas automatizadas\automatizacion_login_backoffice_1v\target\site\serenity\0ffb5540687973ae5c48bd54bc9634803c7a680f4170c648b1df0903f93909b0.png
09:45:16.410 [Forwarding screenshot on session 6626572912d7dee2ecd67c17986ddc0f to remote] DEBUG org.asynchttpclient.netty.request.NettyRequestSender - Using pooled Channel '[id: 0x1a7bf238, L:/127.0.0.1:52501 - R:localhost/127.0.0.1:51630]' for 'GET' to 'http://localhost:51630/session/6626572912d7dee2ecd67c17986ddc0f/screenshot'
09:45:16.410 [Forwarding screenshot on session 6626572912d7dee2ecd67c17986ddc0f to remote] DEBUG org.asynchttpclient.netty.request.NettyRequestSender - Using open Channel [id: 0x1a7bf238, L:/127.0.0.1:52501 - R:localhost/127.0.0.1:51630] for GET '/session/6626572912d7dee2ecd67c17986ddc0f/screenshot'
09:45:16.584 [AsyncHttpClient-1-2] DEBUG org.asynchttpclient.netty.handler.HttpHandler - 

Request DefaultFullHttpRequest(decodeResult: success, version: HTTP/1.1, content: EmptyByteBufBE)
GET /session/6626572912d7dee2ecd67c17986ddc0f/screenshot HTTP/1.1
User-Agent: selenium/4.1.2 (java windows)
Cache-Control: no-cache
Content-Type: application/json; charset=utf-8
host: localhost:51630
accept: */*

Response DefaultHttpResponse(decodeResult: success, version: HTTP/1.1)
HTTP/1.1 200 OK
Content-Type: application/json; charset=utf-8
cache-control: no-cache
content-length: 128792

09:45:16.584 [AsyncHttpClient-1-2] DEBUG org.asynchttpclient.netty.channel.ChannelManager - Adding key: http://localhost:51630 for channel [id: 0x1a7bf238, L:/127.0.0.1:52501 - R:localhost/127.0.0.1:51630]
09:45:16.598 [Test worker] DEBUG net.serenitybdd.core.photography.Darkroom - Send negative for processing for C:\Users\johan\OneDrive\Documentos\KONEX\Pruebas automatizadas\automatizacion_login_backoffice_1v\target\site\serenity\0ffb5540687973ae5c48bd54bc9634803c7a680f4170c648b1df0903f93909b0.png
09:45:16.598 [Test worker] DEBUG net.thucydides.core.steps.StepInterceptor - STEP DONE: {0} enters #theTextAsAString into #target
09:45:16.633 [Test worker] DEBUG net.thucydides.core.steps.StepInterceptor - STARTING STEP: Crear.performAs - {0} clicks on #target
09:45:16.634 [Test worker] DEBUG net.serenitybdd.screenplay.targets.IFrameSwitcher - default content already selected for botón siguiente
09:45:16.824 [Forwarding findElement on session 6626572912d7dee2ecd67c17986ddc0f to remote] DEBUG org.asynchttpclient.netty.request.NettyRequestSender - Using pooled Channel '[id: 0x1a7bf238, L:/127.0.0.1:52501 - R:localhost/127.0.0.1:51630]' for 'POST' to 'http://localhost:51630/session/6626572912d7dee2ecd67c17986ddc0f/element'
09:45:16.824 [Forwarding findElement on session 6626572912d7dee2ecd67c17986ddc0f to remote] DEBUG org.asynchttpclient.netty.request.NettyRequestSender - Using open Channel [id: 0x1a7bf238, L:/127.0.0.1:52501 - R:localhost/127.0.0.1:51630] for POST '/session/6626572912d7dee2ecd67c17986ddc0f/element'
09:45:16.848 [AsyncHttpClient-1-2] DEBUG org.asynchttpclient.netty.handler.HttpHandler - 

Request DefaultHttpRequest(decodeResult: success, version: HTTP/1.1)
POST /session/6626572912d7dee2ecd67c17986ddc0f/element HTTP/1.1
User-Agent: selenium/4.1.2 (java windows)
Content-Length: 85
Content-Type: application/json; charset=utf-8
host: localhost:51630
accept: */*

Response DefaultHttpResponse(decodeResult: success, version: HTTP/1.1)
HTTP/1.1 200 OK
Content-Type: application/json; charset=utf-8
cache-control: no-cache
content-length: 88

09:45:16.848 [AsyncHttpClient-1-2] DEBUG org.asynchttpclient.netty.channel.ChannelManager - Adding key: http://localhost:51630 for channel [id: 0x1a7bf238, L:/127.0.0.1:52501 - R:localhost/127.0.0.1:51630]
09:45:16.888 [Forwarding isElementDisplayed on session 6626572912d7dee2ecd67c17986ddc0f to remote] DEBUG org.asynchttpclient.netty.request.NettyRequestSender - Using pooled Channel '[id: 0x1a7bf238, L:/127.0.0.1:52501 - R:localhost/127.0.0.1:51630]' for 'POST' to 'http://localhost:51630/session/6626572912d7dee2ecd67c17986ddc0f/execute/sync'
09:45:16.888 [Forwarding isElementDisplayed on session 6626572912d7dee2ecd67c17986ddc0f to remote] DEBUG org.asynchttpclient.netty.request.NettyRequestSender - Using open Channel [id: 0x1a7bf238, L:/127.0.0.1:52501 - R:localhost/127.0.0.1:51630] for POST '/session/6626572912d7dee2ecd67c17986ddc0f/execute/sync'
09:45:16.910 [AsyncHttpClient-1-2] DEBUG org.asynchttpclient.netty.handler.HttpHandler - 

Request DefaultHttpRequest(decodeResult: success, version: HTTP/1.1)
POST /session/6626572912d7dee2ecd67c17986ddc0f/execute/sync HTTP/1.1
User-Agent: selenium/4.1.2 (java windows)
Content-Length: 48780
Content-Type: application/json; charset=utf-8
host: localhost:51630
accept: */*

Response DefaultHttpResponse(decodeResult: success, version: HTTP/1.1)
HTTP/1.1 200 OK
Content-Type: application/json; charset=utf-8
cache-control: no-cache
content-length: 14

09:45:16.910 [AsyncHttpClient-1-2] DEBUG org.asynchttpclient.netty.channel.ChannelManager - Adding key: http://localhost:51630 for channel [id: 0x1a7bf238, L:/127.0.0.1:52501 - R:localhost/127.0.0.1:51630]
09:45:16.968 [Forwarding findElement on session 6626572912d7dee2ecd67c17986ddc0f to remote] DEBUG org.asynchttpclient.netty.request.NettyRequestSender - Using pooled Channel '[id: 0x1a7bf238, L:/127.0.0.1:52501 - R:localhost/127.0.0.1:51630]' for 'POST' to 'http://localhost:51630/session/6626572912d7dee2ecd67c17986ddc0f/element'
09:45:16.968 [Forwarding findElement on session 6626572912d7dee2ecd67c17986ddc0f to remote] DEBUG org.asynchttpclient.netty.request.NettyRequestSender - Using open Channel [id: 0x1a7bf238, L:/127.0.0.1:52501 - R:localhost/127.0.0.1:51630] for POST '/session/6626572912d7dee2ecd67c17986ddc0f/element'
09:45:16.980 [AsyncHttpClient-1-2] DEBUG org.asynchttpclient.netty.handler.HttpHandler - 

Request DefaultHttpRequest(decodeResult: success, version: HTTP/1.1)
POST /session/6626572912d7dee2ecd67c17986ddc0f/element HTTP/1.1
User-Agent: selenium/4.1.2 (java windows)
Content-Length: 85
Content-Type: application/json; charset=utf-8
host: localhost:51630
accept: */*

Response DefaultHttpResponse(decodeResult: success, version: HTTP/1.1)
HTTP/1.1 200 OK
Content-Type: application/json; charset=utf-8
cache-control: no-cache
content-length: 88

09:45:16.981 [AsyncHttpClient-1-2] DEBUG org.asynchttpclient.netty.channel.ChannelManager - Adding key: http://localhost:51630 for channel [id: 0x1a7bf238, L:/127.0.0.1:52501 - R:localhost/127.0.0.1:51630]
09:45:16.984 [Forwarding clickElement on session 6626572912d7dee2ecd67c17986ddc0f to remote] DEBUG org.asynchttpclient.netty.request.NettyRequestSender - Using pooled Channel '[id: 0x1a7bf238, L:/127.0.0.1:52501 - R:localhost/127.0.0.1:51630]' for 'POST' to 'http://localhost:51630/session/6626572912d7dee2ecd67c17986ddc0f/element/2c4acb0b-142b-46ba-a825-2653713b2dec/click'
09:45:16.984 [Forwarding clickElement on session 6626572912d7dee2ecd67c17986ddc0f to remote] DEBUG org.asynchttpclient.netty.request.NettyRequestSender - Using open Channel [id: 0x1a7bf238, L:/127.0.0.1:52501 - R:localhost/127.0.0.1:51630] for POST '/session/6626572912d7dee2ecd67c17986ddc0f/element/2c4acb0b-142b-46ba-a825-2653713b2dec/click'
09:45:17.062 [AsyncHttpClient-1-2] DEBUG org.asynchttpclient.netty.handler.HttpHandler - 

Request DefaultHttpRequest(decodeResult: success, version: HTTP/1.1)
POST /session/6626572912d7dee2ecd67c17986ddc0f/element/2c4acb0b-142b-46ba-a825-2653713b2dec/click HTTP/1.1
User-Agent: selenium/4.1.2 (java windows)
Content-Length: 50
Content-Type: application/json; charset=utf-8
host: localhost:51630
accept: */*

Response DefaultHttpResponse(decodeResult: success, version: HTTP/1.1)
HTTP/1.1 200 OK
Content-Type: application/json; charset=utf-8
cache-control: no-cache
content-length: 14

09:45:17.063 [AsyncHttpClient-1-2] DEBUG org.asynchttpclient.netty.channel.ChannelManager - Adding key: http://localhost:51630 for channel [id: 0x1a7bf238, L:/127.0.0.1:52501 - R:localhost/127.0.0.1:51630]
09:45:17.113 [Forwarding screenshot on session 6626572912d7dee2ecd67c17986ddc0f to remote] DEBUG org.asynchttpclient.netty.request.NettyRequestSender - Using pooled Channel '[id: 0x1a7bf238, L:/127.0.0.1:52501 - R:localhost/127.0.0.1:51630]' for 'GET' to 'http://localhost:51630/session/6626572912d7dee2ecd67c17986ddc0f/screenshot'
09:45:17.113 [Forwarding screenshot on session 6626572912d7dee2ecd67c17986ddc0f to remote] DEBUG org.asynchttpclient.netty.request.NettyRequestSender - Using open Channel [id: 0x1a7bf238, L:/127.0.0.1:52501 - R:localhost/127.0.0.1:51630] for GET '/session/6626572912d7dee2ecd67c17986ddc0f/screenshot'
09:45:17.237 [AsyncHttpClient-1-1] DEBUG org.asynchttpclient.netty.channel.DefaultChannelPool - Entry count for : http://localhost:52503 : 1
09:45:17.302 [AsyncHttpClient-1-2] DEBUG org.asynchttpclient.netty.handler.HttpHandler - 

Request DefaultFullHttpRequest(decodeResult: success, version: HTTP/1.1, content: EmptyByteBufBE)
GET /session/6626572912d7dee2ecd67c17986ddc0f/screenshot HTTP/1.1
User-Agent: selenium/4.1.2 (java windows)
Cache-Control: no-cache
Content-Type: application/json; charset=utf-8
host: localhost:51630
accept: */*

Response DefaultHttpResponse(decodeResult: success, version: HTTP/1.1)
HTTP/1.1 200 OK
Content-Type: application/json; charset=utf-8
cache-control: no-cache
content-length: 130732

09:45:17.303 [AsyncHttpClient-1-2] DEBUG org.asynchttpclient.netty.channel.ChannelManager - Adding key: http://localhost:51630 for channel [id: 0x1a7bf238, L:/127.0.0.1:52501 - R:localhost/127.0.0.1:51630]
09:45:17.310 [Test worker] DEBUG net.serenitybdd.core.photography.Darkroom - Send negative for processing for C:\Users\johan\OneDrive\Documentos\KONEX\Pruebas automatizadas\automatizacion_login_backoffice_1v\target\site\serenity\dbc507ba96b638cb02d2c63b7e9ae185810f20ae5ded1d3d34b29aba2d502d9b.png
09:45:17.312 [Darkroom Processing Line] DEBUG net.serenitybdd.core.photography.DarkroomProcessingLine - Processing screenshot image in /var/screenshots/screenshot-8634607516586866616
09:45:17.313 [Darkroom Processing Line] DEBUG net.serenitybdd.core.photography.DarkroomProcessingLine - Saving screenshot to C:\Users\johan\OneDrive\Documentos\KONEX\Pruebas automatizadas\automatizacion_login_backoffice_1v\target\site\serenity\dbc507ba96b638cb02d2c63b7e9ae185810f20ae5ded1d3d34b29aba2d502d9b.png
09:45:17.331 [Test worker] DEBUG net.thucydides.core.steps.StepInterceptor - STEP DONE: {0} clicks on #target
09:45:17.359 [Test worker] DEBUG net.thucydides.core.steps.StepInterceptor - STARTING STEP: Crear.performAs - {0} clicks on #target
09:45:17.360 [Test worker] DEBUG net.serenitybdd.screenplay.targets.IFrameSwitcher - default content already selected for check aplicar a todos los días
09:45:17.468 [Forwarding findElement on session 6626572912d7dee2ecd67c17986ddc0f to remote] DEBUG org.asynchttpclient.netty.request.NettyRequestSender - Using pooled Channel '[id: 0x1a7bf238, L:/127.0.0.1:52501 - R:localhost/127.0.0.1:51630]' for 'POST' to 'http://localhost:51630/session/6626572912d7dee2ecd67c17986ddc0f/element'
09:45:17.468 [Forwarding findElement on session 6626572912d7dee2ecd67c17986ddc0f to remote] DEBUG org.asynchttpclient.netty.request.NettyRequestSender - Using open Channel [id: 0x1a7bf238, L:/127.0.0.1:52501 - R:localhost/127.0.0.1:51630] for POST '/session/6626572912d7dee2ecd67c17986ddc0f/element'
09:45:18.247 [AsyncHttpClient-1-2] DEBUG org.asynchttpclient.netty.handler.HttpHandler - 

Request DefaultHttpRequest(decodeResult: success, version: HTTP/1.1)
POST /session/6626572912d7dee2ecd67c17986ddc0f/element HTTP/1.1
User-Agent: selenium/4.1.2 (java windows)
Content-Length: 122
Content-Type: application/json; charset=utf-8
host: localhost:51630
accept: */*

Response DefaultHttpResponse(decodeResult: success, version: HTTP/1.1)
HTTP/1.1 200 OK
Content-Type: application/json; charset=utf-8
cache-control: no-cache
content-length: 88

09:45:18.247 [AsyncHttpClient-1-2] DEBUG org.asynchttpclient.netty.channel.ChannelManager - Adding key: http://localhost:51630 for channel [id: 0x1a7bf238, L:/127.0.0.1:52501 - R:localhost/127.0.0.1:51630]
09:45:18.271 [Forwarding isElementDisplayed on session 6626572912d7dee2ecd67c17986ddc0f to remote] DEBUG org.asynchttpclient.netty.request.NettyRequestSender - Using pooled Channel '[id: 0x1a7bf238, L:/127.0.0.1:52501 - R:localhost/127.0.0.1:51630]' for 'POST' to 'http://localhost:51630/session/6626572912d7dee2ecd67c17986ddc0f/execute/sync'
09:45:18.271 [Forwarding isElementDisplayed on session 6626572912d7dee2ecd67c17986ddc0f to remote] DEBUG org.asynchttpclient.netty.request.NettyRequestSender - Using open Channel [id: 0x1a7bf238, L:/127.0.0.1:52501 - R:localhost/127.0.0.1:51630] for POST '/session/6626572912d7dee2ecd67c17986ddc0f/execute/sync'
09:45:18.281 [AsyncHttpClient-1-2] DEBUG org.asynchttpclient.netty.handler.HttpHandler - 

Request DefaultHttpRequest(decodeResult: success, version: HTTP/1.1)
POST /session/6626572912d7dee2ecd67c17986ddc0f/execute/sync HTTP/1.1
User-Agent: selenium/4.1.2 (java windows)
Content-Length: 48780
Content-Type: application/json; charset=utf-8
host: localhost:51630
accept: */*

Response DefaultHttpResponse(decodeResult: success, version: HTTP/1.1)
HTTP/1.1 200 OK
Content-Type: application/json; charset=utf-8
cache-control: no-cache
content-length: 14

09:45:18.281 [AsyncHttpClient-1-2] DEBUG org.asynchttpclient.netty.channel.ChannelManager - Adding key: http://localhost:51630 for channel [id: 0x1a7bf238, L:/127.0.0.1:52501 - R:localhost/127.0.0.1:51630]
09:45:18.302 [Forwarding findElement on session 6626572912d7dee2ecd67c17986ddc0f to remote] DEBUG org.asynchttpclient.netty.request.NettyRequestSender - Using pooled Channel '[id: 0x1a7bf238, L:/127.0.0.1:52501 - R:localhost/127.0.0.1:51630]' for 'POST' to 'http://localhost:51630/session/6626572912d7dee2ecd67c17986ddc0f/element'
09:45:18.302 [Forwarding findElement on session 6626572912d7dee2ecd67c17986ddc0f to remote] DEBUG org.asynchttpclient.netty.request.NettyRequestSender - Using open Channel [id: 0x1a7bf238, L:/127.0.0.1:52501 - R:localhost/127.0.0.1:51630] for POST '/session/6626572912d7dee2ecd67c17986ddc0f/element'
09:45:18.310 [AsyncHttpClient-1-2] DEBUG org.asynchttpclient.netty.handler.HttpHandler - 

Request DefaultHttpRequest(decodeResult: success, version: HTTP/1.1)
POST /session/6626572912d7dee2ecd67c17986ddc0f/element HTTP/1.1
User-Agent: selenium/4.1.2 (java windows)
Content-Length: 122
Content-Type: application/json; charset=utf-8
host: localhost:51630
accept: */*

Response DefaultHttpResponse(decodeResult: success, version: HTTP/1.1)
HTTP/1.1 200 OK
Content-Type: application/json; charset=utf-8
cache-control: no-cache
content-length: 88

09:45:18.310 [AsyncHttpClient-1-2] DEBUG org.asynchttpclient.netty.channel.ChannelManager - Adding key: http://localhost:51630 for channel [id: 0x1a7bf238, L:/127.0.0.1:52501 - R:localhost/127.0.0.1:51630]
09:45:18.311 [Forwarding clickElement on session 6626572912d7dee2ecd67c17986ddc0f to remote] DEBUG org.asynchttpclient.netty.request.NettyRequestSender - Using pooled Channel '[id: 0x1a7bf238, L:/127.0.0.1:52501 - R:localhost/127.0.0.1:51630]' for 'POST' to 'http://localhost:51630/session/6626572912d7dee2ecd67c17986ddc0f/element/2f96afac-ba9f-41d1-afb9-f711804f4aed/click'
09:45:18.311 [Forwarding clickElement on session 6626572912d7dee2ecd67c17986ddc0f to remote] DEBUG org.asynchttpclient.netty.request.NettyRequestSender - Using open Channel [id: 0x1a7bf238, L:/127.0.0.1:52501 - R:localhost/127.0.0.1:51630] for POST '/session/6626572912d7dee2ecd67c17986ddc0f/element/2f96afac-ba9f-41d1-afb9-f711804f4aed/click'
09:45:18.336 [AsyncHttpClient-1-1] DEBUG org.asynchttpclient.netty.channel.DefaultChannelPool - Entry count for : http://localhost:52503 : 1
09:45:18.376 [AsyncHttpClient-1-2] DEBUG org.asynchttpclient.netty.handler.HttpHandler - 

Request DefaultHttpRequest(decodeResult: success, version: HTTP/1.1)
POST /session/6626572912d7dee2ecd67c17986ddc0f/element/2f96afac-ba9f-41d1-afb9-f711804f4aed/click HTTP/1.1
User-Agent: selenium/4.1.2 (java windows)
Content-Length: 50
Content-Type: application/json; charset=utf-8
host: localhost:51630
accept: */*

Response DefaultHttpResponse(decodeResult: success, version: HTTP/1.1)
HTTP/1.1 200 OK
Content-Type: application/json; charset=utf-8
cache-control: no-cache
content-length: 14

09:45:18.376 [AsyncHttpClient-1-2] DEBUG org.asynchttpclient.netty.channel.ChannelManager - Adding key: http://localhost:51630 for channel [id: 0x1a7bf238, L:/127.0.0.1:52501 - R:localhost/127.0.0.1:51630]
09:45:18.393 [Forwarding screenshot on session 6626572912d7dee2ecd67c17986ddc0f to remote] DEBUG org.asynchttpclient.netty.request.NettyRequestSender - Using pooled Channel '[id: 0x1a7bf238, L:/127.0.0.1:52501 - R:localhost/127.0.0.1:51630]' for 'GET' to 'http://localhost:51630/session/6626572912d7dee2ecd67c17986ddc0f/screenshot'
09:45:18.393 [Forwarding screenshot on session 6626572912d7dee2ecd67c17986ddc0f to remote] DEBUG org.asynchttpclient.netty.request.NettyRequestSender - Using open Channel [id: 0x1a7bf238, L:/127.0.0.1:52501 - R:localhost/127.0.0.1:51630] for GET '/session/6626572912d7dee2ecd67c17986ddc0f/screenshot'
09:45:18.620 [AsyncHttpClient-1-2] DEBUG org.asynchttpclient.netty.handler.HttpHandler - 

Request DefaultFullHttpRequest(decodeResult: success, version: HTTP/1.1, content: EmptyByteBufBE)
GET /session/6626572912d7dee2ecd67c17986ddc0f/screenshot HTTP/1.1
User-Agent: selenium/4.1.2 (java windows)
Cache-Control: no-cache
Content-Type: application/json; charset=utf-8
host: localhost:51630
accept: */*

Response DefaultHttpResponse(decodeResult: success, version: HTTP/1.1)
HTTP/1.1 200 OK
Content-Type: application/json; charset=utf-8
cache-control: no-cache
content-length: 165336

09:45:18.621 [AsyncHttpClient-1-2] DEBUG org.asynchttpclient.netty.channel.ChannelManager - Adding key: http://localhost:51630 for channel [id: 0x1a7bf238, L:/127.0.0.1:52501 - R:localhost/127.0.0.1:51630]
09:45:18.630 [Test worker] DEBUG net.serenitybdd.core.photography.Darkroom - Send negative for processing for C:\Users\johan\OneDrive\Documentos\KONEX\Pruebas automatizadas\automatizacion_login_backoffice_1v\target\site\serenity\e6eee14bcc3cbe59c6d9c3310fdce87a6f50a97ac9733201f8e98cacdc42292a.png
09:45:18.634 [Darkroom Processing Line] DEBUG net.serenitybdd.core.photography.DarkroomProcessingLine - Processing screenshot image in /var/screenshots/screenshot-1373438949555243451
09:45:18.634 [Darkroom Processing Line] DEBUG net.serenitybdd.core.photography.DarkroomProcessingLine - Saving screenshot to C:\Users\johan\OneDrive\Documentos\KONEX\Pruebas automatizadas\automatizacion_login_backoffice_1v\target\site\serenity\e6eee14bcc3cbe59c6d9c3310fdce87a6f50a97ac9733201f8e98cacdc42292a.png
09:45:18.659 [Test worker] DEBUG net.thucydides.core.steps.StepInterceptor - STEP DONE: {0} clicks on #target
09:45:18.680 [Test worker] DEBUG net.thucydides.core.steps.StepInterceptor - STARTING STEP: Crear.performAs - {0} enters #theTextAsAString into #target
09:45:18.694 [Test worker] DEBUG net.serenitybdd.screenplay.targets.IFrameSwitcher - default content already selected for hora sorteo
09:45:18.759 [Forwarding findElement on session 6626572912d7dee2ecd67c17986ddc0f to remote] DEBUG org.asynchttpclient.netty.request.NettyRequestSender - Using pooled Channel '[id: 0x1a7bf238, L:/127.0.0.1:52501 - R:localhost/127.0.0.1:51630]' for 'POST' to 'http://localhost:51630/session/6626572912d7dee2ecd67c17986ddc0f/element'
09:45:18.759 [Forwarding findElement on session 6626572912d7dee2ecd67c17986ddc0f to remote] DEBUG org.asynchttpclient.netty.request.NettyRequestSender - Using open Channel [id: 0x1a7bf238, L:/127.0.0.1:52501 - R:localhost/127.0.0.1:51630] for POST '/session/6626572912d7dee2ecd67c17986ddc0f/element'
09:45:18.774 [AsyncHttpClient-1-2] DEBUG org.asynchttpclient.netty.handler.HttpHandler - 

Request DefaultHttpRequest(decodeResult: success, version: HTTP/1.1)
POST /session/6626572912d7dee2ecd67c17986ddc0f/element HTTP/1.1
User-Agent: selenium/4.1.2 (java windows)
Content-Length: 82
Content-Type: application/json; charset=utf-8
host: localhost:51630
accept: */*

Response DefaultHttpResponse(decodeResult: success, version: HTTP/1.1)
HTTP/1.1 200 OK
Content-Type: application/json; charset=utf-8
cache-control: no-cache
content-length: 88

09:45:18.774 [AsyncHttpClient-1-2] DEBUG org.asynchttpclient.netty.channel.ChannelManager - Adding key: http://localhost:51630 for channel [id: 0x1a7bf238, L:/127.0.0.1:52501 - R:localhost/127.0.0.1:51630]
09:45:18.777 [Forwarding clearElement on session 6626572912d7dee2ecd67c17986ddc0f to remote] DEBUG org.asynchttpclient.netty.request.NettyRequestSender - Using pooled Channel '[id: 0x1a7bf238, L:/127.0.0.1:52501 - R:localhost/127.0.0.1:51630]' for 'POST' to 'http://localhost:51630/session/6626572912d7dee2ecd67c17986ddc0f/element/a946bf6e-697e-496a-b376-85286834dde5/clear'
09:45:18.777 [Forwarding clearElement on session 6626572912d7dee2ecd67c17986ddc0f to remote] DEBUG org.asynchttpclient.netty.request.NettyRequestSender - Using open Channel [id: 0x1a7bf238, L:/127.0.0.1:52501 - R:localhost/127.0.0.1:51630] for POST '/session/6626572912d7dee2ecd67c17986ddc0f/element/a946bf6e-697e-496a-b376-85286834dde5/clear'
09:45:18.817 [AsyncHttpClient-1-2] DEBUG org.asynchttpclient.netty.handler.HttpHandler - 

Request DefaultHttpRequest(decodeResult: success, version: HTTP/1.1)
POST /session/6626572912d7dee2ecd67c17986ddc0f/element/a946bf6e-697e-496a-b376-85286834dde5/clear HTTP/1.1
User-Agent: selenium/4.1.2 (java windows)
Content-Length: 50
Content-Type: application/json; charset=utf-8
host: localhost:51630
accept: */*

Response DefaultHttpResponse(decodeResult: success, version: HTTP/1.1)
HTTP/1.1 200 OK
Content-Type: application/json; charset=utf-8
cache-control: no-cache
content-length: 14

09:45:18.817 [AsyncHttpClient-1-2] DEBUG org.asynchttpclient.netty.channel.ChannelManager - Adding key: http://localhost:51630 for channel [id: 0x1a7bf238, L:/127.0.0.1:52501 - R:localhost/127.0.0.1:51630]
09:45:18.829 [Forwarding sendKeysToElement on session 6626572912d7dee2ecd67c17986ddc0f to remote] DEBUG org.asynchttpclient.netty.request.NettyRequestSender - Using pooled Channel '[id: 0x1a7bf238, L:/127.0.0.1:52501 - R:localhost/127.0.0.1:51630]' for 'POST' to 'http://localhost:51630/session/6626572912d7dee2ecd67c17986ddc0f/element/a946bf6e-697e-496a-b376-85286834dde5/value'
09:45:18.829 [Forwarding sendKeysToElement on session 6626572912d7dee2ecd67c17986ddc0f to remote] DEBUG org.asynchttpclient.netty.request.NettyRequestSender - Using open Channel [id: 0x1a7bf238, L:/127.0.0.1:52501 - R:localhost/127.0.0.1:51630] for POST '/session/6626572912d7dee2ecd67c17986ddc0f/element/a946bf6e-697e-496a-b376-85286834dde5/value'
09:45:18.894 [AsyncHttpClient-1-2] DEBUG org.asynchttpclient.netty.handler.HttpHandler - 

Request DefaultHttpRequest(decodeResult: success, version: HTTP/1.1)
POST /session/6626572912d7dee2ecd67c17986ddc0f/element/a946bf6e-697e-496a-b376-85286834dde5/value HTTP/1.1
User-Agent: selenium/4.1.2 (java windows)
Content-Length: 151
Content-Type: application/json; charset=utf-8
host: localhost:51630
accept: */*

Response DefaultHttpResponse(decodeResult: success, version: HTTP/1.1)
HTTP/1.1 200 OK
Content-Type: application/json; charset=utf-8
cache-control: no-cache
content-length: 14

09:45:18.895 [AsyncHttpClient-1-2] DEBUG org.asynchttpclient.netty.channel.ChannelManager - Adding key: http://localhost:51630 for channel [id: 0x1a7bf238, L:/127.0.0.1:52501 - R:localhost/127.0.0.1:51630]
09:45:18.920 [Forwarding screenshot on session 6626572912d7dee2ecd67c17986ddc0f to remote] DEBUG org.asynchttpclient.netty.request.NettyRequestSender - Using pooled Channel '[id: 0x1a7bf238, L:/127.0.0.1:52501 - R:localhost/127.0.0.1:51630]' for 'GET' to 'http://localhost:51630/session/6626572912d7dee2ecd67c17986ddc0f/screenshot'
09:45:18.920 [Forwarding screenshot on session 6626572912d7dee2ecd67c17986ddc0f to remote] DEBUG org.asynchttpclient.netty.request.NettyRequestSender - Using open Channel [id: 0x1a7bf238, L:/127.0.0.1:52501 - R:localhost/127.0.0.1:51630] for GET '/session/6626572912d7dee2ecd67c17986ddc0f/screenshot'
09:45:19.085 [AsyncHttpClient-1-2] DEBUG org.asynchttpclient.netty.handler.HttpHandler - 

Request DefaultFullHttpRequest(decodeResult: success, version: HTTP/1.1, content: EmptyByteBufBE)
GET /session/6626572912d7dee2ecd67c17986ddc0f/screenshot HTTP/1.1
User-Agent: selenium/4.1.2 (java windows)
Cache-Control: no-cache
Content-Type: application/json; charset=utf-8
host: localhost:51630
accept: */*

Response DefaultHttpResponse(decodeResult: success, version: HTTP/1.1)
HTTP/1.1 200 OK
Content-Type: application/json; charset=utf-8
cache-control: no-cache
content-length: 156628

09:45:19.086 [AsyncHttpClient-1-2] DEBUG org.asynchttpclient.netty.channel.ChannelManager - Adding key: http://localhost:51630 for channel [id: 0x1a7bf238, L:/127.0.0.1:52501 - R:localhost/127.0.0.1:51630]
09:45:19.092 [Test worker] DEBUG net.serenitybdd.core.photography.Darkroom - Send negative for processing for C:\Users\johan\OneDrive\Documentos\KONEX\Pruebas automatizadas\automatizacion_login_backoffice_1v\target\site\serenity\2ad1a354c715ba48071f4c8af9a11f6c67f805e14da6547f92b9693eed6b3107.png
09:45:19.092 [Darkroom Processing Line] DEBUG net.serenitybdd.core.photography.DarkroomProcessingLine - Processing screenshot image in /var/screenshots/screenshot-1927020595999307182
09:45:19.092 [Darkroom Processing Line] DEBUG net.serenitybdd.core.photography.DarkroomProcessingLine - Saving screenshot to C:\Users\johan\OneDrive\Documentos\KONEX\Pruebas automatizadas\automatizacion_login_backoffice_1v\target\site\serenity\2ad1a354c715ba48071f4c8af9a11f6c67f805e14da6547f92b9693eed6b3107.png
09:45:19.116 [Test worker] DEBUG net.thucydides.core.steps.StepInterceptor - STEP DONE: {0} enters #theTextAsAString into #target
09:45:19.117 [Test worker] DEBUG net.serenitybdd.screenplay.targets.IFrameSwitcher - default content already selected for boton siguiente step dos de crear sorteo
09:45:19.177 [Forwarding getCurrentUrl on session 6626572912d7dee2ecd67c17986ddc0f to remote] DEBUG org.asynchttpclient.netty.request.NettyRequestSender - Using pooled Channel '[id: 0x1a7bf238, L:/127.0.0.1:52501 - R:localhost/127.0.0.1:51630]' for 'GET' to 'http://localhost:51630/session/6626572912d7dee2ecd67c17986ddc0f/url'
09:45:19.177 [Forwarding getCurrentUrl on session 6626572912d7dee2ecd67c17986ddc0f to remote] DEBUG org.asynchttpclient.netty.request.NettyRequestSender - Using open Channel [id: 0x1a7bf238, L:/127.0.0.1:52501 - R:localhost/127.0.0.1:51630] for GET '/session/6626572912d7dee2ecd67c17986ddc0f/url'
09:45:19.180 [AsyncHttpClient-1-2] DEBUG org.asynchttpclient.netty.handler.HttpHandler - 

Request DefaultFullHttpRequest(decodeResult: success, version: HTTP/1.1, content: EmptyByteBufBE)
GET /session/6626572912d7dee2ecd67c17986ddc0f/url HTTP/1.1
User-Agent: selenium/4.1.2 (java windows)
Cache-Control: no-cache
Content-Type: application/json; charset=utf-8
host: localhost:51630
accept: */*

Response DefaultHttpResponse(decodeResult: success, version: HTTP/1.1)
HTTP/1.1 200 OK
Content-Type: application/json; charset=utf-8
cache-control: no-cache
content-length: 93

09:45:19.180 [AsyncHttpClient-1-2] DEBUG org.asynchttpclient.netty.channel.ChannelManager - Adding key: http://localhost:51630 for channel [id: 0x1a7bf238, L:/127.0.0.1:52501 - R:localhost/127.0.0.1:51630]
09:45:19.197 [Forwarding findElement on session 6626572912d7dee2ecd67c17986ddc0f to remote] DEBUG org.asynchttpclient.netty.request.NettyRequestSender - Using pooled Channel '[id: 0x1a7bf238, L:/127.0.0.1:52501 - R:localhost/127.0.0.1:51630]' for 'POST' to 'http://localhost:51630/session/6626572912d7dee2ecd67c17986ddc0f/element'
09:45:19.198 [Forwarding findElement on session 6626572912d7dee2ecd67c17986ddc0f to remote] DEBUG org.asynchttpclient.netty.request.NettyRequestSender - Using open Channel [id: 0x1a7bf238, L:/127.0.0.1:52501 - R:localhost/127.0.0.1:51630] for POST '/session/6626572912d7dee2ecd67c17986ddc0f/element'
09:45:19.208 [AsyncHttpClient-1-2] DEBUG org.asynchttpclient.netty.handler.HttpHandler - 

Request DefaultHttpRequest(decodeResult: success, version: HTTP/1.1)
POST /session/6626572912d7dee2ecd67c17986ddc0f/element HTTP/1.1
User-Agent: selenium/4.1.2 (java windows)
Content-Length: 89
Content-Type: application/json; charset=utf-8
host: localhost:51630
accept: */*

Response DefaultHttpResponse(decodeResult: success, version: HTTP/1.1)
HTTP/1.1 200 OK
Content-Type: application/json; charset=utf-8
cache-control: no-cache
content-length: 88

09:45:19.208 [AsyncHttpClient-1-2] DEBUG org.asynchttpclient.netty.channel.ChannelManager - Adding key: http://localhost:51630 for channel [id: 0x1a7bf238, L:/127.0.0.1:52501 - R:localhost/127.0.0.1:51630]
09:45:19.223 [Forwarding executeScript on session 6626572912d7dee2ecd67c17986ddc0f to remote] DEBUG org.asynchttpclient.netty.request.NettyRequestSender - Using pooled Channel '[id: 0x1a7bf238, L:/127.0.0.1:52501 - R:localhost/127.0.0.1:51630]' for 'POST' to 'http://localhost:51630/session/6626572912d7dee2ecd67c17986ddc0f/execute/sync'
09:45:19.223 [Forwarding executeScript on session 6626572912d7dee2ecd67c17986ddc0f to remote] DEBUG org.asynchttpclient.netty.request.NettyRequestSender - Using open Channel [id: 0x1a7bf238, L:/127.0.0.1:52501 - R:localhost/127.0.0.1:51630] for POST '/session/6626572912d7dee2ecd67c17986ddc0f/execute/sync'
09:45:19.232 [AsyncHttpClient-1-2] DEBUG org.asynchttpclient.netty.handler.HttpHandler - 

Request DefaultHttpRequest(decodeResult: success, version: HTTP/1.1)
POST /session/6626572912d7dee2ecd67c17986ddc0f/execute/sync HTTP/1.1
User-Agent: selenium/4.1.2 (java windows)
Content-Length: 240
Content-Type: application/json; charset=utf-8
host: localhost:51630
accept: */*

Response DefaultHttpResponse(decodeResult: success, version: HTTP/1.1)
HTTP/1.1 200 OK
Content-Type: application/json; charset=utf-8
cache-control: no-cache
content-length: 14

09:45:19.232 [AsyncHttpClient-1-2] DEBUG org.asynchttpclient.netty.channel.ChannelManager - Adding key: http://localhost:51630 for channel [id: 0x1a7bf238, L:/127.0.0.1:52501 - R:localhost/127.0.0.1:51630]
09:45:19.269 [Forwarding screenshot on session 6626572912d7dee2ecd67c17986ddc0f to remote] DEBUG org.asynchttpclient.netty.request.NettyRequestSender - Using pooled Channel '[id: 0x1a7bf238, L:/127.0.0.1:52501 - R:localhost/127.0.0.1:51630]' for 'GET' to 'http://localhost:51630/session/6626572912d7dee2ecd67c17986ddc0f/screenshot'
09:45:19.269 [Forwarding screenshot on session 6626572912d7dee2ecd67c17986ddc0f to remote] DEBUG org.asynchttpclient.netty.request.NettyRequestSender - Using open Channel [id: 0x1a7bf238, L:/127.0.0.1:52501 - R:localhost/127.0.0.1:51630] for GET '/session/6626572912d7dee2ecd67c17986ddc0f/screenshot'
09:45:19.436 [AsyncHttpClient-1-1] DEBUG org.asynchttpclient.netty.channel.DefaultChannelPool - Entry count for : http://localhost:52503 : 1
09:45:19.464 [AsyncHttpClient-1-2] DEBUG org.asynchttpclient.netty.handler.HttpHandler - 

Request DefaultFullHttpRequest(decodeResult: success, version: HTTP/1.1, content: EmptyByteBufBE)
GET /session/6626572912d7dee2ecd67c17986ddc0f/screenshot HTTP/1.1
User-Agent: selenium/4.1.2 (java windows)
Cache-Control: no-cache
Content-Type: application/json; charset=utf-8
host: localhost:51630
accept: */*

Response DefaultHttpResponse(decodeResult: success, version: HTTP/1.1)
HTTP/1.1 200 OK
Content-Type: application/json; charset=utf-8
cache-control: no-cache
content-length: 141452

09:45:19.464 [AsyncHttpClient-1-2] DEBUG org.asynchttpclient.netty.channel.ChannelManager - Adding key: http://localhost:51630 for channel [id: 0x1a7bf238, L:/127.0.0.1:52501 - R:localhost/127.0.0.1:51630]
09:45:19.474 [Test worker] DEBUG net.serenitybdd.core.photography.Darkroom - Send negative for processing for C:\Users\johan\OneDrive\Documentos\KONEX\Pruebas automatizadas\automatizacion_login_backoffice_1v\target\site\serenity\cb4f50c1b41b6682af4f3cb55d3ffac1cdb8b87c395d077df35816127d7a7106.png
09:45:19.475 [Darkroom Processing Line] DEBUG net.serenitybdd.core.photography.DarkroomProcessingLine - Processing screenshot image in /var/screenshots/screenshot-3591187451492493038
09:45:19.475 [Darkroom Processing Line] DEBUG net.serenitybdd.core.photography.DarkroomProcessingLine - Saving screenshot to C:\Users\johan\OneDrive\Documentos\KONEX\Pruebas automatizadas\automatizacion_login_backoffice_1v\target\site\serenity\cb4f50c1b41b6682af4f3cb55d3ffac1cdb8b87c395d077df35816127d7a7106.png
09:45:19.475 [Test worker] DEBUG net.thucydides.core.steps.StepInterceptor - STARTING STEP: Crear.performAs - {0} clicks on #target
09:45:19.476 [Test worker] DEBUG net.serenitybdd.screenplay.targets.IFrameSwitcher - default content already selected for boton siguiente step dos de crear sorteo
09:45:19.631 [Forwarding findElement on session 6626572912d7dee2ecd67c17986ddc0f to remote] DEBUG org.asynchttpclient.netty.request.NettyRequestSender - Using pooled Channel '[id: 0x1a7bf238, L:/127.0.0.1:52501 - R:localhost/127.0.0.1:51630]' for 'POST' to 'http://localhost:51630/session/6626572912d7dee2ecd67c17986ddc0f/element'
09:45:19.631 [Forwarding findElement on session 6626572912d7dee2ecd67c17986ddc0f to remote] DEBUG org.asynchttpclient.netty.request.NettyRequestSender - Using open Channel [id: 0x1a7bf238, L:/127.0.0.1:52501 - R:localhost/127.0.0.1:51630] for POST '/session/6626572912d7dee2ecd67c17986ddc0f/element'
09:45:19.644 [AsyncHttpClient-1-2] DEBUG org.asynchttpclient.netty.handler.HttpHandler - 

Request DefaultHttpRequest(decodeResult: success, version: HTTP/1.1)
POST /session/6626572912d7dee2ecd67c17986ddc0f/element HTTP/1.1
User-Agent: selenium/4.1.2 (java windows)
Content-Length: 89
Content-Type: application/json; charset=utf-8
host: localhost:51630
accept: */*

Response DefaultHttpResponse(decodeResult: success, version: HTTP/1.1)
HTTP/1.1 200 OK
Content-Type: application/json; charset=utf-8
cache-control: no-cache
content-length: 88

09:45:19.645 [AsyncHttpClient-1-2] DEBUG org.asynchttpclient.netty.channel.ChannelManager - Adding key: http://localhost:51630 for channel [id: 0x1a7bf238, L:/127.0.0.1:52501 - R:localhost/127.0.0.1:51630]
09:45:19.673 [Forwarding isElementDisplayed on session 6626572912d7dee2ecd67c17986ddc0f to remote] DEBUG org.asynchttpclient.netty.request.NettyRequestSender - Using pooled Channel '[id: 0x1a7bf238, L:/127.0.0.1:52501 - R:localhost/127.0.0.1:51630]' for 'POST' to 'http://localhost:51630/session/6626572912d7dee2ecd67c17986ddc0f/execute/sync'
09:45:19.673 [Forwarding isElementDisplayed on session 6626572912d7dee2ecd67c17986ddc0f to remote] DEBUG org.asynchttpclient.netty.request.NettyRequestSender - Using open Channel [id: 0x1a7bf238, L:/127.0.0.1:52501 - R:localhost/127.0.0.1:51630] for POST '/session/6626572912d7dee2ecd67c17986ddc0f/execute/sync'
09:45:19.689 [AsyncHttpClient-1-2] DEBUG org.asynchttpclient.netty.handler.HttpHandler - 

Request DefaultHttpRequest(decodeResult: success, version: HTTP/1.1)
POST /session/6626572912d7dee2ecd67c17986ddc0f/execute/sync HTTP/1.1
User-Agent: selenium/4.1.2 (java windows)
Content-Length: 48780
Content-Type: application/json; charset=utf-8
host: localhost:51630
accept: */*

Response DefaultHttpResponse(decodeResult: success, version: HTTP/1.1)
HTTP/1.1 200 OK
Content-Type: application/json; charset=utf-8
cache-control: no-cache
content-length: 14

09:45:19.690 [AsyncHttpClient-1-2] DEBUG org.asynchttpclient.netty.channel.ChannelManager - Adding key: http://localhost:51630 for channel [id: 0x1a7bf238, L:/127.0.0.1:52501 - R:localhost/127.0.0.1:51630]
09:45:19.731 [Forwarding findElement on session 6626572912d7dee2ecd67c17986ddc0f to remote] DEBUG org.asynchttpclient.netty.request.NettyRequestSender - Using pooled Channel '[id: 0x1a7bf238, L:/127.0.0.1:52501 - R:localhost/127.0.0.1:51630]' for 'POST' to 'http://localhost:51630/session/6626572912d7dee2ecd67c17986ddc0f/element'
09:45:19.731 [Forwarding findElement on session 6626572912d7dee2ecd67c17986ddc0f to remote] DEBUG org.asynchttpclient.netty.request.NettyRequestSender - Using open Channel [id: 0x1a7bf238, L:/127.0.0.1:52501 - R:localhost/127.0.0.1:51630] for POST '/session/6626572912d7dee2ecd67c17986ddc0f/element'
09:45:19.744 [AsyncHttpClient-1-2] DEBUG org.asynchttpclient.netty.handler.HttpHandler - 

Request DefaultHttpRequest(decodeResult: success, version: HTTP/1.1)
POST /session/6626572912d7dee2ecd67c17986ddc0f/element HTTP/1.1
User-Agent: selenium/4.1.2 (java windows)
Content-Length: 89
Content-Type: application/json; charset=utf-8
host: localhost:51630
accept: */*

Response DefaultHttpResponse(decodeResult: success, version: HTTP/1.1)
HTTP/1.1 200 OK
Content-Type: application/json; charset=utf-8
cache-control: no-cache
content-length: 88

09:45:19.745 [AsyncHttpClient-1-2] DEBUG org.asynchttpclient.netty.channel.ChannelManager - Adding key: http://localhost:51630 for channel [id: 0x1a7bf238, L:/127.0.0.1:52501 - R:localhost/127.0.0.1:51630]
09:45:19.747 [Forwarding clickElement on session 6626572912d7dee2ecd67c17986ddc0f to remote] DEBUG org.asynchttpclient.netty.request.NettyRequestSender - Using pooled Channel '[id: 0x1a7bf238, L:/127.0.0.1:52501 - R:localhost/127.0.0.1:51630]' for 'POST' to 'http://localhost:51630/session/6626572912d7dee2ecd67c17986ddc0f/element/5ee5c74d-6c44-4b52-8d03-910197eb540b/click'
09:45:19.747 [Forwarding clickElement on session 6626572912d7dee2ecd67c17986ddc0f to remote] DEBUG org.asynchttpclient.netty.request.NettyRequestSender - Using open Channel [id: 0x1a7bf238, L:/127.0.0.1:52501 - R:localhost/127.0.0.1:51630] for POST '/session/6626572912d7dee2ecd67c17986ddc0f/element/5ee5c74d-6c44-4b52-8d03-910197eb540b/click'
09:45:19.834 [AsyncHttpClient-1-2] DEBUG org.asynchttpclient.netty.handler.HttpHandler - 

Request DefaultHttpRequest(decodeResult: success, version: HTTP/1.1)
POST /session/6626572912d7dee2ecd67c17986ddc0f/element/5ee5c74d-6c44-4b52-8d03-910197eb540b/click HTTP/1.1
User-Agent: selenium/4.1.2 (java windows)
Content-Length: 50
Content-Type: application/json; charset=utf-8
host: localhost:51630
accept: */*

Response DefaultHttpResponse(decodeResult: success, version: HTTP/1.1)
HTTP/1.1 200 OK
Content-Type: application/json; charset=utf-8
cache-control: no-cache
content-length: 14

09:45:19.835 [AsyncHttpClient-1-2] DEBUG org.asynchttpclient.netty.channel.ChannelManager - Adding key: http://localhost:51630 for channel [id: 0x1a7bf238, L:/127.0.0.1:52501 - R:localhost/127.0.0.1:51630]
09:45:19.877 [Forwarding screenshot on session 6626572912d7dee2ecd67c17986ddc0f to remote] DEBUG org.asynchttpclient.netty.request.NettyRequestSender - Using pooled Channel '[id: 0x1a7bf238, L:/127.0.0.1:52501 - R:localhost/127.0.0.1:51630]' for 'GET' to 'http://localhost:51630/session/6626572912d7dee2ecd67c17986ddc0f/screenshot'
09:45:19.877 [Forwarding screenshot on session 6626572912d7dee2ecd67c17986ddc0f to remote] DEBUG org.asynchttpclient.netty.request.NettyRequestSender - Using open Channel [id: 0x1a7bf238, L:/127.0.0.1:52501 - R:localhost/127.0.0.1:51630] for GET '/session/6626572912d7dee2ecd67c17986ddc0f/screenshot'
09:45:20.090 [AsyncHttpClient-1-2] DEBUG org.asynchttpclient.netty.handler.HttpHandler - 

Request DefaultFullHttpRequest(decodeResult: success, version: HTTP/1.1, content: EmptyByteBufBE)
GET /session/6626572912d7dee2ecd67c17986ddc0f/screenshot HTTP/1.1
User-Agent: selenium/4.1.2 (java windows)
Cache-Control: no-cache
Content-Type: application/json; charset=utf-8
host: localhost:51630
accept: */*

Response DefaultHttpResponse(decodeResult: success, version: HTTP/1.1)
HTTP/1.1 200 OK
Content-Type: application/json; charset=utf-8
cache-control: no-cache
content-length: 96100

09:45:20.090 [AsyncHttpClient-1-2] DEBUG org.asynchttpclient.netty.channel.ChannelManager - Adding key: http://localhost:51630 for channel [id: 0x1a7bf238, L:/127.0.0.1:52501 - R:localhost/127.0.0.1:51630]
09:45:20.098 [Test worker] DEBUG net.serenitybdd.core.photography.Darkroom - Send negative for processing for C:\Users\johan\OneDrive\Documentos\KONEX\Pruebas automatizadas\automatizacion_login_backoffice_1v\target\site\serenity\1bc8d2a33a7597e541151370cf70db2f1ce6f112cdb2a28fd159ca4ea1499e66.png
09:45:20.099 [Darkroom Processing Line] DEBUG net.serenitybdd.core.photography.DarkroomProcessingLine - Processing screenshot image in /var/screenshots/screenshot-5822154102295300467
09:45:20.099 [Darkroom Processing Line] DEBUG net.serenitybdd.core.photography.DarkroomProcessingLine - Saving screenshot to C:\Users\johan\OneDrive\Documentos\KONEX\Pruebas automatizadas\automatizacion_login_backoffice_1v\target\site\serenity\1bc8d2a33a7597e541151370cf70db2f1ce6f112cdb2a28fd159ca4ea1499e66.png
09:45:20.139 [Test worker] DEBUG net.thucydides.core.steps.StepInterceptor - STEP DONE: {0} clicks on #target
09:45:20.175 [Forwarding screenshot on session 6626572912d7dee2ecd67c17986ddc0f to remote] DEBUG org.asynchttpclient.netty.request.NettyRequestSender - Using pooled Channel '[id: 0x1a7bf238, L:/127.0.0.1:52501 - R:localhost/127.0.0.1:51630]' for 'GET' to 'http://localhost:51630/session/6626572912d7dee2ecd67c17986ddc0f/screenshot'
09:45:20.175 [Forwarding screenshot on session 6626572912d7dee2ecd67c17986ddc0f to remote] DEBUG org.asynchttpclient.netty.request.NettyRequestSender - Using open Channel [id: 0x1a7bf238, L:/127.0.0.1:52501 - R:localhost/127.0.0.1:51630] for GET '/session/6626572912d7dee2ecd67c17986ddc0f/screenshot'
09:45:20.401 [AsyncHttpClient-1-2] DEBUG org.asynchttpclient.netty.handler.HttpHandler - 

Request DefaultFullHttpRequest(decodeResult: success, version: HTTP/1.1, content: EmptyByteBufBE)
GET /session/6626572912d7dee2ecd67c17986ddc0f/screenshot HTTP/1.1
User-Agent: selenium/4.1.2 (java windows)
Cache-Control: no-cache
Content-Type: application/json; charset=utf-8
host: localhost:51630
accept: */*

Response DefaultHttpResponse(decodeResult: success, version: HTTP/1.1)
HTTP/1.1 200 OK
Content-Type: application/json; charset=utf-8
cache-control: no-cache
content-length: 151800

09:45:20.402 [AsyncHttpClient-1-2] DEBUG org.asynchttpclient.netty.channel.ChannelManager - Adding key: http://localhost:51630 for channel [id: 0x1a7bf238, L:/127.0.0.1:52501 - R:localhost/127.0.0.1:51630]
09:45:20.416 [Test worker] DEBUG net.serenitybdd.core.photography.Darkroom - Send negative for processing for C:\Users\johan\OneDrive\Documentos\KONEX\Pruebas automatizadas\automatizacion_login_backoffice_1v\target\site\serenity\1fe0306fa95fd94c5097817bb7ba8c7dcc3a34c1a735bd8c1e74719b01ae8f0d.png
09:45:20.417 [Test worker] DEBUG net.thucydides.core.steps.StepInterceptor - STARTING STEP: Crear.performAs - {0} clicks on #target
09:45:20.417 [Darkroom Processing Line] DEBUG net.serenitybdd.core.photography.DarkroomProcessingLine - Processing screenshot image in /var/screenshots/screenshot-938760713883979097
09:45:20.417 [Darkroom Processing Line] DEBUG net.serenitybdd.core.photography.DarkroomProcessingLine - Saving screenshot to C:\Users\johan\OneDrive\Documentos\KONEX\Pruebas automatizadas\automatizacion_login_backoffice_1v\target\site\serenity\1fe0306fa95fd94c5097817bb7ba8c7dcc3a34c1a735bd8c1e74719b01ae8f0d.png
09:45:20.418 [Test worker] DEBUG net.serenitybdd.screenplay.targets.IFrameSwitcher - default content already selected for Boton enviar solicitud
09:45:20.538 [AsyncHttpClient-1-1] DEBUG org.asynchttpclient.netty.channel.DefaultChannelPool - Entry count for : http://localhost:52503 : 1
09:45:20.538 [AsyncHttpClient-1-1] DEBUG org.asynchttpclient.netty.channel.DefaultChannelPool - Entry count for : http://localhost:51630 : 1
09:45:20.597 [Forwarding findElement on session 6626572912d7dee2ecd67c17986ddc0f to remote] DEBUG org.asynchttpclient.netty.request.NettyRequestSender - Using pooled Channel '[id: 0x1a7bf238, L:/127.0.0.1:52501 - R:localhost/127.0.0.1:51630]' for 'POST' to 'http://localhost:51630/session/6626572912d7dee2ecd67c17986ddc0f/element'
09:45:20.597 [Forwarding findElement on session 6626572912d7dee2ecd67c17986ddc0f to remote] DEBUG org.asynchttpclient.netty.request.NettyRequestSender - Using open Channel [id: 0x1a7bf238, L:/127.0.0.1:52501 - R:localhost/127.0.0.1:51630] for POST '/session/6626572912d7dee2ecd67c17986ddc0f/element'
09:45:20.616 [AsyncHttpClient-1-2] DEBUG org.asynchttpclient.netty.handler.HttpHandler - 

Request DefaultHttpRequest(decodeResult: success, version: HTTP/1.1)
POST /session/6626572912d7dee2ecd67c17986ddc0f/element HTTP/1.1
User-Agent: selenium/4.1.2 (java windows)
Content-Length: 91
Content-Type: application/json; charset=utf-8
host: localhost:51630
accept: */*

Response DefaultHttpResponse(decodeResult: success, version: HTTP/1.1)
HTTP/1.1 200 OK
Content-Type: application/json; charset=utf-8
cache-control: no-cache
content-length: 88

09:45:20.616 [AsyncHttpClient-1-2] DEBUG org.asynchttpclient.netty.channel.ChannelManager - Adding key: http://localhost:51630 for channel [id: 0x1a7bf238, L:/127.0.0.1:52501 - R:localhost/127.0.0.1:51630]
09:45:20.645 [Forwarding isElementDisplayed on session 6626572912d7dee2ecd67c17986ddc0f to remote] DEBUG org.asynchttpclient.netty.request.NettyRequestSender - Using pooled Channel '[id: 0x1a7bf238, L:/127.0.0.1:52501 - R:localhost/127.0.0.1:51630]' for 'POST' to 'http://localhost:51630/session/6626572912d7dee2ecd67c17986ddc0f/execute/sync'
09:45:20.645 [Forwarding isElementDisplayed on session 6626572912d7dee2ecd67c17986ddc0f to remote] DEBUG org.asynchttpclient.netty.request.NettyRequestSender - Using open Channel [id: 0x1a7bf238, L:/127.0.0.1:52501 - R:localhost/127.0.0.1:51630] for POST '/session/6626572912d7dee2ecd67c17986ddc0f/execute/sync'
09:45:20.663 [AsyncHttpClient-1-2] DEBUG org.asynchttpclient.netty.handler.HttpHandler - 

Request DefaultHttpRequest(decodeResult: success, version: HTTP/1.1)
POST /session/6626572912d7dee2ecd67c17986ddc0f/execute/sync HTTP/1.1
User-Agent: selenium/4.1.2 (java windows)
Content-Length: 48780
Content-Type: application/json; charset=utf-8
host: localhost:51630
accept: */*

Response DefaultHttpResponse(decodeResult: success, version: HTTP/1.1)
HTTP/1.1 200 OK
Content-Type: application/json; charset=utf-8
cache-control: no-cache
content-length: 14

09:45:20.664 [AsyncHttpClient-1-2] DEBUG org.asynchttpclient.netty.channel.ChannelManager - Adding key: http://localhost:51630 for channel [id: 0x1a7bf238, L:/127.0.0.1:52501 - R:localhost/127.0.0.1:51630]
09:45:20.711 [Forwarding findElement on session 6626572912d7dee2ecd67c17986ddc0f to remote] DEBUG org.asynchttpclient.netty.request.NettyRequestSender - Using pooled Channel '[id: 0x1a7bf238, L:/127.0.0.1:52501 - R:localhost/127.0.0.1:51630]' for 'POST' to 'http://localhost:51630/session/6626572912d7dee2ecd67c17986ddc0f/element'
09:45:20.711 [Forwarding findElement on session 6626572912d7dee2ecd67c17986ddc0f to remote] DEBUG org.asynchttpclient.netty.request.NettyRequestSender - Using open Channel [id: 0x1a7bf238, L:/127.0.0.1:52501 - R:localhost/127.0.0.1:51630] for POST '/session/6626572912d7dee2ecd67c17986ddc0f/element'
09:45:20.725 [AsyncHttpClient-1-2] DEBUG org.asynchttpclient.netty.handler.HttpHandler - 

Request DefaultHttpRequest(decodeResult: success, version: HTTP/1.1)
POST /session/6626572912d7dee2ecd67c17986ddc0f/element HTTP/1.1
User-Agent: selenium/4.1.2 (java windows)
Content-Length: 91
Content-Type: application/json; charset=utf-8
host: localhost:51630
accept: */*

Response DefaultHttpResponse(decodeResult: success, version: HTTP/1.1)
HTTP/1.1 200 OK
Content-Type: application/json; charset=utf-8
cache-control: no-cache
content-length: 88

09:45:20.725 [AsyncHttpClient-1-2] DEBUG org.asynchttpclient.netty.channel.ChannelManager - Adding key: http://localhost:51630 for channel [id: 0x1a7bf238, L:/127.0.0.1:52501 - R:localhost/127.0.0.1:51630]
09:45:20.727 [Forwarding clickElement on session 6626572912d7dee2ecd67c17986ddc0f to remote] DEBUG org.asynchttpclient.netty.request.NettyRequestSender - Using pooled Channel '[id: 0x1a7bf238, L:/127.0.0.1:52501 - R:localhost/127.0.0.1:51630]' for 'POST' to 'http://localhost:51630/session/6626572912d7dee2ecd67c17986ddc0f/element/d2051c50-321b-49d3-b27f-7fa64b795200/click'
09:45:20.727 [Forwarding clickElement on session 6626572912d7dee2ecd67c17986ddc0f to remote] DEBUG org.asynchttpclient.netty.request.NettyRequestSender - Using open Channel [id: 0x1a7bf238, L:/127.0.0.1:52501 - R:localhost/127.0.0.1:51630] for POST '/session/6626572912d7dee2ecd67c17986ddc0f/element/d2051c50-321b-49d3-b27f-7fa64b795200/click'
09:45:20.827 [AsyncHttpClient-1-2] DEBUG org.asynchttpclient.netty.handler.HttpHandler - 

Request DefaultHttpRequest(decodeResult: success, version: HTTP/1.1)
POST /session/6626572912d7dee2ecd67c17986ddc0f/element/d2051c50-321b-49d3-b27f-7fa64b795200/click HTTP/1.1
User-Agent: selenium/4.1.2 (java windows)
Content-Length: 50
Content-Type: application/json; charset=utf-8
host: localhost:51630
accept: */*

Response DefaultHttpResponse(decodeResult: success, version: HTTP/1.1)
HTTP/1.1 200 OK
Content-Type: application/json; charset=utf-8
cache-control: no-cache
content-length: 14

09:45:20.827 [AsyncHttpClient-1-2] DEBUG org.asynchttpclient.netty.channel.ChannelManager - Adding key: http://localhost:51630 for channel [id: 0x1a7bf238, L:/127.0.0.1:52501 - R:localhost/127.0.0.1:51630]
09:45:20.860 [Forwarding screenshot on session 6626572912d7dee2ecd67c17986ddc0f to remote] DEBUG org.asynchttpclient.netty.request.NettyRequestSender - Using pooled Channel '[id: 0x1a7bf238, L:/127.0.0.1:52501 - R:localhost/127.0.0.1:51630]' for 'GET' to 'http://localhost:51630/session/6626572912d7dee2ecd67c17986ddc0f/screenshot'
09:45:20.860 [Forwarding screenshot on session 6626572912d7dee2ecd67c17986ddc0f to remote] DEBUG org.asynchttpclient.netty.request.NettyRequestSender - Using open Channel [id: 0x1a7bf238, L:/127.0.0.1:52501 - R:localhost/127.0.0.1:51630] for GET '/session/6626572912d7dee2ecd67c17986ddc0f/screenshot'
09:45:21.377 [AsyncHttpClient-1-2] DEBUG org.asynchttpclient.netty.handler.HttpHandler - 

Request DefaultFullHttpRequest(decodeResult: success, version: HTTP/1.1, content: EmptyByteBufBE)
GET /session/6626572912d7dee2ecd67c17986ddc0f/screenshot HTTP/1.1
User-Agent: selenium/4.1.2 (java windows)
Cache-Control: no-cache
Content-Type: application/json; charset=utf-8
host: localhost:51630
accept: */*

Response DefaultHttpResponse(decodeResult: success, version: HTTP/1.1)
HTTP/1.1 200 OK
Content-Type: application/json; charset=utf-8
cache-control: no-cache
content-length: 199608

09:45:21.377 [AsyncHttpClient-1-2] DEBUG org.asynchttpclient.netty.channel.ChannelManager - Adding key: http://localhost:51630 for channel [id: 0x1a7bf238, L:/127.0.0.1:52501 - R:localhost/127.0.0.1:51630]
09:45:21.391 [Test worker] DEBUG net.serenitybdd.core.photography.Darkroom - Send negative for processing for C:\Users\johan\OneDrive\Documentos\KONEX\Pruebas automatizadas\automatizacion_login_backoffice_1v\target\site\serenity\6477cfc7bdbe046ef584e5f213cdfbed54f10222dfb37934548345541f0db21a.png
09:45:21.393 [Darkroom Processing Line] DEBUG net.serenitybdd.core.photography.DarkroomProcessingLine - Processing screenshot image in /var/screenshots/screenshot-8141462290493331461
09:45:21.393 [Darkroom Processing Line] DEBUG net.serenitybdd.core.photography.DarkroomProcessingLine - Saving screenshot to C:\Users\johan\OneDrive\Documentos\KONEX\Pruebas automatizadas\automatizacion_login_backoffice_1v\target\site\serenity\6477cfc7bdbe046ef584e5f213cdfbed54f10222dfb37934548345541f0db21a.png
09:45:21.423 [Test worker] DEBUG net.thucydides.core.steps.StepInterceptor - STEP DONE: {0} clicks on #target
09:45:21.456 [Forwarding screenshot on session 6626572912d7dee2ecd67c17986ddc0f to remote] DEBUG org.asynchttpclient.netty.request.NettyRequestSender - Using pooled Channel '[id: 0x1a7bf238, L:/127.0.0.1:52501 - R:localhost/127.0.0.1:51630]' for 'GET' to 'http://localhost:51630/session/6626572912d7dee2ecd67c17986ddc0f/screenshot'
09:45:21.456 [Forwarding screenshot on session 6626572912d7dee2ecd67c17986ddc0f to remote] DEBUG org.asynchttpclient.netty.request.NettyRequestSender - Using open Channel [id: 0x1a7bf238, L:/127.0.0.1:52501 - R:localhost/127.0.0.1:51630] for GET '/session/6626572912d7dee2ecd67c17986ddc0f/screenshot'
09:45:21.635 [AsyncHttpClient-1-1] DEBUG org.asynchttpclient.netty.channel.DefaultChannelPool - Entry count for : http://localhost:52503 : 1
09:45:21.636 [AsyncHttpClient-1-2] DEBUG org.asynchttpclient.netty.handler.HttpHandler - 

Request DefaultFullHttpRequest(decodeResult: success, version: HTTP/1.1, content: EmptyByteBufBE)
GET /session/6626572912d7dee2ecd67c17986ddc0f/screenshot HTTP/1.1
User-Agent: selenium/4.1.2 (java windows)
Cache-Control: no-cache
Content-Type: application/json; charset=utf-8
host: localhost:51630
accept: */*

Response DefaultHttpResponse(decodeResult: success, version: HTTP/1.1)
HTTP/1.1 200 OK
Content-Type: application/json; charset=utf-8
cache-control: no-cache
content-length: 199704

09:45:21.637 [AsyncHttpClient-1-2] DEBUG org.asynchttpclient.netty.channel.ChannelManager - Adding key: http://localhost:51630 for channel [id: 0x1a7bf238, L:/127.0.0.1:52501 - R:localhost/127.0.0.1:51630]
09:45:21.651 [Test worker] DEBUG net.serenitybdd.core.photography.Darkroom - Send negative for processing for C:\Users\johan\OneDrive\Documentos\KONEX\Pruebas automatizadas\automatizacion_login_backoffice_1v\target\site\serenity\9d07a10ac24751d31a5795217fbe709d1e77ee9da37f728d4b462710535df92e.png
09:45:21.652 [Darkroom Processing Line] DEBUG net.serenitybdd.core.photography.DarkroomProcessingLine - Processing screenshot image in /var/screenshots/screenshot-2988236111876614066
09:45:21.652 [Darkroom Processing Line] DEBUG net.serenitybdd.core.photography.DarkroomProcessingLine - Saving screenshot to C:\Users\johan\OneDrive\Documentos\KONEX\Pruebas automatizadas\automatizacion_login_backoffice_1v\target\site\serenity\9d07a10ac24751d31a5795217fbe709d1e77ee9da37f728d4b462710535df92e.png
09:45:21.652 [Test worker] DEBUG net.thucydides.core.steps.StepInterceptor - STARTING STEP: Crear.performAs - {0} enters #theTextAsAString into #target
09:45:21.676 [Test worker] DEBUG net.serenitybdd.screenplay.targets.IFrameSwitcher - default content already selected for Mensaje para solicitar aceptacion del sorteo
09:45:21.765 [Forwarding findElement on session 6626572912d7dee2ecd67c17986ddc0f to remote] DEBUG org.asynchttpclient.netty.request.NettyRequestSender - Using pooled Channel '[id: 0x1a7bf238, L:/127.0.0.1:52501 - R:localhost/127.0.0.1:51630]' for 'POST' to 'http://localhost:51630/session/6626572912d7dee2ecd67c17986ddc0f/element'
09:45:21.765 [Forwarding findElement on session 6626572912d7dee2ecd67c17986ddc0f to remote] DEBUG org.asynchttpclient.netty.request.NettyRequestSender - Using open Channel [id: 0x1a7bf238, L:/127.0.0.1:52501 - R:localhost/127.0.0.1:51630] for POST '/session/6626572912d7dee2ecd67c17986ddc0f/element'
09:45:21.788 [AsyncHttpClient-1-2] DEBUG org.asynchttpclient.netty.handler.HttpHandler - 

Request DefaultHttpRequest(decodeResult: success, version: HTTP/1.1)
POST /session/6626572912d7dee2ecd67c17986ddc0f/element HTTP/1.1
User-Agent: selenium/4.1.2 (java windows)
Content-Length: 76
Content-Type: application/json; charset=utf-8
host: localhost:51630
accept: */*

Response DefaultHttpResponse(decodeResult: success, version: HTTP/1.1)
HTTP/1.1 200 OK
Content-Type: application/json; charset=utf-8
cache-control: no-cache
content-length: 88

09:45:21.788 [AsyncHttpClient-1-2] DEBUG org.asynchttpclient.netty.channel.ChannelManager - Adding key: http://localhost:51630 for channel [id: 0x1a7bf238, L:/127.0.0.1:52501 - R:localhost/127.0.0.1:51630]
09:45:21.791 [Forwarding clearElement on session 6626572912d7dee2ecd67c17986ddc0f to remote] DEBUG org.asynchttpclient.netty.request.NettyRequestSender - Using pooled Channel '[id: 0x1a7bf238, L:/127.0.0.1:52501 - R:localhost/127.0.0.1:51630]' for 'POST' to 'http://localhost:51630/session/6626572912d7dee2ecd67c17986ddc0f/element/8c331522-1e74-42af-a6ad-21eb8a622c81/clear'
09:45:21.791 [Forwarding clearElement on session 6626572912d7dee2ecd67c17986ddc0f to remote] DEBUG org.asynchttpclient.netty.request.NettyRequestSender - Using open Channel [id: 0x1a7bf238, L:/127.0.0.1:52501 - R:localhost/127.0.0.1:51630] for POST '/session/6626572912d7dee2ecd67c17986ddc0f/element/8c331522-1e74-42af-a6ad-21eb8a622c81/clear'
09:45:21.835 [AsyncHttpClient-1-2] DEBUG org.asynchttpclient.netty.handler.HttpHandler - 

Request DefaultHttpRequest(decodeResult: success, version: HTTP/1.1)
POST /session/6626572912d7dee2ecd67c17986ddc0f/element/8c331522-1e74-42af-a6ad-21eb8a622c81/clear HTTP/1.1
User-Agent: selenium/4.1.2 (java windows)
Content-Length: 50
Content-Type: application/json; charset=utf-8
host: localhost:51630
accept: */*

Response DefaultHttpResponse(decodeResult: success, version: HTTP/1.1)
HTTP/1.1 200 OK
Content-Type: application/json; charset=utf-8
cache-control: no-cache
content-length: 14

09:45:21.836 [AsyncHttpClient-1-2] DEBUG org.asynchttpclient.netty.channel.ChannelManager - Adding key: http://localhost:51630 for channel [id: 0x1a7bf238, L:/127.0.0.1:52501 - R:localhost/127.0.0.1:51630]
09:45:21.860 [Forwarding sendKeysToElement on session 6626572912d7dee2ecd67c17986ddc0f to remote] DEBUG org.asynchttpclient.netty.request.NettyRequestSender - Using pooled Channel '[id: 0x1a7bf238, L:/127.0.0.1:52501 - R:localhost/127.0.0.1:51630]' for 'POST' to 'http://localhost:51630/session/6626572912d7dee2ecd67c17986ddc0f/element/8c331522-1e74-42af-a6ad-21eb8a622c81/value'
09:45:21.860 [Forwarding sendKeysToElement on session 6626572912d7dee2ecd67c17986ddc0f to remote] DEBUG org.asynchttpclient.netty.request.NettyRequestSender - Using open Channel [id: 0x1a7bf238, L:/127.0.0.1:52501 - R:localhost/127.0.0.1:51630] for POST '/session/6626572912d7dee2ecd67c17986ddc0f/element/8c331522-1e74-42af-a6ad-21eb8a622c81/value'
09:45:22.028 [AsyncHttpClient-1-2] DEBUG org.asynchttpclient.netty.handler.HttpHandler - 

Request DefaultHttpRequest(decodeResult: success, version: HTTP/1.1)
POST /session/6626572912d7dee2ecd67c17986ddc0f/element/8c331522-1e74-42af-a6ad-21eb8a622c81/value HTTP/1.1
User-Agent: selenium/4.1.2 (java windows)
Content-Length: 293
Content-Type: application/json; charset=utf-8
host: localhost:51630
accept: */*

Response DefaultHttpResponse(decodeResult: success, version: HTTP/1.1)
HTTP/1.1 200 OK
Content-Type: application/json; charset=utf-8
cache-control: no-cache
content-length: 14

09:45:22.028 [AsyncHttpClient-1-2] DEBUG org.asynchttpclient.netty.channel.ChannelManager - Adding key: http://localhost:51630 for channel [id: 0x1a7bf238, L:/127.0.0.1:52501 - R:localhost/127.0.0.1:51630]
09:45:22.064 [Forwarding screenshot on session 6626572912d7dee2ecd67c17986ddc0f to remote] DEBUG org.asynchttpclient.netty.request.NettyRequestSender - Using pooled Channel '[id: 0x1a7bf238, L:/127.0.0.1:52501 - R:localhost/127.0.0.1:51630]' for 'GET' to 'http://localhost:51630/session/6626572912d7dee2ecd67c17986ddc0f/screenshot'
09:45:22.064 [Forwarding screenshot on session 6626572912d7dee2ecd67c17986ddc0f to remote] DEBUG org.asynchttpclient.netty.request.NettyRequestSender - Using open Channel [id: 0x1a7bf238, L:/127.0.0.1:52501 - R:localhost/127.0.0.1:51630] for GET '/session/6626572912d7dee2ecd67c17986ddc0f/screenshot'
09:45:22.245 [AsyncHttpClient-1-2] DEBUG org.asynchttpclient.netty.handler.HttpHandler - 

Request DefaultFullHttpRequest(decodeResult: success, version: HTTP/1.1, content: EmptyByteBufBE)
GET /session/6626572912d7dee2ecd67c17986ddc0f/screenshot HTTP/1.1
User-Agent: selenium/4.1.2 (java windows)
Cache-Control: no-cache
Content-Type: application/json; charset=utf-8
host: localhost:51630
accept: */*

Response DefaultHttpResponse(decodeResult: success, version: HTTP/1.1)
HTTP/1.1 200 OK
Content-Type: application/json; charset=utf-8
cache-control: no-cache
content-length: 204168

09:45:22.245 [AsyncHttpClient-1-2] DEBUG org.asynchttpclient.netty.channel.ChannelManager - Adding key: http://localhost:51630 for channel [id: 0x1a7bf238, L:/127.0.0.1:52501 - R:localhost/127.0.0.1:51630]
09:45:22.252 [Test worker] DEBUG net.serenitybdd.core.photography.Darkroom - Send negative for processing for C:\Users\johan\OneDrive\Documentos\KONEX\Pruebas automatizadas\automatizacion_login_backoffice_1v\target\site\serenity\aa2c571ceb40f088b60c880106363b2144382b5d92fa7c2b9a7a2bb5296d8541.png
09:45:22.252 [Darkroom Processing Line] DEBUG net.serenitybdd.core.photography.DarkroomProcessingLine - Processing screenshot image in /var/screenshots/screenshot-4850652534460467293
09:45:22.252 [Darkroom Processing Line] DEBUG net.serenitybdd.core.photography.DarkroomProcessingLine - Saving screenshot to C:\Users\johan\OneDrive\Documentos\KONEX\Pruebas automatizadas\automatizacion_login_backoffice_1v\target\site\serenity\aa2c571ceb40f088b60c880106363b2144382b5d92fa7c2b9a7a2bb5296d8541.png
09:45:22.276 [Test worker] DEBUG net.thucydides.core.steps.StepInterceptor - STEP DONE: {0} enters #theTextAsAString into #target
09:45:22.290 [Test worker] DEBUG net.thucydides.core.steps.StepInterceptor - STARTING STEP: Crear.performAs - {0} clicks on #target
09:45:22.290 [Test worker] DEBUG net.serenitybdd.screenplay.targets.IFrameSwitcher - default content already selected for boton para solicitar creación del sorteo
09:45:22.354 [Forwarding findElement on session 6626572912d7dee2ecd67c17986ddc0f to remote] DEBUG org.asynchttpclient.netty.request.NettyRequestSender - Using pooled Channel '[id: 0x1a7bf238, L:/127.0.0.1:52501 - R:localhost/127.0.0.1:51630]' for 'POST' to 'http://localhost:51630/session/6626572912d7dee2ecd67c17986ddc0f/element'
09:45:22.354 [Forwarding findElement on session 6626572912d7dee2ecd67c17986ddc0f to remote] DEBUG org.asynchttpclient.netty.request.NettyRequestSender - Using open Channel [id: 0x1a7bf238, L:/127.0.0.1:52501 - R:localhost/127.0.0.1:51630] for POST '/session/6626572912d7dee2ecd67c17986ddc0f/element'
09:45:22.364 [AsyncHttpClient-1-2] DEBUG org.asynchttpclient.netty.handler.HttpHandler - 

Request DefaultHttpRequest(decodeResult: success, version: HTTP/1.1)
POST /session/6626572912d7dee2ecd67c17986ddc0f/element HTTP/1.1
User-Agent: selenium/4.1.2 (java windows)
Content-Length: 99
Content-Type: application/json; charset=utf-8
host: localhost:51630
accept: */*

Response DefaultHttpResponse(decodeResult: success, version: HTTP/1.1)
HTTP/1.1 200 OK
Content-Type: application/json; charset=utf-8
cache-control: no-cache
content-length: 88

09:45:22.364 [AsyncHttpClient-1-2] DEBUG org.asynchttpclient.netty.channel.ChannelManager - Adding key: http://localhost:51630 for channel [id: 0x1a7bf238, L:/127.0.0.1:52501 - R:localhost/127.0.0.1:51630]
09:45:22.376 [Forwarding isElementDisplayed on session 6626572912d7dee2ecd67c17986ddc0f to remote] DEBUG org.asynchttpclient.netty.request.NettyRequestSender - Using pooled Channel '[id: 0x1a7bf238, L:/127.0.0.1:52501 - R:localhost/127.0.0.1:51630]' for 'POST' to 'http://localhost:51630/session/6626572912d7dee2ecd67c17986ddc0f/execute/sync'
09:45:22.376 [Forwarding isElementDisplayed on session 6626572912d7dee2ecd67c17986ddc0f to remote] DEBUG org.asynchttpclient.netty.request.NettyRequestSender - Using open Channel [id: 0x1a7bf238, L:/127.0.0.1:52501 - R:localhost/127.0.0.1:51630] for POST '/session/6626572912d7dee2ecd67c17986ddc0f/execute/sync'
09:45:22.384 [AsyncHttpClient-1-2] DEBUG org.asynchttpclient.netty.handler.HttpHandler - 

Request DefaultHttpRequest(decodeResult: success, version: HTTP/1.1)
POST /session/6626572912d7dee2ecd67c17986ddc0f/execute/sync HTTP/1.1
User-Agent: selenium/4.1.2 (java windows)
Content-Length: 48780
Content-Type: application/json; charset=utf-8
host: localhost:51630
accept: */*

Response DefaultHttpResponse(decodeResult: success, version: HTTP/1.1)
HTTP/1.1 200 OK
Content-Type: application/json; charset=utf-8
cache-control: no-cache
content-length: 14

09:45:22.384 [AsyncHttpClient-1-2] DEBUG org.asynchttpclient.netty.channel.ChannelManager - Adding key: http://localhost:51630 for channel [id: 0x1a7bf238, L:/127.0.0.1:52501 - R:localhost/127.0.0.1:51630]
09:45:22.402 [Forwarding findElement on session 6626572912d7dee2ecd67c17986ddc0f to remote] DEBUG org.asynchttpclient.netty.request.NettyRequestSender - Using pooled Channel '[id: 0x1a7bf238, L:/127.0.0.1:52501 - R:localhost/127.0.0.1:51630]' for 'POST' to 'http://localhost:51630/session/6626572912d7dee2ecd67c17986ddc0f/element'
09:45:22.402 [Forwarding findElement on session 6626572912d7dee2ecd67c17986ddc0f to remote] DEBUG org.asynchttpclient.netty.request.NettyRequestSender - Using open Channel [id: 0x1a7bf238, L:/127.0.0.1:52501 - R:localhost/127.0.0.1:51630] for POST '/session/6626572912d7dee2ecd67c17986ddc0f/element'
09:45:22.409 [AsyncHttpClient-1-2] DEBUG org.asynchttpclient.netty.handler.HttpHandler - 

Request DefaultHttpRequest(decodeResult: success, version: HTTP/1.1)
POST /session/6626572912d7dee2ecd67c17986ddc0f/element HTTP/1.1
User-Agent: selenium/4.1.2 (java windows)
Content-Length: 99
Content-Type: application/json; charset=utf-8
host: localhost:51630
accept: */*

Response DefaultHttpResponse(decodeResult: success, version: HTTP/1.1)
HTTP/1.1 200 OK
Content-Type: application/json; charset=utf-8
cache-control: no-cache
content-length: 88

09:45:22.410 [AsyncHttpClient-1-2] DEBUG org.asynchttpclient.netty.channel.ChannelManager - Adding key: http://localhost:51630 for channel [id: 0x1a7bf238, L:/127.0.0.1:52501 - R:localhost/127.0.0.1:51630]
09:45:22.411 [Forwarding clickElement on session 6626572912d7dee2ecd67c17986ddc0f to remote] DEBUG org.asynchttpclient.netty.request.NettyRequestSender - Using pooled Channel '[id: 0x1a7bf238, L:/127.0.0.1:52501 - R:localhost/127.0.0.1:51630]' for 'POST' to 'http://localhost:51630/session/6626572912d7dee2ecd67c17986ddc0f/element/cbecdec8-19f4-4476-b06e-0eea4b189f31/click'
09:45:22.411 [Forwarding clickElement on session 6626572912d7dee2ecd67c17986ddc0f to remote] DEBUG org.asynchttpclient.netty.request.NettyRequestSender - Using open Channel [id: 0x1a7bf238, L:/127.0.0.1:52501 - R:localhost/127.0.0.1:51630] for POST '/session/6626572912d7dee2ecd67c17986ddc0f/element/cbecdec8-19f4-4476-b06e-0eea4b189f31/click'
09:45:22.449 [AsyncHttpClient-1-2] DEBUG org.asynchttpclient.netty.handler.HttpHandler - 

Request DefaultHttpRequest(decodeResult: success, version: HTTP/1.1)
POST /session/6626572912d7dee2ecd67c17986ddc0f/element/cbecdec8-19f4-4476-b06e-0eea4b189f31/click HTTP/1.1
User-Agent: selenium/4.1.2 (java windows)
Content-Length: 50
Content-Type: application/json; charset=utf-8
host: localhost:51630
accept: */*

Response DefaultHttpResponse(decodeResult: success, version: HTTP/1.1)
HTTP/1.1 200 OK
Content-Type: application/json; charset=utf-8
cache-control: no-cache
content-length: 14

09:45:22.449 [AsyncHttpClient-1-2] DEBUG org.asynchttpclient.netty.channel.ChannelManager - Adding key: http://localhost:51630 for channel [id: 0x1a7bf238, L:/127.0.0.1:52501 - R:localhost/127.0.0.1:51630]
09:45:22.466 [Forwarding screenshot on session 6626572912d7dee2ecd67c17986ddc0f to remote] DEBUG org.asynchttpclient.netty.request.NettyRequestSender - Using pooled Channel '[id: 0x1a7bf238, L:/127.0.0.1:52501 - R:localhost/127.0.0.1:51630]' for 'GET' to 'http://localhost:51630/session/6626572912d7dee2ecd67c17986ddc0f/screenshot'
09:45:22.466 [Forwarding screenshot on session 6626572912d7dee2ecd67c17986ddc0f to remote] DEBUG org.asynchttpclient.netty.request.NettyRequestSender - Using open Channel [id: 0x1a7bf238, L:/127.0.0.1:52501 - R:localhost/127.0.0.1:51630] for GET '/session/6626572912d7dee2ecd67c17986ddc0f/screenshot'
09:45:22.589 [AsyncHttpClient-1-2] DEBUG org.asynchttpclient.netty.handler.HttpHandler - 

Request DefaultFullHttpRequest(decodeResult: success, version: HTTP/1.1, content: EmptyByteBufBE)
GET /session/6626572912d7dee2ecd67c17986ddc0f/screenshot HTTP/1.1
User-Agent: selenium/4.1.2 (java windows)
Cache-Control: no-cache
Content-Type: application/json; charset=utf-8
host: localhost:51630
accept: */*

Response DefaultHttpResponse(decodeResult: success, version: HTTP/1.1)
HTTP/1.1 200 OK
Content-Type: application/json; charset=utf-8
cache-control: no-cache
content-length: 206140

09:45:22.589 [AsyncHttpClient-1-2] DEBUG org.asynchttpclient.netty.channel.ChannelManager - Adding key: http://localhost:51630 for channel [id: 0x1a7bf238, L:/127.0.0.1:52501 - R:localhost/127.0.0.1:51630]
09:45:22.596 [Test worker] DEBUG net.serenitybdd.core.photography.Darkroom - Send negative for processing for C:\Users\johan\OneDrive\Documentos\KONEX\Pruebas automatizadas\automatizacion_login_backoffice_1v\target\site\serenity\82a5633f3f4c7593ce6a5f912ec24325705ee55e163947f46064fd59ed207644.png
09:45:22.596 [Darkroom Processing Line] DEBUG net.serenitybdd.core.photography.DarkroomProcessingLine - Processing screenshot image in /var/screenshots/screenshot-3689168166761357603
09:45:22.596 [Darkroom Processing Line] DEBUG net.serenitybdd.core.photography.DarkroomProcessingLine - Saving screenshot to C:\Users\johan\OneDrive\Documentos\KONEX\Pruebas automatizadas\automatizacion_login_backoffice_1v\target\site\serenity\82a5633f3f4c7593ce6a5f912ec24325705ee55e163947f46064fd59ed207644.png
09:45:22.613 [Test worker] DEBUG net.thucydides.core.steps.StepInterceptor - STEP DONE: {0} clicks on #target
09:45:22.639 [Test worker] DEBUG net.thucydides.core.steps.StepInterceptor - STEP DONE: performAs
09:45:22.662 [Forwarding screenshot on session 6626572912d7dee2ecd67c17986ddc0f to remote] DEBUG org.asynchttpclient.netty.request.NettyRequestSender - Using pooled Channel '[id: 0x1a7bf238, L:/127.0.0.1:52501 - R:localhost/127.0.0.1:51630]' for 'GET' to 'http://localhost:51630/session/6626572912d7dee2ecd67c17986ddc0f/screenshot'
09:45:22.662 [Forwarding screenshot on session 6626572912d7dee2ecd67c17986ddc0f to remote] DEBUG org.asynchttpclient.netty.request.NettyRequestSender - Using open Channel [id: 0x1a7bf238, L:/127.0.0.1:52501 - R:localhost/127.0.0.1:51630] for GET '/session/6626572912d7dee2ecd67c17986ddc0f/screenshot'
09:45:22.735 [AsyncHttpClient-1-1] DEBUG org.asynchttpclient.netty.channel.DefaultChannelPool - Entry count for : http://localhost:52503 : 1
09:45:22.813 [AsyncHttpClient-1-2] DEBUG org.asynchttpclient.netty.handler.HttpHandler - 

Request DefaultFullHttpRequest(decodeResult: success, version: HTTP/1.1, content: EmptyByteBufBE)
GET /session/6626572912d7dee2ecd67c17986ddc0f/screenshot HTTP/1.1
User-Agent: selenium/4.1.2 (java windows)
Cache-Control: no-cache
Content-Type: application/json; charset=utf-8
host: localhost:51630
accept: */*

Response DefaultHttpResponse(decodeResult: success, version: HTTP/1.1)
HTTP/1.1 200 OK
Content-Type: application/json; charset=utf-8
cache-control: no-cache
content-length: 205712

09:45:22.814 [AsyncHttpClient-1-2] DEBUG org.asynchttpclient.netty.channel.ChannelManager - Adding key: http://localhost:51630 for channel [id: 0x1a7bf238, L:/127.0.0.1:52501 - R:localhost/127.0.0.1:51630]
09:45:22.821 [Test worker] DEBUG net.serenitybdd.core.photography.Darkroom - Send negative for processing for C:\Users\johan\OneDrive\Documentos\KONEX\Pruebas automatizadas\automatizacion_login_backoffice_1v\target\site\serenity\8ec3ed0b823dc90b14f7824177b3c6db512eaa4179a7d70309cd483ed005689a.png
09:45:22.822 [Darkroom Processing Line] DEBUG net.serenitybdd.core.photography.DarkroomProcessingLine - Processing screenshot image in /var/screenshots/screenshot-4515249473808880278
09:45:22.822 [Darkroom Processing Line] DEBUG net.serenitybdd.core.photography.DarkroomProcessingLine - Saving screenshot to C:\Users\johan\OneDrive\Documentos\KONEX\Pruebas automatizadas\automatizacion_login_backoffice_1v\target\site\serenity\8ec3ed0b823dc90b14f7824177b3c6db512eaa4179a7d70309cd483ed005689a.png
09:45:22.989 [Forwarding screenshot on session 6626572912d7dee2ecd67c17986ddc0f to remote] DEBUG org.asynchttpclient.netty.request.NettyRequestSender - Using pooled Channel '[id: 0x1a7bf238, L:/127.0.0.1:52501 - R:localhost/127.0.0.1:51630]' for 'GET' to 'http://localhost:51630/session/6626572912d7dee2ecd67c17986ddc0f/screenshot'
09:45:22.989 [Forwarding screenshot on session 6626572912d7dee2ecd67c17986ddc0f to remote] DEBUG org.asynchttpclient.netty.request.NettyRequestSender - Using open Channel [id: 0x1a7bf238, L:/127.0.0.1:52501 - R:localhost/127.0.0.1:51630] for GET '/session/6626572912d7dee2ecd67c17986ddc0f/screenshot'
09:45:23.146 [AsyncHttpClient-1-2] DEBUG org.asynchttpclient.netty.handler.HttpHandler - 

Request DefaultFullHttpRequest(decodeResult: success, version: HTTP/1.1, content: EmptyByteBufBE)
GET /session/6626572912d7dee2ecd67c17986ddc0f/screenshot HTTP/1.1
User-Agent: selenium/4.1.2 (java windows)
Cache-Control: no-cache
Content-Type: application/json; charset=utf-8
host: localhost:51630
accept: */*

Response DefaultHttpResponse(decodeResult: success, version: HTTP/1.1)
HTTP/1.1 200 OK
Content-Type: application/json; charset=utf-8
cache-control: no-cache
content-length: 205408

09:45:23.146 [AsyncHttpClient-1-2] DEBUG org.asynchttpclient.netty.channel.ChannelManager - Adding key: http://localhost:51630 for channel [id: 0x1a7bf238, L:/127.0.0.1:52501 - R:localhost/127.0.0.1:51630]
09:45:23.156 [Test worker] DEBUG net.serenitybdd.core.photography.Darkroom - Send negative for processing for C:\Users\johan\OneDrive\Documentos\KONEX\Pruebas automatizadas\automatizacion_login_backoffice_1v\target\site\serenity\00c1a90c05768efb87d259f6183aae820b0bf798b1a8202459bcae33e58baab4.png
09:45:23.157 [Darkroom Processing Line] DEBUG net.serenitybdd.core.photography.DarkroomProcessingLine - Processing screenshot image in /var/screenshots/screenshot-243253506557220763
09:45:23.157 [Darkroom Processing Line] DEBUG net.serenitybdd.core.photography.DarkroomProcessingLine - Saving screenshot to C:\Users\johan\OneDrive\Documentos\KONEX\Pruebas automatizadas\automatizacion_login_backoffice_1v\target\site\serenity\00c1a90c05768efb87d259f6183aae820b0bf798b1a8202459bcae33e58baab4.png
09:45:23.177 [Test worker] DEBUG net.serenitybdd.screenplay.targets.IFrameSwitcher - default content already selected for mensaje de solicitud enviada exitosamente
09:45:23.188 [Forwarding findElements on session 6626572912d7dee2ecd67c17986ddc0f to remote] DEBUG org.asynchttpclient.netty.request.NettyRequestSender - Using pooled Channel '[id: 0x1a7bf238, L:/127.0.0.1:52501 - R:localhost/127.0.0.1:51630]' for 'POST' to 'http://localhost:51630/session/6626572912d7dee2ecd67c17986ddc0f/elements'
09:45:23.188 [Forwarding findElements on session 6626572912d7dee2ecd67c17986ddc0f to remote] DEBUG org.asynchttpclient.netty.request.NettyRequestSender - Using open Channel [id: 0x1a7bf238, L:/127.0.0.1:52501 - R:localhost/127.0.0.1:51630] for POST '/session/6626572912d7dee2ecd67c17986ddc0f/elements'
09:45:23.475 [AsyncHttpClient-1-2] DEBUG org.asynchttpclient.netty.handler.HttpHandler - 

Request DefaultHttpRequest(decodeResult: success, version: HTTP/1.1)
POST /session/6626572912d7dee2ecd67c17986ddc0f/elements HTTP/1.1
User-Agent: selenium/4.1.2 (java windows)
Content-Length: 158
Content-Type: application/json; charset=utf-8
host: localhost:51630
accept: */*

Response DefaultHttpResponse(decodeResult: success, version: HTTP/1.1)
HTTP/1.1 200 OK
Content-Type: application/json; charset=utf-8
cache-control: no-cache
content-length: 90

09:45:23.475 [AsyncHttpClient-1-2] DEBUG org.asynchttpclient.netty.channel.ChannelManager - Adding key: http://localhost:51630 for channel [id: 0x1a7bf238, L:/127.0.0.1:52501 - R:localhost/127.0.0.1:51630]
09:45:23.496 [Forwarding getElementText on session 6626572912d7dee2ecd67c17986ddc0f to remote] DEBUG org.asynchttpclient.netty.request.NettyRequestSender - Using pooled Channel '[id: 0x1a7bf238, L:/127.0.0.1:52501 - R:localhost/127.0.0.1:51630]' for 'GET' to 'http://localhost:51630/session/6626572912d7dee2ecd67c17986ddc0f/element/d7b5a3da-34a9-4f8e-b413-62c483cd67c1/text'
09:45:23.497 [Forwarding getElementText on session 6626572912d7dee2ecd67c17986ddc0f to remote] DEBUG org.asynchttpclient.netty.request.NettyRequestSender - Using open Channel [id: 0x1a7bf238, L:/127.0.0.1:52501 - R:localhost/127.0.0.1:51630] for GET '/session/6626572912d7dee2ecd67c17986ddc0f/element/d7b5a3da-34a9-4f8e-b413-62c483cd67c1/text'
09:45:23.511 [AsyncHttpClient-1-2] DEBUG org.asynchttpclient.netty.handler.HttpHandler - 

Request DefaultFullHttpRequest(decodeResult: success, version: HTTP/1.1, content: EmptyByteBufBE)
GET /session/6626572912d7dee2ecd67c17986ddc0f/element/d7b5a3da-34a9-4f8e-b413-62c483cd67c1/text HTTP/1.1
User-Agent: selenium/4.1.2 (java windows)
Cache-Control: no-cache
Content-Type: application/json; charset=utf-8
host: localhost:51630
accept: */*

Response DefaultHttpResponse(decodeResult: success, version: HTTP/1.1)
HTTP/1.1 200 OK
Content-Type: application/json; charset=utf-8
cache-control: no-cache
content-length: 97

09:45:23.511 [AsyncHttpClient-1-2] DEBUG org.asynchttpclient.netty.channel.ChannelManager - Adding key: http://localhost:51630 for channel [id: 0x1a7bf238, L:/127.0.0.1:52501 - R:localhost/127.0.0.1:51630]
09:45:23.525 [Forwarding screenshot on session 6626572912d7dee2ecd67c17986ddc0f to remote] DEBUG org.asynchttpclient.netty.request.NettyRequestSender - Using pooled Channel '[id: 0x1a7bf238, L:/127.0.0.1:52501 - R:localhost/127.0.0.1:51630]' for 'GET' to 'http://localhost:51630/session/6626572912d7dee2ecd67c17986ddc0f/screenshot'
09:45:23.525 [Forwarding screenshot on session 6626572912d7dee2ecd67c17986ddc0f to remote] DEBUG org.asynchttpclient.netty.request.NettyRequestSender - Using open Channel [id: 0x1a7bf238, L:/127.0.0.1:52501 - R:localhost/127.0.0.1:51630] for GET '/session/6626572912d7dee2ecd67c17986ddc0f/screenshot'
09:45:23.676 [AsyncHttpClient-1-2] DEBUG org.asynchttpclient.netty.handler.HttpHandler - 

Request DefaultFullHttpRequest(decodeResult: success, version: HTTP/1.1, content: EmptyByteBufBE)
GET /session/6626572912d7dee2ecd67c17986ddc0f/screenshot HTTP/1.1
User-Agent: selenium/4.1.2 (java windows)
Cache-Control: no-cache
Content-Type: application/json; charset=utf-8
host: localhost:51630
accept: */*

Response DefaultHttpResponse(decodeResult: success, version: HTTP/1.1)
HTTP/1.1 200 OK
Content-Type: application/json; charset=utf-8
cache-control: no-cache
content-length: 145956

09:45:23.676 [AsyncHttpClient-1-2] DEBUG org.asynchttpclient.netty.channel.ChannelManager - Adding key: http://localhost:51630 for channel [id: 0x1a7bf238, L:/127.0.0.1:52501 - R:localhost/127.0.0.1:51630]
09:45:23.681 [Test worker] DEBUG net.serenitybdd.core.photography.Darkroom - Send negative for processing for C:\Users\johan\OneDrive\Documentos\KONEX\Pruebas automatizadas\automatizacion_login_backoffice_1v\target\site\serenity\66faffb5459285da82d5c81ff6490319edc8bf5c45511e4ec91c303b2dbeddd0.png
09:45:23.682 [Darkroom Processing Line] DEBUG net.serenitybdd.core.photography.DarkroomProcessingLine - Processing screenshot image in /var/screenshots/screenshot-8053750896055459174
09:45:23.682 [Darkroom Processing Line] DEBUG net.serenitybdd.core.photography.DarkroomProcessingLine - Saving screenshot to C:\Users\johan\OneDrive\Documentos\KONEX\Pruebas automatizadas\automatizacion_login_backoffice_1v\target\site\serenity\66faffb5459285da82d5c81ff6490319edc8bf5c45511e4ec91c303b2dbeddd0.png
09:45:23.705 [Test worker] INFO  - 
  _____   ___   ___   _____     ___     _     ___   ___   ___   ___  
 |_   _| | __| / __| |_   _|   | _ \   /_\   / __| / __| | __| |   \ 
   | |   | _|  \__ \   | |     |  _/  / _ \  \__ \ \__ \ | _|  | |) |
   |_|   |___| |___/   |_|     |_|   /_/ \_\ |___/ |___/ |___| |___/ 

Validar la creacion correcta de un sorteo
----------------------------------------------------------------------
09:45:23.801 [Driver Command Executor] DEBUG org.asynchttpclient.netty.request.NettyRequestSender - Using pooled Channel '[id: 0x1a7bf238, L:/127.0.0.1:52501 - R:localhost/127.0.0.1:51630]' for 'DELETE' to 'http://localhost:51630/session/6626572912d7dee2ecd67c17986ddc0f'
09:45:23.801 [Driver Command Executor] DEBUG org.asynchttpclient.netty.request.NettyRequestSender - Using open Channel [id: 0x1a7bf238, L:/127.0.0.1:52501 - R:localhost/127.0.0.1:51630] for DELETE '/session/6626572912d7dee2ecd67c17986ddc0f'
09:45:23.805 [AsyncHttpClient-1-4] DEBUG org.asynchttpclient.netty.handler.WebSocketHandler - Channel Closed: [id: 0xbbd944df, L:/127.0.0.1:52510 ! R:localhost/127.0.0.1:52503] with attribute NettyResponseFuture{currentRetry=5,
	isDone=1,
	isCancelled=0,
	asyncHandler=org.asynchttpclient.ws.WebSocketUpgradeHandler@33bc67d2,
	nettyRequest=org.asynchttpclient.netty.request.NettyRequest@4a4e790f,
	future=java.util.concurrent.CompletableFuture@6419cc5e[Completed normally],
	uri=ws://localhost:52503/devtools/browser/5886a848-268a-4abb-afc4-f48a91480b73,
	keepAlive=true,
	redirectCount=0,
	timeoutsHolder=null,
	inAuth=0,
	touch=1681483496933}
09:45:23.806 [AsyncHttpClient-1-4] DEBUG org.asynchttpclient.netty.channel.ChannelManager - Closing Channel [id: 0xbbd944df, L:/127.0.0.1:52510 ! R:localhost/127.0.0.1:52503] 
09:45:23.839 [AsyncHttpClient-1-1] DEBUG org.asynchttpclient.netty.channel.DefaultChannelPool - Entry count for : http://localhost:52503 : 1
09:45:23.848 [AsyncHttpClient-1-3] DEBUG org.asynchttpclient.netty.handler.HttpHandler - Unexpected I/O exception on channel [id: 0x21857ee2, L:/127.0.0.1:52509 - R:localhost/127.0.0.1:52503]
java.io.IOException: Se ha forzado la interrupción de una conexión existente por el host remoto
	at sun.nio.ch.SocketDispatcher.read0(Native Method)
	at sun.nio.ch.SocketDispatcher.read(SocketDispatcher.java:43)
	at sun.nio.ch.IOUtil.readIntoNativeBuffer(IOUtil.java:223)
	at sun.nio.ch.IOUtil.read(IOUtil.java:192)
	at sun.nio.ch.SocketChannelImpl.read(SocketChannelImpl.java:380)
	at io.netty.buffer.PooledByteBuf.setBytes(PooledByteBuf.java:258)
	at io.netty.buffer.AbstractByteBuf.writeBytes(AbstractByteBuf.java:1132)
	at io.netty.channel.socket.nio.NioSocketChannel.doReadBytes(NioSocketChannel.java:350)
	at io.netty.channel.nio.AbstractNioByteChannel$NioByteUnsafe.read(AbstractNioByteChannel.java:151)
	at io.netty.channel.nio.NioEventLoop.processSelectedKey(NioEventLoop.java:722)
	at io.netty.channel.nio.NioEventLoop.processSelectedKeysOptimized(NioEventLoop.java:658)
	at io.netty.channel.nio.NioEventLoop.processSelectedKeys(NioEventLoop.java:584)
	at io.netty.channel.nio.NioEventLoop.run(NioEventLoop.java:496)
	at io.netty.util.concurrent.SingleThreadEventExecutor$4.run(SingleThreadEventExecutor.java:986)
	at io.netty.util.internal.ThreadExecutorMap$2.run(ThreadExecutorMap.java:74)
	at io.netty.util.concurrent.FastThreadLocalRunnable.run(FastThreadLocalRunnable.java:30)
	at java.lang.Thread.run(Thread.java:748)
09:45:23.848 [AsyncHttpClient-1-3] DEBUG org.asynchttpclient.netty.channel.ChannelManager - Closing Channel [id: 0x21857ee2, L:/127.0.0.1:52509 - R:localhost/127.0.0.1:52503] 
09:45:23.851 [AsyncHttpClient-1-3] DEBUG org.asynchttpclient.netty.handler.HttpHandler - Channel Closed: [id: 0x21857ee2, L:/127.0.0.1:52509 ! R:localhost/127.0.0.1:52503] with attribute DISCARD
09:45:23.864 [AsyncHttpClient-1-2] DEBUG org.asynchttpclient.netty.handler.HttpHandler - 

Request DefaultFullHttpRequest(decodeResult: success, version: HTTP/1.1, content: EmptyByteBufBE)
DELETE /session/6626572912d7dee2ecd67c17986ddc0f HTTP/1.1
User-Agent: selenium/4.1.2 (java windows)
Content-Type: application/json; charset=utf-8
host: localhost:51630
accept: */*

Response DefaultHttpResponse(decodeResult: success, version: HTTP/1.1)
HTTP/1.1 200 OK
Content-Type: application/json; charset=utf-8
cache-control: no-cache
content-length: 14

09:45:23.865 [AsyncHttpClient-1-2] DEBUG org.asynchttpclient.netty.channel.ChannelManager - Adding key: http://localhost:51630 for channel [id: 0x1a7bf238, L:/127.0.0.1:52501 - R:localhost/127.0.0.1:51630]
09:45:23.947 [AsyncHttpClient-1-2] DEBUG org.asynchttpclient.netty.handler.HttpHandler - Channel Closed: [id: 0x1a7bf238, L:/127.0.0.1:52501 ! R:localhost/127.0.0.1:51630] with attribute DISCARD
09:45:24.475 [Test worker] DEBUG net.thucydides.core.reports.ReportService - Reporting formats: [JSON, HTML]
09:45:24.591 [Test worker] DEBUG net.thucydides.core.reports.ReportService - Reporting formats: [JSON, HTML]
09:45:24.641 [Test worker] DEBUG net.thucydides.core.reports.ReportService - Generating reports for 1 test outcomes using: net.thucydides.core.reports.json.JSONTestOutcomeReporter@aee05f4
09:45:24.648 [pool-1-thread-1] DEBUG net.thucydides.core.reports.ReportService - Processing test outcome Administracion de sorteos:Validar la creacion correcta de un sorteo
09:45:24.649 [pool-1-thread-1] DEBUG net.thucydides.core.reports.ReportService - net.thucydides.core.reports.json.JSONTestOutcomeReporter@aee05f4: Generating report for test outcome: Administracion de sorteos:Validar la creacion correcta de un sorteo
09:45:24.655 [pool-1-thread-1] DEBUG net.thucydides.core.reports.json.JSONTestOutcomeReporter - Generating JSON report for Validar la creacion correcta de un sorteo to file C:\Users\johan\OneDrive\Documentos\KONEX\Pruebas automatizadas\automatizacion_login_backoffice_1v\target\site\serenity\caf3e313004110f476018879aa0d15d9a347af50dffde77f9edea79176581963.json (using temp file C:\Users\johan\OneDrive\Documentos\KONEX\Pruebas automatizadas\automatizacion_login_backoffice_1v\target\site\serenity\caf3e313004110f476018879aa0d15d9a347af50dffde77f9edea79176581963.json9511e9a1-d994-47b5-8c83-ef8c93bbddc0)
09:45:24.750 [pool-1-thread-1] DEBUG net.thucydides.core.reports.ReportService - Processing test outcome Administracion de sorteos:Validar la creacion correcta de un sorteo done
09:45:24.750 [Test worker] DEBUG net.thucydides.core.reports.ReportService - Shutting down executor service
09:45:24.750 [Test worker] DEBUG net.thucydides.core.reports.ReportService - Reports generated in: 109 ms
09:45:24.750 [Test worker] DEBUG net.thucydides.core.reports.ReportService - Generating reports for 1 test outcomes using: net.thucydides.core.reports.html.HtmlAcceptanceTestReporter@6b7c4734
09:45:24.751 [pool-2-thread-1] DEBUG net.thucydides.core.reports.ReportService - Processing test outcome Administracion de sorteos:Validar la creacion correcta de un sorteo
09:45:24.751 [pool-2-thread-1] DEBUG net.thucydides.core.reports.ReportService - net.thucydides.core.reports.html.HtmlAcceptanceTestReporter@6b7c4734: Generating report for test outcome: Administracion de sorteos:Validar la creacion correcta de un sorteo
09:45:24.934 [AsyncHttpClient-1-1] DEBUG org.asynchttpclient.netty.channel.DefaultChannelPool - Entry count for : http://localhost:52503 : 1
09:45:24.934 [AsyncHttpClient-1-1] DEBUG org.asynchttpclient.netty.channel.DefaultChannelPool - Entry count for : http://localhost:51630 : 1
09:45:24.934 [AsyncHttpClient-1-1] DEBUG org.asynchttpclient.netty.channel.DefaultChannelPool - Adding Candidate expired Channel [id: 0x21857ee2, L:/127.0.0.1:52509 ! R:localhost/127.0.0.1:52503] isIdleTimeoutExpired=false isRemotelyClosed=true isTtlExpired=false
09:45:24.934 [AsyncHttpClient-1-1] DEBUG org.asynchttpclient.netty.channel.DefaultChannelPool - Closing Idle Channel [id: 0x21857ee2, L:/127.0.0.1:52509 ! R:localhost/127.0.0.1:52503]
09:45:24.934 [AsyncHttpClient-1-1] DEBUG org.asynchttpclient.netty.channel.DefaultChannelPool - Adding Candidate expired Channel [id: 0x1a7bf238, L:/127.0.0.1:52501 ! R:localhost/127.0.0.1:51630] isIdleTimeoutExpired=false isRemotelyClosed=true isTtlExpired=false
09:45:24.934 [AsyncHttpClient-1-1] DEBUG org.asynchttpclient.netty.channel.DefaultChannelPool - Closing Idle Channel [id: 0x1a7bf238, L:/127.0.0.1:52501 ! R:localhost/127.0.0.1:51630]
09:45:24.934 [AsyncHttpClient-1-1] DEBUG org.asynchttpclient.netty.channel.DefaultChannelPool - Closed 2 connections out of 2 in 0 ms
09:45:29.986 [pool-2-thread-1] DEBUG net.thucydides.core.reports.ReportService - Processing test outcome Administracion de sorteos:Validar la creacion correcta de un sorteo done
09:45:29.987 [Test worker] DEBUG net.thucydides.core.reports.ReportService - Shutting down executor service
09:45:29.987 [Test worker] DEBUG net.thucydides.core.reports.ReportService - Reports generated in: 5237 ms
09:45:30.297 [Test worker] DEBUG net.serenitybdd.core.photography.Darkroom - Closing darkroom
09:45:30.297 [Darkroom Processing Line] DEBUG net.serenitybdd.core.photography.DarkroomProcessingLine - Darkroom processing line shutting down
09:45:30.302 [Test worker] DEBUG net.serenitybdd.core.photography.Darkroom - Closing darkroom
]]></system-out>
  <system-err><![CDATA[Starting ChromeDriver 112.0.5615.49 (bd2a7bcb881c11e8cfe3078709382934e3916914-refs/branch-heads/5615@{#936}) on port 51630
Only local connections are allowed.
Please see https://chromedriver.chromium.org/security-considerations for suggestions on keeping ChromeDriver safe.
ChromeDriver was started successfully.
abr 14, 2023 9:44:56 AM org.openqa.selenium.remote.ProtocolHandshake createSession
INFORMACIÓN: Detected dialect: W3C
abr 14, 2023 9:44:56 AM org.openqa.selenium.devtools.CdpVersionFinder findNearestMatch
ADVERTENCIA: Unable to find an exact match for CDP version 112, so returning the closest version found: a no-op implementation
abr 14, 2023 9:44:56 AM org.openqa.selenium.devtools.CdpVersionFinder findNearestMatch
INFORMACIÓN: Unable to find CDP implementation matching 112.
abr 14, 2023 9:44:56 AM org.openqa.selenium.chromium.ChromiumDriver lambda$new$3
ADVERTENCIA: Unable to find version of CDP to use for . You may need to include a dependency on a specific version of the CDP using something similar to `org.seleniumhq.selenium:selenium-devtools-v86:4.1.2` where the version ("v86") matches the version of the chromium-based browser you're using and the version number of the artifact is the same as Selenium's.
]]></system-err>
</testsuite>
